ARM GAS  C:\Users\jenny\AppData\Local\Temp\ccror2qT.s 			page 1


   1              		.syntax unified
   2              		.cpu cortex-m4
   3              		.eabi_attribute 27, 3
   4              		.fpu fpv4-sp-d16
   5              		.eabi_attribute 20, 1
   6              		.eabi_attribute 21, 1
   7              		.eabi_attribute 23, 3
   8              		.eabi_attribute 24, 1
   9              		.eabi_attribute 25, 1
  10              		.eabi_attribute 26, 1
  11              		.eabi_attribute 30, 2
  12              		.eabi_attribute 34, 1
  13              		.eabi_attribute 18, 4
  14              		.thumb
  15              		.file	"ccsbcs.c"
  16              		.text
  17              	.Ltext0:
  18              		.cfi_sections	.debug_frame
  19              		.section	.text.ff_convert,"ax",%progbits
  20              		.align	2
  21              		.p2align 4,,15
  22              		.global	ff_convert
  23              		.thumb
  24              		.thumb_func
  25              		.type	ff_convert, %function
  26              	ff_convert:
  27              	.LFB7:
  28              		.file 1 "../../ext/fatfs/src/option/ccsbcs.c"
  29              		.loc 1 505 0
  30              		.cfi_startproc
  31              		@ args = 0, pretend = 0, frame = 0
  32              		@ frame_needed = 0, uses_anonymous_args = 0
  33              		@ link register save eliminated.
  34              	.LVL0:
  35              		.loc 1 509 0
  36 0000 7F28     		cmp	r0, #127
  37              		.loc 1 505 0
  38 0002 30B4     		push	{r4, r5}
  39              	.LCFI0:
  40              		.cfi_def_cfa_offset 8
  41              		.cfi_offset 4, -8
  42              		.cfi_offset 5, -4
  43              		.loc 1 509 0
  44 0004 14D9     		bls	.L2
  45              		.loc 1 513 0
  46 0006 A9B9     		cbnz	r1, .L15
  47 0008 0F4B     		ldr	r3, .L16
  48 000a 07E0     		b	.L6
  49              	.LVL1:
  50              	.L4:
  51              		.loc 1 518 0
  52 000c 5288     		ldrh	r2, [r2, #2]
  53              		.loc 1 517 0
  54 000e A9B2     		uxth	r1, r5
  55              	.LVL2:
  56 0010 4C1C     		adds	r4, r1, #1
  57              		.loc 1 518 0
ARM GAS  C:\Users\jenny\AppData\Local\Temp\ccror2qT.s 			page 2


  58 0012 8242     		cmp	r2, r0
  59 0014 09D0     		beq	.L12
  60              		.loc 1 517 0
  61 0016 A1B2     		uxth	r1, r4
  62              	.LVL3:
  63 0018 8029     		cmp	r1, #128
  64 001a 12D0     		beq	.L8
  65              	.LVL4:
  66              	.L6:
  67              		.loc 1 518 0
  68 001c 5C88     		ldrh	r4, [r3, #2]
  69 001e 9A1C     		adds	r2, r3, #2
  70              		.loc 1 517 0
  71 0020 4D1C     		adds	r5, r1, #1
  72              		.loc 1 518 0
  73 0022 8442     		cmp	r4, r0
  74 0024 02F10203 		add	r3, r2, #2
  75 0028 F0D1     		bne	.L4
  76              	.L12:
  77 002a 01F18000 		add	r0, r1, #128
  78              	.LVL5:
  79 002e 80B2     		uxth	r0, r0
  80              	.L2:
  81              	.LVL6:
  82              		.loc 1 525 0
  83 0030 30BC     		pop	{r4, r5}
  84 0032 7047     		bx	lr
  85              	.LVL7:
  86              	.L15:
  87              		.loc 1 514 0
  88 0034 FF28     		cmp	r0, #255
  89 0036 04D8     		bhi	.L8
  90              		.loc 1 514 0 is_stmt 0 discriminator 1
  91 0038 8038     		subs	r0, r0, #128
  92              	.LVL8:
  93 003a 0449     		ldr	r1, .L16+4
  94              	.LVL9:
  95 003c 31F81000 		ldrh	r0, [r1, r0, lsl #1]
  96 0040 F6E7     		b	.L2
  97              	.LVL10:
  98              	.L8:
  99              		.loc 1 514 0
 100 0042 0020     		movs	r0, #0
 101              	.LVL11:
 102 0044 F4E7     		b	.L2
 103              	.L17:
 104 0046 00BF     		.align	2
 105              	.L16:
 106 0048 FEFFFFFF 		.word	.LANCHOR0-2
 107 004c 00000000 		.word	.LANCHOR0
 108              		.cfi_endproc
 109              	.LFE7:
 110              		.size	ff_convert, .-ff_convert
 111              		.section	.text.ff_wtoupper,"ax",%progbits
 112              		.align	2
 113              		.p2align 4,,15
 114              		.global	ff_wtoupper
ARM GAS  C:\Users\jenny\AppData\Local\Temp\ccror2qT.s 			page 3


 115              		.thumb
 116              		.thumb_func
 117              		.type	ff_wtoupper, %function
 118              	ff_wtoupper:
 119              	.LFB8:
 120              		.loc 1 531 0 is_stmt 1
 121              		.cfi_startproc
 122              		@ args = 0, pretend = 0, frame = 0
 123              		@ frame_needed = 0, uses_anonymous_args = 0
 124              		@ link register save eliminated.
 125              	.LVL12:
 126              		.loc 1 537 0
 127 0000 6128     		cmp	r0, #97
 128 0002 0AD0     		beq	.L22
 129 0004 0749     		ldr	r1, .L29
 130 0006 0022     		movs	r2, #0
 131 0008 01E0     		b	.L21
 132              	.LVL13:
 133              	.L28:
 134              		.loc 1 537 0 is_stmt 0 discriminator 2
 135 000a 8342     		cmp	r3, r0
 136 000c 06D0     		beq	.L19
 137              	.LVL14:
 138              	.L21:
 139              		.loc 1 537 0 discriminator 1
 140 000e 31F8023F 		ldrh	r3, [r1, #2]!
 141 0012 0132     		adds	r2, r2, #1
 142              	.LVL15:
 143 0014 002B     		cmp	r3, #0
 144 0016 F8D1     		bne	.L28
 145              		.loc 1 540 0 is_stmt 1
 146 0018 7047     		bx	lr
 147              	.LVL16:
 148              	.L22:
 149              		.loc 1 537 0
 150 001a 0022     		movs	r2, #0
 151              	.LVL17:
 152              	.L19:
 153              		.loc 1 539 0
 154 001c 0248     		ldr	r0, .L29+4
 155              	.LVL18:
 156 001e 30F81200 		ldrh	r0, [r0, r2, lsl #1]
 157              		.loc 1 540 0
 158 0022 7047     		bx	lr
 159              	.L30:
 160              		.align	2
 161              	.L29:
 162 0024 00000000 		.word	.LANCHOR1
 163 0028 00000000 		.word	.LANCHOR2
 164              		.cfi_endproc
 165              	.LFE8:
 166              		.size	ff_wtoupper, .-ff_wtoupper
 167 002c AFF30080 		.section	.rodata.tbl_upper.5014,"a",%progbits
 168              		.align	2
 169              		.set	.LANCHOR2,. + 0
 170              		.type	tbl_upper.5014, %object
 171              		.size	tbl_upper.5014, 480
ARM GAS  C:\Users\jenny\AppData\Local\Temp\ccror2qT.s 			page 4


 172              	tbl_upper.5014:
 173 0000 4100     		.short	65
 174 0002 4200     		.short	66
 175 0004 4300     		.short	67
 176 0006 4400     		.short	68
 177 0008 4500     		.short	69
 178 000a 4600     		.short	70
 179 000c 4700     		.short	71
 180 000e 4800     		.short	72
 181 0010 4900     		.short	73
 182 0012 4A00     		.short	74
 183 0014 4B00     		.short	75
 184 0016 4C00     		.short	76
 185 0018 4D00     		.short	77
 186 001a 4E00     		.short	78
 187 001c 4F00     		.short	79
 188 001e 5000     		.short	80
 189 0020 5100     		.short	81
 190 0022 5200     		.short	82
 191 0024 5300     		.short	83
 192 0026 5400     		.short	84
 193 0028 5500     		.short	85
 194 002a 5600     		.short	86
 195 002c 5700     		.short	87
 196 002e 5800     		.short	88
 197 0030 5900     		.short	89
 198 0032 5A00     		.short	90
 199 0034 2100     		.short	33
 200 0036 E0FF     		.short	-32
 201 0038 E1FF     		.short	-31
 202 003a E5FF     		.short	-27
 203 003c E2FF     		.short	-30
 204 003e E3FF     		.short	-29
 205 0040 C000     		.short	192
 206 0042 C100     		.short	193
 207 0044 C200     		.short	194
 208 0046 C300     		.short	195
 209 0048 C400     		.short	196
 210 004a C500     		.short	197
 211 004c C600     		.short	198
 212 004e C700     		.short	199
 213 0050 C800     		.short	200
 214 0052 C900     		.short	201
 215 0054 CA00     		.short	202
 216 0056 CB00     		.short	203
 217 0058 CC00     		.short	204
 218 005a CD00     		.short	205
 219 005c CE00     		.short	206
 220 005e CF00     		.short	207
 221 0060 D000     		.short	208
 222 0062 D100     		.short	209
 223 0064 D200     		.short	210
 224 0066 D300     		.short	211
 225 0068 D400     		.short	212
 226 006a D500     		.short	213
 227 006c D600     		.short	214
 228 006e D800     		.short	216
ARM GAS  C:\Users\jenny\AppData\Local\Temp\ccror2qT.s 			page 5


 229 0070 D900     		.short	217
 230 0072 DA00     		.short	218
 231 0074 DB00     		.short	219
 232 0076 DC00     		.short	220
 233 0078 DD00     		.short	221
 234 007a DE00     		.short	222
 235 007c 7801     		.short	376
 236 007e 0001     		.short	256
 237 0080 0201     		.short	258
 238 0082 0401     		.short	260
 239 0084 0601     		.short	262
 240 0086 0801     		.short	264
 241 0088 0A01     		.short	266
 242 008a 0C01     		.short	268
 243 008c 0E01     		.short	270
 244 008e 1001     		.short	272
 245 0090 1201     		.short	274
 246 0092 1401     		.short	276
 247 0094 1601     		.short	278
 248 0096 1801     		.short	280
 249 0098 1A01     		.short	282
 250 009a 1C01     		.short	284
 251 009c 1E01     		.short	286
 252 009e 2001     		.short	288
 253 00a0 2201     		.short	290
 254 00a2 2401     		.short	292
 255 00a4 2601     		.short	294
 256 00a6 2801     		.short	296
 257 00a8 2A01     		.short	298
 258 00aa 2C01     		.short	300
 259 00ac 2E01     		.short	302
 260 00ae 3001     		.short	304
 261 00b0 3201     		.short	306
 262 00b2 3401     		.short	308
 263 00b4 3601     		.short	310
 264 00b6 3901     		.short	313
 265 00b8 3B01     		.short	315
 266 00ba 3D01     		.short	317
 267 00bc 3F01     		.short	319
 268 00be 4101     		.short	321
 269 00c0 4301     		.short	323
 270 00c2 4501     		.short	325
 271 00c4 4701     		.short	327
 272 00c6 4A01     		.short	330
 273 00c8 4C01     		.short	332
 274 00ca 4E01     		.short	334
 275 00cc 5001     		.short	336
 276 00ce 5201     		.short	338
 277 00d0 5401     		.short	340
 278 00d2 5601     		.short	342
 279 00d4 5801     		.short	344
 280 00d6 5A01     		.short	346
 281 00d8 5C01     		.short	348
 282 00da 5E01     		.short	350
 283 00dc 6001     		.short	352
 284 00de 6201     		.short	354
 285 00e0 6401     		.short	356
ARM GAS  C:\Users\jenny\AppData\Local\Temp\ccror2qT.s 			page 6


 286 00e2 6601     		.short	358
 287 00e4 6801     		.short	360
 288 00e6 6A01     		.short	362
 289 00e8 6C01     		.short	364
 290 00ea 6E01     		.short	366
 291 00ec 7001     		.short	368
 292 00ee 7201     		.short	370
 293 00f0 7401     		.short	372
 294 00f2 7601     		.short	374
 295 00f4 7901     		.short	377
 296 00f6 7B01     		.short	379
 297 00f8 7D01     		.short	381
 298 00fa 9101     		.short	401
 299 00fc 9103     		.short	913
 300 00fe 9203     		.short	914
 301 0100 9303     		.short	915
 302 0102 9403     		.short	916
 303 0104 9503     		.short	917
 304 0106 9603     		.short	918
 305 0108 9703     		.short	919
 306 010a 9803     		.short	920
 307 010c 9903     		.short	921
 308 010e 9A03     		.short	922
 309 0110 9B03     		.short	923
 310 0112 9C03     		.short	924
 311 0114 9D03     		.short	925
 312 0116 9E03     		.short	926
 313 0118 9F03     		.short	927
 314 011a A003     		.short	928
 315 011c A103     		.short	929
 316 011e A303     		.short	931
 317 0120 A403     		.short	932
 318 0122 A503     		.short	933
 319 0124 A603     		.short	934
 320 0126 A703     		.short	935
 321 0128 A803     		.short	936
 322 012a A903     		.short	937
 323 012c AA03     		.short	938
 324 012e 1004     		.short	1040
 325 0130 1104     		.short	1041
 326 0132 1204     		.short	1042
 327 0134 1304     		.short	1043
 328 0136 1404     		.short	1044
 329 0138 1504     		.short	1045
 330 013a 1604     		.short	1046
 331 013c 1704     		.short	1047
 332 013e 1804     		.short	1048
 333 0140 1904     		.short	1049
 334 0142 1A04     		.short	1050
 335 0144 1B04     		.short	1051
 336 0146 1C04     		.short	1052
 337 0148 1D04     		.short	1053
 338 014a 1E04     		.short	1054
 339 014c 1F04     		.short	1055
 340 014e 2004     		.short	1056
 341 0150 2104     		.short	1057
 342 0152 2204     		.short	1058
ARM GAS  C:\Users\jenny\AppData\Local\Temp\ccror2qT.s 			page 7


 343 0154 2304     		.short	1059
 344 0156 2404     		.short	1060
 345 0158 2504     		.short	1061
 346 015a 2604     		.short	1062
 347 015c 2704     		.short	1063
 348 015e 2804     		.short	1064
 349 0160 2904     		.short	1065
 350 0162 2A04     		.short	1066
 351 0164 2B04     		.short	1067
 352 0166 2C04     		.short	1068
 353 0168 2D04     		.short	1069
 354 016a 2E04     		.short	1070
 355 016c 2F04     		.short	1071
 356 016e 0104     		.short	1025
 357 0170 0204     		.short	1026
 358 0172 0304     		.short	1027
 359 0174 0404     		.short	1028
 360 0176 0504     		.short	1029
 361 0178 0604     		.short	1030
 362 017a 0704     		.short	1031
 363 017c 0804     		.short	1032
 364 017e 0904     		.short	1033
 365 0180 0A04     		.short	1034
 366 0182 0B04     		.short	1035
 367 0184 0C04     		.short	1036
 368 0186 0E04     		.short	1038
 369 0188 0F04     		.short	1039
 370 018a 6021     		.short	8544
 371 018c 6121     		.short	8545
 372 018e 6221     		.short	8546
 373 0190 6321     		.short	8547
 374 0192 6421     		.short	8548
 375 0194 6521     		.short	8549
 376 0196 6621     		.short	8550
 377 0198 6721     		.short	8551
 378 019a 6821     		.short	8552
 379 019c 6921     		.short	8553
 380 019e 6A21     		.short	8554
 381 01a0 6B21     		.short	8555
 382 01a2 6C21     		.short	8556
 383 01a4 6D21     		.short	8557
 384 01a6 6E21     		.short	8558
 385 01a8 6F21     		.short	8559
 386 01aa 21FF     		.short	-223
 387 01ac 22FF     		.short	-222
 388 01ae 23FF     		.short	-221
 389 01b0 24FF     		.short	-220
 390 01b2 25FF     		.short	-219
 391 01b4 26FF     		.short	-218
 392 01b6 27FF     		.short	-217
 393 01b8 28FF     		.short	-216
 394 01ba 29FF     		.short	-215
 395 01bc 2AFF     		.short	-214
 396 01be 2BFF     		.short	-213
 397 01c0 2CFF     		.short	-212
 398 01c2 2DFF     		.short	-211
 399 01c4 2EFF     		.short	-210
ARM GAS  C:\Users\jenny\AppData\Local\Temp\ccror2qT.s 			page 8


 400 01c6 2FFF     		.short	-209
 401 01c8 30FF     		.short	-208
 402 01ca 31FF     		.short	-207
 403 01cc 32FF     		.short	-206
 404 01ce 33FF     		.short	-205
 405 01d0 34FF     		.short	-204
 406 01d2 35FF     		.short	-203
 407 01d4 36FF     		.short	-202
 408 01d6 37FF     		.short	-201
 409 01d8 38FF     		.short	-200
 410 01da 39FF     		.short	-199
 411 01dc 3AFF     		.short	-198
 412 01de 0000     		.short	0
 413              		.section	.rodata.Tbl,"a",%progbits
 414              		.align	2
 415              		.set	.LANCHOR0,. + 0
 416              		.type	Tbl, %object
 417              		.size	Tbl, 256
 418              	Tbl:
 419 0000 AC20     		.short	8364
 420 0002 0000     		.short	0
 421 0004 1A20     		.short	8218
 422 0006 9201     		.short	402
 423 0008 1E20     		.short	8222
 424 000a 2620     		.short	8230
 425 000c 2020     		.short	8224
 426 000e 2120     		.short	8225
 427 0010 C602     		.short	710
 428 0012 3020     		.short	8240
 429 0014 6001     		.short	352
 430 0016 3920     		.short	8249
 431 0018 5201     		.short	338
 432 001a 0000     		.short	0
 433 001c 7D01     		.short	381
 434 001e 0000     		.short	0
 435 0020 0000     		.short	0
 436 0022 1820     		.short	8216
 437 0024 1920     		.short	8217
 438 0026 1C20     		.short	8220
 439 0028 1D20     		.short	8221
 440 002a 2220     		.short	8226
 441 002c 1320     		.short	8211
 442 002e 1420     		.short	8212
 443 0030 DC02     		.short	732
 444 0032 2221     		.short	8482
 445 0034 6101     		.short	353
 446 0036 3A20     		.short	8250
 447 0038 5301     		.short	339
 448 003a 0000     		.short	0
 449 003c 7E01     		.short	382
 450 003e 7801     		.short	376
 451 0040 A000     		.short	160
 452 0042 A100     		.short	161
 453 0044 A200     		.short	162
 454 0046 A300     		.short	163
 455 0048 A400     		.short	164
 456 004a A500     		.short	165
ARM GAS  C:\Users\jenny\AppData\Local\Temp\ccror2qT.s 			page 9


 457 004c A600     		.short	166
 458 004e A700     		.short	167
 459 0050 A800     		.short	168
 460 0052 A900     		.short	169
 461 0054 AA00     		.short	170
 462 0056 AB00     		.short	171
 463 0058 AC00     		.short	172
 464 005a AD00     		.short	173
 465 005c AE00     		.short	174
 466 005e AF00     		.short	175
 467 0060 B000     		.short	176
 468 0062 B100     		.short	177
 469 0064 B200     		.short	178
 470 0066 B300     		.short	179
 471 0068 B400     		.short	180
 472 006a B500     		.short	181
 473 006c B600     		.short	182
 474 006e B700     		.short	183
 475 0070 B800     		.short	184
 476 0072 B900     		.short	185
 477 0074 BA00     		.short	186
 478 0076 BB00     		.short	187
 479 0078 BC00     		.short	188
 480 007a BD00     		.short	189
 481 007c BE00     		.short	190
 482 007e BF00     		.short	191
 483 0080 C000     		.short	192
 484 0082 C100     		.short	193
 485 0084 C200     		.short	194
 486 0086 C300     		.short	195
 487 0088 C400     		.short	196
 488 008a C500     		.short	197
 489 008c C600     		.short	198
 490 008e C700     		.short	199
 491 0090 C800     		.short	200
 492 0092 C900     		.short	201
 493 0094 CA00     		.short	202
 494 0096 CB00     		.short	203
 495 0098 CC00     		.short	204
 496 009a CD00     		.short	205
 497 009c CE00     		.short	206
 498 009e CF00     		.short	207
 499 00a0 D000     		.short	208
 500 00a2 D100     		.short	209
 501 00a4 D200     		.short	210
 502 00a6 D300     		.short	211
 503 00a8 D400     		.short	212
 504 00aa D500     		.short	213
 505 00ac D600     		.short	214
 506 00ae D700     		.short	215
 507 00b0 D800     		.short	216
 508 00b2 D900     		.short	217
 509 00b4 DA00     		.short	218
 510 00b6 DB00     		.short	219
 511 00b8 DC00     		.short	220
 512 00ba DD00     		.short	221
 513 00bc DE00     		.short	222
ARM GAS  C:\Users\jenny\AppData\Local\Temp\ccror2qT.s 			page 10


 514 00be DF00     		.short	223
 515 00c0 E000     		.short	224
 516 00c2 E100     		.short	225
 517 00c4 E200     		.short	226
 518 00c6 E300     		.short	227
 519 00c8 E400     		.short	228
 520 00ca E500     		.short	229
 521 00cc E600     		.short	230
 522 00ce E700     		.short	231
 523 00d0 E800     		.short	232
 524 00d2 E900     		.short	233
 525 00d4 EA00     		.short	234
 526 00d6 EB00     		.short	235
 527 00d8 EC00     		.short	236
 528 00da ED00     		.short	237
 529 00dc EE00     		.short	238
 530 00de EF00     		.short	239
 531 00e0 F000     		.short	240
 532 00e2 F100     		.short	241
 533 00e4 F200     		.short	242
 534 00e6 F300     		.short	243
 535 00e8 F400     		.short	244
 536 00ea F500     		.short	245
 537 00ec F600     		.short	246
 538 00ee F700     		.short	247
 539 00f0 F800     		.short	248
 540 00f2 F900     		.short	249
 541 00f4 FA00     		.short	250
 542 00f6 FB00     		.short	251
 543 00f8 FC00     		.short	252
 544 00fa FD00     		.short	253
 545 00fc FE00     		.short	254
 546 00fe FF00     		.short	255
 547              		.section	.rodata.tbl_lower.5013,"a",%progbits
 548              		.align	2
 549              		.set	.LANCHOR1,. + 0
 550              		.type	tbl_lower.5013, %object
 551              		.size	tbl_lower.5013, 480
 552              	tbl_lower.5013:
 553 0000 6100     		.short	97
 554 0002 6200     		.short	98
 555 0004 6300     		.short	99
 556 0006 6400     		.short	100
 557 0008 6500     		.short	101
 558 000a 6600     		.short	102
 559 000c 6700     		.short	103
 560 000e 6800     		.short	104
 561 0010 6900     		.short	105
 562 0012 6A00     		.short	106
 563 0014 6B00     		.short	107
 564 0016 6C00     		.short	108
 565 0018 6D00     		.short	109
 566 001a 6E00     		.short	110
 567 001c 6F00     		.short	111
 568 001e 7000     		.short	112
 569 0020 7100     		.short	113
 570 0022 7200     		.short	114
ARM GAS  C:\Users\jenny\AppData\Local\Temp\ccror2qT.s 			page 11


 571 0024 7300     		.short	115
 572 0026 7400     		.short	116
 573 0028 7500     		.short	117
 574 002a 7600     		.short	118
 575 002c 7700     		.short	119
 576 002e 7800     		.short	120
 577 0030 7900     		.short	121
 578 0032 7A00     		.short	122
 579 0034 A100     		.short	161
 580 0036 A200     		.short	162
 581 0038 A300     		.short	163
 582 003a A500     		.short	165
 583 003c AC00     		.short	172
 584 003e AF00     		.short	175
 585 0040 E000     		.short	224
 586 0042 E100     		.short	225
 587 0044 E200     		.short	226
 588 0046 E300     		.short	227
 589 0048 E400     		.short	228
 590 004a E500     		.short	229
 591 004c E600     		.short	230
 592 004e E700     		.short	231
 593 0050 E800     		.short	232
 594 0052 E900     		.short	233
 595 0054 EA00     		.short	234
 596 0056 EB00     		.short	235
 597 0058 EC00     		.short	236
 598 005a ED00     		.short	237
 599 005c EE00     		.short	238
 600 005e EF00     		.short	239
 601 0060 F000     		.short	240
 602 0062 F100     		.short	241
 603 0064 F200     		.short	242
 604 0066 F300     		.short	243
 605 0068 F400     		.short	244
 606 006a F500     		.short	245
 607 006c F600     		.short	246
 608 006e F800     		.short	248
 609 0070 F900     		.short	249
 610 0072 FA00     		.short	250
 611 0074 FB00     		.short	251
 612 0076 FC00     		.short	252
 613 0078 FD00     		.short	253
 614 007a FE00     		.short	254
 615 007c FF00     		.short	255
 616 007e 0101     		.short	257
 617 0080 0301     		.short	259
 618 0082 0501     		.short	261
 619 0084 0701     		.short	263
 620 0086 0901     		.short	265
 621 0088 0B01     		.short	267
 622 008a 0D01     		.short	269
 623 008c 0F01     		.short	271
 624 008e 1101     		.short	273
 625 0090 1301     		.short	275
 626 0092 1501     		.short	277
 627 0094 1701     		.short	279
ARM GAS  C:\Users\jenny\AppData\Local\Temp\ccror2qT.s 			page 12


 628 0096 1901     		.short	281
 629 0098 1B01     		.short	283
 630 009a 1D01     		.short	285
 631 009c 1F01     		.short	287
 632 009e 2101     		.short	289
 633 00a0 2301     		.short	291
 634 00a2 2501     		.short	293
 635 00a4 2701     		.short	295
 636 00a6 2901     		.short	297
 637 00a8 2B01     		.short	299
 638 00aa 2D01     		.short	301
 639 00ac 2F01     		.short	303
 640 00ae 3101     		.short	305
 641 00b0 3301     		.short	307
 642 00b2 3501     		.short	309
 643 00b4 3701     		.short	311
 644 00b6 3A01     		.short	314
 645 00b8 3C01     		.short	316
 646 00ba 3E01     		.short	318
 647 00bc 4001     		.short	320
 648 00be 4201     		.short	322
 649 00c0 4401     		.short	324
 650 00c2 4601     		.short	326
 651 00c4 4801     		.short	328
 652 00c6 4B01     		.short	331
 653 00c8 4D01     		.short	333
 654 00ca 4F01     		.short	335
 655 00cc 5101     		.short	337
 656 00ce 5301     		.short	339
 657 00d0 5501     		.short	341
 658 00d2 5701     		.short	343
 659 00d4 5901     		.short	345
 660 00d6 5B01     		.short	347
 661 00d8 5D01     		.short	349
 662 00da 5F01     		.short	351
 663 00dc 6101     		.short	353
 664 00de 6301     		.short	355
 665 00e0 6501     		.short	357
 666 00e2 6701     		.short	359
 667 00e4 6901     		.short	361
 668 00e6 6B01     		.short	363
 669 00e8 6D01     		.short	365
 670 00ea 6F01     		.short	367
 671 00ec 7101     		.short	369
 672 00ee 7301     		.short	371
 673 00f0 7501     		.short	373
 674 00f2 7701     		.short	375
 675 00f4 7A01     		.short	378
 676 00f6 7C01     		.short	380
 677 00f8 7E01     		.short	382
 678 00fa 9201     		.short	402
 679 00fc B103     		.short	945
 680 00fe B203     		.short	946
 681 0100 B303     		.short	947
 682 0102 B403     		.short	948
 683 0104 B503     		.short	949
 684 0106 B603     		.short	950
ARM GAS  C:\Users\jenny\AppData\Local\Temp\ccror2qT.s 			page 13


 685 0108 B703     		.short	951
 686 010a B803     		.short	952
 687 010c B903     		.short	953
 688 010e BA03     		.short	954
 689 0110 BB03     		.short	955
 690 0112 BC03     		.short	956
 691 0114 BD03     		.short	957
 692 0116 BE03     		.short	958
 693 0118 BF03     		.short	959
 694 011a C003     		.short	960
 695 011c C103     		.short	961
 696 011e C303     		.short	963
 697 0120 C403     		.short	964
 698 0122 C503     		.short	965
 699 0124 C603     		.short	966
 700 0126 C703     		.short	967
 701 0128 C803     		.short	968
 702 012a C903     		.short	969
 703 012c CA03     		.short	970
 704 012e 3004     		.short	1072
 705 0130 3104     		.short	1073
 706 0132 3204     		.short	1074
 707 0134 3304     		.short	1075
 708 0136 3404     		.short	1076
 709 0138 3504     		.short	1077
 710 013a 3604     		.short	1078
 711 013c 3704     		.short	1079
 712 013e 3804     		.short	1080
 713 0140 3904     		.short	1081
 714 0142 3A04     		.short	1082
 715 0144 3B04     		.short	1083
 716 0146 3C04     		.short	1084
 717 0148 3D04     		.short	1085
 718 014a 3E04     		.short	1086
 719 014c 3F04     		.short	1087
 720 014e 4004     		.short	1088
 721 0150 4104     		.short	1089
 722 0152 4204     		.short	1090
 723 0154 4304     		.short	1091
 724 0156 4404     		.short	1092
 725 0158 4504     		.short	1093
 726 015a 4604     		.short	1094
 727 015c 4704     		.short	1095
 728 015e 4804     		.short	1096
 729 0160 4904     		.short	1097
 730 0162 4A04     		.short	1098
 731 0164 4B04     		.short	1099
 732 0166 4C04     		.short	1100
 733 0168 4D04     		.short	1101
 734 016a 4E04     		.short	1102
 735 016c 4F04     		.short	1103
 736 016e 5104     		.short	1105
 737 0170 5204     		.short	1106
 738 0172 5304     		.short	1107
 739 0174 5404     		.short	1108
 740 0176 5504     		.short	1109
 741 0178 5604     		.short	1110
ARM GAS  C:\Users\jenny\AppData\Local\Temp\ccror2qT.s 			page 14


 742 017a 5704     		.short	1111
 743 017c 5804     		.short	1112
 744 017e 5904     		.short	1113
 745 0180 5A04     		.short	1114
 746 0182 5B04     		.short	1115
 747 0184 5C04     		.short	1116
 748 0186 5E04     		.short	1118
 749 0188 5F04     		.short	1119
 750 018a 7021     		.short	8560
 751 018c 7121     		.short	8561
 752 018e 7221     		.short	8562
 753 0190 7321     		.short	8563
 754 0192 7421     		.short	8564
 755 0194 7521     		.short	8565
 756 0196 7621     		.short	8566
 757 0198 7721     		.short	8567
 758 019a 7821     		.short	8568
 759 019c 7921     		.short	8569
 760 019e 7A21     		.short	8570
 761 01a0 7B21     		.short	8571
 762 01a2 7C21     		.short	8572
 763 01a4 7D21     		.short	8573
 764 01a6 7E21     		.short	8574
 765 01a8 7F21     		.short	8575
 766 01aa 41FF     		.short	-191
 767 01ac 42FF     		.short	-190
 768 01ae 43FF     		.short	-189
 769 01b0 44FF     		.short	-188
 770 01b2 45FF     		.short	-187
 771 01b4 46FF     		.short	-186
 772 01b6 47FF     		.short	-185
 773 01b8 48FF     		.short	-184
 774 01ba 49FF     		.short	-183
 775 01bc 4AFF     		.short	-182
 776 01be 4BFF     		.short	-181
 777 01c0 4CFF     		.short	-180
 778 01c2 4DFF     		.short	-179
 779 01c4 4EFF     		.short	-178
 780 01c6 4FFF     		.short	-177
 781 01c8 50FF     		.short	-176
 782 01ca 51FF     		.short	-175
 783 01cc 52FF     		.short	-174
 784 01ce 53FF     		.short	-173
 785 01d0 54FF     		.short	-172
 786 01d2 55FF     		.short	-171
 787 01d4 56FF     		.short	-170
 788 01d6 57FF     		.short	-169
 789 01d8 58FF     		.short	-168
 790 01da 59FF     		.short	-167
 791 01dc 5AFF     		.short	-166
 792 01de 0000     		.short	0
 793              		.text
 794              	.Letext0:
 795              		.file 2 "../../ext/fatfs/src/option/../integer.h"
 796              		.section	.debug_info,"",%progbits
 797              	.Ldebug_info0:
 798 0000 87010000 		.4byte	0x187
ARM GAS  C:\Users\jenny\AppData\Local\Temp\ccror2qT.s 			page 15


 799 0004 0200     		.2byte	0x2
 800 0006 00000000 		.4byte	.Ldebug_abbrev0
 801 000a 04       		.byte	0x4
 802 000b 01       		.uleb128 0x1
 803 000c 17010000 		.4byte	.LASF18
 804 0010 01       		.byte	0x1
 805 0011 60010000 		.4byte	.LASF19
 806 0015 AF000000 		.4byte	.LASF20
 807 0019 00000000 		.4byte	.Ldebug_ranges0+0
 808 001d 00000000 		.4byte	0
 809 0021 00000000 		.4byte	0
 810 0025 00000000 		.4byte	.Ldebug_line0
 811 0029 02       		.uleb128 0x2
 812 002a 04       		.byte	0x4
 813 002b 05       		.byte	0x5
 814 002c 696E7400 		.ascii	"int\000"
 815 0030 03       		.uleb128 0x3
 816 0031 7F000000 		.4byte	.LASF5
 817 0035 02       		.byte	0x2
 818 0036 11       		.byte	0x11
 819 0037 3B000000 		.4byte	0x3b
 820 003b 04       		.uleb128 0x4
 821 003c 04       		.byte	0x4
 822 003d 07       		.byte	0x7
 823 003e 21000000 		.4byte	.LASF0
 824 0042 04       		.uleb128 0x4
 825 0043 01       		.byte	0x1
 826 0044 08       		.byte	0x8
 827 0045 7A000000 		.4byte	.LASF1
 828 0049 04       		.uleb128 0x4
 829 004a 01       		.byte	0x1
 830 004b 08       		.byte	0x8
 831 004c 6C000000 		.4byte	.LASF2
 832 0050 04       		.uleb128 0x4
 833 0051 02       		.byte	0x2
 834 0052 05       		.byte	0x5
 835 0053 8D000000 		.4byte	.LASF3
 836 0057 04       		.uleb128 0x4
 837 0058 02       		.byte	0x2
 838 0059 07       		.byte	0x7
 839 005a 0E000000 		.4byte	.LASF4
 840 005e 03       		.uleb128 0x3
 841 005f 2E000000 		.4byte	.LASF6
 842 0063 02       		.byte	0x2
 843 0064 1C       		.byte	0x1c
 844 0065 57000000 		.4byte	0x57
 845 0069 04       		.uleb128 0x4
 846 006a 04       		.byte	0x4
 847 006b 05       		.byte	0x5
 848 006c 84000000 		.4byte	.LASF7
 849 0070 04       		.uleb128 0x4
 850 0071 04       		.byte	0x4
 851 0072 07       		.byte	0x7
 852 0073 97000000 		.4byte	.LASF8
 853 0077 04       		.uleb128 0x4
 854 0078 01       		.byte	0x1
 855 0079 06       		.byte	0x6
ARM GAS  C:\Users\jenny\AppData\Local\Temp\ccror2qT.s 			page 16


 856 007a 02010000 		.4byte	.LASF9
 857 007e 04       		.uleb128 0x4
 858 007f 08       		.byte	0x8
 859 0080 05       		.byte	0x5
 860 0081 00000000 		.4byte	.LASF10
 861 0085 04       		.uleb128 0x4
 862 0086 08       		.byte	0x8
 863 0087 07       		.byte	0x7
 864 0088 40000000 		.4byte	.LASF11
 865 008c 04       		.uleb128 0x4
 866 008d 01       		.byte	0x1
 867 008e 02       		.byte	0x2
 868 008f A9000000 		.4byte	.LASF12
 869 0093 04       		.uleb128 0x4
 870 0094 04       		.byte	0x4
 871 0095 07       		.byte	0x7
 872 0096 0E010000 		.4byte	.LASF13
 873 009a 05       		.uleb128 0x5
 874 009b 01       		.byte	0x1
 875 009c 61000000 		.4byte	.LASF14
 876 00a0 01       		.byte	0x1
 877 00a1 F501     		.2byte	0x1f5
 878 00a3 01       		.byte	0x1
 879 00a4 5E000000 		.4byte	0x5e
 880 00a8 00000000 		.4byte	.LFB7
 881 00ac 50000000 		.4byte	.LFE7
 882 00b0 00000000 		.4byte	.LLST0
 883 00b4 01       		.byte	0x1
 884 00b5 E8000000 		.4byte	0xe8
 885 00b9 06       		.uleb128 0x6
 886 00ba 73726300 		.ascii	"src\000"
 887 00be 01       		.byte	0x1
 888 00bf F601     		.2byte	0x1f6
 889 00c1 5E000000 		.4byte	0x5e
 890 00c5 20000000 		.4byte	.LLST1
 891 00c9 06       		.uleb128 0x6
 892 00ca 64697200 		.ascii	"dir\000"
 893 00ce 01       		.byte	0x1
 894 00cf F701     		.2byte	0x1f7
 895 00d1 30000000 		.4byte	0x30
 896 00d5 73000000 		.4byte	.LLST2
 897 00d9 07       		.uleb128 0x7
 898 00da 6300     		.ascii	"c\000"
 899 00dc 01       		.byte	0x1
 900 00dd FA01     		.2byte	0x1fa
 901 00df 5E000000 		.4byte	0x5e
 902 00e3 AD000000 		.4byte	.LLST3
 903 00e7 00       		.byte	0
 904 00e8 08       		.uleb128 0x8
 905 00e9 01       		.byte	0x1
 906 00ea 34000000 		.4byte	.LASF15
 907 00ee 01       		.byte	0x1
 908 00ef 1002     		.2byte	0x210
 909 00f1 01       		.byte	0x1
 910 00f2 5E000000 		.4byte	0x5e
 911 00f6 00000000 		.4byte	.LFB8
 912 00fa 2C000000 		.4byte	.LFE8
ARM GAS  C:\Users\jenny\AppData\Local\Temp\ccror2qT.s 			page 17


 913 00fe 02       		.byte	0x2
 914 00ff 7D       		.byte	0x7d
 915 0100 00       		.sleb128 0
 916 0101 01       		.byte	0x1
 917 0102 49010000 		.4byte	0x149
 918 0106 06       		.uleb128 0x6
 919 0107 63687200 		.ascii	"chr\000"
 920 010b 01       		.byte	0x1
 921 010c 1102     		.2byte	0x211
 922 010e 5E000000 		.4byte	0x5e
 923 0112 D6000000 		.4byte	.LLST4
 924 0116 09       		.uleb128 0x9
 925 0117 57000000 		.4byte	.LASF16
 926 011b 01       		.byte	0x1
 927 011c 1402     		.2byte	0x214
 928 011e 59010000 		.4byte	0x159
 929 0122 05       		.byte	0x5
 930 0123 03       		.byte	0x3
 931 0124 00000000 		.4byte	tbl_lower.5013
 932 0128 09       		.uleb128 0x9
 933 0129 84010000 		.4byte	.LASF17
 934 012d 01       		.byte	0x1
 935 012e 1502     		.2byte	0x215
 936 0130 5E010000 		.4byte	0x15e
 937 0134 05       		.byte	0x5
 938 0135 03       		.byte	0x3
 939 0136 00000000 		.4byte	tbl_upper.5014
 940 013a 07       		.uleb128 0x7
 941 013b 6900     		.ascii	"i\000"
 942 013d 01       		.byte	0x1
 943 013e 1602     		.2byte	0x216
 944 0140 29000000 		.4byte	0x29
 945 0144 F7000000 		.4byte	.LLST5
 946 0148 00       		.byte	0
 947 0149 0A       		.uleb128 0xa
 948 014a 5E000000 		.4byte	0x5e
 949 014e 59010000 		.4byte	0x159
 950 0152 0B       		.uleb128 0xb
 951 0153 93000000 		.4byte	0x93
 952 0157 EF       		.byte	0xef
 953 0158 00       		.byte	0
 954 0159 0C       		.uleb128 0xc
 955 015a 49010000 		.4byte	0x149
 956 015e 0C       		.uleb128 0xc
 957 015f 49010000 		.4byte	0x149
 958 0163 0A       		.uleb128 0xa
 959 0164 5E000000 		.4byte	0x5e
 960 0168 73010000 		.4byte	0x173
 961 016c 0B       		.uleb128 0xb
 962 016d 93000000 		.4byte	0x93
 963 0171 7F       		.byte	0x7f
 964 0172 00       		.byte	0
 965 0173 0D       		.uleb128 0xd
 966 0174 54626C00 		.ascii	"Tbl\000"
 967 0178 01       		.byte	0x1
 968 0179 5601     		.2byte	0x156
 969 017b 85010000 		.4byte	0x185
ARM GAS  C:\Users\jenny\AppData\Local\Temp\ccror2qT.s 			page 18


 970 017f 05       		.byte	0x5
 971 0180 03       		.byte	0x3
 972 0181 00000000 		.4byte	Tbl
 973 0185 0C       		.uleb128 0xc
 974 0186 63010000 		.4byte	0x163
 975 018a 00       		.byte	0
 976              		.section	.debug_abbrev,"",%progbits
 977              	.Ldebug_abbrev0:
 978 0000 01       		.uleb128 0x1
 979 0001 11       		.uleb128 0x11
 980 0002 01       		.byte	0x1
 981 0003 25       		.uleb128 0x25
 982 0004 0E       		.uleb128 0xe
 983 0005 13       		.uleb128 0x13
 984 0006 0B       		.uleb128 0xb
 985 0007 03       		.uleb128 0x3
 986 0008 0E       		.uleb128 0xe
 987 0009 1B       		.uleb128 0x1b
 988 000a 0E       		.uleb128 0xe
 989 000b 55       		.uleb128 0x55
 990 000c 06       		.uleb128 0x6
 991 000d 11       		.uleb128 0x11
 992 000e 01       		.uleb128 0x1
 993 000f 52       		.uleb128 0x52
 994 0010 01       		.uleb128 0x1
 995 0011 10       		.uleb128 0x10
 996 0012 06       		.uleb128 0x6
 997 0013 00       		.byte	0
 998 0014 00       		.byte	0
 999 0015 02       		.uleb128 0x2
 1000 0016 24       		.uleb128 0x24
 1001 0017 00       		.byte	0
 1002 0018 0B       		.uleb128 0xb
 1003 0019 0B       		.uleb128 0xb
 1004 001a 3E       		.uleb128 0x3e
 1005 001b 0B       		.uleb128 0xb
 1006 001c 03       		.uleb128 0x3
 1007 001d 08       		.uleb128 0x8
 1008 001e 00       		.byte	0
 1009 001f 00       		.byte	0
 1010 0020 03       		.uleb128 0x3
 1011 0021 16       		.uleb128 0x16
 1012 0022 00       		.byte	0
 1013 0023 03       		.uleb128 0x3
 1014 0024 0E       		.uleb128 0xe
 1015 0025 3A       		.uleb128 0x3a
 1016 0026 0B       		.uleb128 0xb
 1017 0027 3B       		.uleb128 0x3b
 1018 0028 0B       		.uleb128 0xb
 1019 0029 49       		.uleb128 0x49
 1020 002a 13       		.uleb128 0x13
 1021 002b 00       		.byte	0
 1022 002c 00       		.byte	0
 1023 002d 04       		.uleb128 0x4
 1024 002e 24       		.uleb128 0x24
 1025 002f 00       		.byte	0
 1026 0030 0B       		.uleb128 0xb
ARM GAS  C:\Users\jenny\AppData\Local\Temp\ccror2qT.s 			page 19


 1027 0031 0B       		.uleb128 0xb
 1028 0032 3E       		.uleb128 0x3e
 1029 0033 0B       		.uleb128 0xb
 1030 0034 03       		.uleb128 0x3
 1031 0035 0E       		.uleb128 0xe
 1032 0036 00       		.byte	0
 1033 0037 00       		.byte	0
 1034 0038 05       		.uleb128 0x5
 1035 0039 2E       		.uleb128 0x2e
 1036 003a 01       		.byte	0x1
 1037 003b 3F       		.uleb128 0x3f
 1038 003c 0C       		.uleb128 0xc
 1039 003d 03       		.uleb128 0x3
 1040 003e 0E       		.uleb128 0xe
 1041 003f 3A       		.uleb128 0x3a
 1042 0040 0B       		.uleb128 0xb
 1043 0041 3B       		.uleb128 0x3b
 1044 0042 05       		.uleb128 0x5
 1045 0043 27       		.uleb128 0x27
 1046 0044 0C       		.uleb128 0xc
 1047 0045 49       		.uleb128 0x49
 1048 0046 13       		.uleb128 0x13
 1049 0047 11       		.uleb128 0x11
 1050 0048 01       		.uleb128 0x1
 1051 0049 12       		.uleb128 0x12
 1052 004a 01       		.uleb128 0x1
 1053 004b 40       		.uleb128 0x40
 1054 004c 06       		.uleb128 0x6
 1055 004d 9742     		.uleb128 0x2117
 1056 004f 0C       		.uleb128 0xc
 1057 0050 01       		.uleb128 0x1
 1058 0051 13       		.uleb128 0x13
 1059 0052 00       		.byte	0
 1060 0053 00       		.byte	0
 1061 0054 06       		.uleb128 0x6
 1062 0055 05       		.uleb128 0x5
 1063 0056 00       		.byte	0
 1064 0057 03       		.uleb128 0x3
 1065 0058 08       		.uleb128 0x8
 1066 0059 3A       		.uleb128 0x3a
 1067 005a 0B       		.uleb128 0xb
 1068 005b 3B       		.uleb128 0x3b
 1069 005c 05       		.uleb128 0x5
 1070 005d 49       		.uleb128 0x49
 1071 005e 13       		.uleb128 0x13
 1072 005f 02       		.uleb128 0x2
 1073 0060 06       		.uleb128 0x6
 1074 0061 00       		.byte	0
 1075 0062 00       		.byte	0
 1076 0063 07       		.uleb128 0x7
 1077 0064 34       		.uleb128 0x34
 1078 0065 00       		.byte	0
 1079 0066 03       		.uleb128 0x3
 1080 0067 08       		.uleb128 0x8
 1081 0068 3A       		.uleb128 0x3a
 1082 0069 0B       		.uleb128 0xb
 1083 006a 3B       		.uleb128 0x3b
ARM GAS  C:\Users\jenny\AppData\Local\Temp\ccror2qT.s 			page 20


 1084 006b 05       		.uleb128 0x5
 1085 006c 49       		.uleb128 0x49
 1086 006d 13       		.uleb128 0x13
 1087 006e 02       		.uleb128 0x2
 1088 006f 06       		.uleb128 0x6
 1089 0070 00       		.byte	0
 1090 0071 00       		.byte	0
 1091 0072 08       		.uleb128 0x8
 1092 0073 2E       		.uleb128 0x2e
 1093 0074 01       		.byte	0x1
 1094 0075 3F       		.uleb128 0x3f
 1095 0076 0C       		.uleb128 0xc
 1096 0077 03       		.uleb128 0x3
 1097 0078 0E       		.uleb128 0xe
 1098 0079 3A       		.uleb128 0x3a
 1099 007a 0B       		.uleb128 0xb
 1100 007b 3B       		.uleb128 0x3b
 1101 007c 05       		.uleb128 0x5
 1102 007d 27       		.uleb128 0x27
 1103 007e 0C       		.uleb128 0xc
 1104 007f 49       		.uleb128 0x49
 1105 0080 13       		.uleb128 0x13
 1106 0081 11       		.uleb128 0x11
 1107 0082 01       		.uleb128 0x1
 1108 0083 12       		.uleb128 0x12
 1109 0084 01       		.uleb128 0x1
 1110 0085 40       		.uleb128 0x40
 1111 0086 0A       		.uleb128 0xa
 1112 0087 9742     		.uleb128 0x2117
 1113 0089 0C       		.uleb128 0xc
 1114 008a 01       		.uleb128 0x1
 1115 008b 13       		.uleb128 0x13
 1116 008c 00       		.byte	0
 1117 008d 00       		.byte	0
 1118 008e 09       		.uleb128 0x9
 1119 008f 34       		.uleb128 0x34
 1120 0090 00       		.byte	0
 1121 0091 03       		.uleb128 0x3
 1122 0092 0E       		.uleb128 0xe
 1123 0093 3A       		.uleb128 0x3a
 1124 0094 0B       		.uleb128 0xb
 1125 0095 3B       		.uleb128 0x3b
 1126 0096 05       		.uleb128 0x5
 1127 0097 49       		.uleb128 0x49
 1128 0098 13       		.uleb128 0x13
 1129 0099 02       		.uleb128 0x2
 1130 009a 0A       		.uleb128 0xa
 1131 009b 00       		.byte	0
 1132 009c 00       		.byte	0
 1133 009d 0A       		.uleb128 0xa
 1134 009e 01       		.uleb128 0x1
 1135 009f 01       		.byte	0x1
 1136 00a0 49       		.uleb128 0x49
 1137 00a1 13       		.uleb128 0x13
 1138 00a2 01       		.uleb128 0x1
 1139 00a3 13       		.uleb128 0x13
 1140 00a4 00       		.byte	0
ARM GAS  C:\Users\jenny\AppData\Local\Temp\ccror2qT.s 			page 21


 1141 00a5 00       		.byte	0
 1142 00a6 0B       		.uleb128 0xb
 1143 00a7 21       		.uleb128 0x21
 1144 00a8 00       		.byte	0
 1145 00a9 49       		.uleb128 0x49
 1146 00aa 13       		.uleb128 0x13
 1147 00ab 2F       		.uleb128 0x2f
 1148 00ac 0B       		.uleb128 0xb
 1149 00ad 00       		.byte	0
 1150 00ae 00       		.byte	0
 1151 00af 0C       		.uleb128 0xc
 1152 00b0 26       		.uleb128 0x26
 1153 00b1 00       		.byte	0
 1154 00b2 49       		.uleb128 0x49
 1155 00b3 13       		.uleb128 0x13
 1156 00b4 00       		.byte	0
 1157 00b5 00       		.byte	0
 1158 00b6 0D       		.uleb128 0xd
 1159 00b7 34       		.uleb128 0x34
 1160 00b8 00       		.byte	0
 1161 00b9 03       		.uleb128 0x3
 1162 00ba 08       		.uleb128 0x8
 1163 00bb 3A       		.uleb128 0x3a
 1164 00bc 0B       		.uleb128 0xb
 1165 00bd 3B       		.uleb128 0x3b
 1166 00be 05       		.uleb128 0x5
 1167 00bf 49       		.uleb128 0x49
 1168 00c0 13       		.uleb128 0x13
 1169 00c1 02       		.uleb128 0x2
 1170 00c2 0A       		.uleb128 0xa
 1171 00c3 00       		.byte	0
 1172 00c4 00       		.byte	0
 1173 00c5 00       		.byte	0
 1174              		.section	.debug_loc,"",%progbits
 1175              	.Ldebug_loc0:
 1176              	.LLST0:
 1177 0000 00000000 		.4byte	.LFB7
 1178 0004 04000000 		.4byte	.LCFI0
 1179 0008 0200     		.2byte	0x2
 1180 000a 7D       		.byte	0x7d
 1181 000b 00       		.sleb128 0
 1182 000c 04000000 		.4byte	.LCFI0
 1183 0010 50000000 		.4byte	.LFE7
 1184 0014 0200     		.2byte	0x2
 1185 0016 7D       		.byte	0x7d
 1186 0017 08       		.sleb128 8
 1187 0018 00000000 		.4byte	0
 1188 001c 00000000 		.4byte	0
 1189              	.LLST1:
 1190 0020 00000000 		.4byte	.LVL0
 1191 0024 2E000000 		.4byte	.LVL5
 1192 0028 0100     		.2byte	0x1
 1193 002a 50       		.byte	0x50
 1194 002b 2E000000 		.4byte	.LVL5
 1195 002f 34000000 		.4byte	.LVL7
 1196 0033 0400     		.2byte	0x4
 1197 0035 F3       		.byte	0xf3
ARM GAS  C:\Users\jenny\AppData\Local\Temp\ccror2qT.s 			page 22


 1198 0036 01       		.uleb128 0x1
 1199 0037 50       		.byte	0x50
 1200 0038 9F       		.byte	0x9f
 1201 0039 34000000 		.4byte	.LVL7
 1202 003d 3A000000 		.4byte	.LVL8
 1203 0041 0100     		.2byte	0x1
 1204 0043 50       		.byte	0x50
 1205 0044 3A000000 		.4byte	.LVL8
 1206 0048 42000000 		.4byte	.LVL10
 1207 004c 0400     		.2byte	0x4
 1208 004e F3       		.byte	0xf3
 1209 004f 01       		.uleb128 0x1
 1210 0050 50       		.byte	0x50
 1211 0051 9F       		.byte	0x9f
 1212 0052 42000000 		.4byte	.LVL10
 1213 0056 44000000 		.4byte	.LVL11
 1214 005a 0100     		.2byte	0x1
 1215 005c 50       		.byte	0x50
 1216 005d 44000000 		.4byte	.LVL11
 1217 0061 50000000 		.4byte	.LFE7
 1218 0065 0400     		.2byte	0x4
 1219 0067 F3       		.byte	0xf3
 1220 0068 01       		.uleb128 0x1
 1221 0069 50       		.byte	0x50
 1222 006a 9F       		.byte	0x9f
 1223 006b 00000000 		.4byte	0
 1224 006f 00000000 		.4byte	0
 1225              	.LLST2:
 1226 0073 00000000 		.4byte	.LVL0
 1227 0077 0C000000 		.4byte	.LVL1
 1228 007b 0100     		.2byte	0x1
 1229 007d 51       		.byte	0x51
 1230 007e 0C000000 		.4byte	.LVL1
 1231 0082 34000000 		.4byte	.LVL7
 1232 0086 0400     		.2byte	0x4
 1233 0088 F3       		.byte	0xf3
 1234 0089 01       		.uleb128 0x1
 1235 008a 51       		.byte	0x51
 1236 008b 9F       		.byte	0x9f
 1237 008c 34000000 		.4byte	.LVL7
 1238 0090 3C000000 		.4byte	.LVL9
 1239 0094 0100     		.2byte	0x1
 1240 0096 51       		.byte	0x51
 1241 0097 3C000000 		.4byte	.LVL9
 1242 009b 50000000 		.4byte	.LFE7
 1243 009f 0400     		.2byte	0x4
 1244 00a1 F3       		.byte	0xf3
 1245 00a2 01       		.uleb128 0x1
 1246 00a3 51       		.byte	0x51
 1247 00a4 9F       		.byte	0x9f
 1248 00a5 00000000 		.4byte	0
 1249 00a9 00000000 		.4byte	0
 1250              	.LLST3:
 1251 00ad 10000000 		.4byte	.LVL2
 1252 00b1 18000000 		.4byte	.LVL3
 1253 00b5 0100     		.2byte	0x1
 1254 00b7 55       		.byte	0x55
ARM GAS  C:\Users\jenny\AppData\Local\Temp\ccror2qT.s 			page 23


 1255 00b8 18000000 		.4byte	.LVL3
 1256 00bc 1C000000 		.4byte	.LVL4
 1257 00c0 0100     		.2byte	0x1
 1258 00c2 54       		.byte	0x54
 1259 00c3 30000000 		.4byte	.LVL6
 1260 00c7 34000000 		.4byte	.LVL7
 1261 00cb 0100     		.2byte	0x1
 1262 00cd 50       		.byte	0x50
 1263 00ce 00000000 		.4byte	0
 1264 00d2 00000000 		.4byte	0
 1265              	.LLST4:
 1266 00d6 00000000 		.4byte	.LVL12
 1267 00da 1E000000 		.4byte	.LVL18
 1268 00de 0100     		.2byte	0x1
 1269 00e0 50       		.byte	0x50
 1270 00e1 1E000000 		.4byte	.LVL18
 1271 00e5 2C000000 		.4byte	.LFE8
 1272 00e9 0400     		.2byte	0x4
 1273 00eb F3       		.byte	0xf3
 1274 00ec 01       		.uleb128 0x1
 1275 00ed 50       		.byte	0x50
 1276 00ee 9F       		.byte	0x9f
 1277 00ef 00000000 		.4byte	0
 1278 00f3 00000000 		.4byte	0
 1279              	.LLST5:
 1280 00f7 00000000 		.4byte	.LVL12
 1281 00fb 0A000000 		.4byte	.LVL13
 1282 00ff 0200     		.2byte	0x2
 1283 0101 30       		.byte	0x30
 1284 0102 9F       		.byte	0x9f
 1285 0103 0A000000 		.4byte	.LVL13
 1286 0107 0E000000 		.4byte	.LVL14
 1287 010b 0100     		.2byte	0x1
 1288 010d 52       		.byte	0x52
 1289 010e 14000000 		.4byte	.LVL15
 1290 0112 1A000000 		.4byte	.LVL16
 1291 0116 0100     		.2byte	0x1
 1292 0118 52       		.byte	0x52
 1293 0119 1A000000 		.4byte	.LVL16
 1294 011d 1C000000 		.4byte	.LVL17
 1295 0121 0200     		.2byte	0x2
 1296 0123 30       		.byte	0x30
 1297 0124 9F       		.byte	0x9f
 1298 0125 00000000 		.4byte	0
 1299 0129 00000000 		.4byte	0
 1300              		.section	.debug_aranges,"",%progbits
 1301 0000 24000000 		.4byte	0x24
 1302 0004 0200     		.2byte	0x2
 1303 0006 00000000 		.4byte	.Ldebug_info0
 1304 000a 04       		.byte	0x4
 1305 000b 00       		.byte	0
 1306 000c 0000     		.2byte	0
 1307 000e 0000     		.2byte	0
 1308 0010 00000000 		.4byte	.LFB7
 1309 0014 50000000 		.4byte	.LFE7-.LFB7
 1310 0018 00000000 		.4byte	.LFB8
 1311 001c 2C000000 		.4byte	.LFE8-.LFB8
ARM GAS  C:\Users\jenny\AppData\Local\Temp\ccror2qT.s 			page 24


 1312 0020 00000000 		.4byte	0
 1313 0024 00000000 		.4byte	0
 1314              		.section	.debug_ranges,"",%progbits
 1315              	.Ldebug_ranges0:
 1316 0000 00000000 		.4byte	.LFB7
 1317 0004 50000000 		.4byte	.LFE7
 1318 0008 00000000 		.4byte	.LFB8
 1319 000c 2C000000 		.4byte	.LFE8
 1320 0010 00000000 		.4byte	0
 1321 0014 00000000 		.4byte	0
 1322              		.section	.debug_line,"",%progbits
 1323              	.Ldebug_line0:
 1324 0000 B2000000 		.section	.debug_str,"MS",%progbits,1
 1324      02006500 
 1324      00000201 
 1324      FB0E0D00 
 1324      01010101 
 1325              	.LASF10:
 1326 0000 6C6F6E67 		.ascii	"long long int\000"
 1326      206C6F6E 
 1326      6720696E 
 1326      7400
 1327              	.LASF4:
 1328 000e 73686F72 		.ascii	"short unsigned int\000"
 1328      7420756E 
 1328      7369676E 
 1328      65642069 
 1328      6E7400
 1329              	.LASF0:
 1330 0021 756E7369 		.ascii	"unsigned int\000"
 1330      676E6564 
 1330      20696E74 
 1330      00
 1331              	.LASF6:
 1332 002e 57434841 		.ascii	"WCHAR\000"
 1332      5200
 1333              	.LASF15:
 1334 0034 66665F77 		.ascii	"ff_wtoupper\000"
 1334      746F7570 
 1334      70657200 
 1335              	.LASF11:
 1336 0040 6C6F6E67 		.ascii	"long long unsigned int\000"
 1336      206C6F6E 
 1336      6720756E 
 1336      7369676E 
 1336      65642069 
 1337              	.LASF16:
 1338 0057 74626C5F 		.ascii	"tbl_lower\000"
 1338      6C6F7765 
 1338      7200
 1339              	.LASF14:
 1340 0061 66665F63 		.ascii	"ff_convert\000"
 1340      6F6E7665 
 1340      727400
 1341              	.LASF2:
 1342 006c 756E7369 		.ascii	"unsigned char\000"
 1342      676E6564 
ARM GAS  C:\Users\jenny\AppData\Local\Temp\ccror2qT.s 			page 25


 1342      20636861 
 1342      7200
 1343              	.LASF1:
 1344 007a 63686172 		.ascii	"char\000"
 1344      00
 1345              	.LASF5:
 1346 007f 55494E54 		.ascii	"UINT\000"
 1346      00
 1347              	.LASF7:
 1348 0084 6C6F6E67 		.ascii	"long int\000"
 1348      20696E74 
 1348      00
 1349              	.LASF3:
 1350 008d 73686F72 		.ascii	"short int\000"
 1350      7420696E 
 1350      7400
 1351              	.LASF8:
 1352 0097 6C6F6E67 		.ascii	"long unsigned int\000"
 1352      20756E73 
 1352      69676E65 
 1352      6420696E 
 1352      7400
 1353              	.LASF12:
 1354 00a9 5F426F6F 		.ascii	"_Bool\000"
 1354      6C00
 1355              	.LASF20:
 1356 00af 443A5C6A 		.ascii	"D:\\jenny\\dev\\probe\\chibios\\chibios.workspace\\"
 1356      656E6E79 
 1356      5C646576 
 1356      5C70726F 
 1356      62655C63 
 1357 00dc 64656D6F 		.ascii	"demos\\ARMCM4-STM32F407-LWIP-FATFS-USB\000"
 1357      735C4152 
 1357      4D434D34 
 1357      2D53544D 
 1357      33324634 
 1358              	.LASF9:
 1359 0102 7369676E 		.ascii	"signed char\000"
 1359      65642063 
 1359      68617200 
 1360              	.LASF13:
 1361 010e 73697A65 		.ascii	"sizetype\000"
 1361      74797065 
 1361      00
 1362              	.LASF18:
 1363 0117 474E5520 		.ascii	"GNU C 4.7.4 20130913 (release) [ARM/embedded-4_7-br"
 1363      4320342E 
 1363      372E3420 
 1363      32303133 
 1363      30393133 
 1364 014a 616E6368 		.ascii	"anch revision 202601]\000"
 1364      20726576 
 1364      6973696F 
 1364      6E203230 
 1364      32363031 
 1365              	.LASF19:
 1366 0160 2E2E2F2E 		.ascii	"../../ext/fatfs/src/option/ccsbcs.c\000"
ARM GAS  C:\Users\jenny\AppData\Local\Temp\ccror2qT.s 			page 26


 1366      2E2F6578 
 1366      742F6661 
 1366      7466732F 
 1366      7372632F 
 1367              	.LASF17:
 1368 0184 74626C5F 		.ascii	"tbl_upper\000"
 1368      75707065 
 1368      7200
 1369              		.ident	"GCC: (GNU Tools for ARM Embedded Processors) 4.7.4 20130913 (release) [ARM/embedded-4_7-br
ARM GAS  C:\Users\jenny\AppData\Local\Temp\ccror2qT.s 			page 27


DEFINED SYMBOLS
                            *ABS*:00000000 ccsbcs.c
C:\Users\jenny\AppData\Local\Temp\ccror2qT.s:20     .text.ff_convert:00000000 $t
C:\Users\jenny\AppData\Local\Temp\ccror2qT.s:26     .text.ff_convert:00000000 ff_convert
C:\Users\jenny\AppData\Local\Temp\ccror2qT.s:106    .text.ff_convert:00000048 $d
C:\Users\jenny\AppData\Local\Temp\ccror2qT.s:112    .text.ff_wtoupper:00000000 $t
C:\Users\jenny\AppData\Local\Temp\ccror2qT.s:118    .text.ff_wtoupper:00000000 ff_wtoupper
C:\Users\jenny\AppData\Local\Temp\ccror2qT.s:162    .text.ff_wtoupper:00000024 $d
C:\Users\jenny\AppData\Local\Temp\ccror2qT.s:168    .rodata.tbl_upper.5014:00000000 $d
C:\Users\jenny\AppData\Local\Temp\ccror2qT.s:172    .rodata.tbl_upper.5014:00000000 tbl_upper.5014
C:\Users\jenny\AppData\Local\Temp\ccror2qT.s:414    .rodata.Tbl:00000000 $d
C:\Users\jenny\AppData\Local\Temp\ccror2qT.s:418    .rodata.Tbl:00000000 Tbl
C:\Users\jenny\AppData\Local\Temp\ccror2qT.s:548    .rodata.tbl_lower.5013:00000000 $d
C:\Users\jenny\AppData\Local\Temp\ccror2qT.s:552    .rodata.tbl_lower.5013:00000000 tbl_lower.5013
                     .debug_frame:00000010 $d
C:\Users\jenny\AppData\Local\Temp\ccror2qT.s:167    .text.ff_wtoupper:0000002c $t

NO UNDEFINED SYMBOLS
