ARM GAS  C:\Users\jenny\AppData\Local\Temp\cctEHOY6.s 			page 1


   1              		.syntax unified
   2              		.cpu cortex-m4
   3              		.eabi_attribute 27, 3
   4              		.fpu fpv4-sp-d16
   5              		.eabi_attribute 20, 1
   6              		.eabi_attribute 21, 1
   7              		.eabi_attribute 23, 3
   8              		.eabi_attribute 24, 1
   9              		.eabi_attribute 25, 1
  10              		.eabi_attribute 26, 1
  11              		.eabi_attribute 30, 2
  12              		.eabi_attribute 34, 1
  13              		.eabi_attribute 18, 4
  14              		.thumb
  15              		.file	"chheap.c"
  16              		.text
  17              	.Ltext0:
  18              		.cfi_sections	.debug_frame
  19              		.section	.text._heap_init,"ax",%progbits
  20              		.align	2
  21              		.p2align 4,,15
  22              		.global	_heap_init
  23              		.thumb
  24              		.thumb_func
  25              		.type	_heap_init, %function
  26              	_heap_init:
  27              	.LFB7:
  28              		.file 1 "../../os/kernel/src/chheap.c"
  29              		.loc 1 75 0
  30              		.cfi_startproc
  31              		@ args = 0, pretend = 0, frame = 0
  32              		@ frame_needed = 0, uses_anonymous_args = 0
  33              		@ link register save eliminated.
  34              		.loc 1 76 0
  35 0000 40F20003 		movw	r3, #:lower16:.LANCHOR0
  36 0004 C0F20003 		movt	r3, #:upper16:.LANCHOR0
  37 0008 40F20001 		movw	r1, #:lower16:chCoreAlloc
  38              		.loc 1 77 0
  39 000c 0022     		movs	r2, #0
  40              		.loc 1 76 0
  41 000e C0F20001 		movt	r1, #:upper16:chCoreAlloc
  42              		.loc 1 80 0
  43 0012 03F11000 		add	r0, r3, #16
  44              		.loc 1 76 0
  45 0016 1960     		str	r1, [r3, #0]
  46              		.loc 1 77 0
  47 0018 9A60     		str	r2, [r3, #8]
  48              		.loc 1 78 0
  49 001a DA60     		str	r2, [r3, #12]
  50              		.loc 1 84 0
  51              		.loc 1 80 0
  52 001c FFF7FEBF 		b	chMtxInit
  53              	.LVL0:
  54              		.cfi_endproc
  55              	.LFE7:
  56              		.size	_heap_init, .-_heap_init
  57              		.section	.text.chHeapInit,"ax",%progbits
ARM GAS  C:\Users\jenny\AppData\Local\Temp\cctEHOY6.s 			page 2


  58              		.align	2
  59              		.p2align 4,,15
  60              		.global	chHeapInit
  61              		.thumb
  62              		.thumb_func
  63              		.type	chHeapInit, %function
  64              	chHeapInit:
  65              	.LFB8:
  66              		.loc 1 99 0
  67              		.cfi_startproc
  68              		@ args = 0, pretend = 0, frame = 0
  69              		@ frame_needed = 0, uses_anonymous_args = 0
  70              		@ link register save eliminated.
  71              	.LVL1:
  72              		.loc 1 104 0
  73 0000 0023     		movs	r3, #0
  74 0002 0360     		str	r3, [r0, #0]
  75              	.LVL2:
  76              		.loc 1 105 0
  77 0004 8160     		str	r1, [r0, #8]
  78              		.loc 1 106 0
  79 0006 C360     		str	r3, [r0, #12]
  80              		.loc 1 108 0
  81 0008 083A     		subs	r2, r2, #8
  82              	.LVL3:
  83              		.loc 1 110 0
  84 000a 1030     		adds	r0, r0, #16
  85              	.LVL4:
  86              		.loc 1 107 0
  87 000c 0B60     		str	r3, [r1, #0]
  88              		.loc 1 108 0
  89 000e 4A60     		str	r2, [r1, #4]
  90              		.loc 1 114 0
  91              		.loc 1 110 0
  92 0010 FFF7FEBF 		b	chMtxInit
  93              	.LVL5:
  94              		.cfi_endproc
  95              	.LFE8:
  96              		.size	chHeapInit, .-chHeapInit
  97 0014 AFF30080 		.section	.text.chHeapAlloc,"ax",%progbits
  97      AFF30080 
  97      AFF30080 
  98              		.align	2
  99              		.p2align 4,,15
 100              		.global	chHeapAlloc
 101              		.thumb
 102              		.thumb_func
 103              		.type	chHeapAlloc, %function
 104              	chHeapAlloc:
 105              	.LFB9:
 106              		.loc 1 132 0
 107              		.cfi_startproc
 108              		@ args = 0, pretend = 0, frame = 0
 109              		@ frame_needed = 0, uses_anonymous_args = 0
 110              	.LVL6:
 111 0000 F8B5     		push	{r3, r4, r5, r6, r7, lr}
 112              	.LCFI0:
ARM GAS  C:\Users\jenny\AppData\Local\Temp\cctEHOY6.s 			page 3


 113              		.cfi_def_cfa_offset 24
 114              		.cfi_offset 3, -24
 115              		.cfi_offset 4, -20
 116              		.cfi_offset 5, -16
 117              		.cfi_offset 6, -12
 118              		.cfi_offset 7, -8
 119              		.cfi_offset 14, -4
 120              		.loc 1 136 0
 121 0002 204E     		ldr	r6, .L20
 122 0004 0028     		cmp	r0, #0
 123 0006 18BF     		it	ne
 124 0008 0646     		movne	r6, r0
 125              		.loc 1 138 0
 126 000a 0731     		adds	r1, r1, #7
 127              	.LVL7:
 128              		.loc 1 140 0
 129 000c 06F11000 		add	r0, r6, #16
 130              	.LVL8:
 131              		.loc 1 138 0
 132 0010 21F00705 		bic	r5, r1, #7
 133              	.LVL9:
 134              		.loc 1 139 0
 135 0014 06F10804 		add	r4, r6, #8
 136              	.LVL10:
 137              		.loc 1 140 0
 138 0018 FFF7FEFF 		bl	chMtxLock
 139              	.LVL11:
 140              		.loc 1 142 0
 141 001c 00E0     		b	.L5
 142              	.LVL12:
 143              	.L13:
 144              		.loc 1 144 0
 145 001e 1C46     		mov	r4, r3
 146              	.LVL13:
 147              	.L5:
 148              		.loc 1 142 0 discriminator 1
 149 0020 2368     		ldr	r3, [r4, #0]
 150              	.LVL14:
 151 0022 FBB1     		cbz	r3, .L18
 152              		.loc 1 144 0
 153 0024 5A68     		ldr	r2, [r3, #4]
 154 0026 9542     		cmp	r5, r2
 155 0028 F9D8     		bhi	.L13
 156              		.loc 1 145 0
 157 002a 05F10801 		add	r1, r5, #8
 158 002e 9142     		cmp	r1, r2
 159 0030 15D8     		bhi	.L19
 160              		.loc 1 155 0
 161 0032 4FF6F870 		movw	r0, #65528
 162 0036 CFF6FF70 		movt	r0, 65535
 163 003a 401B     		subs	r0, r0, r5
 164              		.loc 1 153 0
 165 003c 03EB010E 		add	lr, r3, r1
 166              	.LVL15:
 167              		.loc 1 155 0
 168 0040 8218     		adds	r2, r0, r2
 169              		.loc 1 154 0
ARM GAS  C:\Users\jenny\AppData\Local\Temp\cctEHOY6.s 			page 4


 170 0042 1868     		ldr	r0, [r3, #0]
 171              		.loc 1 155 0
 172 0044 CEF80420 		str	r2, [lr, #4]
 173              		.loc 1 154 0
 174 0048 5850     		str	r0, [r3, r1]
 175              		.loc 1 157 0
 176 004a 5D60     		str	r5, [r3, #4]
 177              		.loc 1 156 0
 178 004c C4F800E0 		str	lr, [r4, #0]
 179              	.LVL16:
 180              	.L7:
 181              		.loc 1 159 0
 182 0050 1C46     		mov	r4, r3
 183              	.LVL17:
 184 0052 44F8086B 		str	r6, [r4], #8
 185              		.loc 1 161 0
 186 0056 FFF7FEFF 		bl	chMtxUnlock
 187              	.LVL18:
 188              	.L8:
 189              		.loc 1 181 0
 190 005a 2046     		mov	r0, r4
 191 005c F8BD     		pop	{r3, r4, r5, r6, r7, pc}
 192              	.LVL19:
 193              	.L19:
 194              		.loc 1 149 0
 195 005e 1968     		ldr	r1, [r3, #0]
 196 0060 2160     		str	r1, [r4, #0]
 197 0062 F5E7     		b	.L7
 198              	.L18:
 199              		.loc 1 167 0
 200 0064 FFF7FEFF 		bl	chMtxUnlock
 201              	.LVL20:
 202              		.loc 1 171 0
 203 0068 3268     		ldr	r2, [r6, #0]
 204 006a 4AB1     		cbz	r2, .L11
 205              		.loc 1 172 0
 206 006c 05F10800 		add	r0, r5, #8
 207 0070 9047     		blx	r2
 208              	.LVL21:
 209              		.loc 1 173 0
 210 0072 28B1     		cbz	r0, .L11
 211              		.loc 1 177 0
 212 0074 00F10804 		add	r4, r0, #8
 213              	.LVL22:
 214              		.loc 1 174 0
 215 0078 0660     		str	r6, [r0, #0]
 216              		.loc 1 175 0
 217 007a 4560     		str	r5, [r0, #4]
 218              	.LVL23:
 219              		.loc 1 181 0
 220 007c 2046     		mov	r0, r4
 221 007e F8BD     		pop	{r3, r4, r5, r6, r7, pc}
 222              	.LVL24:
 223              	.L11:
 224              		.loc 1 180 0
 225 0080 0024     		movs	r4, #0
 226              	.LVL25:
ARM GAS  C:\Users\jenny\AppData\Local\Temp\cctEHOY6.s 			page 5


 227 0082 EAE7     		b	.L8
 228              	.L21:
 229              		.align	2
 230              	.L20:
 231 0084 00000000 		.word	.LANCHOR0
 232              		.cfi_endproc
 233              	.LFE9:
 234              		.size	chHeapAlloc, .-chHeapAlloc
 235 0088 AFF30080 		.section	.text.chHeapFree,"ax",%progbits
 235      AFF30080 
 236              		.align	2
 237              		.p2align 4,,15
 238              		.global	chHeapFree
 239              		.thumb
 240              		.thumb_func
 241              		.type	chHeapFree, %function
 242              	chHeapFree:
 243              	.LFB10:
 244              		.loc 1 194 0
 245              		.cfi_startproc
 246              		@ args = 0, pretend = 0, frame = 0
 247              		@ frame_needed = 0, uses_anonymous_args = 0
 248              	.LVL26:
 249 0000 70B5     		push	{r4, r5, r6, lr}
 250              	.LCFI1:
 251              		.cfi_def_cfa_offset 16
 252              		.cfi_offset 4, -16
 253              		.cfi_offset 5, -12
 254              		.cfi_offset 6, -8
 255              		.cfi_offset 14, -4
 256              		.loc 1 194 0
 257 0002 0646     		mov	r6, r0
 258              		.loc 1 200 0
 259 0004 A0F10804 		sub	r4, r0, #8
 260              	.LVL27:
 261              		.loc 1 201 0
 262 0008 50F8080C 		ldr	r0, [r0, #-8]
 263              	.LVL28:
 264              		.loc 1 202 0
 265 000c 00F10805 		add	r5, r0, #8
 266              	.LVL29:
 267              		.loc 1 203 0
 268 0010 1030     		adds	r0, r0, #16
 269              	.LVL30:
 270 0012 FFF7FEFF 		bl	chMtxLock
 271              	.LVL31:
 272              		.loc 1 202 0
 273 0016 2B46     		mov	r3, r5
 274              	.LVL32:
 275              	.L29:
 276              		.loc 1 210 0
 277 0018 AB42     		cmp	r3, r5
 278              		.loc 1 211 0
 279 001a 1A68     		ldr	r2, [r3, #0]
 280              		.loc 1 210 0
 281 001c 01D0     		beq	.L23
 282              		.loc 1 210 0 is_stmt 0 discriminator 2
ARM GAS  C:\Users\jenny\AppData\Local\Temp\cctEHOY6.s 			page 6


 283 001e A342     		cmp	r3, r4
 284 0020 02D2     		bcs	.L26
 285              	.L23:
 286              		.loc 1 210 0 discriminator 1
 287 0022 1AB1     		cbz	r2, .L25
 288              		.loc 1 211 0 is_stmt 1
 289 0024 9442     		cmp	r4, r2
 290 0026 01D3     		bcc	.L25
 291              	.L26:
 292              	.LVL33:
 293              		.loc 1 228 0
 294 0028 1346     		mov	r3, r2
 295              		.loc 1 229 0
 296 002a F5E7     		b	.L29
 297              	.LVL34:
 298              	.L25:
 299              		.loc 1 216 0
 300 002c 56F8041C 		ldr	r1, [r6, #-4]
 301              		.loc 1 213 0
 302 0030 46F8082C 		str	r2, [r6, #-8]
 303              		.loc 1 214 0
 304 0034 1C60     		str	r4, [r3, #0]
 305              		.loc 1 216 0
 306 0036 01F10802 		add	r2, r1, #8
 307 003a 56F8085C 		ldr	r5, [r6, #-8]
 308              	.LVL35:
 309 003e A018     		adds	r0, r4, r2
 310 0040 A842     		cmp	r0, r5
 311 0042 09D0     		beq	.L33
 312              		.loc 1 221 0
 313 0044 5A68     		ldr	r2, [r3, #4]
 314 0046 02F10800 		add	r0, r2, #8
 315 004a 1918     		adds	r1, r3, r0
 316 004c 8C42     		cmp	r4, r1
 317 004e 11D0     		beq	.L34
 318              	.L28:
 319              		.loc 1 233 0
 320 0050 BDE87040 		pop	{r4, r5, r6, lr}
 321              		.loc 1 231 0
 322 0054 FFF7FEBF 		b	chMtxUnlock
 323              	.LVL36:
 324              	.L33:
 325              		.loc 1 218 0
 326 0058 4068     		ldr	r0, [r0, #4]
 327              		.loc 1 219 0
 328 005a A258     		ldr	r2, [r4, r2]
 329              		.loc 1 218 0
 330 005c 0918     		adds	r1, r1, r0
 331 005e 0831     		adds	r1, r1, #8
 332 0060 46F8041C 		str	r1, [r6, #-4]
 333              		.loc 1 219 0
 334 0064 46F8082C 		str	r2, [r6, #-8]
 335              		.loc 1 221 0
 336 0068 5A68     		ldr	r2, [r3, #4]
 337 006a 02F10800 		add	r0, r2, #8
 338 006e 1918     		adds	r1, r3, r0
 339 0070 8C42     		cmp	r4, r1
ARM GAS  C:\Users\jenny\AppData\Local\Temp\cctEHOY6.s 			page 7


 340 0072 EDD1     		bne	.L28
 341              	.L34:
 342              		.loc 1 223 0
 343 0074 56F8040C 		ldr	r0, [r6, #-4]
 344              		.loc 1 224 0
 345 0078 56F8081C 		ldr	r1, [r6, #-8]
 346              		.loc 1 223 0
 347 007c 1218     		adds	r2, r2, r0
 348 007e 0832     		adds	r2, r2, #8
 349              		.loc 1 224 0
 350 0080 83E80600 		stmia	r3, {r1, r2}
 351 0084 E4E7     		b	.L28
 352              		.cfi_endproc
 353              	.LFE10:
 354              		.size	chHeapFree, .-chHeapFree
 355 0086 00BFAFF3 		.section	.text.chHeapStatus,"ax",%progbits
 355      0080AFF3 
 355      0080
 356              		.align	2
 357              		.p2align 4,,15
 358              		.global	chHeapStatus
 359              		.thumb
 360              		.thumb_func
 361              		.type	chHeapStatus, %function
 362              	chHeapStatus:
 363              	.LFB11:
 364              		.loc 1 250 0
 365              		.cfi_startproc
 366              		@ args = 0, pretend = 0, frame = 0
 367              		@ frame_needed = 0, uses_anonymous_args = 0
 368              	.LVL37:
 369 0000 38B5     		push	{r3, r4, r5, lr}
 370              	.LCFI2:
 371              		.cfi_def_cfa_offset 16
 372              		.cfi_offset 3, -16
 373              		.cfi_offset 4, -12
 374              		.cfi_offset 5, -8
 375              		.cfi_offset 14, -4
 376              		.loc 1 255 0
 377 0002 0E4C     		ldr	r4, .L46
 378 0004 0028     		cmp	r0, #0
 379 0006 18BF     		it	ne
 380 0008 0446     		movne	r4, r0
 381              		.loc 1 257 0
 382 000a 04F11000 		add	r0, r4, #16
 383              	.LVL38:
 384              		.loc 1 250 0
 385 000e 0D46     		mov	r5, r1
 386              		.loc 1 257 0
 387 0010 FFF7FEFF 		bl	chMtxLock
 388              	.LVL39:
 389              		.loc 1 260 0
 390 0014 A368     		ldr	r3, [r4, #8]
 391 0016 6BB1     		cbz	r3, .L41
 392 0018 0022     		movs	r2, #0
 393 001a 1446     		mov	r4, r2
 394              	.LVL40:
ARM GAS  C:\Users\jenny\AppData\Local\Temp\cctEHOY6.s 			page 8


 395              	.L38:
 396              		.loc 1 261 0 discriminator 2
 397 001c 5868     		ldr	r0, [r3, #4]
 398              		.loc 1 260 0 discriminator 2
 399 001e 1B68     		ldr	r3, [r3, #0]
 400              		.loc 1 261 0 discriminator 2
 401 0020 1218     		adds	r2, r2, r0
 402              	.LVL41:
 403              		.loc 1 260 0 discriminator 2
 404 0022 0134     		adds	r4, r4, #1
 405              	.LVL42:
 406 0024 002B     		cmp	r3, #0
 407 0026 F9D1     		bne	.L38
 408              	.LVL43:
 409              	.L37:
 410              		.loc 1 262 0
 411 0028 05B1     		cbz	r5, .L39
 412              		.loc 1 263 0
 413 002a 2A60     		str	r2, [r5, #0]
 414              	.L39:
 415              		.loc 1 265 0
 416 002c FFF7FEFF 		bl	chMtxUnlock
 417              	.LVL44:
 418              		.loc 1 267 0
 419 0030 2046     		mov	r0, r4
 420 0032 38BD     		pop	{r3, r4, r5, pc}
 421              	.LVL45:
 422              	.L41:
 423              		.loc 1 259 0
 424 0034 1A46     		mov	r2, r3
 425              		.loc 1 260 0
 426 0036 1C46     		mov	r4, r3
 427 0038 F6E7     		b	.L37
 428              	.L47:
 429 003a 00BF     		.align	2
 430              	.L46:
 431 003c 00000000 		.word	.LANCHOR0
 432              		.cfi_endproc
 433              	.LFE11:
 434              		.size	chHeapStatus, .-chHeapStatus
 435              		.section	.bss.default_heap,"aw",%nobits
 436              		.align	3
 437              		.set	.LANCHOR0,. + 0
 438              		.type	default_heap, %object
 439              		.size	default_heap, 32
 440              	default_heap:
 441 0000 00000000 		.space	32
 441      00000000 
 441      00000000 
 441      00000000 
 441      00000000 
 442              		.text
 443              	.Letext0:
 444              		.file 2 "c:\\fbin\\yagarto\\bin\\../lib/gcc/arm-none-eabi/4.7.4/include/stddef.h"
 445              		.file 3 "c:\\fbin\\yagarto\\bin\\../lib/gcc/arm-none-eabi/4.7.4/../../../../arm-none-eabi/include/
 446              		.file 4 "../../os/ports/GCC/ARMCMx/chtypes.h"
 447              		.file 5 "../../os/kernel/include/chlists.h"
ARM GAS  C:\Users\jenny\AppData\Local\Temp\cctEHOY6.s 			page 9


 448              		.file 6 "../../os/kernel/include/chthreads.h"
 449              		.file 7 "../../os/ports/GCC/ARMCMx/chcore_v7m.h"
 450              		.file 8 "../../os/kernel/include/chmtx.h"
 451              		.file 9 "../../os/kernel/include/chmemcore.h"
 452              		.file 10 "../../os/kernel/include/chheap.h"
 453              		.section	.debug_info,"",%progbits
 454              	.Ldebug_info0:
 455 0000 25080000 		.4byte	0x825
 456 0004 0200     		.2byte	0x2
 457 0006 00000000 		.4byte	.Ldebug_abbrev0
 458 000a 04       		.byte	0x4
 459 000b 01       		.uleb128 0x1
 460 000c B6000000 		.4byte	.LASF79
 461 0010 01       		.byte	0x1
 462 0011 08010000 		.4byte	.LASF80
 463 0015 16030000 		.4byte	.LASF81
 464 0019 00000000 		.4byte	.Ldebug_ranges0+0
 465 001d 00000000 		.4byte	0
 466 0021 00000000 		.4byte	0
 467 0025 00000000 		.4byte	.Ldebug_line0
 468 0029 02       		.uleb128 0x2
 469 002a 04       		.byte	0x4
 470 002b 05       		.byte	0x5
 471 002c 696E7400 		.ascii	"int\000"
 472 0030 03       		.uleb128 0x3
 473 0031 06000000 		.4byte	.LASF2
 474 0035 02       		.byte	0x2
 475 0036 D5       		.byte	0xd5
 476 0037 3B000000 		.4byte	0x3b
 477 003b 04       		.uleb128 0x4
 478 003c 04       		.byte	0x4
 479 003d 07       		.byte	0x7
 480 003e 4E010000 		.4byte	.LASF0
 481 0042 04       		.uleb128 0x4
 482 0043 01       		.byte	0x1
 483 0044 06       		.byte	0x6
 484 0045 7F000000 		.4byte	.LASF1
 485 0049 03       		.uleb128 0x3
 486 004a 0E030000 		.4byte	.LASF3
 487 004e 03       		.byte	0x3
 488 004f 2A       		.byte	0x2a
 489 0050 54000000 		.4byte	0x54
 490 0054 04       		.uleb128 0x4
 491 0055 01       		.byte	0x1
 492 0056 08       		.byte	0x8
 493 0057 1C020000 		.4byte	.LASF4
 494 005b 04       		.uleb128 0x4
 495 005c 02       		.byte	0x2
 496 005d 05       		.byte	0x5
 497 005e 3F020000 		.4byte	.LASF5
 498 0062 04       		.uleb128 0x4
 499 0063 02       		.byte	0x2
 500 0064 07       		.byte	0x7
 501 0065 7A010000 		.4byte	.LASF6
 502 0069 03       		.uleb128 0x3
 503 006a 14020000 		.4byte	.LASF7
 504 006e 03       		.byte	0x3
ARM GAS  C:\Users\jenny\AppData\Local\Temp\cctEHOY6.s 			page 10


 505 006f 4F       		.byte	0x4f
 506 0070 74000000 		.4byte	0x74
 507 0074 04       		.uleb128 0x4
 508 0075 04       		.byte	0x4
 509 0076 05       		.byte	0x5
 510 0077 FF000000 		.4byte	.LASF8
 511 007b 03       		.uleb128 0x3
 512 007c 9B020000 		.4byte	.LASF9
 513 0080 03       		.byte	0x3
 514 0081 50       		.byte	0x50
 515 0082 86000000 		.4byte	0x86
 516 0086 04       		.uleb128 0x4
 517 0087 04       		.byte	0x4
 518 0088 07       		.byte	0x7
 519 0089 5B010000 		.4byte	.LASF10
 520 008d 04       		.uleb128 0x4
 521 008e 08       		.byte	0x8
 522 008f 05       		.byte	0x5
 523 0090 71000000 		.4byte	.LASF11
 524 0094 03       		.uleb128 0x3
 525 0095 14000000 		.4byte	.LASF12
 526 0099 03       		.byte	0x3
 527 009a 78       		.byte	0x78
 528 009b 9F000000 		.4byte	0x9f
 529 009f 04       		.uleb128 0x4
 530 00a0 08       		.byte	0x8
 531 00a1 07       		.byte	0x7
 532 00a2 2A000000 		.4byte	.LASF13
 533 00a6 04       		.uleb128 0x4
 534 00a7 01       		.byte	0x1
 535 00a8 02       		.byte	0x2
 536 00a9 0E020000 		.4byte	.LASF14
 537 00ad 03       		.uleb128 0x3
 538 00ae 93010000 		.4byte	.LASF15
 539 00b2 04       		.byte	0x4
 540 00b3 2C       		.byte	0x2c
 541 00b4 49000000 		.4byte	0x49
 542 00b8 03       		.uleb128 0x3
 543 00b9 25010000 		.4byte	.LASF16
 544 00bd 04       		.byte	0x4
 545 00be 2D       		.byte	0x2d
 546 00bf 49000000 		.4byte	0x49
 547 00c3 03       		.uleb128 0x3
 548 00c4 F7010000 		.4byte	.LASF17
 549 00c8 04       		.byte	0x4
 550 00c9 2E       		.byte	0x2e
 551 00ca 49000000 		.4byte	0x49
 552 00ce 03       		.uleb128 0x3
 553 00cf AC000000 		.4byte	.LASF18
 554 00d3 04       		.byte	0x4
 555 00d4 2F       		.byte	0x2f
 556 00d5 49000000 		.4byte	0x49
 557 00d9 03       		.uleb128 0x3
 558 00da 06020000 		.4byte	.LASF19
 559 00de 04       		.byte	0x4
 560 00df 30       		.byte	0x30
 561 00e0 7B000000 		.4byte	0x7b
ARM GAS  C:\Users\jenny\AppData\Local\Temp\cctEHOY6.s 			page 11


 562 00e4 03       		.uleb128 0x3
 563 00e5 8D010000 		.4byte	.LASF20
 564 00e9 04       		.byte	0x4
 565 00ea 31       		.byte	0x31
 566 00eb 69000000 		.4byte	0x69
 567 00ef 03       		.uleb128 0x3
 568 00f0 A7010000 		.4byte	.LASF21
 569 00f4 04       		.byte	0x4
 570 00f5 33       		.byte	0x33
 571 00f6 7B000000 		.4byte	0x7b
 572 00fa 03       		.uleb128 0x3
 573 00fb CF020000 		.4byte	.LASF22
 574 00ff 04       		.byte	0x4
 575 0100 35       		.byte	0x35
 576 0101 7B000000 		.4byte	0x7b
 577 0105 03       		.uleb128 0x3
 578 0106 7D020000 		.4byte	.LASF23
 579 010a 05       		.byte	0x5
 580 010b 2A       		.byte	0x2a
 581 010c 10010000 		.4byte	0x110
 582 0110 05       		.uleb128 0x5
 583 0111 7D020000 		.4byte	.LASF23
 584 0115 48       		.byte	0x48
 585 0116 06       		.byte	0x6
 586 0117 5E       		.byte	0x5e
 587 0118 35020000 		.4byte	0x235
 588 011c 06       		.uleb128 0x6
 589 011d 6E020000 		.4byte	.LASF24
 590 0121 06       		.byte	0x6
 591 0122 5F       		.byte	0x5f
 592 0123 5A020000 		.4byte	0x25a
 593 0127 02       		.byte	0x2
 594 0128 23       		.byte	0x23
 595 0129 00       		.uleb128 0
 596 012a 06       		.uleb128 0x6
 597 012b FF010000 		.4byte	.LASF25
 598 012f 06       		.byte	0x6
 599 0130 61       		.byte	0x61
 600 0131 5A020000 		.4byte	0x25a
 601 0135 02       		.byte	0x2
 602 0136 23       		.byte	0x23
 603 0137 04       		.uleb128 0x4
 604 0138 06       		.uleb128 0x6
 605 0139 6A000000 		.4byte	.LASF26
 606 013d 06       		.byte	0x6
 607 013e 63       		.byte	0x63
 608 013f D9000000 		.4byte	0xd9
 609 0143 02       		.byte	0x2
 610 0144 23       		.byte	0x23
 611 0145 08       		.uleb128 0x8
 612 0146 06       		.uleb128 0x6
 613 0147 90030000 		.4byte	.LASF27
 614 014b 06       		.byte	0x6
 615 014c 64       		.byte	0x64
 616 014d 23040000 		.4byte	0x423
 617 0151 02       		.byte	0x2
 618 0152 23       		.byte	0x23
ARM GAS  C:\Users\jenny\AppData\Local\Temp\cctEHOY6.s 			page 12


 619 0153 0C       		.uleb128 0xc
 620 0154 06       		.uleb128 0x6
 621 0155 2E010000 		.4byte	.LASF28
 622 0159 06       		.byte	0x6
 623 015a 66       		.byte	0x66
 624 015b 5A020000 		.4byte	0x25a
 625 015f 02       		.byte	0x2
 626 0160 23       		.byte	0x23
 627 0161 10       		.uleb128 0x10
 628 0162 06       		.uleb128 0x6
 629 0163 D7010000 		.4byte	.LASF29
 630 0167 06       		.byte	0x6
 631 0168 67       		.byte	0x67
 632 0169 5A020000 		.4byte	0x25a
 633 016d 02       		.byte	0x2
 634 016e 23       		.byte	0x23
 635 016f 14       		.uleb128 0x14
 636 0170 06       		.uleb128 0x6
 637 0171 76030000 		.4byte	.LASF30
 638 0175 06       		.byte	0x6
 639 0176 6E       		.byte	0x6e
 640 0177 A1050000 		.4byte	0x5a1
 641 017b 02       		.byte	0x2
 642 017c 23       		.byte	0x23
 643 017d 18       		.uleb128 0x18
 644 017e 06       		.uleb128 0x6
 645 017f 49020000 		.4byte	.LASF31
 646 0183 06       		.byte	0x6
 647 0184 79       		.byte	0x79
 648 0185 B8000000 		.4byte	0xb8
 649 0189 02       		.byte	0x2
 650 018a 23       		.byte	0x23
 651 018b 1C       		.uleb128 0x1c
 652 018c 06       		.uleb128 0x6
 653 018d 75020000 		.4byte	.LASF32
 654 0191 06       		.byte	0x6
 655 0192 7D       		.byte	0x7d
 656 0193 AD000000 		.4byte	0xad
 657 0197 02       		.byte	0x2
 658 0198 23       		.byte	0x23
 659 0199 1D       		.uleb128 0x1d
 660 019a 06       		.uleb128 0x6
 661 019b 07030000 		.4byte	.LASF33
 662 019f 06       		.byte	0x6
 663 01a0 82       		.byte	0x82
 664 01a1 C3000000 		.4byte	0xc3
 665 01a5 02       		.byte	0x2
 666 01a6 23       		.byte	0x23
 667 01a7 1E       		.uleb128 0x1e
 668 01a8 06       		.uleb128 0x6
 669 01a9 51020000 		.4byte	.LASF34
 670 01ad 06       		.byte	0x6
 671 01ae 88       		.byte	0x88
 672 01af CE000000 		.4byte	0xce
 673 01b3 02       		.byte	0x2
 674 01b4 23       		.byte	0x23
 675 01b5 1F       		.uleb128 0x1f
ARM GAS  C:\Users\jenny\AppData\Local\Temp\cctEHOY6.s 			page 13


 676 01b6 06       		.uleb128 0x6
 677 01b7 E4020000 		.4byte	.LASF35
 678 01bb 06       		.byte	0x6
 679 01bc 8F       		.byte	0x8f
 680 01bd 4D040000 		.4byte	0x44d
 681 01c1 02       		.byte	0x2
 682 01c2 23       		.byte	0x23
 683 01c3 20       		.uleb128 0x20
 684 01c4 07       		.uleb128 0x7
 685 01c5 705F7500 		.ascii	"p_u\000"
 686 01c9 06       		.byte	0x6
 687 01ca B4       		.byte	0xb4
 688 01cb 6C050000 		.4byte	0x56c
 689 01cf 02       		.byte	0x2
 690 01d0 23       		.byte	0x23
 691 01d1 24       		.uleb128 0x24
 692 01d2 06       		.uleb128 0x6
 693 01d3 96030000 		.4byte	.LASF36
 694 01d7 06       		.byte	0x6
 695 01d8 B9       		.byte	0xb9
 696 01d9 82020000 		.4byte	0x282
 697 01dd 02       		.byte	0x2
 698 01de 23       		.byte	0x23
 699 01df 28       		.uleb128 0x28
 700 01e0 06       		.uleb128 0x6
 701 01e1 F2020000 		.4byte	.LASF37
 702 01e5 06       		.byte	0x6
 703 01e6 BF       		.byte	0xbf
 704 01e7 60020000 		.4byte	0x260
 705 01eb 02       		.byte	0x2
 706 01ec 23       		.byte	0x23
 707 01ed 2C       		.uleb128 0x2c
 708 01ee 06       		.uleb128 0x6
 709 01ef 00000000 		.4byte	.LASF38
 710 01f3 06       		.byte	0x6
 711 01f4 C3       		.byte	0xc3
 712 01f5 E4000000 		.4byte	0xe4
 713 01f9 02       		.byte	0x2
 714 01fa 23       		.byte	0x23
 715 01fb 34       		.uleb128 0x34
 716 01fc 06       		.uleb128 0x6
 717 01fd 90020000 		.4byte	.LASF39
 718 0201 06       		.byte	0x6
 719 0202 C9       		.byte	0xc9
 720 0203 EF000000 		.4byte	0xef
 721 0207 02       		.byte	0x2
 722 0208 23       		.byte	0x23
 723 0209 38       		.uleb128 0x38
 724 020a 06       		.uleb128 0x6
 725 020b 35020000 		.4byte	.LASF40
 726 020f 06       		.byte	0x6
 727 0210 D0       		.byte	0xd0
 728 0211 B3050000 		.4byte	0x5b3
 729 0215 02       		.byte	0x2
 730 0216 23       		.byte	0x23
 731 0217 3C       		.uleb128 0x3c
 732 0218 06       		.uleb128 0x6
ARM GAS  C:\Users\jenny\AppData\Local\Temp\cctEHOY6.s 			page 14


 733 0219 D9020000 		.4byte	.LASF41
 734 021d 06       		.byte	0x6
 735 021e D4       		.byte	0xd4
 736 021f D9000000 		.4byte	0xd9
 737 0223 02       		.byte	0x2
 738 0224 23       		.byte	0x23
 739 0225 40       		.uleb128 0x40
 740 0226 06       		.uleb128 0x6
 741 0227 91000000 		.4byte	.LASF42
 742 022b 06       		.byte	0x6
 743 022c DA       		.byte	0xda
 744 022d 98020000 		.4byte	0x298
 745 0231 02       		.byte	0x2
 746 0232 23       		.byte	0x23
 747 0233 44       		.uleb128 0x44
 748 0234 00       		.byte	0
 749 0235 08       		.uleb128 0x8
 750 0236 08       		.byte	0x8
 751 0237 05       		.byte	0x5
 752 0238 61       		.byte	0x61
 753 0239 5A020000 		.4byte	0x25a
 754 023d 06       		.uleb128 0x6
 755 023e 6E020000 		.4byte	.LASF24
 756 0242 05       		.byte	0x5
 757 0243 62       		.byte	0x62
 758 0244 5A020000 		.4byte	0x25a
 759 0248 02       		.byte	0x2
 760 0249 23       		.byte	0x23
 761 024a 00       		.uleb128 0
 762 024b 06       		.uleb128 0x6
 763 024c FF010000 		.4byte	.LASF25
 764 0250 05       		.byte	0x5
 765 0251 64       		.byte	0x64
 766 0252 5A020000 		.4byte	0x25a
 767 0256 02       		.byte	0x2
 768 0257 23       		.byte	0x23
 769 0258 04       		.uleb128 0x4
 770 0259 00       		.byte	0
 771 025a 09       		.uleb128 0x9
 772 025b 04       		.byte	0x4
 773 025c 05010000 		.4byte	0x105
 774 0260 03       		.uleb128 0x3
 775 0261 DF010000 		.4byte	.LASF43
 776 0265 05       		.byte	0x5
 777 0266 66       		.byte	0x66
 778 0267 35020000 		.4byte	0x235
 779 026b 08       		.uleb128 0x8
 780 026c 04       		.byte	0x4
 781 026d 05       		.byte	0x5
 782 026e 6B       		.byte	0x6b
 783 026f 82020000 		.4byte	0x282
 784 0273 06       		.uleb128 0x6
 785 0274 6E020000 		.4byte	.LASF24
 786 0278 05       		.byte	0x5
 787 0279 6D       		.byte	0x6d
 788 027a 5A020000 		.4byte	0x25a
 789 027e 02       		.byte	0x2
ARM GAS  C:\Users\jenny\AppData\Local\Temp\cctEHOY6.s 			page 15


 790 027f 23       		.byte	0x23
 791 0280 00       		.uleb128 0
 792 0281 00       		.byte	0
 793 0282 03       		.uleb128 0x3
 794 0283 9B010000 		.4byte	.LASF44
 795 0287 05       		.byte	0x5
 796 0288 70       		.byte	0x70
 797 0289 6B020000 		.4byte	0x26b
 798 028d 03       		.uleb128 0x3
 799 028e 3F010000 		.4byte	.LASF45
 800 0292 07       		.byte	0x7
 801 0293 E5       		.byte	0xe5
 802 0294 98020000 		.4byte	0x298
 803 0298 0A       		.uleb128 0xa
 804 0299 04       		.byte	0x4
 805 029a 03       		.uleb128 0x3
 806 029b B9010000 		.4byte	.LASF46
 807 029f 07       		.byte	0x7
 808 02a0 EB       		.byte	0xeb
 809 02a1 94000000 		.4byte	0x94
 810 02a5 0B       		.uleb128 0xb
 811 02a6 EB020000 		.4byte	.LASF47
 812 02aa 64       		.byte	0x64
 813 02ab 07       		.byte	0x7
 814 02ac 0C01     		.2byte	0x10c
 815 02ae 23040000 		.4byte	0x423
 816 02b2 0C       		.uleb128 0xc
 817 02b3 73313600 		.ascii	"s16\000"
 818 02b7 07       		.byte	0x7
 819 02b8 0E01     		.2byte	0x10e
 820 02ba 8D020000 		.4byte	0x28d
 821 02be 02       		.byte	0x2
 822 02bf 23       		.byte	0x23
 823 02c0 00       		.uleb128 0
 824 02c1 0C       		.uleb128 0xc
 825 02c2 73313700 		.ascii	"s17\000"
 826 02c6 07       		.byte	0x7
 827 02c7 0F01     		.2byte	0x10f
 828 02c9 8D020000 		.4byte	0x28d
 829 02cd 02       		.byte	0x2
 830 02ce 23       		.byte	0x23
 831 02cf 04       		.uleb128 0x4
 832 02d0 0C       		.uleb128 0xc
 833 02d1 73313800 		.ascii	"s18\000"
 834 02d5 07       		.byte	0x7
 835 02d6 1001     		.2byte	0x110
 836 02d8 8D020000 		.4byte	0x28d
 837 02dc 02       		.byte	0x2
 838 02dd 23       		.byte	0x23
 839 02de 08       		.uleb128 0x8
 840 02df 0C       		.uleb128 0xc
 841 02e0 73313900 		.ascii	"s19\000"
 842 02e4 07       		.byte	0x7
 843 02e5 1101     		.2byte	0x111
 844 02e7 8D020000 		.4byte	0x28d
 845 02eb 02       		.byte	0x2
 846 02ec 23       		.byte	0x23
ARM GAS  C:\Users\jenny\AppData\Local\Temp\cctEHOY6.s 			page 16


 847 02ed 0C       		.uleb128 0xc
 848 02ee 0C       		.uleb128 0xc
 849 02ef 73323000 		.ascii	"s20\000"
 850 02f3 07       		.byte	0x7
 851 02f4 1201     		.2byte	0x112
 852 02f6 8D020000 		.4byte	0x28d
 853 02fa 02       		.byte	0x2
 854 02fb 23       		.byte	0x23
 855 02fc 10       		.uleb128 0x10
 856 02fd 0C       		.uleb128 0xc
 857 02fe 73323100 		.ascii	"s21\000"
 858 0302 07       		.byte	0x7
 859 0303 1301     		.2byte	0x113
 860 0305 8D020000 		.4byte	0x28d
 861 0309 02       		.byte	0x2
 862 030a 23       		.byte	0x23
 863 030b 14       		.uleb128 0x14
 864 030c 0C       		.uleb128 0xc
 865 030d 73323200 		.ascii	"s22\000"
 866 0311 07       		.byte	0x7
 867 0312 1401     		.2byte	0x114
 868 0314 8D020000 		.4byte	0x28d
 869 0318 02       		.byte	0x2
 870 0319 23       		.byte	0x23
 871 031a 18       		.uleb128 0x18
 872 031b 0C       		.uleb128 0xc
 873 031c 73323300 		.ascii	"s23\000"
 874 0320 07       		.byte	0x7
 875 0321 1501     		.2byte	0x115
 876 0323 8D020000 		.4byte	0x28d
 877 0327 02       		.byte	0x2
 878 0328 23       		.byte	0x23
 879 0329 1C       		.uleb128 0x1c
 880 032a 0C       		.uleb128 0xc
 881 032b 73323400 		.ascii	"s24\000"
 882 032f 07       		.byte	0x7
 883 0330 1601     		.2byte	0x116
 884 0332 8D020000 		.4byte	0x28d
 885 0336 02       		.byte	0x2
 886 0337 23       		.byte	0x23
 887 0338 20       		.uleb128 0x20
 888 0339 0C       		.uleb128 0xc
 889 033a 73323500 		.ascii	"s25\000"
 890 033e 07       		.byte	0x7
 891 033f 1701     		.2byte	0x117
 892 0341 8D020000 		.4byte	0x28d
 893 0345 02       		.byte	0x2
 894 0346 23       		.byte	0x23
 895 0347 24       		.uleb128 0x24
 896 0348 0C       		.uleb128 0xc
 897 0349 73323600 		.ascii	"s26\000"
 898 034d 07       		.byte	0x7
 899 034e 1801     		.2byte	0x118
 900 0350 8D020000 		.4byte	0x28d
 901 0354 02       		.byte	0x2
 902 0355 23       		.byte	0x23
 903 0356 28       		.uleb128 0x28
ARM GAS  C:\Users\jenny\AppData\Local\Temp\cctEHOY6.s 			page 17


 904 0357 0C       		.uleb128 0xc
 905 0358 73323700 		.ascii	"s27\000"
 906 035c 07       		.byte	0x7
 907 035d 1901     		.2byte	0x119
 908 035f 8D020000 		.4byte	0x28d
 909 0363 02       		.byte	0x2
 910 0364 23       		.byte	0x23
 911 0365 2C       		.uleb128 0x2c
 912 0366 0C       		.uleb128 0xc
 913 0367 73323800 		.ascii	"s28\000"
 914 036b 07       		.byte	0x7
 915 036c 1A01     		.2byte	0x11a
 916 036e 8D020000 		.4byte	0x28d
 917 0372 02       		.byte	0x2
 918 0373 23       		.byte	0x23
 919 0374 30       		.uleb128 0x30
 920 0375 0C       		.uleb128 0xc
 921 0376 73323900 		.ascii	"s29\000"
 922 037a 07       		.byte	0x7
 923 037b 1B01     		.2byte	0x11b
 924 037d 8D020000 		.4byte	0x28d
 925 0381 02       		.byte	0x2
 926 0382 23       		.byte	0x23
 927 0383 34       		.uleb128 0x34
 928 0384 0C       		.uleb128 0xc
 929 0385 73333000 		.ascii	"s30\000"
 930 0389 07       		.byte	0x7
 931 038a 1C01     		.2byte	0x11c
 932 038c 8D020000 		.4byte	0x28d
 933 0390 02       		.byte	0x2
 934 0391 23       		.byte	0x23
 935 0392 38       		.uleb128 0x38
 936 0393 0C       		.uleb128 0xc
 937 0394 73333100 		.ascii	"s31\000"
 938 0398 07       		.byte	0x7
 939 0399 1D01     		.2byte	0x11d
 940 039b 8D020000 		.4byte	0x28d
 941 039f 02       		.byte	0x2
 942 03a0 23       		.byte	0x23
 943 03a1 3C       		.uleb128 0x3c
 944 03a2 0C       		.uleb128 0xc
 945 03a3 723400   		.ascii	"r4\000"
 946 03a6 07       		.byte	0x7
 947 03a7 1F01     		.2byte	0x11f
 948 03a9 8D020000 		.4byte	0x28d
 949 03ad 02       		.byte	0x2
 950 03ae 23       		.byte	0x23
 951 03af 40       		.uleb128 0x40
 952 03b0 0C       		.uleb128 0xc
 953 03b1 723500   		.ascii	"r5\000"
 954 03b4 07       		.byte	0x7
 955 03b5 2001     		.2byte	0x120
 956 03b7 8D020000 		.4byte	0x28d
 957 03bb 02       		.byte	0x2
 958 03bc 23       		.byte	0x23
 959 03bd 44       		.uleb128 0x44
 960 03be 0C       		.uleb128 0xc
ARM GAS  C:\Users\jenny\AppData\Local\Temp\cctEHOY6.s 			page 18


 961 03bf 723600   		.ascii	"r6\000"
 962 03c2 07       		.byte	0x7
 963 03c3 2101     		.2byte	0x121
 964 03c5 8D020000 		.4byte	0x28d
 965 03c9 02       		.byte	0x2
 966 03ca 23       		.byte	0x23
 967 03cb 48       		.uleb128 0x48
 968 03cc 0C       		.uleb128 0xc
 969 03cd 723700   		.ascii	"r7\000"
 970 03d0 07       		.byte	0x7
 971 03d1 2201     		.2byte	0x122
 972 03d3 8D020000 		.4byte	0x28d
 973 03d7 02       		.byte	0x2
 974 03d8 23       		.byte	0x23
 975 03d9 4C       		.uleb128 0x4c
 976 03da 0C       		.uleb128 0xc
 977 03db 723800   		.ascii	"r8\000"
 978 03de 07       		.byte	0x7
 979 03df 2301     		.2byte	0x123
 980 03e1 8D020000 		.4byte	0x28d
 981 03e5 02       		.byte	0x2
 982 03e6 23       		.byte	0x23
 983 03e7 50       		.uleb128 0x50
 984 03e8 0C       		.uleb128 0xc
 985 03e9 723900   		.ascii	"r9\000"
 986 03ec 07       		.byte	0x7
 987 03ed 2401     		.2byte	0x124
 988 03ef 8D020000 		.4byte	0x28d
 989 03f3 02       		.byte	0x2
 990 03f4 23       		.byte	0x23
 991 03f5 54       		.uleb128 0x54
 992 03f6 0C       		.uleb128 0xc
 993 03f7 72313000 		.ascii	"r10\000"
 994 03fb 07       		.byte	0x7
 995 03fc 2501     		.2byte	0x125
 996 03fe 8D020000 		.4byte	0x28d
 997 0402 02       		.byte	0x2
 998 0403 23       		.byte	0x23
 999 0404 58       		.uleb128 0x58
 1000 0405 0C       		.uleb128 0xc
 1001 0406 72313100 		.ascii	"r11\000"
 1002 040a 07       		.byte	0x7
 1003 040b 2601     		.2byte	0x126
 1004 040d 8D020000 		.4byte	0x28d
 1005 0411 02       		.byte	0x2
 1006 0412 23       		.byte	0x23
 1007 0413 5C       		.uleb128 0x5c
 1008 0414 0C       		.uleb128 0xc
 1009 0415 6C7200   		.ascii	"lr\000"
 1010 0418 07       		.byte	0x7
 1011 0419 2701     		.2byte	0x127
 1012 041b 8D020000 		.4byte	0x28d
 1013 041f 02       		.byte	0x2
 1014 0420 23       		.byte	0x23
 1015 0421 60       		.uleb128 0x60
 1016 0422 00       		.byte	0
 1017 0423 0B       		.uleb128 0xb
ARM GAS  C:\Users\jenny\AppData\Local\Temp\cctEHOY6.s 			page 19


 1018 0424 6D010000 		.4byte	.LASF48
 1019 0428 04       		.byte	0x4
 1020 0429 07       		.byte	0x7
 1021 042a 3101     		.2byte	0x131
 1022 042c 40040000 		.4byte	0x440
 1023 0430 0C       		.uleb128 0xc
 1024 0431 72313300 		.ascii	"r13\000"
 1025 0435 07       		.byte	0x7
 1026 0436 3201     		.2byte	0x132
 1027 0438 40040000 		.4byte	0x440
 1028 043c 02       		.byte	0x2
 1029 043d 23       		.byte	0x23
 1030 043e 00       		.uleb128 0
 1031 043f 00       		.byte	0
 1032 0440 09       		.uleb128 0x9
 1033 0441 04       		.byte	0x4
 1034 0442 A5020000 		.4byte	0x2a5
 1035 0446 04       		.uleb128 0x4
 1036 0447 04       		.byte	0x4
 1037 0448 07       		.byte	0x7
 1038 0449 C4010000 		.4byte	.LASF49
 1039 044d 0D       		.uleb128 0xd
 1040 044e FA000000 		.4byte	0xfa
 1041 0452 05       		.uleb128 0x5
 1042 0453 B3010000 		.4byte	.LASF50
 1043 0457 10       		.byte	0x10
 1044 0458 08       		.byte	0x8
 1045 0459 2C       		.byte	0x2c
 1046 045a 89040000 		.4byte	0x489
 1047 045e 06       		.uleb128 0x6
 1048 045f 99000000 		.4byte	.LASF51
 1049 0463 08       		.byte	0x8
 1050 0464 2D       		.byte	0x2d
 1051 0465 60020000 		.4byte	0x260
 1052 0469 02       		.byte	0x2
 1053 046a 23       		.byte	0x23
 1054 046b 00       		.uleb128 0
 1055 046c 06       		.uleb128 0x6
 1056 046d 88030000 		.4byte	.LASF52
 1057 0471 08       		.byte	0x8
 1058 0472 2F       		.byte	0x2f
 1059 0473 5A020000 		.4byte	0x25a
 1060 0477 02       		.byte	0x2
 1061 0478 23       		.byte	0x23
 1062 0479 08       		.uleb128 0x8
 1063 047a 06       		.uleb128 0x6
 1064 047b C8020000 		.4byte	.LASF53
 1065 047f 08       		.byte	0x8
 1066 0480 31       		.byte	0x31
 1067 0481 89040000 		.4byte	0x489
 1068 0485 02       		.byte	0x2
 1069 0486 23       		.byte	0x23
 1070 0487 0C       		.uleb128 0xc
 1071 0488 00       		.byte	0
 1072 0489 09       		.uleb128 0x9
 1073 048a 04       		.byte	0x4
 1074 048b 52040000 		.4byte	0x452
ARM GAS  C:\Users\jenny\AppData\Local\Temp\cctEHOY6.s 			page 20


 1075 048f 03       		.uleb128 0x3
 1076 0490 B3010000 		.4byte	.LASF50
 1077 0494 08       		.byte	0x8
 1078 0495 33       		.byte	0x33
 1079 0496 52040000 		.4byte	0x452
 1080 049a 03       		.uleb128 0x3
 1081 049b 1D000000 		.4byte	.LASF54
 1082 049f 09       		.byte	0x9
 1083 04a0 2C       		.byte	0x2c
 1084 04a1 A5040000 		.4byte	0x4a5
 1085 04a5 09       		.uleb128 0x9
 1086 04a6 04       		.byte	0x4
 1087 04a7 AB040000 		.4byte	0x4ab
 1088 04ab 0E       		.uleb128 0xe
 1089 04ac 01       		.byte	0x1
 1090 04ad 98020000 		.4byte	0x298
 1091 04b1 BB040000 		.4byte	0x4bb
 1092 04b5 0F       		.uleb128 0xf
 1093 04b6 30000000 		.4byte	0x30
 1094 04ba 00       		.byte	0
 1095 04bb 03       		.uleb128 0x3
 1096 04bc EC010000 		.4byte	.LASF55
 1097 04c0 0A       		.byte	0xa
 1098 04c1 34       		.byte	0x34
 1099 04c2 C6040000 		.4byte	0x4c6
 1100 04c6 05       		.uleb128 0x5
 1101 04c7 A0030000 		.4byte	.LASF56
 1102 04cb 20       		.byte	0x20
 1103 04cc 0A       		.byte	0xa
 1104 04cd 47       		.byte	0x47
 1105 04ce FD040000 		.4byte	0x4fd
 1106 04d2 06       		.uleb128 0x6
 1107 04d3 2A020000 		.4byte	.LASF57
 1108 04d7 0A       		.byte	0xa
 1109 04d8 48       		.byte	0x48
 1110 04d9 9A040000 		.4byte	0x49a
 1111 04dd 02       		.byte	0x2
 1112 04de 23       		.byte	0x23
 1113 04df 00       		.uleb128 0
 1114 04e0 06       		.uleb128 0x6
 1115 04e1 41000000 		.4byte	.LASF58
 1116 04e5 0A       		.byte	0xa
 1117 04e6 4A       		.byte	0x4a
 1118 04e7 1C050000 		.4byte	0x51c
 1119 04eb 02       		.byte	0x2
 1120 04ec 23       		.byte	0x23
 1121 04ed 08       		.uleb128 0x8
 1122 04ee 06       		.uleb128 0x6
 1123 04ef 8B000000 		.4byte	.LASF59
 1124 04f3 0A       		.byte	0xa
 1125 04f4 4C       		.byte	0x4c
 1126 04f5 8F040000 		.4byte	0x48f
 1127 04f9 02       		.byte	0x2
 1128 04fa 23       		.byte	0x23
 1129 04fb 10       		.uleb128 0x10
 1130 04fc 00       		.byte	0
 1131 04fd 10       		.uleb128 0x10
ARM GAS  C:\Users\jenny\AppData\Local\Temp\cctEHOY6.s 			page 21


 1132 04fe 04       		.byte	0x4
 1133 04ff 0A       		.byte	0xa
 1134 0500 3C       		.byte	0x3c
 1135 0501 1C050000 		.4byte	0x51c
 1136 0505 11       		.uleb128 0x11
 1137 0506 65000000 		.4byte	.LASF60
 1138 050a 0A       		.byte	0xa
 1139 050b 3D       		.byte	0x3d
 1140 050c 3D050000 		.4byte	0x53d
 1141 0510 11       		.uleb128 0x11
 1142 0511 A4020000 		.4byte	.LASF61
 1143 0515 0A       		.byte	0xa
 1144 0516 3E       		.byte	0x3e
 1145 0517 43050000 		.4byte	0x543
 1146 051b 00       		.byte	0
 1147 051c 12       		.uleb128 0x12
 1148 051d 5B020000 		.4byte	.LASF82
 1149 0521 08       		.byte	0x8
 1150 0522 0A       		.byte	0xa
 1151 0523 39       		.byte	0x39
 1152 0524 3D050000 		.4byte	0x53d
 1153 0528 11       		.uleb128 0x11
 1154 0529 48010000 		.4byte	.LASF62
 1155 052d 0A       		.byte	0xa
 1156 052e 3A       		.byte	0x3a
 1157 052f 9A020000 		.4byte	0x29a
 1158 0533 13       		.uleb128 0x13
 1159 0534 6800     		.ascii	"h\000"
 1160 0536 0A       		.byte	0xa
 1161 0537 41       		.byte	0x41
 1162 0538 49050000 		.4byte	0x549
 1163 053c 00       		.byte	0
 1164 053d 09       		.uleb128 0x9
 1165 053e 04       		.byte	0x4
 1166 053f 1C050000 		.4byte	0x51c
 1167 0543 09       		.uleb128 0x9
 1168 0544 04       		.byte	0x4
 1169 0545 BB040000 		.4byte	0x4bb
 1170 0549 08       		.uleb128 0x8
 1171 054a 08       		.byte	0x8
 1172 054b 0A       		.byte	0xa
 1173 054c 3B       		.byte	0x3b
 1174 054d 6C050000 		.4byte	0x56c
 1175 0551 07       		.uleb128 0x7
 1176 0552 7500     		.ascii	"u\000"
 1177 0554 0A       		.byte	0xa
 1178 0555 3F       		.byte	0x3f
 1179 0556 FD040000 		.4byte	0x4fd
 1180 055a 02       		.byte	0x2
 1181 055b 23       		.byte	0x23
 1182 055c 00       		.uleb128 0
 1183 055d 06       		.uleb128 0x6
 1184 055e 75010000 		.4byte	.LASF63
 1185 0562 0A       		.byte	0xa
 1186 0563 40       		.byte	0x40
 1187 0564 30000000 		.4byte	0x30
 1188 0568 02       		.byte	0x2
ARM GAS  C:\Users\jenny\AppData\Local\Temp\cctEHOY6.s 			page 22


 1189 0569 23       		.byte	0x23
 1190 056a 04       		.uleb128 0x4
 1191 056b 00       		.byte	0
 1192 056c 10       		.uleb128 0x10
 1193 056d 04       		.byte	0x4
 1194 056e 06       		.byte	0x6
 1195 056f 96       		.byte	0x96
 1196 0570 A1050000 		.4byte	0x5a1
 1197 0574 11       		.uleb128 0x11
 1198 0575 0D000000 		.4byte	.LASF64
 1199 0579 06       		.byte	0x6
 1200 057a 9D       		.byte	0x9d
 1201 057b E4000000 		.4byte	0xe4
 1202 057f 11       		.uleb128 0x11
 1203 0580 36010000 		.4byte	.LASF65
 1204 0584 06       		.byte	0x6
 1205 0585 A4       		.byte	0xa4
 1206 0586 E4000000 		.4byte	0xe4
 1207 058a 11       		.uleb128 0x11
 1208 058b 69030000 		.4byte	.LASF66
 1209 058f 06       		.byte	0x6
 1210 0590 AB       		.byte	0xab
 1211 0591 98020000 		.4byte	0x298
 1212 0595 11       		.uleb128 0x11
 1213 0596 67020000 		.4byte	.LASF67
 1214 059a 06       		.byte	0x6
 1215 059b B2       		.byte	0xb2
 1216 059c EF000000 		.4byte	0xef
 1217 05a0 00       		.byte	0
 1218 05a1 09       		.uleb128 0x9
 1219 05a2 04       		.byte	0x4
 1220 05a3 A7050000 		.4byte	0x5a7
 1221 05a7 14       		.uleb128 0x14
 1222 05a8 AC050000 		.4byte	0x5ac
 1223 05ac 04       		.uleb128 0x4
 1224 05ad 01       		.byte	0x1
 1225 05ae 08       		.byte	0x8
 1226 05af B6020000 		.4byte	.LASF68
 1227 05b3 09       		.uleb128 0x9
 1228 05b4 04       		.byte	0x4
 1229 05b5 8F040000 		.4byte	0x48f
 1230 05b9 15       		.uleb128 0x15
 1231 05ba 01       		.byte	0x1
 1232 05bb 7D030000 		.4byte	.LASF69
 1233 05bf 01       		.byte	0x1
 1234 05c0 4B       		.byte	0x4b
 1235 05c1 01       		.byte	0x1
 1236 05c2 00000000 		.4byte	.LFB7
 1237 05c6 20000000 		.4byte	.LFE7
 1238 05ca 02       		.byte	0x2
 1239 05cb 7D       		.byte	0x7d
 1240 05cc 00       		.sleb128 0
 1241 05cd 01       		.byte	0x1
 1242 05ce E7050000 		.4byte	0x5e7
 1243 05d2 16       		.uleb128 0x16
 1244 05d3 20000000 		.4byte	.LVL0
 1245 05d7 01       		.byte	0x1
ARM GAS  C:\Users\jenny\AppData\Local\Temp\cctEHOY6.s 			page 23


 1246 05d8 F2070000 		.4byte	0x7f2
 1247 05dc 17       		.uleb128 0x17
 1248 05dd 01       		.byte	0x1
 1249 05de 50       		.byte	0x50
 1250 05df 05       		.byte	0x5
 1251 05e0 03       		.byte	0x3
 1252 05e1 10000000 		.4byte	.LANCHOR0+16
 1253 05e5 00       		.byte	0
 1254 05e6 00       		.byte	0
 1255 05e7 15       		.uleb128 0x15
 1256 05e8 01       		.byte	0x1
 1257 05e9 5A000000 		.4byte	.LASF70
 1258 05ed 01       		.byte	0x1
 1259 05ee 63       		.byte	0x63
 1260 05ef 01       		.byte	0x1
 1261 05f0 00000000 		.4byte	.LFB8
 1262 05f4 14000000 		.4byte	.LFE8
 1263 05f8 02       		.byte	0x2
 1264 05f9 7D       		.byte	0x7d
 1265 05fa 00       		.sleb128 0
 1266 05fb 01       		.byte	0x1
 1267 05fc 50060000 		.4byte	0x650
 1268 0600 18       		.uleb128 0x18
 1269 0601 48000000 		.4byte	.LASF71
 1270 0605 01       		.byte	0x1
 1271 0606 63       		.byte	0x63
 1272 0607 43050000 		.4byte	0x543
 1273 060b 00000000 		.4byte	.LLST0
 1274 060f 19       		.uleb128 0x19
 1275 0610 62756600 		.ascii	"buf\000"
 1276 0614 01       		.byte	0x1
 1277 0615 63       		.byte	0x63
 1278 0616 98020000 		.4byte	0x298
 1279 061a 2E000000 		.4byte	.LLST1
 1280 061e 18       		.uleb128 0x18
 1281 061f 75010000 		.4byte	.LASF63
 1282 0623 01       		.byte	0x1
 1283 0624 63       		.byte	0x63
 1284 0625 30000000 		.4byte	0x30
 1285 0629 4F000000 		.4byte	.LLST2
 1286 062d 1A       		.uleb128 0x1a
 1287 062e 687000   		.ascii	"hp\000"
 1288 0631 01       		.byte	0x1
 1289 0632 64       		.byte	0x64
 1290 0633 3D050000 		.4byte	0x53d
 1291 0637 7D000000 		.4byte	.LLST3
 1292 063b 16       		.uleb128 0x16
 1293 063c 14000000 		.4byte	.LVL5
 1294 0640 01       		.byte	0x1
 1295 0641 F2070000 		.4byte	0x7f2
 1296 0645 17       		.uleb128 0x17
 1297 0646 01       		.byte	0x1
 1298 0647 50       		.byte	0x50
 1299 0648 05       		.byte	0x5
 1300 0649 F3       		.byte	0xf3
 1301 064a 01       		.uleb128 0x1
 1302 064b 50       		.byte	0x50
ARM GAS  C:\Users\jenny\AppData\Local\Temp\cctEHOY6.s 			page 24


 1303 064c 23       		.byte	0x23
 1304 064d 10       		.uleb128 0x10
 1305 064e 00       		.byte	0
 1306 064f 00       		.byte	0
 1307 0650 1B       		.uleb128 0x1b
 1308 0651 01       		.byte	0x1
 1309 0652 84020000 		.4byte	.LASF73
 1310 0656 01       		.byte	0x1
 1311 0657 84       		.byte	0x84
 1312 0658 01       		.byte	0x1
 1313 0659 98020000 		.4byte	0x298
 1314 065d 00000000 		.4byte	.LFB9
 1315 0661 88000000 		.4byte	.LFE9
 1316 0665 9E000000 		.4byte	.LLST4
 1317 0669 01       		.byte	0x1
 1318 066a E9060000 		.4byte	0x6e9
 1319 066e 18       		.uleb128 0x18
 1320 066f 48000000 		.4byte	.LASF71
 1321 0673 01       		.byte	0x1
 1322 0674 84       		.byte	0x84
 1323 0675 43050000 		.4byte	0x543
 1324 0679 BE000000 		.4byte	.LLST5
 1325 067d 18       		.uleb128 0x18
 1326 067e 75010000 		.4byte	.LASF63
 1327 0682 01       		.byte	0x1
 1328 0683 84       		.byte	0x84
 1329 0684 30000000 		.4byte	0x30
 1330 0688 DF000000 		.4byte	.LLST6
 1331 068c 1A       		.uleb128 0x1a
 1332 068d 717000   		.ascii	"qp\000"
 1333 0690 01       		.byte	0x1
 1334 0691 85       		.byte	0x85
 1335 0692 3D050000 		.4byte	0x53d
 1336 0696 0A010000 		.4byte	.LLST7
 1337 069a 1A       		.uleb128 0x1a
 1338 069b 687000   		.ascii	"hp\000"
 1339 069e 01       		.byte	0x1
 1340 069f 85       		.byte	0x85
 1341 06a0 3D050000 		.4byte	0x53d
 1342 06a4 33010000 		.4byte	.LLST8
 1343 06a8 1A       		.uleb128 0x1a
 1344 06a9 667000   		.ascii	"fp\000"
 1345 06ac 01       		.byte	0x1
 1346 06ad 85       		.byte	0x85
 1347 06ae 3D050000 		.4byte	0x53d
 1348 06b2 7F010000 		.4byte	.LLST9
 1349 06b6 1C       		.uleb128 0x1c
 1350 06b7 1C000000 		.4byte	.LVL11
 1351 06bb 06080000 		.4byte	0x806
 1352 06bf CA060000 		.4byte	0x6ca
 1353 06c3 17       		.uleb128 0x17
 1354 06c4 01       		.byte	0x1
 1355 06c5 50       		.byte	0x50
 1356 06c6 02       		.byte	0x2
 1357 06c7 76       		.byte	0x76
 1358 06c8 10       		.sleb128 16
 1359 06c9 00       		.byte	0
ARM GAS  C:\Users\jenny\AppData\Local\Temp\cctEHOY6.s 			page 25


 1360 06ca 1D       		.uleb128 0x1d
 1361 06cb 5A000000 		.4byte	.LVL18
 1362 06cf 1A080000 		.4byte	0x81a
 1363 06d3 1D       		.uleb128 0x1d
 1364 06d4 68000000 		.4byte	.LVL20
 1365 06d8 1A080000 		.4byte	0x81a
 1366 06dc 1E       		.uleb128 0x1e
 1367 06dd 72000000 		.4byte	.LVL21
 1368 06e1 17       		.uleb128 0x17
 1369 06e2 01       		.byte	0x1
 1370 06e3 50       		.byte	0x50
 1371 06e4 02       		.byte	0x2
 1372 06e5 75       		.byte	0x75
 1373 06e6 08       		.sleb128 8
 1374 06e7 00       		.byte	0
 1375 06e8 00       		.byte	0
 1376 06e9 1F       		.uleb128 0x1f
 1377 06ea 01       		.byte	0x1
 1378 06eb A1000000 		.4byte	.LASF72
 1379 06ef 01       		.byte	0x1
 1380 06f0 C2       		.byte	0xc2
 1381 06f1 01       		.byte	0x1
 1382 06f2 00000000 		.4byte	.LFB10
 1383 06f6 86000000 		.4byte	.LFE10
 1384 06fa 92010000 		.4byte	.LLST10
 1385 06fe 01       		.byte	0x1
 1386 06ff 58070000 		.4byte	0x758
 1387 0703 19       		.uleb128 0x19
 1388 0704 7000     		.ascii	"p\000"
 1389 0706 01       		.byte	0x1
 1390 0707 C2       		.byte	0xc2
 1391 0708 98020000 		.4byte	0x298
 1392 070c B2010000 		.4byte	.LLST11
 1393 0710 1A       		.uleb128 0x1a
 1394 0711 717000   		.ascii	"qp\000"
 1395 0714 01       		.byte	0x1
 1396 0715 C3       		.byte	0xc3
 1397 0716 3D050000 		.4byte	0x53d
 1398 071a D0010000 		.4byte	.LLST12
 1399 071e 20       		.uleb128 0x20
 1400 071f 687000   		.ascii	"hp\000"
 1401 0722 01       		.byte	0x1
 1402 0723 C3       		.byte	0xc3
 1403 0724 3D050000 		.4byte	0x53d
 1404 0728 01       		.byte	0x1
 1405 0729 54       		.byte	0x54
 1406 072a 21       		.uleb128 0x21
 1407 072b 48000000 		.4byte	.LASF71
 1408 072f 01       		.byte	0x1
 1409 0730 C4       		.byte	0xc4
 1410 0731 43050000 		.4byte	0x543
 1411 0735 0F020000 		.4byte	.LLST13
 1412 0739 1C       		.uleb128 0x1c
 1413 073a 16000000 		.4byte	.LVL31
 1414 073e 06080000 		.4byte	0x806
 1415 0742 4D070000 		.4byte	0x74d
 1416 0746 17       		.uleb128 0x17
ARM GAS  C:\Users\jenny\AppData\Local\Temp\cctEHOY6.s 			page 26


 1417 0747 01       		.byte	0x1
 1418 0748 50       		.byte	0x50
 1419 0749 02       		.byte	0x2
 1420 074a 75       		.byte	0x75
 1421 074b 08       		.sleb128 8
 1422 074c 00       		.byte	0
 1423 074d 22       		.uleb128 0x22
 1424 074e 58000000 		.4byte	.LVL36
 1425 0752 01       		.byte	0x1
 1426 0753 1A080000 		.4byte	0x81a
 1427 0757 00       		.byte	0
 1428 0758 1B       		.uleb128 0x1b
 1429 0759 01       		.byte	0x1
 1430 075a BB020000 		.4byte	.LASF74
 1431 075e 01       		.byte	0x1
 1432 075f FA       		.byte	0xfa
 1433 0760 01       		.byte	0x1
 1434 0761 30000000 		.4byte	0x30
 1435 0765 00000000 		.4byte	.LFB11
 1436 0769 40000000 		.4byte	.LFE11
 1437 076d 3B020000 		.4byte	.LLST14
 1438 0771 01       		.byte	0x1
 1439 0772 DB070000 		.4byte	0x7db
 1440 0776 18       		.uleb128 0x18
 1441 0777 48000000 		.4byte	.LASF71
 1442 077b 01       		.byte	0x1
 1443 077c FA       		.byte	0xfa
 1444 077d 43050000 		.4byte	0x543
 1445 0781 5B020000 		.4byte	.LLST15
 1446 0785 18       		.uleb128 0x18
 1447 0786 70030000 		.4byte	.LASF75
 1448 078a 01       		.byte	0x1
 1449 078b FA       		.byte	0xfa
 1450 078c DB070000 		.4byte	0x7db
 1451 0790 7C020000 		.4byte	.LLST16
 1452 0794 1A       		.uleb128 0x1a
 1453 0795 717000   		.ascii	"qp\000"
 1454 0798 01       		.byte	0x1
 1455 0799 FB       		.byte	0xfb
 1456 079a 3D050000 		.4byte	0x53d
 1457 079e 9A020000 		.4byte	.LLST17
 1458 07a2 1A       		.uleb128 0x1a
 1459 07a3 6E00     		.ascii	"n\000"
 1460 07a5 01       		.byte	0x1
 1461 07a6 FC       		.byte	0xfc
 1462 07a7 30000000 		.4byte	0x30
 1463 07ab C2020000 		.4byte	.LLST18
 1464 07af 1A       		.uleb128 0x1a
 1465 07b0 737A00   		.ascii	"sz\000"
 1466 07b3 01       		.byte	0x1
 1467 07b4 FC       		.byte	0xfc
 1468 07b5 30000000 		.4byte	0x30
 1469 07b9 ED020000 		.4byte	.LLST19
 1470 07bd 1C       		.uleb128 0x1c
 1471 07be 14000000 		.4byte	.LVL39
 1472 07c2 06080000 		.4byte	0x806
 1473 07c6 D1070000 		.4byte	0x7d1
ARM GAS  C:\Users\jenny\AppData\Local\Temp\cctEHOY6.s 			page 27


 1474 07ca 17       		.uleb128 0x17
 1475 07cb 01       		.byte	0x1
 1476 07cc 50       		.byte	0x50
 1477 07cd 02       		.byte	0x2
 1478 07ce 74       		.byte	0x74
 1479 07cf 10       		.sleb128 16
 1480 07d0 00       		.byte	0
 1481 07d1 1D       		.uleb128 0x1d
 1482 07d2 30000000 		.4byte	.LVL44
 1483 07d6 1A080000 		.4byte	0x81a
 1484 07da 00       		.byte	0
 1485 07db 09       		.uleb128 0x9
 1486 07dc 04       		.byte	0x4
 1487 07dd 30000000 		.4byte	0x30
 1488 07e1 23       		.uleb128 0x23
 1489 07e2 A9020000 		.4byte	.LASF76
 1490 07e6 01       		.byte	0x1
 1491 07e7 44       		.byte	0x44
 1492 07e8 BB040000 		.4byte	0x4bb
 1493 07ec 05       		.byte	0x5
 1494 07ed 03       		.byte	0x3
 1495 07ee 00000000 		.4byte	default_heap
 1496 07f2 24       		.uleb128 0x24
 1497 07f3 01       		.byte	0x1
 1498 07f4 FD020000 		.4byte	.LASF77
 1499 07f8 08       		.byte	0x8
 1500 07f9 38       		.byte	0x38
 1501 07fa 01       		.byte	0x1
 1502 07fb 01       		.byte	0x1
 1503 07fc 06080000 		.4byte	0x806
 1504 0800 0F       		.uleb128 0xf
 1505 0801 B3050000 		.4byte	0x5b3
 1506 0805 00       		.byte	0
 1507 0806 24       		.uleb128 0x24
 1508 0807 01       		.byte	0x1
 1509 0808 CD010000 		.4byte	.LASF78
 1510 080c 08       		.byte	0x8
 1511 080d 39       		.byte	0x39
 1512 080e 01       		.byte	0x1
 1513 080f 01       		.byte	0x1
 1514 0810 1A080000 		.4byte	0x81a
 1515 0814 0F       		.uleb128 0xf
 1516 0815 B3050000 		.4byte	0x5b3
 1517 0819 00       		.byte	0
 1518 081a 25       		.uleb128 0x25
 1519 081b 01       		.byte	0x1
 1520 081c 4E000000 		.4byte	.LASF83
 1521 0820 08       		.byte	0x8
 1522 0821 3D       		.byte	0x3d
 1523 0822 01       		.byte	0x1
 1524 0823 B3050000 		.4byte	0x5b3
 1525 0827 01       		.byte	0x1
 1526 0828 00       		.byte	0
 1527              		.section	.debug_abbrev,"",%progbits
 1528              	.Ldebug_abbrev0:
 1529 0000 01       		.uleb128 0x1
 1530 0001 11       		.uleb128 0x11
ARM GAS  C:\Users\jenny\AppData\Local\Temp\cctEHOY6.s 			page 28


 1531 0002 01       		.byte	0x1
 1532 0003 25       		.uleb128 0x25
 1533 0004 0E       		.uleb128 0xe
 1534 0005 13       		.uleb128 0x13
 1535 0006 0B       		.uleb128 0xb
 1536 0007 03       		.uleb128 0x3
 1537 0008 0E       		.uleb128 0xe
 1538 0009 1B       		.uleb128 0x1b
 1539 000a 0E       		.uleb128 0xe
 1540 000b 55       		.uleb128 0x55
 1541 000c 06       		.uleb128 0x6
 1542 000d 11       		.uleb128 0x11
 1543 000e 01       		.uleb128 0x1
 1544 000f 52       		.uleb128 0x52
 1545 0010 01       		.uleb128 0x1
 1546 0011 10       		.uleb128 0x10
 1547 0012 06       		.uleb128 0x6
 1548 0013 00       		.byte	0
 1549 0014 00       		.byte	0
 1550 0015 02       		.uleb128 0x2
 1551 0016 24       		.uleb128 0x24
 1552 0017 00       		.byte	0
 1553 0018 0B       		.uleb128 0xb
 1554 0019 0B       		.uleb128 0xb
 1555 001a 3E       		.uleb128 0x3e
 1556 001b 0B       		.uleb128 0xb
 1557 001c 03       		.uleb128 0x3
 1558 001d 08       		.uleb128 0x8
 1559 001e 00       		.byte	0
 1560 001f 00       		.byte	0
 1561 0020 03       		.uleb128 0x3
 1562 0021 16       		.uleb128 0x16
 1563 0022 00       		.byte	0
 1564 0023 03       		.uleb128 0x3
 1565 0024 0E       		.uleb128 0xe
 1566 0025 3A       		.uleb128 0x3a
 1567 0026 0B       		.uleb128 0xb
 1568 0027 3B       		.uleb128 0x3b
 1569 0028 0B       		.uleb128 0xb
 1570 0029 49       		.uleb128 0x49
 1571 002a 13       		.uleb128 0x13
 1572 002b 00       		.byte	0
 1573 002c 00       		.byte	0
 1574 002d 04       		.uleb128 0x4
 1575 002e 24       		.uleb128 0x24
 1576 002f 00       		.byte	0
 1577 0030 0B       		.uleb128 0xb
 1578 0031 0B       		.uleb128 0xb
 1579 0032 3E       		.uleb128 0x3e
 1580 0033 0B       		.uleb128 0xb
 1581 0034 03       		.uleb128 0x3
 1582 0035 0E       		.uleb128 0xe
 1583 0036 00       		.byte	0
 1584 0037 00       		.byte	0
 1585 0038 05       		.uleb128 0x5
 1586 0039 13       		.uleb128 0x13
 1587 003a 01       		.byte	0x1
ARM GAS  C:\Users\jenny\AppData\Local\Temp\cctEHOY6.s 			page 29


 1588 003b 03       		.uleb128 0x3
 1589 003c 0E       		.uleb128 0xe
 1590 003d 0B       		.uleb128 0xb
 1591 003e 0B       		.uleb128 0xb
 1592 003f 3A       		.uleb128 0x3a
 1593 0040 0B       		.uleb128 0xb
 1594 0041 3B       		.uleb128 0x3b
 1595 0042 0B       		.uleb128 0xb
 1596 0043 01       		.uleb128 0x1
 1597 0044 13       		.uleb128 0x13
 1598 0045 00       		.byte	0
 1599 0046 00       		.byte	0
 1600 0047 06       		.uleb128 0x6
 1601 0048 0D       		.uleb128 0xd
 1602 0049 00       		.byte	0
 1603 004a 03       		.uleb128 0x3
 1604 004b 0E       		.uleb128 0xe
 1605 004c 3A       		.uleb128 0x3a
 1606 004d 0B       		.uleb128 0xb
 1607 004e 3B       		.uleb128 0x3b
 1608 004f 0B       		.uleb128 0xb
 1609 0050 49       		.uleb128 0x49
 1610 0051 13       		.uleb128 0x13
 1611 0052 38       		.uleb128 0x38
 1612 0053 0A       		.uleb128 0xa
 1613 0054 00       		.byte	0
 1614 0055 00       		.byte	0
 1615 0056 07       		.uleb128 0x7
 1616 0057 0D       		.uleb128 0xd
 1617 0058 00       		.byte	0
 1618 0059 03       		.uleb128 0x3
 1619 005a 08       		.uleb128 0x8
 1620 005b 3A       		.uleb128 0x3a
 1621 005c 0B       		.uleb128 0xb
 1622 005d 3B       		.uleb128 0x3b
 1623 005e 0B       		.uleb128 0xb
 1624 005f 49       		.uleb128 0x49
 1625 0060 13       		.uleb128 0x13
 1626 0061 38       		.uleb128 0x38
 1627 0062 0A       		.uleb128 0xa
 1628 0063 00       		.byte	0
 1629 0064 00       		.byte	0
 1630 0065 08       		.uleb128 0x8
 1631 0066 13       		.uleb128 0x13
 1632 0067 01       		.byte	0x1
 1633 0068 0B       		.uleb128 0xb
 1634 0069 0B       		.uleb128 0xb
 1635 006a 3A       		.uleb128 0x3a
 1636 006b 0B       		.uleb128 0xb
 1637 006c 3B       		.uleb128 0x3b
 1638 006d 0B       		.uleb128 0xb
 1639 006e 01       		.uleb128 0x1
 1640 006f 13       		.uleb128 0x13
 1641 0070 00       		.byte	0
 1642 0071 00       		.byte	0
 1643 0072 09       		.uleb128 0x9
 1644 0073 0F       		.uleb128 0xf
ARM GAS  C:\Users\jenny\AppData\Local\Temp\cctEHOY6.s 			page 30


 1645 0074 00       		.byte	0
 1646 0075 0B       		.uleb128 0xb
 1647 0076 0B       		.uleb128 0xb
 1648 0077 49       		.uleb128 0x49
 1649 0078 13       		.uleb128 0x13
 1650 0079 00       		.byte	0
 1651 007a 00       		.byte	0
 1652 007b 0A       		.uleb128 0xa
 1653 007c 0F       		.uleb128 0xf
 1654 007d 00       		.byte	0
 1655 007e 0B       		.uleb128 0xb
 1656 007f 0B       		.uleb128 0xb
 1657 0080 00       		.byte	0
 1658 0081 00       		.byte	0
 1659 0082 0B       		.uleb128 0xb
 1660 0083 13       		.uleb128 0x13
 1661 0084 01       		.byte	0x1
 1662 0085 03       		.uleb128 0x3
 1663 0086 0E       		.uleb128 0xe
 1664 0087 0B       		.uleb128 0xb
 1665 0088 0B       		.uleb128 0xb
 1666 0089 3A       		.uleb128 0x3a
 1667 008a 0B       		.uleb128 0xb
 1668 008b 3B       		.uleb128 0x3b
 1669 008c 05       		.uleb128 0x5
 1670 008d 01       		.uleb128 0x1
 1671 008e 13       		.uleb128 0x13
 1672 008f 00       		.byte	0
 1673 0090 00       		.byte	0
 1674 0091 0C       		.uleb128 0xc
 1675 0092 0D       		.uleb128 0xd
 1676 0093 00       		.byte	0
 1677 0094 03       		.uleb128 0x3
 1678 0095 08       		.uleb128 0x8
 1679 0096 3A       		.uleb128 0x3a
 1680 0097 0B       		.uleb128 0xb
 1681 0098 3B       		.uleb128 0x3b
 1682 0099 05       		.uleb128 0x5
 1683 009a 49       		.uleb128 0x49
 1684 009b 13       		.uleb128 0x13
 1685 009c 38       		.uleb128 0x38
 1686 009d 0A       		.uleb128 0xa
 1687 009e 00       		.byte	0
 1688 009f 00       		.byte	0
 1689 00a0 0D       		.uleb128 0xd
 1690 00a1 35       		.uleb128 0x35
 1691 00a2 00       		.byte	0
 1692 00a3 49       		.uleb128 0x49
 1693 00a4 13       		.uleb128 0x13
 1694 00a5 00       		.byte	0
 1695 00a6 00       		.byte	0
 1696 00a7 0E       		.uleb128 0xe
 1697 00a8 15       		.uleb128 0x15
 1698 00a9 01       		.byte	0x1
 1699 00aa 27       		.uleb128 0x27
 1700 00ab 0C       		.uleb128 0xc
 1701 00ac 49       		.uleb128 0x49
ARM GAS  C:\Users\jenny\AppData\Local\Temp\cctEHOY6.s 			page 31


 1702 00ad 13       		.uleb128 0x13
 1703 00ae 01       		.uleb128 0x1
 1704 00af 13       		.uleb128 0x13
 1705 00b0 00       		.byte	0
 1706 00b1 00       		.byte	0
 1707 00b2 0F       		.uleb128 0xf
 1708 00b3 05       		.uleb128 0x5
 1709 00b4 00       		.byte	0
 1710 00b5 49       		.uleb128 0x49
 1711 00b6 13       		.uleb128 0x13
 1712 00b7 00       		.byte	0
 1713 00b8 00       		.byte	0
 1714 00b9 10       		.uleb128 0x10
 1715 00ba 17       		.uleb128 0x17
 1716 00bb 01       		.byte	0x1
 1717 00bc 0B       		.uleb128 0xb
 1718 00bd 0B       		.uleb128 0xb
 1719 00be 3A       		.uleb128 0x3a
 1720 00bf 0B       		.uleb128 0xb
 1721 00c0 3B       		.uleb128 0x3b
 1722 00c1 0B       		.uleb128 0xb
 1723 00c2 01       		.uleb128 0x1
 1724 00c3 13       		.uleb128 0x13
 1725 00c4 00       		.byte	0
 1726 00c5 00       		.byte	0
 1727 00c6 11       		.uleb128 0x11
 1728 00c7 0D       		.uleb128 0xd
 1729 00c8 00       		.byte	0
 1730 00c9 03       		.uleb128 0x3
 1731 00ca 0E       		.uleb128 0xe
 1732 00cb 3A       		.uleb128 0x3a
 1733 00cc 0B       		.uleb128 0xb
 1734 00cd 3B       		.uleb128 0x3b
 1735 00ce 0B       		.uleb128 0xb
 1736 00cf 49       		.uleb128 0x49
 1737 00d0 13       		.uleb128 0x13
 1738 00d1 00       		.byte	0
 1739 00d2 00       		.byte	0
 1740 00d3 12       		.uleb128 0x12
 1741 00d4 17       		.uleb128 0x17
 1742 00d5 01       		.byte	0x1
 1743 00d6 03       		.uleb128 0x3
 1744 00d7 0E       		.uleb128 0xe
 1745 00d8 0B       		.uleb128 0xb
 1746 00d9 0B       		.uleb128 0xb
 1747 00da 3A       		.uleb128 0x3a
 1748 00db 0B       		.uleb128 0xb
 1749 00dc 3B       		.uleb128 0x3b
 1750 00dd 0B       		.uleb128 0xb
 1751 00de 01       		.uleb128 0x1
 1752 00df 13       		.uleb128 0x13
 1753 00e0 00       		.byte	0
 1754 00e1 00       		.byte	0
 1755 00e2 13       		.uleb128 0x13
 1756 00e3 0D       		.uleb128 0xd
 1757 00e4 00       		.byte	0
 1758 00e5 03       		.uleb128 0x3
ARM GAS  C:\Users\jenny\AppData\Local\Temp\cctEHOY6.s 			page 32


 1759 00e6 08       		.uleb128 0x8
 1760 00e7 3A       		.uleb128 0x3a
 1761 00e8 0B       		.uleb128 0xb
 1762 00e9 3B       		.uleb128 0x3b
 1763 00ea 0B       		.uleb128 0xb
 1764 00eb 49       		.uleb128 0x49
 1765 00ec 13       		.uleb128 0x13
 1766 00ed 00       		.byte	0
 1767 00ee 00       		.byte	0
 1768 00ef 14       		.uleb128 0x14
 1769 00f0 26       		.uleb128 0x26
 1770 00f1 00       		.byte	0
 1771 00f2 49       		.uleb128 0x49
 1772 00f3 13       		.uleb128 0x13
 1773 00f4 00       		.byte	0
 1774 00f5 00       		.byte	0
 1775 00f6 15       		.uleb128 0x15
 1776 00f7 2E       		.uleb128 0x2e
 1777 00f8 01       		.byte	0x1
 1778 00f9 3F       		.uleb128 0x3f
 1779 00fa 0C       		.uleb128 0xc
 1780 00fb 03       		.uleb128 0x3
 1781 00fc 0E       		.uleb128 0xe
 1782 00fd 3A       		.uleb128 0x3a
 1783 00fe 0B       		.uleb128 0xb
 1784 00ff 3B       		.uleb128 0x3b
 1785 0100 0B       		.uleb128 0xb
 1786 0101 27       		.uleb128 0x27
 1787 0102 0C       		.uleb128 0xc
 1788 0103 11       		.uleb128 0x11
 1789 0104 01       		.uleb128 0x1
 1790 0105 12       		.uleb128 0x12
 1791 0106 01       		.uleb128 0x1
 1792 0107 40       		.uleb128 0x40
 1793 0108 0A       		.uleb128 0xa
 1794 0109 9742     		.uleb128 0x2117
 1795 010b 0C       		.uleb128 0xc
 1796 010c 01       		.uleb128 0x1
 1797 010d 13       		.uleb128 0x13
 1798 010e 00       		.byte	0
 1799 010f 00       		.byte	0
 1800 0110 16       		.uleb128 0x16
 1801 0111 898201   		.uleb128 0x4109
 1802 0114 01       		.byte	0x1
 1803 0115 11       		.uleb128 0x11
 1804 0116 01       		.uleb128 0x1
 1805 0117 9542     		.uleb128 0x2115
 1806 0119 0C       		.uleb128 0xc
 1807 011a 31       		.uleb128 0x31
 1808 011b 13       		.uleb128 0x13
 1809 011c 00       		.byte	0
 1810 011d 00       		.byte	0
 1811 011e 17       		.uleb128 0x17
 1812 011f 8A8201   		.uleb128 0x410a
 1813 0122 00       		.byte	0
 1814 0123 02       		.uleb128 0x2
 1815 0124 0A       		.uleb128 0xa
ARM GAS  C:\Users\jenny\AppData\Local\Temp\cctEHOY6.s 			page 33


 1816 0125 9142     		.uleb128 0x2111
 1817 0127 0A       		.uleb128 0xa
 1818 0128 00       		.byte	0
 1819 0129 00       		.byte	0
 1820 012a 18       		.uleb128 0x18
 1821 012b 05       		.uleb128 0x5
 1822 012c 00       		.byte	0
 1823 012d 03       		.uleb128 0x3
 1824 012e 0E       		.uleb128 0xe
 1825 012f 3A       		.uleb128 0x3a
 1826 0130 0B       		.uleb128 0xb
 1827 0131 3B       		.uleb128 0x3b
 1828 0132 0B       		.uleb128 0xb
 1829 0133 49       		.uleb128 0x49
 1830 0134 13       		.uleb128 0x13
 1831 0135 02       		.uleb128 0x2
 1832 0136 06       		.uleb128 0x6
 1833 0137 00       		.byte	0
 1834 0138 00       		.byte	0
 1835 0139 19       		.uleb128 0x19
 1836 013a 05       		.uleb128 0x5
 1837 013b 00       		.byte	0
 1838 013c 03       		.uleb128 0x3
 1839 013d 08       		.uleb128 0x8
 1840 013e 3A       		.uleb128 0x3a
 1841 013f 0B       		.uleb128 0xb
 1842 0140 3B       		.uleb128 0x3b
 1843 0141 0B       		.uleb128 0xb
 1844 0142 49       		.uleb128 0x49
 1845 0143 13       		.uleb128 0x13
 1846 0144 02       		.uleb128 0x2
 1847 0145 06       		.uleb128 0x6
 1848 0146 00       		.byte	0
 1849 0147 00       		.byte	0
 1850 0148 1A       		.uleb128 0x1a
 1851 0149 34       		.uleb128 0x34
 1852 014a 00       		.byte	0
 1853 014b 03       		.uleb128 0x3
 1854 014c 08       		.uleb128 0x8
 1855 014d 3A       		.uleb128 0x3a
 1856 014e 0B       		.uleb128 0xb
 1857 014f 3B       		.uleb128 0x3b
 1858 0150 0B       		.uleb128 0xb
 1859 0151 49       		.uleb128 0x49
 1860 0152 13       		.uleb128 0x13
 1861 0153 02       		.uleb128 0x2
 1862 0154 06       		.uleb128 0x6
 1863 0155 00       		.byte	0
 1864 0156 00       		.byte	0
 1865 0157 1B       		.uleb128 0x1b
 1866 0158 2E       		.uleb128 0x2e
 1867 0159 01       		.byte	0x1
 1868 015a 3F       		.uleb128 0x3f
 1869 015b 0C       		.uleb128 0xc
 1870 015c 03       		.uleb128 0x3
 1871 015d 0E       		.uleb128 0xe
 1872 015e 3A       		.uleb128 0x3a
ARM GAS  C:\Users\jenny\AppData\Local\Temp\cctEHOY6.s 			page 34


 1873 015f 0B       		.uleb128 0xb
 1874 0160 3B       		.uleb128 0x3b
 1875 0161 0B       		.uleb128 0xb
 1876 0162 27       		.uleb128 0x27
 1877 0163 0C       		.uleb128 0xc
 1878 0164 49       		.uleb128 0x49
 1879 0165 13       		.uleb128 0x13
 1880 0166 11       		.uleb128 0x11
 1881 0167 01       		.uleb128 0x1
 1882 0168 12       		.uleb128 0x12
 1883 0169 01       		.uleb128 0x1
 1884 016a 40       		.uleb128 0x40
 1885 016b 06       		.uleb128 0x6
 1886 016c 9742     		.uleb128 0x2117
 1887 016e 0C       		.uleb128 0xc
 1888 016f 01       		.uleb128 0x1
 1889 0170 13       		.uleb128 0x13
 1890 0171 00       		.byte	0
 1891 0172 00       		.byte	0
 1892 0173 1C       		.uleb128 0x1c
 1893 0174 898201   		.uleb128 0x4109
 1894 0177 01       		.byte	0x1
 1895 0178 11       		.uleb128 0x11
 1896 0179 01       		.uleb128 0x1
 1897 017a 31       		.uleb128 0x31
 1898 017b 13       		.uleb128 0x13
 1899 017c 01       		.uleb128 0x1
 1900 017d 13       		.uleb128 0x13
 1901 017e 00       		.byte	0
 1902 017f 00       		.byte	0
 1903 0180 1D       		.uleb128 0x1d
 1904 0181 898201   		.uleb128 0x4109
 1905 0184 00       		.byte	0
 1906 0185 11       		.uleb128 0x11
 1907 0186 01       		.uleb128 0x1
 1908 0187 31       		.uleb128 0x31
 1909 0188 13       		.uleb128 0x13
 1910 0189 00       		.byte	0
 1911 018a 00       		.byte	0
 1912 018b 1E       		.uleb128 0x1e
 1913 018c 898201   		.uleb128 0x4109
 1914 018f 01       		.byte	0x1
 1915 0190 11       		.uleb128 0x11
 1916 0191 01       		.uleb128 0x1
 1917 0192 00       		.byte	0
 1918 0193 00       		.byte	0
 1919 0194 1F       		.uleb128 0x1f
 1920 0195 2E       		.uleb128 0x2e
 1921 0196 01       		.byte	0x1
 1922 0197 3F       		.uleb128 0x3f
 1923 0198 0C       		.uleb128 0xc
 1924 0199 03       		.uleb128 0x3
 1925 019a 0E       		.uleb128 0xe
 1926 019b 3A       		.uleb128 0x3a
 1927 019c 0B       		.uleb128 0xb
 1928 019d 3B       		.uleb128 0x3b
 1929 019e 0B       		.uleb128 0xb
ARM GAS  C:\Users\jenny\AppData\Local\Temp\cctEHOY6.s 			page 35


 1930 019f 27       		.uleb128 0x27
 1931 01a0 0C       		.uleb128 0xc
 1932 01a1 11       		.uleb128 0x11
 1933 01a2 01       		.uleb128 0x1
 1934 01a3 12       		.uleb128 0x12
 1935 01a4 01       		.uleb128 0x1
 1936 01a5 40       		.uleb128 0x40
 1937 01a6 06       		.uleb128 0x6
 1938 01a7 9742     		.uleb128 0x2117
 1939 01a9 0C       		.uleb128 0xc
 1940 01aa 01       		.uleb128 0x1
 1941 01ab 13       		.uleb128 0x13
 1942 01ac 00       		.byte	0
 1943 01ad 00       		.byte	0
 1944 01ae 20       		.uleb128 0x20
 1945 01af 34       		.uleb128 0x34
 1946 01b0 00       		.byte	0
 1947 01b1 03       		.uleb128 0x3
 1948 01b2 08       		.uleb128 0x8
 1949 01b3 3A       		.uleb128 0x3a
 1950 01b4 0B       		.uleb128 0xb
 1951 01b5 3B       		.uleb128 0x3b
 1952 01b6 0B       		.uleb128 0xb
 1953 01b7 49       		.uleb128 0x49
 1954 01b8 13       		.uleb128 0x13
 1955 01b9 02       		.uleb128 0x2
 1956 01ba 0A       		.uleb128 0xa
 1957 01bb 00       		.byte	0
 1958 01bc 00       		.byte	0
 1959 01bd 21       		.uleb128 0x21
 1960 01be 34       		.uleb128 0x34
 1961 01bf 00       		.byte	0
 1962 01c0 03       		.uleb128 0x3
 1963 01c1 0E       		.uleb128 0xe
 1964 01c2 3A       		.uleb128 0x3a
 1965 01c3 0B       		.uleb128 0xb
 1966 01c4 3B       		.uleb128 0x3b
 1967 01c5 0B       		.uleb128 0xb
 1968 01c6 49       		.uleb128 0x49
 1969 01c7 13       		.uleb128 0x13
 1970 01c8 02       		.uleb128 0x2
 1971 01c9 06       		.uleb128 0x6
 1972 01ca 00       		.byte	0
 1973 01cb 00       		.byte	0
 1974 01cc 22       		.uleb128 0x22
 1975 01cd 898201   		.uleb128 0x4109
 1976 01d0 00       		.byte	0
 1977 01d1 11       		.uleb128 0x11
 1978 01d2 01       		.uleb128 0x1
 1979 01d3 9542     		.uleb128 0x2115
 1980 01d5 0C       		.uleb128 0xc
 1981 01d6 31       		.uleb128 0x31
 1982 01d7 13       		.uleb128 0x13
 1983 01d8 00       		.byte	0
 1984 01d9 00       		.byte	0
 1985 01da 23       		.uleb128 0x23
 1986 01db 34       		.uleb128 0x34
ARM GAS  C:\Users\jenny\AppData\Local\Temp\cctEHOY6.s 			page 36


 1987 01dc 00       		.byte	0
 1988 01dd 03       		.uleb128 0x3
 1989 01de 0E       		.uleb128 0xe
 1990 01df 3A       		.uleb128 0x3a
 1991 01e0 0B       		.uleb128 0xb
 1992 01e1 3B       		.uleb128 0x3b
 1993 01e2 0B       		.uleb128 0xb
 1994 01e3 49       		.uleb128 0x49
 1995 01e4 13       		.uleb128 0x13
 1996 01e5 02       		.uleb128 0x2
 1997 01e6 0A       		.uleb128 0xa
 1998 01e7 00       		.byte	0
 1999 01e8 00       		.byte	0
 2000 01e9 24       		.uleb128 0x24
 2001 01ea 2E       		.uleb128 0x2e
 2002 01eb 01       		.byte	0x1
 2003 01ec 3F       		.uleb128 0x3f
 2004 01ed 0C       		.uleb128 0xc
 2005 01ee 03       		.uleb128 0x3
 2006 01ef 0E       		.uleb128 0xe
 2007 01f0 3A       		.uleb128 0x3a
 2008 01f1 0B       		.uleb128 0xb
 2009 01f2 3B       		.uleb128 0x3b
 2010 01f3 0B       		.uleb128 0xb
 2011 01f4 27       		.uleb128 0x27
 2012 01f5 0C       		.uleb128 0xc
 2013 01f6 3C       		.uleb128 0x3c
 2014 01f7 0C       		.uleb128 0xc
 2015 01f8 01       		.uleb128 0x1
 2016 01f9 13       		.uleb128 0x13
 2017 01fa 00       		.byte	0
 2018 01fb 00       		.byte	0
 2019 01fc 25       		.uleb128 0x25
 2020 01fd 2E       		.uleb128 0x2e
 2021 01fe 00       		.byte	0
 2022 01ff 3F       		.uleb128 0x3f
 2023 0200 0C       		.uleb128 0xc
 2024 0201 03       		.uleb128 0x3
 2025 0202 0E       		.uleb128 0xe
 2026 0203 3A       		.uleb128 0x3a
 2027 0204 0B       		.uleb128 0xb
 2028 0205 3B       		.uleb128 0x3b
 2029 0206 0B       		.uleb128 0xb
 2030 0207 27       		.uleb128 0x27
 2031 0208 0C       		.uleb128 0xc
 2032 0209 49       		.uleb128 0x49
 2033 020a 13       		.uleb128 0x13
 2034 020b 3C       		.uleb128 0x3c
 2035 020c 0C       		.uleb128 0xc
 2036 020d 00       		.byte	0
 2037 020e 00       		.byte	0
 2038 020f 00       		.byte	0
 2039              		.section	.debug_loc,"",%progbits
 2040              	.Ldebug_loc0:
 2041              	.LLST0:
 2042 0000 00000000 		.4byte	.LVL1
 2043 0004 0C000000 		.4byte	.LVL4
ARM GAS  C:\Users\jenny\AppData\Local\Temp\cctEHOY6.s 			page 37


 2044 0008 0100     		.2byte	0x1
 2045 000a 50       		.byte	0x50
 2046 000b 0C000000 		.4byte	.LVL4
 2047 000f 13000000 		.4byte	.LVL5-1
 2048 0013 0300     		.2byte	0x3
 2049 0015 70       		.byte	0x70
 2050 0016 70       		.sleb128 -16
 2051 0017 9F       		.byte	0x9f
 2052 0018 13000000 		.4byte	.LVL5-1
 2053 001c 14000000 		.4byte	.LFE8
 2054 0020 0400     		.2byte	0x4
 2055 0022 F3       		.byte	0xf3
 2056 0023 01       		.uleb128 0x1
 2057 0024 50       		.byte	0x50
 2058 0025 9F       		.byte	0x9f
 2059 0026 00000000 		.4byte	0
 2060 002a 00000000 		.4byte	0
 2061              	.LLST1:
 2062 002e 00000000 		.4byte	.LVL1
 2063 0032 13000000 		.4byte	.LVL5-1
 2064 0036 0100     		.2byte	0x1
 2065 0038 51       		.byte	0x51
 2066 0039 13000000 		.4byte	.LVL5-1
 2067 003d 14000000 		.4byte	.LFE8
 2068 0041 0400     		.2byte	0x4
 2069 0043 F3       		.byte	0xf3
 2070 0044 01       		.uleb128 0x1
 2071 0045 51       		.byte	0x51
 2072 0046 9F       		.byte	0x9f
 2073 0047 00000000 		.4byte	0
 2074 004b 00000000 		.4byte	0
 2075              	.LLST2:
 2076 004f 00000000 		.4byte	.LVL1
 2077 0053 0A000000 		.4byte	.LVL3
 2078 0057 0100     		.2byte	0x1
 2079 0059 52       		.byte	0x52
 2080 005a 0A000000 		.4byte	.LVL3
 2081 005e 13000000 		.4byte	.LVL5-1
 2082 0062 0300     		.2byte	0x3
 2083 0064 72       		.byte	0x72
 2084 0065 08       		.sleb128 8
 2085 0066 9F       		.byte	0x9f
 2086 0067 13000000 		.4byte	.LVL5-1
 2087 006b 14000000 		.4byte	.LFE8
 2088 006f 0400     		.2byte	0x4
 2089 0071 F3       		.byte	0xf3
 2090 0072 01       		.uleb128 0x1
 2091 0073 52       		.byte	0x52
 2092 0074 9F       		.byte	0x9f
 2093 0075 00000000 		.4byte	0
 2094 0079 00000000 		.4byte	0
 2095              	.LLST3:
 2096 007d 04000000 		.4byte	.LVL2
 2097 0081 13000000 		.4byte	.LVL5-1
 2098 0085 0100     		.2byte	0x1
 2099 0087 51       		.byte	0x51
 2100 0088 13000000 		.4byte	.LVL5-1
ARM GAS  C:\Users\jenny\AppData\Local\Temp\cctEHOY6.s 			page 38


 2101 008c 14000000 		.4byte	.LFE8
 2102 0090 0400     		.2byte	0x4
 2103 0092 F3       		.byte	0xf3
 2104 0093 01       		.uleb128 0x1
 2105 0094 51       		.byte	0x51
 2106 0095 9F       		.byte	0x9f
 2107 0096 00000000 		.4byte	0
 2108 009a 00000000 		.4byte	0
 2109              	.LLST4:
 2110 009e 00000000 		.4byte	.LFB9
 2111 00a2 02000000 		.4byte	.LCFI0
 2112 00a6 0200     		.2byte	0x2
 2113 00a8 7D       		.byte	0x7d
 2114 00a9 00       		.sleb128 0
 2115 00aa 02000000 		.4byte	.LCFI0
 2116 00ae 88000000 		.4byte	.LFE9
 2117 00b2 0200     		.2byte	0x2
 2118 00b4 7D       		.byte	0x7d
 2119 00b5 18       		.sleb128 24
 2120 00b6 00000000 		.4byte	0
 2121 00ba 00000000 		.4byte	0
 2122              	.LLST5:
 2123 00be 00000000 		.4byte	.LVL6
 2124 00c2 10000000 		.4byte	.LVL8
 2125 00c6 0100     		.2byte	0x1
 2126 00c8 50       		.byte	0x50
 2127 00c9 10000000 		.4byte	.LVL8
 2128 00cd 88000000 		.4byte	.LFE9
 2129 00d1 0400     		.2byte	0x4
 2130 00d3 F3       		.byte	0xf3
 2131 00d4 01       		.uleb128 0x1
 2132 00d5 50       		.byte	0x50
 2133 00d6 9F       		.byte	0x9f
 2134 00d7 00000000 		.4byte	0
 2135 00db 00000000 		.4byte	0
 2136              	.LLST6:
 2137 00df 00000000 		.4byte	.LVL6
 2138 00e3 0C000000 		.4byte	.LVL7
 2139 00e7 0100     		.2byte	0x1
 2140 00e9 51       		.byte	0x51
 2141 00ea 0C000000 		.4byte	.LVL7
 2142 00ee 14000000 		.4byte	.LVL9
 2143 00f2 0300     		.2byte	0x3
 2144 00f4 71       		.byte	0x71
 2145 00f5 79       		.sleb128 -7
 2146 00f6 9F       		.byte	0x9f
 2147 00f7 14000000 		.4byte	.LVL9
 2148 00fb 88000000 		.4byte	.LFE9
 2149 00ff 0100     		.2byte	0x1
 2150 0101 55       		.byte	0x55
 2151 0102 00000000 		.4byte	0
 2152 0106 00000000 		.4byte	0
 2153              	.LLST7:
 2154 010a 18000000 		.4byte	.LVL10
 2155 010e 52000000 		.4byte	.LVL17
 2156 0112 0100     		.2byte	0x1
 2157 0114 54       		.byte	0x54
ARM GAS  C:\Users\jenny\AppData\Local\Temp\cctEHOY6.s 			page 39


 2158 0115 5E000000 		.4byte	.LVL19
 2159 0119 78000000 		.4byte	.LVL22
 2160 011d 0100     		.2byte	0x1
 2161 011f 54       		.byte	0x54
 2162 0120 80000000 		.4byte	.LVL24
 2163 0124 82000000 		.4byte	.LVL25
 2164 0128 0100     		.2byte	0x1
 2165 012a 54       		.byte	0x54
 2166 012b 00000000 		.4byte	0
 2167 012f 00000000 		.4byte	0
 2168              	.LLST8:
 2169 0133 1E000000 		.4byte	.LVL12
 2170 0137 20000000 		.4byte	.LVL13
 2171 013b 0100     		.2byte	0x1
 2172 013d 53       		.byte	0x53
 2173 013e 22000000 		.4byte	.LVL14
 2174 0142 59000000 		.4byte	.LVL18-1
 2175 0146 0100     		.2byte	0x1
 2176 0148 53       		.byte	0x53
 2177 0149 59000000 		.4byte	.LVL18-1
 2178 014d 5A000000 		.4byte	.LVL18
 2179 0151 0300     		.2byte	0x3
 2180 0153 74       		.byte	0x74
 2181 0154 78       		.sleb128 -8
 2182 0155 9F       		.byte	0x9f
 2183 0156 5E000000 		.4byte	.LVL19
 2184 015a 67000000 		.4byte	.LVL20-1
 2185 015e 0100     		.2byte	0x1
 2186 0160 53       		.byte	0x53
 2187 0161 72000000 		.4byte	.LVL21
 2188 0165 7C000000 		.4byte	.LVL23
 2189 0169 0100     		.2byte	0x1
 2190 016b 50       		.byte	0x50
 2191 016c 7C000000 		.4byte	.LVL23
 2192 0170 80000000 		.4byte	.LVL24
 2193 0174 0100     		.2byte	0x1
 2194 0176 54       		.byte	0x54
 2195 0177 00000000 		.4byte	0
 2196 017b 00000000 		.4byte	0
 2197              	.LLST9:
 2198 017f 40000000 		.4byte	.LVL15
 2199 0183 50000000 		.4byte	.LVL16
 2200 0187 0100     		.2byte	0x1
 2201 0189 5E       		.byte	0x5e
 2202 018a 00000000 		.4byte	0
 2203 018e 00000000 		.4byte	0
 2204              	.LLST10:
 2205 0192 00000000 		.4byte	.LFB10
 2206 0196 02000000 		.4byte	.LCFI1
 2207 019a 0200     		.2byte	0x2
 2208 019c 7D       		.byte	0x7d
 2209 019d 00       		.sleb128 0
 2210 019e 02000000 		.4byte	.LCFI1
 2211 01a2 86000000 		.4byte	.LFE10
 2212 01a6 0200     		.2byte	0x2
 2213 01a8 7D       		.byte	0x7d
 2214 01a9 10       		.sleb128 16
ARM GAS  C:\Users\jenny\AppData\Local\Temp\cctEHOY6.s 			page 40


 2215 01aa 00000000 		.4byte	0
 2216 01ae 00000000 		.4byte	0
 2217              	.LLST11:
 2218 01b2 00000000 		.4byte	.LVL26
 2219 01b6 0C000000 		.4byte	.LVL28
 2220 01ba 0100     		.2byte	0x1
 2221 01bc 50       		.byte	0x50
 2222 01bd 0C000000 		.4byte	.LVL28
 2223 01c1 86000000 		.4byte	.LFE10
 2224 01c5 0100     		.2byte	0x1
 2225 01c7 56       		.byte	0x56
 2226 01c8 00000000 		.4byte	0
 2227 01cc 00000000 		.4byte	0
 2228              	.LLST12:
 2229 01d0 10000000 		.4byte	.LVL29
 2230 01d4 18000000 		.4byte	.LVL32
 2231 01d8 0100     		.2byte	0x1
 2232 01da 55       		.byte	0x55
 2233 01db 18000000 		.4byte	.LVL32
 2234 01df 28000000 		.4byte	.LVL33
 2235 01e3 0100     		.2byte	0x1
 2236 01e5 53       		.byte	0x53
 2237 01e6 28000000 		.4byte	.LVL33
 2238 01ea 2C000000 		.4byte	.LVL34
 2239 01ee 0100     		.2byte	0x1
 2240 01f0 52       		.byte	0x52
 2241 01f1 2C000000 		.4byte	.LVL34
 2242 01f5 57000000 		.4byte	.LVL36-1
 2243 01f9 0100     		.2byte	0x1
 2244 01fb 53       		.byte	0x53
 2245 01fc 58000000 		.4byte	.LVL36
 2246 0200 86000000 		.4byte	.LFE10
 2247 0204 0100     		.2byte	0x1
 2248 0206 53       		.byte	0x53
 2249 0207 00000000 		.4byte	0
 2250 020b 00000000 		.4byte	0
 2251              	.LLST13:
 2252 020f 0C000000 		.4byte	.LVL28
 2253 0213 12000000 		.4byte	.LVL30
 2254 0217 0100     		.2byte	0x1
 2255 0219 50       		.byte	0x50
 2256 021a 12000000 		.4byte	.LVL30
 2257 021e 15000000 		.4byte	.LVL31-1
 2258 0222 0200     		.2byte	0x2
 2259 0224 74       		.byte	0x74
 2260 0225 00       		.sleb128 0
 2261 0226 15000000 		.4byte	.LVL31-1
 2262 022a 3E000000 		.4byte	.LVL35
 2263 022e 0300     		.2byte	0x3
 2264 0230 75       		.byte	0x75
 2265 0231 78       		.sleb128 -8
 2266 0232 9F       		.byte	0x9f
 2267 0233 00000000 		.4byte	0
 2268 0237 00000000 		.4byte	0
 2269              	.LLST14:
 2270 023b 00000000 		.4byte	.LFB11
 2271 023f 02000000 		.4byte	.LCFI2
ARM GAS  C:\Users\jenny\AppData\Local\Temp\cctEHOY6.s 			page 41


 2272 0243 0200     		.2byte	0x2
 2273 0245 7D       		.byte	0x7d
 2274 0246 00       		.sleb128 0
 2275 0247 02000000 		.4byte	.LCFI2
 2276 024b 40000000 		.4byte	.LFE11
 2277 024f 0200     		.2byte	0x2
 2278 0251 7D       		.byte	0x7d
 2279 0252 10       		.sleb128 16
 2280 0253 00000000 		.4byte	0
 2281 0257 00000000 		.4byte	0
 2282              	.LLST15:
 2283 025b 00000000 		.4byte	.LVL37
 2284 025f 0E000000 		.4byte	.LVL38
 2285 0263 0100     		.2byte	0x1
 2286 0265 50       		.byte	0x50
 2287 0266 0E000000 		.4byte	.LVL38
 2288 026a 40000000 		.4byte	.LFE11
 2289 026e 0400     		.2byte	0x4
 2290 0270 F3       		.byte	0xf3
 2291 0271 01       		.uleb128 0x1
 2292 0272 50       		.byte	0x50
 2293 0273 9F       		.byte	0x9f
 2294 0274 00000000 		.4byte	0
 2295 0278 00000000 		.4byte	0
 2296              	.LLST16:
 2297 027c 00000000 		.4byte	.LVL37
 2298 0280 13000000 		.4byte	.LVL39-1
 2299 0284 0100     		.2byte	0x1
 2300 0286 51       		.byte	0x51
 2301 0287 13000000 		.4byte	.LVL39-1
 2302 028b 40000000 		.4byte	.LFE11
 2303 028f 0100     		.2byte	0x1
 2304 0291 55       		.byte	0x55
 2305 0292 00000000 		.4byte	0
 2306 0296 00000000 		.4byte	0
 2307              	.LLST17:
 2308 029a 14000000 		.4byte	.LVL39
 2309 029e 1C000000 		.4byte	.LVL40
 2310 02a2 0600     		.2byte	0x6
 2311 02a4 F3       		.byte	0xf3
 2312 02a5 01       		.uleb128 0x1
 2313 02a6 50       		.byte	0x50
 2314 02a7 23       		.byte	0x23
 2315 02a8 08       		.uleb128 0x8
 2316 02a9 9F       		.byte	0x9f
 2317 02aa 34000000 		.4byte	.LVL45
 2318 02ae 40000000 		.4byte	.LFE11
 2319 02b2 0600     		.2byte	0x6
 2320 02b4 F3       		.byte	0xf3
 2321 02b5 01       		.uleb128 0x1
 2322 02b6 50       		.byte	0x50
 2323 02b7 23       		.byte	0x23
 2324 02b8 08       		.uleb128 0x8
 2325 02b9 9F       		.byte	0x9f
 2326 02ba 00000000 		.4byte	0
 2327 02be 00000000 		.4byte	0
 2328              	.LLST18:
ARM GAS  C:\Users\jenny\AppData\Local\Temp\cctEHOY6.s 			page 42


 2329 02c2 14000000 		.4byte	.LVL39
 2330 02c6 1C000000 		.4byte	.LVL40
 2331 02ca 0200     		.2byte	0x2
 2332 02cc 30       		.byte	0x30
 2333 02cd 9F       		.byte	0x9f
 2334 02ce 24000000 		.4byte	.LVL42
 2335 02d2 28000000 		.4byte	.LVL43
 2336 02d6 0100     		.2byte	0x1
 2337 02d8 54       		.byte	0x54
 2338 02d9 34000000 		.4byte	.LVL45
 2339 02dd 40000000 		.4byte	.LFE11
 2340 02e1 0200     		.2byte	0x2
 2341 02e3 30       		.byte	0x30
 2342 02e4 9F       		.byte	0x9f
 2343 02e5 00000000 		.4byte	0
 2344 02e9 00000000 		.4byte	0
 2345              	.LLST19:
 2346 02ed 14000000 		.4byte	.LVL39
 2347 02f1 1C000000 		.4byte	.LVL40
 2348 02f5 0200     		.2byte	0x2
 2349 02f7 30       		.byte	0x30
 2350 02f8 9F       		.byte	0x9f
 2351 02f9 22000000 		.4byte	.LVL41
 2352 02fd 28000000 		.4byte	.LVL43
 2353 0301 0100     		.2byte	0x1
 2354 0303 52       		.byte	0x52
 2355 0304 34000000 		.4byte	.LVL45
 2356 0308 40000000 		.4byte	.LFE11
 2357 030c 0200     		.2byte	0x2
 2358 030e 30       		.byte	0x30
 2359 030f 9F       		.byte	0x9f
 2360 0310 00000000 		.4byte	0
 2361 0314 00000000 		.4byte	0
 2362              		.section	.debug_aranges,"",%progbits
 2363 0000 3C000000 		.4byte	0x3c
 2364 0004 0200     		.2byte	0x2
 2365 0006 00000000 		.4byte	.Ldebug_info0
 2366 000a 04       		.byte	0x4
 2367 000b 00       		.byte	0
 2368 000c 0000     		.2byte	0
 2369 000e 0000     		.2byte	0
 2370 0010 00000000 		.4byte	.LFB7
 2371 0014 20000000 		.4byte	.LFE7-.LFB7
 2372 0018 00000000 		.4byte	.LFB8
 2373 001c 14000000 		.4byte	.LFE8-.LFB8
 2374 0020 00000000 		.4byte	.LFB9
 2375 0024 88000000 		.4byte	.LFE9-.LFB9
 2376 0028 00000000 		.4byte	.LFB10
 2377 002c 86000000 		.4byte	.LFE10-.LFB10
 2378 0030 00000000 		.4byte	.LFB11
 2379 0034 40000000 		.4byte	.LFE11-.LFB11
 2380 0038 00000000 		.4byte	0
 2381 003c 00000000 		.4byte	0
 2382              		.section	.debug_ranges,"",%progbits
 2383              	.Ldebug_ranges0:
 2384 0000 00000000 		.4byte	.LFB7
 2385 0004 20000000 		.4byte	.LFE7
ARM GAS  C:\Users\jenny\AppData\Local\Temp\cctEHOY6.s 			page 43


 2386 0008 00000000 		.4byte	.LFB8
 2387 000c 14000000 		.4byte	.LFE8
 2388 0010 00000000 		.4byte	.LFB9
 2389 0014 88000000 		.4byte	.LFE9
 2390 0018 00000000 		.4byte	.LFB10
 2391 001c 86000000 		.4byte	.LFE10
 2392 0020 00000000 		.4byte	.LFB11
 2393 0024 40000000 		.4byte	.LFE11
 2394 0028 00000000 		.4byte	0
 2395 002c 00000000 		.4byte	0
 2396              		.section	.debug_line,"",%progbits
 2397              	.Ldebug_line0:
 2398 0000 53020000 		.section	.debug_str,"MS",%progbits,1
 2398      02006C01 
 2398      00000201 
 2398      FB0E0D00 
 2398      01010101 
 2399              	.LASF38:
 2400 0000 705F6D73 		.ascii	"p_msg\000"
 2400      6700
 2401              	.LASF2:
 2402 0006 73697A65 		.ascii	"size_t\000"
 2402      5F7400
 2403              	.LASF64:
 2404 000d 7264796D 		.ascii	"rdymsg\000"
 2404      736700
 2405              	.LASF12:
 2406 0014 75696E74 		.ascii	"uint64_t\000"
 2406      36345F74 
 2406      00
 2407              	.LASF54:
 2408 001d 6D656D67 		.ascii	"memgetfunc_t\000"
 2408      65746675 
 2408      6E635F74 
 2408      00
 2409              	.LASF13:
 2410 002a 6C6F6E67 		.ascii	"long long unsigned int\000"
 2410      206C6F6E 
 2410      6720756E 
 2410      7369676E 
 2410      65642069 
 2411              	.LASF58:
 2412 0041 685F6672 		.ascii	"h_free\000"
 2412      656500
 2413              	.LASF71:
 2414 0048 68656170 		.ascii	"heapp\000"
 2414      7000
 2415              	.LASF83:
 2416 004e 63684D74 		.ascii	"chMtxUnlock\000"
 2416      78556E6C 
 2416      6F636B00 
 2417              	.LASF70:
 2418 005a 63684865 		.ascii	"chHeapInit\000"
 2418      6170496E 
 2418      697400
 2419              	.LASF60:
 2420 0065 6E657874 		.ascii	"next\000"
ARM GAS  C:\Users\jenny\AppData\Local\Temp\cctEHOY6.s 			page 44


 2420      00
 2421              	.LASF26:
 2422 006a 705F7072 		.ascii	"p_prio\000"
 2422      696F00
 2423              	.LASF11:
 2424 0071 6C6F6E67 		.ascii	"long long int\000"
 2424      206C6F6E 
 2424      6720696E 
 2424      7400
 2425              	.LASF1:
 2426 007f 7369676E 		.ascii	"signed char\000"
 2426      65642063 
 2426      68617200 
 2427              	.LASF59:
 2428 008b 685F6D74 		.ascii	"h_mtx\000"
 2428      7800
 2429              	.LASF42:
 2430 0091 705F6D70 		.ascii	"p_mpool\000"
 2430      6F6F6C00 
 2431              	.LASF51:
 2432 0099 6D5F7175 		.ascii	"m_queue\000"
 2432      65756500 
 2433              	.LASF72:
 2434 00a1 63684865 		.ascii	"chHeapFree\000"
 2434      61704672 
 2434      656500
 2435              	.LASF18:
 2436 00ac 74736C69 		.ascii	"tslices_t\000"
 2436      6365735F 
 2436      7400
 2437              	.LASF79:
 2438 00b6 474E5520 		.ascii	"GNU C 4.7.4 20130913 (release) [ARM/embedded-4_7-br"
 2438      4320342E 
 2438      372E3420 
 2438      32303133 
 2438      30393133 
 2439 00e9 616E6368 		.ascii	"anch revision 202601]\000"
 2439      20726576 
 2439      6973696F 
 2439      6E203230 
 2439      32363031 
 2440              	.LASF8:
 2441 00ff 6C6F6E67 		.ascii	"long int\000"
 2441      20696E74 
 2441      00
 2442              	.LASF80:
 2443 0108 2E2E2F2E 		.ascii	"../../os/kernel/src/chheap.c\000"
 2443      2E2F6F73 
 2443      2F6B6572 
 2443      6E656C2F 
 2443      7372632F 
 2444              	.LASF16:
 2445 0125 74737461 		.ascii	"tstate_t\000"
 2445      74655F74 
 2445      00
 2446              	.LASF28:
 2447 012e 705F6E65 		.ascii	"p_newer\000"
ARM GAS  C:\Users\jenny\AppData\Local\Temp\cctEHOY6.s 			page 45


 2447      77657200 
 2448              	.LASF65:
 2449 0136 65786974 		.ascii	"exitcode\000"
 2449      636F6465 
 2449      00
 2450              	.LASF45:
 2451 013f 72656761 		.ascii	"regarm_t\000"
 2451      726D5F74 
 2451      00
 2452              	.LASF62:
 2453 0148 616C6967 		.ascii	"align\000"
 2453      6E00
 2454              	.LASF0:
 2455 014e 756E7369 		.ascii	"unsigned int\000"
 2455      676E6564 
 2455      20696E74 
 2455      00
 2456              	.LASF10:
 2457 015b 6C6F6E67 		.ascii	"long unsigned int\000"
 2457      20756E73 
 2457      69676E65 
 2457      6420696E 
 2457      7400
 2458              	.LASF48:
 2459 016d 636F6E74 		.ascii	"context\000"
 2459      65787400 
 2460              	.LASF63:
 2461 0175 73697A65 		.ascii	"size\000"
 2461      00
 2462              	.LASF6:
 2463 017a 73686F72 		.ascii	"short unsigned int\000"
 2463      7420756E 
 2463      7369676E 
 2463      65642069 
 2463      6E7400
 2464              	.LASF20:
 2465 018d 6D73675F 		.ascii	"msg_t\000"
 2465      7400
 2466              	.LASF15:
 2467 0193 746D6F64 		.ascii	"tmode_t\000"
 2467      655F7400 
 2468              	.LASF44:
 2469 019b 54687265 		.ascii	"ThreadsList\000"
 2469      6164734C 
 2469      69737400 
 2470              	.LASF21:
 2471 01a7 6576656E 		.ascii	"eventmask_t\000"
 2471      746D6173 
 2471      6B5F7400 
 2472              	.LASF50:
 2473 01b3 4D757465 		.ascii	"Mutex\000"
 2473      7800
 2474              	.LASF46:
 2475 01b9 73746B61 		.ascii	"stkalign_t\000"
 2475      6C69676E 
 2475      5F7400
 2476              	.LASF49:
ARM GAS  C:\Users\jenny\AppData\Local\Temp\cctEHOY6.s 			page 46


 2477 01c4 73697A65 		.ascii	"sizetype\000"
 2477      74797065 
 2477      00
 2478              	.LASF78:
 2479 01cd 63684D74 		.ascii	"chMtxLock\000"
 2479      784C6F63 
 2479      6B00
 2480              	.LASF29:
 2481 01d7 705F6F6C 		.ascii	"p_older\000"
 2481      64657200 
 2482              	.LASF43:
 2483 01df 54687265 		.ascii	"ThreadsQueue\000"
 2483      61647351 
 2483      75657565 
 2483      00
 2484              	.LASF55:
 2485 01ec 4D656D6F 		.ascii	"MemoryHeap\000"
 2485      72794865 
 2485      617000
 2486              	.LASF17:
 2487 01f7 74726566 		.ascii	"trefs_t\000"
 2487      735F7400 
 2488              	.LASF25:
 2489 01ff 705F7072 		.ascii	"p_prev\000"
 2489      657600
 2490              	.LASF19:
 2491 0206 74707269 		.ascii	"tprio_t\000"
 2491      6F5F7400 
 2492              	.LASF14:
 2493 020e 5F426F6F 		.ascii	"_Bool\000"
 2493      6C00
 2494              	.LASF7:
 2495 0214 696E7433 		.ascii	"int32_t\000"
 2495      325F7400 
 2496              	.LASF4:
 2497 021c 756E7369 		.ascii	"unsigned char\000"
 2497      676E6564 
 2497      20636861 
 2497      7200
 2498              	.LASF57:
 2499 022a 685F7072 		.ascii	"h_provider\000"
 2499      6F766964 
 2499      657200
 2500              	.LASF40:
 2501 0235 705F6D74 		.ascii	"p_mtxlist\000"
 2501      786C6973 
 2501      7400
 2502              	.LASF5:
 2503 023f 73686F72 		.ascii	"short int\000"
 2503      7420696E 
 2503      7400
 2504              	.LASF31:
 2505 0249 705F7374 		.ascii	"p_state\000"
 2505      61746500 
 2506              	.LASF34:
 2507 0251 705F7072 		.ascii	"p_preempt\000"
 2507      65656D70 
ARM GAS  C:\Users\jenny\AppData\Local\Temp\cctEHOY6.s 			page 47


 2507      7400
 2508              	.LASF82:
 2509 025b 68656170 		.ascii	"heap_header\000"
 2509      5F686561 
 2509      64657200 
 2510              	.LASF67:
 2511 0267 65776D61 		.ascii	"ewmask\000"
 2511      736B00
 2512              	.LASF24:
 2513 026e 705F6E65 		.ascii	"p_next\000"
 2513      787400
 2514              	.LASF32:
 2515 0275 705F666C 		.ascii	"p_flags\000"
 2515      61677300 
 2516              	.LASF23:
 2517 027d 54687265 		.ascii	"Thread\000"
 2517      616400
 2518              	.LASF73:
 2519 0284 63684865 		.ascii	"chHeapAlloc\000"
 2519      6170416C 
 2519      6C6F6300 
 2520              	.LASF39:
 2521 0290 705F6570 		.ascii	"p_epending\000"
 2521      656E6469 
 2521      6E6700
 2522              	.LASF9:
 2523 029b 75696E74 		.ascii	"uint32_t\000"
 2523      33325F74 
 2523      00
 2524              	.LASF61:
 2525 02a4 68656170 		.ascii	"heap\000"
 2525      00
 2526              	.LASF76:
 2527 02a9 64656661 		.ascii	"default_heap\000"
 2527      756C745F 
 2527      68656170 
 2527      00
 2528              	.LASF68:
 2529 02b6 63686172 		.ascii	"char\000"
 2529      00
 2530              	.LASF74:
 2531 02bb 63684865 		.ascii	"chHeapStatus\000"
 2531      61705374 
 2531      61747573 
 2531      00
 2532              	.LASF53:
 2533 02c8 6D5F6E65 		.ascii	"m_next\000"
 2533      787400
 2534              	.LASF22:
 2535 02cf 73797374 		.ascii	"systime_t\000"
 2535      696D655F 
 2535      7400
 2536              	.LASF41:
 2537 02d9 705F7265 		.ascii	"p_realprio\000"
 2537      616C7072 
 2537      696F00
 2538              	.LASF35:
ARM GAS  C:\Users\jenny\AppData\Local\Temp\cctEHOY6.s 			page 48


 2539 02e4 705F7469 		.ascii	"p_time\000"
 2539      6D6500
 2540              	.LASF47:
 2541 02eb 696E7463 		.ascii	"intctx\000"
 2541      747800
 2542              	.LASF37:
 2543 02f2 705F6D73 		.ascii	"p_msgqueue\000"
 2543      67717565 
 2543      756500
 2544              	.LASF77:
 2545 02fd 63684D74 		.ascii	"chMtxInit\000"
 2545      78496E69 
 2545      7400
 2546              	.LASF33:
 2547 0307 705F7265 		.ascii	"p_refs\000"
 2547      667300
 2548              	.LASF3:
 2549 030e 75696E74 		.ascii	"uint8_t\000"
 2549      385F7400 
 2550              	.LASF81:
 2551 0316 443A5C6A 		.ascii	"D:\\jenny\\dev\\probe\\chibios\\chibios.workspace\\"
 2551      656E6E79 
 2551      5C646576 
 2551      5C70726F 
 2551      62655C63 
 2552 0343 64656D6F 		.ascii	"demos\\ARMCM4-STM32F407-LWIP-FATFS-USB\000"
 2552      735C4152 
 2552      4D434D34 
 2552      2D53544D 
 2552      33324634 
 2553              	.LASF66:
 2554 0369 77746F62 		.ascii	"wtobjp\000"
 2554      6A7000
 2555              	.LASF75:
 2556 0370 73697A65 		.ascii	"sizep\000"
 2556      7000
 2557              	.LASF30:
 2558 0376 705F6E61 		.ascii	"p_name\000"
 2558      6D6500
 2559              	.LASF69:
 2560 037d 5F686561 		.ascii	"_heap_init\000"
 2560      705F696E 
 2560      697400
 2561              	.LASF52:
 2562 0388 6D5F6F77 		.ascii	"m_owner\000"
 2562      6E657200 
 2563              	.LASF27:
 2564 0390 705F6374 		.ascii	"p_ctx\000"
 2564      7800
 2565              	.LASF36:
 2566 0396 705F7761 		.ascii	"p_waiting\000"
 2566      6974696E 
 2566      6700
 2567              	.LASF56:
 2568 03a0 6D656D6F 		.ascii	"memory_heap\000"
 2568      72795F68 
 2568      65617000 
ARM GAS  C:\Users\jenny\AppData\Local\Temp\cctEHOY6.s 			page 49


 2569              		.ident	"GCC: (GNU Tools for ARM Embedded Processors) 4.7.4 20130913 (release) [ARM/embedded-4_7-br
ARM GAS  C:\Users\jenny\AppData\Local\Temp\cctEHOY6.s 			page 50


DEFINED SYMBOLS
                            *ABS*:00000000 chheap.c
C:\Users\jenny\AppData\Local\Temp\cctEHOY6.s:20     .text._heap_init:00000000 $t
C:\Users\jenny\AppData\Local\Temp\cctEHOY6.s:26     .text._heap_init:00000000 _heap_init
C:\Users\jenny\AppData\Local\Temp\cctEHOY6.s:437    .bss.default_heap:00000000 .LANCHOR0
C:\Users\jenny\AppData\Local\Temp\cctEHOY6.s:58     .text.chHeapInit:00000000 $t
C:\Users\jenny\AppData\Local\Temp\cctEHOY6.s:64     .text.chHeapInit:00000000 chHeapInit
C:\Users\jenny\AppData\Local\Temp\cctEHOY6.s:98     .text.chHeapAlloc:00000000 $t
C:\Users\jenny\AppData\Local\Temp\cctEHOY6.s:104    .text.chHeapAlloc:00000000 chHeapAlloc
C:\Users\jenny\AppData\Local\Temp\cctEHOY6.s:231    .text.chHeapAlloc:00000084 $d
C:\Users\jenny\AppData\Local\Temp\cctEHOY6.s:236    .text.chHeapFree:00000000 $t
C:\Users\jenny\AppData\Local\Temp\cctEHOY6.s:242    .text.chHeapFree:00000000 chHeapFree
C:\Users\jenny\AppData\Local\Temp\cctEHOY6.s:356    .text.chHeapStatus:00000000 $t
C:\Users\jenny\AppData\Local\Temp\cctEHOY6.s:362    .text.chHeapStatus:00000000 chHeapStatus
C:\Users\jenny\AppData\Local\Temp\cctEHOY6.s:431    .text.chHeapStatus:0000003c $d
C:\Users\jenny\AppData\Local\Temp\cctEHOY6.s:436    .bss.default_heap:00000000 $d
C:\Users\jenny\AppData\Local\Temp\cctEHOY6.s:440    .bss.default_heap:00000000 default_heap
                     .debug_frame:00000010 $d
C:\Users\jenny\AppData\Local\Temp\cctEHOY6.s:235    .text.chHeapAlloc:00000088 $t

UNDEFINED SYMBOLS
chCoreAlloc
chMtxInit
chMtxLock
chMtxUnlock
