ARM GAS  C:\Users\jenny\AppData\Local\Temp\cc8u6Bkb.s 			page 1


   1              		.syntax unified
   2              		.cpu cortex-m4
   3              		.eabi_attribute 27, 3
   4              		.fpu fpv4-sp-d16
   5              		.eabi_attribute 20, 1
   6              		.eabi_attribute 21, 1
   7              		.eabi_attribute 23, 3
   8              		.eabi_attribute 24, 1
   9              		.eabi_attribute 25, 1
  10              		.eabi_attribute 26, 1
  11              		.eabi_attribute 30, 2
  12              		.eabi_attribute 34, 1
  13              		.eabi_attribute 18, 4
  14              		.thumb
  15              		.file	"chmempools.c"
  16              		.text
  17              	.Ltext0:
  18              		.cfi_sections	.debug_frame
  19              		.section	.text.chPoolInit,"ax",%progbits
  20              		.align	2
  21              		.p2align 4,,15
  22              		.global	chPoolInit
  23              		.thumb
  24              		.thumb_func
  25              		.type	chPoolInit, %function
  26              	chPoolInit:
  27              	.LFB7:
  28              		.file 1 "../../os/kernel/src/chmempools.c"
  29              		.loc 1 62 0
  30              		.cfi_startproc
  31              		@ args = 0, pretend = 0, frame = 0
  32              		@ frame_needed = 0, uses_anonymous_args = 0
  33              		@ link register save eliminated.
  34              	.LVL0:
  35              		.loc 1 66 0
  36 0000 0023     		movs	r3, #0
  37 0002 0360     		str	r3, [r0, #0]
  38              		.loc 1 67 0
  39 0004 4160     		str	r1, [r0, #4]
  40              		.loc 1 68 0
  41 0006 8260     		str	r2, [r0, #8]
  42 0008 7047     		bx	lr
  43              		.cfi_endproc
  44              	.LFE7:
  45              		.size	chPoolInit, .-chPoolInit
  46 000a 00BFAFF3 		.section	.text.chPoolLoadArray,"ax",%progbits
  46      0080
  47              		.align	2
  48              		.p2align 4,,15
  49              		.global	chPoolLoadArray
  50              		.thumb
  51              		.thumb_func
  52              		.type	chPoolLoadArray, %function
  53              	chPoolLoadArray:
  54              	.LFB8:
  55              		.loc 1 84 0
  56              		.cfi_startproc
ARM GAS  C:\Users\jenny\AppData\Local\Temp\cc8u6Bkb.s 			page 2


  57              		@ args = 0, pretend = 0, frame = 0
  58              		@ frame_needed = 0, uses_anonymous_args = 0
  59              		@ link register save eliminated.
  60              	.LVL1:
  61 0000 70B4     		push	{r4, r5, r6}
  62              	.LCFI0:
  63              		.cfi_def_cfa_offset 12
  64              		.cfi_offset 4, -12
  65              		.cfi_offset 5, -8
  66              		.cfi_offset 6, -4
  67              		.loc 1 88 0
  68 0002 002A     		cmp	r2, #0
  69 0004 36D0     		beq	.L2
  70 0006 013A     		subs	r2, r2, #1
  71              	.LVL2:
  72 0008 02F00105 		and	r5, r2, #1
  73              	.LVL3:
  74              	.LBB16:
  75              	.LBB17:
  76              		.loc 1 173 0
  77 000c 2023     		movs	r3, #32
  78              	.LVL4:
  79              	@ 173 "../../os/kernel/src/chmempools.c" 1
  80 000e 83F31188 		msr     BASEPRI, r3
  81              	@ 0 "" 2
  82              	.LVL5:
  83              		.thumb
  84              	.LBE17:
  85              	.LBB18:
  86              	.LBB19:
  87              		.loc 1 155 0
  88 0012 0468     		ldr	r4, [r0, #0]
  89              	.LBE19:
  90              	.LBE18:
  91              	.LBB27:
  92              		.loc 1 175 0
  93 0014 0023     		movs	r3, #0
  94              	.LVL6:
  95              	.LBE27:
  96              	.LBB28:
  97              	.LBB20:
  98              		.loc 1 155 0
  99 0016 0C60     		str	r4, [r1, #0]
 100              		.loc 1 156 0
 101 0018 0160     		str	r1, [r0, #0]
 102              	.LBE20:
 103              	.LBE28:
 104              	.LBB29:
 105              		.loc 1 175 0
 106              	@ 175 "../../os/kernel/src/chmempools.c" 1
 107 001a 83F31188 		msr     BASEPRI, r3
 108              	@ 0 "" 2
 109              	.LVL7:
 110              		.thumb
 111              	.LBE29:
 112              	.LBE16:
 113              		.loc 1 90 0
ARM GAS  C:\Users\jenny\AppData\Local\Temp\cc8u6Bkb.s 			page 3


 114 001e 4368     		ldr	r3, [r0, #4]
 115              	.LVL8:
 116 0020 C918     		adds	r1, r1, r3
 117              	.LVL9:
 118              		.loc 1 88 0
 119 0022 3AB3     		cbz	r2, .L2
 120 0024 65B1     		cbz	r5, .L6
 121              	.LVL10:
 122              	.LBB45:
 123              	.LBB30:
 124              		.loc 1 173 0
 125 0026 2023     		movs	r3, #32
 126              	@ 173 "../../os/kernel/src/chmempools.c" 1
 127 0028 83F31188 		msr     BASEPRI, r3
 128              	@ 0 "" 2
 129              	.LVL11:
 130              		.thumb
 131              	.LBE30:
 132              	.LBB31:
 133              	.LBB21:
 134              		.loc 1 155 0
 135 002c 0468     		ldr	r4, [r0, #0]
 136              	.LBE21:
 137              	.LBE31:
 138              	.LBB32:
 139              		.loc 1 175 0
 140 002e 0023     		movs	r3, #0
 141              	.LVL12:
 142              	.LBE32:
 143              	.LBB33:
 144              	.LBB22:
 145              		.loc 1 155 0
 146 0030 0C60     		str	r4, [r1, #0]
 147              		.loc 1 156 0
 148 0032 0160     		str	r1, [r0, #0]
 149              	.LBE22:
 150              	.LBE33:
 151              	.LBB34:
 152              		.loc 1 175 0
 153              	@ 175 "../../os/kernel/src/chmempools.c" 1
 154 0034 83F31188 		msr     BASEPRI, r3
 155              	@ 0 "" 2
 156              	.LVL13:
 157              		.thumb
 158              	.LBE34:
 159              	.LBE45:
 160              		.loc 1 90 0
 161 0038 4368     		ldr	r3, [r0, #4]
 162              	.LVL14:
 163              		.loc 1 88 0
 164 003a 013A     		subs	r2, r2, #1
 165              	.LVL15:
 166              		.loc 1 90 0
 167 003c 1944     		add	r1, r1, r3
 168              	.LVL16:
 169              		.loc 1 88 0
 170 003e 19D0     		beq	.L2
ARM GAS  C:\Users\jenny\AppData\Local\Temp\cc8u6Bkb.s 			page 4


 171              	.L6:
 172              	.LBB46:
 173              	.LBB35:
 174              		.loc 1 173 0
 175 0040 2023     		movs	r3, #32
 176              	@ 173 "../../os/kernel/src/chmempools.c" 1
 177 0042 83F31188 		msr     BASEPRI, r3
 178              	@ 0 "" 2
 179              	.LVL17:
 180              		.thumb
 181              	.LBE35:
 182              	.LBB36:
 183              	.LBB23:
 184              		.loc 1 155 0
 185 0046 0468     		ldr	r4, [r0, #0]
 186              	.LBE23:
 187              	.LBE36:
 188              	.LBB37:
 189              		.loc 1 175 0
 190 0048 0023     		movs	r3, #0
 191              	.LVL18:
 192              	.LBE37:
 193              	.LBB38:
 194              	.LBB24:
 195              		.loc 1 155 0
 196 004a 0C60     		str	r4, [r1, #0]
 197              		.loc 1 156 0
 198 004c 0160     		str	r1, [r0, #0]
 199              	.LBE24:
 200              	.LBE38:
 201              	.LBB39:
 202              		.loc 1 175 0
 203              	@ 175 "../../os/kernel/src/chmempools.c" 1
 204 004e 83F31188 		msr     BASEPRI, r3
 205              	@ 0 "" 2
 206              	.LVL19:
 207              		.thumb
 208              	.LBE39:
 209              	.LBE46:
 210              		.loc 1 90 0
 211 0052 4568     		ldr	r5, [r0, #4]
 212              		.loc 1 91 0
 213 0054 013A     		subs	r2, r2, #1
 214              		.loc 1 90 0
 215 0056 4C19     		adds	r4, r1, r5
 216              	.LBB47:
 217              	.LBB40:
 218              		.loc 1 173 0
 219 0058 2023     		movs	r3, #32
 220              	.LVL20:
 221              	@ 173 "../../os/kernel/src/chmempools.c" 1
 222 005a 83F31188 		msr     BASEPRI, r3
 223              	@ 0 "" 2
 224              	.LVL21:
 225              		.thumb
 226              	.LBE40:
 227              	.LBB41:
ARM GAS  C:\Users\jenny\AppData\Local\Temp\cc8u6Bkb.s 			page 5


 228              	.LBB25:
 229              		.loc 1 155 0
 230 005e 0668     		ldr	r6, [r0, #0]
 231              	.LBE25:
 232              	.LBE41:
 233              	.LBB42:
 234              		.loc 1 175 0
 235 0060 0023     		movs	r3, #0
 236              	.LVL22:
 237              	.LBE42:
 238              	.LBB43:
 239              	.LBB26:
 240              		.loc 1 155 0
 241 0062 4E51     		str	r6, [r1, r5]
 242              		.loc 1 156 0
 243 0064 0460     		str	r4, [r0, #0]
 244              	.LBE26:
 245              	.LBE43:
 246              	.LBB44:
 247              		.loc 1 175 0
 248              	@ 175 "../../os/kernel/src/chmempools.c" 1
 249 0066 83F31188 		msr     BASEPRI, r3
 250              	@ 0 "" 2
 251              	.LVL23:
 252              		.thumb
 253              	.LBE44:
 254              	.LBE47:
 255              		.loc 1 90 0
 256 006a 4368     		ldr	r3, [r0, #4]
 257              	.LVL24:
 258              		.loc 1 88 0
 259 006c 013A     		subs	r2, r2, #1
 260              		.loc 1 90 0
 261 006e 04EB0301 		add	r1, r4, r3
 262              		.loc 1 88 0
 263 0072 E5D1     		bne	.L6
 264              	.LVL25:
 265              	.L2:
 266              		.loc 1 93 0
 267 0074 70BC     		pop	{r4, r5, r6}
 268 0076 7047     		bx	lr
 269              		.cfi_endproc
 270              	.LFE8:
 271              		.size	chPoolLoadArray, .-chPoolLoadArray
 272 0078 AFF30080 		.section	.text.chPoolAllocI,"ax",%progbits
 272      AFF30080 
 273              		.align	2
 274              		.p2align 4,,15
 275              		.global	chPoolAllocI
 276              		.thumb
 277              		.thumb_func
 278              		.type	chPoolAllocI, %function
 279              	chPoolAllocI:
 280              	.LFB9:
 281              		.loc 1 105 0
 282              		.cfi_startproc
 283              		@ args = 0, pretend = 0, frame = 0
ARM GAS  C:\Users\jenny\AppData\Local\Temp\cc8u6Bkb.s 			page 6


 284              		@ frame_needed = 0, uses_anonymous_args = 0
 285              	.LVL26:
 286 0000 08B5     		push	{r3, lr}
 287              	.LCFI1:
 288              		.cfi_def_cfa_offset 8
 289              		.cfi_offset 3, -8
 290              		.cfi_offset 14, -4
 291              		.loc 1 105 0
 292 0002 0346     		mov	r3, r0
 293              		.loc 1 111 0
 294 0004 0068     		ldr	r0, [r0, #0]
 295              	.LVL27:
 296 0006 10B1     		cbz	r0, .L16
 297              		.loc 1 112 0
 298 0008 0168     		ldr	r1, [r0, #0]
 299 000a 1960     		str	r1, [r3, #0]
 300 000c 08BD     		pop	{r3, pc}
 301              	.L16:
 302              		.loc 1 113 0
 303 000e 9A68     		ldr	r2, [r3, #8]
 304 0010 0AB1     		cbz	r2, .L17
 305              		.loc 1 114 0
 306 0012 5868     		ldr	r0, [r3, #4]
 307              	.LVL28:
 308 0014 9047     		blx	r2
 309              	.LVL29:
 310              	.L17:
 311              		.loc 1 116 0
 312 0016 08BD     		pop	{r3, pc}
 313              		.cfi_endproc
 314              	.LFE9:
 315              		.size	chPoolAllocI, .-chPoolAllocI
 316 0018 AFF30080 		.section	.text.chPoolAlloc,"ax",%progbits
 316      AFF30080 
 317              		.align	2
 318              		.p2align 4,,15
 319              		.global	chPoolAlloc
 320              		.thumb
 321              		.thumb_func
 322              		.type	chPoolAlloc, %function
 323              	chPoolAlloc:
 324              	.LFB10:
 325              		.loc 1 128 0
 326              		.cfi_startproc
 327              		@ args = 0, pretend = 0, frame = 0
 328              		@ frame_needed = 0, uses_anonymous_args = 0
 329              	.LVL30:
 330 0000 08B5     		push	{r3, lr}
 331              	.LCFI2:
 332              		.cfi_def_cfa_offset 8
 333              		.cfi_offset 3, -8
 334              		.cfi_offset 14, -4
 335              		.loc 1 128 0
 336 0002 0246     		mov	r2, r0
 337              	.LBB48:
 338              		.loc 1 131 0
 339 0004 2023     		movs	r3, #32
ARM GAS  C:\Users\jenny\AppData\Local\Temp\cc8u6Bkb.s 			page 7


 340              	.LVL31:
 341              	@ 131 "../../os/kernel/src/chmempools.c" 1
 342 0006 83F31188 		msr     BASEPRI, r3
 343              	@ 0 "" 2
 344              	.LVL32:
 345              		.thumb
 346              	.LBE48:
 347              	.LBB49:
 348              	.LBB50:
 349              		.loc 1 111 0
 350 000a 0068     		ldr	r0, [r0, #0]
 351              	.LVL33:
 352 000c 28B1     		cbz	r0, .L22
 353              		.loc 1 112 0
 354 000e 0168     		ldr	r1, [r0, #0]
 355 0010 1160     		str	r1, [r2, #0]
 356              	.LVL34:
 357              	.L23:
 358              	.LBE50:
 359              	.LBE49:
 360              	.LBB52:
 361              		.loc 1 133 0
 362 0012 0023     		movs	r3, #0
 363              	.LVL35:
 364              	@ 133 "../../os/kernel/src/chmempools.c" 1
 365 0014 83F31188 		msr     BASEPRI, r3
 366              	@ 0 "" 2
 367              	.LVL36:
 368              		.thumb
 369              	.LBE52:
 370              		.loc 1 135 0
 371 0018 08BD     		pop	{r3, pc}
 372              	.LVL37:
 373              	.L22:
 374              	.LBB53:
 375              	.LBB51:
 376              		.loc 1 113 0
 377 001a 9368     		ldr	r3, [r2, #8]
 378              	.LVL38:
 379 001c 002B     		cmp	r3, #0
 380 001e F8D0     		beq	.L23
 381              		.loc 1 114 0
 382 0020 5068     		ldr	r0, [r2, #4]
 383              	.LVL39:
 384 0022 9847     		blx	r3
 385              	.LVL40:
 386 0024 F5E7     		b	.L23
 387              	.LBE51:
 388              	.LBE53:
 389              		.cfi_endproc
 390              	.LFE10:
 391              		.size	chPoolAlloc, .-chPoolAlloc
 392 0026 00BFAFF3 		.section	.text.chPoolFreeI,"ax",%progbits
 392      0080AFF3 
 392      0080
 393              		.align	2
 394              		.p2align 4,,15
ARM GAS  C:\Users\jenny\AppData\Local\Temp\cc8u6Bkb.s 			page 8


 395              		.global	chPoolFreeI
 396              		.thumb
 397              		.thumb_func
 398              		.type	chPoolFreeI, %function
 399              	chPoolFreeI:
 400              	.LFB11:
 401              		.loc 1 149 0
 402              		.cfi_startproc
 403              		@ args = 0, pretend = 0, frame = 0
 404              		@ frame_needed = 0, uses_anonymous_args = 0
 405              		@ link register save eliminated.
 406              	.LVL41:
 407              		.loc 1 155 0
 408 0000 0368     		ldr	r3, [r0, #0]
 409 0002 0B60     		str	r3, [r1, #0]
 410              		.loc 1 156 0
 411 0004 0160     		str	r1, [r0, #0]
 412 0006 7047     		bx	lr
 413              		.cfi_endproc
 414              	.LFE11:
 415              		.size	chPoolFreeI, .-chPoolFreeI
 416 0008 AFF30080 		.section	.text.chPoolFree,"ax",%progbits
 416      AFF30080 
 417              		.align	2
 418              		.p2align 4,,15
 419              		.global	chPoolFree
 420              		.thumb
 421              		.thumb_func
 422              		.type	chPoolFree, %function
 423              	chPoolFree:
 424              	.LFB12:
 425              		.loc 1 171 0
 426              		.cfi_startproc
 427              		@ args = 0, pretend = 0, frame = 0
 428              		@ frame_needed = 0, uses_anonymous_args = 0
 429              		@ link register save eliminated.
 430              	.LVL42:
 431              	.LBB54:
 432              		.loc 1 173 0
 433 0000 2023     		movs	r3, #32
 434              	.LVL43:
 435              	@ 173 "../../os/kernel/src/chmempools.c" 1
 436 0002 83F31188 		msr     BASEPRI, r3
 437              	@ 0 "" 2
 438              	.LVL44:
 439              		.thumb
 440              	.LBE54:
 441              	.LBB55:
 442              	.LBB56:
 443              		.loc 1 155 0
 444 0006 0268     		ldr	r2, [r0, #0]
 445              	.LBE56:
 446              	.LBE55:
 447              	.LBB58:
 448              		.loc 1 175 0
 449 0008 0023     		movs	r3, #0
 450              	.LVL45:
ARM GAS  C:\Users\jenny\AppData\Local\Temp\cc8u6Bkb.s 			page 9


 451              	.LBE58:
 452              	.LBB59:
 453              	.LBB57:
 454              		.loc 1 155 0
 455 000a 0A60     		str	r2, [r1, #0]
 456              		.loc 1 156 0
 457 000c 0160     		str	r1, [r0, #0]
 458              	.LBE57:
 459              	.LBE59:
 460              	.LBB60:
 461              		.loc 1 175 0
 462              	@ 175 "../../os/kernel/src/chmempools.c" 1
 463 000e 83F31188 		msr     BASEPRI, r3
 464              	@ 0 "" 2
 465              	.LVL46:
 466              		.thumb
 467 0012 7047     		bx	lr
 468              	.LBE60:
 469              		.cfi_endproc
 470              	.LFE12:
 471              		.size	chPoolFree, .-chPoolFree
 472 0014 AFF30080 		.text
 472      AFF30080 
 472      AFF30080 
 473              	.Letext0:
 474              		.file 2 "c:\\fbin\\yagarto\\bin\\../lib/gcc/arm-none-eabi/4.7.4/include/stddef.h"
 475              		.file 3 "c:\\fbin\\yagarto\\bin\\../lib/gcc/arm-none-eabi/4.7.4/../../../../arm-none-eabi/include/
 476              		.file 4 "../../os/kernel/include/chmemcore.h"
 477              		.file 5 "../../os/kernel/include/chmempools.h"
 478              		.section	.debug_info,"",%progbits
 479              	.Ldebug_info0:
 480 0000 22040000 		.4byte	0x422
 481 0004 0200     		.2byte	0x2
 482 0006 00000000 		.4byte	.Ldebug_abbrev0
 483 000a 04       		.byte	0x4
 484 000b 01       		.uleb128 0x1
 485 000c CF000000 		.4byte	.LASF28
 486 0010 01       		.byte	0x1
 487 0011 F9010000 		.4byte	.LASF29
 488 0015 3D000000 		.4byte	.LASF30
 489 0019 A0010000 		.4byte	.Ldebug_ranges0+0x1a0
 490 001d 00000000 		.4byte	0
 491 0021 00000000 		.4byte	0
 492 0025 00000000 		.4byte	.Ldebug_line0
 493 0029 02       		.uleb128 0x2
 494 002a 04       		.byte	0x4
 495 002b 05       		.byte	0x5
 496 002c 696E7400 		.ascii	"int\000"
 497 0030 03       		.uleb128 0x3
 498 0031 00000000 		.4byte	.LASF2
 499 0035 02       		.byte	0x2
 500 0036 D5       		.byte	0xd5
 501 0037 3B000000 		.4byte	0x3b
 502 003b 04       		.uleb128 0x4
 503 003c 04       		.byte	0x4
 504 003d 07       		.byte	0x7
 505 003e 4E010000 		.4byte	.LASF0
ARM GAS  C:\Users\jenny\AppData\Local\Temp\cc8u6Bkb.s 			page 10


 506 0042 04       		.uleb128 0x4
 507 0043 01       		.byte	0x1
 508 0044 06       		.byte	0x6
 509 0045 DF010000 		.4byte	.LASF1
 510 0049 03       		.uleb128 0x3
 511 004a 72010000 		.4byte	.LASF3
 512 004e 03       		.byte	0x3
 513 004f 2A       		.byte	0x2a
 514 0050 54000000 		.4byte	0x54
 515 0054 04       		.uleb128 0x4
 516 0055 01       		.byte	0x1
 517 0056 08       		.byte	0x8
 518 0057 18010000 		.4byte	.LASF4
 519 005b 04       		.uleb128 0x4
 520 005c 02       		.byte	0x2
 521 005d 05       		.byte	0x5
 522 005e B7010000 		.4byte	.LASF5
 523 0062 04       		.uleb128 0x4
 524 0063 02       		.byte	0x2
 525 0064 07       		.byte	0x7
 526 0065 A7000000 		.4byte	.LASF6
 527 0069 04       		.uleb128 0x4
 528 006a 04       		.byte	0x4
 529 006b 05       		.byte	0x5
 530 006c D6010000 		.4byte	.LASF7
 531 0070 03       		.uleb128 0x3
 532 0071 CD010000 		.4byte	.LASF8
 533 0075 03       		.byte	0x3
 534 0076 50       		.byte	0x50
 535 0077 7B000000 		.4byte	0x7b
 536 007b 04       		.uleb128 0x4
 537 007c 04       		.byte	0x4
 538 007d 07       		.byte	0x7
 539 007e 95000000 		.4byte	.LASF9
 540 0082 04       		.uleb128 0x4
 541 0083 08       		.byte	0x8
 542 0084 05       		.byte	0x5
 543 0085 8B010000 		.4byte	.LASF10
 544 0089 04       		.uleb128 0x4
 545 008a 08       		.byte	0x8
 546 008b 07       		.byte	0x7
 547 008c 5B010000 		.4byte	.LASF11
 548 0090 04       		.uleb128 0x4
 549 0091 01       		.byte	0x1
 550 0092 02       		.byte	0x2
 551 0093 F3010000 		.4byte	.LASF12
 552 0097 05       		.uleb128 0x5
 553 0098 04       		.byte	0x4
 554 0099 04       		.uleb128 0x4
 555 009a 04       		.byte	0x4
 556 009b 07       		.byte	0x7
 557 009c 82010000 		.4byte	.LASF13
 558 00a0 03       		.uleb128 0x3
 559 00a1 9E010000 		.4byte	.LASF14
 560 00a5 04       		.byte	0x4
 561 00a6 2C       		.byte	0x2c
 562 00a7 AB000000 		.4byte	0xab
ARM GAS  C:\Users\jenny\AppData\Local\Temp\cc8u6Bkb.s 			page 11


 563 00ab 06       		.uleb128 0x6
 564 00ac 04       		.byte	0x4
 565 00ad B1000000 		.4byte	0xb1
 566 00b1 07       		.uleb128 0x7
 567 00b2 01       		.byte	0x1
 568 00b3 97000000 		.4byte	0x97
 569 00b7 C1000000 		.4byte	0xc1
 570 00bb 08       		.uleb128 0x8
 571 00bc 30000000 		.4byte	0x30
 572 00c0 00       		.byte	0
 573 00c1 09       		.uleb128 0x9
 574 00c2 31000000 		.4byte	.LASF31
 575 00c6 04       		.byte	0x4
 576 00c7 05       		.byte	0x5
 577 00c8 2C       		.byte	0x2c
 578 00c9 DC000000 		.4byte	0xdc
 579 00cd 0A       		.uleb128 0xa
 580 00ce 7A010000 		.4byte	.LASF15
 581 00d2 05       		.byte	0x5
 582 00d3 2D       		.byte	0x2d
 583 00d4 DC000000 		.4byte	0xdc
 584 00d8 02       		.byte	0x2
 585 00d9 23       		.byte	0x23
 586 00da 00       		.uleb128 0
 587 00db 00       		.byte	0
 588 00dc 06       		.uleb128 0x6
 589 00dd 04       		.byte	0x4
 590 00de C1000000 		.4byte	0xc1
 591 00e2 0B       		.uleb128 0xb
 592 00e3 0C       		.byte	0xc
 593 00e4 05       		.byte	0x5
 594 00e5 34       		.byte	0x34
 595 00e6 15010000 		.4byte	0x115
 596 00ea 0A       		.uleb128 0xa
 597 00eb EB010000 		.4byte	.LASF16
 598 00ef 05       		.byte	0x5
 599 00f0 35       		.byte	0x35
 600 00f1 DC000000 		.4byte	0xdc
 601 00f5 02       		.byte	0x2
 602 00f6 23       		.byte	0x23
 603 00f7 00       		.uleb128 0
 604 00f8 0A       		.uleb128 0xa
 605 00f9 12000000 		.4byte	.LASF17
 606 00fd 05       		.byte	0x5
 607 00fe 36       		.byte	0x36
 608 00ff 30000000 		.4byte	0x30
 609 0103 02       		.byte	0x2
 610 0104 23       		.byte	0x23
 611 0105 04       		.uleb128 0x4
 612 0106 0A       		.uleb128 0xa
 613 0107 AB010000 		.4byte	.LASF18
 614 010b 05       		.byte	0x5
 615 010c 38       		.byte	0x38
 616 010d A0000000 		.4byte	0xa0
 617 0111 02       		.byte	0x2
 618 0112 23       		.byte	0x23
 619 0113 08       		.uleb128 0x8
ARM GAS  C:\Users\jenny\AppData\Local\Temp\cc8u6Bkb.s 			page 12


 620 0114 00       		.byte	0
 621 0115 03       		.uleb128 0x3
 622 0116 31010000 		.4byte	.LASF19
 623 011a 05       		.byte	0x5
 624 011b 3A       		.byte	0x3a
 625 011c E2000000 		.4byte	0xe2
 626 0120 04       		.uleb128 0x4
 627 0121 01       		.byte	0x1
 628 0122 08       		.byte	0x8
 629 0123 99010000 		.4byte	.LASF20
 630 0127 0C       		.uleb128 0xc
 631 0128 01       		.byte	0x1
 632 0129 41010000 		.4byte	.LASF32
 633 012d 01       		.byte	0x1
 634 012e 69       		.byte	0x69
 635 012f 01       		.byte	0x1
 636 0130 97000000 		.4byte	0x97
 637 0134 01       		.byte	0x1
 638 0135 4F010000 		.4byte	0x14f
 639 0139 0D       		.uleb128 0xd
 640 013a 6D7000   		.ascii	"mp\000"
 641 013d 01       		.byte	0x1
 642 013e 69       		.byte	0x69
 643 013f 4F010000 		.4byte	0x14f
 644 0143 0E       		.uleb128 0xe
 645 0144 3C010000 		.4byte	.LASF21
 646 0148 01       		.byte	0x1
 647 0149 6A       		.byte	0x6a
 648 014a 97000000 		.4byte	0x97
 649 014e 00       		.byte	0
 650 014f 06       		.uleb128 0x6
 651 0150 04       		.byte	0x4
 652 0151 15010000 		.4byte	0x115
 653 0155 0F       		.uleb128 0xf
 654 0156 01       		.byte	0x1
 655 0157 C3000000 		.4byte	.LASF22
 656 015b 01       		.byte	0x1
 657 015c 95       		.byte	0x95
 658 015d 01       		.byte	0x1
 659 015e 01       		.byte	0x1
 660 015f 84010000 		.4byte	0x184
 661 0163 0D       		.uleb128 0xd
 662 0164 6D7000   		.ascii	"mp\000"
 663 0167 01       		.byte	0x1
 664 0168 95       		.byte	0x95
 665 0169 4F010000 		.4byte	0x14f
 666 016d 10       		.uleb128 0x10
 667 016e 3C010000 		.4byte	.LASF21
 668 0172 01       		.byte	0x1
 669 0173 95       		.byte	0x95
 670 0174 97000000 		.4byte	0x97
 671 0178 11       		.uleb128 0x11
 672 0179 70687000 		.ascii	"php\000"
 673 017d 01       		.byte	0x1
 674 017e 96       		.byte	0x96
 675 017f DC000000 		.4byte	0xdc
 676 0183 00       		.byte	0
ARM GAS  C:\Users\jenny\AppData\Local\Temp\cc8u6Bkb.s 			page 13


 677 0184 0F       		.uleb128 0xf
 678 0185 01       		.byte	0x1
 679 0186 26010000 		.4byte	.LASF23
 680 018a 01       		.byte	0x1
 681 018b AB       		.byte	0xab
 682 018c 01       		.byte	0x1
 683 018d 01       		.byte	0x1
 684 018e C6010000 		.4byte	0x1c6
 685 0192 0D       		.uleb128 0xd
 686 0193 6D7000   		.ascii	"mp\000"
 687 0196 01       		.byte	0x1
 688 0197 AB       		.byte	0xab
 689 0198 4F010000 		.4byte	0x14f
 690 019c 10       		.uleb128 0x10
 691 019d 3C010000 		.4byte	.LASF21
 692 01a1 01       		.byte	0x1
 693 01a2 AB       		.byte	0xab
 694 01a3 97000000 		.4byte	0x97
 695 01a7 12       		.uleb128 0x12
 696 01a8 B8010000 		.4byte	0x1b8
 697 01ac 11       		.uleb128 0x11
 698 01ad 746D7000 		.ascii	"tmp\000"
 699 01b1 01       		.byte	0x1
 700 01b2 AD       		.byte	0xad
 701 01b3 70000000 		.4byte	0x70
 702 01b7 00       		.byte	0
 703 01b8 13       		.uleb128 0x13
 704 01b9 11       		.uleb128 0x11
 705 01ba 746D7000 		.ascii	"tmp\000"
 706 01be 01       		.byte	0x1
 707 01bf AF       		.byte	0xaf
 708 01c0 70000000 		.4byte	0x70
 709 01c4 00       		.byte	0
 710 01c5 00       		.byte	0
 711 01c6 14       		.uleb128 0x14
 712 01c7 01       		.byte	0x1
 713 01c8 07000000 		.4byte	.LASF26
 714 01cc 01       		.byte	0x1
 715 01cd 3E       		.byte	0x3e
 716 01ce 01       		.byte	0x1
 717 01cf 00000000 		.4byte	.LFB7
 718 01d3 0A000000 		.4byte	.LFE7
 719 01d7 02       		.byte	0x2
 720 01d8 7D       		.byte	0x7d
 721 01d9 00       		.sleb128 0
 722 01da 01       		.byte	0x1
 723 01db 06020000 		.4byte	0x206
 724 01df 15       		.uleb128 0x15
 725 01e0 6D7000   		.ascii	"mp\000"
 726 01e3 01       		.byte	0x1
 727 01e4 3E       		.byte	0x3e
 728 01e5 4F010000 		.4byte	0x14f
 729 01e9 01       		.byte	0x1
 730 01ea 50       		.byte	0x50
 731 01eb 16       		.uleb128 0x16
 732 01ec 90000000 		.4byte	.LASF24
 733 01f0 01       		.byte	0x1
ARM GAS  C:\Users\jenny\AppData\Local\Temp\cc8u6Bkb.s 			page 14


 734 01f1 3E       		.byte	0x3e
 735 01f2 30000000 		.4byte	0x30
 736 01f6 01       		.byte	0x1
 737 01f7 51       		.byte	0x51
 738 01f8 16       		.uleb128 0x16
 739 01f9 BA000000 		.4byte	.LASF25
 740 01fd 01       		.byte	0x1
 741 01fe 3E       		.byte	0x3e
 742 01ff A0000000 		.4byte	0xa0
 743 0203 01       		.byte	0x1
 744 0204 52       		.byte	0x52
 745 0205 00       		.byte	0
 746 0206 17       		.uleb128 0x17
 747 0207 01       		.byte	0x1
 748 0208 21000000 		.4byte	.LASF27
 749 020c 01       		.byte	0x1
 750 020d 54       		.byte	0x54
 751 020e 01       		.byte	0x1
 752 020f 00000000 		.4byte	.LFB8
 753 0213 78000000 		.4byte	.LFE8
 754 0217 00000000 		.4byte	.LLST0
 755 021b 01       		.byte	0x1
 756 021c C0020000 		.4byte	0x2c0
 757 0220 15       		.uleb128 0x15
 758 0221 6D7000   		.ascii	"mp\000"
 759 0224 01       		.byte	0x1
 760 0225 54       		.byte	0x54
 761 0226 4F010000 		.4byte	0x14f
 762 022a 01       		.byte	0x1
 763 022b 50       		.byte	0x50
 764 022c 18       		.uleb128 0x18
 765 022d 7000     		.ascii	"p\000"
 766 022f 01       		.byte	0x1
 767 0230 54       		.byte	0x54
 768 0231 97000000 		.4byte	0x97
 769 0235 20000000 		.4byte	.LLST1
 770 0239 18       		.uleb128 0x18
 771 023a 6E00     		.ascii	"n\000"
 772 023c 01       		.byte	0x1
 773 023d 54       		.byte	0x54
 774 023e 30000000 		.4byte	0x30
 775 0242 3F000000 		.4byte	.LLST2
 776 0246 19       		.uleb128 0x19
 777 0247 84010000 		.4byte	0x184
 778 024b 0C000000 		.4byte	.LBB16
 779 024f 00000000 		.4byte	.Ldebug_ranges0+0
 780 0253 01       		.byte	0x1
 781 0254 59       		.byte	0x59
 782 0255 1A       		.uleb128 0x1a
 783 0256 9C010000 		.4byte	0x19c
 784 025a 6C000000 		.4byte	.LLST3
 785 025e 1A       		.uleb128 0x1a
 786 025f 92010000 		.4byte	0x192
 787 0263 8B000000 		.4byte	.LLST4
 788 0267 1B       		.uleb128 0x1b
 789 0268 28000000 		.4byte	.Ldebug_ranges0+0x28
 790 026c 7A020000 		.4byte	0x27a
ARM GAS  C:\Users\jenny\AppData\Local\Temp\cc8u6Bkb.s 			page 15


 791 0270 1C       		.uleb128 0x1c
 792 0271 AC010000 		.4byte	0x1ac
 793 0275 9E000000 		.4byte	.LLST5
 794 0279 00       		.byte	0
 795 027a 1D       		.uleb128 0x1d
 796 027b 55010000 		.4byte	0x155
 797 027f 12000000 		.4byte	.LBB18
 798 0283 50000000 		.4byte	.Ldebug_ranges0+0x50
 799 0287 01       		.byte	0x1
 800 0288 AE       		.byte	0xae
 801 0289 AF020000 		.4byte	0x2af
 802 028d 1A       		.uleb128 0x1a
 803 028e 6D010000 		.4byte	0x16d
 804 0292 D2000000 		.4byte	.LLST6
 805 0296 1A       		.uleb128 0x1a
 806 0297 63010000 		.4byte	0x163
 807 029b F1000000 		.4byte	.LLST7
 808 029f 1E       		.uleb128 0x1e
 809 02a0 98000000 		.4byte	.Ldebug_ranges0+0x98
 810 02a4 1C       		.uleb128 0x1c
 811 02a5 78010000 		.4byte	0x178
 812 02a9 D2000000 		.4byte	.LLST6
 813 02ad 00       		.byte	0
 814 02ae 00       		.byte	0
 815 02af 1E       		.uleb128 0x1e
 816 02b0 E0000000 		.4byte	.Ldebug_ranges0+0xe0
 817 02b4 1C       		.uleb128 0x1c
 818 02b5 B9010000 		.4byte	0x1b9
 819 02b9 04010000 		.4byte	.LLST9
 820 02bd 00       		.byte	0
 821 02be 00       		.byte	0
 822 02bf 00       		.byte	0
 823 02c0 1F       		.uleb128 0x1f
 824 02c1 27010000 		.4byte	0x127
 825 02c5 00000000 		.4byte	.LFB9
 826 02c9 18000000 		.4byte	.LFE9
 827 02cd 38010000 		.4byte	.LLST10
 828 02d1 01       		.byte	0x1
 829 02d2 E9020000 		.4byte	0x2e9
 830 02d6 1A       		.uleb128 0x1a
 831 02d7 39010000 		.4byte	0x139
 832 02db 58010000 		.4byte	.LLST11
 833 02df 1C       		.uleb128 0x1c
 834 02e0 43010000 		.4byte	0x143
 835 02e4 84010000 		.4byte	.LLST12
 836 02e8 00       		.byte	0
 837 02e9 20       		.uleb128 0x20
 838 02ea 01       		.byte	0x1
 839 02eb C1010000 		.4byte	.LASF33
 840 02ef 01       		.byte	0x1
 841 02f0 80       		.byte	0x80
 842 02f1 01       		.byte	0x1
 843 02f2 97000000 		.4byte	0x97
 844 02f6 00000000 		.4byte	.LFB10
 845 02fa 26000000 		.4byte	.LFE10
 846 02fe AE010000 		.4byte	.LLST13
 847 0302 01       		.byte	0x1
ARM GAS  C:\Users\jenny\AppData\Local\Temp\cc8u6Bkb.s 			page 16


 848 0303 85030000 		.4byte	0x385
 849 0307 18       		.uleb128 0x18
 850 0308 6D7000   		.ascii	"mp\000"
 851 030b 01       		.byte	0x1
 852 030c 80       		.byte	0x80
 853 030d 4F010000 		.4byte	0x14f
 854 0311 CE010000 		.4byte	.LLST14
 855 0315 21       		.uleb128 0x21
 856 0316 3C010000 		.4byte	.LASF21
 857 031a 01       		.byte	0x1
 858 031b 81       		.byte	0x81
 859 031c 97000000 		.4byte	0x97
 860 0320 01       		.byte	0x1
 861 0321 50       		.byte	0x50
 862 0322 22       		.uleb128 0x22
 863 0323 04000000 		.4byte	.LBB48
 864 0327 0A000000 		.4byte	.LBE48
 865 032b 3F030000 		.4byte	0x33f
 866 032f 23       		.uleb128 0x23
 867 0330 746D7000 		.ascii	"tmp\000"
 868 0334 01       		.byte	0x1
 869 0335 83       		.byte	0x83
 870 0336 70000000 		.4byte	0x70
 871 033a 13020000 		.4byte	.LLST15
 872 033e 00       		.byte	0
 873 033f 1D       		.uleb128 0x1d
 874 0340 27010000 		.4byte	0x127
 875 0344 0A000000 		.4byte	.LBB49
 876 0348 28010000 		.4byte	.Ldebug_ranges0+0x128
 877 034c 01       		.byte	0x1
 878 034d 84       		.byte	0x84
 879 034e 6B030000 		.4byte	0x36b
 880 0352 1A       		.uleb128 0x1a
 881 0353 39010000 		.4byte	0x139
 882 0357 31020000 		.4byte	.LLST16
 883 035b 1E       		.uleb128 0x1e
 884 035c 40010000 		.4byte	.Ldebug_ranges0+0x140
 885 0360 1C       		.uleb128 0x1c
 886 0361 43010000 		.4byte	0x143
 887 0365 76020000 		.4byte	.LLST17
 888 0369 00       		.byte	0
 889 036a 00       		.byte	0
 890 036b 24       		.uleb128 0x24
 891 036c 12000000 		.4byte	.LBB52
 892 0370 18000000 		.4byte	.LBE52
 893 0374 23       		.uleb128 0x23
 894 0375 746D7000 		.ascii	"tmp\000"
 895 0379 01       		.byte	0x1
 896 037a 85       		.byte	0x85
 897 037b 70000000 		.4byte	0x70
 898 037f A0020000 		.4byte	.LLST18
 899 0383 00       		.byte	0
 900 0384 00       		.byte	0
 901 0385 25       		.uleb128 0x25
 902 0386 55010000 		.4byte	0x155
 903 038a 00000000 		.4byte	.LFB11
 904 038e 08000000 		.4byte	.LFE11
ARM GAS  C:\Users\jenny\AppData\Local\Temp\cc8u6Bkb.s 			page 17


 905 0392 02       		.byte	0x2
 906 0393 7D       		.byte	0x7d
 907 0394 00       		.sleb128 0
 908 0395 01       		.byte	0x1
 909 0396 B0030000 		.4byte	0x3b0
 910 039a 26       		.uleb128 0x26
 911 039b 63010000 		.4byte	0x163
 912 039f 01       		.byte	0x1
 913 03a0 50       		.byte	0x50
 914 03a1 26       		.uleb128 0x26
 915 03a2 6D010000 		.4byte	0x16d
 916 03a6 01       		.byte	0x1
 917 03a7 51       		.byte	0x51
 918 03a8 27       		.uleb128 0x27
 919 03a9 78010000 		.4byte	0x178
 920 03ad 01       		.byte	0x1
 921 03ae 51       		.byte	0x51
 922 03af 00       		.byte	0
 923 03b0 28       		.uleb128 0x28
 924 03b1 84010000 		.4byte	0x184
 925 03b5 00000000 		.4byte	.LFB12
 926 03b9 14000000 		.4byte	.LFE12
 927 03bd 02       		.byte	0x2
 928 03be 7D       		.byte	0x7d
 929 03bf 00       		.sleb128 0
 930 03c0 01       		.byte	0x1
 931 03c1 26       		.uleb128 0x26
 932 03c2 92010000 		.4byte	0x192
 933 03c6 01       		.byte	0x1
 934 03c7 50       		.byte	0x50
 935 03c8 26       		.uleb128 0x26
 936 03c9 9C010000 		.4byte	0x19c
 937 03cd 01       		.byte	0x1
 938 03ce 51       		.byte	0x51
 939 03cf 22       		.uleb128 0x22
 940 03d0 00000000 		.4byte	.LBB54
 941 03d4 06000000 		.4byte	.LBE54
 942 03d8 E6030000 		.4byte	0x3e6
 943 03dc 1C       		.uleb128 0x1c
 944 03dd AC010000 		.4byte	0x1ac
 945 03e1 B3020000 		.4byte	.LLST19
 946 03e5 00       		.byte	0
 947 03e6 1D       		.uleb128 0x1d
 948 03e7 55010000 		.4byte	0x155
 949 03eb 06000000 		.4byte	.LBB55
 950 03ef 58010000 		.4byte	.Ldebug_ranges0+0x158
 951 03f3 01       		.byte	0x1
 952 03f4 AE       		.byte	0xae
 953 03f5 15040000 		.4byte	0x415
 954 03f9 26       		.uleb128 0x26
 955 03fa 6D010000 		.4byte	0x16d
 956 03fe 01       		.byte	0x1
 957 03ff 51       		.byte	0x51
 958 0400 26       		.uleb128 0x26
 959 0401 63010000 		.4byte	0x163
 960 0405 01       		.byte	0x1
 961 0406 50       		.byte	0x50
ARM GAS  C:\Users\jenny\AppData\Local\Temp\cc8u6Bkb.s 			page 18


 962 0407 1E       		.uleb128 0x1e
 963 0408 70010000 		.4byte	.Ldebug_ranges0+0x170
 964 040c 27       		.uleb128 0x27
 965 040d 78010000 		.4byte	0x178
 966 0411 01       		.byte	0x1
 967 0412 51       		.byte	0x51
 968 0413 00       		.byte	0
 969 0414 00       		.byte	0
 970 0415 1E       		.uleb128 0x1e
 971 0416 88010000 		.4byte	.Ldebug_ranges0+0x188
 972 041a 1C       		.uleb128 0x1c
 973 041b B9010000 		.4byte	0x1b9
 974 041f C6020000 		.4byte	.LLST20
 975 0423 00       		.byte	0
 976 0424 00       		.byte	0
 977 0425 00       		.byte	0
 978              		.section	.debug_abbrev,"",%progbits
 979              	.Ldebug_abbrev0:
 980 0000 01       		.uleb128 0x1
 981 0001 11       		.uleb128 0x11
 982 0002 01       		.byte	0x1
 983 0003 25       		.uleb128 0x25
 984 0004 0E       		.uleb128 0xe
 985 0005 13       		.uleb128 0x13
 986 0006 0B       		.uleb128 0xb
 987 0007 03       		.uleb128 0x3
 988 0008 0E       		.uleb128 0xe
 989 0009 1B       		.uleb128 0x1b
 990 000a 0E       		.uleb128 0xe
 991 000b 55       		.uleb128 0x55
 992 000c 06       		.uleb128 0x6
 993 000d 11       		.uleb128 0x11
 994 000e 01       		.uleb128 0x1
 995 000f 52       		.uleb128 0x52
 996 0010 01       		.uleb128 0x1
 997 0011 10       		.uleb128 0x10
 998 0012 06       		.uleb128 0x6
 999 0013 00       		.byte	0
 1000 0014 00       		.byte	0
 1001 0015 02       		.uleb128 0x2
 1002 0016 24       		.uleb128 0x24
 1003 0017 00       		.byte	0
 1004 0018 0B       		.uleb128 0xb
 1005 0019 0B       		.uleb128 0xb
 1006 001a 3E       		.uleb128 0x3e
 1007 001b 0B       		.uleb128 0xb
 1008 001c 03       		.uleb128 0x3
 1009 001d 08       		.uleb128 0x8
 1010 001e 00       		.byte	0
 1011 001f 00       		.byte	0
 1012 0020 03       		.uleb128 0x3
 1013 0021 16       		.uleb128 0x16
 1014 0022 00       		.byte	0
 1015 0023 03       		.uleb128 0x3
 1016 0024 0E       		.uleb128 0xe
 1017 0025 3A       		.uleb128 0x3a
 1018 0026 0B       		.uleb128 0xb
ARM GAS  C:\Users\jenny\AppData\Local\Temp\cc8u6Bkb.s 			page 19


 1019 0027 3B       		.uleb128 0x3b
 1020 0028 0B       		.uleb128 0xb
 1021 0029 49       		.uleb128 0x49
 1022 002a 13       		.uleb128 0x13
 1023 002b 00       		.byte	0
 1024 002c 00       		.byte	0
 1025 002d 04       		.uleb128 0x4
 1026 002e 24       		.uleb128 0x24
 1027 002f 00       		.byte	0
 1028 0030 0B       		.uleb128 0xb
 1029 0031 0B       		.uleb128 0xb
 1030 0032 3E       		.uleb128 0x3e
 1031 0033 0B       		.uleb128 0xb
 1032 0034 03       		.uleb128 0x3
 1033 0035 0E       		.uleb128 0xe
 1034 0036 00       		.byte	0
 1035 0037 00       		.byte	0
 1036 0038 05       		.uleb128 0x5
 1037 0039 0F       		.uleb128 0xf
 1038 003a 00       		.byte	0
 1039 003b 0B       		.uleb128 0xb
 1040 003c 0B       		.uleb128 0xb
 1041 003d 00       		.byte	0
 1042 003e 00       		.byte	0
 1043 003f 06       		.uleb128 0x6
 1044 0040 0F       		.uleb128 0xf
 1045 0041 00       		.byte	0
 1046 0042 0B       		.uleb128 0xb
 1047 0043 0B       		.uleb128 0xb
 1048 0044 49       		.uleb128 0x49
 1049 0045 13       		.uleb128 0x13
 1050 0046 00       		.byte	0
 1051 0047 00       		.byte	0
 1052 0048 07       		.uleb128 0x7
 1053 0049 15       		.uleb128 0x15
 1054 004a 01       		.byte	0x1
 1055 004b 27       		.uleb128 0x27
 1056 004c 0C       		.uleb128 0xc
 1057 004d 49       		.uleb128 0x49
 1058 004e 13       		.uleb128 0x13
 1059 004f 01       		.uleb128 0x1
 1060 0050 13       		.uleb128 0x13
 1061 0051 00       		.byte	0
 1062 0052 00       		.byte	0
 1063 0053 08       		.uleb128 0x8
 1064 0054 05       		.uleb128 0x5
 1065 0055 00       		.byte	0
 1066 0056 49       		.uleb128 0x49
 1067 0057 13       		.uleb128 0x13
 1068 0058 00       		.byte	0
 1069 0059 00       		.byte	0
 1070 005a 09       		.uleb128 0x9
 1071 005b 13       		.uleb128 0x13
 1072 005c 01       		.byte	0x1
 1073 005d 03       		.uleb128 0x3
 1074 005e 0E       		.uleb128 0xe
 1075 005f 0B       		.uleb128 0xb
ARM GAS  C:\Users\jenny\AppData\Local\Temp\cc8u6Bkb.s 			page 20


 1076 0060 0B       		.uleb128 0xb
 1077 0061 3A       		.uleb128 0x3a
 1078 0062 0B       		.uleb128 0xb
 1079 0063 3B       		.uleb128 0x3b
 1080 0064 0B       		.uleb128 0xb
 1081 0065 01       		.uleb128 0x1
 1082 0066 13       		.uleb128 0x13
 1083 0067 00       		.byte	0
 1084 0068 00       		.byte	0
 1085 0069 0A       		.uleb128 0xa
 1086 006a 0D       		.uleb128 0xd
 1087 006b 00       		.byte	0
 1088 006c 03       		.uleb128 0x3
 1089 006d 0E       		.uleb128 0xe
 1090 006e 3A       		.uleb128 0x3a
 1091 006f 0B       		.uleb128 0xb
 1092 0070 3B       		.uleb128 0x3b
 1093 0071 0B       		.uleb128 0xb
 1094 0072 49       		.uleb128 0x49
 1095 0073 13       		.uleb128 0x13
 1096 0074 38       		.uleb128 0x38
 1097 0075 0A       		.uleb128 0xa
 1098 0076 00       		.byte	0
 1099 0077 00       		.byte	0
 1100 0078 0B       		.uleb128 0xb
 1101 0079 13       		.uleb128 0x13
 1102 007a 01       		.byte	0x1
 1103 007b 0B       		.uleb128 0xb
 1104 007c 0B       		.uleb128 0xb
 1105 007d 3A       		.uleb128 0x3a
 1106 007e 0B       		.uleb128 0xb
 1107 007f 3B       		.uleb128 0x3b
 1108 0080 0B       		.uleb128 0xb
 1109 0081 01       		.uleb128 0x1
 1110 0082 13       		.uleb128 0x13
 1111 0083 00       		.byte	0
 1112 0084 00       		.byte	0
 1113 0085 0C       		.uleb128 0xc
 1114 0086 2E       		.uleb128 0x2e
 1115 0087 01       		.byte	0x1
 1116 0088 3F       		.uleb128 0x3f
 1117 0089 0C       		.uleb128 0xc
 1118 008a 03       		.uleb128 0x3
 1119 008b 0E       		.uleb128 0xe
 1120 008c 3A       		.uleb128 0x3a
 1121 008d 0B       		.uleb128 0xb
 1122 008e 3B       		.uleb128 0x3b
 1123 008f 0B       		.uleb128 0xb
 1124 0090 27       		.uleb128 0x27
 1125 0091 0C       		.uleb128 0xc
 1126 0092 49       		.uleb128 0x49
 1127 0093 13       		.uleb128 0x13
 1128 0094 20       		.uleb128 0x20
 1129 0095 0B       		.uleb128 0xb
 1130 0096 01       		.uleb128 0x1
 1131 0097 13       		.uleb128 0x13
 1132 0098 00       		.byte	0
ARM GAS  C:\Users\jenny\AppData\Local\Temp\cc8u6Bkb.s 			page 21


 1133 0099 00       		.byte	0
 1134 009a 0D       		.uleb128 0xd
 1135 009b 05       		.uleb128 0x5
 1136 009c 00       		.byte	0
 1137 009d 03       		.uleb128 0x3
 1138 009e 08       		.uleb128 0x8
 1139 009f 3A       		.uleb128 0x3a
 1140 00a0 0B       		.uleb128 0xb
 1141 00a1 3B       		.uleb128 0x3b
 1142 00a2 0B       		.uleb128 0xb
 1143 00a3 49       		.uleb128 0x49
 1144 00a4 13       		.uleb128 0x13
 1145 00a5 00       		.byte	0
 1146 00a6 00       		.byte	0
 1147 00a7 0E       		.uleb128 0xe
 1148 00a8 34       		.uleb128 0x34
 1149 00a9 00       		.byte	0
 1150 00aa 03       		.uleb128 0x3
 1151 00ab 0E       		.uleb128 0xe
 1152 00ac 3A       		.uleb128 0x3a
 1153 00ad 0B       		.uleb128 0xb
 1154 00ae 3B       		.uleb128 0x3b
 1155 00af 0B       		.uleb128 0xb
 1156 00b0 49       		.uleb128 0x49
 1157 00b1 13       		.uleb128 0x13
 1158 00b2 00       		.byte	0
 1159 00b3 00       		.byte	0
 1160 00b4 0F       		.uleb128 0xf
 1161 00b5 2E       		.uleb128 0x2e
 1162 00b6 01       		.byte	0x1
 1163 00b7 3F       		.uleb128 0x3f
 1164 00b8 0C       		.uleb128 0xc
 1165 00b9 03       		.uleb128 0x3
 1166 00ba 0E       		.uleb128 0xe
 1167 00bb 3A       		.uleb128 0x3a
 1168 00bc 0B       		.uleb128 0xb
 1169 00bd 3B       		.uleb128 0x3b
 1170 00be 0B       		.uleb128 0xb
 1171 00bf 27       		.uleb128 0x27
 1172 00c0 0C       		.uleb128 0xc
 1173 00c1 20       		.uleb128 0x20
 1174 00c2 0B       		.uleb128 0xb
 1175 00c3 01       		.uleb128 0x1
 1176 00c4 13       		.uleb128 0x13
 1177 00c5 00       		.byte	0
 1178 00c6 00       		.byte	0
 1179 00c7 10       		.uleb128 0x10
 1180 00c8 05       		.uleb128 0x5
 1181 00c9 00       		.byte	0
 1182 00ca 03       		.uleb128 0x3
 1183 00cb 0E       		.uleb128 0xe
 1184 00cc 3A       		.uleb128 0x3a
 1185 00cd 0B       		.uleb128 0xb
 1186 00ce 3B       		.uleb128 0x3b
 1187 00cf 0B       		.uleb128 0xb
 1188 00d0 49       		.uleb128 0x49
 1189 00d1 13       		.uleb128 0x13
ARM GAS  C:\Users\jenny\AppData\Local\Temp\cc8u6Bkb.s 			page 22


 1190 00d2 00       		.byte	0
 1191 00d3 00       		.byte	0
 1192 00d4 11       		.uleb128 0x11
 1193 00d5 34       		.uleb128 0x34
 1194 00d6 00       		.byte	0
 1195 00d7 03       		.uleb128 0x3
 1196 00d8 08       		.uleb128 0x8
 1197 00d9 3A       		.uleb128 0x3a
 1198 00da 0B       		.uleb128 0xb
 1199 00db 3B       		.uleb128 0x3b
 1200 00dc 0B       		.uleb128 0xb
 1201 00dd 49       		.uleb128 0x49
 1202 00de 13       		.uleb128 0x13
 1203 00df 00       		.byte	0
 1204 00e0 00       		.byte	0
 1205 00e1 12       		.uleb128 0x12
 1206 00e2 0B       		.uleb128 0xb
 1207 00e3 01       		.byte	0x1
 1208 00e4 01       		.uleb128 0x1
 1209 00e5 13       		.uleb128 0x13
 1210 00e6 00       		.byte	0
 1211 00e7 00       		.byte	0
 1212 00e8 13       		.uleb128 0x13
 1213 00e9 0B       		.uleb128 0xb
 1214 00ea 01       		.byte	0x1
 1215 00eb 00       		.byte	0
 1216 00ec 00       		.byte	0
 1217 00ed 14       		.uleb128 0x14
 1218 00ee 2E       		.uleb128 0x2e
 1219 00ef 01       		.byte	0x1
 1220 00f0 3F       		.uleb128 0x3f
 1221 00f1 0C       		.uleb128 0xc
 1222 00f2 03       		.uleb128 0x3
 1223 00f3 0E       		.uleb128 0xe
 1224 00f4 3A       		.uleb128 0x3a
 1225 00f5 0B       		.uleb128 0xb
 1226 00f6 3B       		.uleb128 0x3b
 1227 00f7 0B       		.uleb128 0xb
 1228 00f8 27       		.uleb128 0x27
 1229 00f9 0C       		.uleb128 0xc
 1230 00fa 11       		.uleb128 0x11
 1231 00fb 01       		.uleb128 0x1
 1232 00fc 12       		.uleb128 0x12
 1233 00fd 01       		.uleb128 0x1
 1234 00fe 40       		.uleb128 0x40
 1235 00ff 0A       		.uleb128 0xa
 1236 0100 9742     		.uleb128 0x2117
 1237 0102 0C       		.uleb128 0xc
 1238 0103 01       		.uleb128 0x1
 1239 0104 13       		.uleb128 0x13
 1240 0105 00       		.byte	0
 1241 0106 00       		.byte	0
 1242 0107 15       		.uleb128 0x15
 1243 0108 05       		.uleb128 0x5
 1244 0109 00       		.byte	0
 1245 010a 03       		.uleb128 0x3
 1246 010b 08       		.uleb128 0x8
ARM GAS  C:\Users\jenny\AppData\Local\Temp\cc8u6Bkb.s 			page 23


 1247 010c 3A       		.uleb128 0x3a
 1248 010d 0B       		.uleb128 0xb
 1249 010e 3B       		.uleb128 0x3b
 1250 010f 0B       		.uleb128 0xb
 1251 0110 49       		.uleb128 0x49
 1252 0111 13       		.uleb128 0x13
 1253 0112 02       		.uleb128 0x2
 1254 0113 0A       		.uleb128 0xa
 1255 0114 00       		.byte	0
 1256 0115 00       		.byte	0
 1257 0116 16       		.uleb128 0x16
 1258 0117 05       		.uleb128 0x5
 1259 0118 00       		.byte	0
 1260 0119 03       		.uleb128 0x3
 1261 011a 0E       		.uleb128 0xe
 1262 011b 3A       		.uleb128 0x3a
 1263 011c 0B       		.uleb128 0xb
 1264 011d 3B       		.uleb128 0x3b
 1265 011e 0B       		.uleb128 0xb
 1266 011f 49       		.uleb128 0x49
 1267 0120 13       		.uleb128 0x13
 1268 0121 02       		.uleb128 0x2
 1269 0122 0A       		.uleb128 0xa
 1270 0123 00       		.byte	0
 1271 0124 00       		.byte	0
 1272 0125 17       		.uleb128 0x17
 1273 0126 2E       		.uleb128 0x2e
 1274 0127 01       		.byte	0x1
 1275 0128 3F       		.uleb128 0x3f
 1276 0129 0C       		.uleb128 0xc
 1277 012a 03       		.uleb128 0x3
 1278 012b 0E       		.uleb128 0xe
 1279 012c 3A       		.uleb128 0x3a
 1280 012d 0B       		.uleb128 0xb
 1281 012e 3B       		.uleb128 0x3b
 1282 012f 0B       		.uleb128 0xb
 1283 0130 27       		.uleb128 0x27
 1284 0131 0C       		.uleb128 0xc
 1285 0132 11       		.uleb128 0x11
 1286 0133 01       		.uleb128 0x1
 1287 0134 12       		.uleb128 0x12
 1288 0135 01       		.uleb128 0x1
 1289 0136 40       		.uleb128 0x40
 1290 0137 06       		.uleb128 0x6
 1291 0138 9742     		.uleb128 0x2117
 1292 013a 0C       		.uleb128 0xc
 1293 013b 01       		.uleb128 0x1
 1294 013c 13       		.uleb128 0x13
 1295 013d 00       		.byte	0
 1296 013e 00       		.byte	0
 1297 013f 18       		.uleb128 0x18
 1298 0140 05       		.uleb128 0x5
 1299 0141 00       		.byte	0
 1300 0142 03       		.uleb128 0x3
 1301 0143 08       		.uleb128 0x8
 1302 0144 3A       		.uleb128 0x3a
 1303 0145 0B       		.uleb128 0xb
ARM GAS  C:\Users\jenny\AppData\Local\Temp\cc8u6Bkb.s 			page 24


 1304 0146 3B       		.uleb128 0x3b
 1305 0147 0B       		.uleb128 0xb
 1306 0148 49       		.uleb128 0x49
 1307 0149 13       		.uleb128 0x13
 1308 014a 02       		.uleb128 0x2
 1309 014b 06       		.uleb128 0x6
 1310 014c 00       		.byte	0
 1311 014d 00       		.byte	0
 1312 014e 19       		.uleb128 0x19
 1313 014f 1D       		.uleb128 0x1d
 1314 0150 01       		.byte	0x1
 1315 0151 31       		.uleb128 0x31
 1316 0152 13       		.uleb128 0x13
 1317 0153 52       		.uleb128 0x52
 1318 0154 01       		.uleb128 0x1
 1319 0155 55       		.uleb128 0x55
 1320 0156 06       		.uleb128 0x6
 1321 0157 58       		.uleb128 0x58
 1322 0158 0B       		.uleb128 0xb
 1323 0159 59       		.uleb128 0x59
 1324 015a 0B       		.uleb128 0xb
 1325 015b 00       		.byte	0
 1326 015c 00       		.byte	0
 1327 015d 1A       		.uleb128 0x1a
 1328 015e 05       		.uleb128 0x5
 1329 015f 00       		.byte	0
 1330 0160 31       		.uleb128 0x31
 1331 0161 13       		.uleb128 0x13
 1332 0162 02       		.uleb128 0x2
 1333 0163 06       		.uleb128 0x6
 1334 0164 00       		.byte	0
 1335 0165 00       		.byte	0
 1336 0166 1B       		.uleb128 0x1b
 1337 0167 0B       		.uleb128 0xb
 1338 0168 01       		.byte	0x1
 1339 0169 55       		.uleb128 0x55
 1340 016a 06       		.uleb128 0x6
 1341 016b 01       		.uleb128 0x1
 1342 016c 13       		.uleb128 0x13
 1343 016d 00       		.byte	0
 1344 016e 00       		.byte	0
 1345 016f 1C       		.uleb128 0x1c
 1346 0170 34       		.uleb128 0x34
 1347 0171 00       		.byte	0
 1348 0172 31       		.uleb128 0x31
 1349 0173 13       		.uleb128 0x13
 1350 0174 02       		.uleb128 0x2
 1351 0175 06       		.uleb128 0x6
 1352 0176 00       		.byte	0
 1353 0177 00       		.byte	0
 1354 0178 1D       		.uleb128 0x1d
 1355 0179 1D       		.uleb128 0x1d
 1356 017a 01       		.byte	0x1
 1357 017b 31       		.uleb128 0x31
 1358 017c 13       		.uleb128 0x13
 1359 017d 52       		.uleb128 0x52
 1360 017e 01       		.uleb128 0x1
ARM GAS  C:\Users\jenny\AppData\Local\Temp\cc8u6Bkb.s 			page 25


 1361 017f 55       		.uleb128 0x55
 1362 0180 06       		.uleb128 0x6
 1363 0181 58       		.uleb128 0x58
 1364 0182 0B       		.uleb128 0xb
 1365 0183 59       		.uleb128 0x59
 1366 0184 0B       		.uleb128 0xb
 1367 0185 01       		.uleb128 0x1
 1368 0186 13       		.uleb128 0x13
 1369 0187 00       		.byte	0
 1370 0188 00       		.byte	0
 1371 0189 1E       		.uleb128 0x1e
 1372 018a 0B       		.uleb128 0xb
 1373 018b 01       		.byte	0x1
 1374 018c 55       		.uleb128 0x55
 1375 018d 06       		.uleb128 0x6
 1376 018e 00       		.byte	0
 1377 018f 00       		.byte	0
 1378 0190 1F       		.uleb128 0x1f
 1379 0191 2E       		.uleb128 0x2e
 1380 0192 01       		.byte	0x1
 1381 0193 31       		.uleb128 0x31
 1382 0194 13       		.uleb128 0x13
 1383 0195 11       		.uleb128 0x11
 1384 0196 01       		.uleb128 0x1
 1385 0197 12       		.uleb128 0x12
 1386 0198 01       		.uleb128 0x1
 1387 0199 40       		.uleb128 0x40
 1388 019a 06       		.uleb128 0x6
 1389 019b 9642     		.uleb128 0x2116
 1390 019d 0C       		.uleb128 0xc
 1391 019e 01       		.uleb128 0x1
 1392 019f 13       		.uleb128 0x13
 1393 01a0 00       		.byte	0
 1394 01a1 00       		.byte	0
 1395 01a2 20       		.uleb128 0x20
 1396 01a3 2E       		.uleb128 0x2e
 1397 01a4 01       		.byte	0x1
 1398 01a5 3F       		.uleb128 0x3f
 1399 01a6 0C       		.uleb128 0xc
 1400 01a7 03       		.uleb128 0x3
 1401 01a8 0E       		.uleb128 0xe
 1402 01a9 3A       		.uleb128 0x3a
 1403 01aa 0B       		.uleb128 0xb
 1404 01ab 3B       		.uleb128 0x3b
 1405 01ac 0B       		.uleb128 0xb
 1406 01ad 27       		.uleb128 0x27
 1407 01ae 0C       		.uleb128 0xc
 1408 01af 49       		.uleb128 0x49
 1409 01b0 13       		.uleb128 0x13
 1410 01b1 11       		.uleb128 0x11
 1411 01b2 01       		.uleb128 0x1
 1412 01b3 12       		.uleb128 0x12
 1413 01b4 01       		.uleb128 0x1
 1414 01b5 40       		.uleb128 0x40
 1415 01b6 06       		.uleb128 0x6
 1416 01b7 9642     		.uleb128 0x2116
 1417 01b9 0C       		.uleb128 0xc
ARM GAS  C:\Users\jenny\AppData\Local\Temp\cc8u6Bkb.s 			page 26


 1418 01ba 01       		.uleb128 0x1
 1419 01bb 13       		.uleb128 0x13
 1420 01bc 00       		.byte	0
 1421 01bd 00       		.byte	0
 1422 01be 21       		.uleb128 0x21
 1423 01bf 34       		.uleb128 0x34
 1424 01c0 00       		.byte	0
 1425 01c1 03       		.uleb128 0x3
 1426 01c2 0E       		.uleb128 0xe
 1427 01c3 3A       		.uleb128 0x3a
 1428 01c4 0B       		.uleb128 0xb
 1429 01c5 3B       		.uleb128 0x3b
 1430 01c6 0B       		.uleb128 0xb
 1431 01c7 49       		.uleb128 0x49
 1432 01c8 13       		.uleb128 0x13
 1433 01c9 02       		.uleb128 0x2
 1434 01ca 0A       		.uleb128 0xa
 1435 01cb 00       		.byte	0
 1436 01cc 00       		.byte	0
 1437 01cd 22       		.uleb128 0x22
 1438 01ce 0B       		.uleb128 0xb
 1439 01cf 01       		.byte	0x1
 1440 01d0 11       		.uleb128 0x11
 1441 01d1 01       		.uleb128 0x1
 1442 01d2 12       		.uleb128 0x12
 1443 01d3 01       		.uleb128 0x1
 1444 01d4 01       		.uleb128 0x1
 1445 01d5 13       		.uleb128 0x13
 1446 01d6 00       		.byte	0
 1447 01d7 00       		.byte	0
 1448 01d8 23       		.uleb128 0x23
 1449 01d9 34       		.uleb128 0x34
 1450 01da 00       		.byte	0
 1451 01db 03       		.uleb128 0x3
 1452 01dc 08       		.uleb128 0x8
 1453 01dd 3A       		.uleb128 0x3a
 1454 01de 0B       		.uleb128 0xb
 1455 01df 3B       		.uleb128 0x3b
 1456 01e0 0B       		.uleb128 0xb
 1457 01e1 49       		.uleb128 0x49
 1458 01e2 13       		.uleb128 0x13
 1459 01e3 02       		.uleb128 0x2
 1460 01e4 06       		.uleb128 0x6
 1461 01e5 00       		.byte	0
 1462 01e6 00       		.byte	0
 1463 01e7 24       		.uleb128 0x24
 1464 01e8 0B       		.uleb128 0xb
 1465 01e9 01       		.byte	0x1
 1466 01ea 11       		.uleb128 0x11
 1467 01eb 01       		.uleb128 0x1
 1468 01ec 12       		.uleb128 0x12
 1469 01ed 01       		.uleb128 0x1
 1470 01ee 00       		.byte	0
 1471 01ef 00       		.byte	0
 1472 01f0 25       		.uleb128 0x25
 1473 01f1 2E       		.uleb128 0x2e
 1474 01f2 01       		.byte	0x1
ARM GAS  C:\Users\jenny\AppData\Local\Temp\cc8u6Bkb.s 			page 27


 1475 01f3 31       		.uleb128 0x31
 1476 01f4 13       		.uleb128 0x13
 1477 01f5 11       		.uleb128 0x11
 1478 01f6 01       		.uleb128 0x1
 1479 01f7 12       		.uleb128 0x12
 1480 01f8 01       		.uleb128 0x1
 1481 01f9 40       		.uleb128 0x40
 1482 01fa 0A       		.uleb128 0xa
 1483 01fb 9742     		.uleb128 0x2117
 1484 01fd 0C       		.uleb128 0xc
 1485 01fe 01       		.uleb128 0x1
 1486 01ff 13       		.uleb128 0x13
 1487 0200 00       		.byte	0
 1488 0201 00       		.byte	0
 1489 0202 26       		.uleb128 0x26
 1490 0203 05       		.uleb128 0x5
 1491 0204 00       		.byte	0
 1492 0205 31       		.uleb128 0x31
 1493 0206 13       		.uleb128 0x13
 1494 0207 02       		.uleb128 0x2
 1495 0208 0A       		.uleb128 0xa
 1496 0209 00       		.byte	0
 1497 020a 00       		.byte	0
 1498 020b 27       		.uleb128 0x27
 1499 020c 34       		.uleb128 0x34
 1500 020d 00       		.byte	0
 1501 020e 31       		.uleb128 0x31
 1502 020f 13       		.uleb128 0x13
 1503 0210 02       		.uleb128 0x2
 1504 0211 0A       		.uleb128 0xa
 1505 0212 00       		.byte	0
 1506 0213 00       		.byte	0
 1507 0214 28       		.uleb128 0x28
 1508 0215 2E       		.uleb128 0x2e
 1509 0216 01       		.byte	0x1
 1510 0217 31       		.uleb128 0x31
 1511 0218 13       		.uleb128 0x13
 1512 0219 11       		.uleb128 0x11
 1513 021a 01       		.uleb128 0x1
 1514 021b 12       		.uleb128 0x12
 1515 021c 01       		.uleb128 0x1
 1516 021d 40       		.uleb128 0x40
 1517 021e 0A       		.uleb128 0xa
 1518 021f 9742     		.uleb128 0x2117
 1519 0221 0C       		.uleb128 0xc
 1520 0222 00       		.byte	0
 1521 0223 00       		.byte	0
 1522 0224 00       		.byte	0
 1523              		.section	.debug_loc,"",%progbits
 1524              	.Ldebug_loc0:
 1525              	.LLST0:
 1526 0000 00000000 		.4byte	.LFB8
 1527 0004 02000000 		.4byte	.LCFI0
 1528 0008 0200     		.2byte	0x2
 1529 000a 7D       		.byte	0x7d
 1530 000b 00       		.sleb128 0
 1531 000c 02000000 		.4byte	.LCFI0
ARM GAS  C:\Users\jenny\AppData\Local\Temp\cc8u6Bkb.s 			page 28


 1532 0010 78000000 		.4byte	.LFE8
 1533 0014 0200     		.2byte	0x2
 1534 0016 7D       		.byte	0x7d
 1535 0017 0C       		.sleb128 12
 1536 0018 00000000 		.4byte	0
 1537 001c 00000000 		.4byte	0
 1538              	.LLST1:
 1539 0020 00000000 		.4byte	.LVL1
 1540 0024 22000000 		.4byte	.LVL9
 1541 0028 0100     		.2byte	0x1
 1542 002a 51       		.byte	0x51
 1543 002b 22000000 		.4byte	.LVL9
 1544 002f 3E000000 		.4byte	.LVL16
 1545 0033 0200     		.2byte	0x2
 1546 0035 70       		.byte	0x70
 1547 0036 00       		.sleb128 0
 1548 0037 00000000 		.4byte	0
 1549 003b 00000000 		.4byte	0
 1550              	.LLST2:
 1551 003f 00000000 		.4byte	.LVL1
 1552 0043 08000000 		.4byte	.LVL2
 1553 0047 0100     		.2byte	0x1
 1554 0049 52       		.byte	0x52
 1555 004a 08000000 		.4byte	.LVL2
 1556 004e 3C000000 		.4byte	.LVL15
 1557 0052 0300     		.2byte	0x3
 1558 0054 72       		.byte	0x72
 1559 0055 01       		.sleb128 1
 1560 0056 9F       		.byte	0x9f
 1561 0057 3C000000 		.4byte	.LVL15
 1562 005b 3E000000 		.4byte	.LVL16
 1563 005f 0300     		.2byte	0x3
 1564 0061 72       		.byte	0x72
 1565 0062 02       		.sleb128 2
 1566 0063 9F       		.byte	0x9f
 1567 0064 00000000 		.4byte	0
 1568 0068 00000000 		.4byte	0
 1569              	.LLST3:
 1570 006c 0C000000 		.4byte	.LVL3
 1571 0070 22000000 		.4byte	.LVL9
 1572 0074 0100     		.2byte	0x1
 1573 0076 51       		.byte	0x51
 1574 0077 22000000 		.4byte	.LVL9
 1575 007b 26000000 		.4byte	.LVL10
 1576 007f 0200     		.2byte	0x2
 1577 0081 70       		.byte	0x70
 1578 0082 00       		.sleb128 0
 1579 0083 00000000 		.4byte	0
 1580 0087 00000000 		.4byte	0
 1581              	.LLST4:
 1582 008b 0C000000 		.4byte	.LVL3
 1583 008f 74000000 		.4byte	.LVL25
 1584 0093 0100     		.2byte	0x1
 1585 0095 50       		.byte	0x50
 1586 0096 00000000 		.4byte	0
 1587 009a 00000000 		.4byte	0
 1588              	.LLST5:
ARM GAS  C:\Users\jenny\AppData\Local\Temp\cc8u6Bkb.s 			page 29


 1589 009e 12000000 		.4byte	.LVL5
 1590 00a2 16000000 		.4byte	.LVL6
 1591 00a6 0100     		.2byte	0x1
 1592 00a8 53       		.byte	0x53
 1593 00a9 2C000000 		.4byte	.LVL11
 1594 00ad 30000000 		.4byte	.LVL12
 1595 00b1 0100     		.2byte	0x1
 1596 00b3 53       		.byte	0x53
 1597 00b4 46000000 		.4byte	.LVL17
 1598 00b8 4A000000 		.4byte	.LVL18
 1599 00bc 0100     		.2byte	0x1
 1600 00be 53       		.byte	0x53
 1601 00bf 5E000000 		.4byte	.LVL21
 1602 00c3 62000000 		.4byte	.LVL22
 1603 00c7 0100     		.2byte	0x1
 1604 00c9 53       		.byte	0x53
 1605 00ca 00000000 		.4byte	0
 1606 00ce 00000000 		.4byte	0
 1607              	.LLST6:
 1608 00d2 12000000 		.4byte	.LVL5
 1609 00d6 22000000 		.4byte	.LVL9
 1610 00da 0100     		.2byte	0x1
 1611 00dc 51       		.byte	0x51
 1612 00dd 22000000 		.4byte	.LVL9
 1613 00e1 2C000000 		.4byte	.LVL11
 1614 00e5 0200     		.2byte	0x2
 1615 00e7 70       		.byte	0x70
 1616 00e8 00       		.sleb128 0
 1617 00e9 00000000 		.4byte	0
 1618 00ed 00000000 		.4byte	0
 1619              	.LLST7:
 1620 00f1 12000000 		.4byte	.LVL5
 1621 00f5 74000000 		.4byte	.LVL25
 1622 00f9 0100     		.2byte	0x1
 1623 00fb 50       		.byte	0x50
 1624 00fc 00000000 		.4byte	0
 1625 0100 00000000 		.4byte	0
 1626              	.LLST9:
 1627 0104 1E000000 		.4byte	.LVL7
 1628 0108 20000000 		.4byte	.LVL8
 1629 010c 0100     		.2byte	0x1
 1630 010e 53       		.byte	0x53
 1631 010f 38000000 		.4byte	.LVL13
 1632 0113 3A000000 		.4byte	.LVL14
 1633 0117 0100     		.2byte	0x1
 1634 0119 53       		.byte	0x53
 1635 011a 52000000 		.4byte	.LVL19
 1636 011e 5A000000 		.4byte	.LVL20
 1637 0122 0100     		.2byte	0x1
 1638 0124 53       		.byte	0x53
 1639 0125 6A000000 		.4byte	.LVL23
 1640 0129 6C000000 		.4byte	.LVL24
 1641 012d 0100     		.2byte	0x1
 1642 012f 53       		.byte	0x53
 1643 0130 00000000 		.4byte	0
 1644 0134 00000000 		.4byte	0
 1645              	.LLST10:
ARM GAS  C:\Users\jenny\AppData\Local\Temp\cc8u6Bkb.s 			page 30


 1646 0138 00000000 		.4byte	.LFB9
 1647 013c 02000000 		.4byte	.LCFI1
 1648 0140 0200     		.2byte	0x2
 1649 0142 7D       		.byte	0x7d
 1650 0143 00       		.sleb128 0
 1651 0144 02000000 		.4byte	.LCFI1
 1652 0148 18000000 		.4byte	.LFE9
 1653 014c 0200     		.2byte	0x2
 1654 014e 7D       		.byte	0x7d
 1655 014f 08       		.sleb128 8
 1656 0150 00000000 		.4byte	0
 1657 0154 00000000 		.4byte	0
 1658              	.LLST11:
 1659 0158 00000000 		.4byte	.LVL26
 1660 015c 06000000 		.4byte	.LVL27
 1661 0160 0100     		.2byte	0x1
 1662 0162 50       		.byte	0x50
 1663 0163 06000000 		.4byte	.LVL27
 1664 0167 15000000 		.4byte	.LVL29-1
 1665 016b 0100     		.2byte	0x1
 1666 016d 53       		.byte	0x53
 1667 016e 15000000 		.4byte	.LVL29-1
 1668 0172 18000000 		.4byte	.LFE9
 1669 0176 0400     		.2byte	0x4
 1670 0178 F3       		.byte	0xf3
 1671 0179 01       		.uleb128 0x1
 1672 017a 50       		.byte	0x50
 1673 017b 9F       		.byte	0x9f
 1674 017c 00000000 		.4byte	0
 1675 0180 00000000 		.4byte	0
 1676              	.LLST12:
 1677 0184 06000000 		.4byte	.LVL27
 1678 0188 14000000 		.4byte	.LVL28
 1679 018c 0100     		.2byte	0x1
 1680 018e 50       		.byte	0x50
 1681 018f 14000000 		.4byte	.LVL28
 1682 0193 15000000 		.4byte	.LVL29-1
 1683 0197 0200     		.2byte	0x2
 1684 0199 73       		.byte	0x73
 1685 019a 00       		.sleb128 0
 1686 019b 16000000 		.4byte	.LVL29
 1687 019f 18000000 		.4byte	.LFE9
 1688 01a3 0100     		.2byte	0x1
 1689 01a5 50       		.byte	0x50
 1690 01a6 00000000 		.4byte	0
 1691 01aa 00000000 		.4byte	0
 1692              	.LLST13:
 1693 01ae 00000000 		.4byte	.LFB10
 1694 01b2 02000000 		.4byte	.LCFI2
 1695 01b6 0200     		.2byte	0x2
 1696 01b8 7D       		.byte	0x7d
 1697 01b9 00       		.sleb128 0
 1698 01ba 02000000 		.4byte	.LCFI2
 1699 01be 26000000 		.4byte	.LFE10
 1700 01c2 0200     		.2byte	0x2
 1701 01c4 7D       		.byte	0x7d
 1702 01c5 08       		.sleb128 8
ARM GAS  C:\Users\jenny\AppData\Local\Temp\cc8u6Bkb.s 			page 31


 1703 01c6 00000000 		.4byte	0
 1704 01ca 00000000 		.4byte	0
 1705              	.LLST14:
 1706 01ce 00000000 		.4byte	.LVL30
 1707 01d2 0C000000 		.4byte	.LVL33
 1708 01d6 0100     		.2byte	0x1
 1709 01d8 50       		.byte	0x50
 1710 01d9 0C000000 		.4byte	.LVL33
 1711 01dd 12000000 		.4byte	.LVL34
 1712 01e1 0100     		.2byte	0x1
 1713 01e3 52       		.byte	0x52
 1714 01e4 12000000 		.4byte	.LVL34
 1715 01e8 1A000000 		.4byte	.LVL37
 1716 01ec 0400     		.2byte	0x4
 1717 01ee F3       		.byte	0xf3
 1718 01ef 01       		.uleb128 0x1
 1719 01f0 50       		.byte	0x50
 1720 01f1 9F       		.byte	0x9f
 1721 01f2 1A000000 		.4byte	.LVL37
 1722 01f6 23000000 		.4byte	.LVL40-1
 1723 01fa 0100     		.2byte	0x1
 1724 01fc 52       		.byte	0x52
 1725 01fd 23000000 		.4byte	.LVL40-1
 1726 0201 26000000 		.4byte	.LFE10
 1727 0205 0400     		.2byte	0x4
 1728 0207 F3       		.byte	0xf3
 1729 0208 01       		.uleb128 0x1
 1730 0209 50       		.byte	0x50
 1731 020a 9F       		.byte	0x9f
 1732 020b 00000000 		.4byte	0
 1733 020f 00000000 		.4byte	0
 1734              	.LLST15:
 1735 0213 0A000000 		.4byte	.LVL32
 1736 0217 14000000 		.4byte	.LVL35
 1737 021b 0100     		.2byte	0x1
 1738 021d 53       		.byte	0x53
 1739 021e 1A000000 		.4byte	.LVL37
 1740 0222 1C000000 		.4byte	.LVL38
 1741 0226 0100     		.2byte	0x1
 1742 0228 53       		.byte	0x53
 1743 0229 00000000 		.4byte	0
 1744 022d 00000000 		.4byte	0
 1745              	.LLST16:
 1746 0231 0A000000 		.4byte	.LVL32
 1747 0235 0C000000 		.4byte	.LVL33
 1748 0239 0100     		.2byte	0x1
 1749 023b 50       		.byte	0x50
 1750 023c 0C000000 		.4byte	.LVL33
 1751 0240 12000000 		.4byte	.LVL34
 1752 0244 0100     		.2byte	0x1
 1753 0246 52       		.byte	0x52
 1754 0247 12000000 		.4byte	.LVL34
 1755 024b 1A000000 		.4byte	.LVL37
 1756 024f 0400     		.2byte	0x4
 1757 0251 F3       		.byte	0xf3
 1758 0252 01       		.uleb128 0x1
 1759 0253 50       		.byte	0x50
ARM GAS  C:\Users\jenny\AppData\Local\Temp\cc8u6Bkb.s 			page 32


 1760 0254 9F       		.byte	0x9f
 1761 0255 1A000000 		.4byte	.LVL37
 1762 0259 23000000 		.4byte	.LVL40-1
 1763 025d 0100     		.2byte	0x1
 1764 025f 52       		.byte	0x52
 1765 0260 23000000 		.4byte	.LVL40-1
 1766 0264 26000000 		.4byte	.LFE10
 1767 0268 0400     		.2byte	0x4
 1768 026a F3       		.byte	0xf3
 1769 026b 01       		.uleb128 0x1
 1770 026c 50       		.byte	0x50
 1771 026d 9F       		.byte	0x9f
 1772 026e 00000000 		.4byte	0
 1773 0272 00000000 		.4byte	0
 1774              	.LLST17:
 1775 0276 0C000000 		.4byte	.LVL33
 1776 027a 22000000 		.4byte	.LVL39
 1777 027e 0100     		.2byte	0x1
 1778 0280 50       		.byte	0x50
 1779 0281 22000000 		.4byte	.LVL39
 1780 0285 23000000 		.4byte	.LVL40-1
 1781 0289 0200     		.2byte	0x2
 1782 028b 72       		.byte	0x72
 1783 028c 00       		.sleb128 0
 1784 028d 24000000 		.4byte	.LVL40
 1785 0291 26000000 		.4byte	.LFE10
 1786 0295 0100     		.2byte	0x1
 1787 0297 50       		.byte	0x50
 1788 0298 00000000 		.4byte	0
 1789 029c 00000000 		.4byte	0
 1790              	.LLST18:
 1791 02a0 18000000 		.4byte	.LVL36
 1792 02a4 1A000000 		.4byte	.LVL37
 1793 02a8 0100     		.2byte	0x1
 1794 02aa 53       		.byte	0x53
 1795 02ab 00000000 		.4byte	0
 1796 02af 00000000 		.4byte	0
 1797              	.LLST19:
 1798 02b3 06000000 		.4byte	.LVL44
 1799 02b7 0A000000 		.4byte	.LVL45
 1800 02bb 0100     		.2byte	0x1
 1801 02bd 53       		.byte	0x53
 1802 02be 00000000 		.4byte	0
 1803 02c2 00000000 		.4byte	0
 1804              	.LLST20:
 1805 02c6 12000000 		.4byte	.LVL46
 1806 02ca 14000000 		.4byte	.LFE12
 1807 02ce 0100     		.2byte	0x1
 1808 02d0 53       		.byte	0x53
 1809 02d1 00000000 		.4byte	0
 1810 02d5 00000000 		.4byte	0
 1811              		.section	.debug_aranges,"",%progbits
 1812 0000 44000000 		.4byte	0x44
 1813 0004 0200     		.2byte	0x2
 1814 0006 00000000 		.4byte	.Ldebug_info0
 1815 000a 04       		.byte	0x4
 1816 000b 00       		.byte	0
ARM GAS  C:\Users\jenny\AppData\Local\Temp\cc8u6Bkb.s 			page 33


 1817 000c 0000     		.2byte	0
 1818 000e 0000     		.2byte	0
 1819 0010 00000000 		.4byte	.LFB7
 1820 0014 0A000000 		.4byte	.LFE7-.LFB7
 1821 0018 00000000 		.4byte	.LFB8
 1822 001c 78000000 		.4byte	.LFE8-.LFB8
 1823 0020 00000000 		.4byte	.LFB9
 1824 0024 18000000 		.4byte	.LFE9-.LFB9
 1825 0028 00000000 		.4byte	.LFB10
 1826 002c 26000000 		.4byte	.LFE10-.LFB10
 1827 0030 00000000 		.4byte	.LFB11
 1828 0034 08000000 		.4byte	.LFE11-.LFB11
 1829 0038 00000000 		.4byte	.LFB12
 1830 003c 14000000 		.4byte	.LFE12-.LFB12
 1831 0040 00000000 		.4byte	0
 1832 0044 00000000 		.4byte	0
 1833              		.section	.debug_ranges,"",%progbits
 1834              	.Ldebug_ranges0:
 1835 0000 0C000000 		.4byte	.LBB16
 1836 0004 1E000000 		.4byte	.LBE16
 1837 0008 26000000 		.4byte	.LBB45
 1838 000c 38000000 		.4byte	.LBE45
 1839 0010 40000000 		.4byte	.LBB46
 1840 0014 52000000 		.4byte	.LBE46
 1841 0018 58000000 		.4byte	.LBB47
 1842 001c 6A000000 		.4byte	.LBE47
 1843 0020 00000000 		.4byte	0
 1844 0024 00000000 		.4byte	0
 1845 0028 0C000000 		.4byte	.LBB17
 1846 002c 12000000 		.4byte	.LBE17
 1847 0030 26000000 		.4byte	.LBB30
 1848 0034 2C000000 		.4byte	.LBE30
 1849 0038 40000000 		.4byte	.LBB35
 1850 003c 46000000 		.4byte	.LBE35
 1851 0040 58000000 		.4byte	.LBB40
 1852 0044 5E000000 		.4byte	.LBE40
 1853 0048 00000000 		.4byte	0
 1854 004c 00000000 		.4byte	0
 1855 0050 12000000 		.4byte	.LBB18
 1856 0054 14000000 		.4byte	.LBE18
 1857 0058 16000000 		.4byte	.LBB28
 1858 005c 1A000000 		.4byte	.LBE28
 1859 0060 2C000000 		.4byte	.LBB31
 1860 0064 2E000000 		.4byte	.LBE31
 1861 0068 30000000 		.4byte	.LBB33
 1862 006c 34000000 		.4byte	.LBE33
 1863 0070 46000000 		.4byte	.LBB36
 1864 0074 48000000 		.4byte	.LBE36
 1865 0078 4A000000 		.4byte	.LBB38
 1866 007c 4E000000 		.4byte	.LBE38
 1867 0080 5E000000 		.4byte	.LBB41
 1868 0084 60000000 		.4byte	.LBE41
 1869 0088 62000000 		.4byte	.LBB43
 1870 008c 66000000 		.4byte	.LBE43
 1871 0090 00000000 		.4byte	0
 1872 0094 00000000 		.4byte	0
 1873 0098 12000000 		.4byte	.LBB19
ARM GAS  C:\Users\jenny\AppData\Local\Temp\cc8u6Bkb.s 			page 34


 1874 009c 14000000 		.4byte	.LBE19
 1875 00a0 16000000 		.4byte	.LBB20
 1876 00a4 1A000000 		.4byte	.LBE20
 1877 00a8 2C000000 		.4byte	.LBB21
 1878 00ac 2E000000 		.4byte	.LBE21
 1879 00b0 30000000 		.4byte	.LBB22
 1880 00b4 34000000 		.4byte	.LBE22
 1881 00b8 46000000 		.4byte	.LBB23
 1882 00bc 48000000 		.4byte	.LBE23
 1883 00c0 4A000000 		.4byte	.LBB24
 1884 00c4 4E000000 		.4byte	.LBE24
 1885 00c8 5E000000 		.4byte	.LBB25
 1886 00cc 60000000 		.4byte	.LBE25
 1887 00d0 62000000 		.4byte	.LBB26
 1888 00d4 66000000 		.4byte	.LBE26
 1889 00d8 00000000 		.4byte	0
 1890 00dc 00000000 		.4byte	0
 1891 00e0 14000000 		.4byte	.LBB27
 1892 00e4 16000000 		.4byte	.LBE27
 1893 00e8 1A000000 		.4byte	.LBB29
 1894 00ec 1E000000 		.4byte	.LBE29
 1895 00f0 2E000000 		.4byte	.LBB32
 1896 00f4 30000000 		.4byte	.LBE32
 1897 00f8 34000000 		.4byte	.LBB34
 1898 00fc 38000000 		.4byte	.LBE34
 1899 0100 48000000 		.4byte	.LBB37
 1900 0104 4A000000 		.4byte	.LBE37
 1901 0108 4E000000 		.4byte	.LBB39
 1902 010c 52000000 		.4byte	.LBE39
 1903 0110 60000000 		.4byte	.LBB42
 1904 0114 62000000 		.4byte	.LBE42
 1905 0118 66000000 		.4byte	.LBB44
 1906 011c 6A000000 		.4byte	.LBE44
 1907 0120 00000000 		.4byte	0
 1908 0124 00000000 		.4byte	0
 1909 0128 0A000000 		.4byte	.LBB49
 1910 012c 12000000 		.4byte	.LBE49
 1911 0130 1A000000 		.4byte	.LBB53
 1912 0134 26000000 		.4byte	.LBE53
 1913 0138 00000000 		.4byte	0
 1914 013c 00000000 		.4byte	0
 1915 0140 0A000000 		.4byte	.LBB50
 1916 0144 12000000 		.4byte	.LBE50
 1917 0148 1A000000 		.4byte	.LBB51
 1918 014c 26000000 		.4byte	.LBE51
 1919 0150 00000000 		.4byte	0
 1920 0154 00000000 		.4byte	0
 1921 0158 06000000 		.4byte	.LBB55
 1922 015c 08000000 		.4byte	.LBE55
 1923 0160 0A000000 		.4byte	.LBB59
 1924 0164 0E000000 		.4byte	.LBE59
 1925 0168 00000000 		.4byte	0
 1926 016c 00000000 		.4byte	0
 1927 0170 06000000 		.4byte	.LBB56
 1928 0174 08000000 		.4byte	.LBE56
 1929 0178 0A000000 		.4byte	.LBB57
 1930 017c 0E000000 		.4byte	.LBE57
ARM GAS  C:\Users\jenny\AppData\Local\Temp\cc8u6Bkb.s 			page 35


 1931 0180 00000000 		.4byte	0
 1932 0184 00000000 		.4byte	0
 1933 0188 08000000 		.4byte	.LBB58
 1934 018c 0A000000 		.4byte	.LBE58
 1935 0190 0E000000 		.4byte	.LBB60
 1936 0194 14000000 		.4byte	.LBE60
 1937 0198 00000000 		.4byte	0
 1938 019c 00000000 		.4byte	0
 1939 01a0 00000000 		.4byte	.LFB7
 1940 01a4 0A000000 		.4byte	.LFE7
 1941 01a8 00000000 		.4byte	.LFB8
 1942 01ac 78000000 		.4byte	.LFE8
 1943 01b0 00000000 		.4byte	.LFB9
 1944 01b4 18000000 		.4byte	.LFE9
 1945 01b8 00000000 		.4byte	.LFB10
 1946 01bc 26000000 		.4byte	.LFE10
 1947 01c0 00000000 		.4byte	.LFB11
 1948 01c4 08000000 		.4byte	.LFE11
 1949 01c8 00000000 		.4byte	.LFB12
 1950 01cc 14000000 		.4byte	.LFE12
 1951 01d0 00000000 		.4byte	0
 1952 01d4 00000000 		.4byte	0
 1953              		.section	.debug_line,"",%progbits
 1954              	.Ldebug_line0:
 1955 0000 01020000 		.section	.debug_str,"MS",%progbits,1
 1955      02001601 
 1955      00000201 
 1955      FB0E0D00 
 1955      01010101 
 1956              	.LASF2:
 1957 0000 73697A65 		.ascii	"size_t\000"
 1957      5F7400
 1958              	.LASF26:
 1959 0007 6368506F 		.ascii	"chPoolInit\000"
 1959      6F6C496E 
 1959      697400
 1960              	.LASF17:
 1961 0012 6D705F6F 		.ascii	"mp_object_size\000"
 1961      626A6563 
 1961      745F7369 
 1961      7A6500
 1962              	.LASF27:
 1963 0021 6368506F 		.ascii	"chPoolLoadArray\000"
 1963      6F6C4C6F 
 1963      61644172 
 1963      72617900 
 1964              	.LASF31:
 1965 0031 706F6F6C 		.ascii	"pool_header\000"
 1965      5F686561 
 1965      64657200 
 1966              	.LASF30:
 1967 003d 443A5C6A 		.ascii	"D:\\jenny\\dev\\probe\\chibios\\chibios.workspace\\"
 1967      656E6E79 
 1967      5C646576 
 1967      5C70726F 
 1967      62655C63 
 1968 006a 64656D6F 		.ascii	"demos\\ARMCM4-STM32F407-LWIP-FATFS-USB\000"
ARM GAS  C:\Users\jenny\AppData\Local\Temp\cc8u6Bkb.s 			page 36


 1968      735C4152 
 1968      4D434D34 
 1968      2D53544D 
 1968      33324634 
 1969              	.LASF24:
 1970 0090 73697A65 		.ascii	"size\000"
 1970      00
 1971              	.LASF9:
 1972 0095 6C6F6E67 		.ascii	"long unsigned int\000"
 1972      20756E73 
 1972      69676E65 
 1972      6420696E 
 1972      7400
 1973              	.LASF6:
 1974 00a7 73686F72 		.ascii	"short unsigned int\000"
 1974      7420756E 
 1974      7369676E 
 1974      65642069 
 1974      6E7400
 1975              	.LASF25:
 1976 00ba 70726F76 		.ascii	"provider\000"
 1976      69646572 
 1976      00
 1977              	.LASF22:
 1978 00c3 6368506F 		.ascii	"chPoolFreeI\000"
 1978      6F6C4672 
 1978      65654900 
 1979              	.LASF28:
 1980 00cf 474E5520 		.ascii	"GNU C 4.7.4 20130913 (release) [ARM/embedded-4_7-br"
 1980      4320342E 
 1980      372E3420 
 1980      32303133 
 1980      30393133 
 1981 0102 616E6368 		.ascii	"anch revision 202601]\000"
 1981      20726576 
 1981      6973696F 
 1981      6E203230 
 1981      32363031 
 1982              	.LASF4:
 1983 0118 756E7369 		.ascii	"unsigned char\000"
 1983      676E6564 
 1983      20636861 
 1983      7200
 1984              	.LASF23:
 1985 0126 6368506F 		.ascii	"chPoolFree\000"
 1985      6F6C4672 
 1985      656500
 1986              	.LASF19:
 1987 0131 4D656D6F 		.ascii	"MemoryPool\000"
 1987      7279506F 
 1987      6F6C00
 1988              	.LASF21:
 1989 013c 6F626A70 		.ascii	"objp\000"
 1989      00
 1990              	.LASF32:
 1991 0141 6368506F 		.ascii	"chPoolAllocI\000"
 1991      6F6C416C 
ARM GAS  C:\Users\jenny\AppData\Local\Temp\cc8u6Bkb.s 			page 37


 1991      6C6F6349 
 1991      00
 1992              	.LASF0:
 1993 014e 756E7369 		.ascii	"unsigned int\000"
 1993      676E6564 
 1993      20696E74 
 1993      00
 1994              	.LASF11:
 1995 015b 6C6F6E67 		.ascii	"long long unsigned int\000"
 1995      206C6F6E 
 1995      6720756E 
 1995      7369676E 
 1995      65642069 
 1996              	.LASF3:
 1997 0172 75696E74 		.ascii	"uint8_t\000"
 1997      385F7400 
 1998              	.LASF15:
 1999 017a 70685F6E 		.ascii	"ph_next\000"
 1999      65787400 
 2000              	.LASF13:
 2001 0182 73697A65 		.ascii	"sizetype\000"
 2001      74797065 
 2001      00
 2002              	.LASF10:
 2003 018b 6C6F6E67 		.ascii	"long long int\000"
 2003      206C6F6E 
 2003      6720696E 
 2003      7400
 2004              	.LASF20:
 2005 0199 63686172 		.ascii	"char\000"
 2005      00
 2006              	.LASF14:
 2007 019e 6D656D67 		.ascii	"memgetfunc_t\000"
 2007      65746675 
 2007      6E635F74 
 2007      00
 2008              	.LASF18:
 2009 01ab 6D705F70 		.ascii	"mp_provider\000"
 2009      726F7669 
 2009      64657200 
 2010              	.LASF5:
 2011 01b7 73686F72 		.ascii	"short int\000"
 2011      7420696E 
 2011      7400
 2012              	.LASF33:
 2013 01c1 6368506F 		.ascii	"chPoolAlloc\000"
 2013      6F6C416C 
 2013      6C6F6300 
 2014              	.LASF8:
 2015 01cd 75696E74 		.ascii	"uint32_t\000"
 2015      33325F74 
 2015      00
 2016              	.LASF7:
 2017 01d6 6C6F6E67 		.ascii	"long int\000"
 2017      20696E74 
 2017      00
 2018              	.LASF1:
ARM GAS  C:\Users\jenny\AppData\Local\Temp\cc8u6Bkb.s 			page 38


 2019 01df 7369676E 		.ascii	"signed char\000"
 2019      65642063 
 2019      68617200 
 2020              	.LASF16:
 2021 01eb 6D705F6E 		.ascii	"mp_next\000"
 2021      65787400 
 2022              	.LASF12:
 2023 01f3 5F426F6F 		.ascii	"_Bool\000"
 2023      6C00
 2024              	.LASF29:
 2025 01f9 2E2E2F2E 		.ascii	"../../os/kernel/src/chmempools.c\000"
 2025      2E2F6F73 
 2025      2F6B6572 
 2025      6E656C2F 
 2025      7372632F 
 2026              		.ident	"GCC: (GNU Tools for ARM Embedded Processors) 4.7.4 20130913 (release) [ARM/embedded-4_7-br
ARM GAS  C:\Users\jenny\AppData\Local\Temp\cc8u6Bkb.s 			page 39


DEFINED SYMBOLS
                            *ABS*:00000000 chmempools.c
C:\Users\jenny\AppData\Local\Temp\cc8u6Bkb.s:20     .text.chPoolInit:00000000 $t
C:\Users\jenny\AppData\Local\Temp\cc8u6Bkb.s:26     .text.chPoolInit:00000000 chPoolInit
C:\Users\jenny\AppData\Local\Temp\cc8u6Bkb.s:47     .text.chPoolLoadArray:00000000 $t
C:\Users\jenny\AppData\Local\Temp\cc8u6Bkb.s:53     .text.chPoolLoadArray:00000000 chPoolLoadArray
C:\Users\jenny\AppData\Local\Temp\cc8u6Bkb.s:273    .text.chPoolAllocI:00000000 $t
C:\Users\jenny\AppData\Local\Temp\cc8u6Bkb.s:279    .text.chPoolAllocI:00000000 chPoolAllocI
C:\Users\jenny\AppData\Local\Temp\cc8u6Bkb.s:317    .text.chPoolAlloc:00000000 $t
C:\Users\jenny\AppData\Local\Temp\cc8u6Bkb.s:323    .text.chPoolAlloc:00000000 chPoolAlloc
C:\Users\jenny\AppData\Local\Temp\cc8u6Bkb.s:393    .text.chPoolFreeI:00000000 $t
C:\Users\jenny\AppData\Local\Temp\cc8u6Bkb.s:399    .text.chPoolFreeI:00000000 chPoolFreeI
C:\Users\jenny\AppData\Local\Temp\cc8u6Bkb.s:417    .text.chPoolFree:00000000 $t
C:\Users\jenny\AppData\Local\Temp\cc8u6Bkb.s:423    .text.chPoolFree:00000000 chPoolFree
                     .debug_frame:00000010 $d

NO UNDEFINED SYMBOLS
