ARM GAS  C:\Users\jenny\AppData\Local\Temp\ccZoPfJ5.s 			page 1


   1              		.syntax unified
   2              		.cpu cortex-m4
   3              		.eabi_attribute 27, 3
   4              		.fpu fpv4-sp-d16
   5              		.eabi_attribute 20, 1
   6              		.eabi_attribute 21, 1
   7              		.eabi_attribute 23, 3
   8              		.eabi_attribute 24, 1
   9              		.eabi_attribute 25, 1
  10              		.eabi_attribute 26, 1
  11              		.eabi_attribute 30, 2
  12              		.eabi_attribute 34, 1
  13              		.eabi_attribute 18, 4
  14              		.thumb
  15              		.file	"chmemcore.c"
  16              		.text
  17              	.Ltext0:
  18              		.cfi_sections	.debug_frame
  19              		.section	.text._core_init,"ax",%progbits
  20              		.align	2
  21              		.p2align 4,,15
  22              		.global	_core_init
  23              		.thumb
  24              		.thumb_func
  25              		.type	_core_init, %function
  26              	_core_init:
  27              	.LFB7:
  28              		.file 1 "../../os/kernel/src/chmemcore.c"
  29              		.loc 1 66 0
  30              		.cfi_startproc
  31              		@ args = 0, pretend = 0, frame = 0
  32              		@ frame_needed = 0, uses_anonymous_args = 0
  33              		@ link register save eliminated.
  34              		.loc 1 70 0
  35 0000 40F20002 		movw	r2, #:lower16:.LANCHOR0
  36              		.loc 1 71 0
  37 0004 40F20003 		movw	r3, #:lower16:.LANCHOR1
  38 0008 40F20001 		movw	r1, #:lower16:__heap_end__
  39              		.loc 1 70 0
  40 000c 0648     		ldr	r0, .L2
  41 000e C0F20002 		movt	r2, #:upper16:.LANCHOR0
  42              		.loc 1 71 0
  43 0012 C0F20003 		movt	r3, #:upper16:.LANCHOR1
  44 0016 C0F20001 		movt	r1, #:upper16:__heap_end__
  45              		.loc 1 70 0
  46 001a 20F00700 		bic	r0, r0, #7
  47              		.loc 1 71 0
  48 001e 21F00701 		bic	r1, r1, #7
  49              		.loc 1 70 0
  50 0022 1060     		str	r0, [r2, #0]
  51              		.loc 1 71 0
  52 0024 1960     		str	r1, [r3, #0]
  53 0026 7047     		bx	lr
  54              	.L3:
  55              		.align	2
  56              	.L2:
  57 0028 07000000 		.word	__heap_base__+7
ARM GAS  C:\Users\jenny\AppData\Local\Temp\ccZoPfJ5.s 			page 2


  58              		.cfi_endproc
  59              	.LFE7:
  60              		.size	_core_init, .-_core_init
  61 002c AFF30080 		.section	.text.chCoreAlloc,"ax",%progbits
  62              		.align	2
  63              		.p2align 4,,15
  64              		.global	chCoreAlloc
  65              		.thumb
  66              		.thumb_func
  67              		.type	chCoreAlloc, %function
  68              	chCoreAlloc:
  69              	.LFB8:
  70              		.loc 1 91 0
  71              		.cfi_startproc
  72              		@ args = 0, pretend = 0, frame = 0
  73              		@ frame_needed = 0, uses_anonymous_args = 0
  74              		@ link register save eliminated.
  75              	.LVL0:
  76              	.LBB6:
  77              		.loc 1 94 0
  78 0000 2023     		movs	r3, #32
  79              	.LVL1:
  80              	@ 94 "../../os/kernel/src/chmemcore.c" 1
  81 0002 83F31188 		msr     BASEPRI, r3
  82              	@ 0 "" 2
  83              	.LVL2:
  84              		.thumb
  85              	.LBE6:
  86              	.LBB7:
  87              	.LBB8:
  88              		.loc 1 118 0
  89 0006 094B     		ldr	r3, .L7
  90              	.LVL3:
  91 0008 0949     		ldr	r1, .L7+4
  92 000a 1A68     		ldr	r2, [r3, #0]
  93 000c 0968     		ldr	r1, [r1, #0]
  94              		.loc 1 117 0
  95 000e 0730     		adds	r0, r0, #7
  96              	.LVL4:
  97 0010 20F00700 		bic	r0, r0, #7
  98              	.LVL5:
  99              		.loc 1 118 0
 100 0014 891A     		subs	r1, r1, r2
 101 0016 8842     		cmp	r0, r1
 102              	.LVL6:
 103              		.loc 1 121 0
 104 0018 9ABF     		itte	ls
 105 001a 1018     		addls	r0, r2, r0
 106              	.LVL7:
 107 001c 1860     		strls	r0, [r3, #0]
 108              		.loc 1 119 0
 109 001e 0022     		movhi	r2, #0
 110              	.LVL8:
 111              	.LBE8:
 112              	.LBE7:
 113              	.LBB9:
 114              		.loc 1 96 0
ARM GAS  C:\Users\jenny\AppData\Local\Temp\ccZoPfJ5.s 			page 3


 115 0020 0023     		movs	r3, #0
 116              	.LVL9:
 117              	@ 96 "../../os/kernel/src/chmemcore.c" 1
 118 0022 83F31188 		msr     BASEPRI, r3
 119              	@ 0 "" 2
 120              	.LVL10:
 121              		.thumb
 122              	.LBE9:
 123              		.loc 1 98 0
 124 0026 1046     		mov	r0, r2
 125 0028 7047     		bx	lr
 126              	.L8:
 127 002a 00BF     		.align	2
 128              	.L7:
 129 002c 00000000 		.word	.LANCHOR0
 130 0030 00000000 		.word	.LANCHOR1
 131              		.cfi_endproc
 132              	.LFE8:
 133              		.size	chCoreAlloc, .-chCoreAlloc
 134 0034 AFF30080 		.section	.text.chCoreAllocI,"ax",%progbits
 134      AFF30080 
 134      AFF30080 
 135              		.align	2
 136              		.p2align 4,,15
 137              		.global	chCoreAllocI
 138              		.thumb
 139              		.thumb_func
 140              		.type	chCoreAllocI, %function
 141              	chCoreAllocI:
 142              	.LFB9:
 143              		.loc 1 112 0
 144              		.cfi_startproc
 145              		@ args = 0, pretend = 0, frame = 0
 146              		@ frame_needed = 0, uses_anonymous_args = 0
 147              		@ link register save eliminated.
 148              	.LVL11:
 149              		.loc 1 118 0
 150 0000 074A     		ldr	r2, .L12
 151 0002 0849     		ldr	r1, .L12+4
 152 0004 1368     		ldr	r3, [r2, #0]
 153 0006 0968     		ldr	r1, [r1, #0]
 154              		.loc 1 117 0
 155 0008 0730     		adds	r0, r0, #7
 156              	.LVL12:
 157 000a 20F00700 		bic	r0, r0, #7
 158              	.LVL13:
 159              		.loc 1 118 0
 160 000e C91A     		subs	r1, r1, r3
 161 0010 8842     		cmp	r0, r1
 162              	.LVL14:
 163              		.loc 1 121 0
 164 0012 9ABF     		itte	ls
 165 0014 1818     		addls	r0, r3, r0
 166              	.LVL15:
 167 0016 1060     		strls	r0, [r2, #0]
 168              		.loc 1 119 0
 169 0018 0023     		movhi	r3, #0
ARM GAS  C:\Users\jenny\AppData\Local\Temp\ccZoPfJ5.s 			page 4


 170              	.LVL16:
 171              		.loc 1 123 0
 172 001a 1846     		mov	r0, r3
 173 001c 7047     		bx	lr
 174              	.L13:
 175 001e 00BF     		.align	2
 176              	.L12:
 177 0020 00000000 		.word	.LANCHOR0
 178 0024 00000000 		.word	.LANCHOR1
 179              		.cfi_endproc
 180              	.LFE9:
 181              		.size	chCoreAllocI, .-chCoreAllocI
 182 0028 AFF30080 		.section	.text.chCoreStatus,"ax",%progbits
 182      AFF30080 
 183              		.align	2
 184              		.p2align 4,,15
 185              		.global	chCoreStatus
 186              		.thumb
 187              		.thumb_func
 188              		.type	chCoreStatus, %function
 189              	chCoreStatus:
 190              	.LFB10:
 191              		.loc 1 132 0
 192              		.cfi_startproc
 193              		@ args = 0, pretend = 0, frame = 0
 194              		@ frame_needed = 0, uses_anonymous_args = 0
 195              		@ link register save eliminated.
 196              		.loc 1 134 0
 197 0000 40F20002 		movw	r2, #:lower16:.LANCHOR1
 198 0004 40F20003 		movw	r3, #:lower16:.LANCHOR0
 199 0008 C0F20002 		movt	r2, #:upper16:.LANCHOR1
 200 000c C0F20003 		movt	r3, #:upper16:.LANCHOR0
 201 0010 1068     		ldr	r0, [r2, #0]
 202 0012 1968     		ldr	r1, [r3, #0]
 203              		.loc 1 135 0
 204 0014 401A     		subs	r0, r0, r1
 205 0016 7047     		bx	lr
 206              		.cfi_endproc
 207              	.LFE10:
 208              		.size	chCoreStatus, .-chCoreStatus
 209 0018 AFF30080 		.section	.bss.endmem,"aw",%nobits
 209      AFF30080 
 210              		.align	2
 211              		.set	.LANCHOR1,. + 0
 212              		.type	endmem, %object
 213              		.size	endmem, 4
 214              	endmem:
 215 0000 00000000 		.space	4
 216              		.section	.bss.nextmem,"aw",%nobits
 217              		.align	2
 218              		.set	.LANCHOR0,. + 0
 219              		.type	nextmem, %object
 220              		.size	nextmem, 4
 221              	nextmem:
 222 0000 00000000 		.space	4
 223              		.text
 224              	.Letext0:
ARM GAS  C:\Users\jenny\AppData\Local\Temp\ccZoPfJ5.s 			page 5


 225              		.file 2 "c:\\fbin\\yagarto\\bin\\../lib/gcc/arm-none-eabi/4.7.4/include/stddef.h"
 226              		.file 3 "c:\\fbin\\yagarto\\bin\\../lib/gcc/arm-none-eabi/4.7.4/../../../../arm-none-eabi/include/
 227              		.section	.debug_info,"",%progbits
 228              	.Ldebug_info0:
 229 0000 2B020000 		.4byte	0x22b
 230 0004 0200     		.2byte	0x2
 231 0006 00000000 		.4byte	.Ldebug_abbrev0
 232 000a 04       		.byte	0x4
 233 000b 01       		.uleb128 0x1
 234 000c 60010000 		.4byte	.LASF19
 235 0010 01       		.byte	0x1
 236 0011 BD000000 		.4byte	.LASF20
 237 0015 E4000000 		.4byte	.LASF21
 238 0019 00000000 		.4byte	.Ldebug_ranges0+0
 239 001d 00000000 		.4byte	0
 240 0021 00000000 		.4byte	0
 241 0025 00000000 		.4byte	.Ldebug_line0
 242 0029 02       		.uleb128 0x2
 243 002a 04       		.byte	0x4
 244 002b 05       		.byte	0x5
 245 002c 696E7400 		.ascii	"int\000"
 246 0030 03       		.uleb128 0x3
 247 0031 21000000 		.4byte	.LASF2
 248 0035 02       		.byte	0x2
 249 0036 D5       		.byte	0xd5
 250 0037 3B000000 		.4byte	0x3b
 251 003b 04       		.uleb128 0x4
 252 003c 04       		.byte	0x4
 253 003d 07       		.byte	0x7
 254 003e A9010000 		.4byte	.LASF0
 255 0042 04       		.uleb128 0x4
 256 0043 01       		.byte	0x1
 257 0044 06       		.byte	0x6
 258 0045 44010000 		.4byte	.LASF1
 259 0049 03       		.uleb128 0x3
 260 004a 74000000 		.4byte	.LASF3
 261 004e 03       		.byte	0x3
 262 004f 2A       		.byte	0x2a
 263 0050 54000000 		.4byte	0x54
 264 0054 04       		.uleb128 0x4
 265 0055 01       		.byte	0x1
 266 0056 08       		.byte	0x8
 267 0057 7C000000 		.4byte	.LASF4
 268 005b 04       		.uleb128 0x4
 269 005c 02       		.byte	0x2
 270 005d 05       		.byte	0x5
 271 005e AD000000 		.4byte	.LASF5
 272 0062 04       		.uleb128 0x4
 273 0063 02       		.byte	0x2
 274 0064 07       		.byte	0x7
 275 0065 0E000000 		.4byte	.LASF6
 276 0069 04       		.uleb128 0x4
 277 006a 04       		.byte	0x4
 278 006b 05       		.byte	0x5
 279 006c A4000000 		.4byte	.LASF7
 280 0070 03       		.uleb128 0x3
 281 0071 9B000000 		.4byte	.LASF8
ARM GAS  C:\Users\jenny\AppData\Local\Temp\ccZoPfJ5.s 			page 6


 282 0075 03       		.byte	0x3
 283 0076 50       		.byte	0x50
 284 0077 7B000000 		.4byte	0x7b
 285 007b 04       		.uleb128 0x4
 286 007c 04       		.byte	0x4
 287 007d 07       		.byte	0x7
 288 007e 4B000000 		.4byte	.LASF9
 289 0082 04       		.uleb128 0x4
 290 0083 08       		.byte	0x8
 291 0084 05       		.byte	0x5
 292 0085 00000000 		.4byte	.LASF10
 293 0089 04       		.uleb128 0x4
 294 008a 08       		.byte	0x8
 295 008b 07       		.byte	0x7
 296 008c 5D000000 		.4byte	.LASF11
 297 0090 04       		.uleb128 0x4
 298 0091 01       		.byte	0x1
 299 0092 02       		.byte	0x2
 300 0093 B7000000 		.4byte	.LASF12
 301 0097 05       		.uleb128 0x5
 302 0098 04       		.byte	0x4
 303 0099 04       		.uleb128 0x4
 304 009a 04       		.byte	0x4
 305 009b 07       		.byte	0x7
 306 009c B6010000 		.4byte	.LASF13
 307 00a0 04       		.uleb128 0x4
 308 00a1 01       		.byte	0x1
 309 00a2 08       		.byte	0x8
 310 00a3 8A000000 		.4byte	.LASF14
 311 00a7 06       		.uleb128 0x6
 312 00a8 04       		.byte	0x4
 313 00a9 49000000 		.4byte	0x49
 314 00ad 07       		.uleb128 0x7
 315 00ae 01       		.byte	0x1
 316 00af 37010000 		.4byte	.LASF22
 317 00b3 01       		.byte	0x1
 318 00b4 70       		.byte	0x70
 319 00b5 01       		.byte	0x1
 320 00b6 97000000 		.4byte	0x97
 321 00ba 01       		.byte	0x1
 322 00bb D4000000 		.4byte	0xd4
 323 00bf 08       		.uleb128 0x8
 324 00c0 50010000 		.4byte	.LASF23
 325 00c4 01       		.byte	0x1
 326 00c5 70       		.byte	0x70
 327 00c6 30000000 		.4byte	0x30
 328 00ca 09       		.uleb128 0x9
 329 00cb 7000     		.ascii	"p\000"
 330 00cd 01       		.byte	0x1
 331 00ce 71       		.byte	0x71
 332 00cf 97000000 		.4byte	0x97
 333 00d3 00       		.byte	0
 334 00d4 0A       		.uleb128 0xa
 335 00d5 01       		.byte	0x1
 336 00d6 55010000 		.4byte	.LASF24
 337 00da 01       		.byte	0x1
 338 00db 42       		.byte	0x42
ARM GAS  C:\Users\jenny\AppData\Local\Temp\ccZoPfJ5.s 			page 7


 339 00dc 01       		.byte	0x1
 340 00dd 00000000 		.4byte	.LFB7
 341 00e1 2C000000 		.4byte	.LFE7
 342 00e5 02       		.byte	0x2
 343 00e6 7D       		.byte	0x7d
 344 00e7 00       		.sleb128 0
 345 00e8 01       		.byte	0x1
 346 00e9 08010000 		.4byte	0x108
 347 00ed 0B       		.uleb128 0xb
 348 00ee 3D000000 		.4byte	.LASF15
 349 00f2 01       		.byte	0x1
 350 00f3 44       		.byte	0x44
 351 00f4 08010000 		.4byte	0x108
 352 00f8 01       		.byte	0x1
 353 00f9 01       		.byte	0x1
 354 00fa 0B       		.uleb128 0xb
 355 00fb 30000000 		.4byte	.LASF16
 356 00ff 01       		.byte	0x1
 357 0100 45       		.byte	0x45
 358 0101 08010000 		.4byte	0x108
 359 0105 01       		.byte	0x1
 360 0106 01       		.byte	0x1
 361 0107 00       		.byte	0
 362 0108 0C       		.uleb128 0xc
 363 0109 49000000 		.4byte	0x49
 364 010d 13010000 		.4byte	0x113
 365 0111 0D       		.uleb128 0xd
 366 0112 00       		.byte	0
 367 0113 0E       		.uleb128 0xe
 368 0114 01       		.byte	0x1
 369 0115 8F000000 		.4byte	.LASF25
 370 0119 01       		.byte	0x1
 371 011a 5B       		.byte	0x5b
 372 011b 01       		.byte	0x1
 373 011c 97000000 		.4byte	0x97
 374 0120 00000000 		.4byte	.LFB8
 375 0124 34000000 		.4byte	.LFE8
 376 0128 02       		.byte	0x2
 377 0129 7D       		.byte	0x7d
 378 012a 00       		.sleb128 0
 379 012b 01       		.byte	0x1
 380 012c B1010000 		.4byte	0x1b1
 381 0130 0F       		.uleb128 0xf
 382 0131 50010000 		.4byte	.LASF23
 383 0135 01       		.byte	0x1
 384 0136 5B       		.byte	0x5b
 385 0137 30000000 		.4byte	0x30
 386 013b 00000000 		.4byte	.LLST0
 387 013f 10       		.uleb128 0x10
 388 0140 7000     		.ascii	"p\000"
 389 0142 01       		.byte	0x1
 390 0143 5C       		.byte	0x5c
 391 0144 97000000 		.4byte	0x97
 392 0148 01       		.byte	0x1
 393 0149 52       		.byte	0x52
 394 014a 11       		.uleb128 0x11
 395 014b 00000000 		.4byte	.LBB6
ARM GAS  C:\Users\jenny\AppData\Local\Temp\ccZoPfJ5.s 			page 8


 396 014f 06000000 		.4byte	.LBE6
 397 0153 67010000 		.4byte	0x167
 398 0157 12       		.uleb128 0x12
 399 0158 746D7000 		.ascii	"tmp\000"
 400 015c 01       		.byte	0x1
 401 015d 5E       		.byte	0x5e
 402 015e 70000000 		.4byte	0x70
 403 0162 2E000000 		.4byte	.LLST1
 404 0166 00       		.byte	0
 405 0167 13       		.uleb128 0x13
 406 0168 AD000000 		.4byte	0xad
 407 016c 06000000 		.4byte	.LBB7
 408 0170 20000000 		.4byte	.LBE7
 409 0174 01       		.byte	0x1
 410 0175 5F       		.byte	0x5f
 411 0176 97010000 		.4byte	0x197
 412 017a 14       		.uleb128 0x14
 413 017b BF000000 		.4byte	0xbf
 414 017f 41000000 		.4byte	.LLST2
 415 0183 15       		.uleb128 0x15
 416 0184 06000000 		.4byte	.LBB8
 417 0188 20000000 		.4byte	.LBE8
 418 018c 16       		.uleb128 0x16
 419 018d CA000000 		.4byte	0xca
 420 0191 7F000000 		.4byte	.LLST3
 421 0195 00       		.byte	0
 422 0196 00       		.byte	0
 423 0197 15       		.uleb128 0x15
 424 0198 20000000 		.4byte	.LBB9
 425 019c 26000000 		.4byte	.LBE9
 426 01a0 12       		.uleb128 0x12
 427 01a1 746D7000 		.ascii	"tmp\000"
 428 01a5 01       		.byte	0x1
 429 01a6 60       		.byte	0x60
 430 01a7 70000000 		.4byte	0x70
 431 01ab A1000000 		.4byte	.LLST4
 432 01af 00       		.byte	0
 433 01b0 00       		.byte	0
 434 01b1 17       		.uleb128 0x17
 435 01b2 AD000000 		.4byte	0xad
 436 01b6 00000000 		.4byte	.LFB9
 437 01ba 28000000 		.4byte	.LFE9
 438 01be 02       		.byte	0x2
 439 01bf 7D       		.byte	0x7d
 440 01c0 00       		.sleb128 0
 441 01c1 01       		.byte	0x1
 442 01c2 D9010000 		.4byte	0x1d9
 443 01c6 14       		.uleb128 0x14
 444 01c7 BF000000 		.4byte	0xbf
 445 01cb B4000000 		.4byte	.LLST5
 446 01cf 16       		.uleb128 0x16
 447 01d0 CA000000 		.4byte	0xca
 448 01d4 F2000000 		.4byte	.LLST6
 449 01d8 00       		.byte	0
 450 01d9 18       		.uleb128 0x18
 451 01da 01       		.byte	0x1
 452 01db BF010000 		.4byte	.LASF26
ARM GAS  C:\Users\jenny\AppData\Local\Temp\ccZoPfJ5.s 			page 9


 453 01df 01       		.byte	0x1
 454 01e0 84       		.byte	0x84
 455 01e1 01       		.byte	0x1
 456 01e2 30000000 		.4byte	0x30
 457 01e6 00000000 		.4byte	.LFB10
 458 01ea 18000000 		.4byte	.LFE10
 459 01ee 02       		.byte	0x2
 460 01ef 7D       		.byte	0x7d
 461 01f0 00       		.sleb128 0
 462 01f1 01       		.byte	0x1
 463 01f2 19       		.uleb128 0x19
 464 01f3 28000000 		.4byte	.LASF17
 465 01f7 01       		.byte	0x1
 466 01f8 3A       		.byte	0x3a
 467 01f9 A7000000 		.4byte	0xa7
 468 01fd 05       		.byte	0x5
 469 01fe 03       		.byte	0x3
 470 01ff 00000000 		.4byte	nextmem
 471 0203 19       		.uleb128 0x19
 472 0204 DD000000 		.4byte	.LASF18
 473 0208 01       		.byte	0x1
 474 0209 3B       		.byte	0x3b
 475 020a A7000000 		.4byte	0xa7
 476 020e 05       		.byte	0x5
 477 020f 03       		.byte	0x3
 478 0210 00000000 		.4byte	endmem
 479 0214 0B       		.uleb128 0xb
 480 0215 3D000000 		.4byte	.LASF15
 481 0219 01       		.byte	0x1
 482 021a 44       		.byte	0x44
 483 021b 08010000 		.4byte	0x108
 484 021f 01       		.byte	0x1
 485 0220 01       		.byte	0x1
 486 0221 0B       		.uleb128 0xb
 487 0222 30000000 		.4byte	.LASF16
 488 0226 01       		.byte	0x1
 489 0227 45       		.byte	0x45
 490 0228 08010000 		.4byte	0x108
 491 022c 01       		.byte	0x1
 492 022d 01       		.byte	0x1
 493 022e 00       		.byte	0
 494              		.section	.debug_abbrev,"",%progbits
 495              	.Ldebug_abbrev0:
 496 0000 01       		.uleb128 0x1
 497 0001 11       		.uleb128 0x11
 498 0002 01       		.byte	0x1
 499 0003 25       		.uleb128 0x25
 500 0004 0E       		.uleb128 0xe
 501 0005 13       		.uleb128 0x13
 502 0006 0B       		.uleb128 0xb
 503 0007 03       		.uleb128 0x3
 504 0008 0E       		.uleb128 0xe
 505 0009 1B       		.uleb128 0x1b
 506 000a 0E       		.uleb128 0xe
 507 000b 55       		.uleb128 0x55
 508 000c 06       		.uleb128 0x6
 509 000d 11       		.uleb128 0x11
ARM GAS  C:\Users\jenny\AppData\Local\Temp\ccZoPfJ5.s 			page 10


 510 000e 01       		.uleb128 0x1
 511 000f 52       		.uleb128 0x52
 512 0010 01       		.uleb128 0x1
 513 0011 10       		.uleb128 0x10
 514 0012 06       		.uleb128 0x6
 515 0013 00       		.byte	0
 516 0014 00       		.byte	0
 517 0015 02       		.uleb128 0x2
 518 0016 24       		.uleb128 0x24
 519 0017 00       		.byte	0
 520 0018 0B       		.uleb128 0xb
 521 0019 0B       		.uleb128 0xb
 522 001a 3E       		.uleb128 0x3e
 523 001b 0B       		.uleb128 0xb
 524 001c 03       		.uleb128 0x3
 525 001d 08       		.uleb128 0x8
 526 001e 00       		.byte	0
 527 001f 00       		.byte	0
 528 0020 03       		.uleb128 0x3
 529 0021 16       		.uleb128 0x16
 530 0022 00       		.byte	0
 531 0023 03       		.uleb128 0x3
 532 0024 0E       		.uleb128 0xe
 533 0025 3A       		.uleb128 0x3a
 534 0026 0B       		.uleb128 0xb
 535 0027 3B       		.uleb128 0x3b
 536 0028 0B       		.uleb128 0xb
 537 0029 49       		.uleb128 0x49
 538 002a 13       		.uleb128 0x13
 539 002b 00       		.byte	0
 540 002c 00       		.byte	0
 541 002d 04       		.uleb128 0x4
 542 002e 24       		.uleb128 0x24
 543 002f 00       		.byte	0
 544 0030 0B       		.uleb128 0xb
 545 0031 0B       		.uleb128 0xb
 546 0032 3E       		.uleb128 0x3e
 547 0033 0B       		.uleb128 0xb
 548 0034 03       		.uleb128 0x3
 549 0035 0E       		.uleb128 0xe
 550 0036 00       		.byte	0
 551 0037 00       		.byte	0
 552 0038 05       		.uleb128 0x5
 553 0039 0F       		.uleb128 0xf
 554 003a 00       		.byte	0
 555 003b 0B       		.uleb128 0xb
 556 003c 0B       		.uleb128 0xb
 557 003d 00       		.byte	0
 558 003e 00       		.byte	0
 559 003f 06       		.uleb128 0x6
 560 0040 0F       		.uleb128 0xf
 561 0041 00       		.byte	0
 562 0042 0B       		.uleb128 0xb
 563 0043 0B       		.uleb128 0xb
 564 0044 49       		.uleb128 0x49
 565 0045 13       		.uleb128 0x13
 566 0046 00       		.byte	0
ARM GAS  C:\Users\jenny\AppData\Local\Temp\ccZoPfJ5.s 			page 11


 567 0047 00       		.byte	0
 568 0048 07       		.uleb128 0x7
 569 0049 2E       		.uleb128 0x2e
 570 004a 01       		.byte	0x1
 571 004b 3F       		.uleb128 0x3f
 572 004c 0C       		.uleb128 0xc
 573 004d 03       		.uleb128 0x3
 574 004e 0E       		.uleb128 0xe
 575 004f 3A       		.uleb128 0x3a
 576 0050 0B       		.uleb128 0xb
 577 0051 3B       		.uleb128 0x3b
 578 0052 0B       		.uleb128 0xb
 579 0053 27       		.uleb128 0x27
 580 0054 0C       		.uleb128 0xc
 581 0055 49       		.uleb128 0x49
 582 0056 13       		.uleb128 0x13
 583 0057 20       		.uleb128 0x20
 584 0058 0B       		.uleb128 0xb
 585 0059 01       		.uleb128 0x1
 586 005a 13       		.uleb128 0x13
 587 005b 00       		.byte	0
 588 005c 00       		.byte	0
 589 005d 08       		.uleb128 0x8
 590 005e 05       		.uleb128 0x5
 591 005f 00       		.byte	0
 592 0060 03       		.uleb128 0x3
 593 0061 0E       		.uleb128 0xe
 594 0062 3A       		.uleb128 0x3a
 595 0063 0B       		.uleb128 0xb
 596 0064 3B       		.uleb128 0x3b
 597 0065 0B       		.uleb128 0xb
 598 0066 49       		.uleb128 0x49
 599 0067 13       		.uleb128 0x13
 600 0068 00       		.byte	0
 601 0069 00       		.byte	0
 602 006a 09       		.uleb128 0x9
 603 006b 34       		.uleb128 0x34
 604 006c 00       		.byte	0
 605 006d 03       		.uleb128 0x3
 606 006e 08       		.uleb128 0x8
 607 006f 3A       		.uleb128 0x3a
 608 0070 0B       		.uleb128 0xb
 609 0071 3B       		.uleb128 0x3b
 610 0072 0B       		.uleb128 0xb
 611 0073 49       		.uleb128 0x49
 612 0074 13       		.uleb128 0x13
 613 0075 00       		.byte	0
 614 0076 00       		.byte	0
 615 0077 0A       		.uleb128 0xa
 616 0078 2E       		.uleb128 0x2e
 617 0079 01       		.byte	0x1
 618 007a 3F       		.uleb128 0x3f
 619 007b 0C       		.uleb128 0xc
 620 007c 03       		.uleb128 0x3
 621 007d 0E       		.uleb128 0xe
 622 007e 3A       		.uleb128 0x3a
 623 007f 0B       		.uleb128 0xb
ARM GAS  C:\Users\jenny\AppData\Local\Temp\ccZoPfJ5.s 			page 12


 624 0080 3B       		.uleb128 0x3b
 625 0081 0B       		.uleb128 0xb
 626 0082 27       		.uleb128 0x27
 627 0083 0C       		.uleb128 0xc
 628 0084 11       		.uleb128 0x11
 629 0085 01       		.uleb128 0x1
 630 0086 12       		.uleb128 0x12
 631 0087 01       		.uleb128 0x1
 632 0088 40       		.uleb128 0x40
 633 0089 0A       		.uleb128 0xa
 634 008a 9742     		.uleb128 0x2117
 635 008c 0C       		.uleb128 0xc
 636 008d 01       		.uleb128 0x1
 637 008e 13       		.uleb128 0x13
 638 008f 00       		.byte	0
 639 0090 00       		.byte	0
 640 0091 0B       		.uleb128 0xb
 641 0092 34       		.uleb128 0x34
 642 0093 00       		.byte	0
 643 0094 03       		.uleb128 0x3
 644 0095 0E       		.uleb128 0xe
 645 0096 3A       		.uleb128 0x3a
 646 0097 0B       		.uleb128 0xb
 647 0098 3B       		.uleb128 0x3b
 648 0099 0B       		.uleb128 0xb
 649 009a 49       		.uleb128 0x49
 650 009b 13       		.uleb128 0x13
 651 009c 3F       		.uleb128 0x3f
 652 009d 0C       		.uleb128 0xc
 653 009e 3C       		.uleb128 0x3c
 654 009f 0C       		.uleb128 0xc
 655 00a0 00       		.byte	0
 656 00a1 00       		.byte	0
 657 00a2 0C       		.uleb128 0xc
 658 00a3 01       		.uleb128 0x1
 659 00a4 01       		.byte	0x1
 660 00a5 49       		.uleb128 0x49
 661 00a6 13       		.uleb128 0x13
 662 00a7 01       		.uleb128 0x1
 663 00a8 13       		.uleb128 0x13
 664 00a9 00       		.byte	0
 665 00aa 00       		.byte	0
 666 00ab 0D       		.uleb128 0xd
 667 00ac 21       		.uleb128 0x21
 668 00ad 00       		.byte	0
 669 00ae 00       		.byte	0
 670 00af 00       		.byte	0
 671 00b0 0E       		.uleb128 0xe
 672 00b1 2E       		.uleb128 0x2e
 673 00b2 01       		.byte	0x1
 674 00b3 3F       		.uleb128 0x3f
 675 00b4 0C       		.uleb128 0xc
 676 00b5 03       		.uleb128 0x3
 677 00b6 0E       		.uleb128 0xe
 678 00b7 3A       		.uleb128 0x3a
 679 00b8 0B       		.uleb128 0xb
 680 00b9 3B       		.uleb128 0x3b
ARM GAS  C:\Users\jenny\AppData\Local\Temp\ccZoPfJ5.s 			page 13


 681 00ba 0B       		.uleb128 0xb
 682 00bb 27       		.uleb128 0x27
 683 00bc 0C       		.uleb128 0xc
 684 00bd 49       		.uleb128 0x49
 685 00be 13       		.uleb128 0x13
 686 00bf 11       		.uleb128 0x11
 687 00c0 01       		.uleb128 0x1
 688 00c1 12       		.uleb128 0x12
 689 00c2 01       		.uleb128 0x1
 690 00c3 40       		.uleb128 0x40
 691 00c4 0A       		.uleb128 0xa
 692 00c5 9742     		.uleb128 0x2117
 693 00c7 0C       		.uleb128 0xc
 694 00c8 01       		.uleb128 0x1
 695 00c9 13       		.uleb128 0x13
 696 00ca 00       		.byte	0
 697 00cb 00       		.byte	0
 698 00cc 0F       		.uleb128 0xf
 699 00cd 05       		.uleb128 0x5
 700 00ce 00       		.byte	0
 701 00cf 03       		.uleb128 0x3
 702 00d0 0E       		.uleb128 0xe
 703 00d1 3A       		.uleb128 0x3a
 704 00d2 0B       		.uleb128 0xb
 705 00d3 3B       		.uleb128 0x3b
 706 00d4 0B       		.uleb128 0xb
 707 00d5 49       		.uleb128 0x49
 708 00d6 13       		.uleb128 0x13
 709 00d7 02       		.uleb128 0x2
 710 00d8 06       		.uleb128 0x6
 711 00d9 00       		.byte	0
 712 00da 00       		.byte	0
 713 00db 10       		.uleb128 0x10
 714 00dc 34       		.uleb128 0x34
 715 00dd 00       		.byte	0
 716 00de 03       		.uleb128 0x3
 717 00df 08       		.uleb128 0x8
 718 00e0 3A       		.uleb128 0x3a
 719 00e1 0B       		.uleb128 0xb
 720 00e2 3B       		.uleb128 0x3b
 721 00e3 0B       		.uleb128 0xb
 722 00e4 49       		.uleb128 0x49
 723 00e5 13       		.uleb128 0x13
 724 00e6 02       		.uleb128 0x2
 725 00e7 0A       		.uleb128 0xa
 726 00e8 00       		.byte	0
 727 00e9 00       		.byte	0
 728 00ea 11       		.uleb128 0x11
 729 00eb 0B       		.uleb128 0xb
 730 00ec 01       		.byte	0x1
 731 00ed 11       		.uleb128 0x11
 732 00ee 01       		.uleb128 0x1
 733 00ef 12       		.uleb128 0x12
 734 00f0 01       		.uleb128 0x1
 735 00f1 01       		.uleb128 0x1
 736 00f2 13       		.uleb128 0x13
 737 00f3 00       		.byte	0
ARM GAS  C:\Users\jenny\AppData\Local\Temp\ccZoPfJ5.s 			page 14


 738 00f4 00       		.byte	0
 739 00f5 12       		.uleb128 0x12
 740 00f6 34       		.uleb128 0x34
 741 00f7 00       		.byte	0
 742 00f8 03       		.uleb128 0x3
 743 00f9 08       		.uleb128 0x8
 744 00fa 3A       		.uleb128 0x3a
 745 00fb 0B       		.uleb128 0xb
 746 00fc 3B       		.uleb128 0x3b
 747 00fd 0B       		.uleb128 0xb
 748 00fe 49       		.uleb128 0x49
 749 00ff 13       		.uleb128 0x13
 750 0100 02       		.uleb128 0x2
 751 0101 06       		.uleb128 0x6
 752 0102 00       		.byte	0
 753 0103 00       		.byte	0
 754 0104 13       		.uleb128 0x13
 755 0105 1D       		.uleb128 0x1d
 756 0106 01       		.byte	0x1
 757 0107 31       		.uleb128 0x31
 758 0108 13       		.uleb128 0x13
 759 0109 11       		.uleb128 0x11
 760 010a 01       		.uleb128 0x1
 761 010b 12       		.uleb128 0x12
 762 010c 01       		.uleb128 0x1
 763 010d 58       		.uleb128 0x58
 764 010e 0B       		.uleb128 0xb
 765 010f 59       		.uleb128 0x59
 766 0110 0B       		.uleb128 0xb
 767 0111 01       		.uleb128 0x1
 768 0112 13       		.uleb128 0x13
 769 0113 00       		.byte	0
 770 0114 00       		.byte	0
 771 0115 14       		.uleb128 0x14
 772 0116 05       		.uleb128 0x5
 773 0117 00       		.byte	0
 774 0118 31       		.uleb128 0x31
 775 0119 13       		.uleb128 0x13
 776 011a 02       		.uleb128 0x2
 777 011b 06       		.uleb128 0x6
 778 011c 00       		.byte	0
 779 011d 00       		.byte	0
 780 011e 15       		.uleb128 0x15
 781 011f 0B       		.uleb128 0xb
 782 0120 01       		.byte	0x1
 783 0121 11       		.uleb128 0x11
 784 0122 01       		.uleb128 0x1
 785 0123 12       		.uleb128 0x12
 786 0124 01       		.uleb128 0x1
 787 0125 00       		.byte	0
 788 0126 00       		.byte	0
 789 0127 16       		.uleb128 0x16
 790 0128 34       		.uleb128 0x34
 791 0129 00       		.byte	0
 792 012a 31       		.uleb128 0x31
 793 012b 13       		.uleb128 0x13
 794 012c 02       		.uleb128 0x2
ARM GAS  C:\Users\jenny\AppData\Local\Temp\ccZoPfJ5.s 			page 15


 795 012d 06       		.uleb128 0x6
 796 012e 00       		.byte	0
 797 012f 00       		.byte	0
 798 0130 17       		.uleb128 0x17
 799 0131 2E       		.uleb128 0x2e
 800 0132 01       		.byte	0x1
 801 0133 31       		.uleb128 0x31
 802 0134 13       		.uleb128 0x13
 803 0135 11       		.uleb128 0x11
 804 0136 01       		.uleb128 0x1
 805 0137 12       		.uleb128 0x12
 806 0138 01       		.uleb128 0x1
 807 0139 40       		.uleb128 0x40
 808 013a 0A       		.uleb128 0xa
 809 013b 9742     		.uleb128 0x2117
 810 013d 0C       		.uleb128 0xc
 811 013e 01       		.uleb128 0x1
 812 013f 13       		.uleb128 0x13
 813 0140 00       		.byte	0
 814 0141 00       		.byte	0
 815 0142 18       		.uleb128 0x18
 816 0143 2E       		.uleb128 0x2e
 817 0144 00       		.byte	0
 818 0145 3F       		.uleb128 0x3f
 819 0146 0C       		.uleb128 0xc
 820 0147 03       		.uleb128 0x3
 821 0148 0E       		.uleb128 0xe
 822 0149 3A       		.uleb128 0x3a
 823 014a 0B       		.uleb128 0xb
 824 014b 3B       		.uleb128 0x3b
 825 014c 0B       		.uleb128 0xb
 826 014d 27       		.uleb128 0x27
 827 014e 0C       		.uleb128 0xc
 828 014f 49       		.uleb128 0x49
 829 0150 13       		.uleb128 0x13
 830 0151 11       		.uleb128 0x11
 831 0152 01       		.uleb128 0x1
 832 0153 12       		.uleb128 0x12
 833 0154 01       		.uleb128 0x1
 834 0155 40       		.uleb128 0x40
 835 0156 0A       		.uleb128 0xa
 836 0157 9742     		.uleb128 0x2117
 837 0159 0C       		.uleb128 0xc
 838 015a 00       		.byte	0
 839 015b 00       		.byte	0
 840 015c 19       		.uleb128 0x19
 841 015d 34       		.uleb128 0x34
 842 015e 00       		.byte	0
 843 015f 03       		.uleb128 0x3
 844 0160 0E       		.uleb128 0xe
 845 0161 3A       		.uleb128 0x3a
 846 0162 0B       		.uleb128 0xb
 847 0163 3B       		.uleb128 0x3b
 848 0164 0B       		.uleb128 0xb
 849 0165 49       		.uleb128 0x49
 850 0166 13       		.uleb128 0x13
 851 0167 02       		.uleb128 0x2
ARM GAS  C:\Users\jenny\AppData\Local\Temp\ccZoPfJ5.s 			page 16


 852 0168 0A       		.uleb128 0xa
 853 0169 00       		.byte	0
 854 016a 00       		.byte	0
 855 016b 00       		.byte	0
 856              		.section	.debug_loc,"",%progbits
 857              	.Ldebug_loc0:
 858              	.LLST0:
 859 0000 00000000 		.4byte	.LVL0
 860 0004 10000000 		.4byte	.LVL4
 861 0008 0100     		.2byte	0x1
 862 000a 50       		.byte	0x50
 863 000b 10000000 		.4byte	.LVL4
 864 000f 14000000 		.4byte	.LVL5
 865 0013 0300     		.2byte	0x3
 866 0015 70       		.byte	0x70
 867 0016 79       		.sleb128 -7
 868 0017 9F       		.byte	0x9f
 869 0018 14000000 		.4byte	.LVL5
 870 001c 34000000 		.4byte	.LFE8
 871 0020 0400     		.2byte	0x4
 872 0022 F3       		.byte	0xf3
 873 0023 01       		.uleb128 0x1
 874 0024 50       		.byte	0x50
 875 0025 9F       		.byte	0x9f
 876 0026 00000000 		.4byte	0
 877 002a 00000000 		.4byte	0
 878              	.LLST1:
 879 002e 06000000 		.4byte	.LVL2
 880 0032 08000000 		.4byte	.LVL3
 881 0036 0100     		.2byte	0x1
 882 0038 53       		.byte	0x53
 883 0039 00000000 		.4byte	0
 884 003d 00000000 		.4byte	0
 885              	.LLST2:
 886 0041 06000000 		.4byte	.LVL2
 887 0045 10000000 		.4byte	.LVL4
 888 0049 0100     		.2byte	0x1
 889 004b 50       		.byte	0x50
 890 004c 10000000 		.4byte	.LVL4
 891 0050 14000000 		.4byte	.LVL5
 892 0054 0300     		.2byte	0x3
 893 0056 70       		.byte	0x70
 894 0057 79       		.sleb128 -7
 895 0058 9F       		.byte	0x9f
 896 0059 14000000 		.4byte	.LVL5
 897 005d 1C000000 		.4byte	.LVL7
 898 0061 0100     		.2byte	0x1
 899 0063 50       		.byte	0x50
 900 0064 1C000000 		.4byte	.LVL7
 901 0068 34000000 		.4byte	.LFE8
 902 006c 0900     		.2byte	0x9
 903 006e F3       		.byte	0xf3
 904 006f 01       		.uleb128 0x1
 905 0070 50       		.byte	0x50
 906 0071 23       		.byte	0x23
 907 0072 07       		.uleb128 0x7
 908 0073 09       		.byte	0x9
ARM GAS  C:\Users\jenny\AppData\Local\Temp\ccZoPfJ5.s 			page 17


 909 0074 F8       		.byte	0xf8
 910 0075 1A       		.byte	0x1a
 911 0076 9F       		.byte	0x9f
 912 0077 00000000 		.4byte	0
 913 007b 00000000 		.4byte	0
 914              	.LLST3:
 915 007f 18000000 		.4byte	.LVL6
 916 0083 20000000 		.4byte	.LVL8
 917 0087 0100     		.2byte	0x1
 918 0089 52       		.byte	0x52
 919 008a 20000000 		.4byte	.LVL8
 920 008e 34000000 		.4byte	.LFE8
 921 0092 0500     		.2byte	0x5
 922 0094 03       		.byte	0x3
 923 0095 00000000 		.4byte	nextmem
 924 0099 00000000 		.4byte	0
 925 009d 00000000 		.4byte	0
 926              	.LLST4:
 927 00a1 26000000 		.4byte	.LVL10
 928 00a5 34000000 		.4byte	.LFE8
 929 00a9 0100     		.2byte	0x1
 930 00ab 53       		.byte	0x53
 931 00ac 00000000 		.4byte	0
 932 00b0 00000000 		.4byte	0
 933              	.LLST5:
 934 00b4 00000000 		.4byte	.LVL11
 935 00b8 0A000000 		.4byte	.LVL12
 936 00bc 0100     		.2byte	0x1
 937 00be 50       		.byte	0x50
 938 00bf 0A000000 		.4byte	.LVL12
 939 00c3 0E000000 		.4byte	.LVL13
 940 00c7 0300     		.2byte	0x3
 941 00c9 70       		.byte	0x70
 942 00ca 79       		.sleb128 -7
 943 00cb 9F       		.byte	0x9f
 944 00cc 0E000000 		.4byte	.LVL13
 945 00d0 16000000 		.4byte	.LVL15
 946 00d4 0100     		.2byte	0x1
 947 00d6 50       		.byte	0x50
 948 00d7 16000000 		.4byte	.LVL15
 949 00db 28000000 		.4byte	.LFE9
 950 00df 0900     		.2byte	0x9
 951 00e1 F3       		.byte	0xf3
 952 00e2 01       		.uleb128 0x1
 953 00e3 50       		.byte	0x50
 954 00e4 23       		.byte	0x23
 955 00e5 07       		.uleb128 0x7
 956 00e6 09       		.byte	0x9
 957 00e7 F8       		.byte	0xf8
 958 00e8 1A       		.byte	0x1a
 959 00e9 9F       		.byte	0x9f
 960 00ea 00000000 		.4byte	0
 961 00ee 00000000 		.4byte	0
 962              	.LLST6:
 963 00f2 12000000 		.4byte	.LVL14
 964 00f6 1A000000 		.4byte	.LVL16
 965 00fa 0100     		.2byte	0x1
ARM GAS  C:\Users\jenny\AppData\Local\Temp\ccZoPfJ5.s 			page 18


 966 00fc 53       		.byte	0x53
 967 00fd 1A000000 		.4byte	.LVL16
 968 0101 28000000 		.4byte	.LFE9
 969 0105 0500     		.2byte	0x5
 970 0107 03       		.byte	0x3
 971 0108 00000000 		.4byte	nextmem
 972 010c 00000000 		.4byte	0
 973 0110 00000000 		.4byte	0
 974              		.section	.debug_aranges,"",%progbits
 975 0000 34000000 		.4byte	0x34
 976 0004 0200     		.2byte	0x2
 977 0006 00000000 		.4byte	.Ldebug_info0
 978 000a 04       		.byte	0x4
 979 000b 00       		.byte	0
 980 000c 0000     		.2byte	0
 981 000e 0000     		.2byte	0
 982 0010 00000000 		.4byte	.LFB7
 983 0014 2C000000 		.4byte	.LFE7-.LFB7
 984 0018 00000000 		.4byte	.LFB8
 985 001c 34000000 		.4byte	.LFE8-.LFB8
 986 0020 00000000 		.4byte	.LFB9
 987 0024 28000000 		.4byte	.LFE9-.LFB9
 988 0028 00000000 		.4byte	.LFB10
 989 002c 18000000 		.4byte	.LFE10-.LFB10
 990 0030 00000000 		.4byte	0
 991 0034 00000000 		.4byte	0
 992              		.section	.debug_ranges,"",%progbits
 993              	.Ldebug_ranges0:
 994 0000 00000000 		.4byte	.LFB7
 995 0004 2C000000 		.4byte	.LFE7
 996 0008 00000000 		.4byte	.LFB8
 997 000c 34000000 		.4byte	.LFE8
 998 0010 00000000 		.4byte	.LFB9
 999 0014 28000000 		.4byte	.LFE9
 1000 0018 00000000 		.4byte	.LFB10
 1001 001c 18000000 		.4byte	.LFE10
 1002 0020 00000000 		.4byte	0
 1003 0024 00000000 		.4byte	0
 1004              		.section	.debug_line,"",%progbits
 1005              	.Ldebug_line0:
 1006 0000 40010000 		.section	.debug_str,"MS",%progbits,1
 1006      0200DE00 
 1006      00000201 
 1006      FB0E0D00 
 1006      01010101 
 1007              	.LASF10:
 1008 0000 6C6F6E67 		.ascii	"long long int\000"
 1008      206C6F6E 
 1008      6720696E 
 1008      7400
 1009              	.LASF6:
 1010 000e 73686F72 		.ascii	"short unsigned int\000"
 1010      7420756E 
 1010      7369676E 
 1010      65642069 
 1010      6E7400
 1011              	.LASF2:
ARM GAS  C:\Users\jenny\AppData\Local\Temp\ccZoPfJ5.s 			page 19


 1012 0021 73697A65 		.ascii	"size_t\000"
 1012      5F7400
 1013              	.LASF17:
 1014 0028 6E657874 		.ascii	"nextmem\000"
 1014      6D656D00 
 1015              	.LASF16:
 1016 0030 5F5F6865 		.ascii	"__heap_end__\000"
 1016      61705F65 
 1016      6E645F5F 
 1016      00
 1017              	.LASF15:
 1018 003d 5F5F6865 		.ascii	"__heap_base__\000"
 1018      61705F62 
 1018      6173655F 
 1018      5F00
 1019              	.LASF9:
 1020 004b 6C6F6E67 		.ascii	"long unsigned int\000"
 1020      20756E73 
 1020      69676E65 
 1020      6420696E 
 1020      7400
 1021              	.LASF11:
 1022 005d 6C6F6E67 		.ascii	"long long unsigned int\000"
 1022      206C6F6E 
 1022      6720756E 
 1022      7369676E 
 1022      65642069 
 1023              	.LASF3:
 1024 0074 75696E74 		.ascii	"uint8_t\000"
 1024      385F7400 
 1025              	.LASF4:
 1026 007c 756E7369 		.ascii	"unsigned char\000"
 1026      676E6564 
 1026      20636861 
 1026      7200
 1027              	.LASF14:
 1028 008a 63686172 		.ascii	"char\000"
 1028      00
 1029              	.LASF25:
 1030 008f 6368436F 		.ascii	"chCoreAlloc\000"
 1030      7265416C 
 1030      6C6F6300 
 1031              	.LASF8:
 1032 009b 75696E74 		.ascii	"uint32_t\000"
 1032      33325F74 
 1032      00
 1033              	.LASF7:
 1034 00a4 6C6F6E67 		.ascii	"long int\000"
 1034      20696E74 
 1034      00
 1035              	.LASF5:
 1036 00ad 73686F72 		.ascii	"short int\000"
 1036      7420696E 
 1036      7400
 1037              	.LASF12:
 1038 00b7 5F426F6F 		.ascii	"_Bool\000"
 1038      6C00
ARM GAS  C:\Users\jenny\AppData\Local\Temp\ccZoPfJ5.s 			page 20


 1039              	.LASF20:
 1040 00bd 2E2E2F2E 		.ascii	"../../os/kernel/src/chmemcore.c\000"
 1040      2E2F6F73 
 1040      2F6B6572 
 1040      6E656C2F 
 1040      7372632F 
 1041              	.LASF18:
 1042 00dd 656E646D 		.ascii	"endmem\000"
 1042      656D00
 1043              	.LASF21:
 1044 00e4 443A5C6A 		.ascii	"D:\\jenny\\dev\\probe\\chibios\\chibios.workspace\\"
 1044      656E6E79 
 1044      5C646576 
 1044      5C70726F 
 1044      62655C63 
 1045 0111 64656D6F 		.ascii	"demos\\ARMCM4-STM32F407-LWIP-FATFS-USB\000"
 1045      735C4152 
 1045      4D434D34 
 1045      2D53544D 
 1045      33324634 
 1046              	.LASF22:
 1047 0137 6368436F 		.ascii	"chCoreAllocI\000"
 1047      7265416C 
 1047      6C6F6349 
 1047      00
 1048              	.LASF1:
 1049 0144 7369676E 		.ascii	"signed char\000"
 1049      65642063 
 1049      68617200 
 1050              	.LASF23:
 1051 0150 73697A65 		.ascii	"size\000"
 1051      00
 1052              	.LASF24:
 1053 0155 5F636F72 		.ascii	"_core_init\000"
 1053      655F696E 
 1053      697400
 1054              	.LASF19:
 1055 0160 474E5520 		.ascii	"GNU C 4.7.4 20130913 (release) [ARM/embedded-4_7-br"
 1055      4320342E 
 1055      372E3420 
 1055      32303133 
 1055      30393133 
 1056 0193 616E6368 		.ascii	"anch revision 202601]\000"
 1056      20726576 
 1056      6973696F 
 1056      6E203230 
 1056      32363031 
 1057              	.LASF0:
 1058 01a9 756E7369 		.ascii	"unsigned int\000"
 1058      676E6564 
 1058      20696E74 
 1058      00
 1059              	.LASF13:
 1060 01b6 73697A65 		.ascii	"sizetype\000"
 1060      74797065 
 1060      00
 1061              	.LASF26:
ARM GAS  C:\Users\jenny\AppData\Local\Temp\ccZoPfJ5.s 			page 21


 1062 01bf 6368436F 		.ascii	"chCoreStatus\000"
 1062      72655374 
 1062      61747573 
 1062      00
 1063              		.ident	"GCC: (GNU Tools for ARM Embedded Processors) 4.7.4 20130913 (release) [ARM/embedded-4_7-br
ARM GAS  C:\Users\jenny\AppData\Local\Temp\ccZoPfJ5.s 			page 22


DEFINED SYMBOLS
                            *ABS*:00000000 chmemcore.c
C:\Users\jenny\AppData\Local\Temp\ccZoPfJ5.s:20     .text._core_init:00000000 $t
C:\Users\jenny\AppData\Local\Temp\ccZoPfJ5.s:26     .text._core_init:00000000 _core_init
C:\Users\jenny\AppData\Local\Temp\ccZoPfJ5.s:218    .bss.nextmem:00000000 .LANCHOR0
C:\Users\jenny\AppData\Local\Temp\ccZoPfJ5.s:211    .bss.endmem:00000000 .LANCHOR1
C:\Users\jenny\AppData\Local\Temp\ccZoPfJ5.s:57     .text._core_init:00000028 $d
C:\Users\jenny\AppData\Local\Temp\ccZoPfJ5.s:62     .text.chCoreAlloc:00000000 $t
C:\Users\jenny\AppData\Local\Temp\ccZoPfJ5.s:68     .text.chCoreAlloc:00000000 chCoreAlloc
C:\Users\jenny\AppData\Local\Temp\ccZoPfJ5.s:129    .text.chCoreAlloc:0000002c $d
C:\Users\jenny\AppData\Local\Temp\ccZoPfJ5.s:135    .text.chCoreAllocI:00000000 $t
C:\Users\jenny\AppData\Local\Temp\ccZoPfJ5.s:141    .text.chCoreAllocI:00000000 chCoreAllocI
C:\Users\jenny\AppData\Local\Temp\ccZoPfJ5.s:177    .text.chCoreAllocI:00000020 $d
C:\Users\jenny\AppData\Local\Temp\ccZoPfJ5.s:183    .text.chCoreStatus:00000000 $t
C:\Users\jenny\AppData\Local\Temp\ccZoPfJ5.s:189    .text.chCoreStatus:00000000 chCoreStatus
C:\Users\jenny\AppData\Local\Temp\ccZoPfJ5.s:210    .bss.endmem:00000000 $d
C:\Users\jenny\AppData\Local\Temp\ccZoPfJ5.s:214    .bss.endmem:00000000 endmem
C:\Users\jenny\AppData\Local\Temp\ccZoPfJ5.s:217    .bss.nextmem:00000000 $d
C:\Users\jenny\AppData\Local\Temp\ccZoPfJ5.s:221    .bss.nextmem:00000000 nextmem
                     .debug_frame:00000010 $d
C:\Users\jenny\AppData\Local\Temp\ccZoPfJ5.s:61     .text._core_init:0000002c $t
C:\Users\jenny\AppData\Local\Temp\ccZoPfJ5.s:134    .text.chCoreAlloc:00000034 $t
C:\Users\jenny\AppData\Local\Temp\ccZoPfJ5.s:182    .text.chCoreAllocI:00000028 $t

UNDEFINED SYMBOLS
__heap_end__
__heap_base__
