ARM GAS  C:\Users\jenny\AppData\Local\Temp\ccPd3qIN.s 			page 1


   1              		.syntax unified
   2              		.cpu cortex-m4
   3              		.eabi_attribute 27, 3
   4              		.fpu fpv4-sp-d16
   5              		.eabi_attribute 20, 1
   6              		.eabi_attribute 21, 1
   7              		.eabi_attribute 23, 3
   8              		.eabi_attribute 24, 1
   9              		.eabi_attribute 25, 1
  10              		.eabi_attribute 26, 1
  11              		.eabi_attribute 30, 2
  12              		.eabi_attribute 34, 1
  13              		.eabi_attribute 18, 4
  14              		.thumb
  15              		.file	"chmsg.c"
  16              		.text
  17              	.Ltext0:
  18              		.cfi_sections	.debug_frame
  19              		.section	.text.chMsgSend,"ax",%progbits
  20              		.align	2
  21              		.p2align 4,,15
  22              		.global	chMsgSend
  23              		.thumb
  24              		.thumb_func
  25              		.type	chMsgSend, %function
  26              	chMsgSend:
  27              	.LFB7:
  28              		.file 1 "../../os/kernel/src/chmsg.c"
  29              		.loc 1 75 0
  30              		.cfi_startproc
  31              		@ args = 0, pretend = 0, frame = 0
  32              		@ frame_needed = 0, uses_anonymous_args = 0
  33              	.LVL0:
  34              		.loc 1 76 0
  35 0000 0E4B     		ldr	r3, .L5
  36              		.loc 1 75 0
  37 0002 70B5     		push	{r4, r5, r6, lr}
  38              	.LCFI0:
  39              		.cfi_def_cfa_offset 16
  40              		.cfi_offset 4, -16
  41              		.cfi_offset 5, -12
  42              		.cfi_offset 6, -8
  43              		.cfi_offset 14, -4
  44              		.loc 1 76 0
  45 0004 9C69     		ldr	r4, [r3, #24]
  46              	.LVL1:
  47              	.LBB10:
  48              		.loc 1 80 0
  49 0006 2023     		movs	r3, #32
  50              	.LVL2:
  51              	@ 80 "../../os/kernel/src/chmsg.c" 1
  52 0008 83F31188 		msr     BASEPRI, r3
  53              	@ 0 "" 2
  54              	.LVL3:
  55              		.thumb
  56              	.LBE10:
  57              		.loc 1 82 0
ARM GAS  C:\Users\jenny\AppData\Local\Temp\ccPd3qIN.s 			page 2


  58 000c 00F12C05 		add	r5, r0, #44
  59 0010 6562     		str	r5, [r4, #36]
  60              	.LVL4:
  61              		.loc 1 84 0
  62 0012 067F     		ldrb	r6, [r0, #28]	@ zero_extendqisi2
  63              	.LBB11:
  64              	.LBB12:
  65              		.file 2 "../../os/kernel/include/chinline.h"
  66              		.loc 2 55 0
  67 0014 036B     		ldr	r3, [r0, #48]
  68              	.LVL5:
  69              		.loc 2 54 0
  70 0016 2560     		str	r5, [r4, #0]
  71              	.LBE12:
  72              	.LBE11:
  73              		.loc 1 84 0
  74 0018 0C2E     		cmp	r6, #12
  75              		.loc 1 81 0
  76 001a 6163     		str	r1, [r4, #52]
  77              	.LBB14:
  78              	.LBB13:
  79              		.loc 2 55 0
  80 001c 6360     		str	r3, [r4, #4]
  81              		.loc 2 56 0
  82 001e 0463     		str	r4, [r0, #48]
  83 0020 1C60     		str	r4, [r3, #0]
  84              	.LBE13:
  85              	.LBE14:
  86              		.loc 1 84 0
  87 0022 07D0     		beq	.L4
  88              	.LVL6:
  89              	.L2:
  90              		.loc 1 86 0
  91 0024 0A20     		movs	r0, #10
  92 0026 FFF7FEFF 		bl	chSchGoSleepS
  93              	.LVL7:
  94              		.loc 1 87 0
  95 002a 606A     		ldr	r0, [r4, #36]
  96              	.LVL8:
  97              	.LBB15:
  98              		.loc 1 88 0
  99 002c 0023     		movs	r3, #0
 100              	.LVL9:
 101              	@ 88 "../../os/kernel/src/chmsg.c" 1
 102 002e 83F31188 		msr     BASEPRI, r3
 103              	@ 0 "" 2
 104              	.LVL10:
 105              		.thumb
 106              	.LBE15:
 107              		.loc 1 90 0
 108 0032 70BD     		pop	{r4, r5, r6, pc}
 109              	.LVL11:
 110              	.L4:
 111              		.loc 1 85 0
 112 0034 FFF7FEFF 		bl	chSchReadyI
 113              	.LVL12:
 114 0038 F4E7     		b	.L2
ARM GAS  C:\Users\jenny\AppData\Local\Temp\ccPd3qIN.s 			page 3


 115              	.L6:
 116 003a 00BF     		.align	2
 117              	.L5:
 118 003c 00000000 		.word	rlist
 119              		.cfi_endproc
 120              	.LFE7:
 121              		.size	chMsgSend, .-chMsgSend
 122              		.section	.text.chMsgWait,"ax",%progbits
 123              		.align	2
 124              		.p2align 4,,15
 125              		.global	chMsgWait
 126              		.thumb
 127              		.thumb_func
 128              		.type	chMsgWait, %function
 129              	chMsgWait:
 130              	.LFB8:
 131              		.loc 1 106 0
 132              		.cfi_startproc
 133              		@ args = 0, pretend = 0, frame = 0
 134              		@ frame_needed = 0, uses_anonymous_args = 0
 135 0000 10B5     		push	{r4, lr}
 136              	.LCFI1:
 137              		.cfi_def_cfa_offset 8
 138              		.cfi_offset 4, -8
 139              		.cfi_offset 14, -4
 140              	.LBB16:
 141              		.loc 1 109 0
 142 0002 2023     		movs	r3, #32
 143              	.LVL13:
 144              	@ 109 "../../os/kernel/src/chmsg.c" 1
 145 0004 83F31188 		msr     BASEPRI, r3
 146              	@ 0 "" 2
 147              	.LVL14:
 148              		.thumb
 149              	.LBE16:
 150              		.loc 1 110 0
 151 0008 0B4C     		ldr	r4, .L10
 152 000a A369     		ldr	r3, [r4, #24]
 153              	.LVL15:
 154 000c 1A46     		mov	r2, r3
 155 000e 52F82C0F 		ldr	r0, [r2, #44]!
 156 0012 9042     		cmp	r0, r2
 157 0014 08D0     		beq	.L9
 158              	.L8:
 159              	.LVL16:
 160              	.LBB17:
 161              	.LBB18:
 162              		.loc 2 62 0
 163 0016 0168     		ldr	r1, [r0, #0]
 164 0018 D962     		str	r1, [r3, #44]
 165 001a 4A60     		str	r2, [r1, #4]
 166              	.LBE18:
 167              	.LBE17:
 168              		.loc 1 113 0
 169 001c 0B22     		movs	r2, #11
 170              	.LBB19:
 171              		.loc 1 114 0
ARM GAS  C:\Users\jenny\AppData\Local\Temp\ccPd3qIN.s 			page 4


 172 001e 0023     		movs	r3, #0
 173              	.LVL17:
 174              	.LBE19:
 175              		.loc 1 113 0
 176 0020 0277     		strb	r2, [r0, #28]
 177              	.LBB20:
 178              		.loc 1 114 0
 179              	@ 114 "../../os/kernel/src/chmsg.c" 1
 180 0022 83F31188 		msr     BASEPRI, r3
 181              	@ 0 "" 2
 182              	.LVL18:
 183              		.thumb
 184              	.LBE20:
 185              		.loc 1 116 0
 186 0026 10BD     		pop	{r4, pc}
 187              	.LVL19:
 188              	.L9:
 189              		.loc 1 111 0
 190 0028 0C20     		movs	r0, #12
 191 002a FFF7FEFF 		bl	chSchGoSleepS
 192              	.LVL20:
 193 002e A369     		ldr	r3, [r4, #24]
 194 0030 1A46     		mov	r2, r3
 195 0032 52F82C0F 		ldr	r0, [r2, #44]!
 196 0036 EEE7     		b	.L8
 197              	.L11:
 198              		.align	2
 199              	.L10:
 200 0038 00000000 		.word	rlist
 201              		.cfi_endproc
 202              	.LFE8:
 203              		.size	chMsgWait, .-chMsgWait
 204 003c AFF30080 		.section	.text.chMsgRelease,"ax",%progbits
 205              		.align	2
 206              		.p2align 4,,15
 207              		.global	chMsgRelease
 208              		.thumb
 209              		.thumb_func
 210              		.type	chMsgRelease, %function
 211              	chMsgRelease:
 212              	.LFB9:
 213              		.loc 1 128 0
 214              		.cfi_startproc
 215              		@ args = 0, pretend = 0, frame = 0
 216              		@ frame_needed = 0, uses_anonymous_args = 0
 217              	.LVL21:
 218 0000 08B5     		push	{r3, lr}
 219              	.LCFI2:
 220              		.cfi_def_cfa_offset 8
 221              		.cfi_offset 3, -8
 222              		.cfi_offset 14, -4
 223              	.LBB21:
 224              		.loc 1 130 0
 225 0002 2023     		movs	r3, #32
 226              	.LVL22:
 227              	@ 130 "../../os/kernel/src/chmsg.c" 1
 228 0004 83F31188 		msr     BASEPRI, r3
ARM GAS  C:\Users\jenny\AppData\Local\Temp\ccPd3qIN.s 			page 5


 229              	@ 0 "" 2
 230              	.LVL23:
 231              		.thumb
 232              	.LBE21:
 233              		.loc 1 133 0
 234 0008 FFF7FEFF 		bl	chSchWakeupS
 235              	.LVL24:
 236              	.LBB22:
 237              		.loc 1 134 0
 238 000c 0023     		movs	r3, #0
 239              	.LVL25:
 240              	@ 134 "../../os/kernel/src/chmsg.c" 1
 241 000e 83F31188 		msr     BASEPRI, r3
 242              	@ 0 "" 2
 243              	.LVL26:
 244              		.thumb
 245 0012 08BD     		pop	{r3, pc}
 246              	.LBE22:
 247              		.cfi_endproc
 248              	.LFE9:
 249              		.size	chMsgRelease, .-chMsgRelease
 250 0014 AFF30080 		.text
 250      AFF30080 
 250      AFF30080 
 251              	.Letext0:
 252              		.file 3 "c:\\fbin\\yagarto\\bin\\../lib/gcc/arm-none-eabi/4.7.4/../../../../arm-none-eabi/include/
 253              		.file 4 "../../os/ports/GCC/ARMCMx/chtypes.h"
 254              		.file 5 "../../os/kernel/include/chlists.h"
 255              		.file 6 "../../os/kernel/include/chthreads.h"
 256              		.file 7 "../../os/ports/GCC/ARMCMx/chcore_v7m.h"
 257              		.file 8 "../../os/kernel/include/chschd.h"
 258              		.file 9 "../../os/kernel/include/chmtx.h"
 259              		.section	.debug_info,"",%progbits
 260              	.Ldebug_info0:
 261 0000 B2070000 		.4byte	0x7b2
 262 0004 0200     		.2byte	0x2
 263 0006 00000000 		.4byte	.Ldebug_abbrev0
 264 000a 04       		.byte	0x4
 265 000b 01       		.uleb128 0x1
 266 000c 6C000000 		.4byte	.LASF65
 267 0010 01       		.byte	0x1
 268 0011 2C030000 		.4byte	.LASF66
 269 0015 CB020000 		.4byte	.LASF67
 270 0019 30000000 		.4byte	.Ldebug_ranges0+0x30
 271 001d 00000000 		.4byte	0
 272 0021 00000000 		.4byte	0
 273 0025 00000000 		.4byte	.Ldebug_line0
 274 0029 02       		.uleb128 0x2
 275 002a 04       		.byte	0x4
 276 002b 05       		.byte	0x5
 277 002c 696E7400 		.ascii	"int\000"
 278 0030 03       		.uleb128 0x3
 279 0031 04       		.byte	0x4
 280 0032 07       		.byte	0x7
 281 0033 F3000000 		.4byte	.LASF0
 282 0037 03       		.uleb128 0x3
 283 0038 01       		.byte	0x1
ARM GAS  C:\Users\jenny\AppData\Local\Temp\ccPd3qIN.s 			page 6


 284 0039 06       		.byte	0x6
 285 003a 46000000 		.4byte	.LASF1
 286 003e 04       		.uleb128 0x4
 287 003f C3020000 		.4byte	.LASF5
 288 0043 03       		.byte	0x3
 289 0044 2A       		.byte	0x2a
 290 0045 49000000 		.4byte	0x49
 291 0049 03       		.uleb128 0x3
 292 004a 01       		.byte	0x1
 293 004b 08       		.byte	0x8
 294 004c B4010000 		.4byte	.LASF2
 295 0050 03       		.uleb128 0x3
 296 0051 02       		.byte	0x2
 297 0052 05       		.byte	0x5
 298 0053 CC010000 		.4byte	.LASF3
 299 0057 03       		.uleb128 0x3
 300 0058 02       		.byte	0x2
 301 0059 07       		.byte	0x7
 302 005a 1A010000 		.4byte	.LASF4
 303 005e 04       		.uleb128 0x4
 304 005f AC010000 		.4byte	.LASF6
 305 0063 03       		.byte	0x3
 306 0064 4F       		.byte	0x4f
 307 0065 69000000 		.4byte	0x69
 308 0069 03       		.uleb128 0x3
 309 006a 04       		.byte	0x4
 310 006b 05       		.byte	0x5
 311 006c B5000000 		.4byte	.LASF7
 312 0070 04       		.uleb128 0x4
 313 0071 32020000 		.4byte	.LASF8
 314 0075 03       		.byte	0x3
 315 0076 50       		.byte	0x50
 316 0077 7B000000 		.4byte	0x7b
 317 007b 03       		.uleb128 0x3
 318 007c 04       		.byte	0x4
 319 007d 07       		.byte	0x7
 320 007e 00010000 		.4byte	.LASF9
 321 0082 03       		.uleb128 0x3
 322 0083 08       		.byte	0x8
 323 0084 05       		.byte	0x5
 324 0085 38000000 		.4byte	.LASF10
 325 0089 03       		.uleb128 0x3
 326 008a 08       		.byte	0x8
 327 008b 07       		.byte	0x7
 328 008c 1A000000 		.4byte	.LASF11
 329 0090 03       		.uleb128 0x3
 330 0091 01       		.byte	0x1
 331 0092 02       		.byte	0x2
 332 0093 A6010000 		.4byte	.LASF12
 333 0097 04       		.uleb128 0x4
 334 0098 33010000 		.4byte	.LASF13
 335 009c 04       		.byte	0x4
 336 009d 2C       		.byte	0x2c
 337 009e 3E000000 		.4byte	0x3e
 338 00a2 04       		.uleb128 0x4
 339 00a3 C8000000 		.4byte	.LASF14
 340 00a7 04       		.byte	0x4
ARM GAS  C:\Users\jenny\AppData\Local\Temp\ccPd3qIN.s 			page 7


 341 00a8 2D       		.byte	0x2d
 342 00a9 3E000000 		.4byte	0x3e
 343 00ad 04       		.uleb128 0x4
 344 00ae 8F010000 		.4byte	.LASF15
 345 00b2 04       		.byte	0x4
 346 00b3 2E       		.byte	0x2e
 347 00b4 3E000000 		.4byte	0x3e
 348 00b8 04       		.uleb128 0x4
 349 00b9 62000000 		.4byte	.LASF16
 350 00bd 04       		.byte	0x4
 351 00be 2F       		.byte	0x2f
 352 00bf 3E000000 		.4byte	0x3e
 353 00c3 04       		.uleb128 0x4
 354 00c4 9E010000 		.4byte	.LASF17
 355 00c8 04       		.byte	0x4
 356 00c9 30       		.byte	0x30
 357 00ca 70000000 		.4byte	0x70
 358 00ce 04       		.uleb128 0x4
 359 00cf 2D010000 		.4byte	.LASF18
 360 00d3 04       		.byte	0x4
 361 00d4 31       		.byte	0x31
 362 00d5 5E000000 		.4byte	0x5e
 363 00d9 04       		.uleb128 0x4
 364 00da 47010000 		.4byte	.LASF19
 365 00de 04       		.byte	0x4
 366 00df 33       		.byte	0x33
 367 00e0 70000000 		.4byte	0x70
 368 00e4 04       		.uleb128 0x4
 369 00e5 67020000 		.4byte	.LASF20
 370 00e9 04       		.byte	0x4
 371 00ea 35       		.byte	0x35
 372 00eb 70000000 		.4byte	0x70
 373 00ef 04       		.uleb128 0x4
 374 00f0 05020000 		.4byte	.LASF21
 375 00f4 05       		.byte	0x5
 376 00f5 2A       		.byte	0x2a
 377 00f6 FA000000 		.4byte	0xfa
 378 00fa 05       		.uleb128 0x5
 379 00fb 05020000 		.4byte	.LASF21
 380 00ff 48       		.byte	0x48
 381 0100 06       		.byte	0x6
 382 0101 5E       		.byte	0x5e
 383 0102 1F020000 		.4byte	0x21f
 384 0106 06       		.uleb128 0x6
 385 0107 F6010000 		.4byte	.LASF22
 386 010b 06       		.byte	0x6
 387 010c 5F       		.byte	0x5f
 388 010d 44020000 		.4byte	0x244
 389 0111 02       		.byte	0x2
 390 0112 23       		.byte	0x23
 391 0113 00       		.uleb128 0
 392 0114 06       		.uleb128 0x6
 393 0115 97010000 		.4byte	.LASF23
 394 0119 06       		.byte	0x6
 395 011a 61       		.byte	0x61
 396 011b 44020000 		.4byte	0x244
 397 011f 02       		.byte	0x2
ARM GAS  C:\Users\jenny\AppData\Local\Temp\ccPd3qIN.s 			page 8


 398 0120 23       		.byte	0x23
 399 0121 04       		.uleb128 0x4
 400 0122 06       		.uleb128 0x6
 401 0123 31000000 		.4byte	.LASF24
 402 0127 06       		.byte	0x6
 403 0128 63       		.byte	0x63
 404 0129 C3000000 		.4byte	0xc3
 405 012d 02       		.byte	0x2
 406 012e 23       		.byte	0x23
 407 012f 08       		.uleb128 0x8
 408 0130 06       		.uleb128 0x6
 409 0131 50030000 		.4byte	.LASF25
 410 0135 06       		.byte	0x6
 411 0136 64       		.byte	0x64
 412 0137 02040000 		.4byte	0x402
 413 013b 02       		.byte	0x2
 414 013c 23       		.byte	0x23
 415 013d 0C       		.uleb128 0xc
 416 013e 06       		.uleb128 0x6
 417 013f D1000000 		.4byte	.LASF26
 418 0143 06       		.byte	0x6
 419 0144 66       		.byte	0x66
 420 0145 44020000 		.4byte	0x244
 421 0149 02       		.byte	0x2
 422 014a 23       		.byte	0x23
 423 014b 10       		.uleb128 0x10
 424 014c 06       		.uleb128 0x6
 425 014d 62010000 		.4byte	.LASF27
 426 0151 06       		.byte	0x6
 427 0152 67       		.byte	0x67
 428 0153 44020000 		.4byte	0x244
 429 0157 02       		.byte	0x2
 430 0158 23       		.byte	0x23
 431 0159 14       		.uleb128 0x14
 432 015a 06       		.uleb128 0x6
 433 015b 25030000 		.4byte	.LASF28
 434 015f 06       		.byte	0x6
 435 0160 6E       		.byte	0x6e
 436 0161 16050000 		.4byte	0x516
 437 0165 02       		.byte	0x2
 438 0166 23       		.byte	0x23
 439 0167 18       		.uleb128 0x18
 440 0168 06       		.uleb128 0x6
 441 0169 D6010000 		.4byte	.LASF29
 442 016d 06       		.byte	0x6
 443 016e 79       		.byte	0x79
 444 016f A2000000 		.4byte	0xa2
 445 0173 02       		.byte	0x2
 446 0174 23       		.byte	0x23
 447 0175 1C       		.uleb128 0x1c
 448 0176 06       		.uleb128 0x6
 449 0177 FD010000 		.4byte	.LASF30
 450 017b 06       		.byte	0x6
 451 017c 7D       		.byte	0x7d
 452 017d 97000000 		.4byte	0x97
 453 0181 02       		.byte	0x2
 454 0182 23       		.byte	0x23
ARM GAS  C:\Users\jenny\AppData\Local\Temp\ccPd3qIN.s 			page 9


 455 0183 1D       		.uleb128 0x1d
 456 0184 06       		.uleb128 0x6
 457 0185 AC020000 		.4byte	.LASF31
 458 0189 06       		.byte	0x6
 459 018a 82       		.byte	0x82
 460 018b AD000000 		.4byte	0xad
 461 018f 02       		.byte	0x2
 462 0190 23       		.byte	0x23
 463 0191 1E       		.uleb128 0x1e
 464 0192 06       		.uleb128 0x6
 465 0193 DE010000 		.4byte	.LASF32
 466 0197 06       		.byte	0x6
 467 0198 88       		.byte	0x88
 468 0199 B8000000 		.4byte	0xb8
 469 019d 02       		.byte	0x2
 470 019e 23       		.byte	0x23
 471 019f 1F       		.uleb128 0x1f
 472 01a0 06       		.uleb128 0x6
 473 01a1 7C020000 		.4byte	.LASF33
 474 01a5 06       		.byte	0x6
 475 01a6 8F       		.byte	0x8f
 476 01a7 2C040000 		.4byte	0x42c
 477 01ab 02       		.byte	0x2
 478 01ac 23       		.byte	0x23
 479 01ad 20       		.uleb128 0x20
 480 01ae 07       		.uleb128 0x7
 481 01af 705F7500 		.ascii	"p_u\000"
 482 01b3 06       		.byte	0x6
 483 01b4 B4       		.byte	0xb4
 484 01b5 E1040000 		.4byte	0x4e1
 485 01b9 02       		.byte	0x2
 486 01ba 23       		.byte	0x23
 487 01bb 24       		.uleb128 0x24
 488 01bc 06       		.uleb128 0x6
 489 01bd 56030000 		.4byte	.LASF34
 490 01c1 06       		.byte	0x6
 491 01c2 B9       		.byte	0xb9
 492 01c3 6C020000 		.4byte	0x26c
 493 01c7 02       		.byte	0x2
 494 01c8 23       		.byte	0x23
 495 01c9 28       		.uleb128 0x28
 496 01ca 06       		.uleb128 0x6
 497 01cb 8A020000 		.4byte	.LASF35
 498 01cf 06       		.byte	0x6
 499 01d0 BF       		.byte	0xbf
 500 01d1 4A020000 		.4byte	0x24a
 501 01d5 02       		.byte	0x2
 502 01d6 23       		.byte	0x23
 503 01d7 2C       		.uleb128 0x2c
 504 01d8 06       		.uleb128 0x6
 505 01d9 00000000 		.4byte	.LASF36
 506 01dd 06       		.byte	0x6
 507 01de C3       		.byte	0xc3
 508 01df CE000000 		.4byte	0xce
 509 01e3 02       		.byte	0x2
 510 01e4 23       		.byte	0x23
 511 01e5 34       		.uleb128 0x34
ARM GAS  C:\Users\jenny\AppData\Local\Temp\ccPd3qIN.s 			page 10


 512 01e6 06       		.uleb128 0x6
 513 01e7 27020000 		.4byte	.LASF37
 514 01eb 06       		.byte	0x6
 515 01ec C9       		.byte	0xc9
 516 01ed D9000000 		.4byte	0xd9
 517 01f1 02       		.byte	0x2
 518 01f2 23       		.byte	0x23
 519 01f3 38       		.uleb128 0x38
 520 01f4 06       		.uleb128 0x6
 521 01f5 C2010000 		.4byte	.LASF38
 522 01f9 06       		.byte	0x6
 523 01fa D0       		.byte	0xd0
 524 01fb 28050000 		.4byte	0x528
 525 01ff 02       		.byte	0x2
 526 0200 23       		.byte	0x23
 527 0201 3C       		.uleb128 0x3c
 528 0202 06       		.uleb128 0x6
 529 0203 71020000 		.4byte	.LASF39
 530 0207 06       		.byte	0x6
 531 0208 D4       		.byte	0xd4
 532 0209 C3000000 		.4byte	0xc3
 533 020d 02       		.byte	0x2
 534 020e 23       		.byte	0x23
 535 020f 40       		.uleb128 0x40
 536 0210 06       		.uleb128 0x6
 537 0211 52000000 		.4byte	.LASF40
 538 0215 06       		.byte	0x6
 539 0216 DA       		.byte	0xda
 540 0217 82020000 		.4byte	0x282
 541 021b 02       		.byte	0x2
 542 021c 23       		.byte	0x23
 543 021d 44       		.uleb128 0x44
 544 021e 00       		.byte	0
 545 021f 08       		.uleb128 0x8
 546 0220 08       		.byte	0x8
 547 0221 05       		.byte	0x5
 548 0222 61       		.byte	0x61
 549 0223 44020000 		.4byte	0x244
 550 0227 06       		.uleb128 0x6
 551 0228 F6010000 		.4byte	.LASF22
 552 022c 05       		.byte	0x5
 553 022d 62       		.byte	0x62
 554 022e 44020000 		.4byte	0x244
 555 0232 02       		.byte	0x2
 556 0233 23       		.byte	0x23
 557 0234 00       		.uleb128 0
 558 0235 06       		.uleb128 0x6
 559 0236 97010000 		.4byte	.LASF23
 560 023a 05       		.byte	0x5
 561 023b 64       		.byte	0x64
 562 023c 44020000 		.4byte	0x244
 563 0240 02       		.byte	0x2
 564 0241 23       		.byte	0x23
 565 0242 04       		.uleb128 0x4
 566 0243 00       		.byte	0
 567 0244 09       		.uleb128 0x9
 568 0245 04       		.byte	0x4
ARM GAS  C:\Users\jenny\AppData\Local\Temp\ccPd3qIN.s 			page 11


 569 0246 EF000000 		.4byte	0xef
 570 024a 04       		.uleb128 0x4
 571 024b 70010000 		.4byte	.LASF41
 572 024f 05       		.byte	0x5
 573 0250 66       		.byte	0x66
 574 0251 1F020000 		.4byte	0x21f
 575 0255 08       		.uleb128 0x8
 576 0256 04       		.byte	0x4
 577 0257 05       		.byte	0x5
 578 0258 6B       		.byte	0x6b
 579 0259 6C020000 		.4byte	0x26c
 580 025d 06       		.uleb128 0x6
 581 025e F6010000 		.4byte	.LASF22
 582 0262 05       		.byte	0x5
 583 0263 6D       		.byte	0x6d
 584 0264 44020000 		.4byte	0x244
 585 0268 02       		.byte	0x2
 586 0269 23       		.byte	0x23
 587 026a 00       		.uleb128 0
 588 026b 00       		.byte	0
 589 026c 04       		.uleb128 0x4
 590 026d 3B010000 		.4byte	.LASF42
 591 0271 05       		.byte	0x5
 592 0272 70       		.byte	0x70
 593 0273 55020000 		.4byte	0x255
 594 0277 04       		.uleb128 0x4
 595 0278 EA000000 		.4byte	.LASF43
 596 027c 07       		.byte	0x7
 597 027d E5       		.byte	0xe5
 598 027e 82020000 		.4byte	0x282
 599 0282 0A       		.uleb128 0xa
 600 0283 04       		.byte	0x4
 601 0284 0B       		.uleb128 0xb
 602 0285 83020000 		.4byte	.LASF44
 603 0289 64       		.byte	0x64
 604 028a 07       		.byte	0x7
 605 028b 0C01     		.2byte	0x10c
 606 028d 02040000 		.4byte	0x402
 607 0291 0C       		.uleb128 0xc
 608 0292 73313600 		.ascii	"s16\000"
 609 0296 07       		.byte	0x7
 610 0297 0E01     		.2byte	0x10e
 611 0299 77020000 		.4byte	0x277
 612 029d 02       		.byte	0x2
 613 029e 23       		.byte	0x23
 614 029f 00       		.uleb128 0
 615 02a0 0C       		.uleb128 0xc
 616 02a1 73313700 		.ascii	"s17\000"
 617 02a5 07       		.byte	0x7
 618 02a6 0F01     		.2byte	0x10f
 619 02a8 77020000 		.4byte	0x277
 620 02ac 02       		.byte	0x2
 621 02ad 23       		.byte	0x23
 622 02ae 04       		.uleb128 0x4
 623 02af 0C       		.uleb128 0xc
 624 02b0 73313800 		.ascii	"s18\000"
 625 02b4 07       		.byte	0x7
ARM GAS  C:\Users\jenny\AppData\Local\Temp\ccPd3qIN.s 			page 12


 626 02b5 1001     		.2byte	0x110
 627 02b7 77020000 		.4byte	0x277
 628 02bb 02       		.byte	0x2
 629 02bc 23       		.byte	0x23
 630 02bd 08       		.uleb128 0x8
 631 02be 0C       		.uleb128 0xc
 632 02bf 73313900 		.ascii	"s19\000"
 633 02c3 07       		.byte	0x7
 634 02c4 1101     		.2byte	0x111
 635 02c6 77020000 		.4byte	0x277
 636 02ca 02       		.byte	0x2
 637 02cb 23       		.byte	0x23
 638 02cc 0C       		.uleb128 0xc
 639 02cd 0C       		.uleb128 0xc
 640 02ce 73323000 		.ascii	"s20\000"
 641 02d2 07       		.byte	0x7
 642 02d3 1201     		.2byte	0x112
 643 02d5 77020000 		.4byte	0x277
 644 02d9 02       		.byte	0x2
 645 02da 23       		.byte	0x23
 646 02db 10       		.uleb128 0x10
 647 02dc 0C       		.uleb128 0xc
 648 02dd 73323100 		.ascii	"s21\000"
 649 02e1 07       		.byte	0x7
 650 02e2 1301     		.2byte	0x113
 651 02e4 77020000 		.4byte	0x277
 652 02e8 02       		.byte	0x2
 653 02e9 23       		.byte	0x23
 654 02ea 14       		.uleb128 0x14
 655 02eb 0C       		.uleb128 0xc
 656 02ec 73323200 		.ascii	"s22\000"
 657 02f0 07       		.byte	0x7
 658 02f1 1401     		.2byte	0x114
 659 02f3 77020000 		.4byte	0x277
 660 02f7 02       		.byte	0x2
 661 02f8 23       		.byte	0x23
 662 02f9 18       		.uleb128 0x18
 663 02fa 0C       		.uleb128 0xc
 664 02fb 73323300 		.ascii	"s23\000"
 665 02ff 07       		.byte	0x7
 666 0300 1501     		.2byte	0x115
 667 0302 77020000 		.4byte	0x277
 668 0306 02       		.byte	0x2
 669 0307 23       		.byte	0x23
 670 0308 1C       		.uleb128 0x1c
 671 0309 0C       		.uleb128 0xc
 672 030a 73323400 		.ascii	"s24\000"
 673 030e 07       		.byte	0x7
 674 030f 1601     		.2byte	0x116
 675 0311 77020000 		.4byte	0x277
 676 0315 02       		.byte	0x2
 677 0316 23       		.byte	0x23
 678 0317 20       		.uleb128 0x20
 679 0318 0C       		.uleb128 0xc
 680 0319 73323500 		.ascii	"s25\000"
 681 031d 07       		.byte	0x7
 682 031e 1701     		.2byte	0x117
ARM GAS  C:\Users\jenny\AppData\Local\Temp\ccPd3qIN.s 			page 13


 683 0320 77020000 		.4byte	0x277
 684 0324 02       		.byte	0x2
 685 0325 23       		.byte	0x23
 686 0326 24       		.uleb128 0x24
 687 0327 0C       		.uleb128 0xc
 688 0328 73323600 		.ascii	"s26\000"
 689 032c 07       		.byte	0x7
 690 032d 1801     		.2byte	0x118
 691 032f 77020000 		.4byte	0x277
 692 0333 02       		.byte	0x2
 693 0334 23       		.byte	0x23
 694 0335 28       		.uleb128 0x28
 695 0336 0C       		.uleb128 0xc
 696 0337 73323700 		.ascii	"s27\000"
 697 033b 07       		.byte	0x7
 698 033c 1901     		.2byte	0x119
 699 033e 77020000 		.4byte	0x277
 700 0342 02       		.byte	0x2
 701 0343 23       		.byte	0x23
 702 0344 2C       		.uleb128 0x2c
 703 0345 0C       		.uleb128 0xc
 704 0346 73323800 		.ascii	"s28\000"
 705 034a 07       		.byte	0x7
 706 034b 1A01     		.2byte	0x11a
 707 034d 77020000 		.4byte	0x277
 708 0351 02       		.byte	0x2
 709 0352 23       		.byte	0x23
 710 0353 30       		.uleb128 0x30
 711 0354 0C       		.uleb128 0xc
 712 0355 73323900 		.ascii	"s29\000"
 713 0359 07       		.byte	0x7
 714 035a 1B01     		.2byte	0x11b
 715 035c 77020000 		.4byte	0x277
 716 0360 02       		.byte	0x2
 717 0361 23       		.byte	0x23
 718 0362 34       		.uleb128 0x34
 719 0363 0C       		.uleb128 0xc
 720 0364 73333000 		.ascii	"s30\000"
 721 0368 07       		.byte	0x7
 722 0369 1C01     		.2byte	0x11c
 723 036b 77020000 		.4byte	0x277
 724 036f 02       		.byte	0x2
 725 0370 23       		.byte	0x23
 726 0371 38       		.uleb128 0x38
 727 0372 0C       		.uleb128 0xc
 728 0373 73333100 		.ascii	"s31\000"
 729 0377 07       		.byte	0x7
 730 0378 1D01     		.2byte	0x11d
 731 037a 77020000 		.4byte	0x277
 732 037e 02       		.byte	0x2
 733 037f 23       		.byte	0x23
 734 0380 3C       		.uleb128 0x3c
 735 0381 0C       		.uleb128 0xc
 736 0382 723400   		.ascii	"r4\000"
 737 0385 07       		.byte	0x7
 738 0386 1F01     		.2byte	0x11f
 739 0388 77020000 		.4byte	0x277
ARM GAS  C:\Users\jenny\AppData\Local\Temp\ccPd3qIN.s 			page 14


 740 038c 02       		.byte	0x2
 741 038d 23       		.byte	0x23
 742 038e 40       		.uleb128 0x40
 743 038f 0C       		.uleb128 0xc
 744 0390 723500   		.ascii	"r5\000"
 745 0393 07       		.byte	0x7
 746 0394 2001     		.2byte	0x120
 747 0396 77020000 		.4byte	0x277
 748 039a 02       		.byte	0x2
 749 039b 23       		.byte	0x23
 750 039c 44       		.uleb128 0x44
 751 039d 0C       		.uleb128 0xc
 752 039e 723600   		.ascii	"r6\000"
 753 03a1 07       		.byte	0x7
 754 03a2 2101     		.2byte	0x121
 755 03a4 77020000 		.4byte	0x277
 756 03a8 02       		.byte	0x2
 757 03a9 23       		.byte	0x23
 758 03aa 48       		.uleb128 0x48
 759 03ab 0C       		.uleb128 0xc
 760 03ac 723700   		.ascii	"r7\000"
 761 03af 07       		.byte	0x7
 762 03b0 2201     		.2byte	0x122
 763 03b2 77020000 		.4byte	0x277
 764 03b6 02       		.byte	0x2
 765 03b7 23       		.byte	0x23
 766 03b8 4C       		.uleb128 0x4c
 767 03b9 0C       		.uleb128 0xc
 768 03ba 723800   		.ascii	"r8\000"
 769 03bd 07       		.byte	0x7
 770 03be 2301     		.2byte	0x123
 771 03c0 77020000 		.4byte	0x277
 772 03c4 02       		.byte	0x2
 773 03c5 23       		.byte	0x23
 774 03c6 50       		.uleb128 0x50
 775 03c7 0C       		.uleb128 0xc
 776 03c8 723900   		.ascii	"r9\000"
 777 03cb 07       		.byte	0x7
 778 03cc 2401     		.2byte	0x124
 779 03ce 77020000 		.4byte	0x277
 780 03d2 02       		.byte	0x2
 781 03d3 23       		.byte	0x23
 782 03d4 54       		.uleb128 0x54
 783 03d5 0C       		.uleb128 0xc
 784 03d6 72313000 		.ascii	"r10\000"
 785 03da 07       		.byte	0x7
 786 03db 2501     		.2byte	0x125
 787 03dd 77020000 		.4byte	0x277
 788 03e1 02       		.byte	0x2
 789 03e2 23       		.byte	0x23
 790 03e3 58       		.uleb128 0x58
 791 03e4 0C       		.uleb128 0xc
 792 03e5 72313100 		.ascii	"r11\000"
 793 03e9 07       		.byte	0x7
 794 03ea 2601     		.2byte	0x126
 795 03ec 77020000 		.4byte	0x277
 796 03f0 02       		.byte	0x2
ARM GAS  C:\Users\jenny\AppData\Local\Temp\ccPd3qIN.s 			page 15


 797 03f1 23       		.byte	0x23
 798 03f2 5C       		.uleb128 0x5c
 799 03f3 0C       		.uleb128 0xc
 800 03f4 6C7200   		.ascii	"lr\000"
 801 03f7 07       		.byte	0x7
 802 03f8 2701     		.2byte	0x127
 803 03fa 77020000 		.4byte	0x277
 804 03fe 02       		.byte	0x2
 805 03ff 23       		.byte	0x23
 806 0400 60       		.uleb128 0x60
 807 0401 00       		.byte	0
 808 0402 0B       		.uleb128 0xb
 809 0403 12010000 		.4byte	.LASF45
 810 0407 04       		.byte	0x4
 811 0408 07       		.byte	0x7
 812 0409 3101     		.2byte	0x131
 813 040b 1F040000 		.4byte	0x41f
 814 040f 0C       		.uleb128 0xc
 815 0410 72313300 		.ascii	"r13\000"
 816 0414 07       		.byte	0x7
 817 0415 3201     		.2byte	0x132
 818 0417 1F040000 		.4byte	0x41f
 819 041b 02       		.byte	0x2
 820 041c 23       		.byte	0x23
 821 041d 00       		.uleb128 0
 822 041e 00       		.byte	0
 823 041f 09       		.uleb128 0x9
 824 0420 04       		.byte	0x4
 825 0421 84020000 		.4byte	0x284
 826 0425 03       		.uleb128 0x3
 827 0426 04       		.byte	0x4
 828 0427 07       		.byte	0x7
 829 0428 59010000 		.4byte	.LASF46
 830 042c 0D       		.uleb128 0xd
 831 042d E4000000 		.4byte	0xe4
 832 0431 08       		.uleb128 0x8
 833 0432 1C       		.byte	0x1c
 834 0433 08       		.byte	0x8
 835 0434 5E       		.byte	0x5e
 836 0435 8E040000 		.4byte	0x48e
 837 0439 06       		.uleb128 0x6
 838 043a 3B020000 		.4byte	.LASF47
 839 043e 08       		.byte	0x8
 840 043f 5F       		.byte	0x5f
 841 0440 4A020000 		.4byte	0x24a
 842 0444 02       		.byte	0x2
 843 0445 23       		.byte	0x23
 844 0446 00       		.uleb128 0
 845 0447 06       		.uleb128 0x6
 846 0448 E8010000 		.4byte	.LASF48
 847 044c 08       		.byte	0x8
 848 044d 60       		.byte	0x60
 849 044e C3000000 		.4byte	0xc3
 850 0452 02       		.byte	0x2
 851 0453 23       		.byte	0x23
 852 0454 08       		.uleb128 0x8
 853 0455 06       		.uleb128 0x6
ARM GAS  C:\Users\jenny\AppData\Local\Temp\ccPd3qIN.s 			page 16


 854 0456 6A010000 		.4byte	.LASF49
 855 045a 08       		.byte	0x8
 856 045b 62       		.byte	0x62
 857 045c 02040000 		.4byte	0x402
 858 0460 02       		.byte	0x2
 859 0461 23       		.byte	0x23
 860 0462 0C       		.uleb128 0xc
 861 0463 06       		.uleb128 0x6
 862 0464 E2000000 		.4byte	.LASF50
 863 0468 08       		.byte	0x8
 864 0469 65       		.byte	0x65
 865 046a 44020000 		.4byte	0x244
 866 046e 02       		.byte	0x2
 867 046f 23       		.byte	0x23
 868 0470 10       		.uleb128 0x10
 869 0471 06       		.uleb128 0x6
 870 0472 87010000 		.4byte	.LASF51
 871 0476 08       		.byte	0x8
 872 0477 66       		.byte	0x66
 873 0478 44020000 		.4byte	0x244
 874 047c 02       		.byte	0x2
 875 047d 23       		.byte	0x23
 876 047e 14       		.uleb128 0x14
 877 047f 06       		.uleb128 0x6
 878 0480 7D010000 		.4byte	.LASF52
 879 0484 08       		.byte	0x8
 880 0485 69       		.byte	0x69
 881 0486 44020000 		.4byte	0x244
 882 048a 02       		.byte	0x2
 883 048b 23       		.byte	0x23
 884 048c 18       		.uleb128 0x18
 885 048d 00       		.byte	0
 886 048e 04       		.uleb128 0x4
 887 048f B3020000 		.4byte	.LASF53
 888 0493 08       		.byte	0x8
 889 0494 6B       		.byte	0x6b
 890 0495 31040000 		.4byte	0x431
 891 0499 05       		.uleb128 0x5
 892 049a 53010000 		.4byte	.LASF54
 893 049e 10       		.byte	0x10
 894 049f 09       		.byte	0x9
 895 04a0 2C       		.byte	0x2c
 896 04a1 D0040000 		.4byte	0x4d0
 897 04a5 06       		.uleb128 0x6
 898 04a6 5A000000 		.4byte	.LASF55
 899 04aa 09       		.byte	0x9
 900 04ab 2D       		.byte	0x2d
 901 04ac 4A020000 		.4byte	0x24a
 902 04b0 02       		.byte	0x2
 903 04b1 23       		.byte	0x23
 904 04b2 00       		.uleb128 0
 905 04b3 06       		.uleb128 0x6
 906 04b4 48030000 		.4byte	.LASF56
 907 04b8 09       		.byte	0x9
 908 04b9 2F       		.byte	0x2f
 909 04ba 44020000 		.4byte	0x244
 910 04be 02       		.byte	0x2
ARM GAS  C:\Users\jenny\AppData\Local\Temp\ccPd3qIN.s 			page 17


 911 04bf 23       		.byte	0x23
 912 04c0 08       		.uleb128 0x8
 913 04c1 06       		.uleb128 0x6
 914 04c2 60020000 		.4byte	.LASF57
 915 04c6 09       		.byte	0x9
 916 04c7 31       		.byte	0x31
 917 04c8 D0040000 		.4byte	0x4d0
 918 04cc 02       		.byte	0x2
 919 04cd 23       		.byte	0x23
 920 04ce 0C       		.uleb128 0xc
 921 04cf 00       		.byte	0
 922 04d0 09       		.uleb128 0x9
 923 04d1 04       		.byte	0x4
 924 04d2 99040000 		.4byte	0x499
 925 04d6 04       		.uleb128 0x4
 926 04d7 53010000 		.4byte	.LASF54
 927 04db 09       		.byte	0x9
 928 04dc 33       		.byte	0x33
 929 04dd 99040000 		.4byte	0x499
 930 04e1 0E       		.uleb128 0xe
 931 04e2 04       		.byte	0x4
 932 04e3 06       		.byte	0x6
 933 04e4 96       		.byte	0x96
 934 04e5 16050000 		.4byte	0x516
 935 04e9 0F       		.uleb128 0xf
 936 04ea 13000000 		.4byte	.LASF58
 937 04ee 06       		.byte	0x6
 938 04ef 9D       		.byte	0x9d
 939 04f0 CE000000 		.4byte	0xce
 940 04f4 0F       		.uleb128 0xf
 941 04f5 D9000000 		.4byte	.LASF59
 942 04f9 06       		.byte	0x6
 943 04fa A4       		.byte	0xa4
 944 04fb CE000000 		.4byte	0xce
 945 04ff 0F       		.uleb128 0xf
 946 0500 1E030000 		.4byte	.LASF60
 947 0504 06       		.byte	0x6
 948 0505 AB       		.byte	0xab
 949 0506 82020000 		.4byte	0x282
 950 050a 0F       		.uleb128 0xf
 951 050b EF010000 		.4byte	.LASF61
 952 050f 06       		.byte	0x6
 953 0510 B2       		.byte	0xb2
 954 0511 D9000000 		.4byte	0xd9
 955 0515 00       		.byte	0
 956 0516 09       		.uleb128 0x9
 957 0517 04       		.byte	0x4
 958 0518 1C050000 		.4byte	0x51c
 959 051c 10       		.uleb128 0x10
 960 051d 21050000 		.4byte	0x521
 961 0521 03       		.uleb128 0x3
 962 0522 01       		.byte	0x1
 963 0523 08       		.byte	0x8
 964 0524 43020000 		.4byte	.LASF62
 965 0528 09       		.uleb128 0x9
 966 0529 04       		.byte	0x4
 967 052a D6040000 		.4byte	0x4d6
ARM GAS  C:\Users\jenny\AppData\Local\Temp\ccPd3qIN.s 			page 18


 968 052e 11       		.uleb128 0x11
 969 052f 06000000 		.4byte	.LASF68
 970 0533 02       		.byte	0x2
 971 0534 34       		.byte	0x34
 972 0535 01       		.byte	0x1
 973 0536 03       		.byte	0x3
 974 0537 51050000 		.4byte	0x551
 975 053b 12       		.uleb128 0x12
 976 053c 747000   		.ascii	"tp\000"
 977 053f 02       		.byte	0x2
 978 0540 34       		.byte	0x34
 979 0541 44020000 		.4byte	0x244
 980 0545 12       		.uleb128 0x12
 981 0546 74717000 		.ascii	"tqp\000"
 982 054a 02       		.byte	0x2
 983 054b 34       		.byte	0x34
 984 054c 51050000 		.4byte	0x551
 985 0550 00       		.byte	0
 986 0551 09       		.uleb128 0x9
 987 0552 04       		.byte	0x4
 988 0553 4A020000 		.4byte	0x24a
 989 0557 13       		.uleb128 0x13
 990 0558 48020000 		.4byte	.LASF69
 991 055c 02       		.byte	0x2
 992 055d 3B       		.byte	0x3b
 993 055e 01       		.byte	0x1
 994 055f 44020000 		.4byte	0x244
 995 0563 03       		.byte	0x3
 996 0564 7E050000 		.4byte	0x57e
 997 0568 12       		.uleb128 0x12
 998 0569 74717000 		.ascii	"tqp\000"
 999 056d 02       		.byte	0x2
 1000 056e 3B       		.byte	0x3b
 1001 056f 51050000 		.4byte	0x551
 1002 0573 14       		.uleb128 0x14
 1003 0574 747000   		.ascii	"tp\000"
 1004 0577 02       		.byte	0x2
 1005 0578 3C       		.byte	0x3c
 1006 0579 44020000 		.4byte	0x244
 1007 057d 00       		.byte	0
 1008 057e 15       		.uleb128 0x15
 1009 057f 01       		.byte	0x1
 1010 0580 BE000000 		.4byte	.LASF63
 1011 0584 01       		.byte	0x1
 1012 0585 4B       		.byte	0x4b
 1013 0586 01       		.byte	0x1
 1014 0587 CE000000 		.4byte	0xce
 1015 058b 00000000 		.4byte	.LFB7
 1016 058f 40000000 		.4byte	.LFE7
 1017 0593 00000000 		.4byte	.LLST0
 1018 0597 01       		.byte	0x1
 1019 0598 3F060000 		.4byte	0x63f
 1020 059c 16       		.uleb128 0x16
 1021 059d 747000   		.ascii	"tp\000"
 1022 05a0 01       		.byte	0x1
 1023 05a1 4B       		.byte	0x4b
 1024 05a2 44020000 		.4byte	0x244
ARM GAS  C:\Users\jenny\AppData\Local\Temp\ccPd3qIN.s 			page 19


 1025 05a6 20000000 		.4byte	.LLST1
 1026 05aa 16       		.uleb128 0x16
 1027 05ab 6D736700 		.ascii	"msg\000"
 1028 05af 01       		.byte	0x1
 1029 05b0 4B       		.byte	0x4b
 1030 05b1 CE000000 		.4byte	0xce
 1031 05b5 58000000 		.4byte	.LLST2
 1032 05b9 17       		.uleb128 0x17
 1033 05ba 63747000 		.ascii	"ctp\000"
 1034 05be 01       		.byte	0x1
 1035 05bf 4C       		.byte	0x4c
 1036 05c0 44020000 		.4byte	0x244
 1037 05c4 01       		.byte	0x1
 1038 05c5 54       		.byte	0x54
 1039 05c6 18       		.uleb128 0x18
 1040 05c7 06000000 		.4byte	.LBB10
 1041 05cb 0C000000 		.4byte	.LBE10
 1042 05cf E3050000 		.4byte	0x5e3
 1043 05d3 19       		.uleb128 0x19
 1044 05d4 746D7000 		.ascii	"tmp\000"
 1045 05d8 01       		.byte	0x1
 1046 05d9 50       		.byte	0x50
 1047 05da 70000000 		.4byte	0x70
 1048 05de 9D000000 		.4byte	.LLST3
 1049 05e2 00       		.byte	0
 1050 05e3 1A       		.uleb128 0x1a
 1051 05e4 2E050000 		.4byte	0x52e
 1052 05e8 14000000 		.4byte	.LBB11
 1053 05ec 00000000 		.4byte	.Ldebug_ranges0+0
 1054 05f0 01       		.byte	0x1
 1055 05f1 53       		.byte	0x53
 1056 05f2 05060000 		.4byte	0x605
 1057 05f6 1B       		.uleb128 0x1b
 1058 05f7 45050000 		.4byte	0x545
 1059 05fb 01       		.byte	0x1
 1060 05fc 55       		.byte	0x55
 1061 05fd 1B       		.uleb128 0x1b
 1062 05fe 3B050000 		.4byte	0x53b
 1063 0602 01       		.byte	0x1
 1064 0603 54       		.byte	0x54
 1065 0604 00       		.byte	0
 1066 0605 18       		.uleb128 0x18
 1067 0606 2C000000 		.4byte	.LBB15
 1068 060a 32000000 		.4byte	.LBE15
 1069 060e 22060000 		.4byte	0x622
 1070 0612 19       		.uleb128 0x19
 1071 0613 746D7000 		.ascii	"tmp\000"
 1072 0617 01       		.byte	0x1
 1073 0618 58       		.byte	0x58
 1074 0619 70000000 		.4byte	0x70
 1075 061d B0000000 		.4byte	.LLST4
 1076 0621 00       		.byte	0
 1077 0622 1C       		.uleb128 0x1c
 1078 0623 2A000000 		.4byte	.LVL7
 1079 0627 74070000 		.4byte	0x774
 1080 062b 35060000 		.4byte	0x635
 1081 062f 1D       		.uleb128 0x1d
ARM GAS  C:\Users\jenny\AppData\Local\Temp\ccPd3qIN.s 			page 20


 1082 0630 01       		.byte	0x1
 1083 0631 50       		.byte	0x50
 1084 0632 01       		.byte	0x1
 1085 0633 3A       		.byte	0x3a
 1086 0634 00       		.byte	0
 1087 0635 1E       		.uleb128 0x1e
 1088 0636 38000000 		.4byte	.LVL12
 1089 063a 88070000 		.4byte	0x788
 1090 063e 00       		.byte	0
 1091 063f 15       		.uleb128 0x15
 1092 0640 01       		.byte	0x1
 1093 0641 A2020000 		.4byte	.LASF64
 1094 0645 01       		.byte	0x1
 1095 0646 6A       		.byte	0x6a
 1096 0647 01       		.byte	0x1
 1097 0648 44020000 		.4byte	0x244
 1098 064c 00000000 		.4byte	.LFB8
 1099 0650 3C000000 		.4byte	.LFE8
 1100 0654 C3000000 		.4byte	.LLST5
 1101 0658 01       		.byte	0x1
 1102 0659 DD060000 		.4byte	0x6dd
 1103 065d 14       		.uleb128 0x14
 1104 065e 747000   		.ascii	"tp\000"
 1105 0661 01       		.byte	0x1
 1106 0662 6B       		.byte	0x6b
 1107 0663 44020000 		.4byte	0x244
 1108 0667 18       		.uleb128 0x18
 1109 0668 02000000 		.4byte	.LBB16
 1110 066c 08000000 		.4byte	.LBE16
 1111 0670 84060000 		.4byte	0x684
 1112 0674 19       		.uleb128 0x19
 1113 0675 746D7000 		.ascii	"tmp\000"
 1114 0679 01       		.byte	0x1
 1115 067a 6D       		.byte	0x6d
 1116 067b 70000000 		.4byte	0x70
 1117 067f E3000000 		.4byte	.LLST6
 1118 0683 00       		.byte	0
 1119 0684 1F       		.uleb128 0x1f
 1120 0685 57050000 		.4byte	0x557
 1121 0689 16000000 		.4byte	.LBB17
 1122 068d 1C000000 		.4byte	.LBE17
 1123 0691 01       		.byte	0x1
 1124 0692 70       		.byte	0x70
 1125 0693 B4060000 		.4byte	0x6b4
 1126 0697 20       		.uleb128 0x20
 1127 0698 68050000 		.4byte	0x568
 1128 069c F6000000 		.4byte	.LLST7
 1129 06a0 21       		.uleb128 0x21
 1130 06a1 16000000 		.4byte	.LBB18
 1131 06a5 1C000000 		.4byte	.LBE18
 1132 06a9 22       		.uleb128 0x22
 1133 06aa 73050000 		.4byte	0x573
 1134 06ae 0B010000 		.4byte	.LLST8
 1135 06b2 00       		.byte	0
 1136 06b3 00       		.byte	0
 1137 06b4 23       		.uleb128 0x23
 1138 06b5 18000000 		.4byte	.Ldebug_ranges0+0x18
ARM GAS  C:\Users\jenny\AppData\Local\Temp\ccPd3qIN.s 			page 21


 1139 06b9 CD060000 		.4byte	0x6cd
 1140 06bd 19       		.uleb128 0x19
 1141 06be 746D7000 		.ascii	"tmp\000"
 1142 06c2 01       		.byte	0x1
 1143 06c3 72       		.byte	0x72
 1144 06c4 70000000 		.4byte	0x70
 1145 06c8 1E010000 		.4byte	.LLST9
 1146 06cc 00       		.byte	0
 1147 06cd 24       		.uleb128 0x24
 1148 06ce 2E000000 		.4byte	.LVL20
 1149 06d2 74070000 		.4byte	0x774
 1150 06d6 1D       		.uleb128 0x1d
 1151 06d7 01       		.byte	0x1
 1152 06d8 50       		.byte	0x50
 1153 06d9 01       		.byte	0x1
 1154 06da 3C       		.byte	0x3c
 1155 06db 00       		.byte	0
 1156 06dc 00       		.byte	0
 1157 06dd 25       		.uleb128 0x25
 1158 06de 01       		.byte	0x1
 1159 06df 0C020000 		.4byte	.LASF70
 1160 06e3 01       		.byte	0x1
 1161 06e4 80       		.byte	0x80
 1162 06e5 01       		.byte	0x1
 1163 06e6 00000000 		.4byte	.LFB9
 1164 06ea 14000000 		.4byte	.LFE9
 1165 06ee 31010000 		.4byte	.LLST10
 1166 06f2 01       		.byte	0x1
 1167 06f3 67070000 		.4byte	0x767
 1168 06f7 16       		.uleb128 0x16
 1169 06f8 747000   		.ascii	"tp\000"
 1170 06fb 01       		.byte	0x1
 1171 06fc 80       		.byte	0x80
 1172 06fd 44020000 		.4byte	0x244
 1173 0701 51010000 		.4byte	.LLST11
 1174 0705 16       		.uleb128 0x16
 1175 0706 6D736700 		.ascii	"msg\000"
 1176 070a 01       		.byte	0x1
 1177 070b 80       		.byte	0x80
 1178 070c CE000000 		.4byte	0xce
 1179 0710 72010000 		.4byte	.LLST12
 1180 0714 18       		.uleb128 0x18
 1181 0715 02000000 		.4byte	.LBB21
 1182 0719 08000000 		.4byte	.LBE21
 1183 071d 31070000 		.4byte	0x731
 1184 0721 19       		.uleb128 0x19
 1185 0722 746D7000 		.ascii	"tmp\000"
 1186 0726 01       		.byte	0x1
 1187 0727 82       		.byte	0x82
 1188 0728 70000000 		.4byte	0x70
 1189 072c 93010000 		.4byte	.LLST13
 1190 0730 00       		.byte	0
 1191 0731 18       		.uleb128 0x18
 1192 0732 0C000000 		.4byte	.LBB22
 1193 0736 14000000 		.4byte	.LBE22
 1194 073a 4E070000 		.4byte	0x74e
 1195 073e 19       		.uleb128 0x19
ARM GAS  C:\Users\jenny\AppData\Local\Temp\ccPd3qIN.s 			page 22


 1196 073f 746D7000 		.ascii	"tmp\000"
 1197 0743 01       		.byte	0x1
 1198 0744 86       		.byte	0x86
 1199 0745 70000000 		.4byte	0x70
 1200 0749 A6010000 		.4byte	.LLST14
 1201 074d 00       		.byte	0
 1202 074e 24       		.uleb128 0x24
 1203 074f 0C000000 		.4byte	.LVL24
 1204 0753 A0070000 		.4byte	0x7a0
 1205 0757 1D       		.uleb128 0x1d
 1206 0758 01       		.byte	0x1
 1207 0759 51       		.byte	0x51
 1208 075a 03       		.byte	0x3
 1209 075b F3       		.byte	0xf3
 1210 075c 01       		.uleb128 0x1
 1211 075d 51       		.byte	0x51
 1212 075e 1D       		.uleb128 0x1d
 1213 075f 01       		.byte	0x1
 1214 0760 50       		.byte	0x50
 1215 0761 03       		.byte	0x3
 1216 0762 F3       		.byte	0xf3
 1217 0763 01       		.uleb128 0x1
 1218 0764 50       		.byte	0x50
 1219 0765 00       		.byte	0
 1220 0766 00       		.byte	0
 1221 0767 26       		.uleb128 0x26
 1222 0768 BD020000 		.4byte	.LASF71
 1223 076c 08       		.byte	0x8
 1224 076d 6F       		.byte	0x6f
 1225 076e 8E040000 		.4byte	0x48e
 1226 0772 01       		.byte	0x1
 1227 0773 01       		.byte	0x1
 1228 0774 27       		.uleb128 0x27
 1229 0775 01       		.byte	0x1
 1230 0776 19020000 		.4byte	.LASF72
 1231 077a 08       		.byte	0x8
 1232 077b 93       		.byte	0x93
 1233 077c 01       		.byte	0x1
 1234 077d 01       		.byte	0x1
 1235 077e 88070000 		.4byte	0x788
 1236 0782 28       		.uleb128 0x28
 1237 0783 A2000000 		.4byte	0xa2
 1238 0787 00       		.byte	0
 1239 0788 29       		.uleb128 0x29
 1240 0789 01       		.byte	0x1
 1241 078a 54020000 		.4byte	.LASF73
 1242 078e 08       		.byte	0x8
 1243 078f 90       		.byte	0x90
 1244 0790 01       		.byte	0x1
 1245 0791 44020000 		.4byte	0x244
 1246 0795 01       		.byte	0x1
 1247 0796 A0070000 		.4byte	0x7a0
 1248 079a 28       		.uleb128 0x28
 1249 079b 44020000 		.4byte	0x244
 1250 079f 00       		.byte	0
 1251 07a0 2A       		.uleb128 0x2a
 1252 07a1 01       		.byte	0x1
ARM GAS  C:\Users\jenny\AppData\Local\Temp\ccPd3qIN.s 			page 23


 1253 07a2 95020000 		.4byte	.LASF74
 1254 07a6 08       		.byte	0x8
 1255 07a7 99       		.byte	0x99
 1256 07a8 01       		.byte	0x1
 1257 07a9 01       		.byte	0x1
 1258 07aa 28       		.uleb128 0x28
 1259 07ab 44020000 		.4byte	0x244
 1260 07af 28       		.uleb128 0x28
 1261 07b0 CE000000 		.4byte	0xce
 1262 07b4 00       		.byte	0
 1263 07b5 00       		.byte	0
 1264              		.section	.debug_abbrev,"",%progbits
 1265              	.Ldebug_abbrev0:
 1266 0000 01       		.uleb128 0x1
 1267 0001 11       		.uleb128 0x11
 1268 0002 01       		.byte	0x1
 1269 0003 25       		.uleb128 0x25
 1270 0004 0E       		.uleb128 0xe
 1271 0005 13       		.uleb128 0x13
 1272 0006 0B       		.uleb128 0xb
 1273 0007 03       		.uleb128 0x3
 1274 0008 0E       		.uleb128 0xe
 1275 0009 1B       		.uleb128 0x1b
 1276 000a 0E       		.uleb128 0xe
 1277 000b 55       		.uleb128 0x55
 1278 000c 06       		.uleb128 0x6
 1279 000d 11       		.uleb128 0x11
 1280 000e 01       		.uleb128 0x1
 1281 000f 52       		.uleb128 0x52
 1282 0010 01       		.uleb128 0x1
 1283 0011 10       		.uleb128 0x10
 1284 0012 06       		.uleb128 0x6
 1285 0013 00       		.byte	0
 1286 0014 00       		.byte	0
 1287 0015 02       		.uleb128 0x2
 1288 0016 24       		.uleb128 0x24
 1289 0017 00       		.byte	0
 1290 0018 0B       		.uleb128 0xb
 1291 0019 0B       		.uleb128 0xb
 1292 001a 3E       		.uleb128 0x3e
 1293 001b 0B       		.uleb128 0xb
 1294 001c 03       		.uleb128 0x3
 1295 001d 08       		.uleb128 0x8
 1296 001e 00       		.byte	0
 1297 001f 00       		.byte	0
 1298 0020 03       		.uleb128 0x3
 1299 0021 24       		.uleb128 0x24
 1300 0022 00       		.byte	0
 1301 0023 0B       		.uleb128 0xb
 1302 0024 0B       		.uleb128 0xb
 1303 0025 3E       		.uleb128 0x3e
 1304 0026 0B       		.uleb128 0xb
 1305 0027 03       		.uleb128 0x3
 1306 0028 0E       		.uleb128 0xe
 1307 0029 00       		.byte	0
 1308 002a 00       		.byte	0
 1309 002b 04       		.uleb128 0x4
ARM GAS  C:\Users\jenny\AppData\Local\Temp\ccPd3qIN.s 			page 24


 1310 002c 16       		.uleb128 0x16
 1311 002d 00       		.byte	0
 1312 002e 03       		.uleb128 0x3
 1313 002f 0E       		.uleb128 0xe
 1314 0030 3A       		.uleb128 0x3a
 1315 0031 0B       		.uleb128 0xb
 1316 0032 3B       		.uleb128 0x3b
 1317 0033 0B       		.uleb128 0xb
 1318 0034 49       		.uleb128 0x49
 1319 0035 13       		.uleb128 0x13
 1320 0036 00       		.byte	0
 1321 0037 00       		.byte	0
 1322 0038 05       		.uleb128 0x5
 1323 0039 13       		.uleb128 0x13
 1324 003a 01       		.byte	0x1
 1325 003b 03       		.uleb128 0x3
 1326 003c 0E       		.uleb128 0xe
 1327 003d 0B       		.uleb128 0xb
 1328 003e 0B       		.uleb128 0xb
 1329 003f 3A       		.uleb128 0x3a
 1330 0040 0B       		.uleb128 0xb
 1331 0041 3B       		.uleb128 0x3b
 1332 0042 0B       		.uleb128 0xb
 1333 0043 01       		.uleb128 0x1
 1334 0044 13       		.uleb128 0x13
 1335 0045 00       		.byte	0
 1336 0046 00       		.byte	0
 1337 0047 06       		.uleb128 0x6
 1338 0048 0D       		.uleb128 0xd
 1339 0049 00       		.byte	0
 1340 004a 03       		.uleb128 0x3
 1341 004b 0E       		.uleb128 0xe
 1342 004c 3A       		.uleb128 0x3a
 1343 004d 0B       		.uleb128 0xb
 1344 004e 3B       		.uleb128 0x3b
 1345 004f 0B       		.uleb128 0xb
 1346 0050 49       		.uleb128 0x49
 1347 0051 13       		.uleb128 0x13
 1348 0052 38       		.uleb128 0x38
 1349 0053 0A       		.uleb128 0xa
 1350 0054 00       		.byte	0
 1351 0055 00       		.byte	0
 1352 0056 07       		.uleb128 0x7
 1353 0057 0D       		.uleb128 0xd
 1354 0058 00       		.byte	0
 1355 0059 03       		.uleb128 0x3
 1356 005a 08       		.uleb128 0x8
 1357 005b 3A       		.uleb128 0x3a
 1358 005c 0B       		.uleb128 0xb
 1359 005d 3B       		.uleb128 0x3b
 1360 005e 0B       		.uleb128 0xb
 1361 005f 49       		.uleb128 0x49
 1362 0060 13       		.uleb128 0x13
 1363 0061 38       		.uleb128 0x38
 1364 0062 0A       		.uleb128 0xa
 1365 0063 00       		.byte	0
 1366 0064 00       		.byte	0
ARM GAS  C:\Users\jenny\AppData\Local\Temp\ccPd3qIN.s 			page 25


 1367 0065 08       		.uleb128 0x8
 1368 0066 13       		.uleb128 0x13
 1369 0067 01       		.byte	0x1
 1370 0068 0B       		.uleb128 0xb
 1371 0069 0B       		.uleb128 0xb
 1372 006a 3A       		.uleb128 0x3a
 1373 006b 0B       		.uleb128 0xb
 1374 006c 3B       		.uleb128 0x3b
 1375 006d 0B       		.uleb128 0xb
 1376 006e 01       		.uleb128 0x1
 1377 006f 13       		.uleb128 0x13
 1378 0070 00       		.byte	0
 1379 0071 00       		.byte	0
 1380 0072 09       		.uleb128 0x9
 1381 0073 0F       		.uleb128 0xf
 1382 0074 00       		.byte	0
 1383 0075 0B       		.uleb128 0xb
 1384 0076 0B       		.uleb128 0xb
 1385 0077 49       		.uleb128 0x49
 1386 0078 13       		.uleb128 0x13
 1387 0079 00       		.byte	0
 1388 007a 00       		.byte	0
 1389 007b 0A       		.uleb128 0xa
 1390 007c 0F       		.uleb128 0xf
 1391 007d 00       		.byte	0
 1392 007e 0B       		.uleb128 0xb
 1393 007f 0B       		.uleb128 0xb
 1394 0080 00       		.byte	0
 1395 0081 00       		.byte	0
 1396 0082 0B       		.uleb128 0xb
 1397 0083 13       		.uleb128 0x13
 1398 0084 01       		.byte	0x1
 1399 0085 03       		.uleb128 0x3
 1400 0086 0E       		.uleb128 0xe
 1401 0087 0B       		.uleb128 0xb
 1402 0088 0B       		.uleb128 0xb
 1403 0089 3A       		.uleb128 0x3a
 1404 008a 0B       		.uleb128 0xb
 1405 008b 3B       		.uleb128 0x3b
 1406 008c 05       		.uleb128 0x5
 1407 008d 01       		.uleb128 0x1
 1408 008e 13       		.uleb128 0x13
 1409 008f 00       		.byte	0
 1410 0090 00       		.byte	0
 1411 0091 0C       		.uleb128 0xc
 1412 0092 0D       		.uleb128 0xd
 1413 0093 00       		.byte	0
 1414 0094 03       		.uleb128 0x3
 1415 0095 08       		.uleb128 0x8
 1416 0096 3A       		.uleb128 0x3a
 1417 0097 0B       		.uleb128 0xb
 1418 0098 3B       		.uleb128 0x3b
 1419 0099 05       		.uleb128 0x5
 1420 009a 49       		.uleb128 0x49
 1421 009b 13       		.uleb128 0x13
 1422 009c 38       		.uleb128 0x38
 1423 009d 0A       		.uleb128 0xa
ARM GAS  C:\Users\jenny\AppData\Local\Temp\ccPd3qIN.s 			page 26


 1424 009e 00       		.byte	0
 1425 009f 00       		.byte	0
 1426 00a0 0D       		.uleb128 0xd
 1427 00a1 35       		.uleb128 0x35
 1428 00a2 00       		.byte	0
 1429 00a3 49       		.uleb128 0x49
 1430 00a4 13       		.uleb128 0x13
 1431 00a5 00       		.byte	0
 1432 00a6 00       		.byte	0
 1433 00a7 0E       		.uleb128 0xe
 1434 00a8 17       		.uleb128 0x17
 1435 00a9 01       		.byte	0x1
 1436 00aa 0B       		.uleb128 0xb
 1437 00ab 0B       		.uleb128 0xb
 1438 00ac 3A       		.uleb128 0x3a
 1439 00ad 0B       		.uleb128 0xb
 1440 00ae 3B       		.uleb128 0x3b
 1441 00af 0B       		.uleb128 0xb
 1442 00b0 01       		.uleb128 0x1
 1443 00b1 13       		.uleb128 0x13
 1444 00b2 00       		.byte	0
 1445 00b3 00       		.byte	0
 1446 00b4 0F       		.uleb128 0xf
 1447 00b5 0D       		.uleb128 0xd
 1448 00b6 00       		.byte	0
 1449 00b7 03       		.uleb128 0x3
 1450 00b8 0E       		.uleb128 0xe
 1451 00b9 3A       		.uleb128 0x3a
 1452 00ba 0B       		.uleb128 0xb
 1453 00bb 3B       		.uleb128 0x3b
 1454 00bc 0B       		.uleb128 0xb
 1455 00bd 49       		.uleb128 0x49
 1456 00be 13       		.uleb128 0x13
 1457 00bf 00       		.byte	0
 1458 00c0 00       		.byte	0
 1459 00c1 10       		.uleb128 0x10
 1460 00c2 26       		.uleb128 0x26
 1461 00c3 00       		.byte	0
 1462 00c4 49       		.uleb128 0x49
 1463 00c5 13       		.uleb128 0x13
 1464 00c6 00       		.byte	0
 1465 00c7 00       		.byte	0
 1466 00c8 11       		.uleb128 0x11
 1467 00c9 2E       		.uleb128 0x2e
 1468 00ca 01       		.byte	0x1
 1469 00cb 03       		.uleb128 0x3
 1470 00cc 0E       		.uleb128 0xe
 1471 00cd 3A       		.uleb128 0x3a
 1472 00ce 0B       		.uleb128 0xb
 1473 00cf 3B       		.uleb128 0x3b
 1474 00d0 0B       		.uleb128 0xb
 1475 00d1 27       		.uleb128 0x27
 1476 00d2 0C       		.uleb128 0xc
 1477 00d3 20       		.uleb128 0x20
 1478 00d4 0B       		.uleb128 0xb
 1479 00d5 01       		.uleb128 0x1
 1480 00d6 13       		.uleb128 0x13
ARM GAS  C:\Users\jenny\AppData\Local\Temp\ccPd3qIN.s 			page 27


 1481 00d7 00       		.byte	0
 1482 00d8 00       		.byte	0
 1483 00d9 12       		.uleb128 0x12
 1484 00da 05       		.uleb128 0x5
 1485 00db 00       		.byte	0
 1486 00dc 03       		.uleb128 0x3
 1487 00dd 08       		.uleb128 0x8
 1488 00de 3A       		.uleb128 0x3a
 1489 00df 0B       		.uleb128 0xb
 1490 00e0 3B       		.uleb128 0x3b
 1491 00e1 0B       		.uleb128 0xb
 1492 00e2 49       		.uleb128 0x49
 1493 00e3 13       		.uleb128 0x13
 1494 00e4 00       		.byte	0
 1495 00e5 00       		.byte	0
 1496 00e6 13       		.uleb128 0x13
 1497 00e7 2E       		.uleb128 0x2e
 1498 00e8 01       		.byte	0x1
 1499 00e9 03       		.uleb128 0x3
 1500 00ea 0E       		.uleb128 0xe
 1501 00eb 3A       		.uleb128 0x3a
 1502 00ec 0B       		.uleb128 0xb
 1503 00ed 3B       		.uleb128 0x3b
 1504 00ee 0B       		.uleb128 0xb
 1505 00ef 27       		.uleb128 0x27
 1506 00f0 0C       		.uleb128 0xc
 1507 00f1 49       		.uleb128 0x49
 1508 00f2 13       		.uleb128 0x13
 1509 00f3 20       		.uleb128 0x20
 1510 00f4 0B       		.uleb128 0xb
 1511 00f5 01       		.uleb128 0x1
 1512 00f6 13       		.uleb128 0x13
 1513 00f7 00       		.byte	0
 1514 00f8 00       		.byte	0
 1515 00f9 14       		.uleb128 0x14
 1516 00fa 34       		.uleb128 0x34
 1517 00fb 00       		.byte	0
 1518 00fc 03       		.uleb128 0x3
 1519 00fd 08       		.uleb128 0x8
 1520 00fe 3A       		.uleb128 0x3a
 1521 00ff 0B       		.uleb128 0xb
 1522 0100 3B       		.uleb128 0x3b
 1523 0101 0B       		.uleb128 0xb
 1524 0102 49       		.uleb128 0x49
 1525 0103 13       		.uleb128 0x13
 1526 0104 00       		.byte	0
 1527 0105 00       		.byte	0
 1528 0106 15       		.uleb128 0x15
 1529 0107 2E       		.uleb128 0x2e
 1530 0108 01       		.byte	0x1
 1531 0109 3F       		.uleb128 0x3f
 1532 010a 0C       		.uleb128 0xc
 1533 010b 03       		.uleb128 0x3
 1534 010c 0E       		.uleb128 0xe
 1535 010d 3A       		.uleb128 0x3a
 1536 010e 0B       		.uleb128 0xb
 1537 010f 3B       		.uleb128 0x3b
ARM GAS  C:\Users\jenny\AppData\Local\Temp\ccPd3qIN.s 			page 28


 1538 0110 0B       		.uleb128 0xb
 1539 0111 27       		.uleb128 0x27
 1540 0112 0C       		.uleb128 0xc
 1541 0113 49       		.uleb128 0x49
 1542 0114 13       		.uleb128 0x13
 1543 0115 11       		.uleb128 0x11
 1544 0116 01       		.uleb128 0x1
 1545 0117 12       		.uleb128 0x12
 1546 0118 01       		.uleb128 0x1
 1547 0119 40       		.uleb128 0x40
 1548 011a 06       		.uleb128 0x6
 1549 011b 9742     		.uleb128 0x2117
 1550 011d 0C       		.uleb128 0xc
 1551 011e 01       		.uleb128 0x1
 1552 011f 13       		.uleb128 0x13
 1553 0120 00       		.byte	0
 1554 0121 00       		.byte	0
 1555 0122 16       		.uleb128 0x16
 1556 0123 05       		.uleb128 0x5
 1557 0124 00       		.byte	0
 1558 0125 03       		.uleb128 0x3
 1559 0126 08       		.uleb128 0x8
 1560 0127 3A       		.uleb128 0x3a
 1561 0128 0B       		.uleb128 0xb
 1562 0129 3B       		.uleb128 0x3b
 1563 012a 0B       		.uleb128 0xb
 1564 012b 49       		.uleb128 0x49
 1565 012c 13       		.uleb128 0x13
 1566 012d 02       		.uleb128 0x2
 1567 012e 06       		.uleb128 0x6
 1568 012f 00       		.byte	0
 1569 0130 00       		.byte	0
 1570 0131 17       		.uleb128 0x17
 1571 0132 34       		.uleb128 0x34
 1572 0133 00       		.byte	0
 1573 0134 03       		.uleb128 0x3
 1574 0135 08       		.uleb128 0x8
 1575 0136 3A       		.uleb128 0x3a
 1576 0137 0B       		.uleb128 0xb
 1577 0138 3B       		.uleb128 0x3b
 1578 0139 0B       		.uleb128 0xb
 1579 013a 49       		.uleb128 0x49
 1580 013b 13       		.uleb128 0x13
 1581 013c 02       		.uleb128 0x2
 1582 013d 0A       		.uleb128 0xa
 1583 013e 00       		.byte	0
 1584 013f 00       		.byte	0
 1585 0140 18       		.uleb128 0x18
 1586 0141 0B       		.uleb128 0xb
 1587 0142 01       		.byte	0x1
 1588 0143 11       		.uleb128 0x11
 1589 0144 01       		.uleb128 0x1
 1590 0145 12       		.uleb128 0x12
 1591 0146 01       		.uleb128 0x1
 1592 0147 01       		.uleb128 0x1
 1593 0148 13       		.uleb128 0x13
 1594 0149 00       		.byte	0
ARM GAS  C:\Users\jenny\AppData\Local\Temp\ccPd3qIN.s 			page 29


 1595 014a 00       		.byte	0
 1596 014b 19       		.uleb128 0x19
 1597 014c 34       		.uleb128 0x34
 1598 014d 00       		.byte	0
 1599 014e 03       		.uleb128 0x3
 1600 014f 08       		.uleb128 0x8
 1601 0150 3A       		.uleb128 0x3a
 1602 0151 0B       		.uleb128 0xb
 1603 0152 3B       		.uleb128 0x3b
 1604 0153 0B       		.uleb128 0xb
 1605 0154 49       		.uleb128 0x49
 1606 0155 13       		.uleb128 0x13
 1607 0156 02       		.uleb128 0x2
 1608 0157 06       		.uleb128 0x6
 1609 0158 00       		.byte	0
 1610 0159 00       		.byte	0
 1611 015a 1A       		.uleb128 0x1a
 1612 015b 1D       		.uleb128 0x1d
 1613 015c 01       		.byte	0x1
 1614 015d 31       		.uleb128 0x31
 1615 015e 13       		.uleb128 0x13
 1616 015f 52       		.uleb128 0x52
 1617 0160 01       		.uleb128 0x1
 1618 0161 55       		.uleb128 0x55
 1619 0162 06       		.uleb128 0x6
 1620 0163 58       		.uleb128 0x58
 1621 0164 0B       		.uleb128 0xb
 1622 0165 59       		.uleb128 0x59
 1623 0166 0B       		.uleb128 0xb
 1624 0167 01       		.uleb128 0x1
 1625 0168 13       		.uleb128 0x13
 1626 0169 00       		.byte	0
 1627 016a 00       		.byte	0
 1628 016b 1B       		.uleb128 0x1b
 1629 016c 05       		.uleb128 0x5
 1630 016d 00       		.byte	0
 1631 016e 31       		.uleb128 0x31
 1632 016f 13       		.uleb128 0x13
 1633 0170 02       		.uleb128 0x2
 1634 0171 0A       		.uleb128 0xa
 1635 0172 00       		.byte	0
 1636 0173 00       		.byte	0
 1637 0174 1C       		.uleb128 0x1c
 1638 0175 898201   		.uleb128 0x4109
 1639 0178 01       		.byte	0x1
 1640 0179 11       		.uleb128 0x11
 1641 017a 01       		.uleb128 0x1
 1642 017b 31       		.uleb128 0x31
 1643 017c 13       		.uleb128 0x13
 1644 017d 01       		.uleb128 0x1
 1645 017e 13       		.uleb128 0x13
 1646 017f 00       		.byte	0
 1647 0180 00       		.byte	0
 1648 0181 1D       		.uleb128 0x1d
 1649 0182 8A8201   		.uleb128 0x410a
 1650 0185 00       		.byte	0
 1651 0186 02       		.uleb128 0x2
ARM GAS  C:\Users\jenny\AppData\Local\Temp\ccPd3qIN.s 			page 30


 1652 0187 0A       		.uleb128 0xa
 1653 0188 9142     		.uleb128 0x2111
 1654 018a 0A       		.uleb128 0xa
 1655 018b 00       		.byte	0
 1656 018c 00       		.byte	0
 1657 018d 1E       		.uleb128 0x1e
 1658 018e 898201   		.uleb128 0x4109
 1659 0191 00       		.byte	0
 1660 0192 11       		.uleb128 0x11
 1661 0193 01       		.uleb128 0x1
 1662 0194 31       		.uleb128 0x31
 1663 0195 13       		.uleb128 0x13
 1664 0196 00       		.byte	0
 1665 0197 00       		.byte	0
 1666 0198 1F       		.uleb128 0x1f
 1667 0199 1D       		.uleb128 0x1d
 1668 019a 01       		.byte	0x1
 1669 019b 31       		.uleb128 0x31
 1670 019c 13       		.uleb128 0x13
 1671 019d 11       		.uleb128 0x11
 1672 019e 01       		.uleb128 0x1
 1673 019f 12       		.uleb128 0x12
 1674 01a0 01       		.uleb128 0x1
 1675 01a1 58       		.uleb128 0x58
 1676 01a2 0B       		.uleb128 0xb
 1677 01a3 59       		.uleb128 0x59
 1678 01a4 0B       		.uleb128 0xb
 1679 01a5 01       		.uleb128 0x1
 1680 01a6 13       		.uleb128 0x13
 1681 01a7 00       		.byte	0
 1682 01a8 00       		.byte	0
 1683 01a9 20       		.uleb128 0x20
 1684 01aa 05       		.uleb128 0x5
 1685 01ab 00       		.byte	0
 1686 01ac 31       		.uleb128 0x31
 1687 01ad 13       		.uleb128 0x13
 1688 01ae 02       		.uleb128 0x2
 1689 01af 06       		.uleb128 0x6
 1690 01b0 00       		.byte	0
 1691 01b1 00       		.byte	0
 1692 01b2 21       		.uleb128 0x21
 1693 01b3 0B       		.uleb128 0xb
 1694 01b4 01       		.byte	0x1
 1695 01b5 11       		.uleb128 0x11
 1696 01b6 01       		.uleb128 0x1
 1697 01b7 12       		.uleb128 0x12
 1698 01b8 01       		.uleb128 0x1
 1699 01b9 00       		.byte	0
 1700 01ba 00       		.byte	0
 1701 01bb 22       		.uleb128 0x22
 1702 01bc 34       		.uleb128 0x34
 1703 01bd 00       		.byte	0
 1704 01be 31       		.uleb128 0x31
 1705 01bf 13       		.uleb128 0x13
 1706 01c0 02       		.uleb128 0x2
 1707 01c1 06       		.uleb128 0x6
 1708 01c2 00       		.byte	0
ARM GAS  C:\Users\jenny\AppData\Local\Temp\ccPd3qIN.s 			page 31


 1709 01c3 00       		.byte	0
 1710 01c4 23       		.uleb128 0x23
 1711 01c5 0B       		.uleb128 0xb
 1712 01c6 01       		.byte	0x1
 1713 01c7 55       		.uleb128 0x55
 1714 01c8 06       		.uleb128 0x6
 1715 01c9 01       		.uleb128 0x1
 1716 01ca 13       		.uleb128 0x13
 1717 01cb 00       		.byte	0
 1718 01cc 00       		.byte	0
 1719 01cd 24       		.uleb128 0x24
 1720 01ce 898201   		.uleb128 0x4109
 1721 01d1 01       		.byte	0x1
 1722 01d2 11       		.uleb128 0x11
 1723 01d3 01       		.uleb128 0x1
 1724 01d4 31       		.uleb128 0x31
 1725 01d5 13       		.uleb128 0x13
 1726 01d6 00       		.byte	0
 1727 01d7 00       		.byte	0
 1728 01d8 25       		.uleb128 0x25
 1729 01d9 2E       		.uleb128 0x2e
 1730 01da 01       		.byte	0x1
 1731 01db 3F       		.uleb128 0x3f
 1732 01dc 0C       		.uleb128 0xc
 1733 01dd 03       		.uleb128 0x3
 1734 01de 0E       		.uleb128 0xe
 1735 01df 3A       		.uleb128 0x3a
 1736 01e0 0B       		.uleb128 0xb
 1737 01e1 3B       		.uleb128 0x3b
 1738 01e2 0B       		.uleb128 0xb
 1739 01e3 27       		.uleb128 0x27
 1740 01e4 0C       		.uleb128 0xc
 1741 01e5 11       		.uleb128 0x11
 1742 01e6 01       		.uleb128 0x1
 1743 01e7 12       		.uleb128 0x12
 1744 01e8 01       		.uleb128 0x1
 1745 01e9 40       		.uleb128 0x40
 1746 01ea 06       		.uleb128 0x6
 1747 01eb 9742     		.uleb128 0x2117
 1748 01ed 0C       		.uleb128 0xc
 1749 01ee 01       		.uleb128 0x1
 1750 01ef 13       		.uleb128 0x13
 1751 01f0 00       		.byte	0
 1752 01f1 00       		.byte	0
 1753 01f2 26       		.uleb128 0x26
 1754 01f3 34       		.uleb128 0x34
 1755 01f4 00       		.byte	0
 1756 01f5 03       		.uleb128 0x3
 1757 01f6 0E       		.uleb128 0xe
 1758 01f7 3A       		.uleb128 0x3a
 1759 01f8 0B       		.uleb128 0xb
 1760 01f9 3B       		.uleb128 0x3b
 1761 01fa 0B       		.uleb128 0xb
 1762 01fb 49       		.uleb128 0x49
 1763 01fc 13       		.uleb128 0x13
 1764 01fd 3F       		.uleb128 0x3f
 1765 01fe 0C       		.uleb128 0xc
ARM GAS  C:\Users\jenny\AppData\Local\Temp\ccPd3qIN.s 			page 32


 1766 01ff 3C       		.uleb128 0x3c
 1767 0200 0C       		.uleb128 0xc
 1768 0201 00       		.byte	0
 1769 0202 00       		.byte	0
 1770 0203 27       		.uleb128 0x27
 1771 0204 2E       		.uleb128 0x2e
 1772 0205 01       		.byte	0x1
 1773 0206 3F       		.uleb128 0x3f
 1774 0207 0C       		.uleb128 0xc
 1775 0208 03       		.uleb128 0x3
 1776 0209 0E       		.uleb128 0xe
 1777 020a 3A       		.uleb128 0x3a
 1778 020b 0B       		.uleb128 0xb
 1779 020c 3B       		.uleb128 0x3b
 1780 020d 0B       		.uleb128 0xb
 1781 020e 27       		.uleb128 0x27
 1782 020f 0C       		.uleb128 0xc
 1783 0210 3C       		.uleb128 0x3c
 1784 0211 0C       		.uleb128 0xc
 1785 0212 01       		.uleb128 0x1
 1786 0213 13       		.uleb128 0x13
 1787 0214 00       		.byte	0
 1788 0215 00       		.byte	0
 1789 0216 28       		.uleb128 0x28
 1790 0217 05       		.uleb128 0x5
 1791 0218 00       		.byte	0
 1792 0219 49       		.uleb128 0x49
 1793 021a 13       		.uleb128 0x13
 1794 021b 00       		.byte	0
 1795 021c 00       		.byte	0
 1796 021d 29       		.uleb128 0x29
 1797 021e 2E       		.uleb128 0x2e
 1798 021f 01       		.byte	0x1
 1799 0220 3F       		.uleb128 0x3f
 1800 0221 0C       		.uleb128 0xc
 1801 0222 03       		.uleb128 0x3
 1802 0223 0E       		.uleb128 0xe
 1803 0224 3A       		.uleb128 0x3a
 1804 0225 0B       		.uleb128 0xb
 1805 0226 3B       		.uleb128 0x3b
 1806 0227 0B       		.uleb128 0xb
 1807 0228 27       		.uleb128 0x27
 1808 0229 0C       		.uleb128 0xc
 1809 022a 49       		.uleb128 0x49
 1810 022b 13       		.uleb128 0x13
 1811 022c 3C       		.uleb128 0x3c
 1812 022d 0C       		.uleb128 0xc
 1813 022e 01       		.uleb128 0x1
 1814 022f 13       		.uleb128 0x13
 1815 0230 00       		.byte	0
 1816 0231 00       		.byte	0
 1817 0232 2A       		.uleb128 0x2a
 1818 0233 2E       		.uleb128 0x2e
 1819 0234 01       		.byte	0x1
 1820 0235 3F       		.uleb128 0x3f
 1821 0236 0C       		.uleb128 0xc
 1822 0237 03       		.uleb128 0x3
ARM GAS  C:\Users\jenny\AppData\Local\Temp\ccPd3qIN.s 			page 33


 1823 0238 0E       		.uleb128 0xe
 1824 0239 3A       		.uleb128 0x3a
 1825 023a 0B       		.uleb128 0xb
 1826 023b 3B       		.uleb128 0x3b
 1827 023c 0B       		.uleb128 0xb
 1828 023d 27       		.uleb128 0x27
 1829 023e 0C       		.uleb128 0xc
 1830 023f 3C       		.uleb128 0x3c
 1831 0240 0C       		.uleb128 0xc
 1832 0241 00       		.byte	0
 1833 0242 00       		.byte	0
 1834 0243 00       		.byte	0
 1835              		.section	.debug_loc,"",%progbits
 1836              	.Ldebug_loc0:
 1837              	.LLST0:
 1838 0000 00000000 		.4byte	.LFB7
 1839 0004 04000000 		.4byte	.LCFI0
 1840 0008 0200     		.2byte	0x2
 1841 000a 7D       		.byte	0x7d
 1842 000b 00       		.sleb128 0
 1843 000c 04000000 		.4byte	.LCFI0
 1844 0010 40000000 		.4byte	.LFE7
 1845 0014 0200     		.2byte	0x2
 1846 0016 7D       		.byte	0x7d
 1847 0017 10       		.sleb128 16
 1848 0018 00000000 		.4byte	0
 1849 001c 00000000 		.4byte	0
 1850              	.LLST1:
 1851 0020 00000000 		.4byte	.LVL0
 1852 0024 24000000 		.4byte	.LVL6
 1853 0028 0100     		.2byte	0x1
 1854 002a 50       		.byte	0x50
 1855 002b 24000000 		.4byte	.LVL6
 1856 002f 34000000 		.4byte	.LVL11
 1857 0033 0300     		.2byte	0x3
 1858 0035 75       		.byte	0x75
 1859 0036 54       		.sleb128 -44
 1860 0037 9F       		.byte	0x9f
 1861 0038 34000000 		.4byte	.LVL11
 1862 003c 37000000 		.4byte	.LVL12-1
 1863 0040 0100     		.2byte	0x1
 1864 0042 50       		.byte	0x50
 1865 0043 37000000 		.4byte	.LVL12-1
 1866 0047 40000000 		.4byte	.LFE7
 1867 004b 0300     		.2byte	0x3
 1868 004d 75       		.byte	0x75
 1869 004e 54       		.sleb128 -44
 1870 004f 9F       		.byte	0x9f
 1871 0050 00000000 		.4byte	0
 1872 0054 00000000 		.4byte	0
 1873              	.LLST2:
 1874 0058 00000000 		.4byte	.LVL0
 1875 005c 24000000 		.4byte	.LVL6
 1876 0060 0100     		.2byte	0x1
 1877 0062 51       		.byte	0x51
 1878 0063 24000000 		.4byte	.LVL6
 1879 0067 2C000000 		.4byte	.LVL8
ARM GAS  C:\Users\jenny\AppData\Local\Temp\ccPd3qIN.s 			page 34


 1880 006b 0400     		.2byte	0x4
 1881 006d F3       		.byte	0xf3
 1882 006e 01       		.uleb128 0x1
 1883 006f 51       		.byte	0x51
 1884 0070 9F       		.byte	0x9f
 1885 0071 2C000000 		.4byte	.LVL8
 1886 0075 34000000 		.4byte	.LVL11
 1887 0079 0100     		.2byte	0x1
 1888 007b 50       		.byte	0x50
 1889 007c 34000000 		.4byte	.LVL11
 1890 0080 37000000 		.4byte	.LVL12-1
 1891 0084 0100     		.2byte	0x1
 1892 0086 51       		.byte	0x51
 1893 0087 37000000 		.4byte	.LVL12-1
 1894 008b 40000000 		.4byte	.LFE7
 1895 008f 0400     		.2byte	0x4
 1896 0091 F3       		.byte	0xf3
 1897 0092 01       		.uleb128 0x1
 1898 0093 51       		.byte	0x51
 1899 0094 9F       		.byte	0x9f
 1900 0095 00000000 		.4byte	0
 1901 0099 00000000 		.4byte	0
 1902              	.LLST3:
 1903 009d 0C000000 		.4byte	.LVL3
 1904 00a1 16000000 		.4byte	.LVL5
 1905 00a5 0100     		.2byte	0x1
 1906 00a7 53       		.byte	0x53
 1907 00a8 00000000 		.4byte	0
 1908 00ac 00000000 		.4byte	0
 1909              	.LLST4:
 1910 00b0 32000000 		.4byte	.LVL10
 1911 00b4 34000000 		.4byte	.LVL11
 1912 00b8 0100     		.2byte	0x1
 1913 00ba 53       		.byte	0x53
 1914 00bb 00000000 		.4byte	0
 1915 00bf 00000000 		.4byte	0
 1916              	.LLST5:
 1917 00c3 00000000 		.4byte	.LFB8
 1918 00c7 02000000 		.4byte	.LCFI1
 1919 00cb 0200     		.2byte	0x2
 1920 00cd 7D       		.byte	0x7d
 1921 00ce 00       		.sleb128 0
 1922 00cf 02000000 		.4byte	.LCFI1
 1923 00d3 3C000000 		.4byte	.LFE8
 1924 00d7 0200     		.2byte	0x2
 1925 00d9 7D       		.byte	0x7d
 1926 00da 08       		.sleb128 8
 1927 00db 00000000 		.4byte	0
 1928 00df 00000000 		.4byte	0
 1929              	.LLST6:
 1930 00e3 08000000 		.4byte	.LVL14
 1931 00e7 0C000000 		.4byte	.LVL15
 1932 00eb 0100     		.2byte	0x1
 1933 00ed 53       		.byte	0x53
 1934 00ee 00000000 		.4byte	0
 1935 00f2 00000000 		.4byte	0
 1936              	.LLST7:
ARM GAS  C:\Users\jenny\AppData\Local\Temp\ccPd3qIN.s 			page 35


 1937 00f6 16000000 		.4byte	.LVL16
 1938 00fa 20000000 		.4byte	.LVL17
 1939 00fe 0300     		.2byte	0x3
 1940 0100 73       		.byte	0x73
 1941 0101 2C       		.sleb128 44
 1942 0102 9F       		.byte	0x9f
 1943 0103 00000000 		.4byte	0
 1944 0107 00000000 		.4byte	0
 1945              	.LLST8:
 1946 010b 16000000 		.4byte	.LVL16
 1947 010f 28000000 		.4byte	.LVL19
 1948 0113 0100     		.2byte	0x1
 1949 0115 50       		.byte	0x50
 1950 0116 00000000 		.4byte	0
 1951 011a 00000000 		.4byte	0
 1952              	.LLST9:
 1953 011e 26000000 		.4byte	.LVL18
 1954 0122 28000000 		.4byte	.LVL19
 1955 0126 0100     		.2byte	0x1
 1956 0128 53       		.byte	0x53
 1957 0129 00000000 		.4byte	0
 1958 012d 00000000 		.4byte	0
 1959              	.LLST10:
 1960 0131 00000000 		.4byte	.LFB9
 1961 0135 02000000 		.4byte	.LCFI2
 1962 0139 0200     		.2byte	0x2
 1963 013b 7D       		.byte	0x7d
 1964 013c 00       		.sleb128 0
 1965 013d 02000000 		.4byte	.LCFI2
 1966 0141 14000000 		.4byte	.LFE9
 1967 0145 0200     		.2byte	0x2
 1968 0147 7D       		.byte	0x7d
 1969 0148 08       		.sleb128 8
 1970 0149 00000000 		.4byte	0
 1971 014d 00000000 		.4byte	0
 1972              	.LLST11:
 1973 0151 00000000 		.4byte	.LVL21
 1974 0155 0B000000 		.4byte	.LVL24-1
 1975 0159 0100     		.2byte	0x1
 1976 015b 50       		.byte	0x50
 1977 015c 0B000000 		.4byte	.LVL24-1
 1978 0160 14000000 		.4byte	.LFE9
 1979 0164 0400     		.2byte	0x4
 1980 0166 F3       		.byte	0xf3
 1981 0167 01       		.uleb128 0x1
 1982 0168 50       		.byte	0x50
 1983 0169 9F       		.byte	0x9f
 1984 016a 00000000 		.4byte	0
 1985 016e 00000000 		.4byte	0
 1986              	.LLST12:
 1987 0172 00000000 		.4byte	.LVL21
 1988 0176 0B000000 		.4byte	.LVL24-1
 1989 017a 0100     		.2byte	0x1
 1990 017c 51       		.byte	0x51
 1991 017d 0B000000 		.4byte	.LVL24-1
 1992 0181 14000000 		.4byte	.LFE9
 1993 0185 0400     		.2byte	0x4
ARM GAS  C:\Users\jenny\AppData\Local\Temp\ccPd3qIN.s 			page 36


 1994 0187 F3       		.byte	0xf3
 1995 0188 01       		.uleb128 0x1
 1996 0189 51       		.byte	0x51
 1997 018a 9F       		.byte	0x9f
 1998 018b 00000000 		.4byte	0
 1999 018f 00000000 		.4byte	0
 2000              	.LLST13:
 2001 0193 08000000 		.4byte	.LVL23
 2002 0197 0B000000 		.4byte	.LVL24-1
 2003 019b 0100     		.2byte	0x1
 2004 019d 53       		.byte	0x53
 2005 019e 00000000 		.4byte	0
 2006 01a2 00000000 		.4byte	0
 2007              	.LLST14:
 2008 01a6 12000000 		.4byte	.LVL26
 2009 01aa 14000000 		.4byte	.LFE9
 2010 01ae 0100     		.2byte	0x1
 2011 01b0 53       		.byte	0x53
 2012 01b1 00000000 		.4byte	0
 2013 01b5 00000000 		.4byte	0
 2014              		.section	.debug_aranges,"",%progbits
 2015 0000 2C000000 		.4byte	0x2c
 2016 0004 0200     		.2byte	0x2
 2017 0006 00000000 		.4byte	.Ldebug_info0
 2018 000a 04       		.byte	0x4
 2019 000b 00       		.byte	0
 2020 000c 0000     		.2byte	0
 2021 000e 0000     		.2byte	0
 2022 0010 00000000 		.4byte	.LFB7
 2023 0014 40000000 		.4byte	.LFE7-.LFB7
 2024 0018 00000000 		.4byte	.LFB8
 2025 001c 3C000000 		.4byte	.LFE8-.LFB8
 2026 0020 00000000 		.4byte	.LFB9
 2027 0024 14000000 		.4byte	.LFE9-.LFB9
 2028 0028 00000000 		.4byte	0
 2029 002c 00000000 		.4byte	0
 2030              		.section	.debug_ranges,"",%progbits
 2031              	.Ldebug_ranges0:
 2032 0000 14000000 		.4byte	.LBB11
 2033 0004 18000000 		.4byte	.LBE11
 2034 0008 1C000000 		.4byte	.LBB14
 2035 000c 22000000 		.4byte	.LBE14
 2036 0010 00000000 		.4byte	0
 2037 0014 00000000 		.4byte	0
 2038 0018 1E000000 		.4byte	.LBB19
 2039 001c 20000000 		.4byte	.LBE19
 2040 0020 22000000 		.4byte	.LBB20
 2041 0024 26000000 		.4byte	.LBE20
 2042 0028 00000000 		.4byte	0
 2043 002c 00000000 		.4byte	0
 2044 0030 00000000 		.4byte	.LFB7
 2045 0034 40000000 		.4byte	.LFE7
 2046 0038 00000000 		.4byte	.LFB8
 2047 003c 3C000000 		.4byte	.LFE8
 2048 0040 00000000 		.4byte	.LFB9
 2049 0044 14000000 		.4byte	.LFE9
 2050 0048 00000000 		.4byte	0
ARM GAS  C:\Users\jenny\AppData\Local\Temp\ccPd3qIN.s 			page 37


 2051 004c 00000000 		.4byte	0
 2052              		.section	.debug_line,"",%progbits
 2053              	.Ldebug_line0:
 2054 0000 8F010000 		.section	.debug_str,"MS",%progbits,1
 2054      02002301 
 2054      00000201 
 2054      FB0E0D00 
 2054      01010101 
 2055              	.LASF36:
 2056 0000 705F6D73 		.ascii	"p_msg\000"
 2056      6700
 2057              	.LASF68:
 2058 0006 71756575 		.ascii	"queue_insert\000"
 2058      655F696E 
 2058      73657274 
 2058      00
 2059              	.LASF58:
 2060 0013 7264796D 		.ascii	"rdymsg\000"
 2060      736700
 2061              	.LASF11:
 2062 001a 6C6F6E67 		.ascii	"long long unsigned int\000"
 2062      206C6F6E 
 2062      6720756E 
 2062      7369676E 
 2062      65642069 
 2063              	.LASF24:
 2064 0031 705F7072 		.ascii	"p_prio\000"
 2064      696F00
 2065              	.LASF10:
 2066 0038 6C6F6E67 		.ascii	"long long int\000"
 2066      206C6F6E 
 2066      6720696E 
 2066      7400
 2067              	.LASF1:
 2068 0046 7369676E 		.ascii	"signed char\000"
 2068      65642063 
 2068      68617200 
 2069              	.LASF40:
 2070 0052 705F6D70 		.ascii	"p_mpool\000"
 2070      6F6F6C00 
 2071              	.LASF55:
 2072 005a 6D5F7175 		.ascii	"m_queue\000"
 2072      65756500 
 2073              	.LASF16:
 2074 0062 74736C69 		.ascii	"tslices_t\000"
 2074      6365735F 
 2074      7400
 2075              	.LASF65:
 2076 006c 474E5520 		.ascii	"GNU C 4.7.4 20130913 (release) [ARM/embedded-4_7-br"
 2076      4320342E 
 2076      372E3420 
 2076      32303133 
 2076      30393133 
 2077 009f 616E6368 		.ascii	"anch revision 202601]\000"
 2077      20726576 
 2077      6973696F 
 2077      6E203230 
ARM GAS  C:\Users\jenny\AppData\Local\Temp\ccPd3qIN.s 			page 38


 2077      32363031 
 2078              	.LASF7:
 2079 00b5 6C6F6E67 		.ascii	"long int\000"
 2079      20696E74 
 2079      00
 2080              	.LASF63:
 2081 00be 63684D73 		.ascii	"chMsgSend\000"
 2081      6753656E 
 2081      6400
 2082              	.LASF14:
 2083 00c8 74737461 		.ascii	"tstate_t\000"
 2083      74655F74 
 2083      00
 2084              	.LASF26:
 2085 00d1 705F6E65 		.ascii	"p_newer\000"
 2085      77657200 
 2086              	.LASF59:
 2087 00d9 65786974 		.ascii	"exitcode\000"
 2087      636F6465 
 2087      00
 2088              	.LASF50:
 2089 00e2 725F6E65 		.ascii	"r_newer\000"
 2089      77657200 
 2090              	.LASF43:
 2091 00ea 72656761 		.ascii	"regarm_t\000"
 2091      726D5F74 
 2091      00
 2092              	.LASF0:
 2093 00f3 756E7369 		.ascii	"unsigned int\000"
 2093      676E6564 
 2093      20696E74 
 2093      00
 2094              	.LASF9:
 2095 0100 6C6F6E67 		.ascii	"long unsigned int\000"
 2095      20756E73 
 2095      69676E65 
 2095      6420696E 
 2095      7400
 2096              	.LASF45:
 2097 0112 636F6E74 		.ascii	"context\000"
 2097      65787400 
 2098              	.LASF4:
 2099 011a 73686F72 		.ascii	"short unsigned int\000"
 2099      7420756E 
 2099      7369676E 
 2099      65642069 
 2099      6E7400
 2100              	.LASF18:
 2101 012d 6D73675F 		.ascii	"msg_t\000"
 2101      7400
 2102              	.LASF13:
 2103 0133 746D6F64 		.ascii	"tmode_t\000"
 2103      655F7400 
 2104              	.LASF42:
 2105 013b 54687265 		.ascii	"ThreadsList\000"
 2105      6164734C 
 2105      69737400 
ARM GAS  C:\Users\jenny\AppData\Local\Temp\ccPd3qIN.s 			page 39


 2106              	.LASF19:
 2107 0147 6576656E 		.ascii	"eventmask_t\000"
 2107      746D6173 
 2107      6B5F7400 
 2108              	.LASF54:
 2109 0153 4D757465 		.ascii	"Mutex\000"
 2109      7800
 2110              	.LASF46:
 2111 0159 73697A65 		.ascii	"sizetype\000"
 2111      74797065 
 2111      00
 2112              	.LASF27:
 2113 0162 705F6F6C 		.ascii	"p_older\000"
 2113      64657200 
 2114              	.LASF49:
 2115 016a 725F6374 		.ascii	"r_ctx\000"
 2115      7800
 2116              	.LASF41:
 2117 0170 54687265 		.ascii	"ThreadsQueue\000"
 2117      61647351 
 2117      75657565 
 2117      00
 2118              	.LASF52:
 2119 017d 725F6375 		.ascii	"r_current\000"
 2119      7272656E 
 2119      7400
 2120              	.LASF51:
 2121 0187 725F6F6C 		.ascii	"r_older\000"
 2121      64657200 
 2122              	.LASF15:
 2123 018f 74726566 		.ascii	"trefs_t\000"
 2123      735F7400 
 2124              	.LASF23:
 2125 0197 705F7072 		.ascii	"p_prev\000"
 2125      657600
 2126              	.LASF17:
 2127 019e 74707269 		.ascii	"tprio_t\000"
 2127      6F5F7400 
 2128              	.LASF12:
 2129 01a6 5F426F6F 		.ascii	"_Bool\000"
 2129      6C00
 2130              	.LASF6:
 2131 01ac 696E7433 		.ascii	"int32_t\000"
 2131      325F7400 
 2132              	.LASF2:
 2133 01b4 756E7369 		.ascii	"unsigned char\000"
 2133      676E6564 
 2133      20636861 
 2133      7200
 2134              	.LASF38:
 2135 01c2 705F6D74 		.ascii	"p_mtxlist\000"
 2135      786C6973 
 2135      7400
 2136              	.LASF3:
 2137 01cc 73686F72 		.ascii	"short int\000"
 2137      7420696E 
 2137      7400
ARM GAS  C:\Users\jenny\AppData\Local\Temp\ccPd3qIN.s 			page 40


 2138              	.LASF29:
 2139 01d6 705F7374 		.ascii	"p_state\000"
 2139      61746500 
 2140              	.LASF32:
 2141 01de 705F7072 		.ascii	"p_preempt\000"
 2141      65656D70 
 2141      7400
 2142              	.LASF48:
 2143 01e8 725F7072 		.ascii	"r_prio\000"
 2143      696F00
 2144              	.LASF61:
 2145 01ef 65776D61 		.ascii	"ewmask\000"
 2145      736B00
 2146              	.LASF22:
 2147 01f6 705F6E65 		.ascii	"p_next\000"
 2147      787400
 2148              	.LASF30:
 2149 01fd 705F666C 		.ascii	"p_flags\000"
 2149      61677300 
 2150              	.LASF21:
 2151 0205 54687265 		.ascii	"Thread\000"
 2151      616400
 2152              	.LASF70:
 2153 020c 63684D73 		.ascii	"chMsgRelease\000"
 2153      6752656C 
 2153      65617365 
 2153      00
 2154              	.LASF72:
 2155 0219 63685363 		.ascii	"chSchGoSleepS\000"
 2155      68476F53 
 2155      6C656570 
 2155      5300
 2156              	.LASF37:
 2157 0227 705F6570 		.ascii	"p_epending\000"
 2157      656E6469 
 2157      6E6700
 2158              	.LASF8:
 2159 0232 75696E74 		.ascii	"uint32_t\000"
 2159      33325F74 
 2159      00
 2160              	.LASF47:
 2161 023b 725F7175 		.ascii	"r_queue\000"
 2161      65756500 
 2162              	.LASF62:
 2163 0243 63686172 		.ascii	"char\000"
 2163      00
 2164              	.LASF69:
 2165 0248 6669666F 		.ascii	"fifo_remove\000"
 2165      5F72656D 
 2165      6F766500 
 2166              	.LASF73:
 2167 0254 63685363 		.ascii	"chSchReadyI\000"
 2167      68526561 
 2167      64794900 
 2168              	.LASF57:
 2169 0260 6D5F6E65 		.ascii	"m_next\000"
 2169      787400
ARM GAS  C:\Users\jenny\AppData\Local\Temp\ccPd3qIN.s 			page 41


 2170              	.LASF20:
 2171 0267 73797374 		.ascii	"systime_t\000"
 2171      696D655F 
 2171      7400
 2172              	.LASF39:
 2173 0271 705F7265 		.ascii	"p_realprio\000"
 2173      616C7072 
 2173      696F00
 2174              	.LASF33:
 2175 027c 705F7469 		.ascii	"p_time\000"
 2175      6D6500
 2176              	.LASF44:
 2177 0283 696E7463 		.ascii	"intctx\000"
 2177      747800
 2178              	.LASF35:
 2179 028a 705F6D73 		.ascii	"p_msgqueue\000"
 2179      67717565 
 2179      756500
 2180              	.LASF74:
 2181 0295 63685363 		.ascii	"chSchWakeupS\000"
 2181      6857616B 
 2181      65757053 
 2181      00
 2182              	.LASF64:
 2183 02a2 63684D73 		.ascii	"chMsgWait\000"
 2183      67576169 
 2183      7400
 2184              	.LASF31:
 2185 02ac 705F7265 		.ascii	"p_refs\000"
 2185      667300
 2186              	.LASF53:
 2187 02b3 52656164 		.ascii	"ReadyList\000"
 2187      794C6973 
 2187      7400
 2188              	.LASF71:
 2189 02bd 726C6973 		.ascii	"rlist\000"
 2189      7400
 2190              	.LASF5:
 2191 02c3 75696E74 		.ascii	"uint8_t\000"
 2191      385F7400 
 2192              	.LASF67:
 2193 02cb 443A5C6A 		.ascii	"D:\\jenny\\dev\\probe\\chibios\\chibios.workspace\\"
 2193      656E6E79 
 2193      5C646576 
 2193      5C70726F 
 2193      62655C63 
 2194 02f8 64656D6F 		.ascii	"demos\\ARMCM4-STM32F407-LWIP-FATFS-USB\000"
 2194      735C4152 
 2194      4D434D34 
 2194      2D53544D 
 2194      33324634 
 2195              	.LASF60:
 2196 031e 77746F62 		.ascii	"wtobjp\000"
 2196      6A7000
 2197              	.LASF28:
 2198 0325 705F6E61 		.ascii	"p_name\000"
 2198      6D6500
ARM GAS  C:\Users\jenny\AppData\Local\Temp\ccPd3qIN.s 			page 42


 2199              	.LASF66:
 2200 032c 2E2E2F2E 		.ascii	"../../os/kernel/src/chmsg.c\000"
 2200      2E2F6F73 
 2200      2F6B6572 
 2200      6E656C2F 
 2200      7372632F 
 2201              	.LASF56:
 2202 0348 6D5F6F77 		.ascii	"m_owner\000"
 2202      6E657200 
 2203              	.LASF25:
 2204 0350 705F6374 		.ascii	"p_ctx\000"
 2204      7800
 2205              	.LASF34:
 2206 0356 705F7761 		.ascii	"p_waiting\000"
 2206      6974696E 
 2206      6700
 2207              		.ident	"GCC: (GNU Tools for ARM Embedded Processors) 4.7.4 20130913 (release) [ARM/embedded-4_7-br
ARM GAS  C:\Users\jenny\AppData\Local\Temp\ccPd3qIN.s 			page 43


DEFINED SYMBOLS
                            *ABS*:00000000 chmsg.c
C:\Users\jenny\AppData\Local\Temp\ccPd3qIN.s:20     .text.chMsgSend:00000000 $t
C:\Users\jenny\AppData\Local\Temp\ccPd3qIN.s:26     .text.chMsgSend:00000000 chMsgSend
C:\Users\jenny\AppData\Local\Temp\ccPd3qIN.s:118    .text.chMsgSend:0000003c $d
C:\Users\jenny\AppData\Local\Temp\ccPd3qIN.s:123    .text.chMsgWait:00000000 $t
C:\Users\jenny\AppData\Local\Temp\ccPd3qIN.s:129    .text.chMsgWait:00000000 chMsgWait
C:\Users\jenny\AppData\Local\Temp\ccPd3qIN.s:200    .text.chMsgWait:00000038 $d
C:\Users\jenny\AppData\Local\Temp\ccPd3qIN.s:205    .text.chMsgRelease:00000000 $t
C:\Users\jenny\AppData\Local\Temp\ccPd3qIN.s:211    .text.chMsgRelease:00000000 chMsgRelease
                     .debug_frame:00000010 $d
C:\Users\jenny\AppData\Local\Temp\ccPd3qIN.s:204    .text.chMsgWait:0000003c $t

UNDEFINED SYMBOLS
chSchGoSleepS
chSchReadyI
rlist
chSchWakeupS
