ARM GAS  C:\Users\jenny\AppData\Local\Temp\ccircnxf.s 			page 1


   1              		.syntax unified
   2              		.cpu cortex-m4
   3              		.eabi_attribute 27, 3
   4              		.fpu fpv4-sp-d16
   5              		.eabi_attribute 20, 1
   6              		.eabi_attribute 21, 1
   7              		.eabi_attribute 23, 3
   8              		.eabi_attribute 24, 1
   9              		.eabi_attribute 25, 1
  10              		.eabi_attribute 26, 1
  11              		.eabi_attribute 30, 2
  12              		.eabi_attribute 34, 1
  13              		.eabi_attribute 18, 4
  14              		.thumb
  15              		.file	"chregistry.c"
  16              		.text
  17              	.Ltext0:
  18              		.cfi_sections	.debug_frame
  19              		.section	.text.chRegFirstThread,"ax",%progbits
  20              		.align	2
  21              		.p2align 4,,15
  22              		.global	chRegFirstThread
  23              		.thumb
  24              		.thumb_func
  25              		.type	chRegFirstThread, %function
  26              	chRegFirstThread:
  27              	.LFB7:
  28              		.file 1 "../../os/kernel/src/chregistry.c"
  29              		.loc 1 117 0
  30              		.cfi_startproc
  31              		@ args = 0, pretend = 0, frame = 0
  32              		@ frame_needed = 0, uses_anonymous_args = 0
  33              		@ link register save eliminated.
  34              	.LBB2:
  35              		.loc 1 120 0
  36 0000 2023     		movs	r3, #32
  37              	.LVL0:
  38              	@ 120 "../../os/kernel/src/chregistry.c" 1
  39 0002 83F31188 		msr     BASEPRI, r3
  40              	@ 0 "" 2
  41              	.LVL1:
  42              		.thumb
  43              	.LBE2:
  44              		.loc 1 121 0
  45 0006 40F20002 		movw	r2, #:lower16:rlist
  46 000a C0F20002 		movt	r2, #:upper16:rlist
  47              	.LBB3:
  48              		.loc 1 125 0
  49 000e 0023     		movs	r3, #0
  50              	.LVL2:
  51              	.LBE3:
  52              		.loc 1 121 0
  53 0010 1069     		ldr	r0, [r2, #16]
  54              	.LVL3:
  55              		.loc 1 123 0
  56 0012 817F     		ldrb	r1, [r0, #30]	@ zero_extendqisi2
  57 0014 4A1C     		adds	r2, r1, #1
ARM GAS  C:\Users\jenny\AppData\Local\Temp\ccircnxf.s 			page 2


  58 0016 8277     		strb	r2, [r0, #30]
  59              	.LBB4:
  60              		.loc 1 125 0
  61              	@ 125 "../../os/kernel/src/chregistry.c" 1
  62 0018 83F31188 		msr     BASEPRI, r3
  63              	@ 0 "" 2
  64              	.LVL4:
  65              		.thumb
  66              	.LBE4:
  67              		.loc 1 127 0
  68 001c 7047     		bx	lr
  69              		.cfi_endproc
  70              	.LFE7:
  71              		.size	chRegFirstThread, .-chRegFirstThread
  72 001e 00BF     		.section	.text.chRegNextThread,"ax",%progbits
  73              		.align	2
  74              		.p2align 4,,15
  75              		.global	chRegNextThread
  76              		.thumb
  77              		.thumb_func
  78              		.type	chRegNextThread, %function
  79              	chRegNextThread:
  80              	.LFB8:
  81              		.loc 1 140 0
  82              		.cfi_startproc
  83              		@ args = 0, pretend = 0, frame = 0
  84              		@ frame_needed = 0, uses_anonymous_args = 0
  85              	.LVL5:
  86 0000 10B5     		push	{r4, lr}
  87              	.LCFI0:
  88              		.cfi_def_cfa_offset 8
  89              		.cfi_offset 4, -8
  90              		.cfi_offset 14, -4
  91              	.LBB5:
  92              		.loc 1 143 0
  93 0002 2023     		movs	r3, #32
  94              	.LVL6:
  95              	@ 143 "../../os/kernel/src/chregistry.c" 1
  96 0004 83F31188 		msr     BASEPRI, r3
  97              	@ 0 "" 2
  98              	.LVL7:
  99              		.thumb
 100              	.LBE5:
 101              		.loc 1 145 0
 102 0008 074B     		ldr	r3, .L6
 103              	.LVL8:
 104              		.loc 1 144 0
 105 000a 0469     		ldr	r4, [r0, #16]
 106              	.LVL9:
 107              		.loc 1 145 0
 108 000c 9C42     		cmp	r4, r3
 109 000e 09D0     		beq	.L4
 110              		.loc 1 151 0
 111 0010 A17F     		ldrb	r1, [r4, #30]	@ zero_extendqisi2
 112 0012 4A1C     		adds	r2, r1, #1
 113 0014 A277     		strb	r2, [r4, #30]
 114              	.LVL10:
ARM GAS  C:\Users\jenny\AppData\Local\Temp\ccircnxf.s 			page 3


 115              	.L3:
 116              	.LBB6:
 117              		.loc 1 154 0
 118 0016 0023     		movs	r3, #0
 119              	.LVL11:
 120              	@ 154 "../../os/kernel/src/chregistry.c" 1
 121 0018 83F31188 		msr     BASEPRI, r3
 122              	@ 0 "" 2
 123              	.LVL12:
 124              		.thumb
 125              	.LBE6:
 126              		.loc 1 156 0
 127 001c FFF7FEFF 		bl	chThdRelease
 128              	.LVL13:
 129              		.loc 1 159 0
 130 0020 2046     		mov	r0, r4
 131 0022 10BD     		pop	{r4, pc}
 132              	.LVL14:
 133              	.L4:
 134              		.loc 1 146 0
 135 0024 0024     		movs	r4, #0
 136              	.LVL15:
 137 0026 F6E7     		b	.L3
 138              	.L7:
 139              		.align	2
 140              	.L6:
 141 0028 00000000 		.word	rlist
 142              		.cfi_endproc
 143              	.LFE8:
 144              		.size	chRegNextThread, .-chRegNextThread
 145              		.global	ch_debug
 146 002c AFF30080 		.section	.rodata.ch_debug,"a",%progbits
 147              		.align	2
 148              		.type	ch_debug, %object
 149              		.size	ch_debug, 22
 150              	ch_debug:
 151 0000 6D61696E 		.ascii	"main"
 152 0004 00       		.byte	0
 153 0005 16       		.byte	22
 154 0006 8111     		.short	4481
 155 0008 04       		.byte	4
 156 0009 04       		.byte	4
 157 000a 48       		.byte	72
 158 000b 08       		.byte	8
 159 000c 0C       		.byte	12
 160 000d 10       		.byte	16
 161 000e 14       		.byte	20
 162 000f 18       		.byte	24
 163 0010 00       		.byte	0
 164 0011 1C       		.byte	28
 165 0012 1D       		.byte	29
 166 0013 1E       		.byte	30
 167 0014 1F       		.byte	31
 168 0015 20       		.byte	32
 169 0016 0000     		.text
 170              	.Letext0:
 171              		.file 2 "c:\\fbin\\yagarto\\bin\\../lib/gcc/arm-none-eabi/4.7.4/include/stddef.h"
ARM GAS  C:\Users\jenny\AppData\Local\Temp\ccircnxf.s 			page 4


 172              		.file 3 "c:\\fbin\\yagarto\\bin\\../lib/gcc/arm-none-eabi/4.7.4/../../../../arm-none-eabi/include/
 173              		.file 4 "../../os/ports/GCC/ARMCMx/chtypes.h"
 174              		.file 5 "../../os/kernel/include/chlists.h"
 175              		.file 6 "../../os/kernel/include/chthreads.h"
 176              		.file 7 "../../os/ports/GCC/ARMCMx/chcore_v7m.h"
 177              		.file 8 "../../os/kernel/include/chschd.h"
 178              		.file 9 "../../os/kernel/include/chmtx.h"
 179              		.file 10 "../../os/kernel/include/chregistry.h"
 180              		.file 11 "../../os/kernel/include/chdynamic.h"
 181              		.section	.debug_info,"",%progbits
 182              	.Ldebug_info0:
 183 0000 70070000 		.4byte	0x770
 184 0004 0200     		.2byte	0x2
 185 0006 00000000 		.4byte	.Ldebug_abbrev0
 186 000a 04       		.byte	0x4
 187 000b 01       		.uleb128 0x1
 188 000c BC000000 		.4byte	.LASF88
 189 0010 01       		.byte	0x1
 190 0011 62030000 		.4byte	.LASF89
 191 0015 AD030000 		.4byte	.LASF90
 192 0019 18000000 		.4byte	.Ldebug_ranges0+0x18
 193 001d 00000000 		.4byte	0
 194 0021 00000000 		.4byte	0
 195 0025 00000000 		.4byte	.Ldebug_line0
 196 0029 02       		.uleb128 0x2
 197 002a 04       		.byte	0x4
 198 002b 05       		.byte	0x5
 199 002c 696E7400 		.ascii	"int\000"
 200 0030 03       		.uleb128 0x3
 201 0031 13000000 		.4byte	.LASF2
 202 0035 02       		.byte	0x2
 203 0036 D5       		.byte	0xd5
 204 0037 3B000000 		.4byte	0x3b
 205 003b 04       		.uleb128 0x4
 206 003c 04       		.byte	0x4
 207 003d 07       		.byte	0x7
 208 003e 4C010000 		.4byte	.LASF0
 209 0042 04       		.uleb128 0x4
 210 0043 01       		.byte	0x1
 211 0044 06       		.byte	0x6
 212 0045 79000000 		.4byte	.LASF1
 213 0049 03       		.uleb128 0x3
 214 004a A5030000 		.4byte	.LASF3
 215 004e 03       		.byte	0x3
 216 004f 2A       		.byte	0x2a
 217 0050 54000000 		.4byte	0x54
 218 0054 04       		.uleb128 0x4
 219 0055 01       		.byte	0x1
 220 0056 08       		.byte	0x8
 221 0057 63020000 		.4byte	.LASF4
 222 005b 04       		.uleb128 0x4
 223 005c 02       		.byte	0x2
 224 005d 05       		.byte	0x5
 225 005e 7B020000 		.4byte	.LASF5
 226 0062 03       		.uleb128 0x3
 227 0063 17010000 		.4byte	.LASF6
 228 0067 03       		.byte	0x3
ARM GAS  C:\Users\jenny\AppData\Local\Temp\ccircnxf.s 			page 5


 229 0068 36       		.byte	0x36
 230 0069 6D000000 		.4byte	0x6d
 231 006d 04       		.uleb128 0x4
 232 006e 02       		.byte	0x2
 233 006f 07       		.byte	0x7
 234 0070 8A010000 		.4byte	.LASF7
 235 0074 03       		.uleb128 0x3
 236 0075 5B020000 		.4byte	.LASF8
 237 0079 03       		.byte	0x3
 238 007a 4F       		.byte	0x4f
 239 007b 7F000000 		.4byte	0x7f
 240 007f 04       		.uleb128 0x4
 241 0080 04       		.byte	0x4
 242 0081 05       		.byte	0x5
 243 0082 05010000 		.4byte	.LASF9
 244 0086 03       		.uleb128 0x3
 245 0087 FB020000 		.4byte	.LASF10
 246 008b 03       		.byte	0x3
 247 008c 50       		.byte	0x50
 248 008d 91000000 		.4byte	0x91
 249 0091 04       		.uleb128 0x4
 250 0092 04       		.byte	0x4
 251 0093 07       		.byte	0x7
 252 0094 59010000 		.4byte	.LASF11
 253 0098 04       		.uleb128 0x4
 254 0099 08       		.byte	0x8
 255 009a 05       		.byte	0x5
 256 009b 6B000000 		.4byte	.LASF12
 257 009f 04       		.uleb128 0x4
 258 00a0 08       		.byte	0x8
 259 00a1 07       		.byte	0x7
 260 00a2 2F000000 		.4byte	.LASF13
 261 00a6 04       		.uleb128 0x4
 262 00a7 01       		.byte	0x1
 263 00a8 02       		.byte	0x2
 264 00a9 55020000 		.4byte	.LASF14
 265 00ad 03       		.uleb128 0x3
 266 00ae A3010000 		.4byte	.LASF15
 267 00b2 04       		.byte	0x4
 268 00b3 2C       		.byte	0x2c
 269 00b4 49000000 		.4byte	0x49
 270 00b8 03       		.uleb128 0x3
 271 00b9 0E010000 		.4byte	.LASF16
 272 00bd 04       		.byte	0x4
 273 00be 2D       		.byte	0x2d
 274 00bf 49000000 		.4byte	0x49
 275 00c3 03       		.uleb128 0x3
 276 00c4 33020000 		.4byte	.LASF17
 277 00c8 04       		.byte	0x4
 278 00c9 2E       		.byte	0x2e
 279 00ca 49000000 		.4byte	0x49
 280 00ce 03       		.uleb128 0x3
 281 00cf B2000000 		.4byte	.LASF18
 282 00d3 04       		.byte	0x4
 283 00d4 2F       		.byte	0x2f
 284 00d5 49000000 		.4byte	0x49
 285 00d9 03       		.uleb128 0x3
ARM GAS  C:\Users\jenny\AppData\Local\Temp\ccircnxf.s 			page 6


 286 00da 4D020000 		.4byte	.LASF19
 287 00de 04       		.byte	0x4
 288 00df 30       		.byte	0x30
 289 00e0 86000000 		.4byte	0x86
 290 00e4 03       		.uleb128 0x3
 291 00e5 9D010000 		.4byte	.LASF20
 292 00e9 04       		.byte	0x4
 293 00ea 31       		.byte	0x31
 294 00eb 74000000 		.4byte	0x74
 295 00ef 03       		.uleb128 0x3
 296 00f0 B7010000 		.4byte	.LASF21
 297 00f4 04       		.byte	0x4
 298 00f5 33       		.byte	0x33
 299 00f6 86000000 		.4byte	0x86
 300 00fa 03       		.uleb128 0x3
 301 00fb 34030000 		.4byte	.LASF22
 302 00ff 04       		.byte	0x4
 303 0100 35       		.byte	0x35
 304 0101 86000000 		.4byte	0x86
 305 0105 03       		.uleb128 0x3
 306 0106 DC020000 		.4byte	.LASF23
 307 010a 05       		.byte	0x5
 308 010b 2A       		.byte	0x2a
 309 010c 10010000 		.4byte	0x110
 310 0110 05       		.uleb128 0x5
 311 0111 DC020000 		.4byte	.LASF23
 312 0115 48       		.byte	0x48
 313 0116 06       		.byte	0x6
 314 0117 5E       		.byte	0x5e
 315 0118 35020000 		.4byte	0x235
 316 011c 06       		.uleb128 0x6
 317 011d B1020000 		.4byte	.LASF24
 318 0121 06       		.byte	0x6
 319 0122 5F       		.byte	0x5f
 320 0123 5A020000 		.4byte	0x25a
 321 0127 02       		.byte	0x2
 322 0128 23       		.byte	0x23
 323 0129 00       		.uleb128 0
 324 012a 06       		.uleb128 0x6
 325 012b 46020000 		.4byte	.LASF25
 326 012f 06       		.byte	0x6
 327 0130 61       		.byte	0x61
 328 0131 5A020000 		.4byte	0x25a
 329 0135 02       		.byte	0x2
 330 0136 23       		.byte	0x23
 331 0137 04       		.uleb128 0x4
 332 0138 06       		.uleb128 0x6
 333 0139 57000000 		.4byte	.LASF26
 334 013d 06       		.byte	0x6
 335 013e 63       		.byte	0x63
 336 013f D9000000 		.4byte	0xd9
 337 0143 02       		.byte	0x2
 338 0144 23       		.byte	0x23
 339 0145 08       		.uleb128 0x8
 340 0146 06       		.uleb128 0x6
 341 0147 21040000 		.4byte	.LASF27
 342 014b 06       		.byte	0x6
ARM GAS  C:\Users\jenny\AppData\Local\Temp\ccircnxf.s 			page 7


 343 014c 64       		.byte	0x64
 344 014d 18040000 		.4byte	0x418
 345 0151 02       		.byte	0x2
 346 0152 23       		.byte	0x23
 347 0153 0C       		.uleb128 0xc
 348 0154 06       		.uleb128 0x6
 349 0155 2A010000 		.4byte	.LASF28
 350 0159 06       		.byte	0x6
 351 015a 66       		.byte	0x66
 352 015b 5A020000 		.4byte	0x25a
 353 015f 02       		.byte	0x2
 354 0160 23       		.byte	0x23
 355 0161 10       		.uleb128 0x10
 356 0162 06       		.uleb128 0x6
 357 0163 FE010000 		.4byte	.LASF29
 358 0167 06       		.byte	0x6
 359 0168 67       		.byte	0x67
 360 0169 5A020000 		.4byte	0x25a
 361 016d 02       		.byte	0x2
 362 016e 23       		.byte	0x23
 363 016f 14       		.uleb128 0x14
 364 0170 06       		.uleb128 0x6
 365 0171 07040000 		.4byte	.LASF30
 366 0175 06       		.byte	0x6
 367 0176 6E       		.byte	0x6e
 368 0177 2C050000 		.4byte	0x52c
 369 017b 02       		.byte	0x2
 370 017c 23       		.byte	0x23
 371 017d 18       		.uleb128 0x18
 372 017e 06       		.uleb128 0x6
 373 017f 85020000 		.4byte	.LASF31
 374 0183 06       		.byte	0x6
 375 0184 79       		.byte	0x79
 376 0185 B8000000 		.4byte	0xb8
 377 0189 02       		.byte	0x2
 378 018a 23       		.byte	0x23
 379 018b 1C       		.uleb128 0x1c
 380 018c 06       		.uleb128 0x6
 381 018d C7020000 		.4byte	.LASF32
 382 0191 06       		.byte	0x6
 383 0192 7D       		.byte	0x7d
 384 0193 AD000000 		.4byte	0xad
 385 0197 02       		.byte	0x2
 386 0198 23       		.byte	0x23
 387 0199 1D       		.uleb128 0x1d
 388 019a 06       		.uleb128 0x6
 389 019b 8E030000 		.4byte	.LASF33
 390 019f 06       		.byte	0x6
 391 01a0 82       		.byte	0x82
 392 01a1 C3000000 		.4byte	0xc3
 393 01a5 02       		.byte	0x2
 394 01a6 23       		.byte	0x23
 395 01a7 1E       		.uleb128 0x1e
 396 01a8 06       		.uleb128 0x6
 397 01a9 8D020000 		.4byte	.LASF34
 398 01ad 06       		.byte	0x6
 399 01ae 88       		.byte	0x88
ARM GAS  C:\Users\jenny\AppData\Local\Temp\ccircnxf.s 			page 8


 400 01af CE000000 		.4byte	0xce
 401 01b3 02       		.byte	0x2
 402 01b4 23       		.byte	0x23
 403 01b5 1F       		.uleb128 0x1f
 404 01b6 06       		.uleb128 0x6
 405 01b7 49030000 		.4byte	.LASF35
 406 01bb 06       		.byte	0x6
 407 01bc 8F       		.byte	0x8f
 408 01bd 42040000 		.4byte	0x442
 409 01c1 02       		.byte	0x2
 410 01c2 23       		.byte	0x23
 411 01c3 20       		.uleb128 0x20
 412 01c4 07       		.uleb128 0x7
 413 01c5 705F7500 		.ascii	"p_u\000"
 414 01c9 06       		.byte	0x6
 415 01ca B4       		.byte	0xb4
 416 01cb F7040000 		.4byte	0x4f7
 417 01cf 02       		.byte	0x2
 418 01d0 23       		.byte	0x23
 419 01d1 24       		.uleb128 0x24
 420 01d2 06       		.uleb128 0x6
 421 01d3 27040000 		.4byte	.LASF36
 422 01d7 06       		.byte	0x6
 423 01d8 B9       		.byte	0xb9
 424 01d9 82020000 		.4byte	0x282
 425 01dd 02       		.byte	0x2
 426 01de 23       		.byte	0x23
 427 01df 28       		.uleb128 0x28
 428 01e0 06       		.uleb128 0x6
 429 01e1 57030000 		.4byte	.LASF37
 430 01e5 06       		.byte	0x6
 431 01e6 BF       		.byte	0xbf
 432 01e7 60020000 		.4byte	0x260
 433 01eb 02       		.byte	0x2
 434 01ec 23       		.byte	0x23
 435 01ed 2C       		.uleb128 0x2c
 436 01ee 06       		.uleb128 0x6
 437 01ef 0D000000 		.4byte	.LASF38
 438 01f3 06       		.byte	0x6
 439 01f4 C3       		.byte	0xc3
 440 01f5 E4000000 		.4byte	0xe4
 441 01f9 02       		.byte	0x2
 442 01fa 23       		.byte	0x23
 443 01fb 34       		.uleb128 0x34
 444 01fc 06       		.uleb128 0x6
 445 01fd F0020000 		.4byte	.LASF39
 446 0201 06       		.byte	0x6
 447 0202 C9       		.byte	0xc9
 448 0203 EF000000 		.4byte	0xef
 449 0207 02       		.byte	0x2
 450 0208 23       		.byte	0x23
 451 0209 38       		.uleb128 0x38
 452 020a 06       		.uleb128 0x6
 453 020b 71020000 		.4byte	.LASF40
 454 020f 06       		.byte	0x6
 455 0210 D0       		.byte	0xd0
 456 0211 3E050000 		.4byte	0x53e
ARM GAS  C:\Users\jenny\AppData\Local\Temp\ccircnxf.s 			page 9


 457 0215 02       		.byte	0x2
 458 0216 23       		.byte	0x23
 459 0217 3C       		.uleb128 0x3c
 460 0218 06       		.uleb128 0x6
 461 0219 3E030000 		.4byte	.LASF41
 462 021d 06       		.byte	0x6
 463 021e D4       		.byte	0xd4
 464 021f D9000000 		.4byte	0xd9
 465 0223 02       		.byte	0x2
 466 0224 23       		.byte	0x23
 467 0225 40       		.uleb128 0x40
 468 0226 06       		.uleb128 0x6
 469 0227 A2000000 		.4byte	.LASF42
 470 022b 06       		.byte	0x6
 471 022c DA       		.byte	0xda
 472 022d 98020000 		.4byte	0x298
 473 0231 02       		.byte	0x2
 474 0232 23       		.byte	0x23
 475 0233 44       		.uleb128 0x44
 476 0234 00       		.byte	0
 477 0235 08       		.uleb128 0x8
 478 0236 08       		.byte	0x8
 479 0237 05       		.byte	0x5
 480 0238 61       		.byte	0x61
 481 0239 5A020000 		.4byte	0x25a
 482 023d 06       		.uleb128 0x6
 483 023e B1020000 		.4byte	.LASF24
 484 0242 05       		.byte	0x5
 485 0243 62       		.byte	0x62
 486 0244 5A020000 		.4byte	0x25a
 487 0248 02       		.byte	0x2
 488 0249 23       		.byte	0x23
 489 024a 00       		.uleb128 0
 490 024b 06       		.uleb128 0x6
 491 024c 46020000 		.4byte	.LASF25
 492 0250 05       		.byte	0x5
 493 0251 64       		.byte	0x64
 494 0252 5A020000 		.4byte	0x25a
 495 0256 02       		.byte	0x2
 496 0257 23       		.byte	0x23
 497 0258 04       		.uleb128 0x4
 498 0259 00       		.byte	0
 499 025a 09       		.uleb128 0x9
 500 025b 04       		.byte	0x4
 501 025c 05010000 		.4byte	0x105
 502 0260 03       		.uleb128 0x3
 503 0261 0C020000 		.4byte	.LASF43
 504 0265 05       		.byte	0x5
 505 0266 66       		.byte	0x66
 506 0267 35020000 		.4byte	0x235
 507 026b 08       		.uleb128 0x8
 508 026c 04       		.byte	0x4
 509 026d 05       		.byte	0x5
 510 026e 6B       		.byte	0x6b
 511 026f 82020000 		.4byte	0x282
 512 0273 06       		.uleb128 0x6
 513 0274 B1020000 		.4byte	.LASF24
ARM GAS  C:\Users\jenny\AppData\Local\Temp\ccircnxf.s 			page 10


 514 0278 05       		.byte	0x5
 515 0279 6D       		.byte	0x6d
 516 027a 5A020000 		.4byte	0x25a
 517 027e 02       		.byte	0x2
 518 027f 23       		.byte	0x23
 519 0280 00       		.uleb128 0
 520 0281 00       		.byte	0
 521 0282 03       		.uleb128 0x3
 522 0283 AB010000 		.4byte	.LASF44
 523 0287 05       		.byte	0x5
 524 0288 70       		.byte	0x70
 525 0289 6B020000 		.4byte	0x26b
 526 028d 03       		.uleb128 0x3
 527 028e 43010000 		.4byte	.LASF45
 528 0292 07       		.byte	0x7
 529 0293 E5       		.byte	0xe5
 530 0294 98020000 		.4byte	0x298
 531 0298 0A       		.uleb128 0xa
 532 0299 04       		.byte	0x4
 533 029a 0B       		.uleb128 0xb
 534 029b 50030000 		.4byte	.LASF46
 535 029f 64       		.byte	0x64
 536 02a0 07       		.byte	0x7
 537 02a1 0C01     		.2byte	0x10c
 538 02a3 18040000 		.4byte	0x418
 539 02a7 0C       		.uleb128 0xc
 540 02a8 73313600 		.ascii	"s16\000"
 541 02ac 07       		.byte	0x7
 542 02ad 0E01     		.2byte	0x10e
 543 02af 8D020000 		.4byte	0x28d
 544 02b3 02       		.byte	0x2
 545 02b4 23       		.byte	0x23
 546 02b5 00       		.uleb128 0
 547 02b6 0C       		.uleb128 0xc
 548 02b7 73313700 		.ascii	"s17\000"
 549 02bb 07       		.byte	0x7
 550 02bc 0F01     		.2byte	0x10f
 551 02be 8D020000 		.4byte	0x28d
 552 02c2 02       		.byte	0x2
 553 02c3 23       		.byte	0x23
 554 02c4 04       		.uleb128 0x4
 555 02c5 0C       		.uleb128 0xc
 556 02c6 73313800 		.ascii	"s18\000"
 557 02ca 07       		.byte	0x7
 558 02cb 1001     		.2byte	0x110
 559 02cd 8D020000 		.4byte	0x28d
 560 02d1 02       		.byte	0x2
 561 02d2 23       		.byte	0x23
 562 02d3 08       		.uleb128 0x8
 563 02d4 0C       		.uleb128 0xc
 564 02d5 73313900 		.ascii	"s19\000"
 565 02d9 07       		.byte	0x7
 566 02da 1101     		.2byte	0x111
 567 02dc 8D020000 		.4byte	0x28d
 568 02e0 02       		.byte	0x2
 569 02e1 23       		.byte	0x23
 570 02e2 0C       		.uleb128 0xc
ARM GAS  C:\Users\jenny\AppData\Local\Temp\ccircnxf.s 			page 11


 571 02e3 0C       		.uleb128 0xc
 572 02e4 73323000 		.ascii	"s20\000"
 573 02e8 07       		.byte	0x7
 574 02e9 1201     		.2byte	0x112
 575 02eb 8D020000 		.4byte	0x28d
 576 02ef 02       		.byte	0x2
 577 02f0 23       		.byte	0x23
 578 02f1 10       		.uleb128 0x10
 579 02f2 0C       		.uleb128 0xc
 580 02f3 73323100 		.ascii	"s21\000"
 581 02f7 07       		.byte	0x7
 582 02f8 1301     		.2byte	0x113
 583 02fa 8D020000 		.4byte	0x28d
 584 02fe 02       		.byte	0x2
 585 02ff 23       		.byte	0x23
 586 0300 14       		.uleb128 0x14
 587 0301 0C       		.uleb128 0xc
 588 0302 73323200 		.ascii	"s22\000"
 589 0306 07       		.byte	0x7
 590 0307 1401     		.2byte	0x114
 591 0309 8D020000 		.4byte	0x28d
 592 030d 02       		.byte	0x2
 593 030e 23       		.byte	0x23
 594 030f 18       		.uleb128 0x18
 595 0310 0C       		.uleb128 0xc
 596 0311 73323300 		.ascii	"s23\000"
 597 0315 07       		.byte	0x7
 598 0316 1501     		.2byte	0x115
 599 0318 8D020000 		.4byte	0x28d
 600 031c 02       		.byte	0x2
 601 031d 23       		.byte	0x23
 602 031e 1C       		.uleb128 0x1c
 603 031f 0C       		.uleb128 0xc
 604 0320 73323400 		.ascii	"s24\000"
 605 0324 07       		.byte	0x7
 606 0325 1601     		.2byte	0x116
 607 0327 8D020000 		.4byte	0x28d
 608 032b 02       		.byte	0x2
 609 032c 23       		.byte	0x23
 610 032d 20       		.uleb128 0x20
 611 032e 0C       		.uleb128 0xc
 612 032f 73323500 		.ascii	"s25\000"
 613 0333 07       		.byte	0x7
 614 0334 1701     		.2byte	0x117
 615 0336 8D020000 		.4byte	0x28d
 616 033a 02       		.byte	0x2
 617 033b 23       		.byte	0x23
 618 033c 24       		.uleb128 0x24
 619 033d 0C       		.uleb128 0xc
 620 033e 73323600 		.ascii	"s26\000"
 621 0342 07       		.byte	0x7
 622 0343 1801     		.2byte	0x118
 623 0345 8D020000 		.4byte	0x28d
 624 0349 02       		.byte	0x2
 625 034a 23       		.byte	0x23
 626 034b 28       		.uleb128 0x28
 627 034c 0C       		.uleb128 0xc
ARM GAS  C:\Users\jenny\AppData\Local\Temp\ccircnxf.s 			page 12


 628 034d 73323700 		.ascii	"s27\000"
 629 0351 07       		.byte	0x7
 630 0352 1901     		.2byte	0x119
 631 0354 8D020000 		.4byte	0x28d
 632 0358 02       		.byte	0x2
 633 0359 23       		.byte	0x23
 634 035a 2C       		.uleb128 0x2c
 635 035b 0C       		.uleb128 0xc
 636 035c 73323800 		.ascii	"s28\000"
 637 0360 07       		.byte	0x7
 638 0361 1A01     		.2byte	0x11a
 639 0363 8D020000 		.4byte	0x28d
 640 0367 02       		.byte	0x2
 641 0368 23       		.byte	0x23
 642 0369 30       		.uleb128 0x30
 643 036a 0C       		.uleb128 0xc
 644 036b 73323900 		.ascii	"s29\000"
 645 036f 07       		.byte	0x7
 646 0370 1B01     		.2byte	0x11b
 647 0372 8D020000 		.4byte	0x28d
 648 0376 02       		.byte	0x2
 649 0377 23       		.byte	0x23
 650 0378 34       		.uleb128 0x34
 651 0379 0C       		.uleb128 0xc
 652 037a 73333000 		.ascii	"s30\000"
 653 037e 07       		.byte	0x7
 654 037f 1C01     		.2byte	0x11c
 655 0381 8D020000 		.4byte	0x28d
 656 0385 02       		.byte	0x2
 657 0386 23       		.byte	0x23
 658 0387 38       		.uleb128 0x38
 659 0388 0C       		.uleb128 0xc
 660 0389 73333100 		.ascii	"s31\000"
 661 038d 07       		.byte	0x7
 662 038e 1D01     		.2byte	0x11d
 663 0390 8D020000 		.4byte	0x28d
 664 0394 02       		.byte	0x2
 665 0395 23       		.byte	0x23
 666 0396 3C       		.uleb128 0x3c
 667 0397 0C       		.uleb128 0xc
 668 0398 723400   		.ascii	"r4\000"
 669 039b 07       		.byte	0x7
 670 039c 1F01     		.2byte	0x11f
 671 039e 8D020000 		.4byte	0x28d
 672 03a2 02       		.byte	0x2
 673 03a3 23       		.byte	0x23
 674 03a4 40       		.uleb128 0x40
 675 03a5 0C       		.uleb128 0xc
 676 03a6 723500   		.ascii	"r5\000"
 677 03a9 07       		.byte	0x7
 678 03aa 2001     		.2byte	0x120
 679 03ac 8D020000 		.4byte	0x28d
 680 03b0 02       		.byte	0x2
 681 03b1 23       		.byte	0x23
 682 03b2 44       		.uleb128 0x44
 683 03b3 0C       		.uleb128 0xc
 684 03b4 723600   		.ascii	"r6\000"
ARM GAS  C:\Users\jenny\AppData\Local\Temp\ccircnxf.s 			page 13


 685 03b7 07       		.byte	0x7
 686 03b8 2101     		.2byte	0x121
 687 03ba 8D020000 		.4byte	0x28d
 688 03be 02       		.byte	0x2
 689 03bf 23       		.byte	0x23
 690 03c0 48       		.uleb128 0x48
 691 03c1 0C       		.uleb128 0xc
 692 03c2 723700   		.ascii	"r7\000"
 693 03c5 07       		.byte	0x7
 694 03c6 2201     		.2byte	0x122
 695 03c8 8D020000 		.4byte	0x28d
 696 03cc 02       		.byte	0x2
 697 03cd 23       		.byte	0x23
 698 03ce 4C       		.uleb128 0x4c
 699 03cf 0C       		.uleb128 0xc
 700 03d0 723800   		.ascii	"r8\000"
 701 03d3 07       		.byte	0x7
 702 03d4 2301     		.2byte	0x123
 703 03d6 8D020000 		.4byte	0x28d
 704 03da 02       		.byte	0x2
 705 03db 23       		.byte	0x23
 706 03dc 50       		.uleb128 0x50
 707 03dd 0C       		.uleb128 0xc
 708 03de 723900   		.ascii	"r9\000"
 709 03e1 07       		.byte	0x7
 710 03e2 2401     		.2byte	0x124
 711 03e4 8D020000 		.4byte	0x28d
 712 03e8 02       		.byte	0x2
 713 03e9 23       		.byte	0x23
 714 03ea 54       		.uleb128 0x54
 715 03eb 0C       		.uleb128 0xc
 716 03ec 72313000 		.ascii	"r10\000"
 717 03f0 07       		.byte	0x7
 718 03f1 2501     		.2byte	0x125
 719 03f3 8D020000 		.4byte	0x28d
 720 03f7 02       		.byte	0x2
 721 03f8 23       		.byte	0x23
 722 03f9 58       		.uleb128 0x58
 723 03fa 0C       		.uleb128 0xc
 724 03fb 72313100 		.ascii	"r11\000"
 725 03ff 07       		.byte	0x7
 726 0400 2601     		.2byte	0x126
 727 0402 8D020000 		.4byte	0x28d
 728 0406 02       		.byte	0x2
 729 0407 23       		.byte	0x23
 730 0408 5C       		.uleb128 0x5c
 731 0409 0C       		.uleb128 0xc
 732 040a 6C7200   		.ascii	"lr\000"
 733 040d 07       		.byte	0x7
 734 040e 2701     		.2byte	0x127
 735 0410 8D020000 		.4byte	0x28d
 736 0414 02       		.byte	0x2
 737 0415 23       		.byte	0x23
 738 0416 60       		.uleb128 0x60
 739 0417 00       		.byte	0
 740 0418 0B       		.uleb128 0xb
 741 0419 82010000 		.4byte	.LASF47
ARM GAS  C:\Users\jenny\AppData\Local\Temp\ccircnxf.s 			page 14


 742 041d 04       		.byte	0x4
 743 041e 07       		.byte	0x7
 744 041f 3101     		.2byte	0x131
 745 0421 35040000 		.4byte	0x435
 746 0425 0C       		.uleb128 0xc
 747 0426 72313300 		.ascii	"r13\000"
 748 042a 07       		.byte	0x7
 749 042b 3201     		.2byte	0x132
 750 042d 35040000 		.4byte	0x435
 751 0431 02       		.byte	0x2
 752 0432 23       		.byte	0x23
 753 0433 00       		.uleb128 0
 754 0434 00       		.byte	0
 755 0435 09       		.uleb128 0x9
 756 0436 04       		.byte	0x4
 757 0437 9A020000 		.4byte	0x29a
 758 043b 04       		.uleb128 0x4
 759 043c 04       		.byte	0x4
 760 043d 07       		.byte	0x7
 761 043e DD010000 		.4byte	.LASF48
 762 0442 0D       		.uleb128 0xd
 763 0443 FA000000 		.4byte	0xfa
 764 0447 08       		.uleb128 0x8
 765 0448 1C       		.byte	0x1c
 766 0449 08       		.byte	0x8
 767 044a 5E       		.byte	0x5e
 768 044b A4040000 		.4byte	0x4a4
 769 044f 06       		.uleb128 0x6
 770 0450 10030000 		.4byte	.LASF49
 771 0454 08       		.byte	0x8
 772 0455 5F       		.byte	0x5f
 773 0456 60020000 		.4byte	0x260
 774 045a 02       		.byte	0x2
 775 045b 23       		.byte	0x23
 776 045c 00       		.uleb128 0
 777 045d 06       		.uleb128 0x6
 778 045e A3020000 		.4byte	.LASF50
 779 0462 08       		.byte	0x8
 780 0463 60       		.byte	0x60
 781 0464 D9000000 		.4byte	0xd9
 782 0468 02       		.byte	0x2
 783 0469 23       		.byte	0x23
 784 046a 08       		.uleb128 0x8
 785 046b 06       		.uleb128 0x6
 786 046c 06020000 		.4byte	.LASF51
 787 0470 08       		.byte	0x8
 788 0471 62       		.byte	0x62
 789 0472 18040000 		.4byte	0x418
 790 0476 02       		.byte	0x2
 791 0477 23       		.byte	0x23
 792 0478 0C       		.uleb128 0xc
 793 0479 06       		.uleb128 0x6
 794 047a 3B010000 		.4byte	.LASF52
 795 047e 08       		.byte	0x8
 796 047f 65       		.byte	0x65
 797 0480 5A020000 		.4byte	0x25a
 798 0484 02       		.byte	0x2
ARM GAS  C:\Users\jenny\AppData\Local\Temp\ccircnxf.s 			page 15


 799 0485 23       		.byte	0x23
 800 0486 10       		.uleb128 0x10
 801 0487 06       		.uleb128 0x6
 802 0488 2B020000 		.4byte	.LASF53
 803 048c 08       		.byte	0x8
 804 048d 66       		.byte	0x66
 805 048e 5A020000 		.4byte	0x25a
 806 0492 02       		.byte	0x2
 807 0493 23       		.byte	0x23
 808 0494 14       		.uleb128 0x14
 809 0495 06       		.uleb128 0x6
 810 0496 21020000 		.4byte	.LASF54
 811 049a 08       		.byte	0x8
 812 049b 69       		.byte	0x69
 813 049c 5A020000 		.4byte	0x25a
 814 04a0 02       		.byte	0x2
 815 04a1 23       		.byte	0x23
 816 04a2 18       		.uleb128 0x18
 817 04a3 00       		.byte	0
 818 04a4 03       		.uleb128 0x3
 819 04a5 95030000 		.4byte	.LASF55
 820 04a9 08       		.byte	0x8
 821 04aa 6B       		.byte	0x6b
 822 04ab 47040000 		.4byte	0x447
 823 04af 05       		.uleb128 0x5
 824 04b0 C3010000 		.4byte	.LASF56
 825 04b4 10       		.byte	0x10
 826 04b5 09       		.byte	0x9
 827 04b6 2C       		.byte	0x2c
 828 04b7 E6040000 		.4byte	0x4e6
 829 04bb 06       		.uleb128 0x6
 830 04bc AA000000 		.4byte	.LASF57
 831 04c0 09       		.byte	0x9
 832 04c1 2D       		.byte	0x2d
 833 04c2 60020000 		.4byte	0x260
 834 04c6 02       		.byte	0x2
 835 04c7 23       		.byte	0x23
 836 04c8 00       		.uleb128 0
 837 04c9 06       		.uleb128 0x6
 838 04ca 19040000 		.4byte	.LASF58
 839 04ce 09       		.byte	0x9
 840 04cf 2F       		.byte	0x2f
 841 04d0 5A020000 		.4byte	0x25a
 842 04d4 02       		.byte	0x2
 843 04d5 23       		.byte	0x23
 844 04d6 08       		.uleb128 0x8
 845 04d7 06       		.uleb128 0x6
 846 04d8 2D030000 		.4byte	.LASF59
 847 04dc 09       		.byte	0x9
 848 04dd 31       		.byte	0x31
 849 04de E6040000 		.4byte	0x4e6
 850 04e2 02       		.byte	0x2
 851 04e3 23       		.byte	0x23
 852 04e4 0C       		.uleb128 0xc
 853 04e5 00       		.byte	0
 854 04e6 09       		.uleb128 0x9
 855 04e7 04       		.byte	0x4
ARM GAS  C:\Users\jenny\AppData\Local\Temp\ccircnxf.s 			page 16


 856 04e8 AF040000 		.4byte	0x4af
 857 04ec 03       		.uleb128 0x3
 858 04ed C3010000 		.4byte	.LASF56
 859 04f1 09       		.byte	0x9
 860 04f2 33       		.byte	0x33
 861 04f3 AF040000 		.4byte	0x4af
 862 04f7 0E       		.uleb128 0xe
 863 04f8 04       		.byte	0x4
 864 04f9 06       		.byte	0x6
 865 04fa 96       		.byte	0x96
 866 04fb 2C050000 		.4byte	0x52c
 867 04ff 0F       		.uleb128 0xf
 868 0500 1A000000 		.4byte	.LASF60
 869 0504 06       		.byte	0x6
 870 0505 9D       		.byte	0x9d
 871 0506 E4000000 		.4byte	0xe4
 872 050a 0F       		.uleb128 0xf
 873 050b 32010000 		.4byte	.LASF61
 874 050f 06       		.byte	0x6
 875 0510 A4       		.byte	0xa4
 876 0511 E4000000 		.4byte	0xe4
 877 0515 0F       		.uleb128 0xf
 878 0516 00040000 		.4byte	.LASF62
 879 051a 06       		.byte	0x6
 880 051b AB       		.byte	0xab
 881 051c 98020000 		.4byte	0x298
 882 0520 0F       		.uleb128 0xf
 883 0521 AA020000 		.4byte	.LASF63
 884 0525 06       		.byte	0x6
 885 0526 B2       		.byte	0xb2
 886 0527 EF000000 		.4byte	0xef
 887 052b 00       		.byte	0
 888 052c 09       		.uleb128 0x9
 889 052d 04       		.byte	0x4
 890 052e 32050000 		.4byte	0x532
 891 0532 10       		.uleb128 0x10
 892 0533 37050000 		.4byte	0x537
 893 0537 04       		.uleb128 0x4
 894 0538 01       		.byte	0x1
 895 0539 08       		.byte	0x8
 896 053a 18030000 		.4byte	.LASF64
 897 053e 09       		.uleb128 0x9
 898 053f 04       		.byte	0x4
 899 0540 EC040000 		.4byte	0x4ec
 900 0544 08       		.uleb128 0x8
 901 0545 16       		.byte	0x16
 902 0546 0A       		.byte	0xa
 903 0547 2C       		.byte	0x2c
 904 0548 49060000 		.4byte	0x649
 905 054c 06       		.uleb128 0x6
 906 054d 74010000 		.4byte	.LASF65
 907 0551 0A       		.byte	0xa
 908 0552 2D       		.byte	0x2d
 909 0553 49060000 		.4byte	0x649
 910 0557 02       		.byte	0x2
 911 0558 23       		.byte	0x23
 912 0559 00       		.uleb128 0
ARM GAS  C:\Users\jenny\AppData\Local\Temp\ccircnxf.s 			page 17


 913 055a 06       		.uleb128 0x6
 914 055b C9010000 		.4byte	.LASF66
 915 055f 0A       		.byte	0xa
 916 0560 2E       		.byte	0x2e
 917 0561 49000000 		.4byte	0x49
 918 0565 02       		.byte	0x2
 919 0566 23       		.byte	0x23
 920 0567 04       		.uleb128 0x4
 921 0568 06       		.uleb128 0x6
 922 0569 19020000 		.4byte	.LASF67
 923 056d 0A       		.byte	0xa
 924 056e 2F       		.byte	0x2f
 925 056f 49000000 		.4byte	0x49
 926 0573 02       		.byte	0x2
 927 0574 23       		.byte	0x23
 928 0575 05       		.uleb128 0x5
 929 0576 06       		.uleb128 0x6
 930 0577 0E040000 		.4byte	.LASF68
 931 057b 0A       		.byte	0xa
 932 057c 30       		.byte	0x30
 933 057d 62000000 		.4byte	0x62
 934 0581 02       		.byte	0x2
 935 0582 23       		.byte	0x23
 936 0583 06       		.uleb128 0x6
 937 0584 06       		.uleb128 0x6
 938 0585 3B020000 		.4byte	.LASF69
 939 0589 0A       		.byte	0xa
 940 058a 31       		.byte	0x31
 941 058b 49000000 		.4byte	0x49
 942 058f 02       		.byte	0x2
 943 0590 23       		.byte	0x23
 944 0591 08       		.uleb128 0x8
 945 0592 06       		.uleb128 0x6
 946 0593 E6010000 		.4byte	.LASF70
 947 0597 0A       		.byte	0xa
 948 0598 32       		.byte	0x32
 949 0599 49000000 		.4byte	0x49
 950 059d 02       		.byte	0x2
 951 059e 23       		.byte	0x23
 952 059f 09       		.uleb128 0x9
 953 05a0 06       		.uleb128 0x6
 954 05a1 21000000 		.4byte	.LASF71
 955 05a5 0A       		.byte	0xa
 956 05a6 33       		.byte	0x33
 957 05a7 49000000 		.4byte	0x49
 958 05ab 02       		.byte	0x2
 959 05ac 23       		.byte	0x23
 960 05ad 0A       		.uleb128 0xa
 961 05ae 06       		.uleb128 0x6
 962 05af 04030000 		.4byte	.LASF72
 963 05b3 0A       		.byte	0xa
 964 05b4 34       		.byte	0x34
 965 05b5 49000000 		.4byte	0x49
 966 05b9 02       		.byte	0x2
 967 05ba 23       		.byte	0x23
 968 05bb 0B       		.uleb128 0xb
 969 05bc 06       		.uleb128 0x6
ARM GAS  C:\Users\jenny\AppData\Local\Temp\ccircnxf.s 			page 18


 970 05bd 83030000 		.4byte	.LASF73
 971 05c1 0A       		.byte	0xa
 972 05c2 35       		.byte	0x35
 973 05c3 49000000 		.4byte	0x49
 974 05c7 02       		.byte	0x2
 975 05c8 23       		.byte	0x23
 976 05c9 0C       		.uleb128 0xc
 977 05ca 06       		.uleb128 0x6
 978 05cb E3020000 		.4byte	.LASF74
 979 05cf 0A       		.byte	0xa
 980 05d0 36       		.byte	0x36
 981 05d1 49000000 		.4byte	0x49
 982 05d5 02       		.byte	0x2
 983 05d6 23       		.byte	0x23
 984 05d7 0D       		.uleb128 0xd
 985 05d8 06       		.uleb128 0x6
 986 05d9 00000000 		.4byte	.LASF75
 987 05dd 0A       		.byte	0xa
 988 05de 37       		.byte	0x37
 989 05df 49000000 		.4byte	0x49
 990 05e3 02       		.byte	0x2
 991 05e4 23       		.byte	0x23
 992 05e5 0E       		.uleb128 0xe
 993 05e6 06       		.uleb128 0x6
 994 05e7 F2010000 		.4byte	.LASF76
 995 05eb 0A       		.byte	0xa
 996 05ec 38       		.byte	0x38
 997 05ed 49000000 		.4byte	0x49
 998 05f1 02       		.byte	0x2
 999 05f2 23       		.byte	0x23
 1000 05f3 0F       		.uleb128 0xf
 1001 05f4 06       		.uleb128 0x6
 1002 05f5 85000000 		.4byte	.LASF77
 1003 05f9 0A       		.byte	0xa
 1004 05fa 39       		.byte	0x39
 1005 05fb 49000000 		.4byte	0x49
 1006 05ff 02       		.byte	0x2
 1007 0600 23       		.byte	0x23
 1008 0601 10       		.uleb128 0x10
 1009 0602 06       		.uleb128 0x6
 1010 0603 5E000000 		.4byte	.LASF78
 1011 0607 0A       		.byte	0xa
 1012 0608 3B       		.byte	0x3b
 1013 0609 49000000 		.4byte	0x49
 1014 060d 02       		.byte	0x2
 1015 060e 23       		.byte	0x23
 1016 060f 11       		.uleb128 0x11
 1017 0610 06       		.uleb128 0x6
 1018 0611 95000000 		.4byte	.LASF79
 1019 0615 0A       		.byte	0xa
 1020 0616 3C       		.byte	0x3c
 1021 0617 49000000 		.4byte	0x49
 1022 061b 02       		.byte	0x2
 1023 061c 23       		.byte	0x23
 1024 061d 12       		.uleb128 0x12
 1025 061e 06       		.uleb128 0x6
 1026 061f D1010000 		.4byte	.LASF80
ARM GAS  C:\Users\jenny\AppData\Local\Temp\ccircnxf.s 			page 19


 1027 0623 0A       		.byte	0xa
 1028 0624 3D       		.byte	0x3d
 1029 0625 49000000 		.4byte	0x49
 1030 0629 02       		.byte	0x2
 1031 062a 23       		.byte	0x23
 1032 062b 13       		.uleb128 0x13
 1033 062c 06       		.uleb128 0x6
 1034 062d B8020000 		.4byte	.LASF81
 1035 0631 0A       		.byte	0xa
 1036 0632 3E       		.byte	0x3e
 1037 0633 49000000 		.4byte	0x49
 1038 0637 02       		.byte	0x2
 1039 0638 23       		.byte	0x23
 1040 0639 14       		.uleb128 0x14
 1041 063a 06       		.uleb128 0x6
 1042 063b 97020000 		.4byte	.LASF82
 1043 063f 0A       		.byte	0xa
 1044 0640 40       		.byte	0x40
 1045 0641 49000000 		.4byte	0x49
 1046 0645 02       		.byte	0x2
 1047 0646 23       		.byte	0x23
 1048 0647 15       		.uleb128 0x15
 1049 0648 00       		.byte	0
 1050 0649 11       		.uleb128 0x11
 1051 064a 37050000 		.4byte	0x537
 1052 064e 59060000 		.4byte	0x659
 1053 0652 12       		.uleb128 0x12
 1054 0653 3B040000 		.4byte	0x43b
 1055 0657 03       		.byte	0x3
 1056 0658 00       		.byte	0
 1057 0659 03       		.uleb128 0x3
 1058 065a 20010000 		.4byte	.LASF83
 1059 065e 0A       		.byte	0xa
 1060 065f 41       		.byte	0x41
 1061 0660 44050000 		.4byte	0x544
 1062 0664 13       		.uleb128 0x13
 1063 0665 01       		.byte	0x1
 1064 0666 46000000 		.4byte	.LASF84
 1065 066a 01       		.byte	0x1
 1066 066b 75       		.byte	0x75
 1067 066c 01       		.byte	0x1
 1068 066d 5A020000 		.4byte	0x25a
 1069 0671 00000000 		.4byte	.LFB7
 1070 0675 1E000000 		.4byte	.LFE7
 1071 0679 02       		.byte	0x2
 1072 067a 7D       		.byte	0x7d
 1073 067b 00       		.sleb128 0
 1074 067c 01       		.byte	0x1
 1075 067d C0060000 		.4byte	0x6c0
 1076 0681 14       		.uleb128 0x14
 1077 0682 747000   		.ascii	"tp\000"
 1078 0685 01       		.byte	0x1
 1079 0686 76       		.byte	0x76
 1080 0687 5A020000 		.4byte	0x25a
 1081 068b 01       		.byte	0x1
 1082 068c 50       		.byte	0x50
 1083 068d 15       		.uleb128 0x15
ARM GAS  C:\Users\jenny\AppData\Local\Temp\ccircnxf.s 			page 20


 1084 068e 00000000 		.4byte	.LBB2
 1085 0692 06000000 		.4byte	.LBE2
 1086 0696 AA060000 		.4byte	0x6aa
 1087 069a 16       		.uleb128 0x16
 1088 069b 746D7000 		.ascii	"tmp\000"
 1089 069f 01       		.byte	0x1
 1090 06a0 78       		.byte	0x78
 1091 06a1 86000000 		.4byte	0x86
 1092 06a5 00000000 		.4byte	.LLST0
 1093 06a9 00       		.byte	0
 1094 06aa 17       		.uleb128 0x17
 1095 06ab 00000000 		.4byte	.Ldebug_ranges0+0
 1096 06af 16       		.uleb128 0x16
 1097 06b0 746D7000 		.ascii	"tmp\000"
 1098 06b4 01       		.byte	0x1
 1099 06b5 7D       		.byte	0x7d
 1100 06b6 86000000 		.4byte	0x86
 1101 06ba 13000000 		.4byte	.LLST1
 1102 06be 00       		.byte	0
 1103 06bf 00       		.byte	0
 1104 06c0 18       		.uleb128 0x18
 1105 06c1 01       		.byte	0x1
 1106 06c2 1D030000 		.4byte	.LASF85
 1107 06c6 01       		.byte	0x1
 1108 06c7 8C       		.byte	0x8c
 1109 06c8 01       		.byte	0x1
 1110 06c9 5A020000 		.4byte	0x25a
 1111 06cd 00000000 		.4byte	.LFB8
 1112 06d1 2C000000 		.4byte	.LFE8
 1113 06d5 26000000 		.4byte	.LLST2
 1114 06d9 01       		.byte	0x1
 1115 06da 3F070000 		.4byte	0x73f
 1116 06de 19       		.uleb128 0x19
 1117 06df 747000   		.ascii	"tp\000"
 1118 06e2 01       		.byte	0x1
 1119 06e3 8C       		.byte	0x8c
 1120 06e4 5A020000 		.4byte	0x25a
 1121 06e8 46000000 		.4byte	.LLST3
 1122 06ec 16       		.uleb128 0x16
 1123 06ed 6E747000 		.ascii	"ntp\000"
 1124 06f1 01       		.byte	0x1
 1125 06f2 8D       		.byte	0x8d
 1126 06f3 5A020000 		.4byte	0x25a
 1127 06f7 72000000 		.4byte	.LLST4
 1128 06fb 15       		.uleb128 0x15
 1129 06fc 02000000 		.4byte	.LBB5
 1130 0700 08000000 		.4byte	.LBE5
 1131 0704 18070000 		.4byte	0x718
 1132 0708 16       		.uleb128 0x16
 1133 0709 746D7000 		.ascii	"tmp\000"
 1134 070d 01       		.byte	0x1
 1135 070e 8F       		.byte	0x8f
 1136 070f 86000000 		.4byte	0x86
 1137 0713 91000000 		.4byte	.LLST5
 1138 0717 00       		.byte	0
 1139 0718 15       		.uleb128 0x15
 1140 0719 16000000 		.4byte	.LBB6
ARM GAS  C:\Users\jenny\AppData\Local\Temp\ccircnxf.s 			page 21


 1141 071d 1C000000 		.4byte	.LBE6
 1142 0721 35070000 		.4byte	0x735
 1143 0725 16       		.uleb128 0x16
 1144 0726 746D7000 		.ascii	"tmp\000"
 1145 072a 01       		.byte	0x1
 1146 072b 9A       		.byte	0x9a
 1147 072c 86000000 		.4byte	0x86
 1148 0730 A4000000 		.4byte	.LLST6
 1149 0734 00       		.byte	0
 1150 0735 1A       		.uleb128 0x1a
 1151 0736 20000000 		.4byte	.LVL13
 1152 073a 63070000 		.4byte	0x763
 1153 073e 00       		.byte	0
 1154 073f 1B       		.uleb128 0x1b
 1155 0740 9F030000 		.4byte	.LASF86
 1156 0744 08       		.byte	0x8
 1157 0745 6F       		.byte	0x6f
 1158 0746 A4040000 		.4byte	0x4a4
 1159 074a 01       		.byte	0x1
 1160 074b 01       		.byte	0x1
 1161 074c 1C       		.uleb128 0x1c
 1162 074d 6B010000 		.4byte	.LASF87
 1163 0751 01       		.byte	0x1
 1164 0752 42       		.byte	0x42
 1165 0753 5E070000 		.4byte	0x75e
 1166 0757 01       		.byte	0x1
 1167 0758 05       		.byte	0x5
 1168 0759 03       		.byte	0x3
 1169 075a 00000000 		.4byte	ch_debug
 1170 075e 10       		.uleb128 0x10
 1171 075f 59060000 		.4byte	0x659
 1172 0763 1D       		.uleb128 0x1d
 1173 0764 01       		.byte	0x1
 1174 0765 CF020000 		.4byte	.LASF91
 1175 0769 0B       		.byte	0xb
 1176 076a 3A       		.byte	0x3a
 1177 076b 01       		.byte	0x1
 1178 076c 01       		.byte	0x1
 1179 076d 1E       		.uleb128 0x1e
 1180 076e 5A020000 		.4byte	0x25a
 1181 0772 00       		.byte	0
 1182 0773 00       		.byte	0
 1183              		.section	.debug_abbrev,"",%progbits
 1184              	.Ldebug_abbrev0:
 1185 0000 01       		.uleb128 0x1
 1186 0001 11       		.uleb128 0x11
 1187 0002 01       		.byte	0x1
 1188 0003 25       		.uleb128 0x25
 1189 0004 0E       		.uleb128 0xe
 1190 0005 13       		.uleb128 0x13
 1191 0006 0B       		.uleb128 0xb
 1192 0007 03       		.uleb128 0x3
 1193 0008 0E       		.uleb128 0xe
 1194 0009 1B       		.uleb128 0x1b
 1195 000a 0E       		.uleb128 0xe
 1196 000b 55       		.uleb128 0x55
 1197 000c 06       		.uleb128 0x6
ARM GAS  C:\Users\jenny\AppData\Local\Temp\ccircnxf.s 			page 22


 1198 000d 11       		.uleb128 0x11
 1199 000e 01       		.uleb128 0x1
 1200 000f 52       		.uleb128 0x52
 1201 0010 01       		.uleb128 0x1
 1202 0011 10       		.uleb128 0x10
 1203 0012 06       		.uleb128 0x6
 1204 0013 00       		.byte	0
 1205 0014 00       		.byte	0
 1206 0015 02       		.uleb128 0x2
 1207 0016 24       		.uleb128 0x24
 1208 0017 00       		.byte	0
 1209 0018 0B       		.uleb128 0xb
 1210 0019 0B       		.uleb128 0xb
 1211 001a 3E       		.uleb128 0x3e
 1212 001b 0B       		.uleb128 0xb
 1213 001c 03       		.uleb128 0x3
 1214 001d 08       		.uleb128 0x8
 1215 001e 00       		.byte	0
 1216 001f 00       		.byte	0
 1217 0020 03       		.uleb128 0x3
 1218 0021 16       		.uleb128 0x16
 1219 0022 00       		.byte	0
 1220 0023 03       		.uleb128 0x3
 1221 0024 0E       		.uleb128 0xe
 1222 0025 3A       		.uleb128 0x3a
 1223 0026 0B       		.uleb128 0xb
 1224 0027 3B       		.uleb128 0x3b
 1225 0028 0B       		.uleb128 0xb
 1226 0029 49       		.uleb128 0x49
 1227 002a 13       		.uleb128 0x13
 1228 002b 00       		.byte	0
 1229 002c 00       		.byte	0
 1230 002d 04       		.uleb128 0x4
 1231 002e 24       		.uleb128 0x24
 1232 002f 00       		.byte	0
 1233 0030 0B       		.uleb128 0xb
 1234 0031 0B       		.uleb128 0xb
 1235 0032 3E       		.uleb128 0x3e
 1236 0033 0B       		.uleb128 0xb
 1237 0034 03       		.uleb128 0x3
 1238 0035 0E       		.uleb128 0xe
 1239 0036 00       		.byte	0
 1240 0037 00       		.byte	0
 1241 0038 05       		.uleb128 0x5
 1242 0039 13       		.uleb128 0x13
 1243 003a 01       		.byte	0x1
 1244 003b 03       		.uleb128 0x3
 1245 003c 0E       		.uleb128 0xe
 1246 003d 0B       		.uleb128 0xb
 1247 003e 0B       		.uleb128 0xb
 1248 003f 3A       		.uleb128 0x3a
 1249 0040 0B       		.uleb128 0xb
 1250 0041 3B       		.uleb128 0x3b
 1251 0042 0B       		.uleb128 0xb
 1252 0043 01       		.uleb128 0x1
 1253 0044 13       		.uleb128 0x13
 1254 0045 00       		.byte	0
ARM GAS  C:\Users\jenny\AppData\Local\Temp\ccircnxf.s 			page 23


 1255 0046 00       		.byte	0
 1256 0047 06       		.uleb128 0x6
 1257 0048 0D       		.uleb128 0xd
 1258 0049 00       		.byte	0
 1259 004a 03       		.uleb128 0x3
 1260 004b 0E       		.uleb128 0xe
 1261 004c 3A       		.uleb128 0x3a
 1262 004d 0B       		.uleb128 0xb
 1263 004e 3B       		.uleb128 0x3b
 1264 004f 0B       		.uleb128 0xb
 1265 0050 49       		.uleb128 0x49
 1266 0051 13       		.uleb128 0x13
 1267 0052 38       		.uleb128 0x38
 1268 0053 0A       		.uleb128 0xa
 1269 0054 00       		.byte	0
 1270 0055 00       		.byte	0
 1271 0056 07       		.uleb128 0x7
 1272 0057 0D       		.uleb128 0xd
 1273 0058 00       		.byte	0
 1274 0059 03       		.uleb128 0x3
 1275 005a 08       		.uleb128 0x8
 1276 005b 3A       		.uleb128 0x3a
 1277 005c 0B       		.uleb128 0xb
 1278 005d 3B       		.uleb128 0x3b
 1279 005e 0B       		.uleb128 0xb
 1280 005f 49       		.uleb128 0x49
 1281 0060 13       		.uleb128 0x13
 1282 0061 38       		.uleb128 0x38
 1283 0062 0A       		.uleb128 0xa
 1284 0063 00       		.byte	0
 1285 0064 00       		.byte	0
 1286 0065 08       		.uleb128 0x8
 1287 0066 13       		.uleb128 0x13
 1288 0067 01       		.byte	0x1
 1289 0068 0B       		.uleb128 0xb
 1290 0069 0B       		.uleb128 0xb
 1291 006a 3A       		.uleb128 0x3a
 1292 006b 0B       		.uleb128 0xb
 1293 006c 3B       		.uleb128 0x3b
 1294 006d 0B       		.uleb128 0xb
 1295 006e 01       		.uleb128 0x1
 1296 006f 13       		.uleb128 0x13
 1297 0070 00       		.byte	0
 1298 0071 00       		.byte	0
 1299 0072 09       		.uleb128 0x9
 1300 0073 0F       		.uleb128 0xf
 1301 0074 00       		.byte	0
 1302 0075 0B       		.uleb128 0xb
 1303 0076 0B       		.uleb128 0xb
 1304 0077 49       		.uleb128 0x49
 1305 0078 13       		.uleb128 0x13
 1306 0079 00       		.byte	0
 1307 007a 00       		.byte	0
 1308 007b 0A       		.uleb128 0xa
 1309 007c 0F       		.uleb128 0xf
 1310 007d 00       		.byte	0
 1311 007e 0B       		.uleb128 0xb
ARM GAS  C:\Users\jenny\AppData\Local\Temp\ccircnxf.s 			page 24


 1312 007f 0B       		.uleb128 0xb
 1313 0080 00       		.byte	0
 1314 0081 00       		.byte	0
 1315 0082 0B       		.uleb128 0xb
 1316 0083 13       		.uleb128 0x13
 1317 0084 01       		.byte	0x1
 1318 0085 03       		.uleb128 0x3
 1319 0086 0E       		.uleb128 0xe
 1320 0087 0B       		.uleb128 0xb
 1321 0088 0B       		.uleb128 0xb
 1322 0089 3A       		.uleb128 0x3a
 1323 008a 0B       		.uleb128 0xb
 1324 008b 3B       		.uleb128 0x3b
 1325 008c 05       		.uleb128 0x5
 1326 008d 01       		.uleb128 0x1
 1327 008e 13       		.uleb128 0x13
 1328 008f 00       		.byte	0
 1329 0090 00       		.byte	0
 1330 0091 0C       		.uleb128 0xc
 1331 0092 0D       		.uleb128 0xd
 1332 0093 00       		.byte	0
 1333 0094 03       		.uleb128 0x3
 1334 0095 08       		.uleb128 0x8
 1335 0096 3A       		.uleb128 0x3a
 1336 0097 0B       		.uleb128 0xb
 1337 0098 3B       		.uleb128 0x3b
 1338 0099 05       		.uleb128 0x5
 1339 009a 49       		.uleb128 0x49
 1340 009b 13       		.uleb128 0x13
 1341 009c 38       		.uleb128 0x38
 1342 009d 0A       		.uleb128 0xa
 1343 009e 00       		.byte	0
 1344 009f 00       		.byte	0
 1345 00a0 0D       		.uleb128 0xd
 1346 00a1 35       		.uleb128 0x35
 1347 00a2 00       		.byte	0
 1348 00a3 49       		.uleb128 0x49
 1349 00a4 13       		.uleb128 0x13
 1350 00a5 00       		.byte	0
 1351 00a6 00       		.byte	0
 1352 00a7 0E       		.uleb128 0xe
 1353 00a8 17       		.uleb128 0x17
 1354 00a9 01       		.byte	0x1
 1355 00aa 0B       		.uleb128 0xb
 1356 00ab 0B       		.uleb128 0xb
 1357 00ac 3A       		.uleb128 0x3a
 1358 00ad 0B       		.uleb128 0xb
 1359 00ae 3B       		.uleb128 0x3b
 1360 00af 0B       		.uleb128 0xb
 1361 00b0 01       		.uleb128 0x1
 1362 00b1 13       		.uleb128 0x13
 1363 00b2 00       		.byte	0
 1364 00b3 00       		.byte	0
 1365 00b4 0F       		.uleb128 0xf
 1366 00b5 0D       		.uleb128 0xd
 1367 00b6 00       		.byte	0
 1368 00b7 03       		.uleb128 0x3
ARM GAS  C:\Users\jenny\AppData\Local\Temp\ccircnxf.s 			page 25


 1369 00b8 0E       		.uleb128 0xe
 1370 00b9 3A       		.uleb128 0x3a
 1371 00ba 0B       		.uleb128 0xb
 1372 00bb 3B       		.uleb128 0x3b
 1373 00bc 0B       		.uleb128 0xb
 1374 00bd 49       		.uleb128 0x49
 1375 00be 13       		.uleb128 0x13
 1376 00bf 00       		.byte	0
 1377 00c0 00       		.byte	0
 1378 00c1 10       		.uleb128 0x10
 1379 00c2 26       		.uleb128 0x26
 1380 00c3 00       		.byte	0
 1381 00c4 49       		.uleb128 0x49
 1382 00c5 13       		.uleb128 0x13
 1383 00c6 00       		.byte	0
 1384 00c7 00       		.byte	0
 1385 00c8 11       		.uleb128 0x11
 1386 00c9 01       		.uleb128 0x1
 1387 00ca 01       		.byte	0x1
 1388 00cb 49       		.uleb128 0x49
 1389 00cc 13       		.uleb128 0x13
 1390 00cd 01       		.uleb128 0x1
 1391 00ce 13       		.uleb128 0x13
 1392 00cf 00       		.byte	0
 1393 00d0 00       		.byte	0
 1394 00d1 12       		.uleb128 0x12
 1395 00d2 21       		.uleb128 0x21
 1396 00d3 00       		.byte	0
 1397 00d4 49       		.uleb128 0x49
 1398 00d5 13       		.uleb128 0x13
 1399 00d6 2F       		.uleb128 0x2f
 1400 00d7 0B       		.uleb128 0xb
 1401 00d8 00       		.byte	0
 1402 00d9 00       		.byte	0
 1403 00da 13       		.uleb128 0x13
 1404 00db 2E       		.uleb128 0x2e
 1405 00dc 01       		.byte	0x1
 1406 00dd 3F       		.uleb128 0x3f
 1407 00de 0C       		.uleb128 0xc
 1408 00df 03       		.uleb128 0x3
 1409 00e0 0E       		.uleb128 0xe
 1410 00e1 3A       		.uleb128 0x3a
 1411 00e2 0B       		.uleb128 0xb
 1412 00e3 3B       		.uleb128 0x3b
 1413 00e4 0B       		.uleb128 0xb
 1414 00e5 27       		.uleb128 0x27
 1415 00e6 0C       		.uleb128 0xc
 1416 00e7 49       		.uleb128 0x49
 1417 00e8 13       		.uleb128 0x13
 1418 00e9 11       		.uleb128 0x11
 1419 00ea 01       		.uleb128 0x1
 1420 00eb 12       		.uleb128 0x12
 1421 00ec 01       		.uleb128 0x1
 1422 00ed 40       		.uleb128 0x40
 1423 00ee 0A       		.uleb128 0xa
 1424 00ef 9742     		.uleb128 0x2117
 1425 00f1 0C       		.uleb128 0xc
ARM GAS  C:\Users\jenny\AppData\Local\Temp\ccircnxf.s 			page 26


 1426 00f2 01       		.uleb128 0x1
 1427 00f3 13       		.uleb128 0x13
 1428 00f4 00       		.byte	0
 1429 00f5 00       		.byte	0
 1430 00f6 14       		.uleb128 0x14
 1431 00f7 34       		.uleb128 0x34
 1432 00f8 00       		.byte	0
 1433 00f9 03       		.uleb128 0x3
 1434 00fa 08       		.uleb128 0x8
 1435 00fb 3A       		.uleb128 0x3a
 1436 00fc 0B       		.uleb128 0xb
 1437 00fd 3B       		.uleb128 0x3b
 1438 00fe 0B       		.uleb128 0xb
 1439 00ff 49       		.uleb128 0x49
 1440 0100 13       		.uleb128 0x13
 1441 0101 02       		.uleb128 0x2
 1442 0102 0A       		.uleb128 0xa
 1443 0103 00       		.byte	0
 1444 0104 00       		.byte	0
 1445 0105 15       		.uleb128 0x15
 1446 0106 0B       		.uleb128 0xb
 1447 0107 01       		.byte	0x1
 1448 0108 11       		.uleb128 0x11
 1449 0109 01       		.uleb128 0x1
 1450 010a 12       		.uleb128 0x12
 1451 010b 01       		.uleb128 0x1
 1452 010c 01       		.uleb128 0x1
 1453 010d 13       		.uleb128 0x13
 1454 010e 00       		.byte	0
 1455 010f 00       		.byte	0
 1456 0110 16       		.uleb128 0x16
 1457 0111 34       		.uleb128 0x34
 1458 0112 00       		.byte	0
 1459 0113 03       		.uleb128 0x3
 1460 0114 08       		.uleb128 0x8
 1461 0115 3A       		.uleb128 0x3a
 1462 0116 0B       		.uleb128 0xb
 1463 0117 3B       		.uleb128 0x3b
 1464 0118 0B       		.uleb128 0xb
 1465 0119 49       		.uleb128 0x49
 1466 011a 13       		.uleb128 0x13
 1467 011b 02       		.uleb128 0x2
 1468 011c 06       		.uleb128 0x6
 1469 011d 00       		.byte	0
 1470 011e 00       		.byte	0
 1471 011f 17       		.uleb128 0x17
 1472 0120 0B       		.uleb128 0xb
 1473 0121 01       		.byte	0x1
 1474 0122 55       		.uleb128 0x55
 1475 0123 06       		.uleb128 0x6
 1476 0124 00       		.byte	0
 1477 0125 00       		.byte	0
 1478 0126 18       		.uleb128 0x18
 1479 0127 2E       		.uleb128 0x2e
 1480 0128 01       		.byte	0x1
 1481 0129 3F       		.uleb128 0x3f
 1482 012a 0C       		.uleb128 0xc
ARM GAS  C:\Users\jenny\AppData\Local\Temp\ccircnxf.s 			page 27


 1483 012b 03       		.uleb128 0x3
 1484 012c 0E       		.uleb128 0xe
 1485 012d 3A       		.uleb128 0x3a
 1486 012e 0B       		.uleb128 0xb
 1487 012f 3B       		.uleb128 0x3b
 1488 0130 0B       		.uleb128 0xb
 1489 0131 27       		.uleb128 0x27
 1490 0132 0C       		.uleb128 0xc
 1491 0133 49       		.uleb128 0x49
 1492 0134 13       		.uleb128 0x13
 1493 0135 11       		.uleb128 0x11
 1494 0136 01       		.uleb128 0x1
 1495 0137 12       		.uleb128 0x12
 1496 0138 01       		.uleb128 0x1
 1497 0139 40       		.uleb128 0x40
 1498 013a 06       		.uleb128 0x6
 1499 013b 9742     		.uleb128 0x2117
 1500 013d 0C       		.uleb128 0xc
 1501 013e 01       		.uleb128 0x1
 1502 013f 13       		.uleb128 0x13
 1503 0140 00       		.byte	0
 1504 0141 00       		.byte	0
 1505 0142 19       		.uleb128 0x19
 1506 0143 05       		.uleb128 0x5
 1507 0144 00       		.byte	0
 1508 0145 03       		.uleb128 0x3
 1509 0146 08       		.uleb128 0x8
 1510 0147 3A       		.uleb128 0x3a
 1511 0148 0B       		.uleb128 0xb
 1512 0149 3B       		.uleb128 0x3b
 1513 014a 0B       		.uleb128 0xb
 1514 014b 49       		.uleb128 0x49
 1515 014c 13       		.uleb128 0x13
 1516 014d 02       		.uleb128 0x2
 1517 014e 06       		.uleb128 0x6
 1518 014f 00       		.byte	0
 1519 0150 00       		.byte	0
 1520 0151 1A       		.uleb128 0x1a
 1521 0152 898201   		.uleb128 0x4109
 1522 0155 00       		.byte	0
 1523 0156 11       		.uleb128 0x11
 1524 0157 01       		.uleb128 0x1
 1525 0158 31       		.uleb128 0x31
 1526 0159 13       		.uleb128 0x13
 1527 015a 00       		.byte	0
 1528 015b 00       		.byte	0
 1529 015c 1B       		.uleb128 0x1b
 1530 015d 34       		.uleb128 0x34
 1531 015e 00       		.byte	0
 1532 015f 03       		.uleb128 0x3
 1533 0160 0E       		.uleb128 0xe
 1534 0161 3A       		.uleb128 0x3a
 1535 0162 0B       		.uleb128 0xb
 1536 0163 3B       		.uleb128 0x3b
 1537 0164 0B       		.uleb128 0xb
 1538 0165 49       		.uleb128 0x49
 1539 0166 13       		.uleb128 0x13
ARM GAS  C:\Users\jenny\AppData\Local\Temp\ccircnxf.s 			page 28


 1540 0167 3F       		.uleb128 0x3f
 1541 0168 0C       		.uleb128 0xc
 1542 0169 3C       		.uleb128 0x3c
 1543 016a 0C       		.uleb128 0xc
 1544 016b 00       		.byte	0
 1545 016c 00       		.byte	0
 1546 016d 1C       		.uleb128 0x1c
 1547 016e 34       		.uleb128 0x34
 1548 016f 00       		.byte	0
 1549 0170 03       		.uleb128 0x3
 1550 0171 0E       		.uleb128 0xe
 1551 0172 3A       		.uleb128 0x3a
 1552 0173 0B       		.uleb128 0xb
 1553 0174 3B       		.uleb128 0x3b
 1554 0175 0B       		.uleb128 0xb
 1555 0176 49       		.uleb128 0x49
 1556 0177 13       		.uleb128 0x13
 1557 0178 3F       		.uleb128 0x3f
 1558 0179 0C       		.uleb128 0xc
 1559 017a 02       		.uleb128 0x2
 1560 017b 0A       		.uleb128 0xa
 1561 017c 00       		.byte	0
 1562 017d 00       		.byte	0
 1563 017e 1D       		.uleb128 0x1d
 1564 017f 2E       		.uleb128 0x2e
 1565 0180 01       		.byte	0x1
 1566 0181 3F       		.uleb128 0x3f
 1567 0182 0C       		.uleb128 0xc
 1568 0183 03       		.uleb128 0x3
 1569 0184 0E       		.uleb128 0xe
 1570 0185 3A       		.uleb128 0x3a
 1571 0186 0B       		.uleb128 0xb
 1572 0187 3B       		.uleb128 0x3b
 1573 0188 0B       		.uleb128 0xb
 1574 0189 27       		.uleb128 0x27
 1575 018a 0C       		.uleb128 0xc
 1576 018b 3C       		.uleb128 0x3c
 1577 018c 0C       		.uleb128 0xc
 1578 018d 00       		.byte	0
 1579 018e 00       		.byte	0
 1580 018f 1E       		.uleb128 0x1e
 1581 0190 05       		.uleb128 0x5
 1582 0191 00       		.byte	0
 1583 0192 49       		.uleb128 0x49
 1584 0193 13       		.uleb128 0x13
 1585 0194 00       		.byte	0
 1586 0195 00       		.byte	0
 1587 0196 00       		.byte	0
 1588              		.section	.debug_loc,"",%progbits
 1589              	.Ldebug_loc0:
 1590              	.LLST0:
 1591 0000 06000000 		.4byte	.LVL1
 1592 0004 10000000 		.4byte	.LVL2
 1593 0008 0100     		.2byte	0x1
 1594 000a 53       		.byte	0x53
 1595 000b 00000000 		.4byte	0
 1596 000f 00000000 		.4byte	0
ARM GAS  C:\Users\jenny\AppData\Local\Temp\ccircnxf.s 			page 29


 1597              	.LLST1:
 1598 0013 1C000000 		.4byte	.LVL4
 1599 0017 1E000000 		.4byte	.LFE7
 1600 001b 0100     		.2byte	0x1
 1601 001d 53       		.byte	0x53
 1602 001e 00000000 		.4byte	0
 1603 0022 00000000 		.4byte	0
 1604              	.LLST2:
 1605 0026 00000000 		.4byte	.LFB8
 1606 002a 02000000 		.4byte	.LCFI0
 1607 002e 0200     		.2byte	0x2
 1608 0030 7D       		.byte	0x7d
 1609 0031 00       		.sleb128 0
 1610 0032 02000000 		.4byte	.LCFI0
 1611 0036 2C000000 		.4byte	.LFE8
 1612 003a 0200     		.2byte	0x2
 1613 003c 7D       		.byte	0x7d
 1614 003d 08       		.sleb128 8
 1615 003e 00000000 		.4byte	0
 1616 0042 00000000 		.4byte	0
 1617              	.LLST3:
 1618 0046 00000000 		.4byte	.LVL5
 1619 004a 1F000000 		.4byte	.LVL13-1
 1620 004e 0100     		.2byte	0x1
 1621 0050 50       		.byte	0x50
 1622 0051 1F000000 		.4byte	.LVL13-1
 1623 0055 24000000 		.4byte	.LVL14
 1624 0059 0400     		.2byte	0x4
 1625 005b F3       		.byte	0xf3
 1626 005c 01       		.uleb128 0x1
 1627 005d 50       		.byte	0x50
 1628 005e 9F       		.byte	0x9f
 1629 005f 24000000 		.4byte	.LVL14
 1630 0063 2C000000 		.4byte	.LFE8
 1631 0067 0100     		.2byte	0x1
 1632 0069 50       		.byte	0x50
 1633 006a 00000000 		.4byte	0
 1634 006e 00000000 		.4byte	0
 1635              	.LLST4:
 1636 0072 0C000000 		.4byte	.LVL9
 1637 0076 26000000 		.4byte	.LVL15
 1638 007a 0100     		.2byte	0x1
 1639 007c 54       		.byte	0x54
 1640 007d 26000000 		.4byte	.LVL15
 1641 0081 2C000000 		.4byte	.LFE8
 1642 0085 0200     		.2byte	0x2
 1643 0087 70       		.byte	0x70
 1644 0088 10       		.sleb128 16
 1645 0089 00000000 		.4byte	0
 1646 008d 00000000 		.4byte	0
 1647              	.LLST5:
 1648 0091 08000000 		.4byte	.LVL7
 1649 0095 0A000000 		.4byte	.LVL8
 1650 0099 0100     		.2byte	0x1
 1651 009b 53       		.byte	0x53
 1652 009c 00000000 		.4byte	0
 1653 00a0 00000000 		.4byte	0
ARM GAS  C:\Users\jenny\AppData\Local\Temp\ccircnxf.s 			page 30


 1654              	.LLST6:
 1655 00a4 1C000000 		.4byte	.LVL12
 1656 00a8 1F000000 		.4byte	.LVL13-1
 1657 00ac 0100     		.2byte	0x1
 1658 00ae 53       		.byte	0x53
 1659 00af 00000000 		.4byte	0
 1660 00b3 00000000 		.4byte	0
 1661              		.section	.debug_aranges,"",%progbits
 1662 0000 24000000 		.4byte	0x24
 1663 0004 0200     		.2byte	0x2
 1664 0006 00000000 		.4byte	.Ldebug_info0
 1665 000a 04       		.byte	0x4
 1666 000b 00       		.byte	0
 1667 000c 0000     		.2byte	0
 1668 000e 0000     		.2byte	0
 1669 0010 00000000 		.4byte	.LFB7
 1670 0014 1E000000 		.4byte	.LFE7-.LFB7
 1671 0018 00000000 		.4byte	.LFB8
 1672 001c 2C000000 		.4byte	.LFE8-.LFB8
 1673 0020 00000000 		.4byte	0
 1674 0024 00000000 		.4byte	0
 1675              		.section	.debug_ranges,"",%progbits
 1676              	.Ldebug_ranges0:
 1677 0000 0E000000 		.4byte	.LBB3
 1678 0004 10000000 		.4byte	.LBE3
 1679 0008 18000000 		.4byte	.LBB4
 1680 000c 1C000000 		.4byte	.LBE4
 1681 0010 00000000 		.4byte	0
 1682 0014 00000000 		.4byte	0
 1683 0018 00000000 		.4byte	.LFB7
 1684 001c 1E000000 		.4byte	.LFE7
 1685 0020 00000000 		.4byte	.LFB8
 1686 0024 2C000000 		.4byte	.LFE8
 1687 0028 00000000 		.4byte	0
 1688 002c 00000000 		.4byte	0
 1689              		.section	.debug_line,"",%progbits
 1690              	.Ldebug_line0:
 1691 0000 B8010000 		.section	.debug_str,"MS",%progbits,1
 1691      02008001 
 1691      00000201 
 1691      FB0E0D00 
 1691      01010101 
 1692              	.LASF75:
 1693 0000 63665F6F 		.ascii	"cf_off_older\000"
 1693      66665F6F 
 1693      6C646572 
 1693      00
 1694              	.LASF38:
 1695 000d 705F6D73 		.ascii	"p_msg\000"
 1695      6700
 1696              	.LASF2:
 1697 0013 73697A65 		.ascii	"size_t\000"
 1697      5F7400
 1698              	.LASF60:
 1699 001a 7264796D 		.ascii	"rdymsg\000"
 1699      736700
 1700              	.LASF71:
ARM GAS  C:\Users\jenny\AppData\Local\Temp\ccircnxf.s 			page 31


 1701 0021 63685F74 		.ascii	"ch_threadsize\000"
 1701      68726561 
 1701      6473697A 
 1701      6500
 1702              	.LASF13:
 1703 002f 6C6F6E67 		.ascii	"long long unsigned int\000"
 1703      206C6F6E 
 1703      6720756E 
 1703      7369676E 
 1703      65642069 
 1704              	.LASF84:
 1705 0046 63685265 		.ascii	"chRegFirstThread\000"
 1705      67466972 
 1705      73745468 
 1705      72656164 
 1705      00
 1706              	.LASF26:
 1707 0057 705F7072 		.ascii	"p_prio\000"
 1707      696F00
 1708              	.LASF78:
 1709 005e 63665F6F 		.ascii	"cf_off_state\000"
 1709      66665F73 
 1709      74617465 
 1709      00
 1710              	.LASF12:
 1711 006b 6C6F6E67 		.ascii	"long long int\000"
 1711      206C6F6E 
 1711      6720696E 
 1711      7400
 1712              	.LASF1:
 1713 0079 7369676E 		.ascii	"signed char\000"
 1713      65642063 
 1713      68617200 
 1714              	.LASF77:
 1715 0085 63665F6F 		.ascii	"cf_off_stklimit\000"
 1715      66665F73 
 1715      746B6C69 
 1715      6D697400 
 1716              	.LASF79:
 1717 0095 63665F6F 		.ascii	"cf_off_flags\000"
 1717      66665F66 
 1717      6C616773 
 1717      00
 1718              	.LASF42:
 1719 00a2 705F6D70 		.ascii	"p_mpool\000"
 1719      6F6F6C00 
 1720              	.LASF57:
 1721 00aa 6D5F7175 		.ascii	"m_queue\000"
 1721      65756500 
 1722              	.LASF18:
 1723 00b2 74736C69 		.ascii	"tslices_t\000"
 1723      6365735F 
 1723      7400
 1724              	.LASF88:
 1725 00bc 474E5520 		.ascii	"GNU C 4.7.4 20130913 (release) [ARM/embedded-4_7-br"
 1725      4320342E 
 1725      372E3420 
ARM GAS  C:\Users\jenny\AppData\Local\Temp\ccircnxf.s 			page 32


 1725      32303133 
 1725      30393133 
 1726 00ef 616E6368 		.ascii	"anch revision 202601]\000"
 1726      20726576 
 1726      6973696F 
 1726      6E203230 
 1726      32363031 
 1727              	.LASF9:
 1728 0105 6C6F6E67 		.ascii	"long int\000"
 1728      20696E74 
 1728      00
 1729              	.LASF16:
 1730 010e 74737461 		.ascii	"tstate_t\000"
 1730      74655F74 
 1730      00
 1731              	.LASF6:
 1732 0117 75696E74 		.ascii	"uint16_t\000"
 1732      31365F74 
 1732      00
 1733              	.LASF83:
 1734 0120 63686465 		.ascii	"chdebug_t\000"
 1734      6275675F 
 1734      7400
 1735              	.LASF28:
 1736 012a 705F6E65 		.ascii	"p_newer\000"
 1736      77657200 
 1737              	.LASF61:
 1738 0132 65786974 		.ascii	"exitcode\000"
 1738      636F6465 
 1738      00
 1739              	.LASF52:
 1740 013b 725F6E65 		.ascii	"r_newer\000"
 1740      77657200 
 1741              	.LASF45:
 1742 0143 72656761 		.ascii	"regarm_t\000"
 1742      726D5F74 
 1742      00
 1743              	.LASF0:
 1744 014c 756E7369 		.ascii	"unsigned int\000"
 1744      676E6564 
 1744      20696E74 
 1744      00
 1745              	.LASF11:
 1746 0159 6C6F6E67 		.ascii	"long unsigned int\000"
 1746      20756E73 
 1746      69676E65 
 1746      6420696E 
 1746      7400
 1747              	.LASF87:
 1748 016b 63685F64 		.ascii	"ch_debug\000"
 1748      65627567 
 1748      00
 1749              	.LASF65:
 1750 0174 63685F69 		.ascii	"ch_identifier\000"
 1750      64656E74 
 1750      69666965 
 1750      7200
ARM GAS  C:\Users\jenny\AppData\Local\Temp\ccircnxf.s 			page 33


 1751              	.LASF47:
 1752 0182 636F6E74 		.ascii	"context\000"
 1752      65787400 
 1753              	.LASF7:
 1754 018a 73686F72 		.ascii	"short unsigned int\000"
 1754      7420756E 
 1754      7369676E 
 1754      65642069 
 1754      6E7400
 1755              	.LASF20:
 1756 019d 6D73675F 		.ascii	"msg_t\000"
 1756      7400
 1757              	.LASF15:
 1758 01a3 746D6F64 		.ascii	"tmode_t\000"
 1758      655F7400 
 1759              	.LASF44:
 1760 01ab 54687265 		.ascii	"ThreadsList\000"
 1760      6164734C 
 1760      69737400 
 1761              	.LASF21:
 1762 01b7 6576656E 		.ascii	"eventmask_t\000"
 1762      746D6173 
 1762      6B5F7400 
 1763              	.LASF56:
 1764 01c3 4D757465 		.ascii	"Mutex\000"
 1764      7800
 1765              	.LASF66:
 1766 01c9 63685F7A 		.ascii	"ch_zero\000"
 1766      65726F00 
 1767              	.LASF80:
 1768 01d1 63665F6F 		.ascii	"cf_off_refs\000"
 1768      66665F72 
 1768      65667300 
 1769              	.LASF48:
 1770 01dd 73697A65 		.ascii	"sizetype\000"
 1770      74797065 
 1770      00
 1771              	.LASF70:
 1772 01e6 63685F74 		.ascii	"ch_timesize\000"
 1772      696D6573 
 1772      697A6500 
 1773              	.LASF76:
 1774 01f2 63665F6F 		.ascii	"cf_off_name\000"
 1774      66665F6E 
 1774      616D6500 
 1775              	.LASF29:
 1776 01fe 705F6F6C 		.ascii	"p_older\000"
 1776      64657200 
 1777              	.LASF51:
 1778 0206 725F6374 		.ascii	"r_ctx\000"
 1778      7800
 1779              	.LASF43:
 1780 020c 54687265 		.ascii	"ThreadsQueue\000"
 1780      61647351 
 1780      75657565 
 1780      00
 1781              	.LASF67:
ARM GAS  C:\Users\jenny\AppData\Local\Temp\ccircnxf.s 			page 34


 1782 0219 63685F73 		.ascii	"ch_size\000"
 1782      697A6500 
 1783              	.LASF54:
 1784 0221 725F6375 		.ascii	"r_current\000"
 1784      7272656E 
 1784      7400
 1785              	.LASF53:
 1786 022b 725F6F6C 		.ascii	"r_older\000"
 1786      64657200 
 1787              	.LASF17:
 1788 0233 74726566 		.ascii	"trefs_t\000"
 1788      735F7400 
 1789              	.LASF69:
 1790 023b 63685F70 		.ascii	"ch_ptrsize\000"
 1790      74727369 
 1790      7A6500
 1791              	.LASF25:
 1792 0246 705F7072 		.ascii	"p_prev\000"
 1792      657600
 1793              	.LASF19:
 1794 024d 74707269 		.ascii	"tprio_t\000"
 1794      6F5F7400 
 1795              	.LASF14:
 1796 0255 5F426F6F 		.ascii	"_Bool\000"
 1796      6C00
 1797              	.LASF8:
 1798 025b 696E7433 		.ascii	"int32_t\000"
 1798      325F7400 
 1799              	.LASF4:
 1800 0263 756E7369 		.ascii	"unsigned char\000"
 1800      676E6564 
 1800      20636861 
 1800      7200
 1801              	.LASF40:
 1802 0271 705F6D74 		.ascii	"p_mtxlist\000"
 1802      786C6973 
 1802      7400
 1803              	.LASF5:
 1804 027b 73686F72 		.ascii	"short int\000"
 1804      7420696E 
 1804      7400
 1805              	.LASF31:
 1806 0285 705F7374 		.ascii	"p_state\000"
 1806      61746500 
 1807              	.LASF34:
 1808 028d 705F7072 		.ascii	"p_preempt\000"
 1808      65656D70 
 1808      7400
 1809              	.LASF82:
 1810 0297 63665F6F 		.ascii	"cf_off_time\000"
 1810      66665F74 
 1810      696D6500 
 1811              	.LASF50:
 1812 02a3 725F7072 		.ascii	"r_prio\000"
 1812      696F00
 1813              	.LASF63:
 1814 02aa 65776D61 		.ascii	"ewmask\000"
ARM GAS  C:\Users\jenny\AppData\Local\Temp\ccircnxf.s 			page 35


 1814      736B00
 1815              	.LASF24:
 1816 02b1 705F6E65 		.ascii	"p_next\000"
 1816      787400
 1817              	.LASF81:
 1818 02b8 63665F6F 		.ascii	"cf_off_preempt\000"
 1818      66665F70 
 1818      7265656D 
 1818      707400
 1819              	.LASF32:
 1820 02c7 705F666C 		.ascii	"p_flags\000"
 1820      61677300 
 1821              	.LASF91:
 1822 02cf 63685468 		.ascii	"chThdRelease\000"
 1822      6452656C 
 1822      65617365 
 1822      00
 1823              	.LASF23:
 1824 02dc 54687265 		.ascii	"Thread\000"
 1824      616400
 1825              	.LASF74:
 1826 02e3 63665F6F 		.ascii	"cf_off_newer\000"
 1826      66665F6E 
 1826      65776572 
 1826      00
 1827              	.LASF39:
 1828 02f0 705F6570 		.ascii	"p_epending\000"
 1828      656E6469 
 1828      6E6700
 1829              	.LASF10:
 1830 02fb 75696E74 		.ascii	"uint32_t\000"
 1830      33325F74 
 1830      00
 1831              	.LASF72:
 1832 0304 63665F6F 		.ascii	"cf_off_prio\000"
 1832      66665F70 
 1832      72696F00 
 1833              	.LASF49:
 1834 0310 725F7175 		.ascii	"r_queue\000"
 1834      65756500 
 1835              	.LASF64:
 1836 0318 63686172 		.ascii	"char\000"
 1836      00
 1837              	.LASF85:
 1838 031d 63685265 		.ascii	"chRegNextThread\000"
 1838      674E6578 
 1838      74546872 
 1838      65616400 
 1839              	.LASF59:
 1840 032d 6D5F6E65 		.ascii	"m_next\000"
 1840      787400
 1841              	.LASF22:
 1842 0334 73797374 		.ascii	"systime_t\000"
 1842      696D655F 
 1842      7400
 1843              	.LASF41:
 1844 033e 705F7265 		.ascii	"p_realprio\000"
ARM GAS  C:\Users\jenny\AppData\Local\Temp\ccircnxf.s 			page 36


 1844      616C7072 
 1844      696F00
 1845              	.LASF35:
 1846 0349 705F7469 		.ascii	"p_time\000"
 1846      6D6500
 1847              	.LASF46:
 1848 0350 696E7463 		.ascii	"intctx\000"
 1848      747800
 1849              	.LASF37:
 1850 0357 705F6D73 		.ascii	"p_msgqueue\000"
 1850      67717565 
 1850      756500
 1851              	.LASF89:
 1852 0362 2E2E2F2E 		.ascii	"../../os/kernel/src/chregistry.c\000"
 1852      2E2F6F73 
 1852      2F6B6572 
 1852      6E656C2F 
 1852      7372632F 
 1853              	.LASF73:
 1854 0383 63665F6F 		.ascii	"cf_off_ctx\000"
 1854      66665F63 
 1854      747800
 1855              	.LASF33:
 1856 038e 705F7265 		.ascii	"p_refs\000"
 1856      667300
 1857              	.LASF55:
 1858 0395 52656164 		.ascii	"ReadyList\000"
 1858      794C6973 
 1858      7400
 1859              	.LASF86:
 1860 039f 726C6973 		.ascii	"rlist\000"
 1860      7400
 1861              	.LASF3:
 1862 03a5 75696E74 		.ascii	"uint8_t\000"
 1862      385F7400 
 1863              	.LASF90:
 1864 03ad 443A5C6A 		.ascii	"D:\\jenny\\dev\\probe\\chibios\\chibios.workspace\\"
 1864      656E6E79 
 1864      5C646576 
 1864      5C70726F 
 1864      62655C63 
 1865 03da 64656D6F 		.ascii	"demos\\ARMCM4-STM32F407-LWIP-FATFS-USB\000"
 1865      735C4152 
 1865      4D434D34 
 1865      2D53544D 
 1865      33324634 
 1866              	.LASF62:
 1867 0400 77746F62 		.ascii	"wtobjp\000"
 1867      6A7000
 1868              	.LASF30:
 1869 0407 705F6E61 		.ascii	"p_name\000"
 1869      6D6500
 1870              	.LASF68:
 1871 040e 63685F76 		.ascii	"ch_version\000"
 1871      65727369 
 1871      6F6E00
 1872              	.LASF58:
ARM GAS  C:\Users\jenny\AppData\Local\Temp\ccircnxf.s 			page 37


 1873 0419 6D5F6F77 		.ascii	"m_owner\000"
 1873      6E657200 
 1874              	.LASF27:
 1875 0421 705F6374 		.ascii	"p_ctx\000"
 1875      7800
 1876              	.LASF36:
 1877 0427 705F7761 		.ascii	"p_waiting\000"
 1877      6974696E 
 1877      6700
 1878              		.ident	"GCC: (GNU Tools for ARM Embedded Processors) 4.7.4 20130913 (release) [ARM/embedded-4_7-br
ARM GAS  C:\Users\jenny\AppData\Local\Temp\ccircnxf.s 			page 38


DEFINED SYMBOLS
                            *ABS*:00000000 chregistry.c
C:\Users\jenny\AppData\Local\Temp\ccircnxf.s:20     .text.chRegFirstThread:00000000 $t
C:\Users\jenny\AppData\Local\Temp\ccircnxf.s:26     .text.chRegFirstThread:00000000 chRegFirstThread
C:\Users\jenny\AppData\Local\Temp\ccircnxf.s:73     .text.chRegNextThread:00000000 $t
C:\Users\jenny\AppData\Local\Temp\ccircnxf.s:79     .text.chRegNextThread:00000000 chRegNextThread
C:\Users\jenny\AppData\Local\Temp\ccircnxf.s:141    .text.chRegNextThread:00000028 $d
C:\Users\jenny\AppData\Local\Temp\ccircnxf.s:150    .rodata.ch_debug:00000000 ch_debug
C:\Users\jenny\AppData\Local\Temp\ccircnxf.s:147    .rodata.ch_debug:00000000 $d
                     .debug_frame:00000010 $d
C:\Users\jenny\AppData\Local\Temp\ccircnxf.s:146    .text.chRegNextThread:0000002c $t

UNDEFINED SYMBOLS
rlist
chThdRelease
