ARM GAS  C:\Users\jenny\AppData\Local\Temp\ccYkE25H.s 			page 1


   1              		.syntax unified
   2              		.cpu cortex-m4
   3              		.eabi_attribute 27, 3
   4              		.fpu fpv4-sp-d16
   5              		.eabi_attribute 20, 1
   6              		.eabi_attribute 21, 1
   7              		.eabi_attribute 23, 3
   8              		.eabi_attribute 24, 1
   9              		.eabi_attribute 25, 1
  10              		.eabi_attribute 26, 1
  11              		.eabi_attribute 30, 2
  12              		.eabi_attribute 34, 1
  13              		.eabi_attribute 18, 4
  14              		.thumb
  15              		.file	"chsys.c"
  16              		.text
  17              	.Ltext0:
  18              		.cfi_sections	.debug_frame
  19              		.section	.text._idle_thread,"ax",%progbits
  20              		.align	2
  21              		.p2align 4,,15
  22              		.global	_idle_thread
  23              		.thumb
  24              		.thumb_func
  25              		.type	_idle_thread, %function
  26              	_idle_thread:
  27              	.LFB7:
  28              		.file 1 "../../os/kernel/src/chsys.c"
  29              		.loc 1 61 0
  30              		.cfi_startproc
  31              		@ args = 0, pretend = 0, frame = 0
  32              		@ frame_needed = 0, uses_anonymous_args = 0
  33              		@ link register save eliminated.
  34              	.LVL0:
  35              		.loc 1 64 0
  36 0000 024B     		ldr	r3, .L4
  37 0002 034A     		ldr	r2, .L4+4
  38 0004 9869     		ldr	r0, [r3, #24]
  39              	.LVL1:
  40 0006 8261     		str	r2, [r0, #24]
  41              	.L2:
  42 0008 FEE7     		b	.L2
  43              	.L5:
  44 000a 00BF     		.align	2
  45              	.L4:
  46 000c 00000000 		.word	rlist
  47 0010 00000000 		.word	.LC0
  48              		.cfi_endproc
  49              	.LFE7:
  50              		.size	_idle_thread, .-_idle_thread
  51 0014 AFF30080 		.section	.text.chSysInit,"ax",%progbits
  51      AFF30080 
  51      AFF30080 
  52              		.align	2
  53              		.p2align 4,,15
  54              		.global	chSysInit
  55              		.thumb
ARM GAS  C:\Users\jenny\AppData\Local\Temp\ccYkE25H.s 			page 2


  56              		.thumb_func
  57              		.type	chSysInit, %function
  58              	chSysInit:
  59              	.LFB8:
  60              		.loc 1 84 0
  61              		.cfi_startproc
  62              		@ args = 0, pretend = 0, frame = 0
  63              		@ frame_needed = 0, uses_anonymous_args = 0
  64 0000 00B5     		push	{lr}
  65              	.LCFI0:
  66              		.cfi_def_cfa_offset 4
  67              		.cfi_offset 14, -4
  68 0002 83B0     		sub	sp, sp, #12
  69              	.LCFI1:
  70              		.cfi_def_cfa_offset 16
  71              		.loc 1 90 0
  72 0004 FFF7FEFF 		bl	_port_init
  73              	.LVL2:
  74              		.loc 1 91 0
  75 0008 FFF7FEFF 		bl	_scheduler_init
  76              	.LVL3:
  77              		.loc 1 92 0
  78 000c FFF7FEFF 		bl	_vt_init
  79              	.LVL4:
  80              		.loc 1 94 0
  81 0010 FFF7FEFF 		bl	_core_init
  82              	.LVL5:
  83              		.loc 1 97 0
  84 0014 FFF7FEFF 		bl	_heap_init
  85              	.LVL6:
  86              		.loc 1 104 0
  87 0018 40F20000 		movw	r0, #:lower16:.LANCHOR0
  88 001c 4021     		movs	r1, #64
  89 001e C0F20000 		movt	r0, #:upper16:.LANCHOR0
  90 0022 FFF7FEFF 		bl	_thread_init
  91              	.LVL7:
  92 0026 40F20001 		movw	r1, #:lower16:rlist
  93 002a C0F20001 		movt	r1, #:upper16:rlist
  94              		.loc 1 105 0
  95 002e 0122     		movs	r2, #1
  96              		.loc 1 104 0
  97 0030 8861     		str	r0, [r1, #24]
  98              		.loc 1 105 0
  99 0032 0277     		strb	r2, [r0, #28]
 100              	.LBB2:
 101              		.loc 1 111 0
 102 0034 0023     		movs	r3, #0
 103              	.LVL8:
 104              	@ 111 "../../os/kernel/src/chsys.c" 1
 105 0036 83F31188 		msr     BASEPRI, r3                    
 106 003a 62B6     		cpsie   i
 107              	@ 0 "" 2
 108              	.LVL9:
 109              		.thumb
 110              	.LBE2:
 111              		.loc 1 115 0
 112 003c 40F20000 		movw	r0, #:lower16:ch_debug
ARM GAS  C:\Users\jenny\AppData\Local\Temp\ccYkE25H.s 			page 3


 113 0040 8969     		ldr	r1, [r1, #24]
 114 0042 C0F20000 		movt	r0, #:upper16:ch_debug
 115 0046 8861     		str	r0, [r1, #24]
 116              		.loc 1 121 0
 117 0048 0093     		str	r3, [sp, #0]
 118 004a 40F20000 		movw	r0, #:lower16:.LANCHOR1
 119 004e 40F20003 		movw	r3, #:lower16:_idle_thread
 120              	.LVL10:
 121 0052 4FF4A471 		mov	r1, #328
 122 0056 C0F20003 		movt	r3, #:upper16:_idle_thread
 123 005a C0F20000 		movt	r0, #:upper16:.LANCHOR1
 124 005e FFF7FEFF 		bl	chThdCreateStatic
 125              	.LVL11:
 126              		.loc 1 124 0
 127 0062 03B0     		add	sp, sp, #12
 128 0064 00BD     		pop	{pc}
 129              		.cfi_endproc
 130              	.LFE8:
 131              		.size	chSysInit, .-chSysInit
 132 0066 00BFAFF3 		.section	.text.chSysTimerHandlerI,"ax",%progbits
 132      0080AFF3 
 132      0080
 133              		.align	2
 134              		.p2align 4,,15
 135              		.global	chSysTimerHandlerI
 136              		.thumb
 137              		.thumb_func
 138              		.type	chSysTimerHandlerI, %function
 139              	chSysTimerHandlerI:
 140              	.LFB9:
 141              		.loc 1 137 0
 142              		.cfi_startproc
 143              		@ args = 0, pretend = 0, frame = 0
 144              		@ frame_needed = 0, uses_anonymous_args = 0
 145 0000 38B5     		push	{r3, r4, r5, lr}
 146              	.LCFI2:
 147              		.cfi_def_cfa_offset 16
 148              		.cfi_offset 3, -16
 149              		.cfi_offset 4, -12
 150              		.cfi_offset 5, -8
 151              		.cfi_offset 14, -4
 152              		.loc 1 143 0
 153 0002 134B     		ldr	r3, .L20
 154 0004 9869     		ldr	r0, [r3, #24]
 155 0006 C27F     		ldrb	r2, [r0, #31]	@ zero_extendqisi2
 156 0008 0AB1     		cbz	r2, .L8
 157              		.loc 1 145 0
 158 000a 511E     		subs	r1, r2, #1
 159 000c C177     		strb	r1, [r0, #31]
 160              	.L8:
 161              		.loc 1 148 0
 162 000e 036A     		ldr	r3, [r0, #32]
 163              		.loc 1 150 0
 164 0010 104C     		ldr	r4, .L20+4
 165              		.loc 1 148 0
 166 0012 5A1C     		adds	r2, r3, #1
 167 0014 0262     		str	r2, [r0, #32]
ARM GAS  C:\Users\jenny\AppData\Local\Temp\ccYkE25H.s 			page 4


 168              		.loc 1 150 0
 169 0016 E068     		ldr	r0, [r4, #12]
 170 0018 2268     		ldr	r2, [r4, #0]
 171 001a 411C     		adds	r1, r0, #1
 172 001c A242     		cmp	r2, r4
 173 001e E160     		str	r1, [r4, #12]
 174 0020 14D0     		beq	.L7
 175              	.LBB3:
 176              		.loc 1 150 0 is_stmt 0 discriminator 1
 177 0022 9568     		ldr	r5, [r2, #8]
 178 0024 013D     		subs	r5, r5, #1
 179 0026 9560     		str	r5, [r2, #8]
 180              	.LVL12:
 181 0028 85B9     		cbnz	r5, .L7
 182              	.LVL13:
 183              	.L16:
 184              	.LBB4:
 185              		.loc 1 150 0 discriminator 3
 186 002a 1368     		ldr	r3, [r2, #0]
 187              	.LVL14:
 188 002c D168     		ldr	r1, [r2, #12]
 189              	.LVL15:
 190 002e 5C60     		str	r4, [r3, #4]
 191 0030 2360     		str	r3, [r4, #0]
 192 0032 D560     		str	r5, [r2, #12]
 193              	.LBB5:
 194 0034 0023     		movs	r3, #0
 195              	.LVL16:
 196              	@ 150 "../../os/kernel/src/chsys.c" 1
 197 0036 83F31188 		msr     BASEPRI, r3
 198              	@ 0 "" 2
 199              	.LVL17:
 200              		.thumb
 201              	.LBE5:
 202 003a 1069     		ldr	r0, [r2, #16]
 203 003c 8847     		blx	r1
 204              	.LVL18:
 205              	.LBB6:
 206 003e 2023     		movs	r3, #32
 207              	@ 150 "../../os/kernel/src/chsys.c" 1
 208 0040 83F31188 		msr     BASEPRI, r3
 209              	@ 0 "" 2
 210              	.LVL19:
 211              		.thumb
 212              	.LBE6:
 213              	.LBE4:
 214 0044 2268     		ldr	r2, [r4, #0]
 215              	.LVL20:
 216 0046 9068     		ldr	r0, [r2, #8]
 217 0048 0028     		cmp	r0, #0
 218 004a EED0     		beq	.L16
 219              	.LVL21:
 220              	.L7:
 221 004c 38BD     		pop	{r3, r4, r5, pc}
 222              	.L21:
 223 004e 00BF     		.align	2
 224              	.L20:
ARM GAS  C:\Users\jenny\AppData\Local\Temp\ccYkE25H.s 			page 5


 225 0050 00000000 		.word	rlist
 226 0054 00000000 		.word	vtlist
 227              	.LBE3:
 228              		.cfi_endproc
 229              	.LFE9:
 230              		.size	chSysTimerHandlerI, .-chSysTimerHandlerI
 231              		.global	_idle_thread_wa
 232 0058 AFF30080 		.section	.bss.mainthread.4810,"aw",%nobits
 232      AFF30080 
 233              		.align	2
 234              		.set	.LANCHOR0,. + 0
 235              		.type	mainthread.4810, %object
 236              		.size	mainthread.4810, 72
 237              	mainthread.4810:
 238 0000 00000000 		.space	72
 238      00000000 
 238      00000000 
 238      00000000 
 238      00000000 
 239              		.section	.rodata.str1.4,"aMS",%progbits,1
 240              		.align	2
 241              	.LC0:
 242 0000 69646C65 		.ascii	"idle\000"
 242      00
 243 0005 000000   		.section	.bss._idle_thread_wa,"aw",%nobits
 244              		.align	3
 245              		.set	.LANCHOR1,. + 0
 246              		.type	_idle_thread_wa, %object
 247              		.size	_idle_thread_wa, 328
 248              	_idle_thread_wa:
 249 0000 00000000 		.space	328
 249      00000000 
 249      00000000 
 249      00000000 
 249      00000000 
 250              		.text
 251              	.Letext0:
 252              		.file 2 "c:\\fbin\\yagarto\\bin\\../lib/gcc/arm-none-eabi/4.7.4/include/stddef.h"
 253              		.file 3 "c:\\fbin\\yagarto\\bin\\../lib/gcc/arm-none-eabi/4.7.4/../../../../arm-none-eabi/include/
 254              		.file 4 "../../os/ports/GCC/ARMCMx/chtypes.h"
 255              		.file 5 "../../os/kernel/include/chlists.h"
 256              		.file 6 "../../os/kernel/include/chthreads.h"
 257              		.file 7 "../../os/ports/GCC/ARMCMx/chcore_v7m.h"
 258              		.file 8 "../../os/kernel/include/chvt.h"
 259              		.file 9 "../../os/kernel/include/chschd.h"
 260              		.file 10 "../../os/kernel/include/chmtx.h"
 261              		.file 11 "../../os/kernel/include/chregistry.h"
 262              		.file 12 "../../os/kernel/include/chmemcore.h"
 263              		.file 13 "../../os/kernel/include/chheap.h"
 264              		.section	.debug_info,"",%progbits
 265              	.Ldebug_info0:
 266 0000 97090000 		.4byte	0x997
 267 0004 0200     		.2byte	0x2
 268 0006 00000000 		.4byte	.Ldebug_abbrev0
 269 000a 04       		.byte	0x4
 270 000b 01       		.uleb128 0x1
 271 000c F1000000 		.4byte	.LASF109
ARM GAS  C:\Users\jenny\AppData\Local\Temp\ccYkE25H.s 			page 6


 272 0010 01       		.byte	0x1
 273 0011 49040000 		.4byte	.LASF110
 274 0015 78040000 		.4byte	.LASF111
 275 0019 00000000 		.4byte	.Ldebug_ranges0+0
 276 001d 00000000 		.4byte	0
 277 0021 00000000 		.4byte	0
 278 0025 00000000 		.4byte	.Ldebug_line0
 279 0029 02       		.uleb128 0x2
 280 002a 04       		.byte	0x4
 281 002b 05       		.byte	0x5
 282 002c 696E7400 		.ascii	"int\000"
 283 0030 03       		.uleb128 0x3
 284 0031 1B000000 		.4byte	.LASF2
 285 0035 02       		.byte	0x2
 286 0036 D5       		.byte	0xd5
 287 0037 3B000000 		.4byte	0x3b
 288 003b 04       		.uleb128 0x4
 289 003c 04       		.byte	0x4
 290 003d 07       		.byte	0x7
 291 003e AE010000 		.4byte	.LASF0
 292 0042 04       		.uleb128 0x4
 293 0043 01       		.byte	0x1
 294 0044 06       		.byte	0x6
 295 0045 AE000000 		.4byte	.LASF1
 296 0049 03       		.uleb128 0x3
 297 004a 65040000 		.4byte	.LASF3
 298 004e 03       		.byte	0x3
 299 004f 2A       		.byte	0x2a
 300 0050 54000000 		.4byte	0x54
 301 0054 04       		.uleb128 0x4
 302 0055 01       		.byte	0x1
 303 0056 08       		.byte	0x8
 304 0057 21030000 		.4byte	.LASF4
 305 005b 04       		.uleb128 0x4
 306 005c 02       		.byte	0x2
 307 005d 05       		.byte	0x5
 308 005e 44030000 		.4byte	.LASF5
 309 0062 03       		.uleb128 0x3
 310 0063 4C010000 		.4byte	.LASF6
 311 0067 03       		.byte	0x3
 312 0068 36       		.byte	0x36
 313 0069 6D000000 		.4byte	0x6d
 314 006d 04       		.uleb128 0x4
 315 006e 02       		.byte	0x2
 316 006f 07       		.byte	0x7
 317 0070 0E020000 		.4byte	.LASF7
 318 0074 03       		.uleb128 0x3
 319 0075 19030000 		.4byte	.LASF8
 320 0079 03       		.byte	0x3
 321 007a 4F       		.byte	0x4f
 322 007b 7F000000 		.4byte	0x7f
 323 007f 04       		.uleb128 0x4
 324 0080 04       		.byte	0x4
 325 0081 05       		.byte	0x5
 326 0082 3A010000 		.4byte	.LASF9
 327 0086 03       		.uleb128 0x3
 328 0087 B7030000 		.4byte	.LASF10
ARM GAS  C:\Users\jenny\AppData\Local\Temp\ccYkE25H.s 			page 7


 329 008b 03       		.byte	0x3
 330 008c 50       		.byte	0x50
 331 008d 91000000 		.4byte	0x91
 332 0091 04       		.uleb128 0x4
 333 0092 04       		.byte	0x4
 334 0093 07       		.byte	0x7
 335 0094 D0010000 		.4byte	.LASF11
 336 0098 04       		.uleb128 0x4
 337 0099 08       		.byte	0x8
 338 009a 05       		.byte	0x5
 339 009b A0000000 		.4byte	.LASF12
 340 009f 03       		.uleb128 0x3
 341 00a0 29000000 		.4byte	.LASF13
 342 00a4 03       		.byte	0x3
 343 00a5 78       		.byte	0x78
 344 00a6 AA000000 		.4byte	0xaa
 345 00aa 04       		.uleb128 0x4
 346 00ab 08       		.byte	0x8
 347 00ac 07       		.byte	0x7
 348 00ad 5A000000 		.4byte	.LASF14
 349 00b1 04       		.uleb128 0x4
 350 00b2 01       		.byte	0x1
 351 00b3 02       		.byte	0x2
 352 00b4 13030000 		.4byte	.LASF15
 353 00b8 03       		.uleb128 0x3
 354 00b9 27020000 		.4byte	.LASF16
 355 00bd 04       		.byte	0x4
 356 00be 2C       		.byte	0x2c
 357 00bf 49000000 		.4byte	0x49
 358 00c3 03       		.uleb128 0x3
 359 00c4 43010000 		.4byte	.LASF17
 360 00c8 04       		.byte	0x4
 361 00c9 2D       		.byte	0x2d
 362 00ca 49000000 		.4byte	0x49
 363 00ce 03       		.uleb128 0x3
 364 00cf F1020000 		.4byte	.LASF18
 365 00d3 04       		.byte	0x4
 366 00d4 2E       		.byte	0x2e
 367 00d5 49000000 		.4byte	0x49
 368 00d9 03       		.uleb128 0x3
 369 00da E7000000 		.4byte	.LASF19
 370 00de 04       		.byte	0x4
 371 00df 2F       		.byte	0x2f
 372 00e0 49000000 		.4byte	0x49
 373 00e4 03       		.uleb128 0x3
 374 00e5 0B030000 		.4byte	.LASF20
 375 00e9 04       		.byte	0x4
 376 00ea 30       		.byte	0x30
 377 00eb 86000000 		.4byte	0x86
 378 00ef 03       		.uleb128 0x3
 379 00f0 21020000 		.4byte	.LASF21
 380 00f4 04       		.byte	0x4
 381 00f5 31       		.byte	0x31
 382 00f6 74000000 		.4byte	0x74
 383 00fa 03       		.uleb128 0x3
 384 00fb 3B020000 		.4byte	.LASF22
 385 00ff 04       		.byte	0x4
ARM GAS  C:\Users\jenny\AppData\Local\Temp\ccYkE25H.s 			page 8


 386 0100 33       		.byte	0x33
 387 0101 86000000 		.4byte	0x86
 388 0105 03       		.uleb128 0x3
 389 0106 E0030000 		.4byte	.LASF23
 390 010a 04       		.byte	0x4
 391 010b 35       		.byte	0x35
 392 010c 86000000 		.4byte	0x86
 393 0110 03       		.uleb128 0x3
 394 0111 98030000 		.4byte	.LASF24
 395 0115 05       		.byte	0x5
 396 0116 2A       		.byte	0x2a
 397 0117 1B010000 		.4byte	0x11b
 398 011b 05       		.uleb128 0x5
 399 011c 98030000 		.4byte	.LASF24
 400 0120 48       		.byte	0x48
 401 0121 06       		.byte	0x6
 402 0122 5E       		.byte	0x5e
 403 0123 40020000 		.4byte	0x240
 404 0127 06       		.uleb128 0x6
 405 0128 7A030000 		.4byte	.LASF25
 406 012c 06       		.byte	0x6
 407 012d 5F       		.byte	0x5f
 408 012e 65020000 		.4byte	0x265
 409 0132 02       		.byte	0x2
 410 0133 23       		.byte	0x23
 411 0134 00       		.uleb128 0
 412 0135 06       		.uleb128 0x6
 413 0136 04030000 		.4byte	.LASF26
 414 013a 06       		.byte	0x6
 415 013b 61       		.byte	0x61
 416 013c 65020000 		.4byte	0x265
 417 0140 02       		.byte	0x2
 418 0141 23       		.byte	0x23
 419 0142 04       		.uleb128 0x4
 420 0143 06       		.uleb128 0x6
 421 0144 7C000000 		.4byte	.LASF27
 422 0148 06       		.byte	0x6
 423 0149 63       		.byte	0x63
 424 014a E4000000 		.4byte	0xe4
 425 014e 02       		.byte	0x2
 426 014f 23       		.byte	0x23
 427 0150 08       		.uleb128 0x8
 428 0151 06       		.uleb128 0x6
 429 0152 FE040000 		.4byte	.LASF28
 430 0156 06       		.byte	0x6
 431 0157 64       		.byte	0x64
 432 0158 2E040000 		.4byte	0x42e
 433 015c 02       		.byte	0x2
 434 015d 23       		.byte	0x23
 435 015e 0C       		.uleb128 0xc
 436 015f 06       		.uleb128 0x6
 437 0160 5F010000 		.4byte	.LASF29
 438 0164 06       		.byte	0x6
 439 0165 66       		.byte	0x66
 440 0166 65020000 		.4byte	0x265
 441 016a 02       		.byte	0x2
 442 016b 23       		.byte	0x23
ARM GAS  C:\Users\jenny\AppData\Local\Temp\ccYkE25H.s 			page 9


 443 016c 10       		.uleb128 0x10
 444 016d 06       		.uleb128 0x6
 445 016e AF020000 		.4byte	.LASF30
 446 0172 06       		.byte	0x6
 447 0173 67       		.byte	0x67
 448 0174 65020000 		.4byte	0x265
 449 0178 02       		.byte	0x2
 450 0179 23       		.byte	0x23
 451 017a 14       		.uleb128 0x14
 452 017b 06       		.uleb128 0x6
 453 017c D2040000 		.4byte	.LASF31
 454 0180 06       		.byte	0x6
 455 0181 6E       		.byte	0x6e
 456 0182 0F060000 		.4byte	0x60f
 457 0186 02       		.byte	0x2
 458 0187 23       		.byte	0x23
 459 0188 18       		.uleb128 0x18
 460 0189 06       		.uleb128 0x6
 461 018a 4E030000 		.4byte	.LASF32
 462 018e 06       		.byte	0x6
 463 018f 79       		.byte	0x79
 464 0190 C3000000 		.4byte	0xc3
 465 0194 02       		.byte	0x2
 466 0195 23       		.byte	0x23
 467 0196 1C       		.uleb128 0x1c
 468 0197 06       		.uleb128 0x6
 469 0198 90030000 		.4byte	.LASF33
 470 019c 06       		.byte	0x6
 471 019d 7D       		.byte	0x7d
 472 019e B8000000 		.4byte	0xb8
 473 01a2 02       		.byte	0x2
 474 01a3 23       		.byte	0x23
 475 01a4 1D       		.uleb128 0x1d
 476 01a5 06       		.uleb128 0x6
 477 01a6 32040000 		.4byte	.LASF34
 478 01aa 06       		.byte	0x6
 479 01ab 82       		.byte	0x82
 480 01ac CE000000 		.4byte	0xce
 481 01b0 02       		.byte	0x2
 482 01b1 23       		.byte	0x23
 483 01b2 1E       		.uleb128 0x1e
 484 01b3 06       		.uleb128 0x6
 485 01b4 56030000 		.4byte	.LASF35
 486 01b8 06       		.byte	0x6
 487 01b9 88       		.byte	0x88
 488 01ba D9000000 		.4byte	0xd9
 489 01be 02       		.byte	0x2
 490 01bf 23       		.byte	0x23
 491 01c0 1F       		.uleb128 0x1f
 492 01c1 06       		.uleb128 0x6
 493 01c2 07040000 		.4byte	.LASF36
 494 01c6 06       		.byte	0x6
 495 01c7 8F       		.byte	0x8f
 496 01c8 1A050000 		.4byte	0x51a
 497 01cc 02       		.byte	0x2
 498 01cd 23       		.byte	0x23
 499 01ce 20       		.uleb128 0x20
ARM GAS  C:\Users\jenny\AppData\Local\Temp\ccYkE25H.s 			page 10


 500 01cf 07       		.uleb128 0x7
 501 01d0 705F7500 		.ascii	"p_u\000"
 502 01d4 06       		.byte	0x6
 503 01d5 B4       		.byte	0xb4
 504 01d6 DA050000 		.4byte	0x5da
 505 01da 02       		.byte	0x2
 506 01db 23       		.byte	0x23
 507 01dc 24       		.uleb128 0x24
 508 01dd 06       		.uleb128 0x6
 509 01de 04050000 		.4byte	.LASF37
 510 01e2 06       		.byte	0x6
 511 01e3 B9       		.byte	0xb9
 512 01e4 8D020000 		.4byte	0x28d
 513 01e8 02       		.byte	0x2
 514 01e9 23       		.byte	0x23
 515 01ea 28       		.uleb128 0x28
 516 01eb 06       		.uleb128 0x6
 517 01ec 15040000 		.4byte	.LASF38
 518 01f0 06       		.byte	0x6
 519 01f1 BF       		.byte	0xbf
 520 01f2 6B020000 		.4byte	0x26b
 521 01f6 02       		.byte	0x2
 522 01f7 23       		.byte	0x23
 523 01f8 2C       		.uleb128 0x2c
 524 01f9 06       		.uleb128 0x6
 525 01fa 15000000 		.4byte	.LASF39
 526 01fe 06       		.byte	0x6
 527 01ff C3       		.byte	0xc3
 528 0200 EF000000 		.4byte	0xef
 529 0204 02       		.byte	0x2
 530 0205 23       		.byte	0x23
 531 0206 34       		.uleb128 0x34
 532 0207 06       		.uleb128 0x6
 533 0208 AC030000 		.4byte	.LASF40
 534 020c 06       		.byte	0x6
 535 020d C9       		.byte	0xc9
 536 020e FA000000 		.4byte	0xfa
 537 0212 02       		.byte	0x2
 538 0213 23       		.byte	0x23
 539 0214 38       		.uleb128 0x38
 540 0215 06       		.uleb128 0x6
 541 0216 3A030000 		.4byte	.LASF41
 542 021a 06       		.byte	0x6
 543 021b D0       		.byte	0xd0
 544 021c 21060000 		.4byte	0x621
 545 0220 02       		.byte	0x2
 546 0221 23       		.byte	0x23
 547 0222 3C       		.uleb128 0x3c
 548 0223 06       		.uleb128 0x6
 549 0224 EA030000 		.4byte	.LASF42
 550 0228 06       		.byte	0x6
 551 0229 D4       		.byte	0xd4
 552 022a E4000000 		.4byte	0xe4
 553 022e 02       		.byte	0x2
 554 022f 23       		.byte	0x23
 555 0230 40       		.uleb128 0x40
 556 0231 06       		.uleb128 0x6
ARM GAS  C:\Users\jenny\AppData\Local\Temp\ccYkE25H.s 			page 11


 557 0232 D7000000 		.4byte	.LASF43
 558 0236 06       		.byte	0x6
 559 0237 DA       		.byte	0xda
 560 0238 A3020000 		.4byte	0x2a3
 561 023c 02       		.byte	0x2
 562 023d 23       		.byte	0x23
 563 023e 44       		.uleb128 0x44
 564 023f 00       		.byte	0
 565 0240 08       		.uleb128 0x8
 566 0241 08       		.byte	0x8
 567 0242 05       		.byte	0x5
 568 0243 61       		.byte	0x61
 569 0244 65020000 		.4byte	0x265
 570 0248 06       		.uleb128 0x6
 571 0249 7A030000 		.4byte	.LASF25
 572 024d 05       		.byte	0x5
 573 024e 62       		.byte	0x62
 574 024f 65020000 		.4byte	0x265
 575 0253 02       		.byte	0x2
 576 0254 23       		.byte	0x23
 577 0255 00       		.uleb128 0
 578 0256 06       		.uleb128 0x6
 579 0257 04030000 		.4byte	.LASF26
 580 025b 05       		.byte	0x5
 581 025c 64       		.byte	0x64
 582 025d 65020000 		.4byte	0x265
 583 0261 02       		.byte	0x2
 584 0262 23       		.byte	0x23
 585 0263 04       		.uleb128 0x4
 586 0264 00       		.byte	0
 587 0265 09       		.uleb128 0x9
 588 0266 04       		.byte	0x4
 589 0267 10010000 		.4byte	0x110
 590 026b 03       		.uleb128 0x3
 591 026c BD020000 		.4byte	.LASF44
 592 0270 05       		.byte	0x5
 593 0271 66       		.byte	0x66
 594 0272 40020000 		.4byte	0x240
 595 0276 08       		.uleb128 0x8
 596 0277 04       		.byte	0x4
 597 0278 05       		.byte	0x5
 598 0279 6B       		.byte	0x6b
 599 027a 8D020000 		.4byte	0x28d
 600 027e 06       		.uleb128 0x6
 601 027f 7A030000 		.4byte	.LASF25
 602 0283 05       		.byte	0x5
 603 0284 6D       		.byte	0x6d
 604 0285 65020000 		.4byte	0x265
 605 0289 02       		.byte	0x2
 606 028a 23       		.byte	0x23
 607 028b 00       		.uleb128 0
 608 028c 00       		.byte	0
 609 028d 03       		.uleb128 0x3
 610 028e 2F020000 		.4byte	.LASF45
 611 0292 05       		.byte	0x5
 612 0293 70       		.byte	0x70
 613 0294 76020000 		.4byte	0x276
ARM GAS  C:\Users\jenny\AppData\Local\Temp\ccYkE25H.s 			page 12


 614 0298 03       		.uleb128 0x3
 615 0299 88010000 		.4byte	.LASF46
 616 029d 07       		.byte	0x7
 617 029e E5       		.byte	0xe5
 618 029f A3020000 		.4byte	0x2a3
 619 02a3 0A       		.uleb128 0xa
 620 02a4 04       		.byte	0x4
 621 02a5 03       		.uleb128 0x3
 622 02a6 4D020000 		.4byte	.LASF47
 623 02aa 07       		.byte	0x7
 624 02ab EB       		.byte	0xeb
 625 02ac 9F000000 		.4byte	0x9f
 626 02b0 0B       		.uleb128 0xb
 627 02b1 0E040000 		.4byte	.LASF48
 628 02b5 64       		.byte	0x64
 629 02b6 07       		.byte	0x7
 630 02b7 0C01     		.2byte	0x10c
 631 02b9 2E040000 		.4byte	0x42e
 632 02bd 0C       		.uleb128 0xc
 633 02be 73313600 		.ascii	"s16\000"
 634 02c2 07       		.byte	0x7
 635 02c3 0E01     		.2byte	0x10e
 636 02c5 98020000 		.4byte	0x298
 637 02c9 02       		.byte	0x2
 638 02ca 23       		.byte	0x23
 639 02cb 00       		.uleb128 0
 640 02cc 0C       		.uleb128 0xc
 641 02cd 73313700 		.ascii	"s17\000"
 642 02d1 07       		.byte	0x7
 643 02d2 0F01     		.2byte	0x10f
 644 02d4 98020000 		.4byte	0x298
 645 02d8 02       		.byte	0x2
 646 02d9 23       		.byte	0x23
 647 02da 04       		.uleb128 0x4
 648 02db 0C       		.uleb128 0xc
 649 02dc 73313800 		.ascii	"s18\000"
 650 02e0 07       		.byte	0x7
 651 02e1 1001     		.2byte	0x110
 652 02e3 98020000 		.4byte	0x298
 653 02e7 02       		.byte	0x2
 654 02e8 23       		.byte	0x23
 655 02e9 08       		.uleb128 0x8
 656 02ea 0C       		.uleb128 0xc
 657 02eb 73313900 		.ascii	"s19\000"
 658 02ef 07       		.byte	0x7
 659 02f0 1101     		.2byte	0x111
 660 02f2 98020000 		.4byte	0x298
 661 02f6 02       		.byte	0x2
 662 02f7 23       		.byte	0x23
 663 02f8 0C       		.uleb128 0xc
 664 02f9 0C       		.uleb128 0xc
 665 02fa 73323000 		.ascii	"s20\000"
 666 02fe 07       		.byte	0x7
 667 02ff 1201     		.2byte	0x112
 668 0301 98020000 		.4byte	0x298
 669 0305 02       		.byte	0x2
 670 0306 23       		.byte	0x23
ARM GAS  C:\Users\jenny\AppData\Local\Temp\ccYkE25H.s 			page 13


 671 0307 10       		.uleb128 0x10
 672 0308 0C       		.uleb128 0xc
 673 0309 73323100 		.ascii	"s21\000"
 674 030d 07       		.byte	0x7
 675 030e 1301     		.2byte	0x113
 676 0310 98020000 		.4byte	0x298
 677 0314 02       		.byte	0x2
 678 0315 23       		.byte	0x23
 679 0316 14       		.uleb128 0x14
 680 0317 0C       		.uleb128 0xc
 681 0318 73323200 		.ascii	"s22\000"
 682 031c 07       		.byte	0x7
 683 031d 1401     		.2byte	0x114
 684 031f 98020000 		.4byte	0x298
 685 0323 02       		.byte	0x2
 686 0324 23       		.byte	0x23
 687 0325 18       		.uleb128 0x18
 688 0326 0C       		.uleb128 0xc
 689 0327 73323300 		.ascii	"s23\000"
 690 032b 07       		.byte	0x7
 691 032c 1501     		.2byte	0x115
 692 032e 98020000 		.4byte	0x298
 693 0332 02       		.byte	0x2
 694 0333 23       		.byte	0x23
 695 0334 1C       		.uleb128 0x1c
 696 0335 0C       		.uleb128 0xc
 697 0336 73323400 		.ascii	"s24\000"
 698 033a 07       		.byte	0x7
 699 033b 1601     		.2byte	0x116
 700 033d 98020000 		.4byte	0x298
 701 0341 02       		.byte	0x2
 702 0342 23       		.byte	0x23
 703 0343 20       		.uleb128 0x20
 704 0344 0C       		.uleb128 0xc
 705 0345 73323500 		.ascii	"s25\000"
 706 0349 07       		.byte	0x7
 707 034a 1701     		.2byte	0x117
 708 034c 98020000 		.4byte	0x298
 709 0350 02       		.byte	0x2
 710 0351 23       		.byte	0x23
 711 0352 24       		.uleb128 0x24
 712 0353 0C       		.uleb128 0xc
 713 0354 73323600 		.ascii	"s26\000"
 714 0358 07       		.byte	0x7
 715 0359 1801     		.2byte	0x118
 716 035b 98020000 		.4byte	0x298
 717 035f 02       		.byte	0x2
 718 0360 23       		.byte	0x23
 719 0361 28       		.uleb128 0x28
 720 0362 0C       		.uleb128 0xc
 721 0363 73323700 		.ascii	"s27\000"
 722 0367 07       		.byte	0x7
 723 0368 1901     		.2byte	0x119
 724 036a 98020000 		.4byte	0x298
 725 036e 02       		.byte	0x2
 726 036f 23       		.byte	0x23
 727 0370 2C       		.uleb128 0x2c
ARM GAS  C:\Users\jenny\AppData\Local\Temp\ccYkE25H.s 			page 14


 728 0371 0C       		.uleb128 0xc
 729 0372 73323800 		.ascii	"s28\000"
 730 0376 07       		.byte	0x7
 731 0377 1A01     		.2byte	0x11a
 732 0379 98020000 		.4byte	0x298
 733 037d 02       		.byte	0x2
 734 037e 23       		.byte	0x23
 735 037f 30       		.uleb128 0x30
 736 0380 0C       		.uleb128 0xc
 737 0381 73323900 		.ascii	"s29\000"
 738 0385 07       		.byte	0x7
 739 0386 1B01     		.2byte	0x11b
 740 0388 98020000 		.4byte	0x298
 741 038c 02       		.byte	0x2
 742 038d 23       		.byte	0x23
 743 038e 34       		.uleb128 0x34
 744 038f 0C       		.uleb128 0xc
 745 0390 73333000 		.ascii	"s30\000"
 746 0394 07       		.byte	0x7
 747 0395 1C01     		.2byte	0x11c
 748 0397 98020000 		.4byte	0x298
 749 039b 02       		.byte	0x2
 750 039c 23       		.byte	0x23
 751 039d 38       		.uleb128 0x38
 752 039e 0C       		.uleb128 0xc
 753 039f 73333100 		.ascii	"s31\000"
 754 03a3 07       		.byte	0x7
 755 03a4 1D01     		.2byte	0x11d
 756 03a6 98020000 		.4byte	0x298
 757 03aa 02       		.byte	0x2
 758 03ab 23       		.byte	0x23
 759 03ac 3C       		.uleb128 0x3c
 760 03ad 0C       		.uleb128 0xc
 761 03ae 723400   		.ascii	"r4\000"
 762 03b1 07       		.byte	0x7
 763 03b2 1F01     		.2byte	0x11f
 764 03b4 98020000 		.4byte	0x298
 765 03b8 02       		.byte	0x2
 766 03b9 23       		.byte	0x23
 767 03ba 40       		.uleb128 0x40
 768 03bb 0C       		.uleb128 0xc
 769 03bc 723500   		.ascii	"r5\000"
 770 03bf 07       		.byte	0x7
 771 03c0 2001     		.2byte	0x120
 772 03c2 98020000 		.4byte	0x298
 773 03c6 02       		.byte	0x2
 774 03c7 23       		.byte	0x23
 775 03c8 44       		.uleb128 0x44
 776 03c9 0C       		.uleb128 0xc
 777 03ca 723600   		.ascii	"r6\000"
 778 03cd 07       		.byte	0x7
 779 03ce 2101     		.2byte	0x121
 780 03d0 98020000 		.4byte	0x298
 781 03d4 02       		.byte	0x2
 782 03d5 23       		.byte	0x23
 783 03d6 48       		.uleb128 0x48
 784 03d7 0C       		.uleb128 0xc
ARM GAS  C:\Users\jenny\AppData\Local\Temp\ccYkE25H.s 			page 15


 785 03d8 723700   		.ascii	"r7\000"
 786 03db 07       		.byte	0x7
 787 03dc 2201     		.2byte	0x122
 788 03de 98020000 		.4byte	0x298
 789 03e2 02       		.byte	0x2
 790 03e3 23       		.byte	0x23
 791 03e4 4C       		.uleb128 0x4c
 792 03e5 0C       		.uleb128 0xc
 793 03e6 723800   		.ascii	"r8\000"
 794 03e9 07       		.byte	0x7
 795 03ea 2301     		.2byte	0x123
 796 03ec 98020000 		.4byte	0x298
 797 03f0 02       		.byte	0x2
 798 03f1 23       		.byte	0x23
 799 03f2 50       		.uleb128 0x50
 800 03f3 0C       		.uleb128 0xc
 801 03f4 723900   		.ascii	"r9\000"
 802 03f7 07       		.byte	0x7
 803 03f8 2401     		.2byte	0x124
 804 03fa 98020000 		.4byte	0x298
 805 03fe 02       		.byte	0x2
 806 03ff 23       		.byte	0x23
 807 0400 54       		.uleb128 0x54
 808 0401 0C       		.uleb128 0xc
 809 0402 72313000 		.ascii	"r10\000"
 810 0406 07       		.byte	0x7
 811 0407 2501     		.2byte	0x125
 812 0409 98020000 		.4byte	0x298
 813 040d 02       		.byte	0x2
 814 040e 23       		.byte	0x23
 815 040f 58       		.uleb128 0x58
 816 0410 0C       		.uleb128 0xc
 817 0411 72313100 		.ascii	"r11\000"
 818 0415 07       		.byte	0x7
 819 0416 2601     		.2byte	0x126
 820 0418 98020000 		.4byte	0x298
 821 041c 02       		.byte	0x2
 822 041d 23       		.byte	0x23
 823 041e 5C       		.uleb128 0x5c
 824 041f 0C       		.uleb128 0xc
 825 0420 6C7200   		.ascii	"lr\000"
 826 0423 07       		.byte	0x7
 827 0424 2701     		.2byte	0x127
 828 0426 98020000 		.4byte	0x298
 829 042a 02       		.byte	0x2
 830 042b 23       		.byte	0x23
 831 042c 60       		.uleb128 0x60
 832 042d 00       		.byte	0
 833 042e 0B       		.uleb128 0xb
 834 042f 06020000 		.4byte	.LASF49
 835 0433 04       		.byte	0x4
 836 0434 07       		.byte	0x7
 837 0435 3101     		.2byte	0x131
 838 0437 4B040000 		.4byte	0x44b
 839 043b 0C       		.uleb128 0xc
 840 043c 72313300 		.ascii	"r13\000"
 841 0440 07       		.byte	0x7
ARM GAS  C:\Users\jenny\AppData\Local\Temp\ccYkE25H.s 			page 16


 842 0441 3201     		.2byte	0x132
 843 0443 4B040000 		.4byte	0x44b
 844 0447 02       		.byte	0x2
 845 0448 23       		.byte	0x23
 846 0449 00       		.uleb128 0
 847 044a 00       		.byte	0
 848 044b 09       		.uleb128 0x9
 849 044c 04       		.byte	0x4
 850 044d B0020000 		.4byte	0x2b0
 851 0451 04       		.uleb128 0x4
 852 0452 04       		.byte	0x4
 853 0453 07       		.byte	0x7
 854 0454 86020000 		.4byte	.LASF50
 855 0458 03       		.uleb128 0x3
 856 0459 F5030000 		.4byte	.LASF51
 857 045d 08       		.byte	0x8
 858 045e 58       		.byte	0x58
 859 045f 63040000 		.4byte	0x463
 860 0463 09       		.uleb128 0x9
 861 0464 04       		.byte	0x4
 862 0465 69040000 		.4byte	0x469
 863 0469 0D       		.uleb128 0xd
 864 046a 01       		.byte	0x1
 865 046b 75040000 		.4byte	0x475
 866 046f 0E       		.uleb128 0xe
 867 0470 A3020000 		.4byte	0x2a3
 868 0474 00       		.byte	0
 869 0475 03       		.uleb128 0x3
 870 0476 F9010000 		.4byte	.LASF52
 871 047a 08       		.byte	0x8
 872 047b 5D       		.byte	0x5d
 873 047c 80040000 		.4byte	0x480
 874 0480 05       		.uleb128 0x5
 875 0481 F9010000 		.4byte	.LASF52
 876 0485 14       		.byte	0x14
 877 0486 08       		.byte	0x8
 878 0487 64       		.byte	0x64
 879 0488 D3040000 		.4byte	0x4d3
 880 048c 06       		.uleb128 0x6
 881 048d C8010000 		.4byte	.LASF53
 882 0491 08       		.byte	0x8
 883 0492 65       		.byte	0x65
 884 0493 D3040000 		.4byte	0x4d3
 885 0497 02       		.byte	0x2
 886 0498 23       		.byte	0x23
 887 0499 00       		.uleb128 0
 888 049a 06       		.uleb128 0x6
 889 049b 91010000 		.4byte	.LASF54
 890 049f 08       		.byte	0x8
 891 04a0 67       		.byte	0x67
 892 04a1 D3040000 		.4byte	0x4d3
 893 04a5 02       		.byte	0x2
 894 04a6 23       		.byte	0x23
 895 04a7 04       		.uleb128 0x4
 896 04a8 06       		.uleb128 0x6
 897 04a9 7E020000 		.4byte	.LASF55
 898 04ad 08       		.byte	0x8
ARM GAS  C:\Users\jenny\AppData\Local\Temp\ccYkE25H.s 			page 17


 899 04ae 69       		.byte	0x69
 900 04af 05010000 		.4byte	0x105
 901 04b3 02       		.byte	0x2
 902 04b4 23       		.byte	0x23
 903 04b5 08       		.uleb128 0x8
 904 04b6 06       		.uleb128 0x6
 905 04b7 8F020000 		.4byte	.LASF56
 906 04bb 08       		.byte	0x8
 907 04bc 6A       		.byte	0x6a
 908 04bd 58040000 		.4byte	0x458
 909 04c1 02       		.byte	0x2
 910 04c2 23       		.byte	0x23
 911 04c3 0C       		.uleb128 0xc
 912 04c4 06       		.uleb128 0x6
 913 04c5 20040000 		.4byte	.LASF57
 914 04c9 08       		.byte	0x8
 915 04ca 6C       		.byte	0x6c
 916 04cb A3020000 		.4byte	0x2a3
 917 04cf 02       		.byte	0x2
 918 04d0 23       		.byte	0x23
 919 04d1 10       		.uleb128 0x10
 920 04d2 00       		.byte	0
 921 04d3 09       		.uleb128 0x9
 922 04d4 04       		.byte	0x4
 923 04d5 75040000 		.4byte	0x475
 924 04d9 08       		.uleb128 0x8
 925 04da 10       		.byte	0x10
 926 04db 08       		.byte	0x8
 927 04dc 76       		.byte	0x76
 928 04dd 1A050000 		.4byte	0x51a
 929 04e1 06       		.uleb128 0x6
 930 04e2 C8010000 		.4byte	.LASF53
 931 04e6 08       		.byte	0x8
 932 04e7 77       		.byte	0x77
 933 04e8 D3040000 		.4byte	0x4d3
 934 04ec 02       		.byte	0x2
 935 04ed 23       		.byte	0x23
 936 04ee 00       		.uleb128 0
 937 04ef 06       		.uleb128 0x6
 938 04f0 91010000 		.4byte	.LASF54
 939 04f4 08       		.byte	0x8
 940 04f5 79       		.byte	0x79
 941 04f6 D3040000 		.4byte	0x4d3
 942 04fa 02       		.byte	0x2
 943 04fb 23       		.byte	0x23
 944 04fc 04       		.uleb128 0x4
 945 04fd 06       		.uleb128 0x6
 946 04fe 7E020000 		.4byte	.LASF55
 947 0502 08       		.byte	0x8
 948 0503 7B       		.byte	0x7b
 949 0504 05010000 		.4byte	0x105
 950 0508 02       		.byte	0x2
 951 0509 23       		.byte	0x23
 952 050a 08       		.uleb128 0x8
 953 050b 06       		.uleb128 0x6
 954 050c D9040000 		.4byte	.LASF58
 955 0510 08       		.byte	0x8
ARM GAS  C:\Users\jenny\AppData\Local\Temp\ccYkE25H.s 			page 18


 956 0511 7C       		.byte	0x7c
 957 0512 1A050000 		.4byte	0x51a
 958 0516 02       		.byte	0x2
 959 0517 23       		.byte	0x23
 960 0518 0C       		.uleb128 0xc
 961 0519 00       		.byte	0
 962 051a 0F       		.uleb128 0xf
 963 051b 05010000 		.4byte	0x105
 964 051f 03       		.uleb128 0x3
 965 0520 EF040000 		.4byte	.LASF59
 966 0524 08       		.byte	0x8
 967 0525 7D       		.byte	0x7d
 968 0526 D9040000 		.4byte	0x4d9
 969 052a 08       		.uleb128 0x8
 970 052b 1C       		.byte	0x1c
 971 052c 09       		.byte	0x9
 972 052d 5E       		.byte	0x5e
 973 052e 87050000 		.4byte	0x587
 974 0532 06       		.uleb128 0x6
 975 0533 CC030000 		.4byte	.LASF60
 976 0537 09       		.byte	0x9
 977 0538 5F       		.byte	0x5f
 978 0539 6B020000 		.4byte	0x26b
 979 053d 02       		.byte	0x2
 980 053e 23       		.byte	0x23
 981 053f 00       		.uleb128 0
 982 0540 06       		.uleb128 0x6
 983 0541 6C030000 		.4byte	.LASF61
 984 0545 09       		.byte	0x9
 985 0546 60       		.byte	0x60
 986 0547 E4000000 		.4byte	0xe4
 987 054b 02       		.byte	0x2
 988 054c 23       		.byte	0x23
 989 054d 08       		.uleb128 0x8
 990 054e 06       		.uleb128 0x6
 991 054f B7020000 		.4byte	.LASF62
 992 0553 09       		.byte	0x9
 993 0554 62       		.byte	0x62
 994 0555 2E040000 		.4byte	0x42e
 995 0559 02       		.byte	0x2
 996 055a 23       		.byte	0x23
 997 055b 0C       		.uleb128 0xc
 998 055c 06       		.uleb128 0x6
 999 055d 80010000 		.4byte	.LASF63
 1000 0561 09       		.byte	0x9
 1001 0562 65       		.byte	0x65
 1002 0563 65020000 		.4byte	0x265
 1003 0567 02       		.byte	0x2
 1004 0568 23       		.byte	0x23
 1005 0569 10       		.uleb128 0x10
 1006 056a 06       		.uleb128 0x6
 1007 056b DC020000 		.4byte	.LASF64
 1008 056f 09       		.byte	0x9
 1009 0570 66       		.byte	0x66
 1010 0571 65020000 		.4byte	0x265
 1011 0575 02       		.byte	0x2
 1012 0576 23       		.byte	0x23
ARM GAS  C:\Users\jenny\AppData\Local\Temp\ccYkE25H.s 			page 19


 1013 0577 14       		.uleb128 0x14
 1014 0578 06       		.uleb128 0x6
 1015 0579 D2020000 		.4byte	.LASF65
 1016 057d 09       		.byte	0x9
 1017 057e 69       		.byte	0x69
 1018 057f 65020000 		.4byte	0x265
 1019 0583 02       		.byte	0x2
 1020 0584 23       		.byte	0x23
 1021 0585 18       		.uleb128 0x18
 1022 0586 00       		.byte	0
 1023 0587 03       		.uleb128 0x3
 1024 0588 39040000 		.4byte	.LASF66
 1025 058c 09       		.byte	0x9
 1026 058d 6B       		.byte	0x6b
 1027 058e 2A050000 		.4byte	0x52a
 1028 0592 05       		.uleb128 0x5
 1029 0593 47020000 		.4byte	.LASF67
 1030 0597 10       		.byte	0x10
 1031 0598 0A       		.byte	0xa
 1032 0599 2C       		.byte	0x2c
 1033 059a C9050000 		.4byte	0x5c9
 1034 059e 06       		.uleb128 0x6
 1035 059f DF000000 		.4byte	.LASF68
 1036 05a3 0A       		.byte	0xa
 1037 05a4 2D       		.byte	0x2d
 1038 05a5 6B020000 		.4byte	0x26b
 1039 05a9 02       		.byte	0x2
 1040 05aa 23       		.byte	0x23
 1041 05ab 00       		.uleb128 0
 1042 05ac 06       		.uleb128 0x6
 1043 05ad F6040000 		.4byte	.LASF69
 1044 05b1 0A       		.byte	0xa
 1045 05b2 2F       		.byte	0x2f
 1046 05b3 65020000 		.4byte	0x265
 1047 05b7 02       		.byte	0x2
 1048 05b8 23       		.byte	0x23
 1049 05b9 08       		.uleb128 0x8
 1050 05ba 06       		.uleb128 0x6
 1051 05bb D9030000 		.4byte	.LASF70
 1052 05bf 0A       		.byte	0xa
 1053 05c0 31       		.byte	0x31
 1054 05c1 C9050000 		.4byte	0x5c9
 1055 05c5 02       		.byte	0x2
 1056 05c6 23       		.byte	0x23
 1057 05c7 0C       		.uleb128 0xc
 1058 05c8 00       		.byte	0
 1059 05c9 09       		.uleb128 0x9
 1060 05ca 04       		.byte	0x4
 1061 05cb 92050000 		.4byte	0x592
 1062 05cf 03       		.uleb128 0x3
 1063 05d0 47020000 		.4byte	.LASF67
 1064 05d4 0A       		.byte	0xa
 1065 05d5 33       		.byte	0x33
 1066 05d6 92050000 		.4byte	0x592
 1067 05da 10       		.uleb128 0x10
 1068 05db 04       		.byte	0x4
 1069 05dc 06       		.byte	0x6
ARM GAS  C:\Users\jenny\AppData\Local\Temp\ccYkE25H.s 			page 20


 1070 05dd 96       		.byte	0x96
 1071 05de 0F060000 		.4byte	0x60f
 1072 05e2 11       		.uleb128 0x11
 1073 05e3 22000000 		.4byte	.LASF71
 1074 05e7 06       		.byte	0x6
 1075 05e8 9D       		.byte	0x9d
 1076 05e9 EF000000 		.4byte	0xef
 1077 05ed 11       		.uleb128 0x11
 1078 05ee 77010000 		.4byte	.LASF72
 1079 05f2 06       		.byte	0x6
 1080 05f3 A4       		.byte	0xa4
 1081 05f4 EF000000 		.4byte	0xef
 1082 05f8 11       		.uleb128 0x11
 1083 05f9 CB040000 		.4byte	.LASF73
 1084 05fd 06       		.byte	0x6
 1085 05fe AB       		.byte	0xab
 1086 05ff A3020000 		.4byte	0x2a3
 1087 0603 11       		.uleb128 0x11
 1088 0604 73030000 		.4byte	.LASF74
 1089 0608 06       		.byte	0x6
 1090 0609 B2       		.byte	0xb2
 1091 060a FA000000 		.4byte	0xfa
 1092 060e 00       		.byte	0
 1093 060f 09       		.uleb128 0x9
 1094 0610 04       		.byte	0x4
 1095 0611 15060000 		.4byte	0x615
 1096 0615 12       		.uleb128 0x12
 1097 0616 1A060000 		.4byte	0x61a
 1098 061a 04       		.uleb128 0x4
 1099 061b 01       		.byte	0x1
 1100 061c 08       		.byte	0x8
 1101 061d D4030000 		.4byte	.LASF75
 1102 0621 09       		.uleb128 0x9
 1103 0622 04       		.byte	0x4
 1104 0623 CF050000 		.4byte	0x5cf
 1105 0627 03       		.uleb128 0x3
 1106 0628 00000000 		.4byte	.LASF76
 1107 062c 06       		.byte	0x6
 1108 062d E5       		.byte	0xe5
 1109 062e 32060000 		.4byte	0x632
 1110 0632 09       		.uleb128 0x9
 1111 0633 04       		.byte	0x4
 1112 0634 38060000 		.4byte	0x638
 1113 0638 13       		.uleb128 0x13
 1114 0639 01       		.byte	0x1
 1115 063a EF000000 		.4byte	0xef
 1116 063e 48060000 		.4byte	0x648
 1117 0642 0E       		.uleb128 0xe
 1118 0643 A3020000 		.4byte	0x2a3
 1119 0647 00       		.byte	0
 1120 0648 08       		.uleb128 0x8
 1121 0649 16       		.byte	0x16
 1122 064a 0B       		.byte	0xb
 1123 064b 2C       		.byte	0x2c
 1124 064c 4D070000 		.4byte	0x74d
 1125 0650 06       		.uleb128 0x6
 1126 0651 EB010000 		.4byte	.LASF77
ARM GAS  C:\Users\jenny\AppData\Local\Temp\ccYkE25H.s 			page 21


 1127 0655 0B       		.byte	0xb
 1128 0656 2D       		.byte	0x2d
 1129 0657 4D070000 		.4byte	0x74d
 1130 065b 02       		.byte	0x2
 1131 065c 23       		.byte	0x23
 1132 065d 00       		.uleb128 0
 1133 065e 06       		.uleb128 0x6
 1134 065f 6A020000 		.4byte	.LASF78
 1135 0663 0B       		.byte	0xb
 1136 0664 2E       		.byte	0x2e
 1137 0665 49000000 		.4byte	0x49
 1138 0669 02       		.byte	0x2
 1139 066a 23       		.byte	0x23
 1140 066b 04       		.uleb128 0x4
 1141 066c 06       		.uleb128 0x6
 1142 066d CA020000 		.4byte	.LASF79
 1143 0671 0B       		.byte	0xb
 1144 0672 2F       		.byte	0x2f
 1145 0673 49000000 		.4byte	0x49
 1146 0677 02       		.byte	0x2
 1147 0678 23       		.byte	0x23
 1148 0679 05       		.uleb128 0x5
 1149 067a 06       		.uleb128 0x6
 1150 067b E4040000 		.4byte	.LASF80
 1151 067f 0B       		.byte	0xb
 1152 0680 30       		.byte	0x30
 1153 0681 62000000 		.4byte	0x62
 1154 0685 02       		.byte	0x2
 1155 0686 23       		.byte	0x23
 1156 0687 06       		.uleb128 0x6
 1157 0688 06       		.uleb128 0x6
 1158 0689 F9020000 		.4byte	.LASF81
 1159 068d 0B       		.byte	0xb
 1160 068e 31       		.byte	0x31
 1161 068f 49000000 		.4byte	0x49
 1162 0693 02       		.byte	0x2
 1163 0694 23       		.byte	0x23
 1164 0695 08       		.uleb128 0x8
 1165 0696 06       		.uleb128 0x6
 1166 0697 97020000 		.4byte	.LASF82
 1167 069b 0B       		.byte	0xb
 1168 069c 32       		.byte	0x32
 1169 069d 49000000 		.4byte	0x49
 1170 06a1 02       		.byte	0x2
 1171 06a2 23       		.byte	0x23
 1172 06a3 09       		.uleb128 0x9
 1173 06a4 06       		.uleb128 0x6
 1174 06a5 32000000 		.4byte	.LASF83
 1175 06a9 0B       		.byte	0xb
 1176 06aa 33       		.byte	0x33
 1177 06ab 49000000 		.4byte	0x49
 1178 06af 02       		.byte	0x2
 1179 06b0 23       		.byte	0x23
 1180 06b1 0A       		.uleb128 0xa
 1181 06b2 06       		.uleb128 0x6
 1182 06b3 C0030000 		.4byte	.LASF84
 1183 06b7 0B       		.byte	0xb
ARM GAS  C:\Users\jenny\AppData\Local\Temp\ccYkE25H.s 			page 22


 1184 06b8 34       		.byte	0x34
 1185 06b9 49000000 		.4byte	0x49
 1186 06bd 02       		.byte	0x2
 1187 06be 23       		.byte	0x23
 1188 06bf 0B       		.uleb128 0xb
 1189 06c0 06       		.uleb128 0x6
 1190 06c1 27040000 		.4byte	.LASF85
 1191 06c5 0B       		.byte	0xb
 1192 06c6 35       		.byte	0x35
 1193 06c7 49000000 		.4byte	0x49
 1194 06cb 02       		.byte	0x2
 1195 06cc 23       		.byte	0x23
 1196 06cd 0C       		.uleb128 0xc
 1197 06ce 06       		.uleb128 0x6
 1198 06cf 9F030000 		.4byte	.LASF86
 1199 06d3 0B       		.byte	0xb
 1200 06d4 36       		.byte	0x36
 1201 06d5 49000000 		.4byte	0x49
 1202 06d9 02       		.byte	0x2
 1203 06da 23       		.byte	0x23
 1204 06db 0D       		.uleb128 0xd
 1205 06dc 06       		.uleb128 0x6
 1206 06dd 08000000 		.4byte	.LASF87
 1207 06e1 0B       		.byte	0xb
 1208 06e2 37       		.byte	0x37
 1209 06e3 49000000 		.4byte	0x49
 1210 06e7 02       		.byte	0x2
 1211 06e8 23       		.byte	0x23
 1212 06e9 0E       		.uleb128 0xe
 1213 06ea 06       		.uleb128 0x6
 1214 06eb A3020000 		.4byte	.LASF88
 1215 06ef 0B       		.byte	0xb
 1216 06f0 38       		.byte	0x38
 1217 06f1 49000000 		.4byte	0x49
 1218 06f5 02       		.byte	0x2
 1219 06f6 23       		.byte	0x23
 1220 06f7 0F       		.uleb128 0xf
 1221 06f8 06       		.uleb128 0x6
 1222 06f9 BA000000 		.4byte	.LASF89
 1223 06fd 0B       		.byte	0xb
 1224 06fe 39       		.byte	0x39
 1225 06ff 49000000 		.4byte	0x49
 1226 0703 02       		.byte	0x2
 1227 0704 23       		.byte	0x23
 1228 0705 10       		.uleb128 0x10
 1229 0706 06       		.uleb128 0x6
 1230 0707 83000000 		.4byte	.LASF90
 1231 070b 0B       		.byte	0xb
 1232 070c 3B       		.byte	0x3b
 1233 070d 49000000 		.4byte	0x49
 1234 0711 02       		.byte	0x2
 1235 0712 23       		.byte	0x23
 1236 0713 11       		.uleb128 0x11
 1237 0714 06       		.uleb128 0x6
 1238 0715 CA000000 		.4byte	.LASF91
 1239 0719 0B       		.byte	0xb
 1240 071a 3C       		.byte	0x3c
ARM GAS  C:\Users\jenny\AppData\Local\Temp\ccYkE25H.s 			page 23


 1241 071b 49000000 		.4byte	0x49
 1242 071f 02       		.byte	0x2
 1243 0720 23       		.byte	0x23
 1244 0721 12       		.uleb128 0x12
 1245 0722 06       		.uleb128 0x6
 1246 0723 72020000 		.4byte	.LASF92
 1247 0727 0B       		.byte	0xb
 1248 0728 3D       		.byte	0x3d
 1249 0729 49000000 		.4byte	0x49
 1250 072d 02       		.byte	0x2
 1251 072e 23       		.byte	0x23
 1252 072f 13       		.uleb128 0x13
 1253 0730 06       		.uleb128 0x6
 1254 0731 81030000 		.4byte	.LASF93
 1255 0735 0B       		.byte	0xb
 1256 0736 3E       		.byte	0x3e
 1257 0737 49000000 		.4byte	0x49
 1258 073b 02       		.byte	0x2
 1259 073c 23       		.byte	0x23
 1260 073d 14       		.uleb128 0x14
 1261 073e 06       		.uleb128 0x6
 1262 073f 60030000 		.4byte	.LASF94
 1263 0743 0B       		.byte	0xb
 1264 0744 40       		.byte	0x40
 1265 0745 49000000 		.4byte	0x49
 1266 0749 02       		.byte	0x2
 1267 074a 23       		.byte	0x23
 1268 074b 15       		.uleb128 0x15
 1269 074c 00       		.byte	0
 1270 074d 14       		.uleb128 0x14
 1271 074e 1A060000 		.4byte	0x61a
 1272 0752 5D070000 		.4byte	0x75d
 1273 0756 15       		.uleb128 0x15
 1274 0757 51040000 		.4byte	0x451
 1275 075b 03       		.byte	0x3
 1276 075c 00       		.byte	0
 1277 075d 03       		.uleb128 0x3
 1278 075e 55010000 		.4byte	.LASF95
 1279 0762 0B       		.byte	0xb
 1280 0763 41       		.byte	0x41
 1281 0764 48060000 		.4byte	0x648
 1282 0768 16       		.uleb128 0x16
 1283 0769 01       		.byte	0x1
 1284 076a E4020000 		.4byte	.LASF96
 1285 076e 01       		.byte	0x1
 1286 076f 3D       		.byte	0x3d
 1287 0770 01       		.byte	0x1
 1288 0771 00000000 		.4byte	.LFB7
 1289 0775 14000000 		.4byte	.LFE7
 1290 0779 02       		.byte	0x2
 1291 077a 7D       		.byte	0x7d
 1292 077b 00       		.sleb128 0
 1293 077c 01       		.byte	0x1
 1294 077d 8F070000 		.4byte	0x78f
 1295 0781 17       		.uleb128 0x17
 1296 0782 7000     		.ascii	"p\000"
 1297 0784 01       		.byte	0x1
ARM GAS  C:\Users\jenny\AppData\Local\Temp\ccYkE25H.s 			page 24


 1298 0785 3D       		.byte	0x3d
 1299 0786 A3020000 		.4byte	0x2a3
 1300 078a 00000000 		.4byte	.LLST0
 1301 078e 00       		.byte	0
 1302 078f 18       		.uleb128 0x18
 1303 0790 01       		.byte	0x1
 1304 0791 99010000 		.4byte	.LASF97
 1305 0795 01       		.byte	0x1
 1306 0796 54       		.byte	0x54
 1307 0797 01       		.byte	0x1
 1308 0798 00000000 		.4byte	.LFB8
 1309 079c 66000000 		.4byte	.LFE8
 1310 07a0 21000000 		.4byte	.LLST1
 1311 07a4 01       		.byte	0x1
 1312 07a5 50080000 		.4byte	0x850
 1313 07a9 19       		.uleb128 0x19
 1314 07aa 71000000 		.4byte	.LASF98
 1315 07ae 01       		.byte	0x1
 1316 07af 55       		.byte	0x55
 1317 07b0 10010000 		.4byte	0x110
 1318 07b4 05       		.byte	0x5
 1319 07b5 03       		.byte	0x3
 1320 07b6 00000000 		.4byte	mainthread.4810
 1321 07ba 1A       		.uleb128 0x1a
 1322 07bb 34000000 		.4byte	.LBB2
 1323 07bf 3C000000 		.4byte	.LBE2
 1324 07c3 D7070000 		.4byte	0x7d7
 1325 07c7 1B       		.uleb128 0x1b
 1326 07c8 746D7000 		.ascii	"tmp\000"
 1327 07cc 01       		.byte	0x1
 1328 07cd 6F       		.byte	0x6f
 1329 07ce 86000000 		.4byte	0x86
 1330 07d2 4D000000 		.4byte	.LLST2
 1331 07d6 00       		.byte	0
 1332 07d7 1C       		.uleb128 0x1c
 1333 07d8 08000000 		.4byte	.LVL2
 1334 07dc 20090000 		.4byte	0x920
 1335 07e0 1C       		.uleb128 0x1c
 1336 07e1 0C000000 		.4byte	.LVL3
 1337 07e5 2B090000 		.4byte	0x92b
 1338 07e9 1C       		.uleb128 0x1c
 1339 07ea 10000000 		.4byte	.LVL4
 1340 07ee 35090000 		.4byte	0x935
 1341 07f2 1C       		.uleb128 0x1c
 1342 07f3 14000000 		.4byte	.LVL5
 1343 07f7 3F090000 		.4byte	0x93f
 1344 07fb 1C       		.uleb128 0x1c
 1345 07fc 18000000 		.4byte	.LVL6
 1346 0800 49090000 		.4byte	0x949
 1347 0804 1D       		.uleb128 0x1d
 1348 0805 26000000 		.4byte	.LVL7
 1349 0809 53090000 		.4byte	0x953
 1350 080d 21080000 		.4byte	0x821
 1351 0811 1E       		.uleb128 0x1e
 1352 0812 01       		.byte	0x1
 1353 0813 51       		.byte	0x51
 1354 0814 02       		.byte	0x2
ARM GAS  C:\Users\jenny\AppData\Local\Temp\ccYkE25H.s 			page 25


 1355 0815 08       		.byte	0x8
 1356 0816 40       		.byte	0x40
 1357 0817 1E       		.uleb128 0x1e
 1358 0818 01       		.byte	0x1
 1359 0819 50       		.byte	0x50
 1360 081a 05       		.byte	0x5
 1361 081b 03       		.byte	0x3
 1362 081c 00000000 		.4byte	.LANCHOR0
 1363 0820 00       		.byte	0
 1364 0821 1F       		.uleb128 0x1f
 1365 0822 62000000 		.4byte	.LVL11
 1366 0826 71090000 		.4byte	0x971
 1367 082a 1E       		.uleb128 0x1e
 1368 082b 01       		.byte	0x1
 1369 082c 53       		.byte	0x53
 1370 082d 05       		.byte	0x5
 1371 082e 03       		.byte	0x3
 1372 082f 00000000 		.4byte	_idle_thread
 1373 0833 1E       		.uleb128 0x1e
 1374 0834 01       		.byte	0x1
 1375 0835 52       		.byte	0x52
 1376 0836 01       		.byte	0x1
 1377 0837 31       		.byte	0x31
 1378 0838 1E       		.uleb128 0x1e
 1379 0839 01       		.byte	0x1
 1380 083a 51       		.byte	0x51
 1381 083b 03       		.byte	0x3
 1382 083c 0A       		.byte	0xa
 1383 083d 4801     		.2byte	0x148
 1384 083f 1E       		.uleb128 0x1e
 1385 0840 01       		.byte	0x1
 1386 0841 50       		.byte	0x50
 1387 0842 05       		.byte	0x5
 1388 0843 03       		.byte	0x3
 1389 0844 00000000 		.4byte	.LANCHOR1
 1390 0848 1E       		.uleb128 0x1e
 1391 0849 02       		.byte	0x2
 1392 084a 7D       		.byte	0x7d
 1393 084b 00       		.sleb128 0
 1394 084c 01       		.byte	0x1
 1395 084d 30       		.byte	0x30
 1396 084e 00       		.byte	0
 1397 084f 00       		.byte	0
 1398 0850 20       		.uleb128 0x20
 1399 0851 01       		.byte	0x1
 1400 0852 47000000 		.4byte	.LASF99
 1401 0856 01       		.byte	0x1
 1402 0857 89       		.byte	0x89
 1403 0858 01       		.byte	0x1
 1404 0859 00000000 		.4byte	.LFB9
 1405 085d 58000000 		.4byte	.LFE9
 1406 0861 60000000 		.4byte	.LLST3
 1407 0865 01       		.byte	0x1
 1408 0866 D2080000 		.4byte	0x8d2
 1409 086a 21       		.uleb128 0x21
 1410 086b 22000000 		.4byte	.LBB3
 1411 086f 58000000 		.4byte	.LBE3
ARM GAS  C:\Users\jenny\AppData\Local\Temp\ccYkE25H.s 			page 26


 1412 0873 1B       		.uleb128 0x1b
 1413 0874 76747000 		.ascii	"vtp\000"
 1414 0878 01       		.byte	0x1
 1415 0879 96       		.byte	0x96
 1416 087a D3040000 		.4byte	0x4d3
 1417 087e 80000000 		.4byte	.LLST4
 1418 0882 21       		.uleb128 0x21
 1419 0883 2A000000 		.4byte	.LBB4
 1420 0887 44000000 		.4byte	.LBE4
 1421 088b 1B       		.uleb128 0x1b
 1422 088c 666E00   		.ascii	"fn\000"
 1423 088f 01       		.byte	0x1
 1424 0890 96       		.byte	0x96
 1425 0891 58040000 		.4byte	0x458
 1426 0895 9E000000 		.4byte	.LLST5
 1427 0899 1A       		.uleb128 0x1a
 1428 089a 34000000 		.4byte	.LBB5
 1429 089e 3A000000 		.4byte	.LBE5
 1430 08a2 B6080000 		.4byte	0x8b6
 1431 08a6 1B       		.uleb128 0x1b
 1432 08a7 746D7000 		.ascii	"tmp\000"
 1433 08ab 01       		.byte	0x1
 1434 08ac 96       		.byte	0x96
 1435 08ad 86000000 		.4byte	0x86
 1436 08b1 B1000000 		.4byte	.LLST6
 1437 08b5 00       		.byte	0
 1438 08b6 21       		.uleb128 0x21
 1439 08b7 3E000000 		.4byte	.LBB6
 1440 08bb 44000000 		.4byte	.LBE6
 1441 08bf 1B       		.uleb128 0x1b
 1442 08c0 746D7000 		.ascii	"tmp\000"
 1443 08c4 01       		.byte	0x1
 1444 08c5 96       		.byte	0x96
 1445 08c6 86000000 		.4byte	0x86
 1446 08ca C4000000 		.4byte	.LLST7
 1447 08ce 00       		.byte	0
 1448 08cf 00       		.byte	0
 1449 08d0 00       		.byte	0
 1450 08d1 00       		.byte	0
 1451 08d2 22       		.uleb128 0x22
 1452 08d3 40000000 		.4byte	.LASF100
 1453 08d7 08       		.byte	0x8
 1454 08d8 DB       		.byte	0xdb
 1455 08d9 1F050000 		.4byte	0x51f
 1456 08dd 01       		.byte	0x1
 1457 08de 01       		.byte	0x1
 1458 08df 22       		.uleb128 0x22
 1459 08e0 43040000 		.4byte	.LASF101
 1460 08e4 09       		.byte	0x9
 1461 08e5 6F       		.byte	0x6f
 1462 08e6 87050000 		.4byte	0x587
 1463 08ea 01       		.byte	0x1
 1464 08eb 01       		.byte	0x1
 1465 08ec 22       		.uleb128 0x22
 1466 08ed E2010000 		.4byte	.LASF102
 1467 08f1 0B       		.byte	0xb
 1468 08f2 7E       		.byte	0x7e
ARM GAS  C:\Users\jenny\AppData\Local\Temp\ccYkE25H.s 			page 27


 1469 08f3 F9080000 		.4byte	0x8f9
 1470 08f7 01       		.byte	0x1
 1471 08f8 01       		.byte	0x1
 1472 08f9 12       		.uleb128 0x12
 1473 08fa 5D070000 		.4byte	0x75d
 1474 08fe 14       		.uleb128 0x14
 1475 08ff A5020000 		.4byte	0x2a5
 1476 0903 0E090000 		.4byte	0x90e
 1477 0907 15       		.uleb128 0x15
 1478 0908 51040000 		.4byte	0x451
 1479 090c 28       		.byte	0x28
 1480 090d 00       		.byte	0
 1481 090e 23       		.uleb128 0x23
 1482 090f 67010000 		.4byte	.LASF103
 1483 0913 01       		.byte	0x1
 1484 0914 31       		.byte	0x31
 1485 0915 FE080000 		.4byte	0x8fe
 1486 0919 01       		.byte	0x1
 1487 091a 05       		.byte	0x5
 1488 091b 03       		.byte	0x3
 1489 091c 00000000 		.4byte	_idle_thread_wa
 1490 0920 24       		.uleb128 0x24
 1491 0921 01       		.byte	0x1
 1492 0922 6D040000 		.4byte	.LASF104
 1493 0926 07       		.byte	0x7
 1494 0927 0202     		.2byte	0x202
 1495 0929 01       		.byte	0x1
 1496 092a 01       		.byte	0x1
 1497 092b 25       		.uleb128 0x25
 1498 092c 01       		.byte	0x1
 1499 092d 90000000 		.4byte	.LASF105
 1500 0931 09       		.byte	0x9
 1501 0932 8E       		.byte	0x8e
 1502 0933 01       		.byte	0x1
 1503 0934 01       		.byte	0x1
 1504 0935 25       		.uleb128 0x25
 1505 0936 01       		.byte	0x1
 1506 0937 FE030000 		.4byte	.LASF106
 1507 093b 08       		.byte	0x8
 1508 093c E3       		.byte	0xe3
 1509 093d 01       		.byte	0x1
 1510 093e 01       		.byte	0x1
 1511 093f 25       		.uleb128 0x25
 1512 0940 01       		.byte	0x1
 1513 0941 2F030000 		.4byte	.LASF107
 1514 0945 0C       		.byte	0xc
 1515 0946 51       		.byte	0x51
 1516 0947 01       		.byte	0x1
 1517 0948 01       		.byte	0x1
 1518 0949 25       		.uleb128 0x25
 1519 094a 01       		.byte	0x1
 1520 094b A3010000 		.4byte	.LASF108
 1521 094f 0D       		.byte	0xd
 1522 0950 55       		.byte	0x55
 1523 0951 01       		.byte	0x1
 1524 0952 01       		.byte	0x1
 1525 0953 26       		.uleb128 0x26
ARM GAS  C:\Users\jenny\AppData\Local\Temp\ccYkE25H.s 			page 28


 1526 0954 01       		.byte	0x1
 1527 0955 BB010000 		.4byte	.LASF112
 1528 0959 06       		.byte	0x6
 1529 095a 6A01     		.2byte	0x16a
 1530 095c 01       		.byte	0x1
 1531 095d 65020000 		.4byte	0x265
 1532 0961 01       		.byte	0x1
 1533 0962 71090000 		.4byte	0x971
 1534 0966 0E       		.uleb128 0xe
 1535 0967 65020000 		.4byte	0x265
 1536 096b 0E       		.uleb128 0xe
 1537 096c E4000000 		.4byte	0xe4
 1538 0970 00       		.byte	0
 1539 0971 27       		.uleb128 0x27
 1540 0972 01       		.byte	0x1
 1541 0973 58020000 		.4byte	.LASF113
 1542 0977 06       		.byte	0x6
 1543 0978 7001     		.2byte	0x170
 1544 097a 01       		.byte	0x1
 1545 097b 65020000 		.4byte	0x265
 1546 097f 01       		.byte	0x1
 1547 0980 0E       		.uleb128 0xe
 1548 0981 A3020000 		.4byte	0x2a3
 1549 0985 0E       		.uleb128 0xe
 1550 0986 30000000 		.4byte	0x30
 1551 098a 0E       		.uleb128 0xe
 1552 098b E4000000 		.4byte	0xe4
 1553 098f 0E       		.uleb128 0xe
 1554 0990 27060000 		.4byte	0x627
 1555 0994 0E       		.uleb128 0xe
 1556 0995 A3020000 		.4byte	0x2a3
 1557 0999 00       		.byte	0
 1558 099a 00       		.byte	0
 1559              		.section	.debug_abbrev,"",%progbits
 1560              	.Ldebug_abbrev0:
 1561 0000 01       		.uleb128 0x1
 1562 0001 11       		.uleb128 0x11
 1563 0002 01       		.byte	0x1
 1564 0003 25       		.uleb128 0x25
 1565 0004 0E       		.uleb128 0xe
 1566 0005 13       		.uleb128 0x13
 1567 0006 0B       		.uleb128 0xb
 1568 0007 03       		.uleb128 0x3
 1569 0008 0E       		.uleb128 0xe
 1570 0009 1B       		.uleb128 0x1b
 1571 000a 0E       		.uleb128 0xe
 1572 000b 55       		.uleb128 0x55
 1573 000c 06       		.uleb128 0x6
 1574 000d 11       		.uleb128 0x11
 1575 000e 01       		.uleb128 0x1
 1576 000f 52       		.uleb128 0x52
 1577 0010 01       		.uleb128 0x1
 1578 0011 10       		.uleb128 0x10
 1579 0012 06       		.uleb128 0x6
 1580 0013 00       		.byte	0
 1581 0014 00       		.byte	0
 1582 0015 02       		.uleb128 0x2
ARM GAS  C:\Users\jenny\AppData\Local\Temp\ccYkE25H.s 			page 29


 1583 0016 24       		.uleb128 0x24
 1584 0017 00       		.byte	0
 1585 0018 0B       		.uleb128 0xb
 1586 0019 0B       		.uleb128 0xb
 1587 001a 3E       		.uleb128 0x3e
 1588 001b 0B       		.uleb128 0xb
 1589 001c 03       		.uleb128 0x3
 1590 001d 08       		.uleb128 0x8
 1591 001e 00       		.byte	0
 1592 001f 00       		.byte	0
 1593 0020 03       		.uleb128 0x3
 1594 0021 16       		.uleb128 0x16
 1595 0022 00       		.byte	0
 1596 0023 03       		.uleb128 0x3
 1597 0024 0E       		.uleb128 0xe
 1598 0025 3A       		.uleb128 0x3a
 1599 0026 0B       		.uleb128 0xb
 1600 0027 3B       		.uleb128 0x3b
 1601 0028 0B       		.uleb128 0xb
 1602 0029 49       		.uleb128 0x49
 1603 002a 13       		.uleb128 0x13
 1604 002b 00       		.byte	0
 1605 002c 00       		.byte	0
 1606 002d 04       		.uleb128 0x4
 1607 002e 24       		.uleb128 0x24
 1608 002f 00       		.byte	0
 1609 0030 0B       		.uleb128 0xb
 1610 0031 0B       		.uleb128 0xb
 1611 0032 3E       		.uleb128 0x3e
 1612 0033 0B       		.uleb128 0xb
 1613 0034 03       		.uleb128 0x3
 1614 0035 0E       		.uleb128 0xe
 1615 0036 00       		.byte	0
 1616 0037 00       		.byte	0
 1617 0038 05       		.uleb128 0x5
 1618 0039 13       		.uleb128 0x13
 1619 003a 01       		.byte	0x1
 1620 003b 03       		.uleb128 0x3
 1621 003c 0E       		.uleb128 0xe
 1622 003d 0B       		.uleb128 0xb
 1623 003e 0B       		.uleb128 0xb
 1624 003f 3A       		.uleb128 0x3a
 1625 0040 0B       		.uleb128 0xb
 1626 0041 3B       		.uleb128 0x3b
 1627 0042 0B       		.uleb128 0xb
 1628 0043 01       		.uleb128 0x1
 1629 0044 13       		.uleb128 0x13
 1630 0045 00       		.byte	0
 1631 0046 00       		.byte	0
 1632 0047 06       		.uleb128 0x6
 1633 0048 0D       		.uleb128 0xd
 1634 0049 00       		.byte	0
 1635 004a 03       		.uleb128 0x3
 1636 004b 0E       		.uleb128 0xe
 1637 004c 3A       		.uleb128 0x3a
 1638 004d 0B       		.uleb128 0xb
 1639 004e 3B       		.uleb128 0x3b
ARM GAS  C:\Users\jenny\AppData\Local\Temp\ccYkE25H.s 			page 30


 1640 004f 0B       		.uleb128 0xb
 1641 0050 49       		.uleb128 0x49
 1642 0051 13       		.uleb128 0x13
 1643 0052 38       		.uleb128 0x38
 1644 0053 0A       		.uleb128 0xa
 1645 0054 00       		.byte	0
 1646 0055 00       		.byte	0
 1647 0056 07       		.uleb128 0x7
 1648 0057 0D       		.uleb128 0xd
 1649 0058 00       		.byte	0
 1650 0059 03       		.uleb128 0x3
 1651 005a 08       		.uleb128 0x8
 1652 005b 3A       		.uleb128 0x3a
 1653 005c 0B       		.uleb128 0xb
 1654 005d 3B       		.uleb128 0x3b
 1655 005e 0B       		.uleb128 0xb
 1656 005f 49       		.uleb128 0x49
 1657 0060 13       		.uleb128 0x13
 1658 0061 38       		.uleb128 0x38
 1659 0062 0A       		.uleb128 0xa
 1660 0063 00       		.byte	0
 1661 0064 00       		.byte	0
 1662 0065 08       		.uleb128 0x8
 1663 0066 13       		.uleb128 0x13
 1664 0067 01       		.byte	0x1
 1665 0068 0B       		.uleb128 0xb
 1666 0069 0B       		.uleb128 0xb
 1667 006a 3A       		.uleb128 0x3a
 1668 006b 0B       		.uleb128 0xb
 1669 006c 3B       		.uleb128 0x3b
 1670 006d 0B       		.uleb128 0xb
 1671 006e 01       		.uleb128 0x1
 1672 006f 13       		.uleb128 0x13
 1673 0070 00       		.byte	0
 1674 0071 00       		.byte	0
 1675 0072 09       		.uleb128 0x9
 1676 0073 0F       		.uleb128 0xf
 1677 0074 00       		.byte	0
 1678 0075 0B       		.uleb128 0xb
 1679 0076 0B       		.uleb128 0xb
 1680 0077 49       		.uleb128 0x49
 1681 0078 13       		.uleb128 0x13
 1682 0079 00       		.byte	0
 1683 007a 00       		.byte	0
 1684 007b 0A       		.uleb128 0xa
 1685 007c 0F       		.uleb128 0xf
 1686 007d 00       		.byte	0
 1687 007e 0B       		.uleb128 0xb
 1688 007f 0B       		.uleb128 0xb
 1689 0080 00       		.byte	0
 1690 0081 00       		.byte	0
 1691 0082 0B       		.uleb128 0xb
 1692 0083 13       		.uleb128 0x13
 1693 0084 01       		.byte	0x1
 1694 0085 03       		.uleb128 0x3
 1695 0086 0E       		.uleb128 0xe
 1696 0087 0B       		.uleb128 0xb
ARM GAS  C:\Users\jenny\AppData\Local\Temp\ccYkE25H.s 			page 31


 1697 0088 0B       		.uleb128 0xb
 1698 0089 3A       		.uleb128 0x3a
 1699 008a 0B       		.uleb128 0xb
 1700 008b 3B       		.uleb128 0x3b
 1701 008c 05       		.uleb128 0x5
 1702 008d 01       		.uleb128 0x1
 1703 008e 13       		.uleb128 0x13
 1704 008f 00       		.byte	0
 1705 0090 00       		.byte	0
 1706 0091 0C       		.uleb128 0xc
 1707 0092 0D       		.uleb128 0xd
 1708 0093 00       		.byte	0
 1709 0094 03       		.uleb128 0x3
 1710 0095 08       		.uleb128 0x8
 1711 0096 3A       		.uleb128 0x3a
 1712 0097 0B       		.uleb128 0xb
 1713 0098 3B       		.uleb128 0x3b
 1714 0099 05       		.uleb128 0x5
 1715 009a 49       		.uleb128 0x49
 1716 009b 13       		.uleb128 0x13
 1717 009c 38       		.uleb128 0x38
 1718 009d 0A       		.uleb128 0xa
 1719 009e 00       		.byte	0
 1720 009f 00       		.byte	0
 1721 00a0 0D       		.uleb128 0xd
 1722 00a1 15       		.uleb128 0x15
 1723 00a2 01       		.byte	0x1
 1724 00a3 27       		.uleb128 0x27
 1725 00a4 0C       		.uleb128 0xc
 1726 00a5 01       		.uleb128 0x1
 1727 00a6 13       		.uleb128 0x13
 1728 00a7 00       		.byte	0
 1729 00a8 00       		.byte	0
 1730 00a9 0E       		.uleb128 0xe
 1731 00aa 05       		.uleb128 0x5
 1732 00ab 00       		.byte	0
 1733 00ac 49       		.uleb128 0x49
 1734 00ad 13       		.uleb128 0x13
 1735 00ae 00       		.byte	0
 1736 00af 00       		.byte	0
 1737 00b0 0F       		.uleb128 0xf
 1738 00b1 35       		.uleb128 0x35
 1739 00b2 00       		.byte	0
 1740 00b3 49       		.uleb128 0x49
 1741 00b4 13       		.uleb128 0x13
 1742 00b5 00       		.byte	0
 1743 00b6 00       		.byte	0
 1744 00b7 10       		.uleb128 0x10
 1745 00b8 17       		.uleb128 0x17
 1746 00b9 01       		.byte	0x1
 1747 00ba 0B       		.uleb128 0xb
 1748 00bb 0B       		.uleb128 0xb
 1749 00bc 3A       		.uleb128 0x3a
 1750 00bd 0B       		.uleb128 0xb
 1751 00be 3B       		.uleb128 0x3b
 1752 00bf 0B       		.uleb128 0xb
 1753 00c0 01       		.uleb128 0x1
ARM GAS  C:\Users\jenny\AppData\Local\Temp\ccYkE25H.s 			page 32


 1754 00c1 13       		.uleb128 0x13
 1755 00c2 00       		.byte	0
 1756 00c3 00       		.byte	0
 1757 00c4 11       		.uleb128 0x11
 1758 00c5 0D       		.uleb128 0xd
 1759 00c6 00       		.byte	0
 1760 00c7 03       		.uleb128 0x3
 1761 00c8 0E       		.uleb128 0xe
 1762 00c9 3A       		.uleb128 0x3a
 1763 00ca 0B       		.uleb128 0xb
 1764 00cb 3B       		.uleb128 0x3b
 1765 00cc 0B       		.uleb128 0xb
 1766 00cd 49       		.uleb128 0x49
 1767 00ce 13       		.uleb128 0x13
 1768 00cf 00       		.byte	0
 1769 00d0 00       		.byte	0
 1770 00d1 12       		.uleb128 0x12
 1771 00d2 26       		.uleb128 0x26
 1772 00d3 00       		.byte	0
 1773 00d4 49       		.uleb128 0x49
 1774 00d5 13       		.uleb128 0x13
 1775 00d6 00       		.byte	0
 1776 00d7 00       		.byte	0
 1777 00d8 13       		.uleb128 0x13
 1778 00d9 15       		.uleb128 0x15
 1779 00da 01       		.byte	0x1
 1780 00db 27       		.uleb128 0x27
 1781 00dc 0C       		.uleb128 0xc
 1782 00dd 49       		.uleb128 0x49
 1783 00de 13       		.uleb128 0x13
 1784 00df 01       		.uleb128 0x1
 1785 00e0 13       		.uleb128 0x13
 1786 00e1 00       		.byte	0
 1787 00e2 00       		.byte	0
 1788 00e3 14       		.uleb128 0x14
 1789 00e4 01       		.uleb128 0x1
 1790 00e5 01       		.byte	0x1
 1791 00e6 49       		.uleb128 0x49
 1792 00e7 13       		.uleb128 0x13
 1793 00e8 01       		.uleb128 0x1
 1794 00e9 13       		.uleb128 0x13
 1795 00ea 00       		.byte	0
 1796 00eb 00       		.byte	0
 1797 00ec 15       		.uleb128 0x15
 1798 00ed 21       		.uleb128 0x21
 1799 00ee 00       		.byte	0
 1800 00ef 49       		.uleb128 0x49
 1801 00f0 13       		.uleb128 0x13
 1802 00f1 2F       		.uleb128 0x2f
 1803 00f2 0B       		.uleb128 0xb
 1804 00f3 00       		.byte	0
 1805 00f4 00       		.byte	0
 1806 00f5 16       		.uleb128 0x16
 1807 00f6 2E       		.uleb128 0x2e
 1808 00f7 01       		.byte	0x1
 1809 00f8 3F       		.uleb128 0x3f
 1810 00f9 0C       		.uleb128 0xc
ARM GAS  C:\Users\jenny\AppData\Local\Temp\ccYkE25H.s 			page 33


 1811 00fa 03       		.uleb128 0x3
 1812 00fb 0E       		.uleb128 0xe
 1813 00fc 3A       		.uleb128 0x3a
 1814 00fd 0B       		.uleb128 0xb
 1815 00fe 3B       		.uleb128 0x3b
 1816 00ff 0B       		.uleb128 0xb
 1817 0100 27       		.uleb128 0x27
 1818 0101 0C       		.uleb128 0xc
 1819 0102 11       		.uleb128 0x11
 1820 0103 01       		.uleb128 0x1
 1821 0104 12       		.uleb128 0x12
 1822 0105 01       		.uleb128 0x1
 1823 0106 40       		.uleb128 0x40
 1824 0107 0A       		.uleb128 0xa
 1825 0108 9742     		.uleb128 0x2117
 1826 010a 0C       		.uleb128 0xc
 1827 010b 01       		.uleb128 0x1
 1828 010c 13       		.uleb128 0x13
 1829 010d 00       		.byte	0
 1830 010e 00       		.byte	0
 1831 010f 17       		.uleb128 0x17
 1832 0110 05       		.uleb128 0x5
 1833 0111 00       		.byte	0
 1834 0112 03       		.uleb128 0x3
 1835 0113 08       		.uleb128 0x8
 1836 0114 3A       		.uleb128 0x3a
 1837 0115 0B       		.uleb128 0xb
 1838 0116 3B       		.uleb128 0x3b
 1839 0117 0B       		.uleb128 0xb
 1840 0118 49       		.uleb128 0x49
 1841 0119 13       		.uleb128 0x13
 1842 011a 02       		.uleb128 0x2
 1843 011b 06       		.uleb128 0x6
 1844 011c 00       		.byte	0
 1845 011d 00       		.byte	0
 1846 011e 18       		.uleb128 0x18
 1847 011f 2E       		.uleb128 0x2e
 1848 0120 01       		.byte	0x1
 1849 0121 3F       		.uleb128 0x3f
 1850 0122 0C       		.uleb128 0xc
 1851 0123 03       		.uleb128 0x3
 1852 0124 0E       		.uleb128 0xe
 1853 0125 3A       		.uleb128 0x3a
 1854 0126 0B       		.uleb128 0xb
 1855 0127 3B       		.uleb128 0x3b
 1856 0128 0B       		.uleb128 0xb
 1857 0129 27       		.uleb128 0x27
 1858 012a 0C       		.uleb128 0xc
 1859 012b 11       		.uleb128 0x11
 1860 012c 01       		.uleb128 0x1
 1861 012d 12       		.uleb128 0x12
 1862 012e 01       		.uleb128 0x1
 1863 012f 40       		.uleb128 0x40
 1864 0130 06       		.uleb128 0x6
 1865 0131 9742     		.uleb128 0x2117
 1866 0133 0C       		.uleb128 0xc
 1867 0134 01       		.uleb128 0x1
ARM GAS  C:\Users\jenny\AppData\Local\Temp\ccYkE25H.s 			page 34


 1868 0135 13       		.uleb128 0x13
 1869 0136 00       		.byte	0
 1870 0137 00       		.byte	0
 1871 0138 19       		.uleb128 0x19
 1872 0139 34       		.uleb128 0x34
 1873 013a 00       		.byte	0
 1874 013b 03       		.uleb128 0x3
 1875 013c 0E       		.uleb128 0xe
 1876 013d 3A       		.uleb128 0x3a
 1877 013e 0B       		.uleb128 0xb
 1878 013f 3B       		.uleb128 0x3b
 1879 0140 0B       		.uleb128 0xb
 1880 0141 49       		.uleb128 0x49
 1881 0142 13       		.uleb128 0x13
 1882 0143 02       		.uleb128 0x2
 1883 0144 0A       		.uleb128 0xa
 1884 0145 00       		.byte	0
 1885 0146 00       		.byte	0
 1886 0147 1A       		.uleb128 0x1a
 1887 0148 0B       		.uleb128 0xb
 1888 0149 01       		.byte	0x1
 1889 014a 11       		.uleb128 0x11
 1890 014b 01       		.uleb128 0x1
 1891 014c 12       		.uleb128 0x12
 1892 014d 01       		.uleb128 0x1
 1893 014e 01       		.uleb128 0x1
 1894 014f 13       		.uleb128 0x13
 1895 0150 00       		.byte	0
 1896 0151 00       		.byte	0
 1897 0152 1B       		.uleb128 0x1b
 1898 0153 34       		.uleb128 0x34
 1899 0154 00       		.byte	0
 1900 0155 03       		.uleb128 0x3
 1901 0156 08       		.uleb128 0x8
 1902 0157 3A       		.uleb128 0x3a
 1903 0158 0B       		.uleb128 0xb
 1904 0159 3B       		.uleb128 0x3b
 1905 015a 0B       		.uleb128 0xb
 1906 015b 49       		.uleb128 0x49
 1907 015c 13       		.uleb128 0x13
 1908 015d 02       		.uleb128 0x2
 1909 015e 06       		.uleb128 0x6
 1910 015f 00       		.byte	0
 1911 0160 00       		.byte	0
 1912 0161 1C       		.uleb128 0x1c
 1913 0162 898201   		.uleb128 0x4109
 1914 0165 00       		.byte	0
 1915 0166 11       		.uleb128 0x11
 1916 0167 01       		.uleb128 0x1
 1917 0168 31       		.uleb128 0x31
 1918 0169 13       		.uleb128 0x13
 1919 016a 00       		.byte	0
 1920 016b 00       		.byte	0
 1921 016c 1D       		.uleb128 0x1d
 1922 016d 898201   		.uleb128 0x4109
 1923 0170 01       		.byte	0x1
 1924 0171 11       		.uleb128 0x11
ARM GAS  C:\Users\jenny\AppData\Local\Temp\ccYkE25H.s 			page 35


 1925 0172 01       		.uleb128 0x1
 1926 0173 31       		.uleb128 0x31
 1927 0174 13       		.uleb128 0x13
 1928 0175 01       		.uleb128 0x1
 1929 0176 13       		.uleb128 0x13
 1930 0177 00       		.byte	0
 1931 0178 00       		.byte	0
 1932 0179 1E       		.uleb128 0x1e
 1933 017a 8A8201   		.uleb128 0x410a
 1934 017d 00       		.byte	0
 1935 017e 02       		.uleb128 0x2
 1936 017f 0A       		.uleb128 0xa
 1937 0180 9142     		.uleb128 0x2111
 1938 0182 0A       		.uleb128 0xa
 1939 0183 00       		.byte	0
 1940 0184 00       		.byte	0
 1941 0185 1F       		.uleb128 0x1f
 1942 0186 898201   		.uleb128 0x4109
 1943 0189 01       		.byte	0x1
 1944 018a 11       		.uleb128 0x11
 1945 018b 01       		.uleb128 0x1
 1946 018c 31       		.uleb128 0x31
 1947 018d 13       		.uleb128 0x13
 1948 018e 00       		.byte	0
 1949 018f 00       		.byte	0
 1950 0190 20       		.uleb128 0x20
 1951 0191 2E       		.uleb128 0x2e
 1952 0192 01       		.byte	0x1
 1953 0193 3F       		.uleb128 0x3f
 1954 0194 0C       		.uleb128 0xc
 1955 0195 03       		.uleb128 0x3
 1956 0196 0E       		.uleb128 0xe
 1957 0197 3A       		.uleb128 0x3a
 1958 0198 0B       		.uleb128 0xb
 1959 0199 3B       		.uleb128 0x3b
 1960 019a 0B       		.uleb128 0xb
 1961 019b 27       		.uleb128 0x27
 1962 019c 0C       		.uleb128 0xc
 1963 019d 11       		.uleb128 0x11
 1964 019e 01       		.uleb128 0x1
 1965 019f 12       		.uleb128 0x12
 1966 01a0 01       		.uleb128 0x1
 1967 01a1 40       		.uleb128 0x40
 1968 01a2 06       		.uleb128 0x6
 1969 01a3 9642     		.uleb128 0x2116
 1970 01a5 0C       		.uleb128 0xc
 1971 01a6 01       		.uleb128 0x1
 1972 01a7 13       		.uleb128 0x13
 1973 01a8 00       		.byte	0
 1974 01a9 00       		.byte	0
 1975 01aa 21       		.uleb128 0x21
 1976 01ab 0B       		.uleb128 0xb
 1977 01ac 01       		.byte	0x1
 1978 01ad 11       		.uleb128 0x11
 1979 01ae 01       		.uleb128 0x1
 1980 01af 12       		.uleb128 0x12
 1981 01b0 01       		.uleb128 0x1
ARM GAS  C:\Users\jenny\AppData\Local\Temp\ccYkE25H.s 			page 36


 1982 01b1 00       		.byte	0
 1983 01b2 00       		.byte	0
 1984 01b3 22       		.uleb128 0x22
 1985 01b4 34       		.uleb128 0x34
 1986 01b5 00       		.byte	0
 1987 01b6 03       		.uleb128 0x3
 1988 01b7 0E       		.uleb128 0xe
 1989 01b8 3A       		.uleb128 0x3a
 1990 01b9 0B       		.uleb128 0xb
 1991 01ba 3B       		.uleb128 0x3b
 1992 01bb 0B       		.uleb128 0xb
 1993 01bc 49       		.uleb128 0x49
 1994 01bd 13       		.uleb128 0x13
 1995 01be 3F       		.uleb128 0x3f
 1996 01bf 0C       		.uleb128 0xc
 1997 01c0 3C       		.uleb128 0x3c
 1998 01c1 0C       		.uleb128 0xc
 1999 01c2 00       		.byte	0
 2000 01c3 00       		.byte	0
 2001 01c4 23       		.uleb128 0x23
 2002 01c5 34       		.uleb128 0x34
 2003 01c6 00       		.byte	0
 2004 01c7 03       		.uleb128 0x3
 2005 01c8 0E       		.uleb128 0xe
 2006 01c9 3A       		.uleb128 0x3a
 2007 01ca 0B       		.uleb128 0xb
 2008 01cb 3B       		.uleb128 0x3b
 2009 01cc 0B       		.uleb128 0xb
 2010 01cd 49       		.uleb128 0x49
 2011 01ce 13       		.uleb128 0x13
 2012 01cf 3F       		.uleb128 0x3f
 2013 01d0 0C       		.uleb128 0xc
 2014 01d1 02       		.uleb128 0x2
 2015 01d2 0A       		.uleb128 0xa
 2016 01d3 00       		.byte	0
 2017 01d4 00       		.byte	0
 2018 01d5 24       		.uleb128 0x24
 2019 01d6 2E       		.uleb128 0x2e
 2020 01d7 00       		.byte	0
 2021 01d8 3F       		.uleb128 0x3f
 2022 01d9 0C       		.uleb128 0xc
 2023 01da 03       		.uleb128 0x3
 2024 01db 0E       		.uleb128 0xe
 2025 01dc 3A       		.uleb128 0x3a
 2026 01dd 0B       		.uleb128 0xb
 2027 01de 3B       		.uleb128 0x3b
 2028 01df 05       		.uleb128 0x5
 2029 01e0 27       		.uleb128 0x27
 2030 01e1 0C       		.uleb128 0xc
 2031 01e2 3C       		.uleb128 0x3c
 2032 01e3 0C       		.uleb128 0xc
 2033 01e4 00       		.byte	0
 2034 01e5 00       		.byte	0
 2035 01e6 25       		.uleb128 0x25
 2036 01e7 2E       		.uleb128 0x2e
 2037 01e8 00       		.byte	0
 2038 01e9 3F       		.uleb128 0x3f
ARM GAS  C:\Users\jenny\AppData\Local\Temp\ccYkE25H.s 			page 37


 2039 01ea 0C       		.uleb128 0xc
 2040 01eb 03       		.uleb128 0x3
 2041 01ec 0E       		.uleb128 0xe
 2042 01ed 3A       		.uleb128 0x3a
 2043 01ee 0B       		.uleb128 0xb
 2044 01ef 3B       		.uleb128 0x3b
 2045 01f0 0B       		.uleb128 0xb
 2046 01f1 27       		.uleb128 0x27
 2047 01f2 0C       		.uleb128 0xc
 2048 01f3 3C       		.uleb128 0x3c
 2049 01f4 0C       		.uleb128 0xc
 2050 01f5 00       		.byte	0
 2051 01f6 00       		.byte	0
 2052 01f7 26       		.uleb128 0x26
 2053 01f8 2E       		.uleb128 0x2e
 2054 01f9 01       		.byte	0x1
 2055 01fa 3F       		.uleb128 0x3f
 2056 01fb 0C       		.uleb128 0xc
 2057 01fc 03       		.uleb128 0x3
 2058 01fd 0E       		.uleb128 0xe
 2059 01fe 3A       		.uleb128 0x3a
 2060 01ff 0B       		.uleb128 0xb
 2061 0200 3B       		.uleb128 0x3b
 2062 0201 05       		.uleb128 0x5
 2063 0202 27       		.uleb128 0x27
 2064 0203 0C       		.uleb128 0xc
 2065 0204 49       		.uleb128 0x49
 2066 0205 13       		.uleb128 0x13
 2067 0206 3C       		.uleb128 0x3c
 2068 0207 0C       		.uleb128 0xc
 2069 0208 01       		.uleb128 0x1
 2070 0209 13       		.uleb128 0x13
 2071 020a 00       		.byte	0
 2072 020b 00       		.byte	0
 2073 020c 27       		.uleb128 0x27
 2074 020d 2E       		.uleb128 0x2e
 2075 020e 01       		.byte	0x1
 2076 020f 3F       		.uleb128 0x3f
 2077 0210 0C       		.uleb128 0xc
 2078 0211 03       		.uleb128 0x3
 2079 0212 0E       		.uleb128 0xe
 2080 0213 3A       		.uleb128 0x3a
 2081 0214 0B       		.uleb128 0xb
 2082 0215 3B       		.uleb128 0x3b
 2083 0216 05       		.uleb128 0x5
 2084 0217 27       		.uleb128 0x27
 2085 0218 0C       		.uleb128 0xc
 2086 0219 49       		.uleb128 0x49
 2087 021a 13       		.uleb128 0x13
 2088 021b 3C       		.uleb128 0x3c
 2089 021c 0C       		.uleb128 0xc
 2090 021d 00       		.byte	0
 2091 021e 00       		.byte	0
 2092 021f 00       		.byte	0
 2093              		.section	.debug_loc,"",%progbits
 2094              	.Ldebug_loc0:
 2095              	.LLST0:
ARM GAS  C:\Users\jenny\AppData\Local\Temp\ccYkE25H.s 			page 38


 2096 0000 00000000 		.4byte	.LVL0
 2097 0004 06000000 		.4byte	.LVL1
 2098 0008 0100     		.2byte	0x1
 2099 000a 50       		.byte	0x50
 2100 000b 06000000 		.4byte	.LVL1
 2101 000f 14000000 		.4byte	.LFE7
 2102 0013 0400     		.2byte	0x4
 2103 0015 F3       		.byte	0xf3
 2104 0016 01       		.uleb128 0x1
 2105 0017 50       		.byte	0x50
 2106 0018 9F       		.byte	0x9f
 2107 0019 00000000 		.4byte	0
 2108 001d 00000000 		.4byte	0
 2109              	.LLST1:
 2110 0021 00000000 		.4byte	.LFB8
 2111 0025 02000000 		.4byte	.LCFI0
 2112 0029 0200     		.2byte	0x2
 2113 002b 7D       		.byte	0x7d
 2114 002c 00       		.sleb128 0
 2115 002d 02000000 		.4byte	.LCFI0
 2116 0031 04000000 		.4byte	.LCFI1
 2117 0035 0200     		.2byte	0x2
 2118 0037 7D       		.byte	0x7d
 2119 0038 04       		.sleb128 4
 2120 0039 04000000 		.4byte	.LCFI1
 2121 003d 66000000 		.4byte	.LFE8
 2122 0041 0200     		.2byte	0x2
 2123 0043 7D       		.byte	0x7d
 2124 0044 10       		.sleb128 16
 2125 0045 00000000 		.4byte	0
 2126 0049 00000000 		.4byte	0
 2127              	.LLST2:
 2128 004d 3C000000 		.4byte	.LVL9
 2129 0051 52000000 		.4byte	.LVL10
 2130 0055 0100     		.2byte	0x1
 2131 0057 53       		.byte	0x53
 2132 0058 00000000 		.4byte	0
 2133 005c 00000000 		.4byte	0
 2134              	.LLST3:
 2135 0060 00000000 		.4byte	.LFB9
 2136 0064 02000000 		.4byte	.LCFI2
 2137 0068 0200     		.2byte	0x2
 2138 006a 7D       		.byte	0x7d
 2139 006b 00       		.sleb128 0
 2140 006c 02000000 		.4byte	.LCFI2
 2141 0070 58000000 		.4byte	.LFE9
 2142 0074 0200     		.2byte	0x2
 2143 0076 7D       		.byte	0x7d
 2144 0077 10       		.sleb128 16
 2145 0078 00000000 		.4byte	0
 2146 007c 00000000 		.4byte	0
 2147              	.LLST4:
 2148 0080 28000000 		.4byte	.LVL12
 2149 0084 3D000000 		.4byte	.LVL18-1
 2150 0088 0100     		.2byte	0x1
 2151 008a 52       		.byte	0x52
 2152 008b 46000000 		.4byte	.LVL20
ARM GAS  C:\Users\jenny\AppData\Local\Temp\ccYkE25H.s 			page 39


 2153 008f 4C000000 		.4byte	.LVL21
 2154 0093 0100     		.2byte	0x1
 2155 0095 52       		.byte	0x52
 2156 0096 00000000 		.4byte	0
 2157 009a 00000000 		.4byte	0
 2158              	.LLST5:
 2159 009e 2E000000 		.4byte	.LVL15
 2160 00a2 3D000000 		.4byte	.LVL18-1
 2161 00a6 0100     		.2byte	0x1
 2162 00a8 51       		.byte	0x51
 2163 00a9 00000000 		.4byte	0
 2164 00ad 00000000 		.4byte	0
 2165              	.LLST6:
 2166 00b1 3A000000 		.4byte	.LVL17
 2167 00b5 3D000000 		.4byte	.LVL18-1
 2168 00b9 0100     		.2byte	0x1
 2169 00bb 53       		.byte	0x53
 2170 00bc 00000000 		.4byte	0
 2171 00c0 00000000 		.4byte	0
 2172              	.LLST7:
 2173 00c4 2A000000 		.4byte	.LVL13
 2174 00c8 2C000000 		.4byte	.LVL14
 2175 00cc 0100     		.2byte	0x1
 2176 00ce 53       		.byte	0x53
 2177 00cf 44000000 		.4byte	.LVL19
 2178 00d3 58000000 		.4byte	.LFE9
 2179 00d7 0100     		.2byte	0x1
 2180 00d9 53       		.byte	0x53
 2181 00da 00000000 		.4byte	0
 2182 00de 00000000 		.4byte	0
 2183              		.section	.debug_aranges,"",%progbits
 2184 0000 2C000000 		.4byte	0x2c
 2185 0004 0200     		.2byte	0x2
 2186 0006 00000000 		.4byte	.Ldebug_info0
 2187 000a 04       		.byte	0x4
 2188 000b 00       		.byte	0
 2189 000c 0000     		.2byte	0
 2190 000e 0000     		.2byte	0
 2191 0010 00000000 		.4byte	.LFB7
 2192 0014 14000000 		.4byte	.LFE7-.LFB7
 2193 0018 00000000 		.4byte	.LFB8
 2194 001c 66000000 		.4byte	.LFE8-.LFB8
 2195 0020 00000000 		.4byte	.LFB9
 2196 0024 58000000 		.4byte	.LFE9-.LFB9
 2197 0028 00000000 		.4byte	0
 2198 002c 00000000 		.4byte	0
 2199              		.section	.debug_ranges,"",%progbits
 2200              	.Ldebug_ranges0:
 2201 0000 00000000 		.4byte	.LFB7
 2202 0004 14000000 		.4byte	.LFE7
 2203 0008 00000000 		.4byte	.LFB8
 2204 000c 66000000 		.4byte	.LFE8
 2205 0010 00000000 		.4byte	.LFB9
 2206 0014 58000000 		.4byte	.LFE9
 2207 0018 00000000 		.4byte	0
 2208 001c 00000000 		.4byte	0
 2209              		.section	.debug_line,"",%progbits
ARM GAS  C:\Users\jenny\AppData\Local\Temp\ccYkE25H.s 			page 40


 2210              	.Ldebug_line0:
 2211 0000 E5010000 		.section	.debug_str,"MS",%progbits,1
 2211      02009101 
 2211      00000201 
 2211      FB0E0D00 
 2211      01010101 
 2212              	.LASF76:
 2213 0000 7466756E 		.ascii	"tfunc_t\000"
 2213      635F7400 
 2214              	.LASF87:
 2215 0008 63665F6F 		.ascii	"cf_off_older\000"
 2215      66665F6F 
 2215      6C646572 
 2215      00
 2216              	.LASF39:
 2217 0015 705F6D73 		.ascii	"p_msg\000"
 2217      6700
 2218              	.LASF2:
 2219 001b 73697A65 		.ascii	"size_t\000"
 2219      5F7400
 2220              	.LASF71:
 2221 0022 7264796D 		.ascii	"rdymsg\000"
 2221      736700
 2222              	.LASF13:
 2223 0029 75696E74 		.ascii	"uint64_t\000"
 2223      36345F74 
 2223      00
 2224              	.LASF83:
 2225 0032 63685F74 		.ascii	"ch_threadsize\000"
 2225      68726561 
 2225      6473697A 
 2225      6500
 2226              	.LASF100:
 2227 0040 76746C69 		.ascii	"vtlist\000"
 2227      737400
 2228              	.LASF99:
 2229 0047 63685379 		.ascii	"chSysTimerHandlerI\000"
 2229      7354696D 
 2229      65724861 
 2229      6E646C65 
 2229      724900
 2230              	.LASF14:
 2231 005a 6C6F6E67 		.ascii	"long long unsigned int\000"
 2231      206C6F6E 
 2231      6720756E 
 2231      7369676E 
 2231      65642069 
 2232              	.LASF98:
 2233 0071 6D61696E 		.ascii	"mainthread\000"
 2233      74687265 
 2233      616400
 2234              	.LASF27:
 2235 007c 705F7072 		.ascii	"p_prio\000"
 2235      696F00
 2236              	.LASF90:
 2237 0083 63665F6F 		.ascii	"cf_off_state\000"
 2237      66665F73 
ARM GAS  C:\Users\jenny\AppData\Local\Temp\ccYkE25H.s 			page 41


 2237      74617465 
 2237      00
 2238              	.LASF105:
 2239 0090 5F736368 		.ascii	"_scheduler_init\000"
 2239      6564756C 
 2239      65725F69 
 2239      6E697400 
 2240              	.LASF12:
 2241 00a0 6C6F6E67 		.ascii	"long long int\000"
 2241      206C6F6E 
 2241      6720696E 
 2241      7400
 2242              	.LASF1:
 2243 00ae 7369676E 		.ascii	"signed char\000"
 2243      65642063 
 2243      68617200 
 2244              	.LASF89:
 2245 00ba 63665F6F 		.ascii	"cf_off_stklimit\000"
 2245      66665F73 
 2245      746B6C69 
 2245      6D697400 
 2246              	.LASF91:
 2247 00ca 63665F6F 		.ascii	"cf_off_flags\000"
 2247      66665F66 
 2247      6C616773 
 2247      00
 2248              	.LASF43:
 2249 00d7 705F6D70 		.ascii	"p_mpool\000"
 2249      6F6F6C00 
 2250              	.LASF68:
 2251 00df 6D5F7175 		.ascii	"m_queue\000"
 2251      65756500 
 2252              	.LASF19:
 2253 00e7 74736C69 		.ascii	"tslices_t\000"
 2253      6365735F 
 2253      7400
 2254              	.LASF109:
 2255 00f1 474E5520 		.ascii	"GNU C 4.7.4 20130913 (release) [ARM/embedded-4_7-br"
 2255      4320342E 
 2255      372E3420 
 2255      32303133 
 2255      30393133 
 2256 0124 616E6368 		.ascii	"anch revision 202601]\000"
 2256      20726576 
 2256      6973696F 
 2256      6E203230 
 2256      32363031 
 2257              	.LASF9:
 2258 013a 6C6F6E67 		.ascii	"long int\000"
 2258      20696E74 
 2258      00
 2259              	.LASF17:
 2260 0143 74737461 		.ascii	"tstate_t\000"
 2260      74655F74 
 2260      00
 2261              	.LASF6:
 2262 014c 75696E74 		.ascii	"uint16_t\000"
ARM GAS  C:\Users\jenny\AppData\Local\Temp\ccYkE25H.s 			page 42


 2262      31365F74 
 2262      00
 2263              	.LASF95:
 2264 0155 63686465 		.ascii	"chdebug_t\000"
 2264      6275675F 
 2264      7400
 2265              	.LASF29:
 2266 015f 705F6E65 		.ascii	"p_newer\000"
 2266      77657200 
 2267              	.LASF103:
 2268 0167 5F69646C 		.ascii	"_idle_thread_wa\000"
 2268      655F7468 
 2268      72656164 
 2268      5F776100 
 2269              	.LASF72:
 2270 0177 65786974 		.ascii	"exitcode\000"
 2270      636F6465 
 2270      00
 2271              	.LASF63:
 2272 0180 725F6E65 		.ascii	"r_newer\000"
 2272      77657200 
 2273              	.LASF46:
 2274 0188 72656761 		.ascii	"regarm_t\000"
 2274      726D5F74 
 2274      00
 2275              	.LASF54:
 2276 0191 76745F70 		.ascii	"vt_prev\000"
 2276      72657600 
 2277              	.LASF97:
 2278 0199 63685379 		.ascii	"chSysInit\000"
 2278      73496E69 
 2278      7400
 2279              	.LASF108:
 2280 01a3 5F686561 		.ascii	"_heap_init\000"
 2280      705F696E 
 2280      697400
 2281              	.LASF0:
 2282 01ae 756E7369 		.ascii	"unsigned int\000"
 2282      676E6564 
 2282      20696E74 
 2282      00
 2283              	.LASF112:
 2284 01bb 5F746872 		.ascii	"_thread_init\000"
 2284      6561645F 
 2284      696E6974 
 2284      00
 2285              	.LASF53:
 2286 01c8 76745F6E 		.ascii	"vt_next\000"
 2286      65787400 
 2287              	.LASF11:
 2288 01d0 6C6F6E67 		.ascii	"long unsigned int\000"
 2288      20756E73 
 2288      69676E65 
 2288      6420696E 
 2288      7400
 2289              	.LASF102:
 2290 01e2 63685F64 		.ascii	"ch_debug\000"
ARM GAS  C:\Users\jenny\AppData\Local\Temp\ccYkE25H.s 			page 43


 2290      65627567 
 2290      00
 2291              	.LASF77:
 2292 01eb 63685F69 		.ascii	"ch_identifier\000"
 2292      64656E74 
 2292      69666965 
 2292      7200
 2293              	.LASF52:
 2294 01f9 56697274 		.ascii	"VirtualTimer\000"
 2294      75616C54 
 2294      696D6572 
 2294      00
 2295              	.LASF49:
 2296 0206 636F6E74 		.ascii	"context\000"
 2296      65787400 
 2297              	.LASF7:
 2298 020e 73686F72 		.ascii	"short unsigned int\000"
 2298      7420756E 
 2298      7369676E 
 2298      65642069 
 2298      6E7400
 2299              	.LASF21:
 2300 0221 6D73675F 		.ascii	"msg_t\000"
 2300      7400
 2301              	.LASF16:
 2302 0227 746D6F64 		.ascii	"tmode_t\000"
 2302      655F7400 
 2303              	.LASF45:
 2304 022f 54687265 		.ascii	"ThreadsList\000"
 2304      6164734C 
 2304      69737400 
 2305              	.LASF22:
 2306 023b 6576656E 		.ascii	"eventmask_t\000"
 2306      746D6173 
 2306      6B5F7400 
 2307              	.LASF67:
 2308 0247 4D757465 		.ascii	"Mutex\000"
 2308      7800
 2309              	.LASF47:
 2310 024d 73746B61 		.ascii	"stkalign_t\000"
 2310      6C69676E 
 2310      5F7400
 2311              	.LASF113:
 2312 0258 63685468 		.ascii	"chThdCreateStatic\000"
 2312      64437265 
 2312      61746553 
 2312      74617469 
 2312      6300
 2313              	.LASF78:
 2314 026a 63685F7A 		.ascii	"ch_zero\000"
 2314      65726F00 
 2315              	.LASF92:
 2316 0272 63665F6F 		.ascii	"cf_off_refs\000"
 2316      66665F72 
 2316      65667300 
 2317              	.LASF55:
 2318 027e 76745F74 		.ascii	"vt_time\000"
ARM GAS  C:\Users\jenny\AppData\Local\Temp\ccYkE25H.s 			page 44


 2318      696D6500 
 2319              	.LASF50:
 2320 0286 73697A65 		.ascii	"sizetype\000"
 2320      74797065 
 2320      00
 2321              	.LASF56:
 2322 028f 76745F66 		.ascii	"vt_func\000"
 2322      756E6300 
 2323              	.LASF82:
 2324 0297 63685F74 		.ascii	"ch_timesize\000"
 2324      696D6573 
 2324      697A6500 
 2325              	.LASF88:
 2326 02a3 63665F6F 		.ascii	"cf_off_name\000"
 2326      66665F6E 
 2326      616D6500 
 2327              	.LASF30:
 2328 02af 705F6F6C 		.ascii	"p_older\000"
 2328      64657200 
 2329              	.LASF62:
 2330 02b7 725F6374 		.ascii	"r_ctx\000"
 2330      7800
 2331              	.LASF44:
 2332 02bd 54687265 		.ascii	"ThreadsQueue\000"
 2332      61647351 
 2332      75657565 
 2332      00
 2333              	.LASF79:
 2334 02ca 63685F73 		.ascii	"ch_size\000"
 2334      697A6500 
 2335              	.LASF65:
 2336 02d2 725F6375 		.ascii	"r_current\000"
 2336      7272656E 
 2336      7400
 2337              	.LASF64:
 2338 02dc 725F6F6C 		.ascii	"r_older\000"
 2338      64657200 
 2339              	.LASF96:
 2340 02e4 5F69646C 		.ascii	"_idle_thread\000"
 2340      655F7468 
 2340      72656164 
 2340      00
 2341              	.LASF18:
 2342 02f1 74726566 		.ascii	"trefs_t\000"
 2342      735F7400 
 2343              	.LASF81:
 2344 02f9 63685F70 		.ascii	"ch_ptrsize\000"
 2344      74727369 
 2344      7A6500
 2345              	.LASF26:
 2346 0304 705F7072 		.ascii	"p_prev\000"
 2346      657600
 2347              	.LASF20:
 2348 030b 74707269 		.ascii	"tprio_t\000"
 2348      6F5F7400 
 2349              	.LASF15:
 2350 0313 5F426F6F 		.ascii	"_Bool\000"
ARM GAS  C:\Users\jenny\AppData\Local\Temp\ccYkE25H.s 			page 45


 2350      6C00
 2351              	.LASF8:
 2352 0319 696E7433 		.ascii	"int32_t\000"
 2352      325F7400 
 2353              	.LASF4:
 2354 0321 756E7369 		.ascii	"unsigned char\000"
 2354      676E6564 
 2354      20636861 
 2354      7200
 2355              	.LASF107:
 2356 032f 5F636F72 		.ascii	"_core_init\000"
 2356      655F696E 
 2356      697400
 2357              	.LASF41:
 2358 033a 705F6D74 		.ascii	"p_mtxlist\000"
 2358      786C6973 
 2358      7400
 2359              	.LASF5:
 2360 0344 73686F72 		.ascii	"short int\000"
 2360      7420696E 
 2360      7400
 2361              	.LASF32:
 2362 034e 705F7374 		.ascii	"p_state\000"
 2362      61746500 
 2363              	.LASF35:
 2364 0356 705F7072 		.ascii	"p_preempt\000"
 2364      65656D70 
 2364      7400
 2365              	.LASF94:
 2366 0360 63665F6F 		.ascii	"cf_off_time\000"
 2366      66665F74 
 2366      696D6500 
 2367              	.LASF61:
 2368 036c 725F7072 		.ascii	"r_prio\000"
 2368      696F00
 2369              	.LASF74:
 2370 0373 65776D61 		.ascii	"ewmask\000"
 2370      736B00
 2371              	.LASF25:
 2372 037a 705F6E65 		.ascii	"p_next\000"
 2372      787400
 2373              	.LASF93:
 2374 0381 63665F6F 		.ascii	"cf_off_preempt\000"
 2374      66665F70 
 2374      7265656D 
 2374      707400
 2375              	.LASF33:
 2376 0390 705F666C 		.ascii	"p_flags\000"
 2376      61677300 
 2377              	.LASF24:
 2378 0398 54687265 		.ascii	"Thread\000"
 2378      616400
 2379              	.LASF86:
 2380 039f 63665F6F 		.ascii	"cf_off_newer\000"
 2380      66665F6E 
 2380      65776572 
 2380      00
ARM GAS  C:\Users\jenny\AppData\Local\Temp\ccYkE25H.s 			page 46


 2381              	.LASF40:
 2382 03ac 705F6570 		.ascii	"p_epending\000"
 2382      656E6469 
 2382      6E6700
 2383              	.LASF10:
 2384 03b7 75696E74 		.ascii	"uint32_t\000"
 2384      33325F74 
 2384      00
 2385              	.LASF84:
 2386 03c0 63665F6F 		.ascii	"cf_off_prio\000"
 2386      66665F70 
 2386      72696F00 
 2387              	.LASF60:
 2388 03cc 725F7175 		.ascii	"r_queue\000"
 2388      65756500 
 2389              	.LASF75:
 2390 03d4 63686172 		.ascii	"char\000"
 2390      00
 2391              	.LASF70:
 2392 03d9 6D5F6E65 		.ascii	"m_next\000"
 2392      787400
 2393              	.LASF23:
 2394 03e0 73797374 		.ascii	"systime_t\000"
 2394      696D655F 
 2394      7400
 2395              	.LASF42:
 2396 03ea 705F7265 		.ascii	"p_realprio\000"
 2396      616C7072 
 2396      696F00
 2397              	.LASF51:
 2398 03f5 76746675 		.ascii	"vtfunc_t\000"
 2398      6E635F74 
 2398      00
 2399              	.LASF106:
 2400 03fe 5F76745F 		.ascii	"_vt_init\000"
 2400      696E6974 
 2400      00
 2401              	.LASF36:
 2402 0407 705F7469 		.ascii	"p_time\000"
 2402      6D6500
 2403              	.LASF48:
 2404 040e 696E7463 		.ascii	"intctx\000"
 2404      747800
 2405              	.LASF38:
 2406 0415 705F6D73 		.ascii	"p_msgqueue\000"
 2406      67717565 
 2406      756500
 2407              	.LASF57:
 2408 0420 76745F70 		.ascii	"vt_par\000"
 2408      617200
 2409              	.LASF85:
 2410 0427 63665F6F 		.ascii	"cf_off_ctx\000"
 2410      66665F63 
 2410      747800
 2411              	.LASF34:
 2412 0432 705F7265 		.ascii	"p_refs\000"
 2412      667300
ARM GAS  C:\Users\jenny\AppData\Local\Temp\ccYkE25H.s 			page 47


 2413              	.LASF66:
 2414 0439 52656164 		.ascii	"ReadyList\000"
 2414      794C6973 
 2414      7400
 2415              	.LASF101:
 2416 0443 726C6973 		.ascii	"rlist\000"
 2416      7400
 2417              	.LASF110:
 2418 0449 2E2E2F2E 		.ascii	"../../os/kernel/src/chsys.c\000"
 2418      2E2F6F73 
 2418      2F6B6572 
 2418      6E656C2F 
 2418      7372632F 
 2419              	.LASF3:
 2420 0465 75696E74 		.ascii	"uint8_t\000"
 2420      385F7400 
 2421              	.LASF104:
 2422 046d 5F706F72 		.ascii	"_port_init\000"
 2422      745F696E 
 2422      697400
 2423              	.LASF111:
 2424 0478 443A5C6A 		.ascii	"D:\\jenny\\dev\\probe\\chibios\\chibios.workspace\\"
 2424      656E6E79 
 2424      5C646576 
 2424      5C70726F 
 2424      62655C63 
 2425 04a5 64656D6F 		.ascii	"demos\\ARMCM4-STM32F407-LWIP-FATFS-USB\000"
 2425      735C4152 
 2425      4D434D34 
 2425      2D53544D 
 2425      33324634 
 2426              	.LASF73:
 2427 04cb 77746F62 		.ascii	"wtobjp\000"
 2427      6A7000
 2428              	.LASF31:
 2429 04d2 705F6E61 		.ascii	"p_name\000"
 2429      6D6500
 2430              	.LASF58:
 2431 04d9 76745F73 		.ascii	"vt_systime\000"
 2431      79737469 
 2431      6D6500
 2432              	.LASF80:
 2433 04e4 63685F76 		.ascii	"ch_version\000"
 2433      65727369 
 2433      6F6E00
 2434              	.LASF59:
 2435 04ef 56544C69 		.ascii	"VTList\000"
 2435      737400
 2436              	.LASF69:
 2437 04f6 6D5F6F77 		.ascii	"m_owner\000"
 2437      6E657200 
 2438              	.LASF28:
 2439 04fe 705F6374 		.ascii	"p_ctx\000"
 2439      7800
 2440              	.LASF37:
 2441 0504 705F7761 		.ascii	"p_waiting\000"
 2441      6974696E 
ARM GAS  C:\Users\jenny\AppData\Local\Temp\ccYkE25H.s 			page 48


 2441      6700
 2442              		.ident	"GCC: (GNU Tools for ARM Embedded Processors) 4.7.4 20130913 (release) [ARM/embedded-4_7-br
ARM GAS  C:\Users\jenny\AppData\Local\Temp\ccYkE25H.s 			page 49


DEFINED SYMBOLS
                            *ABS*:00000000 chsys.c
C:\Users\jenny\AppData\Local\Temp\ccYkE25H.s:20     .text._idle_thread:00000000 $t
C:\Users\jenny\AppData\Local\Temp\ccYkE25H.s:26     .text._idle_thread:00000000 _idle_thread
C:\Users\jenny\AppData\Local\Temp\ccYkE25H.s:46     .text._idle_thread:0000000c $d
C:\Users\jenny\AppData\Local\Temp\ccYkE25H.s:52     .text.chSysInit:00000000 $t
C:\Users\jenny\AppData\Local\Temp\ccYkE25H.s:58     .text.chSysInit:00000000 chSysInit
C:\Users\jenny\AppData\Local\Temp\ccYkE25H.s:234    .bss.mainthread.4810:00000000 .LANCHOR0
C:\Users\jenny\AppData\Local\Temp\ccYkE25H.s:245    .bss._idle_thread_wa:00000000 .LANCHOR1
C:\Users\jenny\AppData\Local\Temp\ccYkE25H.s:133    .text.chSysTimerHandlerI:00000000 $t
C:\Users\jenny\AppData\Local\Temp\ccYkE25H.s:139    .text.chSysTimerHandlerI:00000000 chSysTimerHandlerI
C:\Users\jenny\AppData\Local\Temp\ccYkE25H.s:225    .text.chSysTimerHandlerI:00000050 $d
C:\Users\jenny\AppData\Local\Temp\ccYkE25H.s:248    .bss._idle_thread_wa:00000000 _idle_thread_wa
C:\Users\jenny\AppData\Local\Temp\ccYkE25H.s:233    .bss.mainthread.4810:00000000 $d
C:\Users\jenny\AppData\Local\Temp\ccYkE25H.s:237    .bss.mainthread.4810:00000000 mainthread.4810
C:\Users\jenny\AppData\Local\Temp\ccYkE25H.s:240    .rodata.str1.4:00000000 $d
C:\Users\jenny\AppData\Local\Temp\ccYkE25H.s:244    .bss._idle_thread_wa:00000000 $d
                     .debug_frame:00000010 $d
C:\Users\jenny\AppData\Local\Temp\ccYkE25H.s:51     .text._idle_thread:00000014 $t
C:\Users\jenny\AppData\Local\Temp\ccYkE25H.s:232    .text.chSysTimerHandlerI:00000058 $t

UNDEFINED SYMBOLS
rlist
_port_init
_scheduler_init
_vt_init
_core_init
_heap_init
_thread_init
ch_debug
chThdCreateStatic
vtlist
