ARM GAS  C:\Users\jenny\AppData\Local\Temp\ccA2K00W.s 			page 1


   1              		.syntax unified
   2              		.cpu cortex-m4
   3              		.eabi_attribute 27, 3
   4              		.fpu fpv4-sp-d16
   5              		.eabi_attribute 20, 1
   6              		.eabi_attribute 21, 1
   7              		.eabi_attribute 23, 3
   8              		.eabi_attribute 24, 1
   9              		.eabi_attribute 25, 1
  10              		.eabi_attribute 26, 1
  11              		.eabi_attribute 30, 2
  12              		.eabi_attribute 34, 1
  13              		.eabi_attribute 18, 4
  14              		.thumb
  15              		.file	"chvt.c"
  16              		.text
  17              	.Ltext0:
  18              		.cfi_sections	.debug_frame
  19              		.section	.text._vt_init,"ax",%progbits
  20              		.align	2
  21              		.p2align 4,,15
  22              		.global	_vt_init
  23              		.thumb
  24              		.thumb_func
  25              		.type	_vt_init, %function
  26              	_vt_init:
  27              	.LFB7:
  28              		.file 1 "../../os/kernel/src/chvt.c"
  29              		.loc 1 50 0
  30              		.cfi_startproc
  31              		@ args = 0, pretend = 0, frame = 0
  32              		@ frame_needed = 0, uses_anonymous_args = 0
  33              		@ link register save eliminated.
  34              		.loc 1 52 0
  35 0000 40F20003 		movw	r3, #:lower16:.LANCHOR0
  36 0004 C0F20003 		movt	r3, #:upper16:.LANCHOR0
  37              		.loc 1 53 0
  38 0008 4FF0FF32 		mov	r2, #-1
  39              		.loc 1 54 0
  40 000c 0020     		movs	r0, #0
  41              		.loc 1 52 0
  42 000e 5B60     		str	r3, [r3, #4]
  43 0010 1B60     		str	r3, [r3, #0]
  44              		.loc 1 53 0
  45 0012 9A60     		str	r2, [r3, #8]
  46              		.loc 1 54 0
  47 0014 D860     		str	r0, [r3, #12]
  48 0016 7047     		bx	lr
  49              		.cfi_endproc
  50              	.LFE7:
  51              		.size	_vt_init, .-_vt_init
  52 0018 AFF30080 		.section	.text.chVTSetI,"ax",%progbits
  52      AFF30080 
  53              		.align	2
  54              		.p2align 4,,15
  55              		.global	chVTSetI
  56              		.thumb
ARM GAS  C:\Users\jenny\AppData\Local\Temp\ccA2K00W.s 			page 2


  57              		.thumb_func
  58              		.type	chVTSetI, %function
  59              	chVTSetI:
  60              	.LFB8:
  61              		.loc 1 76 0
  62              		.cfi_startproc
  63              		@ args = 0, pretend = 0, frame = 0
  64              		@ frame_needed = 0, uses_anonymous_args = 0
  65              		@ link register save eliminated.
  66              	.LVL0:
  67 0000 70B4     		push	{r4, r5, r6}
  68              	.LCFI0:
  69              		.cfi_def_cfa_offset 12
  70              		.cfi_offset 4, -12
  71              		.cfi_offset 5, -8
  72              		.cfi_offset 6, -4
  73              		.loc 1 85 0
  74 0002 0C4E     		ldr	r6, .L9
  75              		.loc 1 83 0
  76 0004 0361     		str	r3, [r0, #16]
  77              		.loc 1 85 0
  78 0006 3468     		ldr	r4, [r6, #0]
  79              	.LVL1:
  80              		.loc 1 84 0
  81 0008 C260     		str	r2, [r0, #12]
  82              		.loc 1 86 0
  83 000a A568     		ldr	r5, [r4, #8]
  84 000c A942     		cmp	r1, r5
  85 000e 04D9     		bls	.L3
  86              	.L6:
  87              		.loc 1 88 0
  88 0010 2468     		ldr	r4, [r4, #0]
  89              	.LVL2:
  90              		.loc 1 87 0
  91 0012 491B     		subs	r1, r1, r5
  92              	.LVL3:
  93              		.loc 1 86 0
  94 0014 A568     		ldr	r5, [r4, #8]
  95 0016 8D42     		cmp	r5, r1
  96 0018 FAD3     		bcc	.L6
  97              	.L3:
  98              		.loc 1 91 0
  99 001a 6368     		ldr	r3, [r4, #4]
 100              	.LVL4:
 101 001c 0460     		str	r4, [r0, #0]
 102              		.loc 1 94 0
 103 001e B442     		cmp	r4, r6
 104              		.loc 1 91 0
 105 0020 4360     		str	r3, [r0, #4]
 106              		.loc 1 92 0
 107 0022 1860     		str	r0, [r3, #0]
 108 0024 6060     		str	r0, [r4, #4]
 109              		.loc 1 93 0
 110 0026 8160     		str	r1, [r0, #8]
 111              		.loc 1 94 0
 112 0028 02D0     		beq	.L2
 113              		.loc 1 95 0
ARM GAS  C:\Users\jenny\AppData\Local\Temp\ccA2K00W.s 			page 3


 114 002a A068     		ldr	r0, [r4, #8]
 115              	.LVL5:
 116 002c 411A     		subs	r1, r0, r1
 117              	.LVL6:
 118 002e A160     		str	r1, [r4, #8]
 119              	.L2:
 120              		.loc 1 96 0
 121 0030 70BC     		pop	{r4, r5, r6}
 122 0032 7047     		bx	lr
 123              	.L10:
 124              		.align	2
 125              	.L9:
 126 0034 00000000 		.word	.LANCHOR0
 127              		.cfi_endproc
 128              	.LFE8:
 129              		.size	chVTSetI, .-chVTSetI
 130 0038 AFF30080 		.section	.text.chVTResetI,"ax",%progbits
 130      AFF30080 
 131              		.align	2
 132              		.p2align 4,,15
 133              		.global	chVTResetI
 134              		.thumb
 135              		.thumb_func
 136              		.type	chVTResetI, %function
 137              	chVTResetI:
 138              	.LFB9:
 139              		.loc 1 106 0
 140              		.cfi_startproc
 141              		@ args = 0, pretend = 0, frame = 0
 142              		@ frame_needed = 0, uses_anonymous_args = 0
 143              		@ link register save eliminated.
 144              	.LVL7:
 145              		.loc 1 114 0
 146 0000 0368     		ldr	r3, [r0, #0]
 147 0002 074A     		ldr	r2, .L13
 148 0004 9342     		cmp	r3, r2
 149 0006 03D0     		beq	.L12
 150              		.loc 1 115 0
 151 0008 9968     		ldr	r1, [r3, #8]
 152 000a 8268     		ldr	r2, [r0, #8]
 153 000c 8918     		adds	r1, r1, r2
 154 000e 9960     		str	r1, [r3, #8]
 155              	.L12:
 156              		.loc 1 116 0
 157 0010 4268     		ldr	r2, [r0, #4]
 158 0012 1360     		str	r3, [r2, #0]
 159              		.loc 1 117 0
 160 0014 0368     		ldr	r3, [r0, #0]
 161              		.loc 1 118 0
 162 0016 0021     		movs	r1, #0
 163              		.loc 1 117 0
 164 0018 5A60     		str	r2, [r3, #4]
 165              		.loc 1 118 0
 166 001a C160     		str	r1, [r0, #12]
 167 001c 7047     		bx	lr
 168              	.L14:
 169 001e 00BF     		.align	2
ARM GAS  C:\Users\jenny\AppData\Local\Temp\ccA2K00W.s 			page 4


 170              	.L13:
 171 0020 00000000 		.word	.LANCHOR0
 172              		.cfi_endproc
 173              	.LFE9:
 174              		.size	chVTResetI, .-chVTResetI
 175 0024 AFF30080 		.section	.text.chTimeIsWithin,"ax",%progbits
 175      AFF30080 
 175      AFF30080 
 176              		.align	2
 177              		.p2align 4,,15
 178              		.global	chTimeIsWithin
 179              		.thumb
 180              		.thumb_func
 181              		.type	chTimeIsWithin, %function
 182              	chTimeIsWithin:
 183              	.LFB10:
 184              		.loc 1 134 0
 185              		.cfi_startproc
 186              		@ args = 0, pretend = 0, frame = 0
 187              		@ frame_needed = 0, uses_anonymous_args = 0
 188              		@ link register save eliminated.
 189              	.LVL8:
 190              		.loc 1 136 0
 191 0000 084B     		ldr	r3, .L23
 192              		.loc 1 137 0
 193 0002 8142     		cmp	r1, r0
 194              		.loc 1 136 0
 195 0004 DA68     		ldr	r2, [r3, #12]
 196              	.LVL9:
 197              		.loc 1 137 0
 198 0006 06D9     		bls	.L16
 199              		.loc 1 137 0 is_stmt 0 discriminator 1
 200 0008 8242     		cmp	r2, r0
 201 000a 08D3     		bcc	.L20
 202              	.L22:
 203              		.loc 1 138 0 is_stmt 1 discriminator 2
 204 000c 8A42     		cmp	r2, r1
 205 000e 2CBF     		ite	cs
 206 0010 0020     		movcs	r0, #0
 207              	.LVL10:
 208 0012 0120     		movcc	r0, #1
 209 0014 7047     		bx	lr
 210              	.LVL11:
 211              	.L16:
 212              		.loc 1 138 0 is_stmt 0
 213 0016 8242     		cmp	r2, r0
 214 0018 F8D3     		bcc	.L22
 215 001a 0120     		movs	r0, #1
 216              	.LVL12:
 217              		.loc 1 139 0 is_stmt 1
 218 001c 7047     		bx	lr
 219              	.LVL13:
 220              	.L20:
 221              		.loc 1 137 0
 222 001e 0020     		movs	r0, #0
 223              	.LVL14:
 224 0020 7047     		bx	lr
ARM GAS  C:\Users\jenny\AppData\Local\Temp\ccA2K00W.s 			page 5


 225              	.L24:
 226 0022 00BF     		.align	2
 227              	.L23:
 228 0024 00000000 		.word	.LANCHOR0
 229              		.cfi_endproc
 230              	.LFE10:
 231              		.size	chTimeIsWithin, .-chTimeIsWithin
 232              		.global	vtlist
 233 0028 AFF30080 		.section	.bss.vtlist,"aw",%nobits
 233      AFF30080 
 234              		.align	2
 235              		.set	.LANCHOR0,. + 0
 236              		.type	vtlist, %object
 237              		.size	vtlist, 16
 238              	vtlist:
 239 0000 00000000 		.space	16
 239      00000000 
 239      00000000 
 239      00000000 
 240              		.text
 241              	.Letext0:
 242              		.file 2 "c:\\fbin\\yagarto\\bin\\../lib/gcc/arm-none-eabi/4.7.4/../../../../arm-none-eabi/include/
 243              		.file 3 "../../os/ports/GCC/ARMCMx/chtypes.h"
 244              		.file 4 "../../os/kernel/include/chvt.h"
 245              		.section	.debug_info,"",%progbits
 246              	.Ldebug_info0:
 247 0000 6D020000 		.4byte	0x26d
 248 0004 0200     		.2byte	0x2
 249 0006 00000000 		.4byte	.Ldebug_abbrev0
 250 000a 04       		.byte	0x4
 251 000b 01       		.uleb128 0x1
 252 000c AE000000 		.4byte	.LASF29
 253 0010 01       		.byte	0x1
 254 0011 5A010000 		.4byte	.LASF30
 255 0015 20000000 		.4byte	.LASF31
 256 0019 00000000 		.4byte	.Ldebug_ranges0+0
 257 001d 00000000 		.4byte	0
 258 0021 00000000 		.4byte	0
 259 0025 00000000 		.4byte	.Ldebug_line0
 260 0029 02       		.uleb128 0x2
 261 002a 04       		.byte	0x4
 262 002b 05       		.byte	0x5
 263 002c 696E7400 		.ascii	"int\000"
 264 0030 03       		.uleb128 0x3
 265 0031 04       		.byte	0x4
 266 0032 07       		.byte	0x7
 267 0033 0E010000 		.4byte	.LASF0
 268 0037 03       		.uleb128 0x3
 269 0038 01       		.byte	0x1
 270 0039 06       		.byte	0x6
 271 003a D1010000 		.4byte	.LASF1
 272 003e 03       		.uleb128 0x3
 273 003f 01       		.byte	0x1
 274 0040 08       		.byte	0x8
 275 0041 F7000000 		.4byte	.LASF2
 276 0045 03       		.uleb128 0x3
 277 0046 02       		.byte	0x2
ARM GAS  C:\Users\jenny\AppData\Local\Temp\ccA2K00W.s 			page 6


 278 0047 05       		.byte	0x5
 279 0048 9E010000 		.4byte	.LASF3
 280 004c 03       		.uleb128 0x3
 281 004d 02       		.byte	0x2
 282 004e 07       		.byte	0x7
 283 004f 8E000000 		.4byte	.LASF4
 284 0053 03       		.uleb128 0x3
 285 0054 04       		.byte	0x4
 286 0055 05       		.byte	0x5
 287 0056 C8010000 		.4byte	.LASF5
 288 005a 04       		.uleb128 0x4
 289 005b BF010000 		.4byte	.LASF9
 290 005f 02       		.byte	0x2
 291 0060 50       		.byte	0x50
 292 0061 65000000 		.4byte	0x65
 293 0065 03       		.uleb128 0x3
 294 0066 04       		.byte	0x4
 295 0067 07       		.byte	0x7
 296 0068 7C000000 		.4byte	.LASF6
 297 006c 03       		.uleb128 0x3
 298 006d 08       		.byte	0x8
 299 006e 05       		.byte	0x5
 300 006f 75010000 		.4byte	.LASF7
 301 0073 03       		.uleb128 0x3
 302 0074 08       		.byte	0x8
 303 0075 07       		.byte	0x7
 304 0076 1B010000 		.4byte	.LASF8
 305 007a 04       		.uleb128 0x4
 306 007b 19000000 		.4byte	.LASF10
 307 007f 03       		.byte	0x3
 308 0080 2B       		.byte	0x2b
 309 0081 85000000 		.4byte	0x85
 310 0085 03       		.uleb128 0x3
 311 0086 01       		.byte	0x1
 312 0087 02       		.byte	0x2
 313 0088 F7010000 		.4byte	.LASF11
 314 008c 04       		.uleb128 0x4
 315 008d 09000000 		.4byte	.LASF12
 316 0091 03       		.byte	0x3
 317 0092 35       		.byte	0x35
 318 0093 5A000000 		.4byte	0x5a
 319 0097 05       		.uleb128 0x5
 320 0098 04       		.byte	0x4
 321 0099 03       		.uleb128 0x3
 322 009a 04       		.byte	0x4
 323 009b 07       		.byte	0x7
 324 009c 46010000 		.4byte	.LASF13
 325 00a0 04       		.uleb128 0x4
 326 00a1 73000000 		.4byte	.LASF14
 327 00a5 04       		.byte	0x4
 328 00a6 58       		.byte	0x58
 329 00a7 AB000000 		.4byte	0xab
 330 00ab 06       		.uleb128 0x6
 331 00ac 04       		.byte	0x4
 332 00ad B1000000 		.4byte	0xb1
 333 00b1 07       		.uleb128 0x7
 334 00b2 01       		.byte	0x1
ARM GAS  C:\Users\jenny\AppData\Local\Temp\ccA2K00W.s 			page 7


 335 00b3 BD000000 		.4byte	0xbd
 336 00b7 08       		.uleb128 0x8
 337 00b8 97000000 		.4byte	0x97
 338 00bc 00       		.byte	0
 339 00bd 04       		.uleb128 0x4
 340 00be A1000000 		.4byte	.LASF15
 341 00c2 04       		.byte	0x4
 342 00c3 5D       		.byte	0x5d
 343 00c4 C8000000 		.4byte	0xc8
 344 00c8 09       		.uleb128 0x9
 345 00c9 A1000000 		.4byte	.LASF15
 346 00cd 14       		.byte	0x14
 347 00ce 04       		.byte	0x4
 348 00cf 64       		.byte	0x64
 349 00d0 1B010000 		.4byte	0x11b
 350 00d4 0A       		.uleb128 0xa
 351 00d5 E4010000 		.4byte	.LASF16
 352 00d9 04       		.byte	0x4
 353 00da 65       		.byte	0x65
 354 00db 1B010000 		.4byte	0x11b
 355 00df 02       		.byte	0x2
 356 00e0 23       		.byte	0x23
 357 00e1 00       		.uleb128 0
 358 00e2 0A       		.uleb128 0xa
 359 00e3 B7010000 		.4byte	.LASF17
 360 00e7 04       		.byte	0x4
 361 00e8 67       		.byte	0x67
 362 00e9 1B010000 		.4byte	0x11b
 363 00ed 02       		.byte	0x2
 364 00ee 23       		.byte	0x23
 365 00ef 04       		.uleb128 0x4
 366 00f0 0A       		.uleb128 0xa
 367 00f1 3E010000 		.4byte	.LASF18
 368 00f5 04       		.byte	0x4
 369 00f6 69       		.byte	0x69
 370 00f7 8C000000 		.4byte	0x8c
 371 00fb 02       		.byte	0x2
 372 00fc 23       		.byte	0x23
 373 00fd 08       		.uleb128 0x8
 374 00fe 0A       		.uleb128 0xa
 375 00ff 83010000 		.4byte	.LASF19
 376 0103 04       		.byte	0x4
 377 0104 6A       		.byte	0x6a
 378 0105 A0000000 		.4byte	0xa0
 379 0109 02       		.byte	0x2
 380 010a 23       		.byte	0x23
 381 010b 0C       		.uleb128 0xc
 382 010c 0A       		.uleb128 0xa
 383 010d 97010000 		.4byte	.LASF20
 384 0111 04       		.byte	0x4
 385 0112 6C       		.byte	0x6c
 386 0113 97000000 		.4byte	0x97
 387 0117 02       		.byte	0x2
 388 0118 23       		.byte	0x23
 389 0119 10       		.uleb128 0x10
 390 011a 00       		.byte	0
 391 011b 06       		.uleb128 0x6
ARM GAS  C:\Users\jenny\AppData\Local\Temp\ccA2K00W.s 			page 8


 392 011c 04       		.byte	0x4
 393 011d BD000000 		.4byte	0xbd
 394 0121 0B       		.uleb128 0xb
 395 0122 10       		.byte	0x10
 396 0123 04       		.byte	0x4
 397 0124 76       		.byte	0x76
 398 0125 62010000 		.4byte	0x162
 399 0129 0A       		.uleb128 0xa
 400 012a E4010000 		.4byte	.LASF16
 401 012e 04       		.byte	0x4
 402 012f 77       		.byte	0x77
 403 0130 1B010000 		.4byte	0x11b
 404 0134 02       		.byte	0x2
 405 0135 23       		.byte	0x23
 406 0136 00       		.uleb128 0
 407 0137 0A       		.uleb128 0xa
 408 0138 B7010000 		.4byte	.LASF17
 409 013c 04       		.byte	0x4
 410 013d 79       		.byte	0x79
 411 013e 1B010000 		.4byte	0x11b
 412 0142 02       		.byte	0x2
 413 0143 23       		.byte	0x23
 414 0144 04       		.uleb128 0x4
 415 0145 0A       		.uleb128 0xa
 416 0146 3E010000 		.4byte	.LASF18
 417 014a 04       		.byte	0x4
 418 014b 7B       		.byte	0x7b
 419 014c 8C000000 		.4byte	0x8c
 420 0150 02       		.byte	0x2
 421 0151 23       		.byte	0x23
 422 0152 08       		.uleb128 0x8
 423 0153 0A       		.uleb128 0xa
 424 0154 4F010000 		.4byte	.LASF21
 425 0158 04       		.byte	0x4
 426 0159 7C       		.byte	0x7c
 427 015a 62010000 		.4byte	0x162
 428 015e 02       		.byte	0x2
 429 015f 23       		.byte	0x23
 430 0160 0C       		.uleb128 0xc
 431 0161 00       		.byte	0
 432 0162 0C       		.uleb128 0xc
 433 0163 8C000000 		.4byte	0x8c
 434 0167 04       		.uleb128 0x4
 435 0168 DD010000 		.4byte	.LASF22
 436 016c 04       		.byte	0x4
 437 016d 7D       		.byte	0x7d
 438 016e 21010000 		.4byte	0x121
 439 0172 03       		.uleb128 0x3
 440 0173 01       		.byte	0x1
 441 0174 08       		.byte	0x8
 442 0175 92010000 		.4byte	.LASF23
 443 0179 0D       		.uleb128 0xd
 444 017a 01       		.byte	0x1
 445 017b 05010000 		.4byte	.LASF32
 446 017f 01       		.byte	0x1
 447 0180 32       		.byte	0x32
 448 0181 01       		.byte	0x1
ARM GAS  C:\Users\jenny\AppData\Local\Temp\ccA2K00W.s 			page 9


 449 0182 00000000 		.4byte	.LFB7
 450 0186 18000000 		.4byte	.LFE7
 451 018a 02       		.byte	0x2
 452 018b 7D       		.byte	0x7d
 453 018c 00       		.sleb128 0
 454 018d 01       		.byte	0x1
 455 018e 0E       		.uleb128 0xe
 456 018f 01       		.byte	0x1
 457 0190 00000000 		.4byte	.LASF26
 458 0194 01       		.byte	0x1
 459 0195 4C       		.byte	0x4c
 460 0196 01       		.byte	0x1
 461 0197 00000000 		.4byte	.LFB8
 462 019b 38000000 		.4byte	.LFE8
 463 019f 00000000 		.4byte	.LLST0
 464 01a3 01       		.byte	0x1
 465 01a4 F0010000 		.4byte	0x1f0
 466 01a8 0F       		.uleb128 0xf
 467 01a9 76747000 		.ascii	"vtp\000"
 468 01ad 01       		.byte	0x1
 469 01ae 4C       		.byte	0x4c
 470 01af 1B010000 		.4byte	0x11b
 471 01b3 20000000 		.4byte	.LLST1
 472 01b7 10       		.uleb128 0x10
 473 01b8 39010000 		.4byte	.LASF24
 474 01bc 01       		.byte	0x1
 475 01bd 4C       		.byte	0x4c
 476 01be 8C000000 		.4byte	0x8c
 477 01c2 3F000000 		.4byte	.LLST2
 478 01c6 11       		.uleb128 0x11
 479 01c7 8B010000 		.4byte	.LASF25
 480 01cb 01       		.byte	0x1
 481 01cc 4C       		.byte	0x4c
 482 01cd A0000000 		.4byte	0xa0
 483 01d1 01       		.byte	0x1
 484 01d2 52       		.byte	0x52
 485 01d3 0F       		.uleb128 0xf
 486 01d4 70617200 		.ascii	"par\000"
 487 01d8 01       		.byte	0x1
 488 01d9 4C       		.byte	0x4c
 489 01da 97000000 		.4byte	0x97
 490 01de 6C000000 		.4byte	.LLST3
 491 01e2 12       		.uleb128 0x12
 492 01e3 7000     		.ascii	"p\000"
 493 01e5 01       		.byte	0x1
 494 01e6 4D       		.byte	0x4d
 495 01e7 1B010000 		.4byte	0x11b
 496 01eb 9A000000 		.4byte	.LLST4
 497 01ef 00       		.byte	0
 498 01f0 13       		.uleb128 0x13
 499 01f1 01       		.byte	0x1
 500 01f2 EC010000 		.4byte	.LASF27
 501 01f6 01       		.byte	0x1
 502 01f7 6A       		.byte	0x6a
 503 01f8 01       		.byte	0x1
 504 01f9 00000000 		.4byte	.LFB9
 505 01fd 24000000 		.4byte	.LFE9
ARM GAS  C:\Users\jenny\AppData\Local\Temp\ccA2K00W.s 			page 10


 506 0201 02       		.byte	0x2
 507 0202 7D       		.byte	0x7d
 508 0203 00       		.sleb128 0
 509 0204 01       		.byte	0x1
 510 0205 17020000 		.4byte	0x217
 511 0209 14       		.uleb128 0x14
 512 020a 76747000 		.ascii	"vtp\000"
 513 020e 01       		.byte	0x1
 514 020f 6A       		.byte	0x6a
 515 0210 1B010000 		.4byte	0x11b
 516 0214 01       		.byte	0x1
 517 0215 50       		.byte	0x50
 518 0216 00       		.byte	0
 519 0217 15       		.uleb128 0x15
 520 0218 01       		.byte	0x1
 521 0219 A8010000 		.4byte	.LASF33
 522 021d 01       		.byte	0x1
 523 021e 86       		.byte	0x86
 524 021f 01       		.byte	0x1
 525 0220 7A000000 		.4byte	0x7a
 526 0224 00000000 		.4byte	.LFB10
 527 0228 28000000 		.4byte	.LFE10
 528 022c 02       		.byte	0x2
 529 022d 7D       		.byte	0x7d
 530 022e 00       		.sleb128 0
 531 022f 01       		.byte	0x1
 532 0230 5E020000 		.4byte	0x25e
 533 0234 10       		.uleb128 0x10
 534 0235 13000000 		.4byte	.LASF28
 535 0239 01       		.byte	0x1
 536 023a 86       		.byte	0x86
 537 023b 8C000000 		.4byte	0x8c
 538 023f B8000000 		.4byte	.LLST5
 539 0243 14       		.uleb128 0x14
 540 0244 656E6400 		.ascii	"end\000"
 541 0248 01       		.byte	0x1
 542 0249 86       		.byte	0x86
 543 024a 8C000000 		.4byte	0x8c
 544 024e 01       		.byte	0x1
 545 024f 51       		.byte	0x51
 546 0250 16       		.uleb128 0x16
 547 0251 39010000 		.4byte	.LASF24
 548 0255 01       		.byte	0x1
 549 0256 88       		.byte	0x88
 550 0257 8C000000 		.4byte	0x8c
 551 025b 01       		.byte	0x1
 552 025c 52       		.byte	0x52
 553 025d 00       		.byte	0
 554 025e 17       		.uleb128 0x17
 555 025f 32010000 		.4byte	.LASF34
 556 0263 01       		.byte	0x1
 557 0264 2A       		.byte	0x2a
 558 0265 67010000 		.4byte	0x167
 559 0269 01       		.byte	0x1
 560 026a 05       		.byte	0x5
 561 026b 03       		.byte	0x3
 562 026c 00000000 		.4byte	vtlist
ARM GAS  C:\Users\jenny\AppData\Local\Temp\ccA2K00W.s 			page 11


 563 0270 00       		.byte	0
 564              		.section	.debug_abbrev,"",%progbits
 565              	.Ldebug_abbrev0:
 566 0000 01       		.uleb128 0x1
 567 0001 11       		.uleb128 0x11
 568 0002 01       		.byte	0x1
 569 0003 25       		.uleb128 0x25
 570 0004 0E       		.uleb128 0xe
 571 0005 13       		.uleb128 0x13
 572 0006 0B       		.uleb128 0xb
 573 0007 03       		.uleb128 0x3
 574 0008 0E       		.uleb128 0xe
 575 0009 1B       		.uleb128 0x1b
 576 000a 0E       		.uleb128 0xe
 577 000b 55       		.uleb128 0x55
 578 000c 06       		.uleb128 0x6
 579 000d 11       		.uleb128 0x11
 580 000e 01       		.uleb128 0x1
 581 000f 52       		.uleb128 0x52
 582 0010 01       		.uleb128 0x1
 583 0011 10       		.uleb128 0x10
 584 0012 06       		.uleb128 0x6
 585 0013 00       		.byte	0
 586 0014 00       		.byte	0
 587 0015 02       		.uleb128 0x2
 588 0016 24       		.uleb128 0x24
 589 0017 00       		.byte	0
 590 0018 0B       		.uleb128 0xb
 591 0019 0B       		.uleb128 0xb
 592 001a 3E       		.uleb128 0x3e
 593 001b 0B       		.uleb128 0xb
 594 001c 03       		.uleb128 0x3
 595 001d 08       		.uleb128 0x8
 596 001e 00       		.byte	0
 597 001f 00       		.byte	0
 598 0020 03       		.uleb128 0x3
 599 0021 24       		.uleb128 0x24
 600 0022 00       		.byte	0
 601 0023 0B       		.uleb128 0xb
 602 0024 0B       		.uleb128 0xb
 603 0025 3E       		.uleb128 0x3e
 604 0026 0B       		.uleb128 0xb
 605 0027 03       		.uleb128 0x3
 606 0028 0E       		.uleb128 0xe
 607 0029 00       		.byte	0
 608 002a 00       		.byte	0
 609 002b 04       		.uleb128 0x4
 610 002c 16       		.uleb128 0x16
 611 002d 00       		.byte	0
 612 002e 03       		.uleb128 0x3
 613 002f 0E       		.uleb128 0xe
 614 0030 3A       		.uleb128 0x3a
 615 0031 0B       		.uleb128 0xb
 616 0032 3B       		.uleb128 0x3b
 617 0033 0B       		.uleb128 0xb
 618 0034 49       		.uleb128 0x49
 619 0035 13       		.uleb128 0x13
ARM GAS  C:\Users\jenny\AppData\Local\Temp\ccA2K00W.s 			page 12


 620 0036 00       		.byte	0
 621 0037 00       		.byte	0
 622 0038 05       		.uleb128 0x5
 623 0039 0F       		.uleb128 0xf
 624 003a 00       		.byte	0
 625 003b 0B       		.uleb128 0xb
 626 003c 0B       		.uleb128 0xb
 627 003d 00       		.byte	0
 628 003e 00       		.byte	0
 629 003f 06       		.uleb128 0x6
 630 0040 0F       		.uleb128 0xf
 631 0041 00       		.byte	0
 632 0042 0B       		.uleb128 0xb
 633 0043 0B       		.uleb128 0xb
 634 0044 49       		.uleb128 0x49
 635 0045 13       		.uleb128 0x13
 636 0046 00       		.byte	0
 637 0047 00       		.byte	0
 638 0048 07       		.uleb128 0x7
 639 0049 15       		.uleb128 0x15
 640 004a 01       		.byte	0x1
 641 004b 27       		.uleb128 0x27
 642 004c 0C       		.uleb128 0xc
 643 004d 01       		.uleb128 0x1
 644 004e 13       		.uleb128 0x13
 645 004f 00       		.byte	0
 646 0050 00       		.byte	0
 647 0051 08       		.uleb128 0x8
 648 0052 05       		.uleb128 0x5
 649 0053 00       		.byte	0
 650 0054 49       		.uleb128 0x49
 651 0055 13       		.uleb128 0x13
 652 0056 00       		.byte	0
 653 0057 00       		.byte	0
 654 0058 09       		.uleb128 0x9
 655 0059 13       		.uleb128 0x13
 656 005a 01       		.byte	0x1
 657 005b 03       		.uleb128 0x3
 658 005c 0E       		.uleb128 0xe
 659 005d 0B       		.uleb128 0xb
 660 005e 0B       		.uleb128 0xb
 661 005f 3A       		.uleb128 0x3a
 662 0060 0B       		.uleb128 0xb
 663 0061 3B       		.uleb128 0x3b
 664 0062 0B       		.uleb128 0xb
 665 0063 01       		.uleb128 0x1
 666 0064 13       		.uleb128 0x13
 667 0065 00       		.byte	0
 668 0066 00       		.byte	0
 669 0067 0A       		.uleb128 0xa
 670 0068 0D       		.uleb128 0xd
 671 0069 00       		.byte	0
 672 006a 03       		.uleb128 0x3
 673 006b 0E       		.uleb128 0xe
 674 006c 3A       		.uleb128 0x3a
 675 006d 0B       		.uleb128 0xb
 676 006e 3B       		.uleb128 0x3b
ARM GAS  C:\Users\jenny\AppData\Local\Temp\ccA2K00W.s 			page 13


 677 006f 0B       		.uleb128 0xb
 678 0070 49       		.uleb128 0x49
 679 0071 13       		.uleb128 0x13
 680 0072 38       		.uleb128 0x38
 681 0073 0A       		.uleb128 0xa
 682 0074 00       		.byte	0
 683 0075 00       		.byte	0
 684 0076 0B       		.uleb128 0xb
 685 0077 13       		.uleb128 0x13
 686 0078 01       		.byte	0x1
 687 0079 0B       		.uleb128 0xb
 688 007a 0B       		.uleb128 0xb
 689 007b 3A       		.uleb128 0x3a
 690 007c 0B       		.uleb128 0xb
 691 007d 3B       		.uleb128 0x3b
 692 007e 0B       		.uleb128 0xb
 693 007f 01       		.uleb128 0x1
 694 0080 13       		.uleb128 0x13
 695 0081 00       		.byte	0
 696 0082 00       		.byte	0
 697 0083 0C       		.uleb128 0xc
 698 0084 35       		.uleb128 0x35
 699 0085 00       		.byte	0
 700 0086 49       		.uleb128 0x49
 701 0087 13       		.uleb128 0x13
 702 0088 00       		.byte	0
 703 0089 00       		.byte	0
 704 008a 0D       		.uleb128 0xd
 705 008b 2E       		.uleb128 0x2e
 706 008c 00       		.byte	0
 707 008d 3F       		.uleb128 0x3f
 708 008e 0C       		.uleb128 0xc
 709 008f 03       		.uleb128 0x3
 710 0090 0E       		.uleb128 0xe
 711 0091 3A       		.uleb128 0x3a
 712 0092 0B       		.uleb128 0xb
 713 0093 3B       		.uleb128 0x3b
 714 0094 0B       		.uleb128 0xb
 715 0095 27       		.uleb128 0x27
 716 0096 0C       		.uleb128 0xc
 717 0097 11       		.uleb128 0x11
 718 0098 01       		.uleb128 0x1
 719 0099 12       		.uleb128 0x12
 720 009a 01       		.uleb128 0x1
 721 009b 40       		.uleb128 0x40
 722 009c 0A       		.uleb128 0xa
 723 009d 9742     		.uleb128 0x2117
 724 009f 0C       		.uleb128 0xc
 725 00a0 00       		.byte	0
 726 00a1 00       		.byte	0
 727 00a2 0E       		.uleb128 0xe
 728 00a3 2E       		.uleb128 0x2e
 729 00a4 01       		.byte	0x1
 730 00a5 3F       		.uleb128 0x3f
 731 00a6 0C       		.uleb128 0xc
 732 00a7 03       		.uleb128 0x3
 733 00a8 0E       		.uleb128 0xe
ARM GAS  C:\Users\jenny\AppData\Local\Temp\ccA2K00W.s 			page 14


 734 00a9 3A       		.uleb128 0x3a
 735 00aa 0B       		.uleb128 0xb
 736 00ab 3B       		.uleb128 0x3b
 737 00ac 0B       		.uleb128 0xb
 738 00ad 27       		.uleb128 0x27
 739 00ae 0C       		.uleb128 0xc
 740 00af 11       		.uleb128 0x11
 741 00b0 01       		.uleb128 0x1
 742 00b1 12       		.uleb128 0x12
 743 00b2 01       		.uleb128 0x1
 744 00b3 40       		.uleb128 0x40
 745 00b4 06       		.uleb128 0x6
 746 00b5 9742     		.uleb128 0x2117
 747 00b7 0C       		.uleb128 0xc
 748 00b8 01       		.uleb128 0x1
 749 00b9 13       		.uleb128 0x13
 750 00ba 00       		.byte	0
 751 00bb 00       		.byte	0
 752 00bc 0F       		.uleb128 0xf
 753 00bd 05       		.uleb128 0x5
 754 00be 00       		.byte	0
 755 00bf 03       		.uleb128 0x3
 756 00c0 08       		.uleb128 0x8
 757 00c1 3A       		.uleb128 0x3a
 758 00c2 0B       		.uleb128 0xb
 759 00c3 3B       		.uleb128 0x3b
 760 00c4 0B       		.uleb128 0xb
 761 00c5 49       		.uleb128 0x49
 762 00c6 13       		.uleb128 0x13
 763 00c7 02       		.uleb128 0x2
 764 00c8 06       		.uleb128 0x6
 765 00c9 00       		.byte	0
 766 00ca 00       		.byte	0
 767 00cb 10       		.uleb128 0x10
 768 00cc 05       		.uleb128 0x5
 769 00cd 00       		.byte	0
 770 00ce 03       		.uleb128 0x3
 771 00cf 0E       		.uleb128 0xe
 772 00d0 3A       		.uleb128 0x3a
 773 00d1 0B       		.uleb128 0xb
 774 00d2 3B       		.uleb128 0x3b
 775 00d3 0B       		.uleb128 0xb
 776 00d4 49       		.uleb128 0x49
 777 00d5 13       		.uleb128 0x13
 778 00d6 02       		.uleb128 0x2
 779 00d7 06       		.uleb128 0x6
 780 00d8 00       		.byte	0
 781 00d9 00       		.byte	0
 782 00da 11       		.uleb128 0x11
 783 00db 05       		.uleb128 0x5
 784 00dc 00       		.byte	0
 785 00dd 03       		.uleb128 0x3
 786 00de 0E       		.uleb128 0xe
 787 00df 3A       		.uleb128 0x3a
 788 00e0 0B       		.uleb128 0xb
 789 00e1 3B       		.uleb128 0x3b
 790 00e2 0B       		.uleb128 0xb
ARM GAS  C:\Users\jenny\AppData\Local\Temp\ccA2K00W.s 			page 15


 791 00e3 49       		.uleb128 0x49
 792 00e4 13       		.uleb128 0x13
 793 00e5 02       		.uleb128 0x2
 794 00e6 0A       		.uleb128 0xa
 795 00e7 00       		.byte	0
 796 00e8 00       		.byte	0
 797 00e9 12       		.uleb128 0x12
 798 00ea 34       		.uleb128 0x34
 799 00eb 00       		.byte	0
 800 00ec 03       		.uleb128 0x3
 801 00ed 08       		.uleb128 0x8
 802 00ee 3A       		.uleb128 0x3a
 803 00ef 0B       		.uleb128 0xb
 804 00f0 3B       		.uleb128 0x3b
 805 00f1 0B       		.uleb128 0xb
 806 00f2 49       		.uleb128 0x49
 807 00f3 13       		.uleb128 0x13
 808 00f4 02       		.uleb128 0x2
 809 00f5 06       		.uleb128 0x6
 810 00f6 00       		.byte	0
 811 00f7 00       		.byte	0
 812 00f8 13       		.uleb128 0x13
 813 00f9 2E       		.uleb128 0x2e
 814 00fa 01       		.byte	0x1
 815 00fb 3F       		.uleb128 0x3f
 816 00fc 0C       		.uleb128 0xc
 817 00fd 03       		.uleb128 0x3
 818 00fe 0E       		.uleb128 0xe
 819 00ff 3A       		.uleb128 0x3a
 820 0100 0B       		.uleb128 0xb
 821 0101 3B       		.uleb128 0x3b
 822 0102 0B       		.uleb128 0xb
 823 0103 27       		.uleb128 0x27
 824 0104 0C       		.uleb128 0xc
 825 0105 11       		.uleb128 0x11
 826 0106 01       		.uleb128 0x1
 827 0107 12       		.uleb128 0x12
 828 0108 01       		.uleb128 0x1
 829 0109 40       		.uleb128 0x40
 830 010a 0A       		.uleb128 0xa
 831 010b 9742     		.uleb128 0x2117
 832 010d 0C       		.uleb128 0xc
 833 010e 01       		.uleb128 0x1
 834 010f 13       		.uleb128 0x13
 835 0110 00       		.byte	0
 836 0111 00       		.byte	0
 837 0112 14       		.uleb128 0x14
 838 0113 05       		.uleb128 0x5
 839 0114 00       		.byte	0
 840 0115 03       		.uleb128 0x3
 841 0116 08       		.uleb128 0x8
 842 0117 3A       		.uleb128 0x3a
 843 0118 0B       		.uleb128 0xb
 844 0119 3B       		.uleb128 0x3b
 845 011a 0B       		.uleb128 0xb
 846 011b 49       		.uleb128 0x49
 847 011c 13       		.uleb128 0x13
ARM GAS  C:\Users\jenny\AppData\Local\Temp\ccA2K00W.s 			page 16


 848 011d 02       		.uleb128 0x2
 849 011e 0A       		.uleb128 0xa
 850 011f 00       		.byte	0
 851 0120 00       		.byte	0
 852 0121 15       		.uleb128 0x15
 853 0122 2E       		.uleb128 0x2e
 854 0123 01       		.byte	0x1
 855 0124 3F       		.uleb128 0x3f
 856 0125 0C       		.uleb128 0xc
 857 0126 03       		.uleb128 0x3
 858 0127 0E       		.uleb128 0xe
 859 0128 3A       		.uleb128 0x3a
 860 0129 0B       		.uleb128 0xb
 861 012a 3B       		.uleb128 0x3b
 862 012b 0B       		.uleb128 0xb
 863 012c 27       		.uleb128 0x27
 864 012d 0C       		.uleb128 0xc
 865 012e 49       		.uleb128 0x49
 866 012f 13       		.uleb128 0x13
 867 0130 11       		.uleb128 0x11
 868 0131 01       		.uleb128 0x1
 869 0132 12       		.uleb128 0x12
 870 0133 01       		.uleb128 0x1
 871 0134 40       		.uleb128 0x40
 872 0135 0A       		.uleb128 0xa
 873 0136 9742     		.uleb128 0x2117
 874 0138 0C       		.uleb128 0xc
 875 0139 01       		.uleb128 0x1
 876 013a 13       		.uleb128 0x13
 877 013b 00       		.byte	0
 878 013c 00       		.byte	0
 879 013d 16       		.uleb128 0x16
 880 013e 34       		.uleb128 0x34
 881 013f 00       		.byte	0
 882 0140 03       		.uleb128 0x3
 883 0141 0E       		.uleb128 0xe
 884 0142 3A       		.uleb128 0x3a
 885 0143 0B       		.uleb128 0xb
 886 0144 3B       		.uleb128 0x3b
 887 0145 0B       		.uleb128 0xb
 888 0146 49       		.uleb128 0x49
 889 0147 13       		.uleb128 0x13
 890 0148 02       		.uleb128 0x2
 891 0149 0A       		.uleb128 0xa
 892 014a 00       		.byte	0
 893 014b 00       		.byte	0
 894 014c 17       		.uleb128 0x17
 895 014d 34       		.uleb128 0x34
 896 014e 00       		.byte	0
 897 014f 03       		.uleb128 0x3
 898 0150 0E       		.uleb128 0xe
 899 0151 3A       		.uleb128 0x3a
 900 0152 0B       		.uleb128 0xb
 901 0153 3B       		.uleb128 0x3b
 902 0154 0B       		.uleb128 0xb
 903 0155 49       		.uleb128 0x49
 904 0156 13       		.uleb128 0x13
ARM GAS  C:\Users\jenny\AppData\Local\Temp\ccA2K00W.s 			page 17


 905 0157 3F       		.uleb128 0x3f
 906 0158 0C       		.uleb128 0xc
 907 0159 02       		.uleb128 0x2
 908 015a 0A       		.uleb128 0xa
 909 015b 00       		.byte	0
 910 015c 00       		.byte	0
 911 015d 00       		.byte	0
 912              		.section	.debug_loc,"",%progbits
 913              	.Ldebug_loc0:
 914              	.LLST0:
 915 0000 00000000 		.4byte	.LFB8
 916 0004 02000000 		.4byte	.LCFI0
 917 0008 0200     		.2byte	0x2
 918 000a 7D       		.byte	0x7d
 919 000b 00       		.sleb128 0
 920 000c 02000000 		.4byte	.LCFI0
 921 0010 38000000 		.4byte	.LFE8
 922 0014 0200     		.2byte	0x2
 923 0016 7D       		.byte	0x7d
 924 0017 0C       		.sleb128 12
 925 0018 00000000 		.4byte	0
 926 001c 00000000 		.4byte	0
 927              	.LLST1:
 928 0020 00000000 		.4byte	.LVL0
 929 0024 2C000000 		.4byte	.LVL5
 930 0028 0100     		.2byte	0x1
 931 002a 50       		.byte	0x50
 932 002b 2C000000 		.4byte	.LVL5
 933 002f 38000000 		.4byte	.LFE8
 934 0033 0200     		.2byte	0x2
 935 0035 74       		.byte	0x74
 936 0036 04       		.sleb128 4
 937 0037 00000000 		.4byte	0
 938 003b 00000000 		.4byte	0
 939              	.LLST2:
 940 003f 00000000 		.4byte	.LVL0
 941 0043 14000000 		.4byte	.LVL3
 942 0047 0100     		.2byte	0x1
 943 0049 51       		.byte	0x51
 944 004a 14000000 		.4byte	.LVL3
 945 004e 2E000000 		.4byte	.LVL6
 946 0052 0100     		.2byte	0x1
 947 0054 51       		.byte	0x51
 948 0055 2E000000 		.4byte	.LVL6
 949 0059 38000000 		.4byte	.LFE8
 950 005d 0500     		.2byte	0x5
 951 005f 74       		.byte	0x74
 952 0060 04       		.sleb128 4
 953 0061 06       		.byte	0x6
 954 0062 23       		.byte	0x23
 955 0063 08       		.uleb128 0x8
 956 0064 00000000 		.4byte	0
 957 0068 00000000 		.4byte	0
 958              	.LLST3:
 959 006c 00000000 		.4byte	.LVL0
 960 0070 1C000000 		.4byte	.LVL4
 961 0074 0100     		.2byte	0x1
ARM GAS  C:\Users\jenny\AppData\Local\Temp\ccA2K00W.s 			page 18


 962 0076 53       		.byte	0x53
 963 0077 1C000000 		.4byte	.LVL4
 964 007b 2C000000 		.4byte	.LVL5
 965 007f 0200     		.2byte	0x2
 966 0081 70       		.byte	0x70
 967 0082 10       		.sleb128 16
 968 0083 2C000000 		.4byte	.LVL5
 969 0087 38000000 		.4byte	.LFE8
 970 008b 0500     		.2byte	0x5
 971 008d 74       		.byte	0x74
 972 008e 04       		.sleb128 4
 973 008f 06       		.byte	0x6
 974 0090 23       		.byte	0x23
 975 0091 10       		.uleb128 0x10
 976 0092 00000000 		.4byte	0
 977 0096 00000000 		.4byte	0
 978              	.LLST4:
 979 009a 08000000 		.4byte	.LVL1
 980 009e 12000000 		.4byte	.LVL2
 981 00a2 0100     		.2byte	0x1
 982 00a4 54       		.byte	0x54
 983 00a5 14000000 		.4byte	.LVL3
 984 00a9 38000000 		.4byte	.LFE8
 985 00ad 0100     		.2byte	0x1
 986 00af 54       		.byte	0x54
 987 00b0 00000000 		.4byte	0
 988 00b4 00000000 		.4byte	0
 989              	.LLST5:
 990 00b8 00000000 		.4byte	.LVL8
 991 00bc 12000000 		.4byte	.LVL10
 992 00c0 0100     		.2byte	0x1
 993 00c2 50       		.byte	0x50
 994 00c3 12000000 		.4byte	.LVL10
 995 00c7 16000000 		.4byte	.LVL11
 996 00cb 0400     		.2byte	0x4
 997 00cd F3       		.byte	0xf3
 998 00ce 01       		.uleb128 0x1
 999 00cf 50       		.byte	0x50
 1000 00d0 9F       		.byte	0x9f
 1001 00d1 16000000 		.4byte	.LVL11
 1002 00d5 1C000000 		.4byte	.LVL12
 1003 00d9 0100     		.2byte	0x1
 1004 00db 50       		.byte	0x50
 1005 00dc 1C000000 		.4byte	.LVL12
 1006 00e0 1E000000 		.4byte	.LVL13
 1007 00e4 0400     		.2byte	0x4
 1008 00e6 F3       		.byte	0xf3
 1009 00e7 01       		.uleb128 0x1
 1010 00e8 50       		.byte	0x50
 1011 00e9 9F       		.byte	0x9f
 1012 00ea 1E000000 		.4byte	.LVL13
 1013 00ee 20000000 		.4byte	.LVL14
 1014 00f2 0100     		.2byte	0x1
 1015 00f4 50       		.byte	0x50
 1016 00f5 20000000 		.4byte	.LVL14
 1017 00f9 28000000 		.4byte	.LFE10
 1018 00fd 0400     		.2byte	0x4
ARM GAS  C:\Users\jenny\AppData\Local\Temp\ccA2K00W.s 			page 19


 1019 00ff F3       		.byte	0xf3
 1020 0100 01       		.uleb128 0x1
 1021 0101 50       		.byte	0x50
 1022 0102 9F       		.byte	0x9f
 1023 0103 00000000 		.4byte	0
 1024 0107 00000000 		.4byte	0
 1025              		.section	.debug_aranges,"",%progbits
 1026 0000 34000000 		.4byte	0x34
 1027 0004 0200     		.2byte	0x2
 1028 0006 00000000 		.4byte	.Ldebug_info0
 1029 000a 04       		.byte	0x4
 1030 000b 00       		.byte	0
 1031 000c 0000     		.2byte	0
 1032 000e 0000     		.2byte	0
 1033 0010 00000000 		.4byte	.LFB7
 1034 0014 18000000 		.4byte	.LFE7-.LFB7
 1035 0018 00000000 		.4byte	.LFB8
 1036 001c 38000000 		.4byte	.LFE8-.LFB8
 1037 0020 00000000 		.4byte	.LFB9
 1038 0024 24000000 		.4byte	.LFE9-.LFB9
 1039 0028 00000000 		.4byte	.LFB10
 1040 002c 28000000 		.4byte	.LFE10-.LFB10
 1041 0030 00000000 		.4byte	0
 1042 0034 00000000 		.4byte	0
 1043              		.section	.debug_ranges,"",%progbits
 1044              	.Ldebug_ranges0:
 1045 0000 00000000 		.4byte	.LFB7
 1046 0004 18000000 		.4byte	.LFE7
 1047 0008 00000000 		.4byte	.LFB8
 1048 000c 38000000 		.4byte	.LFE8
 1049 0010 00000000 		.4byte	.LFB9
 1050 0014 24000000 		.4byte	.LFE9
 1051 0018 00000000 		.4byte	.LFB10
 1052 001c 28000000 		.4byte	.LFE10
 1053 0020 00000000 		.4byte	0
 1054 0024 00000000 		.4byte	0
 1055              		.section	.debug_line,"",%progbits
 1056              	.Ldebug_line0:
 1057 0000 54010000 		.section	.debug_str,"MS",%progbits,1
 1057      0200DB00 
 1057      00000201 
 1057      FB0E0D00 
 1057      01010101 
 1058              	.LASF26:
 1059 0000 63685654 		.ascii	"chVTSetI\000"
 1059      53657449 
 1059      00
 1060              	.LASF12:
 1061 0009 73797374 		.ascii	"systime_t\000"
 1061      696D655F 
 1061      7400
 1062              	.LASF28:
 1063 0013 73746172 		.ascii	"start\000"
 1063      7400
 1064              	.LASF10:
 1065 0019 626F6F6C 		.ascii	"bool_t\000"
 1065      5F7400
ARM GAS  C:\Users\jenny\AppData\Local\Temp\ccA2K00W.s 			page 20


 1066              	.LASF31:
 1067 0020 443A5C6A 		.ascii	"D:\\jenny\\dev\\probe\\chibios\\chibios.workspace\\"
 1067      656E6E79 
 1067      5C646576 
 1067      5C70726F 
 1067      62655C63 
 1068 004d 64656D6F 		.ascii	"demos\\ARMCM4-STM32F407-LWIP-FATFS-USB\000"
 1068      735C4152 
 1068      4D434D34 
 1068      2D53544D 
 1068      33324634 
 1069              	.LASF14:
 1070 0073 76746675 		.ascii	"vtfunc_t\000"
 1070      6E635F74 
 1070      00
 1071              	.LASF6:
 1072 007c 6C6F6E67 		.ascii	"long unsigned int\000"
 1072      20756E73 
 1072      69676E65 
 1072      6420696E 
 1072      7400
 1073              	.LASF4:
 1074 008e 73686F72 		.ascii	"short unsigned int\000"
 1074      7420756E 
 1074      7369676E 
 1074      65642069 
 1074      6E7400
 1075              	.LASF15:
 1076 00a1 56697274 		.ascii	"VirtualTimer\000"
 1076      75616C54 
 1076      696D6572 
 1076      00
 1077              	.LASF29:
 1078 00ae 474E5520 		.ascii	"GNU C 4.7.4 20130913 (release) [ARM/embedded-4_7-br"
 1078      4320342E 
 1078      372E3420 
 1078      32303133 
 1078      30393133 
 1079 00e1 616E6368 		.ascii	"anch revision 202601]\000"
 1079      20726576 
 1079      6973696F 
 1079      6E203230 
 1079      32363031 
 1080              	.LASF2:
 1081 00f7 756E7369 		.ascii	"unsigned char\000"
 1081      676E6564 
 1081      20636861 
 1081      7200
 1082              	.LASF32:
 1083 0105 5F76745F 		.ascii	"_vt_init\000"
 1083      696E6974 
 1083      00
 1084              	.LASF0:
 1085 010e 756E7369 		.ascii	"unsigned int\000"
 1085      676E6564 
 1085      20696E74 
 1085      00
ARM GAS  C:\Users\jenny\AppData\Local\Temp\ccA2K00W.s 			page 21


 1086              	.LASF8:
 1087 011b 6C6F6E67 		.ascii	"long long unsigned int\000"
 1087      206C6F6E 
 1087      6720756E 
 1087      7369676E 
 1087      65642069 
 1088              	.LASF34:
 1089 0132 76746C69 		.ascii	"vtlist\000"
 1089      737400
 1090              	.LASF24:
 1091 0139 74696D65 		.ascii	"time\000"
 1091      00
 1092              	.LASF18:
 1093 013e 76745F74 		.ascii	"vt_time\000"
 1093      696D6500 
 1094              	.LASF13:
 1095 0146 73697A65 		.ascii	"sizetype\000"
 1095      74797065 
 1095      00
 1096              	.LASF21:
 1097 014f 76745F73 		.ascii	"vt_systime\000"
 1097      79737469 
 1097      6D6500
 1098              	.LASF30:
 1099 015a 2E2E2F2E 		.ascii	"../../os/kernel/src/chvt.c\000"
 1099      2E2F6F73 
 1099      2F6B6572 
 1099      6E656C2F 
 1099      7372632F 
 1100              	.LASF7:
 1101 0175 6C6F6E67 		.ascii	"long long int\000"
 1101      206C6F6E 
 1101      6720696E 
 1101      7400
 1102              	.LASF19:
 1103 0183 76745F66 		.ascii	"vt_func\000"
 1103      756E6300 
 1104              	.LASF25:
 1105 018b 76746675 		.ascii	"vtfunc\000"
 1105      6E6300
 1106              	.LASF23:
 1107 0192 63686172 		.ascii	"char\000"
 1107      00
 1108              	.LASF20:
 1109 0197 76745F70 		.ascii	"vt_par\000"
 1109      617200
 1110              	.LASF3:
 1111 019e 73686F72 		.ascii	"short int\000"
 1111      7420696E 
 1111      7400
 1112              	.LASF33:
 1113 01a8 63685469 		.ascii	"chTimeIsWithin\000"
 1113      6D654973 
 1113      57697468 
 1113      696E00
 1114              	.LASF17:
 1115 01b7 76745F70 		.ascii	"vt_prev\000"
ARM GAS  C:\Users\jenny\AppData\Local\Temp\ccA2K00W.s 			page 22


 1115      72657600 
 1116              	.LASF9:
 1117 01bf 75696E74 		.ascii	"uint32_t\000"
 1117      33325F74 
 1117      00
 1118              	.LASF5:
 1119 01c8 6C6F6E67 		.ascii	"long int\000"
 1119      20696E74 
 1119      00
 1120              	.LASF1:
 1121 01d1 7369676E 		.ascii	"signed char\000"
 1121      65642063 
 1121      68617200 
 1122              	.LASF22:
 1123 01dd 56544C69 		.ascii	"VTList\000"
 1123      737400
 1124              	.LASF16:
 1125 01e4 76745F6E 		.ascii	"vt_next\000"
 1125      65787400 
 1126              	.LASF27:
 1127 01ec 63685654 		.ascii	"chVTResetI\000"
 1127      52657365 
 1127      744900
 1128              	.LASF11:
 1129 01f7 5F426F6F 		.ascii	"_Bool\000"
 1129      6C00
 1130              		.ident	"GCC: (GNU Tools for ARM Embedded Processors) 4.7.4 20130913 (release) [ARM/embedded-4_7-br
ARM GAS  C:\Users\jenny\AppData\Local\Temp\ccA2K00W.s 			page 23


DEFINED SYMBOLS
                            *ABS*:00000000 chvt.c
C:\Users\jenny\AppData\Local\Temp\ccA2K00W.s:20     .text._vt_init:00000000 $t
C:\Users\jenny\AppData\Local\Temp\ccA2K00W.s:26     .text._vt_init:00000000 _vt_init
C:\Users\jenny\AppData\Local\Temp\ccA2K00W.s:235    .bss.vtlist:00000000 .LANCHOR0
C:\Users\jenny\AppData\Local\Temp\ccA2K00W.s:53     .text.chVTSetI:00000000 $t
C:\Users\jenny\AppData\Local\Temp\ccA2K00W.s:59     .text.chVTSetI:00000000 chVTSetI
C:\Users\jenny\AppData\Local\Temp\ccA2K00W.s:126    .text.chVTSetI:00000034 $d
C:\Users\jenny\AppData\Local\Temp\ccA2K00W.s:131    .text.chVTResetI:00000000 $t
C:\Users\jenny\AppData\Local\Temp\ccA2K00W.s:137    .text.chVTResetI:00000000 chVTResetI
C:\Users\jenny\AppData\Local\Temp\ccA2K00W.s:171    .text.chVTResetI:00000020 $d
C:\Users\jenny\AppData\Local\Temp\ccA2K00W.s:176    .text.chTimeIsWithin:00000000 $t
C:\Users\jenny\AppData\Local\Temp\ccA2K00W.s:182    .text.chTimeIsWithin:00000000 chTimeIsWithin
C:\Users\jenny\AppData\Local\Temp\ccA2K00W.s:228    .text.chTimeIsWithin:00000024 $d
C:\Users\jenny\AppData\Local\Temp\ccA2K00W.s:238    .bss.vtlist:00000000 vtlist
C:\Users\jenny\AppData\Local\Temp\ccA2K00W.s:234    .bss.vtlist:00000000 $d
                     .debug_frame:00000010 $d
C:\Users\jenny\AppData\Local\Temp\ccA2K00W.s:130    .text.chVTSetI:00000038 $t
C:\Users\jenny\AppData\Local\Temp\ccA2K00W.s:175    .text.chVTResetI:00000024 $t
C:\Users\jenny\AppData\Local\Temp\ccA2K00W.s:233    .text.chTimeIsWithin:00000028 $t

NO UNDEFINED SYMBOLS
