ARM GAS  C:\Users\jenny\AppData\Local\Temp\ccCjcmPs.s 			page 1


   1              		.syntax unified
   2              		.cpu cortex-m4
   3              		.eabi_attribute 27, 3
   4              		.fpu fpv4-sp-d16
   5              		.eabi_attribute 20, 1
   6              		.eabi_attribute 21, 1
   7              		.eabi_attribute 23, 3
   8              		.eabi_attribute 24, 1
   9              		.eabi_attribute 25, 1
  10              		.eabi_attribute 26, 1
  11              		.eabi_attribute 30, 2
  12              		.eabi_attribute 34, 1
  13              		.eabi_attribute 18, 4
  14              		.thumb
  15              		.file	"crt0.c"
  16              		.text
  17              	.Ltext0:
  18              		.cfi_sections	.debug_frame
  19              		.section	.text.__early_init,"ax",%progbits
  20              		.align	2
  21              		.p2align 4,,15
  22              		.weak	__early_init
  23              		.thumb
  24              		.thumb_func
  25              		.type	__early_init, %function
  26              	__early_init:
  27              	.LFB0:
  28              		.file 1 "../../os/ports/GCC/ARMCMx/crt0.c"
  29              		.loc 1 234 0
  30              		.cfi_startproc
  31              		@ args = 0, pretend = 0, frame = 0
  32              		@ frame_needed = 0, uses_anonymous_args = 0
  33              		@ link register save eliminated.
  34 0000 7047     		bx	lr
  35              		.cfi_endproc
  36              	.LFE0:
  37              		.size	__early_init, .-__early_init
  38 0002 00BFAFF3 		.section	.text.__late_init,"ax",%progbits
  38      0080AFF3 
  38      0080AFF3 
  38      0080
  39              		.align	2
  40              		.p2align 4,,15
  41              		.weak	__late_init
  42              		.thumb
  43              		.thumb_func
  44              		.type	__late_init, %function
  45              	__late_init:
  46              	.LFB1:
  47              		.loc 1 246 0
  48              		.cfi_startproc
  49              		@ args = 0, pretend = 0, frame = 0
  50              		@ frame_needed = 0, uses_anonymous_args = 0
  51              		@ link register save eliminated.
  52 0000 7047     		bx	lr
  53              		.cfi_endproc
  54              	.LFE1:
ARM GAS  C:\Users\jenny\AppData\Local\Temp\ccCjcmPs.s 			page 2


  55              		.size	__late_init, .-__late_init
  56 0002 00BFAFF3 		.section	.text._default_exit,"ax",%progbits
  56      0080AFF3 
  56      0080AFF3 
  56      0080
  57              		.align	2
  58              		.p2align 4,,15
  59              		.weak	_default_exit
  60              		.thumb
  61              		.thumb_func
  62              		.type	_default_exit, %function
  63              	_default_exit:
  64              	.LFB2:
  65              		.loc 1 257 0
  66              		.cfi_startproc
  67              		@ Naked Function: prologue and epilogue provided by programmer.
  68              		@ args = 0, pretend = 0, frame = 0
  69              		@ frame_needed = 0, uses_anonymous_args = 0
  70              	.L4:
  71 0000 FEE7     		b	.L4
  72              		.cfi_endproc
  73              	.LFE2:
  74              		.size	_default_exit, .-_default_exit
  75 0002 00BFAFF3 		.section	.text.ResetHandler,"ax",%progbits
  75      0080AFF3 
  75      0080AFF3 
  75      0080
  76              		.align	2
  77              		.p2align 4,,15
  78              		.global	ResetHandler
  79              		.thumb
  80              		.thumb_func
  81              		.type	ResetHandler, %function
  82              	ResetHandler:
  83              	.LFB3:
  84              		.loc 1 268 0
  85              		.cfi_startproc
  86              		@ Naked Function: prologue and epilogue provided by programmer.
  87              		@ args = 0, pretend = 0, frame = 0
  88              		@ frame_needed = 0, uses_anonymous_args = 0
  89              		.loc 1 274 0
  90              	@ 274 "../../os/ports/GCC/ARMCMx/crt0.c" 1
  91 0000 72B6     		cpsid   i
  92              	@ 0 "" 2
  93              		.loc 1 275 0
  94              		.thumb
  95 0002 704C     		ldr	r4, .L68
  96              	.LVL0:
  97              		.loc 1 276 0
  98              	@ 276 "../../os/ports/GCC/ARMCMx/crt0.c" 1
  99 0004 84F30988 		msr     PSP, r4
 100              	@ 0 "" 2
 101              		.loc 1 280 0
 102              		.thumb
 103 0008 4EF63472 		movw	r2, #61236
 104 000c CEF20002 		movt	r2, 57344
 105              		.loc 1 283 0
ARM GAS  C:\Users\jenny\AppData\Local\Temp\ccCjcmPs.s 			page 3


 106 0010 4EF68853 		movw	r3, #60808
 107 0014 CEF20003 		movt	r3, 57344
 108              		.loc 1 280 0
 109 0018 4FF04041 		mov	r1, #-1073741824
 110 001c 1160     		str	r1, [r2, #0]
 111              		.loc 1 283 0
 112 001e 1868     		ldr	r0, [r3, #0]
 113 0020 40F47005 		orr	r5, r0, #15728640
 114 0024 1D60     		str	r5, [r3, #0]
 115              	.LVL1:
 116              		.loc 1 287 0
 117 0026 0022     		movs	r2, #0
 118              	@ 287 "../../os/ports/GCC/ARMCMx/crt0.c" 1
 119 0028 E1EE102A 		vmsr    FPSCR, r2
 120              	@ 0 "" 2
 121              		.loc 1 288 0
 122              		.thumb
 123 002c 4EF63C73 		movw	r3, #61244
 124 0030 CEF20003 		movt	r3, 57344
 125              		.loc 1 296 0
 126 0034 0621     		movs	r1, #6
 127              		.loc 1 288 0
 128 0036 1A60     		str	r2, [r3, #0]
 129              	.LVL2:
 130              		.loc 1 296 0
 131              	@ 296 "../../os/ports/GCC/ARMCMx/crt0.c" 1
 132 0038 81F31488 		msr     CONTROL, r1
 133              	@ 0 "" 2
 134              		.loc 1 297 0
 135              	@ 297 "../../os/ports/GCC/ARMCMx/crt0.c" 1
 136 003c BFF36F8F 		isb
 137              	@ 0 "" 2
 138              	.LVL3:
 139              		.thumb
 140              	.LBB2:
 141              		.loc 1 301 0
 142 0040 6148     		ldr	r0, .L68+4
 143 0042 624D     		ldr	r5, .L68+8
 144 0044 A842     		cmp	r0, r5
 145 0046 18D2     		bcs	.L10
 146              	.LBE2:
 147              	.LBB3:
 148              		.loc 1 268 0
 149 0048 EA1C     		adds	r2, r5, #3
 150 004a 051D     		adds	r5, r0, #4
 151 004c 531B     		subs	r3, r2, r5
 152 004e 23F00302 		bic	r2, r3, #3
 153 0052 0346     		mov	r3, r0
 154 0054 1018     		adds	r0, r2, r0
 155              	.LBE3:
 156              	.LBB4:
 157              		.loc 1 301 0
 158 0056 4FF05531 		mov	r1, #1431655765
 159 005a 8342     		cmp	r3, r0
 160 005c 1960     		str	r1, [r3, #0]
 161              	.LVL4:
 162 005e C2F38002 		ubfx	r2, r2, #2, #1
ARM GAS  C:\Users\jenny\AppData\Local\Temp\ccCjcmPs.s 			page 4


 163 0062 0AD0     		beq	.L10
 164 0064 1AB1     		cbz	r2, .L9
 165 0066 8542     		cmp	r5, r0
 166 0068 2B46     		mov	r3, r5
 167 006a 2960     		str	r1, [r5, #0]
 168 006c 05D0     		beq	.L10
 169              	.L9:
 170 006e 1D1D     		adds	r5, r3, #4
 171              		.loc 1 301 0 is_stmt 0 discriminator 2
 172 0070 5960     		str	r1, [r3, #4]
 173 0072 0833     		adds	r3, r3, #8
 174 0074 8342     		cmp	r3, r0
 175 0076 6960     		str	r1, [r5, #4]
 176 0078 F9D1     		bne	.L9
 177              	.L10:
 178              	.LVL5:
 179              	.LBE4:
 180              	.LBB5:
 181              		.loc 1 304 0 is_stmt 1
 182 007a 5548     		ldr	r0, .L68+12
 183 007c A042     		cmp	r0, r4
 184 007e 18D2     		bcs	.L8
 185              	.LBE5:
 186              	.LBB6:
 187              		.loc 1 268 0
 188 0080 5449     		ldr	r1, .L68+16
 189 0082 041D     		adds	r4, r0, #4
 190 0084 0A1B     		subs	r2, r1, r4
 191 0086 22F00305 		bic	r5, r2, #3
 192 008a 0346     		mov	r3, r0
 193 008c 2818     		adds	r0, r5, r0
 194              	.LBE6:
 195              	.LBB7:
 196              		.loc 1 304 0
 197 008e 4FF05531 		mov	r1, #1431655765
 198 0092 8342     		cmp	r3, r0
 199 0094 1960     		str	r1, [r3, #0]
 200              	.LVL6:
 201 0096 C5F38002 		ubfx	r2, r5, #2, #1
 202 009a 0AD0     		beq	.L8
 203 009c 1AB1     		cbz	r2, .L13
 204 009e 8442     		cmp	r4, r0
 205 00a0 2346     		mov	r3, r4
 206 00a2 2160     		str	r1, [r4, #0]
 207 00a4 05D0     		beq	.L8
 208              	.L13:
 209 00a6 1D1D     		adds	r5, r3, #4
 210              		.loc 1 304 0 is_stmt 0 discriminator 2
 211 00a8 5960     		str	r1, [r3, #4]
 212 00aa 0833     		adds	r3, r3, #8
 213 00ac 8342     		cmp	r3, r0
 214 00ae 6960     		str	r1, [r5, #4]
 215 00b0 F9D1     		bne	.L13
 216              	.L8:
 217              	.LBE7:
 218              		.loc 1 310 0 is_stmt 1
 219 00b2 FFF7FEFF 		bl	__early_init
ARM GAS  C:\Users\jenny\AppData\Local\Temp\ccCjcmPs.s 			page 5


 220              	.LVL7:
 221              	.LBB8:
 222              		.loc 1 319 0
 223 00b6 4849     		ldr	r1, .L68+20
 224 00b8 4848     		ldr	r0, .L68+24
 225 00ba 8142     		cmp	r1, r0
 226 00bc 1BD2     		bcs	.L12
 227              	.LBE8:
 228              	.LBB9:
 229              		.loc 1 268 0
 230 00be C61C     		adds	r6, r0, #3
 231 00c0 0C1D     		adds	r4, r1, #4
 232 00c2 321B     		subs	r2, r6, r4
 233 00c4 4648     		ldr	r0, .L68+28
 234 00c6 22F00302 		bic	r2, r2, #3
 235 00ca 161D     		adds	r6, r2, #4
 236              	.LBE9:
 237              	.LBB10:
 238              		.loc 1 320 0
 239 00cc 0568     		ldr	r5, [r0, #0]
 240 00ce 0423     		movs	r3, #4
 241              		.loc 1 319 0
 242 00d0 B342     		cmp	r3, r6
 243              		.loc 1 320 0
 244 00d2 0D60     		str	r5, [r1, #0]
 245              	.LVL8:
 246 00d4 C2F38002 		ubfx	r2, r2, #2, #1
 247              		.loc 1 319 0
 248 00d8 0DD0     		beq	.L12
 249 00da 22B1     		cbz	r2, .L16
 250              		.loc 1 320 0
 251 00dc 4568     		ldr	r5, [r0, #4]
 252 00de 0823     		movs	r3, #8
 253              		.loc 1 319 0
 254 00e0 B342     		cmp	r3, r6
 255              		.loc 1 320 0
 256 00e2 2560     		str	r5, [r4, #0]
 257              		.loc 1 319 0
 258 00e4 07D0     		beq	.L12
 259              	.L16:
 260 00e6 1A1D     		adds	r2, r3, #4
 261              		.loc 1 320 0
 262 00e8 1D58     		ldr	r5, [r3, r0]
 263 00ea 8458     		ldr	r4, [r0, r2]
 264 00ec 5D50     		str	r5, [r3, r1]
 265 00ee 0833     		adds	r3, r3, #8
 266              		.loc 1 319 0
 267 00f0 B342     		cmp	r3, r6
 268              		.loc 1 320 0
 269 00f2 8C50     		str	r4, [r1, r2]
 270              		.loc 1 319 0
 271 00f4 F7D1     		bne	.L16
 272              	.L12:
 273              	.LVL9:
 274              	.LBE10:
 275              	.LBB11:
 276              		.loc 1 326 0
ARM GAS  C:\Users\jenny\AppData\Local\Temp\ccCjcmPs.s 			page 6


 277 00f6 3B48     		ldr	r0, .L68+32
 278 00f8 3B49     		ldr	r1, .L68+36
 279 00fa 8842     		cmp	r0, r1
 280 00fc 17D2     		bcs	.L15
 281              	.LBE11:
 282              	.LBB12:
 283              		.loc 1 268 0
 284 00fe CB1C     		adds	r3, r1, #3
 285 0100 041D     		adds	r4, r0, #4
 286 0102 1A1B     		subs	r2, r3, r4
 287 0104 22F00305 		bic	r5, r2, #3
 288 0108 0346     		mov	r3, r0
 289 010a 2818     		adds	r0, r5, r0
 290              	.LBE12:
 291              	.LBB13:
 292              		.loc 1 326 0
 293 010c 0021     		movs	r1, #0
 294 010e 8342     		cmp	r3, r0
 295 0110 1960     		str	r1, [r3, #0]
 296              	.LVL10:
 297 0112 C5F38002 		ubfx	r2, r5, #2, #1
 298 0116 0AD0     		beq	.L15
 299 0118 1AB1     		cbz	r2, .L19
 300 011a 8442     		cmp	r4, r0
 301 011c 2346     		mov	r3, r4
 302 011e 2160     		str	r1, [r4, #0]
 303 0120 05D0     		beq	.L15
 304              	.L19:
 305 0122 1D1D     		adds	r5, r3, #4
 306              		.loc 1 326 0 is_stmt 0 discriminator 2
 307 0124 5960     		str	r1, [r3, #4]
 308 0126 0833     		adds	r3, r3, #8
 309 0128 8342     		cmp	r3, r0
 310 012a 6960     		str	r1, [r5, #4]
 311 012c F9D1     		bne	.L19
 312              	.L15:
 313              	.LBE13:
 314              		.loc 1 330 0 is_stmt 1
 315 012e FFF7FEFF 		bl	__late_init
 316              	.LVL11:
 317              	.LBB14:
 318              		.loc 1 336 0
 319 0132 2E4D     		ldr	r5, .L68+40
 320 0134 2E49     		ldr	r1, .L68+44
 321 0136 8D42     		cmp	r5, r1
 322 0138 1DD2     		bcs	.L18
 323              	.LBE14:
 324              	.LBB15:
 325              		.loc 1 268 0
 326 013a CC1C     		adds	r4, r1, #3
 327 013c 2E1D     		adds	r6, r5, #4
 328 013e A71B     		subs	r7, r4, r6
 329 0140 B808     		lsrs	r0, r7, #2
 330 0142 471C     		adds	r7, r0, #1
 331 0144 0124     		movs	r4, #1
 332              	.LBE15:
 333              	.LBB16:
ARM GAS  C:\Users\jenny\AppData\Local\Temp\ccCjcmPs.s 			page 7


 334              		.loc 1 337 0
 335 0146 2A68     		ldr	r2, [r5, #0]
 336 0148 00EA0408 		and	r8, r0, r4
 337 014c 9047     		blx	r2
 338              	.LVL12:
 339              		.loc 1 336 0
 340 014e BC42     		cmp	r4, r7
 341 0150 11D0     		beq	.L18
 342 0152 B8F1000F 		cmp	r8, #0
 343 0156 05D0     		beq	.L22
 344 0158 0224     		movs	r4, #2
 345              		.loc 1 337 0
 346 015a 3368     		ldr	r3, [r6, #0]
 347 015c 9847     		blx	r3
 348              	.LVL13:
 349              		.loc 1 336 0
 350 015e BC42     		cmp	r4, r7
 351 0160 3546     		mov	r5, r6
 352 0162 08D0     		beq	.L18
 353              	.L22:
 354              		.loc 1 337 0
 355 0164 6968     		ldr	r1, [r5, #4]
 356 0166 8847     		blx	r1
 357              	.LVL14:
 358 0168 0234     		adds	r4, r4, #2
 359 016a A868     		ldr	r0, [r5, #8]
 360 016c 2E1D     		adds	r6, r5, #4
 361 016e 8047     		blx	r0
 362              	.LVL15:
 363 0170 0835     		adds	r5, r5, #8
 364              		.loc 1 336 0
 365 0172 BC42     		cmp	r4, r7
 366 0174 F6D1     		bne	.L22
 367              	.L18:
 368              	.LBE16:
 369              		.loc 1 344 0
 370 0176 FFF7FEFF 		bl	main
 371              	.LVL16:
 372              	.LBB17:
 373              		.loc 1 350 0
 374 017a 1E4D     		ldr	r5, .L68+48
 375 017c 1E4A     		ldr	r2, .L68+52
 376 017e 9542     		cmp	r5, r2
 377 0180 1DD2     		bcs	.L21
 378              	.LBE17:
 379              		.loc 1 268 0
 380 0182 D41C     		adds	r4, r2, #3
 381 0184 2E1D     		adds	r6, r5, #4
 382 0186 A71B     		subs	r7, r4, r6
 383 0188 BB08     		lsrs	r3, r7, #2
 384 018a 5F1C     		adds	r7, r3, #1
 385 018c 0124     		movs	r4, #1
 386              	.LBB18:
 387              		.loc 1 351 0
 388 018e 2968     		ldr	r1, [r5, #0]
 389 0190 03EA0408 		and	r8, r3, r4
 390 0194 8847     		blx	r1
ARM GAS  C:\Users\jenny\AppData\Local\Temp\ccCjcmPs.s 			page 8


 391              	.LVL17:
 392              		.loc 1 350 0
 393 0196 BC42     		cmp	r4, r7
 394 0198 11D0     		beq	.L21
 395 019a B8F1000F 		cmp	r8, #0
 396 019e 05D0     		beq	.L23
 397 01a0 0224     		movs	r4, #2
 398              		.loc 1 351 0
 399 01a2 3068     		ldr	r0, [r6, #0]
 400 01a4 8047     		blx	r0
 401              	.LVL18:
 402              		.loc 1 350 0
 403 01a6 BC42     		cmp	r4, r7
 404 01a8 3546     		mov	r5, r6
 405 01aa 08D0     		beq	.L21
 406              	.L23:
 407              		.loc 1 351 0
 408 01ac 6A68     		ldr	r2, [r5, #4]
 409 01ae 9047     		blx	r2
 410              	.LVL19:
 411 01b0 0234     		adds	r4, r4, #2
 412 01b2 AB68     		ldr	r3, [r5, #8]
 413 01b4 2E1D     		adds	r6, r5, #4
 414 01b6 9847     		blx	r3
 415              	.LVL20:
 416 01b8 0835     		adds	r5, r5, #8
 417              		.loc 1 350 0
 418 01ba BC42     		cmp	r4, r7
 419 01bc F6D1     		bne	.L23
 420              	.L21:
 421              	.LBE18:
 422              		.loc 1 358 0
 423 01be FFF7FEFF 		bl	_default_exit
 424              	.LVL21:
 425              		.loc 1 359 0
 426              	.L69:
 427 01c2 00BF     		.align	2
 428              	.L68:
 429 01c4 00000000 		.word	__process_stack_end__
 430 01c8 00000000 		.word	__main_stack_base__
 431 01cc 00000000 		.word	__main_stack_end__
 432 01d0 00000000 		.word	__process_stack_base__
 433 01d4 03000000 		.word	__process_stack_end__+3
 434 01d8 00000000 		.word	_data
 435 01dc 00000000 		.word	_edata
 436 01e0 00000000 		.word	_textdata
 437 01e4 00000000 		.word	_bss_start
 438 01e8 00000000 		.word	_bss_end
 439 01ec 00000000 		.word	__init_array_start
 440 01f0 00000000 		.word	__init_array_end
 441 01f4 00000000 		.word	__fini_array_start
 442 01f8 00000000 		.word	__fini_array_end
 443              		.cfi_endproc
 444              	.LFE3:
 445              		.size	ResetHandler, .-ResetHandler
 446 01fc AFF30080 		.text
 447              	.Letext0:
ARM GAS  C:\Users\jenny\AppData\Local\Temp\ccCjcmPs.s 			page 9


 448              		.file 2 "c:\\fbin\\yagarto\\bin\\../lib/gcc/arm-none-eabi/4.7.4/../../../../arm-none-eabi/include/
 449              		.section	.debug_info,"",%progbits
 450              	.Ldebug_info0:
 451 0000 A8020000 		.4byte	0x2a8
 452 0004 0200     		.2byte	0x2
 453 0006 00000000 		.4byte	.Ldebug_abbrev0
 454 000a 04       		.byte	0x4
 455 000b 01       		.uleb128 0x1
 456 000c D5000000 		.4byte	.LASF29
 457 0010 01       		.byte	0x1
 458 0011 78000000 		.4byte	.LASF30
 459 0015 35010000 		.4byte	.LASF31
 460 0019 B8000000 		.4byte	.Ldebug_ranges0+0xb8
 461 001d 00000000 		.4byte	0
 462 0021 00000000 		.4byte	0
 463 0025 00000000 		.4byte	.Ldebug_line0
 464 0029 02       		.uleb128 0x2
 465 002a 01       		.byte	0x1
 466 002b 06       		.byte	0x6
 467 002c 1B020000 		.4byte	.LASF0
 468 0030 03       		.uleb128 0x3
 469 0031 9F010000 		.4byte	.LASF5
 470 0035 02       		.byte	0x2
 471 0036 2A       		.byte	0x2a
 472 0037 3B000000 		.4byte	0x3b
 473 003b 02       		.uleb128 0x2
 474 003c 01       		.byte	0x1
 475 003d 08       		.byte	0x8
 476 003e 5E000000 		.4byte	.LASF1
 477 0042 02       		.uleb128 0x2
 478 0043 02       		.byte	0x2
 479 0044 05       		.byte	0x5
 480 0045 F1010000 		.4byte	.LASF2
 481 0049 02       		.uleb128 0x2
 482 004a 02       		.byte	0x2
 483 004b 07       		.byte	0x7
 484 004c A6000000 		.4byte	.LASF3
 485 0050 02       		.uleb128 0x2
 486 0051 04       		.byte	0x4
 487 0052 05       		.byte	0x5
 488 0053 0C020000 		.4byte	.LASF4
 489 0057 03       		.uleb128 0x3
 490 0058 03020000 		.4byte	.LASF6
 491 005c 02       		.byte	0x2
 492 005d 50       		.byte	0x50
 493 005e 62000000 		.4byte	0x62
 494 0062 02       		.uleb128 0x2
 495 0063 04       		.byte	0x4
 496 0064 07       		.byte	0x7
 497 0065 1E010000 		.4byte	.LASF7
 498 0069 02       		.uleb128 0x2
 499 006a 08       		.byte	0x8
 500 006b 05       		.byte	0x5
 501 006c BE010000 		.4byte	.LASF8
 502 0070 02       		.uleb128 0x2
 503 0071 08       		.byte	0x8
 504 0072 07       		.byte	0x7
ARM GAS  C:\Users\jenny\AppData\Local\Temp\ccCjcmPs.s 			page 10


 505 0073 88010000 		.4byte	.LASF9
 506 0077 04       		.uleb128 0x4
 507 0078 04       		.byte	0x4
 508 0079 05       		.byte	0x5
 509 007a 696E7400 		.ascii	"int\000"
 510 007e 02       		.uleb128 0x2
 511 007f 04       		.byte	0x4
 512 0080 07       		.byte	0x7
 513 0081 51000000 		.4byte	.LASF10
 514 0085 03       		.uleb128 0x3
 515 0086 FB010000 		.4byte	.LASF11
 516 008a 01       		.byte	0x1
 517 008b 34       		.byte	0x34
 518 008c 90000000 		.4byte	0x90
 519 0090 05       		.uleb128 0x5
 520 0091 04       		.byte	0x4
 521 0092 96000000 		.4byte	0x96
 522 0096 06       		.uleb128 0x6
 523 0097 01       		.byte	0x1
 524 0098 03       		.uleb128 0x3
 525 0099 3A000000 		.4byte	.LASF12
 526 009d 01       		.byte	0x1
 527 009e 35       		.byte	0x35
 528 009f A3000000 		.4byte	0xa3
 529 00a3 05       		.uleb128 0x5
 530 00a4 04       		.byte	0x4
 531 00a5 85000000 		.4byte	0x85
 532 00a9 07       		.uleb128 0x7
 533 00aa 01       		.byte	0x1
 534 00ab B1010000 		.4byte	.LASF13
 535 00af 01       		.byte	0x1
 536 00b0 EA       		.byte	0xea
 537 00b1 01       		.byte	0x1
 538 00b2 00000000 		.4byte	.LFB0
 539 00b6 02000000 		.4byte	.LFE0
 540 00ba 02       		.byte	0x2
 541 00bb 7D       		.byte	0x7d
 542 00bc 00       		.sleb128 0
 543 00bd 01       		.byte	0x1
 544 00be 07       		.uleb128 0x7
 545 00bf 01       		.byte	0x1
 546 00c0 6C000000 		.4byte	.LASF14
 547 00c4 01       		.byte	0x1
 548 00c5 F6       		.byte	0xf6
 549 00c6 01       		.byte	0x1
 550 00c7 00000000 		.4byte	.LFB1
 551 00cb 02000000 		.4byte	.LFE1
 552 00cf 02       		.byte	0x2
 553 00d0 7D       		.byte	0x7d
 554 00d1 00       		.sleb128 0
 555 00d2 01       		.byte	0x1
 556 00d3 08       		.uleb128 0x8
 557 00d4 01       		.byte	0x1
 558 00d5 43000000 		.4byte	.LASF15
 559 00d9 01       		.byte	0x1
 560 00da 0101     		.2byte	0x101
 561 00dc 01       		.byte	0x1
ARM GAS  C:\Users\jenny\AppData\Local\Temp\ccCjcmPs.s 			page 11


 562 00dd 00000000 		.4byte	.LFB2
 563 00e1 02000000 		.4byte	.LFE2
 564 00e5 02       		.byte	0x2
 565 00e6 7D       		.byte	0x7d
 566 00e7 00       		.sleb128 0
 567 00e8 01       		.byte	0x1
 568 00e9 09       		.uleb128 0x9
 569 00ea 01       		.byte	0x1
 570 00eb 99000000 		.4byte	.LASF32
 571 00ef 01       		.byte	0x1
 572 00f0 0C01     		.2byte	0x10c
 573 00f2 01       		.byte	0x1
 574 00f3 00000000 		.4byte	.LFB3
 575 00f7 FC010000 		.4byte	.LFE3
 576 00fb 02       		.byte	0x2
 577 00fc 7D       		.byte	0x7d
 578 00fd 00       		.sleb128 0
 579 00fe 01       		.byte	0x1
 580 00ff F2010000 		.4byte	0x1f2
 581 0103 0A       		.uleb128 0xa
 582 0104 70737000 		.ascii	"psp\000"
 583 0108 01       		.byte	0x1
 584 0109 0D01     		.2byte	0x10d
 585 010b 57000000 		.4byte	0x57
 586 010f 01       		.byte	0x1
 587 0110 54       		.byte	0x54
 588 0111 0B       		.uleb128 0xb
 589 0112 72656700 		.ascii	"reg\000"
 590 0116 01       		.byte	0x1
 591 0117 0D01     		.2byte	0x10d
 592 0119 57000000 		.4byte	0x57
 593 011d 00000000 		.4byte	.LLST0
 594 0121 0C       		.uleb128 0xc
 595 0122 00000000 		.4byte	.Ldebug_ranges0+0
 596 0126 41010000 		.4byte	0x141
 597 012a 0D       		.uleb128 0xd
 598 012b 703100   		.ascii	"p1\000"
 599 012e 01       		.byte	0x1
 600 012f 2D01     		.2byte	0x12d
 601 0131 F2010000 		.4byte	0x1f2
 602 0135 0D       		.uleb128 0xd
 603 0136 703200   		.ascii	"p2\000"
 604 0139 01       		.byte	0x1
 605 013a 2D01     		.2byte	0x12d
 606 013c F2010000 		.4byte	0x1f2
 607 0140 00       		.byte	0
 608 0141 0C       		.uleb128 0xc
 609 0142 18000000 		.4byte	.Ldebug_ranges0+0x18
 610 0146 61010000 		.4byte	0x161
 611 014a 0D       		.uleb128 0xd
 612 014b 703100   		.ascii	"p1\000"
 613 014e 01       		.byte	0x1
 614 014f 3001     		.2byte	0x130
 615 0151 F2010000 		.4byte	0x1f2
 616 0155 0D       		.uleb128 0xd
 617 0156 703200   		.ascii	"p2\000"
 618 0159 01       		.byte	0x1
ARM GAS  C:\Users\jenny\AppData\Local\Temp\ccCjcmPs.s 			page 12


 619 015a 3001     		.2byte	0x130
 620 015c F2010000 		.4byte	0x1f2
 621 0160 00       		.byte	0
 622 0161 0C       		.uleb128 0xc
 623 0162 38000000 		.4byte	.Ldebug_ranges0+0x38
 624 0166 81010000 		.4byte	0x181
 625 016a 0D       		.uleb128 0xd
 626 016b 747000   		.ascii	"tp\000"
 627 016e 01       		.byte	0x1
 628 016f 3B01     		.2byte	0x13b
 629 0171 F2010000 		.4byte	0x1f2
 630 0175 0D       		.uleb128 0xd
 631 0176 647000   		.ascii	"dp\000"
 632 0179 01       		.byte	0x1
 633 017a 3B01     		.2byte	0x13b
 634 017c F2010000 		.4byte	0x1f2
 635 0180 00       		.byte	0
 636 0181 0C       		.uleb128 0xc
 637 0182 58000000 		.4byte	.Ldebug_ranges0+0x58
 638 0186 A1010000 		.4byte	0x1a1
 639 018a 0D       		.uleb128 0xd
 640 018b 703100   		.ascii	"p1\000"
 641 018e 01       		.byte	0x1
 642 018f 4601     		.2byte	0x146
 643 0191 F2010000 		.4byte	0x1f2
 644 0195 0D       		.uleb128 0xd
 645 0196 703200   		.ascii	"p2\000"
 646 0199 01       		.byte	0x1
 647 019a 4601     		.2byte	0x146
 648 019c F2010000 		.4byte	0x1f2
 649 01a0 00       		.byte	0
 650 01a1 0C       		.uleb128 0xc
 651 01a2 78000000 		.4byte	.Ldebug_ranges0+0x78
 652 01a6 B7010000 		.4byte	0x1b7
 653 01aa 0D       		.uleb128 0xd
 654 01ab 66707000 		.ascii	"fpp\000"
 655 01af 01       		.byte	0x1
 656 01b0 4F01     		.2byte	0x14f
 657 01b2 98000000 		.4byte	0x98
 658 01b6 00       		.byte	0
 659 01b7 0C       		.uleb128 0xc
 660 01b8 98000000 		.4byte	.Ldebug_ranges0+0x98
 661 01bc CD010000 		.4byte	0x1cd
 662 01c0 0D       		.uleb128 0xd
 663 01c1 66707000 		.ascii	"fpp\000"
 664 01c5 01       		.byte	0x1
 665 01c6 5D01     		.2byte	0x15d
 666 01c8 98000000 		.4byte	0x98
 667 01cc 00       		.byte	0
 668 01cd 0E       		.uleb128 0xe
 669 01ce B6000000 		.4byte	.LVL7
 670 01d2 A9000000 		.4byte	0xa9
 671 01d6 0E       		.uleb128 0xe
 672 01d7 32010000 		.4byte	.LVL11
 673 01db BE000000 		.4byte	0xbe
 674 01df 0E       		.uleb128 0xe
 675 01e0 7A010000 		.4byte	.LVL16
ARM GAS  C:\Users\jenny\AppData\Local\Temp\ccCjcmPs.s 			page 13


 676 01e4 A1020000 		.4byte	0x2a1
 677 01e8 0E       		.uleb128 0xe
 678 01e9 C2010000 		.4byte	.LVL21
 679 01ed D3000000 		.4byte	0xd3
 680 01f1 00       		.byte	0
 681 01f2 05       		.uleb128 0x5
 682 01f3 04       		.byte	0x4
 683 01f4 57000000 		.4byte	0x57
 684 01f8 0F       		.uleb128 0xf
 685 01f9 DD010000 		.4byte	.LASF16
 686 01fd 01       		.byte	0x1
 687 01fe 8B       		.byte	0x8b
 688 01ff 57000000 		.4byte	0x57
 689 0203 01       		.byte	0x1
 690 0204 01       		.byte	0x1
 691 0205 0F       		.uleb128 0xf
 692 0206 50020000 		.4byte	.LASF17
 693 020a 01       		.byte	0x1
 694 020b 93       		.byte	0x93
 695 020c 57000000 		.4byte	0x57
 696 0210 01       		.byte	0x1
 697 0211 01       		.byte	0x1
 698 0212 0F       		.uleb128 0xf
 699 0213 23000000 		.4byte	.LASF18
 700 0217 01       		.byte	0x1
 701 0218 9A       		.byte	0x9a
 702 0219 57000000 		.4byte	0x57
 703 021d 01       		.byte	0x1
 704 021e 01       		.byte	0x1
 705 021f 0F       		.uleb128 0xf
 706 0220 27020000 		.4byte	.LASF19
 707 0224 01       		.byte	0x1
 708 0225 A1       		.byte	0xa1
 709 0226 57000000 		.4byte	0x57
 710 022a 01       		.byte	0x1
 711 022b 01       		.byte	0x1
 712 022c 0F       		.uleb128 0xf
 713 022d A7010000 		.4byte	.LASF20
 714 0231 01       		.byte	0x1
 715 0232 A7       		.byte	0xa7
 716 0233 57000000 		.4byte	0x57
 717 0237 01       		.byte	0x1
 718 0238 01       		.byte	0x1
 719 0239 0F       		.uleb128 0xf
 720 023a 15020000 		.4byte	.LASF21
 721 023e 01       		.byte	0x1
 722 023f AD       		.byte	0xad
 723 0240 57000000 		.4byte	0x57
 724 0244 01       		.byte	0x1
 725 0245 01       		.byte	0x1
 726 0246 0F       		.uleb128 0xf
 727 0247 0B000000 		.4byte	.LASF22
 728 024b 01       		.byte	0x1
 729 024c B3       		.byte	0xb3
 730 024d 57000000 		.4byte	0x57
 731 0251 01       		.byte	0x1
 732 0252 01       		.byte	0x1
ARM GAS  C:\Users\jenny\AppData\Local\Temp\ccCjcmPs.s 			page 14


 733 0253 0F       		.uleb128 0xf
 734 0254 00000000 		.4byte	.LASF23
 735 0258 01       		.byte	0x1
 736 0259 B9       		.byte	0xb9
 737 025a 57000000 		.4byte	0x57
 738 025e 01       		.byte	0x1
 739 025f 01       		.byte	0x1
 740 0260 0F       		.uleb128 0xf
 741 0261 CC000000 		.4byte	.LASF24
 742 0265 01       		.byte	0x1
 743 0266 BF       		.byte	0xbf
 744 0267 57000000 		.4byte	0x57
 745 026b 01       		.byte	0x1
 746 026c 01       		.byte	0x1
 747 026d 0F       		.uleb128 0xf
 748 026e 3D020000 		.4byte	.LASF25
 749 0272 01       		.byte	0x1
 750 0273 C5       		.byte	0xc5
 751 0274 85000000 		.4byte	0x85
 752 0278 01       		.byte	0x1
 753 0279 01       		.byte	0x1
 754 027a 0F       		.uleb128 0xf
 755 027b CC010000 		.4byte	.LASF26
 756 027f 01       		.byte	0x1
 757 0280 CB       		.byte	0xcb
 758 0281 85000000 		.4byte	0x85
 759 0285 01       		.byte	0x1
 760 0286 01       		.byte	0x1
 761 0287 0F       		.uleb128 0xf
 762 0288 B9000000 		.4byte	.LASF27
 763 028c 01       		.byte	0x1
 764 028d D1       		.byte	0xd1
 765 028e 85000000 		.4byte	0x85
 766 0292 01       		.byte	0x1
 767 0293 01       		.byte	0x1
 768 0294 0F       		.uleb128 0xf
 769 0295 12000000 		.4byte	.LASF28
 770 0299 01       		.byte	0x1
 771 029a D7       		.byte	0xd7
 772 029b 85000000 		.4byte	0x85
 773 029f 01       		.byte	0x1
 774 02a0 01       		.byte	0x1
 775 02a1 10       		.uleb128 0x10
 776 02a2 01       		.byte	0x1
 777 02a3 30010000 		.4byte	.LASF33
 778 02a7 01       		.byte	0x1
 779 02a8 DE       		.byte	0xde
 780 02a9 01       		.byte	0x1
 781 02aa 01       		.byte	0x1
 782 02ab 00       		.byte	0
 783              		.section	.debug_abbrev,"",%progbits
 784              	.Ldebug_abbrev0:
 785 0000 01       		.uleb128 0x1
 786 0001 11       		.uleb128 0x11
 787 0002 01       		.byte	0x1
 788 0003 25       		.uleb128 0x25
 789 0004 0E       		.uleb128 0xe
ARM GAS  C:\Users\jenny\AppData\Local\Temp\ccCjcmPs.s 			page 15


 790 0005 13       		.uleb128 0x13
 791 0006 0B       		.uleb128 0xb
 792 0007 03       		.uleb128 0x3
 793 0008 0E       		.uleb128 0xe
 794 0009 1B       		.uleb128 0x1b
 795 000a 0E       		.uleb128 0xe
 796 000b 55       		.uleb128 0x55
 797 000c 06       		.uleb128 0x6
 798 000d 11       		.uleb128 0x11
 799 000e 01       		.uleb128 0x1
 800 000f 52       		.uleb128 0x52
 801 0010 01       		.uleb128 0x1
 802 0011 10       		.uleb128 0x10
 803 0012 06       		.uleb128 0x6
 804 0013 00       		.byte	0
 805 0014 00       		.byte	0
 806 0015 02       		.uleb128 0x2
 807 0016 24       		.uleb128 0x24
 808 0017 00       		.byte	0
 809 0018 0B       		.uleb128 0xb
 810 0019 0B       		.uleb128 0xb
 811 001a 3E       		.uleb128 0x3e
 812 001b 0B       		.uleb128 0xb
 813 001c 03       		.uleb128 0x3
 814 001d 0E       		.uleb128 0xe
 815 001e 00       		.byte	0
 816 001f 00       		.byte	0
 817 0020 03       		.uleb128 0x3
 818 0021 16       		.uleb128 0x16
 819 0022 00       		.byte	0
 820 0023 03       		.uleb128 0x3
 821 0024 0E       		.uleb128 0xe
 822 0025 3A       		.uleb128 0x3a
 823 0026 0B       		.uleb128 0xb
 824 0027 3B       		.uleb128 0x3b
 825 0028 0B       		.uleb128 0xb
 826 0029 49       		.uleb128 0x49
 827 002a 13       		.uleb128 0x13
 828 002b 00       		.byte	0
 829 002c 00       		.byte	0
 830 002d 04       		.uleb128 0x4
 831 002e 24       		.uleb128 0x24
 832 002f 00       		.byte	0
 833 0030 0B       		.uleb128 0xb
 834 0031 0B       		.uleb128 0xb
 835 0032 3E       		.uleb128 0x3e
 836 0033 0B       		.uleb128 0xb
 837 0034 03       		.uleb128 0x3
 838 0035 08       		.uleb128 0x8
 839 0036 00       		.byte	0
 840 0037 00       		.byte	0
 841 0038 05       		.uleb128 0x5
 842 0039 0F       		.uleb128 0xf
 843 003a 00       		.byte	0
 844 003b 0B       		.uleb128 0xb
 845 003c 0B       		.uleb128 0xb
 846 003d 49       		.uleb128 0x49
ARM GAS  C:\Users\jenny\AppData\Local\Temp\ccCjcmPs.s 			page 16


 847 003e 13       		.uleb128 0x13
 848 003f 00       		.byte	0
 849 0040 00       		.byte	0
 850 0041 06       		.uleb128 0x6
 851 0042 15       		.uleb128 0x15
 852 0043 00       		.byte	0
 853 0044 27       		.uleb128 0x27
 854 0045 0C       		.uleb128 0xc
 855 0046 00       		.byte	0
 856 0047 00       		.byte	0
 857 0048 07       		.uleb128 0x7
 858 0049 2E       		.uleb128 0x2e
 859 004a 00       		.byte	0
 860 004b 3F       		.uleb128 0x3f
 861 004c 0C       		.uleb128 0xc
 862 004d 03       		.uleb128 0x3
 863 004e 0E       		.uleb128 0xe
 864 004f 3A       		.uleb128 0x3a
 865 0050 0B       		.uleb128 0xb
 866 0051 3B       		.uleb128 0x3b
 867 0052 0B       		.uleb128 0xb
 868 0053 27       		.uleb128 0x27
 869 0054 0C       		.uleb128 0xc
 870 0055 11       		.uleb128 0x11
 871 0056 01       		.uleb128 0x1
 872 0057 12       		.uleb128 0x12
 873 0058 01       		.uleb128 0x1
 874 0059 40       		.uleb128 0x40
 875 005a 0A       		.uleb128 0xa
 876 005b 9742     		.uleb128 0x2117
 877 005d 0C       		.uleb128 0xc
 878 005e 00       		.byte	0
 879 005f 00       		.byte	0
 880 0060 08       		.uleb128 0x8
 881 0061 2E       		.uleb128 0x2e
 882 0062 00       		.byte	0
 883 0063 3F       		.uleb128 0x3f
 884 0064 0C       		.uleb128 0xc
 885 0065 03       		.uleb128 0x3
 886 0066 0E       		.uleb128 0xe
 887 0067 3A       		.uleb128 0x3a
 888 0068 0B       		.uleb128 0xb
 889 0069 3B       		.uleb128 0x3b
 890 006a 05       		.uleb128 0x5
 891 006b 27       		.uleb128 0x27
 892 006c 0C       		.uleb128 0xc
 893 006d 11       		.uleb128 0x11
 894 006e 01       		.uleb128 0x1
 895 006f 12       		.uleb128 0x12
 896 0070 01       		.uleb128 0x1
 897 0071 40       		.uleb128 0x40
 898 0072 0A       		.uleb128 0xa
 899 0073 9742     		.uleb128 0x2117
 900 0075 0C       		.uleb128 0xc
 901 0076 00       		.byte	0
 902 0077 00       		.byte	0
 903 0078 09       		.uleb128 0x9
ARM GAS  C:\Users\jenny\AppData\Local\Temp\ccCjcmPs.s 			page 17


 904 0079 2E       		.uleb128 0x2e
 905 007a 01       		.byte	0x1
 906 007b 3F       		.uleb128 0x3f
 907 007c 0C       		.uleb128 0xc
 908 007d 03       		.uleb128 0x3
 909 007e 0E       		.uleb128 0xe
 910 007f 3A       		.uleb128 0x3a
 911 0080 0B       		.uleb128 0xb
 912 0081 3B       		.uleb128 0x3b
 913 0082 05       		.uleb128 0x5
 914 0083 27       		.uleb128 0x27
 915 0084 0C       		.uleb128 0xc
 916 0085 11       		.uleb128 0x11
 917 0086 01       		.uleb128 0x1
 918 0087 12       		.uleb128 0x12
 919 0088 01       		.uleb128 0x1
 920 0089 40       		.uleb128 0x40
 921 008a 0A       		.uleb128 0xa
 922 008b 9642     		.uleb128 0x2116
 923 008d 0C       		.uleb128 0xc
 924 008e 01       		.uleb128 0x1
 925 008f 13       		.uleb128 0x13
 926 0090 00       		.byte	0
 927 0091 00       		.byte	0
 928 0092 0A       		.uleb128 0xa
 929 0093 34       		.uleb128 0x34
 930 0094 00       		.byte	0
 931 0095 03       		.uleb128 0x3
 932 0096 08       		.uleb128 0x8
 933 0097 3A       		.uleb128 0x3a
 934 0098 0B       		.uleb128 0xb
 935 0099 3B       		.uleb128 0x3b
 936 009a 05       		.uleb128 0x5
 937 009b 49       		.uleb128 0x49
 938 009c 13       		.uleb128 0x13
 939 009d 02       		.uleb128 0x2
 940 009e 0A       		.uleb128 0xa
 941 009f 00       		.byte	0
 942 00a0 00       		.byte	0
 943 00a1 0B       		.uleb128 0xb
 944 00a2 34       		.uleb128 0x34
 945 00a3 00       		.byte	0
 946 00a4 03       		.uleb128 0x3
 947 00a5 08       		.uleb128 0x8
 948 00a6 3A       		.uleb128 0x3a
 949 00a7 0B       		.uleb128 0xb
 950 00a8 3B       		.uleb128 0x3b
 951 00a9 05       		.uleb128 0x5
 952 00aa 49       		.uleb128 0x49
 953 00ab 13       		.uleb128 0x13
 954 00ac 02       		.uleb128 0x2
 955 00ad 06       		.uleb128 0x6
 956 00ae 00       		.byte	0
 957 00af 00       		.byte	0
 958 00b0 0C       		.uleb128 0xc
 959 00b1 0B       		.uleb128 0xb
 960 00b2 01       		.byte	0x1
ARM GAS  C:\Users\jenny\AppData\Local\Temp\ccCjcmPs.s 			page 18


 961 00b3 55       		.uleb128 0x55
 962 00b4 06       		.uleb128 0x6
 963 00b5 01       		.uleb128 0x1
 964 00b6 13       		.uleb128 0x13
 965 00b7 00       		.byte	0
 966 00b8 00       		.byte	0
 967 00b9 0D       		.uleb128 0xd
 968 00ba 34       		.uleb128 0x34
 969 00bb 00       		.byte	0
 970 00bc 03       		.uleb128 0x3
 971 00bd 08       		.uleb128 0x8
 972 00be 3A       		.uleb128 0x3a
 973 00bf 0B       		.uleb128 0xb
 974 00c0 3B       		.uleb128 0x3b
 975 00c1 05       		.uleb128 0x5
 976 00c2 49       		.uleb128 0x49
 977 00c3 13       		.uleb128 0x13
 978 00c4 00       		.byte	0
 979 00c5 00       		.byte	0
 980 00c6 0E       		.uleb128 0xe
 981 00c7 898201   		.uleb128 0x4109
 982 00ca 00       		.byte	0
 983 00cb 11       		.uleb128 0x11
 984 00cc 01       		.uleb128 0x1
 985 00cd 31       		.uleb128 0x31
 986 00ce 13       		.uleb128 0x13
 987 00cf 00       		.byte	0
 988 00d0 00       		.byte	0
 989 00d1 0F       		.uleb128 0xf
 990 00d2 34       		.uleb128 0x34
 991 00d3 00       		.byte	0
 992 00d4 03       		.uleb128 0x3
 993 00d5 0E       		.uleb128 0xe
 994 00d6 3A       		.uleb128 0x3a
 995 00d7 0B       		.uleb128 0xb
 996 00d8 3B       		.uleb128 0x3b
 997 00d9 0B       		.uleb128 0xb
 998 00da 49       		.uleb128 0x49
 999 00db 13       		.uleb128 0x13
 1000 00dc 3F       		.uleb128 0x3f
 1001 00dd 0C       		.uleb128 0xc
 1002 00de 3C       		.uleb128 0x3c
 1003 00df 0C       		.uleb128 0xc
 1004 00e0 00       		.byte	0
 1005 00e1 00       		.byte	0
 1006 00e2 10       		.uleb128 0x10
 1007 00e3 2E       		.uleb128 0x2e
 1008 00e4 00       		.byte	0
 1009 00e5 3F       		.uleb128 0x3f
 1010 00e6 0C       		.uleb128 0xc
 1011 00e7 03       		.uleb128 0x3
 1012 00e8 0E       		.uleb128 0xe
 1013 00e9 3A       		.uleb128 0x3a
 1014 00ea 0B       		.uleb128 0xb
 1015 00eb 3B       		.uleb128 0x3b
 1016 00ec 0B       		.uleb128 0xb
 1017 00ed 27       		.uleb128 0x27
ARM GAS  C:\Users\jenny\AppData\Local\Temp\ccCjcmPs.s 			page 19


 1018 00ee 0C       		.uleb128 0xc
 1019 00ef 3C       		.uleb128 0x3c
 1020 00f0 0C       		.uleb128 0xc
 1021 00f1 00       		.byte	0
 1022 00f2 00       		.byte	0
 1023 00f3 00       		.byte	0
 1024              		.section	.debug_loc,"",%progbits
 1025              	.Ldebug_loc0:
 1026              	.LLST0:
 1027 0000 26000000 		.4byte	.LVL1
 1028 0004 38000000 		.4byte	.LVL2
 1029 0008 0200     		.2byte	0x2
 1030 000a 30       		.byte	0x30
 1031 000b 9F       		.byte	0x9f
 1032 000c 38000000 		.4byte	.LVL2
 1033 0010 FC010000 		.4byte	.LFE3
 1034 0014 0200     		.2byte	0x2
 1035 0016 36       		.byte	0x36
 1036 0017 9F       		.byte	0x9f
 1037 0018 00000000 		.4byte	0
 1038 001c 00000000 		.4byte	0
 1039              		.section	.debug_aranges,"",%progbits
 1040 0000 34000000 		.4byte	0x34
 1041 0004 0200     		.2byte	0x2
 1042 0006 00000000 		.4byte	.Ldebug_info0
 1043 000a 04       		.byte	0x4
 1044 000b 00       		.byte	0
 1045 000c 0000     		.2byte	0
 1046 000e 0000     		.2byte	0
 1047 0010 00000000 		.4byte	.LFB0
 1048 0014 02000000 		.4byte	.LFE0-.LFB0
 1049 0018 00000000 		.4byte	.LFB1
 1050 001c 02000000 		.4byte	.LFE1-.LFB1
 1051 0020 00000000 		.4byte	.LFB2
 1052 0024 02000000 		.4byte	.LFE2-.LFB2
 1053 0028 00000000 		.4byte	.LFB3
 1054 002c FC010000 		.4byte	.LFE3-.LFB3
 1055 0030 00000000 		.4byte	0
 1056 0034 00000000 		.4byte	0
 1057              		.section	.debug_ranges,"",%progbits
 1058              	.Ldebug_ranges0:
 1059 0000 40000000 		.4byte	.LBB2
 1060 0004 48000000 		.4byte	.LBE2
 1061 0008 56000000 		.4byte	.LBB4
 1062 000c 7A000000 		.4byte	.LBE4
 1063 0010 00000000 		.4byte	0
 1064 0014 00000000 		.4byte	0
 1065 0018 48000000 		.4byte	.LBB3
 1066 001c 56000000 		.4byte	.LBE3
 1067 0020 7A000000 		.4byte	.LBB5
 1068 0024 80000000 		.4byte	.LBE5
 1069 0028 8E000000 		.4byte	.LBB7
 1070 002c B2000000 		.4byte	.LBE7
 1071 0030 00000000 		.4byte	0
 1072 0034 00000000 		.4byte	0
 1073 0038 80000000 		.4byte	.LBB6
 1074 003c 8E000000 		.4byte	.LBE6
ARM GAS  C:\Users\jenny\AppData\Local\Temp\ccCjcmPs.s 			page 20


 1075 0040 B6000000 		.4byte	.LBB8
 1076 0044 BE000000 		.4byte	.LBE8
 1077 0048 CC000000 		.4byte	.LBB10
 1078 004c F6000000 		.4byte	.LBE10
 1079 0050 00000000 		.4byte	0
 1080 0054 00000000 		.4byte	0
 1081 0058 BE000000 		.4byte	.LBB9
 1082 005c CC000000 		.4byte	.LBE9
 1083 0060 F6000000 		.4byte	.LBB11
 1084 0064 FE000000 		.4byte	.LBE11
 1085 0068 0C010000 		.4byte	.LBB13
 1086 006c 2E010000 		.4byte	.LBE13
 1087 0070 00000000 		.4byte	0
 1088 0074 00000000 		.4byte	0
 1089 0078 FE000000 		.4byte	.LBB12
 1090 007c 0C010000 		.4byte	.LBE12
 1091 0080 32010000 		.4byte	.LBB14
 1092 0084 3A010000 		.4byte	.LBE14
 1093 0088 46010000 		.4byte	.LBB16
 1094 008c 76010000 		.4byte	.LBE16
 1095 0090 00000000 		.4byte	0
 1096 0094 00000000 		.4byte	0
 1097 0098 3A010000 		.4byte	.LBB15
 1098 009c 46010000 		.4byte	.LBE15
 1099 00a0 7A010000 		.4byte	.LBB17
 1100 00a4 82010000 		.4byte	.LBE17
 1101 00a8 8E010000 		.4byte	.LBB18
 1102 00ac BE010000 		.4byte	.LBE18
 1103 00b0 00000000 		.4byte	0
 1104 00b4 00000000 		.4byte	0
 1105 00b8 00000000 		.4byte	.LFB0
 1106 00bc 02000000 		.4byte	.LFE0
 1107 00c0 00000000 		.4byte	.LFB1
 1108 00c4 02000000 		.4byte	.LFE1
 1109 00c8 00000000 		.4byte	.LFB2
 1110 00cc 02000000 		.4byte	.LFE2
 1111 00d0 00000000 		.4byte	.LFB3
 1112 00d4 FC010000 		.4byte	.LFE3
 1113 00d8 00000000 		.4byte	0
 1114 00dc 00000000 		.4byte	0
 1115              		.section	.debug_line,"",%progbits
 1116              	.Ldebug_line0:
 1117 0000 4B010000 		.section	.debug_str,"MS",%progbits,1
 1117      02009800 
 1117      00000201 
 1117      FB0E0D00 
 1117      01010101 
 1118              	.LASF23:
 1119 0000 5F627373 		.ascii	"_bss_start\000"
 1119      5F737461 
 1119      727400
 1120              	.LASF22:
 1121 000b 5F656461 		.ascii	"_edata\000"
 1121      746100
 1122              	.LASF28:
 1123 0012 5F5F6669 		.ascii	"__fini_array_end\000"
 1123      6E695F61 
ARM GAS  C:\Users\jenny\AppData\Local\Temp\ccCjcmPs.s 			page 21


 1123      72726179 
 1123      5F656E64 
 1123      00
 1124              	.LASF18:
 1125 0023 5F5F7072 		.ascii	"__process_stack_base__\000"
 1125      6F636573 
 1125      735F7374 
 1125      61636B5F 
 1125      62617365 
 1126              	.LASF12:
 1127 003a 66756E63 		.ascii	"funcpp_t\000"
 1127      70705F74 
 1127      00
 1128              	.LASF15:
 1129 0043 5F646566 		.ascii	"_default_exit\000"
 1129      61756C74 
 1129      5F657869 
 1129      7400
 1130              	.LASF10:
 1131 0051 756E7369 		.ascii	"unsigned int\000"
 1131      676E6564 
 1131      20696E74 
 1131      00
 1132              	.LASF1:
 1133 005e 756E7369 		.ascii	"unsigned char\000"
 1133      676E6564 
 1133      20636861 
 1133      7200
 1134              	.LASF14:
 1135 006c 5F5F6C61 		.ascii	"__late_init\000"
 1135      74655F69 
 1135      6E697400 
 1136              	.LASF30:
 1137 0078 2E2E2F2E 		.ascii	"../../os/ports/GCC/ARMCMx/crt0.c\000"
 1137      2E2F6F73 
 1137      2F706F72 
 1137      74732F47 
 1137      43432F41 
 1138              	.LASF32:
 1139 0099 52657365 		.ascii	"ResetHandler\000"
 1139      7448616E 
 1139      646C6572 
 1139      00
 1140              	.LASF3:
 1141 00a6 73686F72 		.ascii	"short unsigned int\000"
 1141      7420756E 
 1141      7369676E 
 1141      65642069 
 1141      6E7400
 1142              	.LASF27:
 1143 00b9 5F5F6669 		.ascii	"__fini_array_start\000"
 1143      6E695F61 
 1143      72726179 
 1143      5F737461 
 1143      727400
 1144              	.LASF24:
 1145 00cc 5F627373 		.ascii	"_bss_end\000"
ARM GAS  C:\Users\jenny\AppData\Local\Temp\ccCjcmPs.s 			page 22


 1145      5F656E64 
 1145      00
 1146              	.LASF29:
 1147 00d5 474E5520 		.ascii	"GNU C 4.7.4 20130913 (release) [ARM/embedded-4_7-br"
 1147      4320342E 
 1147      372E3420 
 1147      32303133 
 1147      30393133 
 1148 0108 616E6368 		.ascii	"anch revision 202601]\000"
 1148      20726576 
 1148      6973696F 
 1148      6E203230 
 1148      32363031 
 1149              	.LASF7:
 1150 011e 6C6F6E67 		.ascii	"long unsigned int\000"
 1150      20756E73 
 1150      69676E65 
 1150      6420696E 
 1150      7400
 1151              	.LASF33:
 1152 0130 6D61696E 		.ascii	"main\000"
 1152      00
 1153              	.LASF31:
 1154 0135 443A5C6A 		.ascii	"D:\\jenny\\dev\\probe\\chibios\\chibios.workspace\\"
 1154      656E6E79 
 1154      5C646576 
 1154      5C70726F 
 1154      62655C63 
 1155 0162 64656D6F 		.ascii	"demos\\ARMCM4-STM32F407-LWIP-FATFS-USB\000"
 1155      735C4152 
 1155      4D434D34 
 1155      2D53544D 
 1155      33324634 
 1156              	.LASF9:
 1157 0188 6C6F6E67 		.ascii	"long long unsigned int\000"
 1157      206C6F6E 
 1157      6720756E 
 1157      7369676E 
 1157      65642069 
 1158              	.LASF5:
 1159 019f 75696E74 		.ascii	"uint8_t\000"
 1159      385F7400 
 1160              	.LASF20:
 1161 01a7 5F746578 		.ascii	"_textdata\000"
 1161      74646174 
 1161      6100
 1162              	.LASF13:
 1163 01b1 5F5F6561 		.ascii	"__early_init\000"
 1163      726C795F 
 1163      696E6974 
 1163      00
 1164              	.LASF8:
 1165 01be 6C6F6E67 		.ascii	"long long int\000"
 1165      206C6F6E 
 1165      6720696E 
 1165      7400
 1166              	.LASF26:
ARM GAS  C:\Users\jenny\AppData\Local\Temp\ccCjcmPs.s 			page 23


 1167 01cc 5F5F696E 		.ascii	"__init_array_end\000"
 1167      69745F61 
 1167      72726179 
 1167      5F656E64 
 1167      00
 1168              	.LASF16:
 1169 01dd 5F5F6D61 		.ascii	"__main_stack_base__\000"
 1169      696E5F73 
 1169      7461636B 
 1169      5F626173 
 1169      655F5F00 
 1170              	.LASF2:
 1171 01f1 73686F72 		.ascii	"short int\000"
 1171      7420696E 
 1171      7400
 1172              	.LASF11:
 1173 01fb 66756E63 		.ascii	"funcp_t\000"
 1173      705F7400 
 1174              	.LASF6:
 1175 0203 75696E74 		.ascii	"uint32_t\000"
 1175      33325F74 
 1175      00
 1176              	.LASF4:
 1177 020c 6C6F6E67 		.ascii	"long int\000"
 1177      20696E74 
 1177      00
 1178              	.LASF21:
 1179 0215 5F646174 		.ascii	"_data\000"
 1179      6100
 1180              	.LASF0:
 1181 021b 7369676E 		.ascii	"signed char\000"
 1181      65642063 
 1181      68617200 
 1182              	.LASF19:
 1183 0227 5F5F7072 		.ascii	"__process_stack_end__\000"
 1183      6F636573 
 1183      735F7374 
 1183      61636B5F 
 1183      656E645F 
 1184              	.LASF25:
 1185 023d 5F5F696E 		.ascii	"__init_array_start\000"
 1185      69745F61 
 1185      72726179 
 1185      5F737461 
 1185      727400
 1186              	.LASF17:
 1187 0250 5F5F6D61 		.ascii	"__main_stack_end__\000"
 1187      696E5F73 
 1187      7461636B 
 1187      5F656E64 
 1187      5F5F00
 1188              		.ident	"GCC: (GNU Tools for ARM Embedded Processors) 4.7.4 20130913 (release) [ARM/embedded-4_7-br
ARM GAS  C:\Users\jenny\AppData\Local\Temp\ccCjcmPs.s 			page 24


DEFINED SYMBOLS
                            *ABS*:00000000 crt0.c
C:\Users\jenny\AppData\Local\Temp\ccCjcmPs.s:20     .text.__early_init:00000000 $t
C:\Users\jenny\AppData\Local\Temp\ccCjcmPs.s:26     .text.__early_init:00000000 __early_init
C:\Users\jenny\AppData\Local\Temp\ccCjcmPs.s:39     .text.__late_init:00000000 $t
C:\Users\jenny\AppData\Local\Temp\ccCjcmPs.s:45     .text.__late_init:00000000 __late_init
C:\Users\jenny\AppData\Local\Temp\ccCjcmPs.s:57     .text._default_exit:00000000 $t
C:\Users\jenny\AppData\Local\Temp\ccCjcmPs.s:63     .text._default_exit:00000000 _default_exit
C:\Users\jenny\AppData\Local\Temp\ccCjcmPs.s:76     .text.ResetHandler:00000000 $t
C:\Users\jenny\AppData\Local\Temp\ccCjcmPs.s:82     .text.ResetHandler:00000000 ResetHandler
C:\Users\jenny\AppData\Local\Temp\ccCjcmPs.s:429    .text.ResetHandler:000001c4 $d
                     .debug_frame:00000010 $d
C:\Users\jenny\AppData\Local\Temp\ccCjcmPs.s:446    .text.ResetHandler:000001fc $t

UNDEFINED SYMBOLS
main
__process_stack_end__
__main_stack_base__
__main_stack_end__
__process_stack_base__
_data
_edata
_textdata
_bss_start
_bss_end
__init_array_start
__init_array_end
__fini_array_start
__fini_array_end
