ARM GAS  C:\Users\jenny\AppData\Local\Temp\ccUJbmKk.s 			page 1


   1              		.syntax unified
   2              		.cpu cortex-m4
   3              		.eabi_attribute 27, 3
   4              		.fpu fpv4-sp-d16
   5              		.eabi_attribute 20, 1
   6              		.eabi_attribute 21, 1
   7              		.eabi_attribute 23, 3
   8              		.eabi_attribute 24, 1
   9              		.eabi_attribute 25, 1
  10              		.eabi_attribute 26, 1
  11              		.eabi_attribute 30, 2
  12              		.eabi_attribute 34, 1
  13              		.eabi_attribute 18, 4
  14              		.thumb
  15              		.file	"def.c"
  16              		.text
  17              	.Ltext0:
  18              		.cfi_sections	.debug_frame
  19              		.section	.text.lwip_htons,"ax",%progbits
  20              		.align	2
  21              		.p2align 4,,15
  22              		.global	lwip_htons
  23              		.thumb
  24              		.thumb_func
  25              		.type	lwip_htons, %function
  26              	lwip_htons:
  27              	.LFB7:
  28              		.file 1 "../../ext/lwip/src/core/def.c"
  29              		.loc 1 65 0
  30              		.cfi_startproc
  31              		@ args = 0, pretend = 0, frame = 0
  32              		@ frame_needed = 0, uses_anonymous_args = 0
  33              		@ link register save eliminated.
  34              	.LVL0:
  35              		.loc 1 66 0
  36 0000 030A     		lsrs	r3, r0, #8
  37 0002 43EA0020 		orr	r0, r3, r0, lsl #8
  38              	.LVL1:
  39              		.loc 1 67 0
  40 0006 80B2     		uxth	r0, r0
  41 0008 7047     		bx	lr
  42              		.cfi_endproc
  43              	.LFE7:
  44              		.size	lwip_htons, .-lwip_htons
  45 000a 00BFAFF3 		.section	.text.lwip_ntohs,"ax",%progbits
  45      0080
  46              		.align	2
  47              		.p2align 4,,15
  48              		.global	lwip_ntohs
  49              		.thumb
  50              		.thumb_func
  51              		.type	lwip_ntohs, %function
  52              	lwip_ntohs:
  53              	.LFB8:
  54              		.loc 1 77 0
  55              		.cfi_startproc
  56              		@ args = 0, pretend = 0, frame = 0
ARM GAS  C:\Users\jenny\AppData\Local\Temp\ccUJbmKk.s 			page 2


  57              		@ frame_needed = 0, uses_anonymous_args = 0
  58              		@ link register save eliminated.
  59              	.LVL2:
  60              	.LBB6:
  61              	.LBB7:
  62              		.loc 1 66 0
  63 0000 030A     		lsrs	r3, r0, #8
  64 0002 43EA0020 		orr	r0, r3, r0, lsl #8
  65              	.LVL3:
  66              	.LBE7:
  67              	.LBE6:
  68              		.loc 1 79 0
  69 0006 80B2     		uxth	r0, r0
  70 0008 7047     		bx	lr
  71              		.cfi_endproc
  72              	.LFE8:
  73              		.size	lwip_ntohs, .-lwip_ntohs
  74 000a 00BFAFF3 		.section	.text.lwip_htonl,"ax",%progbits
  74      0080
  75              		.align	2
  76              		.p2align 4,,15
  77              		.global	lwip_htonl
  78              		.thumb
  79              		.thumb_func
  80              		.type	lwip_htonl, %function
  81              	lwip_htonl:
  82              	.LFB9:
  83              		.loc 1 89 0
  84              		.cfi_startproc
  85              		@ args = 0, pretend = 0, frame = 0
  86              		@ frame_needed = 0, uses_anonymous_args = 0
  87              		@ link register save eliminated.
  88              	.LVL4:
  89              		.loc 1 94 0
  90 0000 00BA     		rev	r0, r0
  91              	.LVL5:
  92 0002 7047     		bx	lr
  93              		.cfi_endproc
  94              	.LFE9:
  95              		.size	lwip_htonl, .-lwip_htonl
  96 0004 AFF30080 		.section	.text.lwip_ntohl,"ax",%progbits
  96      AFF30080 
  96      AFF30080 
  97              		.align	2
  98              		.p2align 4,,15
  99              		.global	lwip_ntohl
 100              		.thumb
 101              		.thumb_func
 102              		.type	lwip_ntohl, %function
 103              	lwip_ntohl:
 104              	.LFB10:
 105              		.loc 1 104 0
 106              		.cfi_startproc
 107              		@ args = 0, pretend = 0, frame = 0
 108              		@ frame_needed = 0, uses_anonymous_args = 0
 109              		@ link register save eliminated.
 110              	.LVL6:
ARM GAS  C:\Users\jenny\AppData\Local\Temp\ccUJbmKk.s 			page 3


 111              		.loc 1 106 0
 112 0000 00BA     		rev	r0, r0
 113              	.LVL7:
 114 0002 7047     		bx	lr
 115              		.cfi_endproc
 116              	.LFE10:
 117              		.size	lwip_ntohl, .-lwip_ntohl
 118 0004 AFF30080 		.text
 118      AFF30080 
 118      AFF30080 
 119              	.Letext0:
 120              		.file 2 "c:\\fbin\\yagarto\\bin\\../lib/gcc/arm-none-eabi/4.7.4/../../../../arm-none-eabi/include/
 121              		.file 3 "../../os/various/lwip_bindings/arch/cc.h"
 122              		.section	.debug_info,"",%progbits
 123              	.Ldebug_info0:
 124 0000 8E010000 		.4byte	0x18e
 125 0004 0200     		.2byte	0x2
 126 0006 00000000 		.4byte	.Ldebug_abbrev0
 127 000a 04       		.byte	0x4
 128 000b 01       		.uleb128 0x1
 129 000c 48010000 		.4byte	.LASF18
 130 0010 01       		.byte	0x1
 131 0011 63000000 		.4byte	.LASF19
 132 0015 B9000000 		.4byte	.LASF20
 133 0019 00000000 		.4byte	.Ldebug_ranges0+0
 134 001d 00000000 		.4byte	0
 135 0021 00000000 		.4byte	0
 136 0025 00000000 		.4byte	.Ldebug_line0
 137 0029 02       		.uleb128 0x2
 138 002a 04       		.byte	0x4
 139 002b 05       		.byte	0x5
 140 002c 696E7400 		.ascii	"int\000"
 141 0030 03       		.uleb128 0x3
 142 0031 04       		.byte	0x4
 143 0032 07       		.byte	0x7
 144 0033 0E000000 		.4byte	.LASF0
 145 0037 03       		.uleb128 0x3
 146 0038 01       		.byte	0x1
 147 0039 06       		.byte	0x6
 148 003a 1F010000 		.4byte	.LASF1
 149 003e 03       		.uleb128 0x3
 150 003f 01       		.byte	0x1
 151 0040 08       		.byte	0x8
 152 0041 1B000000 		.4byte	.LASF2
 153 0045 03       		.uleb128 0x3
 154 0046 02       		.byte	0x2
 155 0047 05       		.byte	0x5
 156 0048 9E000000 		.4byte	.LASF3
 157 004c 04       		.uleb128 0x4
 158 004d 2B010000 		.4byte	.LASF6
 159 0051 02       		.byte	0x2
 160 0052 36       		.byte	0x36
 161 0053 57000000 		.4byte	0x57
 162 0057 03       		.uleb128 0x3
 163 0058 02       		.byte	0x2
 164 0059 07       		.byte	0x7
 165 005a 0C010000 		.4byte	.LASF4
ARM GAS  C:\Users\jenny\AppData\Local\Temp\ccUJbmKk.s 			page 4


 166 005e 03       		.uleb128 0x3
 167 005f 04       		.byte	0x4
 168 0060 05       		.byte	0x5
 169 0061 95000000 		.4byte	.LASF5
 170 0065 04       		.uleb128 0x4
 171 0066 8C000000 		.4byte	.LASF7
 172 006a 02       		.byte	0x2
 173 006b 50       		.byte	0x50
 174 006c 70000000 		.4byte	0x70
 175 0070 03       		.uleb128 0x3
 176 0071 04       		.byte	0x4
 177 0072 07       		.byte	0x7
 178 0073 29000000 		.4byte	.LASF8
 179 0077 03       		.uleb128 0x3
 180 0078 08       		.byte	0x8
 181 0079 05       		.byte	0x5
 182 007a 00000000 		.4byte	.LASF9
 183 007e 03       		.uleb128 0x3
 184 007f 08       		.byte	0x8
 185 0080 07       		.byte	0x7
 186 0081 3B000000 		.4byte	.LASF10
 187 0085 03       		.uleb128 0x3
 188 0086 01       		.byte	0x1
 189 0087 02       		.byte	0x2
 190 0088 A8000000 		.4byte	.LASF11
 191 008c 03       		.uleb128 0x3
 192 008d 04       		.byte	0x4
 193 008e 07       		.byte	0x7
 194 008f 34010000 		.4byte	.LASF12
 195 0093 03       		.uleb128 0x3
 196 0094 01       		.byte	0x1
 197 0095 08       		.byte	0x8
 198 0096 87000000 		.4byte	.LASF13
 199 009a 04       		.uleb128 0x4
 200 009b 52000000 		.4byte	.LASF14
 201 009f 03       		.byte	0x3
 202 00a0 3A       		.byte	0x3a
 203 00a1 4C000000 		.4byte	0x4c
 204 00a5 04       		.uleb128 0x4
 205 00a6 81000000 		.4byte	.LASF15
 206 00aa 03       		.byte	0x3
 207 00ab 3C       		.byte	0x3c
 208 00ac 65000000 		.4byte	0x65
 209 00b0 05       		.uleb128 0x5
 210 00b1 01       		.byte	0x1
 211 00b2 91010000 		.4byte	.LASF16
 212 00b6 01       		.byte	0x1
 213 00b7 40       		.byte	0x40
 214 00b8 01       		.byte	0x1
 215 00b9 9A000000 		.4byte	0x9a
 216 00bd 01       		.byte	0x1
 217 00be CC000000 		.4byte	0xcc
 218 00c2 06       		.uleb128 0x6
 219 00c3 6E00     		.ascii	"n\000"
 220 00c5 01       		.byte	0x1
 221 00c6 40       		.byte	0x40
 222 00c7 9A000000 		.4byte	0x9a
ARM GAS  C:\Users\jenny\AppData\Local\Temp\ccUJbmKk.s 			page 5


 223 00cb 00       		.byte	0
 224 00cc 05       		.uleb128 0x5
 225 00cd 01       		.byte	0x1
 226 00ce AE000000 		.4byte	.LASF17
 227 00d2 01       		.byte	0x1
 228 00d3 58       		.byte	0x58
 229 00d4 01       		.byte	0x1
 230 00d5 A5000000 		.4byte	0xa5
 231 00d9 01       		.byte	0x1
 232 00da E8000000 		.4byte	0xe8
 233 00de 06       		.uleb128 0x6
 234 00df 6E00     		.ascii	"n\000"
 235 00e1 01       		.byte	0x1
 236 00e2 58       		.byte	0x58
 237 00e3 A5000000 		.4byte	0xa5
 238 00e7 00       		.byte	0
 239 00e8 07       		.uleb128 0x7
 240 00e9 B0000000 		.4byte	0xb0
 241 00ed 00000000 		.4byte	.LFB7
 242 00f1 0A000000 		.4byte	.LFE7
 243 00f5 02       		.byte	0x2
 244 00f6 7D       		.byte	0x7d
 245 00f7 00       		.sleb128 0
 246 00f8 01       		.byte	0x1
 247 00f9 07010000 		.4byte	0x107
 248 00fd 08       		.uleb128 0x8
 249 00fe C2000000 		.4byte	0xc2
 250 0102 00000000 		.4byte	.LLST0
 251 0106 00       		.byte	0
 252 0107 09       		.uleb128 0x9
 253 0108 01       		.byte	0x1
 254 0109 3D010000 		.4byte	.LASF21
 255 010d 01       		.byte	0x1
 256 010e 4C       		.byte	0x4c
 257 010f 01       		.byte	0x1
 258 0110 9A000000 		.4byte	0x9a
 259 0114 00000000 		.4byte	.LFB8
 260 0118 0A000000 		.4byte	.LFE8
 261 011c 02       		.byte	0x2
 262 011d 7D       		.byte	0x7d
 263 011e 00       		.sleb128 0
 264 011f 01       		.byte	0x1
 265 0120 4B010000 		.4byte	0x14b
 266 0124 0A       		.uleb128 0xa
 267 0125 6E00     		.ascii	"n\000"
 268 0127 01       		.byte	0x1
 269 0128 4C       		.byte	0x4c
 270 0129 9A000000 		.4byte	0x9a
 271 012d 21000000 		.4byte	.LLST1
 272 0131 0B       		.uleb128 0xb
 273 0132 B0000000 		.4byte	0xb0
 274 0136 00000000 		.4byte	.LBB6
 275 013a 06000000 		.4byte	.LBE6
 276 013e 01       		.byte	0x1
 277 013f 4E       		.byte	0x4e
 278 0140 08       		.uleb128 0x8
 279 0141 C2000000 		.4byte	0xc2
ARM GAS  C:\Users\jenny\AppData\Local\Temp\ccUJbmKk.s 			page 6


 280 0145 21000000 		.4byte	.LLST1
 281 0149 00       		.byte	0
 282 014a 00       		.byte	0
 283 014b 07       		.uleb128 0x7
 284 014c CC000000 		.4byte	0xcc
 285 0150 00000000 		.4byte	.LFB9
 286 0154 04000000 		.4byte	.LFE9
 287 0158 02       		.byte	0x2
 288 0159 7D       		.byte	0x7d
 289 015a 00       		.sleb128 0
 290 015b 01       		.byte	0x1
 291 015c 6A010000 		.4byte	0x16a
 292 0160 08       		.uleb128 0x8
 293 0161 DE000000 		.4byte	0xde
 294 0165 42000000 		.4byte	.LLST3
 295 0169 00       		.byte	0
 296 016a 0C       		.uleb128 0xc
 297 016b 01       		.byte	0x1
 298 016c 58000000 		.4byte	.LASF22
 299 0170 01       		.byte	0x1
 300 0171 67       		.byte	0x67
 301 0172 01       		.byte	0x1
 302 0173 A5000000 		.4byte	0xa5
 303 0177 00000000 		.4byte	.LFB10
 304 017b 04000000 		.4byte	.LFE10
 305 017f 02       		.byte	0x2
 306 0180 7D       		.byte	0x7d
 307 0181 00       		.sleb128 0
 308 0182 01       		.byte	0x1
 309 0183 0A       		.uleb128 0xa
 310 0184 6E00     		.ascii	"n\000"
 311 0186 01       		.byte	0x1
 312 0187 67       		.byte	0x67
 313 0188 A5000000 		.4byte	0xa5
 314 018c 63000000 		.4byte	.LLST4
 315 0190 00       		.byte	0
 316 0191 00       		.byte	0
 317              		.section	.debug_abbrev,"",%progbits
 318              	.Ldebug_abbrev0:
 319 0000 01       		.uleb128 0x1
 320 0001 11       		.uleb128 0x11
 321 0002 01       		.byte	0x1
 322 0003 25       		.uleb128 0x25
 323 0004 0E       		.uleb128 0xe
 324 0005 13       		.uleb128 0x13
 325 0006 0B       		.uleb128 0xb
 326 0007 03       		.uleb128 0x3
 327 0008 0E       		.uleb128 0xe
 328 0009 1B       		.uleb128 0x1b
 329 000a 0E       		.uleb128 0xe
 330 000b 55       		.uleb128 0x55
 331 000c 06       		.uleb128 0x6
 332 000d 11       		.uleb128 0x11
 333 000e 01       		.uleb128 0x1
 334 000f 52       		.uleb128 0x52
 335 0010 01       		.uleb128 0x1
 336 0011 10       		.uleb128 0x10
ARM GAS  C:\Users\jenny\AppData\Local\Temp\ccUJbmKk.s 			page 7


 337 0012 06       		.uleb128 0x6
 338 0013 00       		.byte	0
 339 0014 00       		.byte	0
 340 0015 02       		.uleb128 0x2
 341 0016 24       		.uleb128 0x24
 342 0017 00       		.byte	0
 343 0018 0B       		.uleb128 0xb
 344 0019 0B       		.uleb128 0xb
 345 001a 3E       		.uleb128 0x3e
 346 001b 0B       		.uleb128 0xb
 347 001c 03       		.uleb128 0x3
 348 001d 08       		.uleb128 0x8
 349 001e 00       		.byte	0
 350 001f 00       		.byte	0
 351 0020 03       		.uleb128 0x3
 352 0021 24       		.uleb128 0x24
 353 0022 00       		.byte	0
 354 0023 0B       		.uleb128 0xb
 355 0024 0B       		.uleb128 0xb
 356 0025 3E       		.uleb128 0x3e
 357 0026 0B       		.uleb128 0xb
 358 0027 03       		.uleb128 0x3
 359 0028 0E       		.uleb128 0xe
 360 0029 00       		.byte	0
 361 002a 00       		.byte	0
 362 002b 04       		.uleb128 0x4
 363 002c 16       		.uleb128 0x16
 364 002d 00       		.byte	0
 365 002e 03       		.uleb128 0x3
 366 002f 0E       		.uleb128 0xe
 367 0030 3A       		.uleb128 0x3a
 368 0031 0B       		.uleb128 0xb
 369 0032 3B       		.uleb128 0x3b
 370 0033 0B       		.uleb128 0xb
 371 0034 49       		.uleb128 0x49
 372 0035 13       		.uleb128 0x13
 373 0036 00       		.byte	0
 374 0037 00       		.byte	0
 375 0038 05       		.uleb128 0x5
 376 0039 2E       		.uleb128 0x2e
 377 003a 01       		.byte	0x1
 378 003b 3F       		.uleb128 0x3f
 379 003c 0C       		.uleb128 0xc
 380 003d 03       		.uleb128 0x3
 381 003e 0E       		.uleb128 0xe
 382 003f 3A       		.uleb128 0x3a
 383 0040 0B       		.uleb128 0xb
 384 0041 3B       		.uleb128 0x3b
 385 0042 0B       		.uleb128 0xb
 386 0043 27       		.uleb128 0x27
 387 0044 0C       		.uleb128 0xc
 388 0045 49       		.uleb128 0x49
 389 0046 13       		.uleb128 0x13
 390 0047 20       		.uleb128 0x20
 391 0048 0B       		.uleb128 0xb
 392 0049 01       		.uleb128 0x1
 393 004a 13       		.uleb128 0x13
ARM GAS  C:\Users\jenny\AppData\Local\Temp\ccUJbmKk.s 			page 8


 394 004b 00       		.byte	0
 395 004c 00       		.byte	0
 396 004d 06       		.uleb128 0x6
 397 004e 05       		.uleb128 0x5
 398 004f 00       		.byte	0
 399 0050 03       		.uleb128 0x3
 400 0051 08       		.uleb128 0x8
 401 0052 3A       		.uleb128 0x3a
 402 0053 0B       		.uleb128 0xb
 403 0054 3B       		.uleb128 0x3b
 404 0055 0B       		.uleb128 0xb
 405 0056 49       		.uleb128 0x49
 406 0057 13       		.uleb128 0x13
 407 0058 00       		.byte	0
 408 0059 00       		.byte	0
 409 005a 07       		.uleb128 0x7
 410 005b 2E       		.uleb128 0x2e
 411 005c 01       		.byte	0x1
 412 005d 31       		.uleb128 0x31
 413 005e 13       		.uleb128 0x13
 414 005f 11       		.uleb128 0x11
 415 0060 01       		.uleb128 0x1
 416 0061 12       		.uleb128 0x12
 417 0062 01       		.uleb128 0x1
 418 0063 40       		.uleb128 0x40
 419 0064 0A       		.uleb128 0xa
 420 0065 9742     		.uleb128 0x2117
 421 0067 0C       		.uleb128 0xc
 422 0068 01       		.uleb128 0x1
 423 0069 13       		.uleb128 0x13
 424 006a 00       		.byte	0
 425 006b 00       		.byte	0
 426 006c 08       		.uleb128 0x8
 427 006d 05       		.uleb128 0x5
 428 006e 00       		.byte	0
 429 006f 31       		.uleb128 0x31
 430 0070 13       		.uleb128 0x13
 431 0071 02       		.uleb128 0x2
 432 0072 06       		.uleb128 0x6
 433 0073 00       		.byte	0
 434 0074 00       		.byte	0
 435 0075 09       		.uleb128 0x9
 436 0076 2E       		.uleb128 0x2e
 437 0077 01       		.byte	0x1
 438 0078 3F       		.uleb128 0x3f
 439 0079 0C       		.uleb128 0xc
 440 007a 03       		.uleb128 0x3
 441 007b 0E       		.uleb128 0xe
 442 007c 3A       		.uleb128 0x3a
 443 007d 0B       		.uleb128 0xb
 444 007e 3B       		.uleb128 0x3b
 445 007f 0B       		.uleb128 0xb
 446 0080 27       		.uleb128 0x27
 447 0081 0C       		.uleb128 0xc
 448 0082 49       		.uleb128 0x49
 449 0083 13       		.uleb128 0x13
 450 0084 11       		.uleb128 0x11
ARM GAS  C:\Users\jenny\AppData\Local\Temp\ccUJbmKk.s 			page 9


 451 0085 01       		.uleb128 0x1
 452 0086 12       		.uleb128 0x12
 453 0087 01       		.uleb128 0x1
 454 0088 40       		.uleb128 0x40
 455 0089 0A       		.uleb128 0xa
 456 008a 9742     		.uleb128 0x2117
 457 008c 0C       		.uleb128 0xc
 458 008d 01       		.uleb128 0x1
 459 008e 13       		.uleb128 0x13
 460 008f 00       		.byte	0
 461 0090 00       		.byte	0
 462 0091 0A       		.uleb128 0xa
 463 0092 05       		.uleb128 0x5
 464 0093 00       		.byte	0
 465 0094 03       		.uleb128 0x3
 466 0095 08       		.uleb128 0x8
 467 0096 3A       		.uleb128 0x3a
 468 0097 0B       		.uleb128 0xb
 469 0098 3B       		.uleb128 0x3b
 470 0099 0B       		.uleb128 0xb
 471 009a 49       		.uleb128 0x49
 472 009b 13       		.uleb128 0x13
 473 009c 02       		.uleb128 0x2
 474 009d 06       		.uleb128 0x6
 475 009e 00       		.byte	0
 476 009f 00       		.byte	0
 477 00a0 0B       		.uleb128 0xb
 478 00a1 1D       		.uleb128 0x1d
 479 00a2 01       		.byte	0x1
 480 00a3 31       		.uleb128 0x31
 481 00a4 13       		.uleb128 0x13
 482 00a5 11       		.uleb128 0x11
 483 00a6 01       		.uleb128 0x1
 484 00a7 12       		.uleb128 0x12
 485 00a8 01       		.uleb128 0x1
 486 00a9 58       		.uleb128 0x58
 487 00aa 0B       		.uleb128 0xb
 488 00ab 59       		.uleb128 0x59
 489 00ac 0B       		.uleb128 0xb
 490 00ad 00       		.byte	0
 491 00ae 00       		.byte	0
 492 00af 0C       		.uleb128 0xc
 493 00b0 2E       		.uleb128 0x2e
 494 00b1 01       		.byte	0x1
 495 00b2 3F       		.uleb128 0x3f
 496 00b3 0C       		.uleb128 0xc
 497 00b4 03       		.uleb128 0x3
 498 00b5 0E       		.uleb128 0xe
 499 00b6 3A       		.uleb128 0x3a
 500 00b7 0B       		.uleb128 0xb
 501 00b8 3B       		.uleb128 0x3b
 502 00b9 0B       		.uleb128 0xb
 503 00ba 27       		.uleb128 0x27
 504 00bb 0C       		.uleb128 0xc
 505 00bc 49       		.uleb128 0x49
 506 00bd 13       		.uleb128 0x13
 507 00be 11       		.uleb128 0x11
ARM GAS  C:\Users\jenny\AppData\Local\Temp\ccUJbmKk.s 			page 10


 508 00bf 01       		.uleb128 0x1
 509 00c0 12       		.uleb128 0x12
 510 00c1 01       		.uleb128 0x1
 511 00c2 40       		.uleb128 0x40
 512 00c3 0A       		.uleb128 0xa
 513 00c4 9742     		.uleb128 0x2117
 514 00c6 0C       		.uleb128 0xc
 515 00c7 00       		.byte	0
 516 00c8 00       		.byte	0
 517 00c9 00       		.byte	0
 518              		.section	.debug_loc,"",%progbits
 519              	.Ldebug_loc0:
 520              	.LLST0:
 521 0000 00000000 		.4byte	.LVL0
 522 0004 06000000 		.4byte	.LVL1
 523 0008 0100     		.2byte	0x1
 524 000a 50       		.byte	0x50
 525 000b 06000000 		.4byte	.LVL1
 526 000f 0A000000 		.4byte	.LFE7
 527 0013 0400     		.2byte	0x4
 528 0015 F3       		.byte	0xf3
 529 0016 01       		.uleb128 0x1
 530 0017 50       		.byte	0x50
 531 0018 9F       		.byte	0x9f
 532 0019 00000000 		.4byte	0
 533 001d 00000000 		.4byte	0
 534              	.LLST1:
 535 0021 00000000 		.4byte	.LVL2
 536 0025 06000000 		.4byte	.LVL3
 537 0029 0100     		.2byte	0x1
 538 002b 50       		.byte	0x50
 539 002c 06000000 		.4byte	.LVL3
 540 0030 0A000000 		.4byte	.LFE8
 541 0034 0400     		.2byte	0x4
 542 0036 F3       		.byte	0xf3
 543 0037 01       		.uleb128 0x1
 544 0038 50       		.byte	0x50
 545 0039 9F       		.byte	0x9f
 546 003a 00000000 		.4byte	0
 547 003e 00000000 		.4byte	0
 548              	.LLST3:
 549 0042 00000000 		.4byte	.LVL4
 550 0046 02000000 		.4byte	.LVL5
 551 004a 0100     		.2byte	0x1
 552 004c 50       		.byte	0x50
 553 004d 02000000 		.4byte	.LVL5
 554 0051 04000000 		.4byte	.LFE9
 555 0055 0400     		.2byte	0x4
 556 0057 F3       		.byte	0xf3
 557 0058 01       		.uleb128 0x1
 558 0059 50       		.byte	0x50
 559 005a 9F       		.byte	0x9f
 560 005b 00000000 		.4byte	0
 561 005f 00000000 		.4byte	0
 562              	.LLST4:
 563 0063 00000000 		.4byte	.LVL6
 564 0067 02000000 		.4byte	.LVL7
ARM GAS  C:\Users\jenny\AppData\Local\Temp\ccUJbmKk.s 			page 11


 565 006b 0100     		.2byte	0x1
 566 006d 50       		.byte	0x50
 567 006e 02000000 		.4byte	.LVL7
 568 0072 04000000 		.4byte	.LFE10
 569 0076 0400     		.2byte	0x4
 570 0078 F3       		.byte	0xf3
 571 0079 01       		.uleb128 0x1
 572 007a 50       		.byte	0x50
 573 007b 9F       		.byte	0x9f
 574 007c 00000000 		.4byte	0
 575 0080 00000000 		.4byte	0
 576              		.section	.debug_aranges,"",%progbits
 577 0000 34000000 		.4byte	0x34
 578 0004 0200     		.2byte	0x2
 579 0006 00000000 		.4byte	.Ldebug_info0
 580 000a 04       		.byte	0x4
 581 000b 00       		.byte	0
 582 000c 0000     		.2byte	0
 583 000e 0000     		.2byte	0
 584 0010 00000000 		.4byte	.LFB7
 585 0014 0A000000 		.4byte	.LFE7-.LFB7
 586 0018 00000000 		.4byte	.LFB8
 587 001c 0A000000 		.4byte	.LFE8-.LFB8
 588 0020 00000000 		.4byte	.LFB9
 589 0024 04000000 		.4byte	.LFE9-.LFB9
 590 0028 00000000 		.4byte	.LFB10
 591 002c 04000000 		.4byte	.LFE10-.LFB10
 592 0030 00000000 		.4byte	0
 593 0034 00000000 		.4byte	0
 594              		.section	.debug_ranges,"",%progbits
 595              	.Ldebug_ranges0:
 596 0000 00000000 		.4byte	.LFB7
 597 0004 0A000000 		.4byte	.LFE7
 598 0008 00000000 		.4byte	.LFB8
 599 000c 0A000000 		.4byte	.LFE8
 600 0010 00000000 		.4byte	.LFB9
 601 0014 04000000 		.4byte	.LFE9
 602 0018 00000000 		.4byte	.LFB10
 603 001c 04000000 		.4byte	.LFE10
 604 0020 00000000 		.4byte	0
 605 0024 00000000 		.4byte	0
 606              		.section	.debug_line,"",%progbits
 607              	.Ldebug_line0:
 608 0000 11010000 		.section	.debug_str,"MS",%progbits,1
 608      0200C100 
 608      00000201 
 608      FB0E0D00 
 608      01010101 
 609              	.LASF9:
 610 0000 6C6F6E67 		.ascii	"long long int\000"
 610      206C6F6E 
 610      6720696E 
 610      7400
 611              	.LASF0:
 612 000e 756E7369 		.ascii	"unsigned int\000"
 612      676E6564 
 612      20696E74 
ARM GAS  C:\Users\jenny\AppData\Local\Temp\ccUJbmKk.s 			page 12


 612      00
 613              	.LASF2:
 614 001b 756E7369 		.ascii	"unsigned char\000"
 614      676E6564 
 614      20636861 
 614      7200
 615              	.LASF8:
 616 0029 6C6F6E67 		.ascii	"long unsigned int\000"
 616      20756E73 
 616      69676E65 
 616      6420696E 
 616      7400
 617              	.LASF10:
 618 003b 6C6F6E67 		.ascii	"long long unsigned int\000"
 618      206C6F6E 
 618      6720756E 
 618      7369676E 
 618      65642069 
 619              	.LASF14:
 620 0052 7531365F 		.ascii	"u16_t\000"
 620      7400
 621              	.LASF22:
 622 0058 6C776970 		.ascii	"lwip_ntohl\000"
 622      5F6E746F 
 622      686C00
 623              	.LASF19:
 624 0063 2E2E2F2E 		.ascii	"../../ext/lwip/src/core/def.c\000"
 624      2E2F6578 
 624      742F6C77 
 624      69702F73 
 624      72632F63 
 625              	.LASF15:
 626 0081 7533325F 		.ascii	"u32_t\000"
 626      7400
 627              	.LASF13:
 628 0087 63686172 		.ascii	"char\000"
 628      00
 629              	.LASF7:
 630 008c 75696E74 		.ascii	"uint32_t\000"
 630      33325F74 
 630      00
 631              	.LASF5:
 632 0095 6C6F6E67 		.ascii	"long int\000"
 632      20696E74 
 632      00
 633              	.LASF3:
 634 009e 73686F72 		.ascii	"short int\000"
 634      7420696E 
 634      7400
 635              	.LASF11:
 636 00a8 5F426F6F 		.ascii	"_Bool\000"
 636      6C00
 637              	.LASF17:
 638 00ae 6C776970 		.ascii	"lwip_htonl\000"
 638      5F68746F 
 638      6E6C00
 639              	.LASF20:
ARM GAS  C:\Users\jenny\AppData\Local\Temp\ccUJbmKk.s 			page 13


 640 00b9 443A5C6A 		.ascii	"D:\\jenny\\dev\\probe\\chibios\\chibios.workspace\\"
 640      656E6E79 
 640      5C646576 
 640      5C70726F 
 640      62655C63 
 641 00e6 64656D6F 		.ascii	"demos\\ARMCM4-STM32F407-LWIP-FATFS-USB\000"
 641      735C4152 
 641      4D434D34 
 641      2D53544D 
 641      33324634 
 642              	.LASF4:
 643 010c 73686F72 		.ascii	"short unsigned int\000"
 643      7420756E 
 643      7369676E 
 643      65642069 
 643      6E7400
 644              	.LASF1:
 645 011f 7369676E 		.ascii	"signed char\000"
 645      65642063 
 645      68617200 
 646              	.LASF6:
 647 012b 75696E74 		.ascii	"uint16_t\000"
 647      31365F74 
 647      00
 648              	.LASF12:
 649 0134 73697A65 		.ascii	"sizetype\000"
 649      74797065 
 649      00
 650              	.LASF21:
 651 013d 6C776970 		.ascii	"lwip_ntohs\000"
 651      5F6E746F 
 651      687300
 652              	.LASF18:
 653 0148 474E5520 		.ascii	"GNU C 4.7.4 20130913 (release) [ARM/embedded-4_7-br"
 653      4320342E 
 653      372E3420 
 653      32303133 
 653      30393133 
 654 017b 616E6368 		.ascii	"anch revision 202601]\000"
 654      20726576 
 654      6973696F 
 654      6E203230 
 654      32363031 
 655              	.LASF16:
 656 0191 6C776970 		.ascii	"lwip_htons\000"
 656      5F68746F 
 656      6E7300
 657              		.ident	"GCC: (GNU Tools for ARM Embedded Processors) 4.7.4 20130913 (release) [ARM/embedded-4_7-br
ARM GAS  C:\Users\jenny\AppData\Local\Temp\ccUJbmKk.s 			page 14


DEFINED SYMBOLS
                            *ABS*:00000000 def.c
C:\Users\jenny\AppData\Local\Temp\ccUJbmKk.s:20     .text.lwip_htons:00000000 $t
C:\Users\jenny\AppData\Local\Temp\ccUJbmKk.s:26     .text.lwip_htons:00000000 lwip_htons
C:\Users\jenny\AppData\Local\Temp\ccUJbmKk.s:46     .text.lwip_ntohs:00000000 $t
C:\Users\jenny\AppData\Local\Temp\ccUJbmKk.s:52     .text.lwip_ntohs:00000000 lwip_ntohs
C:\Users\jenny\AppData\Local\Temp\ccUJbmKk.s:75     .text.lwip_htonl:00000000 $t
C:\Users\jenny\AppData\Local\Temp\ccUJbmKk.s:81     .text.lwip_htonl:00000000 lwip_htonl
C:\Users\jenny\AppData\Local\Temp\ccUJbmKk.s:97     .text.lwip_ntohl:00000000 $t
C:\Users\jenny\AppData\Local\Temp\ccUJbmKk.s:103    .text.lwip_ntohl:00000000 lwip_ntohl
                     .debug_frame:00000010 $d

NO UNDEFINED SYMBOLS
