ARM GAS  C:\Users\jenny\AppData\Local\Temp\ccbm6qKM.s 			page 1


   1              		.syntax unified
   2              		.cpu cortex-m4
   3              		.eabi_attribute 27, 3
   4              		.fpu fpv4-sp-d16
   5              		.eabi_attribute 20, 1
   6              		.eabi_attribute 21, 1
   7              		.eabi_attribute 23, 3
   8              		.eabi_attribute 24, 1
   9              		.eabi_attribute 25, 1
  10              		.eabi_attribute 26, 1
  11              		.eabi_attribute 30, 2
  12              		.eabi_attribute 34, 1
  13              		.eabi_attribute 18, 4
  14              		.thumb
  15              		.file	"fatfs_syscall.c"
  16              		.text
  17              	.Ltext0:
  18              		.cfi_sections	.debug_frame
  19              		.section	.text.ff_cre_syncobj,"ax",%progbits
  20              		.align	2
  21              		.p2align 4,,15
  22              		.global	ff_cre_syncobj
  23              		.thumb
  24              		.thumb_func
  25              		.type	ff_cre_syncobj, %function
  26              	ff_cre_syncobj:
  27              	.LFB7:
  28              		.file 1 "../../os/various/fatfs_bindings/fatfs_syscall.c"
  29              		.loc 1 34 0
  30              		.cfi_startproc
  31              		@ args = 0, pretend = 0, frame = 0
  32              		@ frame_needed = 0, uses_anonymous_args = 0
  33              	.LVL0:
  34 0000 08B5     		push	{r3, lr}
  35              	.LCFI0:
  36              		.cfi_def_cfa_offset 8
  37              		.cfi_offset 3, -8
  38              		.cfi_offset 14, -4
  39              		.loc 1 36 0
  40 0002 40F20003 		movw	r3, #:lower16:.LANCHOR0
  41 0006 C0F20003 		movt	r3, #:upper16:.LANCHOR0
  42 000a 00EB4000 		add	r0, r0, r0, lsl #1
  43              	.LVL1:
  44 000e 03EB8000 		add	r0, r3, r0, lsl #2
  45 0012 0860     		str	r0, [r1, #0]
  46              		.loc 1 37 0
  47 0014 0121     		movs	r1, #1
  48              	.LVL2:
  49 0016 FFF7FEFF 		bl	chSemInit
  50              	.LVL3:
  51              		.loc 1 39 0
  52 001a 0120     		movs	r0, #1
  53 001c 08BD     		pop	{r3, pc}
  54              		.cfi_endproc
  55              	.LFE7:
  56              		.size	ff_cre_syncobj, .-ff_cre_syncobj
  57 001e 00BF     		.section	.text.ff_del_syncobj,"ax",%progbits
ARM GAS  C:\Users\jenny\AppData\Local\Temp\ccbm6qKM.s 			page 2


  58              		.align	2
  59              		.p2align 4,,15
  60              		.global	ff_del_syncobj
  61              		.thumb
  62              		.thumb_func
  63              		.type	ff_del_syncobj, %function
  64              	ff_del_syncobj:
  65              	.LFB8:
  66              		.loc 1 44 0
  67              		.cfi_startproc
  68              		@ args = 0, pretend = 0, frame = 0
  69              		@ frame_needed = 0, uses_anonymous_args = 0
  70              	.LVL4:
  71 0000 08B5     		push	{r3, lr}
  72              	.LCFI1:
  73              		.cfi_def_cfa_offset 8
  74              		.cfi_offset 3, -8
  75              		.cfi_offset 14, -4
  76              		.loc 1 46 0
  77 0002 0021     		movs	r1, #0
  78 0004 FFF7FEFF 		bl	chSemReset
  79              	.LVL5:
  80              		.loc 1 48 0
  81 0008 0120     		movs	r0, #1
  82 000a 08BD     		pop	{r3, pc}
  83              		.cfi_endproc
  84              	.LFE8:
  85              		.size	ff_del_syncobj, .-ff_del_syncobj
  86 000c AFF30080 		.section	.text.ff_req_grant,"ax",%progbits
  87              		.align	2
  88              		.p2align 4,,15
  89              		.global	ff_req_grant
  90              		.thumb
  91              		.thumb_func
  92              		.type	ff_req_grant, %function
  93              	ff_req_grant:
  94              	.LFB9:
  95              		.loc 1 53 0
  96              		.cfi_startproc
  97              		@ args = 0, pretend = 0, frame = 0
  98              		@ frame_needed = 0, uses_anonymous_args = 0
  99              	.LVL6:
 100 0000 08B5     		push	{r3, lr}
 101              	.LCFI2:
 102              		.cfi_def_cfa_offset 8
 103              		.cfi_offset 3, -8
 104              		.cfi_offset 14, -4
 105              		.loc 1 55 0
 106 0002 4FF47A71 		mov	r1, #1000
 107 0006 FFF7FEFF 		bl	chSemWaitTimeout
 108              	.LVL7:
 109              		.loc 1 57 0
 110 000a D0F10100 		rsbs	r0, r0, #1
 111              	.LVL8:
 112 000e 38BF     		it	cc
 113 0010 0020     		movcc	r0, #0
 114 0012 08BD     		pop	{r3, pc}
ARM GAS  C:\Users\jenny\AppData\Local\Temp\ccbm6qKM.s 			page 3


 115              		.cfi_endproc
 116              	.LFE9:
 117              		.size	ff_req_grant, .-ff_req_grant
 118 0014 AFF30080 		.section	.text.ff_rel_grant,"ax",%progbits
 118      AFF30080 
 118      AFF30080 
 119              		.align	2
 120              		.p2align 4,,15
 121              		.global	ff_rel_grant
 122              		.thumb
 123              		.thumb_func
 124              		.type	ff_rel_grant, %function
 125              	ff_rel_grant:
 126              	.LFB10:
 127              		.loc 1 62 0
 128              		.cfi_startproc
 129              		@ args = 0, pretend = 0, frame = 0
 130              		@ frame_needed = 0, uses_anonymous_args = 0
 131              		@ link register save eliminated.
 132              	.LVL9:
 133              		.loc 1 65 0
 134              		.loc 1 64 0
 135 0000 FFF7FEBF 		b	chSemSignal
 136              	.LVL10:
 137              		.cfi_endproc
 138              	.LFE10:
 139              		.size	ff_rel_grant, .-ff_rel_grant
 140 0004 AFF30080 		.section	.text.ff_memalloc,"ax",%progbits
 140      AFF30080 
 140      AFF30080 
 141              		.align	2
 142              		.p2align 4,,15
 143              		.global	ff_memalloc
 144              		.thumb
 145              		.thumb_func
 146              		.type	ff_memalloc, %function
 147              	ff_memalloc:
 148              	.LFB11:
 149              		.loc 1 72 0
 150              		.cfi_startproc
 151              		@ args = 0, pretend = 0, frame = 0
 152              		@ frame_needed = 0, uses_anonymous_args = 0
 153              		@ link register save eliminated.
 154              	.LVL11:
 155              		.loc 1 72 0
 156 0000 0146     		mov	r1, r0
 157              		.loc 1 74 0
 158 0002 0020     		movs	r0, #0
 159              	.LVL12:
 160              		.loc 1 75 0
 161              		.loc 1 74 0
 162 0004 FFF7FEBF 		b	chHeapAlloc
 163              	.LVL13:
 164              		.cfi_endproc
 165              	.LFE11:
 166              		.size	ff_memalloc, .-ff_memalloc
 167 0008 AFF30080 		.section	.text.ff_memfree,"ax",%progbits
ARM GAS  C:\Users\jenny\AppData\Local\Temp\ccbm6qKM.s 			page 4


 167      AFF30080 
 168              		.align	2
 169              		.p2align 4,,15
 170              		.global	ff_memfree
 171              		.thumb
 172              		.thumb_func
 173              		.type	ff_memfree, %function
 174              	ff_memfree:
 175              	.LFB12:
 176              		.loc 1 80 0
 177              		.cfi_startproc
 178              		@ args = 0, pretend = 0, frame = 0
 179              		@ frame_needed = 0, uses_anonymous_args = 0
 180              		@ link register save eliminated.
 181              	.LVL14:
 182              		.loc 1 83 0
 183              		.loc 1 82 0
 184 0000 FFF7FEBF 		b	chHeapFree
 185              	.LVL15:
 186              		.cfi_endproc
 187              	.LFE12:
 188              		.size	ff_memfree, .-ff_memfree
 189 0004 AFF30080 		.section	.bss.ff_sem,"aw",%nobits
 189      AFF30080 
 189      AFF30080 
 190              		.align	2
 191              		.set	.LANCHOR0,. + 0
 192              		.type	ff_sem, %object
 193              		.size	ff_sem, 12
 194              	ff_sem:
 195 0000 00000000 		.space	12
 195      00000000 
 195      00000000 
 196              		.text
 197              	.Letext0:
 198              		.file 2 "c:\\fbin\\yagarto\\bin\\../lib/gcc/arm-none-eabi/4.7.4/include/stddef.h"
 199              		.file 3 "c:\\fbin\\yagarto\\bin\\../lib/gcc/arm-none-eabi/4.7.4/../../../../arm-none-eabi/include/
 200              		.file 4 "../../os/ports/GCC/ARMCMx/chtypes.h"
 201              		.file 5 "../../os/kernel/include/chlists.h"
 202              		.file 6 "../../os/kernel/include/chthreads.h"
 203              		.file 7 "../../os/ports/GCC/ARMCMx/chcore_v7m.h"
 204              		.file 8 "../../os/kernel/include/chsem.h"
 205              		.file 9 "../../os/kernel/include/chmtx.h"
 206              		.file 10 "../../os/kernel/include/chmemcore.h"
 207              		.file 11 "../../os/kernel/include/chheap.h"
 208              		.file 12 "../../ext/fatfs/src/integer.h"
 209              		.section	.debug_info,"",%progbits
 210              	.Ldebug_info0:
 211 0000 67080000 		.4byte	0x867
 212 0004 0200     		.2byte	0x2
 213 0006 00000000 		.4byte	.Ldebug_abbrev0
 214 000a 04       		.byte	0x4
 215 000b 01       		.uleb128 0x1
 216 000c DC000000 		.4byte	.LASF89
 217 0010 01       		.byte	0x1
 218 0011 95000000 		.4byte	.LASF90
 219 0015 7B030000 		.4byte	.LASF91
ARM GAS  C:\Users\jenny\AppData\Local\Temp\ccbm6qKM.s 			page 5


 220 0019 00000000 		.4byte	.Ldebug_ranges0+0
 221 001d 00000000 		.4byte	0
 222 0021 00000000 		.4byte	0
 223 0025 00000000 		.4byte	.Ldebug_line0
 224 0029 02       		.uleb128 0x2
 225 002a 04       		.byte	0x4
 226 002b 05       		.byte	0x5
 227 002c 696E7400 		.ascii	"int\000"
 228 0030 03       		.uleb128 0x3
 229 0031 00000000 		.4byte	.LASF2
 230 0035 02       		.byte	0x2
 231 0036 D5       		.byte	0xd5
 232 0037 3B000000 		.4byte	0x3b
 233 003b 04       		.uleb128 0x4
 234 003c 04       		.byte	0x4
 235 003d 07       		.byte	0x7
 236 003e 79010000 		.4byte	.LASF0
 237 0042 04       		.uleb128 0x4
 238 0043 01       		.byte	0x1
 239 0044 06       		.byte	0x6
 240 0045 5C000000 		.4byte	.LASF1
 241 0049 03       		.uleb128 0x3
 242 004a 68030000 		.4byte	.LASF3
 243 004e 03       		.byte	0x3
 244 004f 2A       		.byte	0x2a
 245 0050 54000000 		.4byte	0x54
 246 0054 04       		.uleb128 0x4
 247 0055 01       		.byte	0x1
 248 0056 08       		.byte	0x8
 249 0057 8F020000 		.4byte	.LASF4
 250 005b 04       		.uleb128 0x4
 251 005c 02       		.byte	0x2
 252 005d 05       		.byte	0x5
 253 005e B3020000 		.4byte	.LASF5
 254 0062 04       		.uleb128 0x4
 255 0063 02       		.byte	0x2
 256 0064 07       		.byte	0x7
 257 0065 D1010000 		.4byte	.LASF6
 258 0069 03       		.uleb128 0x3
 259 006a 87020000 		.4byte	.LASF7
 260 006e 03       		.byte	0x3
 261 006f 4F       		.byte	0x4f
 262 0070 74000000 		.4byte	0x74
 263 0074 04       		.uleb128 0x4
 264 0075 04       		.byte	0x4
 265 0076 05       		.byte	0x5
 266 0077 25010000 		.4byte	.LASF8
 267 007b 03       		.uleb128 0x3
 268 007c 10030000 		.4byte	.LASF9
 269 0080 03       		.byte	0x3
 270 0081 50       		.byte	0x50
 271 0082 86000000 		.4byte	0x86
 272 0086 04       		.uleb128 0x4
 273 0087 04       		.byte	0x4
 274 0088 07       		.byte	0x7
 275 0089 73000000 		.4byte	.LASF10
 276 008d 04       		.uleb128 0x4
ARM GAS  C:\Users\jenny\AppData\Local\Temp\ccbm6qKM.s 			page 6


 277 008e 08       		.byte	0x8
 278 008f 05       		.byte	0x5
 279 0090 4E000000 		.4byte	.LASF11
 280 0094 03       		.uleb128 0x3
 281 0095 0E000000 		.4byte	.LASF12
 282 0099 03       		.byte	0x3
 283 009a 78       		.byte	0x78
 284 009b 9F000000 		.4byte	0x9f
 285 009f 04       		.uleb128 0x4
 286 00a0 08       		.byte	0x8
 287 00a1 07       		.byte	0x7
 288 00a2 24000000 		.4byte	.LASF13
 289 00a6 04       		.uleb128 0x4
 290 00a7 01       		.byte	0x1
 291 00a8 02       		.byte	0x2
 292 00a9 81020000 		.4byte	.LASF14
 293 00ad 03       		.uleb128 0x3
 294 00ae F5010000 		.4byte	.LASF15
 295 00b2 04       		.byte	0x4
 296 00b3 2C       		.byte	0x2c
 297 00b4 49000000 		.4byte	0x49
 298 00b8 03       		.uleb128 0x3
 299 00b9 3D010000 		.4byte	.LASF16
 300 00bd 04       		.byte	0x4
 301 00be 2D       		.byte	0x2d
 302 00bf 49000000 		.4byte	0x49
 303 00c3 03       		.uleb128 0x3
 304 00c4 6A020000 		.4byte	.LASF17
 305 00c8 04       		.byte	0x4
 306 00c9 2E       		.byte	0x2e
 307 00ca 49000000 		.4byte	0x49
 308 00ce 03       		.uleb128 0x3
 309 00cf 1E030000 		.4byte	.LASF18
 310 00d3 04       		.byte	0x4
 311 00d4 2F       		.byte	0x2f
 312 00d5 49000000 		.4byte	0x49
 313 00d9 03       		.uleb128 0x3
 314 00da 79020000 		.4byte	.LASF19
 315 00de 04       		.byte	0x4
 316 00df 30       		.byte	0x30
 317 00e0 7B000000 		.4byte	0x7b
 318 00e4 03       		.uleb128 0x3
 319 00e5 EF010000 		.4byte	.LASF20
 320 00e9 04       		.byte	0x4
 321 00ea 31       		.byte	0x31
 322 00eb 69000000 		.4byte	0x69
 323 00ef 03       		.uleb128 0x3
 324 00f0 09020000 		.4byte	.LASF21
 325 00f4 04       		.byte	0x4
 326 00f5 33       		.byte	0x33
 327 00f6 7B000000 		.4byte	0x7b
 328 00fa 03       		.uleb128 0x3
 329 00fb 34030000 		.4byte	.LASF22
 330 00ff 04       		.byte	0x4
 331 0100 35       		.byte	0x35
 332 0101 7B000000 		.4byte	0x7b
 333 0105 03       		.uleb128 0x3
ARM GAS  C:\Users\jenny\AppData\Local\Temp\ccbm6qKM.s 			page 7


 334 0106 73010000 		.4byte	.LASF23
 335 010a 04       		.byte	0x4
 336 010b 36       		.byte	0x36
 337 010c 69000000 		.4byte	0x69
 338 0110 03       		.uleb128 0x3
 339 0111 F2020000 		.4byte	.LASF24
 340 0115 05       		.byte	0x5
 341 0116 2A       		.byte	0x2a
 342 0117 1B010000 		.4byte	0x11b
 343 011b 05       		.uleb128 0x5
 344 011c F2020000 		.4byte	.LASF24
 345 0120 48       		.byte	0x48
 346 0121 06       		.byte	0x6
 347 0122 5E       		.byte	0x5e
 348 0123 40020000 		.4byte	0x240
 349 0127 06       		.uleb128 0x6
 350 0128 E3020000 		.4byte	.LASF25
 351 012c 06       		.byte	0x6
 352 012d 5F       		.byte	0x5f
 353 012e 65020000 		.4byte	0x265
 354 0132 02       		.byte	0x2
 355 0133 23       		.byte	0x23
 356 0134 00       		.uleb128 0
 357 0135 06       		.uleb128 0x6
 358 0136 72020000 		.4byte	.LASF26
 359 013a 06       		.byte	0x6
 360 013b 61       		.byte	0x61
 361 013c 65020000 		.4byte	0x265
 362 0140 02       		.byte	0x2
 363 0141 23       		.byte	0x23
 364 0142 04       		.uleb128 0x4
 365 0143 06       		.uleb128 0x6
 366 0144 47000000 		.4byte	.LASF27
 367 0148 06       		.byte	0x6
 368 0149 63       		.byte	0x63
 369 014a D9000000 		.4byte	0xd9
 370 014e 02       		.byte	0x2
 371 014f 23       		.byte	0x23
 372 0150 08       		.uleb128 0x8
 373 0151 06       		.uleb128 0x6
 374 0152 F9030000 		.4byte	.LASF28
 375 0156 06       		.byte	0x6
 376 0157 64       		.byte	0x64
 377 0158 2E040000 		.4byte	0x42e
 378 015c 02       		.byte	0x2
 379 015d 23       		.byte	0x23
 380 015e 0C       		.uleb128 0xc
 381 015f 06       		.uleb128 0x6
 382 0160 46010000 		.4byte	.LASF29
 383 0164 06       		.byte	0x6
 384 0165 66       		.byte	0x66
 385 0166 65020000 		.4byte	0x265
 386 016a 02       		.byte	0x2
 387 016b 23       		.byte	0x23
 388 016c 10       		.uleb128 0x10
 389 016d 06       		.uleb128 0x6
 390 016e 36020000 		.4byte	.LASF30
ARM GAS  C:\Users\jenny\AppData\Local\Temp\ccbm6qKM.s 			page 8


 391 0172 06       		.byte	0x6
 392 0173 67       		.byte	0x67
 393 0174 65020000 		.4byte	0x265
 394 0178 02       		.byte	0x2
 395 0179 23       		.byte	0x23
 396 017a 14       		.uleb128 0x14
 397 017b 06       		.uleb128 0x6
 398 017c D5030000 		.4byte	.LASF31
 399 0180 06       		.byte	0x6
 400 0181 6E       		.byte	0x6e
 401 0182 E0050000 		.4byte	0x5e0
 402 0186 02       		.byte	0x2
 403 0187 23       		.byte	0x23
 404 0188 18       		.uleb128 0x18
 405 0189 06       		.uleb128 0x6
 406 018a BD020000 		.4byte	.LASF32
 407 018e 06       		.byte	0x6
 408 018f 79       		.byte	0x79
 409 0190 B8000000 		.4byte	0xb8
 410 0194 02       		.byte	0x2
 411 0195 23       		.byte	0x23
 412 0196 1C       		.uleb128 0x1c
 413 0197 06       		.uleb128 0x6
 414 0198 EA020000 		.4byte	.LASF33
 415 019c 06       		.byte	0x6
 416 019d 7D       		.byte	0x7d
 417 019e AD000000 		.4byte	0xad
 418 01a2 02       		.byte	0x2
 419 01a3 23       		.byte	0x23
 420 01a4 1D       		.uleb128 0x1d
 421 01a5 06       		.uleb128 0x6
 422 01a6 61030000 		.4byte	.LASF34
 423 01aa 06       		.byte	0x6
 424 01ab 82       		.byte	0x82
 425 01ac C3000000 		.4byte	0xc3
 426 01b0 02       		.byte	0x2
 427 01b1 23       		.byte	0x23
 428 01b2 1E       		.uleb128 0x1e
 429 01b3 06       		.uleb128 0x6
 430 01b4 C5020000 		.4byte	.LASF35
 431 01b8 06       		.byte	0x6
 432 01b9 88       		.byte	0x88
 433 01ba CE000000 		.4byte	0xce
 434 01be 02       		.byte	0x2
 435 01bf 23       		.byte	0x23
 436 01c0 1F       		.uleb128 0x1f
 437 01c1 06       		.uleb128 0x6
 438 01c2 49030000 		.4byte	.LASF36
 439 01c6 06       		.byte	0x6
 440 01c7 8F       		.byte	0x8f
 441 01c8 58040000 		.4byte	0x458
 442 01cc 02       		.byte	0x2
 443 01cd 23       		.byte	0x23
 444 01ce 20       		.uleb128 0x20
 445 01cf 07       		.uleb128 0x7
 446 01d0 705F7500 		.ascii	"p_u\000"
 447 01d4 06       		.byte	0x6
ARM GAS  C:\Users\jenny\AppData\Local\Temp\ccbm6qKM.s 			page 9


 448 01d5 B4       		.byte	0xb4
 449 01d6 AB050000 		.4byte	0x5ab
 450 01da 02       		.byte	0x2
 451 01db 23       		.byte	0x23
 452 01dc 24       		.uleb128 0x24
 453 01dd 06       		.uleb128 0x6
 454 01de FF030000 		.4byte	.LASF37
 455 01e2 06       		.byte	0x6
 456 01e3 B9       		.byte	0xb9
 457 01e4 8D020000 		.4byte	0x28d
 458 01e8 02       		.byte	0x2
 459 01e9 23       		.byte	0x23
 460 01ea 28       		.uleb128 0x28
 461 01eb 06       		.uleb128 0x6
 462 01ec A7010000 		.4byte	.LASF38
 463 01f0 06       		.byte	0x6
 464 01f1 BF       		.byte	0xbf
 465 01f2 6B020000 		.4byte	0x26b
 466 01f6 02       		.byte	0x2
 467 01f7 23       		.byte	0x23
 468 01f8 2C       		.uleb128 0x2c
 469 01f9 06       		.uleb128 0x6
 470 01fa EB030000 		.4byte	.LASF39
 471 01fe 06       		.byte	0x6
 472 01ff C3       		.byte	0xc3
 473 0200 E4000000 		.4byte	0xe4
 474 0204 02       		.byte	0x2
 475 0205 23       		.byte	0x23
 476 0206 34       		.uleb128 0x34
 477 0207 06       		.uleb128 0x6
 478 0208 05030000 		.4byte	.LASF40
 479 020c 06       		.byte	0x6
 480 020d C9       		.byte	0xc9
 481 020e EF000000 		.4byte	0xef
 482 0212 02       		.byte	0x2
 483 0213 23       		.byte	0x23
 484 0214 38       		.uleb128 0x38
 485 0215 06       		.uleb128 0x6
 486 0216 A9020000 		.4byte	.LASF41
 487 021a 06       		.byte	0x6
 488 021b D0       		.byte	0xd0
 489 021c F2050000 		.4byte	0x5f2
 490 0220 02       		.byte	0x2
 491 0221 23       		.byte	0x23
 492 0222 3C       		.uleb128 0x3c
 493 0223 06       		.uleb128 0x6
 494 0224 3E030000 		.4byte	.LASF42
 495 0228 06       		.byte	0x6
 496 0229 D4       		.byte	0xd4
 497 022a D9000000 		.4byte	0xd9
 498 022e 02       		.byte	0x2
 499 022f 23       		.byte	0x23
 500 0230 40       		.uleb128 0x40
 501 0231 06       		.uleb128 0x6
 502 0232 85000000 		.4byte	.LASF43
 503 0236 06       		.byte	0x6
 504 0237 DA       		.byte	0xda
ARM GAS  C:\Users\jenny\AppData\Local\Temp\ccbm6qKM.s 			page 10


 505 0238 A3020000 		.4byte	0x2a3
 506 023c 02       		.byte	0x2
 507 023d 23       		.byte	0x23
 508 023e 44       		.uleb128 0x44
 509 023f 00       		.byte	0
 510 0240 08       		.uleb128 0x8
 511 0241 08       		.byte	0x8
 512 0242 05       		.byte	0x5
 513 0243 61       		.byte	0x61
 514 0244 65020000 		.4byte	0x265
 515 0248 06       		.uleb128 0x6
 516 0249 E3020000 		.4byte	.LASF25
 517 024d 05       		.byte	0x5
 518 024e 62       		.byte	0x62
 519 024f 65020000 		.4byte	0x265
 520 0253 02       		.byte	0x2
 521 0254 23       		.byte	0x23
 522 0255 00       		.uleb128 0
 523 0256 06       		.uleb128 0x6
 524 0257 72020000 		.4byte	.LASF26
 525 025b 05       		.byte	0x5
 526 025c 64       		.byte	0x64
 527 025d 65020000 		.4byte	0x265
 528 0261 02       		.byte	0x2
 529 0262 23       		.byte	0x23
 530 0263 04       		.uleb128 0x4
 531 0264 00       		.byte	0
 532 0265 09       		.uleb128 0x9
 533 0266 04       		.byte	0x4
 534 0267 10010000 		.4byte	0x110
 535 026b 03       		.uleb128 0x3
 536 026c 3E020000 		.4byte	.LASF44
 537 0270 05       		.byte	0x5
 538 0271 66       		.byte	0x66
 539 0272 40020000 		.4byte	0x240
 540 0276 08       		.uleb128 0x8
 541 0277 04       		.byte	0x4
 542 0278 05       		.byte	0x5
 543 0279 6B       		.byte	0x6b
 544 027a 8D020000 		.4byte	0x28d
 545 027e 06       		.uleb128 0x6
 546 027f E3020000 		.4byte	.LASF25
 547 0283 05       		.byte	0x5
 548 0284 6D       		.byte	0x6d
 549 0285 65020000 		.4byte	0x265
 550 0289 02       		.byte	0x2
 551 028a 23       		.byte	0x23
 552 028b 00       		.uleb128 0
 553 028c 00       		.byte	0
 554 028d 03       		.uleb128 0x3
 555 028e FD010000 		.4byte	.LASF45
 556 0292 05       		.byte	0x5
 557 0293 70       		.byte	0x70
 558 0294 76020000 		.4byte	0x276
 559 0298 03       		.uleb128 0x3
 560 0299 5F010000 		.4byte	.LASF46
 561 029d 07       		.byte	0x7
ARM GAS  C:\Users\jenny\AppData\Local\Temp\ccbm6qKM.s 			page 11


 562 029e E5       		.byte	0xe5
 563 029f A3020000 		.4byte	0x2a3
 564 02a3 0A       		.uleb128 0xa
 565 02a4 04       		.byte	0x4
 566 02a5 03       		.uleb128 0x3
 567 02a6 15020000 		.4byte	.LASF47
 568 02aa 07       		.byte	0x7
 569 02ab EB       		.byte	0xeb
 570 02ac 94000000 		.4byte	0x94
 571 02b0 0B       		.uleb128 0xb
 572 02b1 50030000 		.4byte	.LASF48
 573 02b5 64       		.byte	0x64
 574 02b6 07       		.byte	0x7
 575 02b7 0C01     		.2byte	0x10c
 576 02b9 2E040000 		.4byte	0x42e
 577 02bd 0C       		.uleb128 0xc
 578 02be 73313600 		.ascii	"s16\000"
 579 02c2 07       		.byte	0x7
 580 02c3 0E01     		.2byte	0x10e
 581 02c5 98020000 		.4byte	0x298
 582 02c9 02       		.byte	0x2
 583 02ca 23       		.byte	0x23
 584 02cb 00       		.uleb128 0
 585 02cc 0C       		.uleb128 0xc
 586 02cd 73313700 		.ascii	"s17\000"
 587 02d1 07       		.byte	0x7
 588 02d2 0F01     		.2byte	0x10f
 589 02d4 98020000 		.4byte	0x298
 590 02d8 02       		.byte	0x2
 591 02d9 23       		.byte	0x23
 592 02da 04       		.uleb128 0x4
 593 02db 0C       		.uleb128 0xc
 594 02dc 73313800 		.ascii	"s18\000"
 595 02e0 07       		.byte	0x7
 596 02e1 1001     		.2byte	0x110
 597 02e3 98020000 		.4byte	0x298
 598 02e7 02       		.byte	0x2
 599 02e8 23       		.byte	0x23
 600 02e9 08       		.uleb128 0x8
 601 02ea 0C       		.uleb128 0xc
 602 02eb 73313900 		.ascii	"s19\000"
 603 02ef 07       		.byte	0x7
 604 02f0 1101     		.2byte	0x111
 605 02f2 98020000 		.4byte	0x298
 606 02f6 02       		.byte	0x2
 607 02f7 23       		.byte	0x23
 608 02f8 0C       		.uleb128 0xc
 609 02f9 0C       		.uleb128 0xc
 610 02fa 73323000 		.ascii	"s20\000"
 611 02fe 07       		.byte	0x7
 612 02ff 1201     		.2byte	0x112
 613 0301 98020000 		.4byte	0x298
 614 0305 02       		.byte	0x2
 615 0306 23       		.byte	0x23
 616 0307 10       		.uleb128 0x10
 617 0308 0C       		.uleb128 0xc
 618 0309 73323100 		.ascii	"s21\000"
ARM GAS  C:\Users\jenny\AppData\Local\Temp\ccbm6qKM.s 			page 12


 619 030d 07       		.byte	0x7
 620 030e 1301     		.2byte	0x113
 621 0310 98020000 		.4byte	0x298
 622 0314 02       		.byte	0x2
 623 0315 23       		.byte	0x23
 624 0316 14       		.uleb128 0x14
 625 0317 0C       		.uleb128 0xc
 626 0318 73323200 		.ascii	"s22\000"
 627 031c 07       		.byte	0x7
 628 031d 1401     		.2byte	0x114
 629 031f 98020000 		.4byte	0x298
 630 0323 02       		.byte	0x2
 631 0324 23       		.byte	0x23
 632 0325 18       		.uleb128 0x18
 633 0326 0C       		.uleb128 0xc
 634 0327 73323300 		.ascii	"s23\000"
 635 032b 07       		.byte	0x7
 636 032c 1501     		.2byte	0x115
 637 032e 98020000 		.4byte	0x298
 638 0332 02       		.byte	0x2
 639 0333 23       		.byte	0x23
 640 0334 1C       		.uleb128 0x1c
 641 0335 0C       		.uleb128 0xc
 642 0336 73323400 		.ascii	"s24\000"
 643 033a 07       		.byte	0x7
 644 033b 1601     		.2byte	0x116
 645 033d 98020000 		.4byte	0x298
 646 0341 02       		.byte	0x2
 647 0342 23       		.byte	0x23
 648 0343 20       		.uleb128 0x20
 649 0344 0C       		.uleb128 0xc
 650 0345 73323500 		.ascii	"s25\000"
 651 0349 07       		.byte	0x7
 652 034a 1701     		.2byte	0x117
 653 034c 98020000 		.4byte	0x298
 654 0350 02       		.byte	0x2
 655 0351 23       		.byte	0x23
 656 0352 24       		.uleb128 0x24
 657 0353 0C       		.uleb128 0xc
 658 0354 73323600 		.ascii	"s26\000"
 659 0358 07       		.byte	0x7
 660 0359 1801     		.2byte	0x118
 661 035b 98020000 		.4byte	0x298
 662 035f 02       		.byte	0x2
 663 0360 23       		.byte	0x23
 664 0361 28       		.uleb128 0x28
 665 0362 0C       		.uleb128 0xc
 666 0363 73323700 		.ascii	"s27\000"
 667 0367 07       		.byte	0x7
 668 0368 1901     		.2byte	0x119
 669 036a 98020000 		.4byte	0x298
 670 036e 02       		.byte	0x2
 671 036f 23       		.byte	0x23
 672 0370 2C       		.uleb128 0x2c
 673 0371 0C       		.uleb128 0xc
 674 0372 73323800 		.ascii	"s28\000"
 675 0376 07       		.byte	0x7
ARM GAS  C:\Users\jenny\AppData\Local\Temp\ccbm6qKM.s 			page 13


 676 0377 1A01     		.2byte	0x11a
 677 0379 98020000 		.4byte	0x298
 678 037d 02       		.byte	0x2
 679 037e 23       		.byte	0x23
 680 037f 30       		.uleb128 0x30
 681 0380 0C       		.uleb128 0xc
 682 0381 73323900 		.ascii	"s29\000"
 683 0385 07       		.byte	0x7
 684 0386 1B01     		.2byte	0x11b
 685 0388 98020000 		.4byte	0x298
 686 038c 02       		.byte	0x2
 687 038d 23       		.byte	0x23
 688 038e 34       		.uleb128 0x34
 689 038f 0C       		.uleb128 0xc
 690 0390 73333000 		.ascii	"s30\000"
 691 0394 07       		.byte	0x7
 692 0395 1C01     		.2byte	0x11c
 693 0397 98020000 		.4byte	0x298
 694 039b 02       		.byte	0x2
 695 039c 23       		.byte	0x23
 696 039d 38       		.uleb128 0x38
 697 039e 0C       		.uleb128 0xc
 698 039f 73333100 		.ascii	"s31\000"
 699 03a3 07       		.byte	0x7
 700 03a4 1D01     		.2byte	0x11d
 701 03a6 98020000 		.4byte	0x298
 702 03aa 02       		.byte	0x2
 703 03ab 23       		.byte	0x23
 704 03ac 3C       		.uleb128 0x3c
 705 03ad 0C       		.uleb128 0xc
 706 03ae 723400   		.ascii	"r4\000"
 707 03b1 07       		.byte	0x7
 708 03b2 1F01     		.2byte	0x11f
 709 03b4 98020000 		.4byte	0x298
 710 03b8 02       		.byte	0x2
 711 03b9 23       		.byte	0x23
 712 03ba 40       		.uleb128 0x40
 713 03bb 0C       		.uleb128 0xc
 714 03bc 723500   		.ascii	"r5\000"
 715 03bf 07       		.byte	0x7
 716 03c0 2001     		.2byte	0x120
 717 03c2 98020000 		.4byte	0x298
 718 03c6 02       		.byte	0x2
 719 03c7 23       		.byte	0x23
 720 03c8 44       		.uleb128 0x44
 721 03c9 0C       		.uleb128 0xc
 722 03ca 723600   		.ascii	"r6\000"
 723 03cd 07       		.byte	0x7
 724 03ce 2101     		.2byte	0x121
 725 03d0 98020000 		.4byte	0x298
 726 03d4 02       		.byte	0x2
 727 03d5 23       		.byte	0x23
 728 03d6 48       		.uleb128 0x48
 729 03d7 0C       		.uleb128 0xc
 730 03d8 723700   		.ascii	"r7\000"
 731 03db 07       		.byte	0x7
 732 03dc 2201     		.2byte	0x122
ARM GAS  C:\Users\jenny\AppData\Local\Temp\ccbm6qKM.s 			page 14


 733 03de 98020000 		.4byte	0x298
 734 03e2 02       		.byte	0x2
 735 03e3 23       		.byte	0x23
 736 03e4 4C       		.uleb128 0x4c
 737 03e5 0C       		.uleb128 0xc
 738 03e6 723800   		.ascii	"r8\000"
 739 03e9 07       		.byte	0x7
 740 03ea 2301     		.2byte	0x123
 741 03ec 98020000 		.4byte	0x298
 742 03f0 02       		.byte	0x2
 743 03f1 23       		.byte	0x23
 744 03f2 50       		.uleb128 0x50
 745 03f3 0C       		.uleb128 0xc
 746 03f4 723900   		.ascii	"r9\000"
 747 03f7 07       		.byte	0x7
 748 03f8 2401     		.2byte	0x124
 749 03fa 98020000 		.4byte	0x298
 750 03fe 02       		.byte	0x2
 751 03ff 23       		.byte	0x23
 752 0400 54       		.uleb128 0x54
 753 0401 0C       		.uleb128 0xc
 754 0402 72313000 		.ascii	"r10\000"
 755 0406 07       		.byte	0x7
 756 0407 2501     		.2byte	0x125
 757 0409 98020000 		.4byte	0x298
 758 040d 02       		.byte	0x2
 759 040e 23       		.byte	0x23
 760 040f 58       		.uleb128 0x58
 761 0410 0C       		.uleb128 0xc
 762 0411 72313100 		.ascii	"r11\000"
 763 0415 07       		.byte	0x7
 764 0416 2601     		.2byte	0x126
 765 0418 98020000 		.4byte	0x298
 766 041c 02       		.byte	0x2
 767 041d 23       		.byte	0x23
 768 041e 5C       		.uleb128 0x5c
 769 041f 0C       		.uleb128 0xc
 770 0420 6C7200   		.ascii	"lr\000"
 771 0423 07       		.byte	0x7
 772 0424 2701     		.2byte	0x127
 773 0426 98020000 		.4byte	0x298
 774 042a 02       		.byte	0x2
 775 042b 23       		.byte	0x23
 776 042c 60       		.uleb128 0x60
 777 042d 00       		.byte	0
 778 042e 0B       		.uleb128 0xb
 779 042f C4010000 		.4byte	.LASF49
 780 0433 04       		.byte	0x4
 781 0434 07       		.byte	0x7
 782 0435 3101     		.2byte	0x131
 783 0437 4B040000 		.4byte	0x44b
 784 043b 0C       		.uleb128 0xc
 785 043c 72313300 		.ascii	"r13\000"
 786 0440 07       		.byte	0x7
 787 0441 3201     		.2byte	0x132
 788 0443 4B040000 		.4byte	0x44b
 789 0447 02       		.byte	0x2
ARM GAS  C:\Users\jenny\AppData\Local\Temp\ccbm6qKM.s 			page 15


 790 0448 23       		.byte	0x23
 791 0449 00       		.uleb128 0
 792 044a 00       		.byte	0
 793 044b 09       		.uleb128 0x9
 794 044c 04       		.byte	0x4
 795 044d B0020000 		.4byte	0x2b0
 796 0451 04       		.uleb128 0x4
 797 0452 04       		.byte	0x4
 798 0453 07       		.byte	0x7
 799 0454 20020000 		.4byte	.LASF50
 800 0458 0D       		.uleb128 0xd
 801 0459 FA000000 		.4byte	0xfa
 802 045d 05       		.uleb128 0x5
 803 045e 57030000 		.4byte	.LASF51
 804 0462 0C       		.byte	0xc
 805 0463 08       		.byte	0x8
 806 0464 2C       		.byte	0x2c
 807 0465 86040000 		.4byte	0x486
 808 0469 06       		.uleb128 0x6
 809 046a 4E010000 		.4byte	.LASF52
 810 046e 08       		.byte	0x8
 811 046f 2D       		.byte	0x2d
 812 0470 6B020000 		.4byte	0x26b
 813 0474 02       		.byte	0x2
 814 0475 23       		.byte	0x23
 815 0476 00       		.uleb128 0
 816 0477 06       		.uleb128 0x6
 817 0478 BE010000 		.4byte	.LASF53
 818 047c 08       		.byte	0x8
 819 047d 2F       		.byte	0x2f
 820 047e 05010000 		.4byte	0x105
 821 0482 02       		.byte	0x2
 822 0483 23       		.byte	0x23
 823 0484 08       		.uleb128 0x8
 824 0485 00       		.byte	0
 825 0486 03       		.uleb128 0x3
 826 0487 57030000 		.4byte	.LASF51
 827 048b 08       		.byte	0x8
 828 048c 30       		.byte	0x30
 829 048d 5D040000 		.4byte	0x45d
 830 0491 05       		.uleb128 0x5
 831 0492 29020000 		.4byte	.LASF54
 832 0496 10       		.byte	0x10
 833 0497 09       		.byte	0x9
 834 0498 2C       		.byte	0x2c
 835 0499 C8040000 		.4byte	0x4c8
 836 049d 06       		.uleb128 0x6
 837 049e 8D000000 		.4byte	.LASF55
 838 04a2 09       		.byte	0x9
 839 04a3 2D       		.byte	0x2d
 840 04a4 6B020000 		.4byte	0x26b
 841 04a8 02       		.byte	0x2
 842 04a9 23       		.byte	0x23
 843 04aa 00       		.uleb128 0
 844 04ab 06       		.uleb128 0x6
 845 04ac F1030000 		.4byte	.LASF56
 846 04b0 09       		.byte	0x9
ARM GAS  C:\Users\jenny\AppData\Local\Temp\ccbm6qKM.s 			page 16


 847 04b1 2F       		.byte	0x2f
 848 04b2 65020000 		.4byte	0x265
 849 04b6 02       		.byte	0x2
 850 04b7 23       		.byte	0x23
 851 04b8 08       		.uleb128 0x8
 852 04b9 06       		.uleb128 0x6
 853 04ba 2D030000 		.4byte	.LASF57
 854 04be 09       		.byte	0x9
 855 04bf 31       		.byte	0x31
 856 04c0 C8040000 		.4byte	0x4c8
 857 04c4 02       		.byte	0x2
 858 04c5 23       		.byte	0x23
 859 04c6 0C       		.uleb128 0xc
 860 04c7 00       		.byte	0
 861 04c8 09       		.uleb128 0x9
 862 04c9 04       		.byte	0x4
 863 04ca 91040000 		.4byte	0x491
 864 04ce 03       		.uleb128 0x3
 865 04cf 29020000 		.4byte	.LASF54
 866 04d3 09       		.byte	0x9
 867 04d4 33       		.byte	0x33
 868 04d5 91040000 		.4byte	0x491
 869 04d9 03       		.uleb128 0x3
 870 04da 17000000 		.4byte	.LASF58
 871 04de 0A       		.byte	0xa
 872 04df 2C       		.byte	0x2c
 873 04e0 E4040000 		.4byte	0x4e4
 874 04e4 09       		.uleb128 0x9
 875 04e5 04       		.byte	0x4
 876 04e6 EA040000 		.4byte	0x4ea
 877 04ea 0E       		.uleb128 0xe
 878 04eb 01       		.byte	0x1
 879 04ec A3020000 		.4byte	0x2a3
 880 04f0 FA040000 		.4byte	0x4fa
 881 04f4 0F       		.uleb128 0xf
 882 04f5 30000000 		.4byte	0x30
 883 04f9 00       		.byte	0
 884 04fa 03       		.uleb128 0x3
 885 04fb 5F020000 		.4byte	.LASF59
 886 04ff 0B       		.byte	0xb
 887 0500 34       		.byte	0x34
 888 0501 05050000 		.4byte	0x505
 889 0505 05       		.uleb128 0x5
 890 0506 13040000 		.4byte	.LASF60
 891 050a 20       		.byte	0x20
 892 050b 0B       		.byte	0xb
 893 050c 47       		.byte	0x47
 894 050d 3C050000 		.4byte	0x53c
 895 0511 06       		.uleb128 0x6
 896 0512 70030000 		.4byte	.LASF61
 897 0516 0B       		.byte	0xb
 898 0517 48       		.byte	0x48
 899 0518 D9040000 		.4byte	0x4d9
 900 051c 02       		.byte	0x2
 901 051d 23       		.byte	0x23
 902 051e 00       		.uleb128 0
 903 051f 06       		.uleb128 0x6
ARM GAS  C:\Users\jenny\AppData\Local\Temp\ccbm6qKM.s 			page 17


 904 0520 3B000000 		.4byte	.LASF62
 905 0524 0B       		.byte	0xb
 906 0525 4A       		.byte	0x4a
 907 0526 5B050000 		.4byte	0x55b
 908 052a 02       		.byte	0x2
 909 052b 23       		.byte	0x23
 910 052c 08       		.uleb128 0x8
 911 052d 06       		.uleb128 0x6
 912 052e 68000000 		.4byte	.LASF63
 913 0532 0B       		.byte	0xb
 914 0533 4C       		.byte	0x4c
 915 0534 CE040000 		.4byte	0x4ce
 916 0538 02       		.byte	0x2
 917 0539 23       		.byte	0x23
 918 053a 10       		.uleb128 0x10
 919 053b 00       		.byte	0
 920 053c 10       		.uleb128 0x10
 921 053d 04       		.byte	0x4
 922 053e 0B       		.byte	0xb
 923 053f 3C       		.byte	0x3c
 924 0540 5B050000 		.4byte	0x55b
 925 0544 11       		.uleb128 0x11
 926 0545 42000000 		.4byte	.LASF64
 927 0549 0B       		.byte	0xb
 928 054a 3D       		.byte	0x3d
 929 054b 7C050000 		.4byte	0x57c
 930 054f 11       		.uleb128 0x11
 931 0550 19030000 		.4byte	.LASF65
 932 0554 0B       		.byte	0xb
 933 0555 3E       		.byte	0x3e
 934 0556 82050000 		.4byte	0x582
 935 055a 00       		.byte	0
 936 055b 12       		.uleb128 0x12
 937 055c 9D020000 		.4byte	.LASF92
 938 0560 08       		.byte	0x8
 939 0561 0B       		.byte	0xb
 940 0562 39       		.byte	0x39
 941 0563 7C050000 		.4byte	0x57c
 942 0567 11       		.uleb128 0x11
 943 0568 6D010000 		.4byte	.LASF66
 944 056c 0B       		.byte	0xb
 945 056d 3A       		.byte	0x3a
 946 056e A5020000 		.4byte	0x2a5
 947 0572 13       		.uleb128 0x13
 948 0573 6800     		.ascii	"h\000"
 949 0575 0B       		.byte	0xb
 950 0576 41       		.byte	0x41
 951 0577 88050000 		.4byte	0x588
 952 057b 00       		.byte	0
 953 057c 09       		.uleb128 0x9
 954 057d 04       		.byte	0x4
 955 057e 5B050000 		.4byte	0x55b
 956 0582 09       		.uleb128 0x9
 957 0583 04       		.byte	0x4
 958 0584 FA040000 		.4byte	0x4fa
 959 0588 08       		.uleb128 0x8
 960 0589 08       		.byte	0x8
ARM GAS  C:\Users\jenny\AppData\Local\Temp\ccbm6qKM.s 			page 18


 961 058a 0B       		.byte	0xb
 962 058b 3B       		.byte	0x3b
 963 058c AB050000 		.4byte	0x5ab
 964 0590 07       		.uleb128 0x7
 965 0591 7500     		.ascii	"u\000"
 966 0593 0B       		.byte	0xb
 967 0594 3F       		.byte	0x3f
 968 0595 3C050000 		.4byte	0x53c
 969 0599 02       		.byte	0x2
 970 059a 23       		.byte	0x23
 971 059b 00       		.uleb128 0
 972 059c 06       		.uleb128 0x6
 973 059d CC010000 		.4byte	.LASF67
 974 05a1 0B       		.byte	0xb
 975 05a2 40       		.byte	0x40
 976 05a3 30000000 		.4byte	0x30
 977 05a7 02       		.byte	0x2
 978 05a8 23       		.byte	0x23
 979 05a9 04       		.uleb128 0x4
 980 05aa 00       		.byte	0
 981 05ab 10       		.uleb128 0x10
 982 05ac 04       		.byte	0x4
 983 05ad 06       		.byte	0x6
 984 05ae 96       		.byte	0x96
 985 05af E0050000 		.4byte	0x5e0
 986 05b3 11       		.uleb128 0x11
 987 05b4 07000000 		.4byte	.LASF68
 988 05b8 06       		.byte	0x6
 989 05b9 9D       		.byte	0x9d
 990 05ba E4000000 		.4byte	0xe4
 991 05be 11       		.uleb128 0x11
 992 05bf 56010000 		.4byte	.LASF69
 993 05c3 06       		.byte	0x6
 994 05c4 A4       		.byte	0xa4
 995 05c5 E4000000 		.4byte	0xe4
 996 05c9 11       		.uleb128 0x11
 997 05ca CE030000 		.4byte	.LASF70
 998 05ce 06       		.byte	0x6
 999 05cf AB       		.byte	0xab
 1000 05d0 A3020000 		.4byte	0x2a3
 1001 05d4 11       		.uleb128 0x11
 1002 05d5 DC020000 		.4byte	.LASF71
 1003 05d9 06       		.byte	0x6
 1004 05da B2       		.byte	0xb2
 1005 05db EF000000 		.4byte	0xef
 1006 05df 00       		.byte	0
 1007 05e0 09       		.uleb128 0x9
 1008 05e1 04       		.byte	0x4
 1009 05e2 E6050000 		.4byte	0x5e6
 1010 05e6 14       		.uleb128 0x14
 1011 05e7 EB050000 		.4byte	0x5eb
 1012 05eb 04       		.uleb128 0x4
 1013 05ec 01       		.byte	0x1
 1014 05ed 08       		.byte	0x8
 1015 05ee 28030000 		.4byte	.LASF72
 1016 05f2 09       		.uleb128 0x9
 1017 05f3 04       		.byte	0x4
ARM GAS  C:\Users\jenny\AppData\Local\Temp\ccbm6qKM.s 			page 19


 1018 05f4 CE040000 		.4byte	0x4ce
 1019 05f8 03       		.uleb128 0x3
 1020 05f9 A2010000 		.4byte	.LASF73
 1021 05fd 0C       		.byte	0xc
 1022 05fe 11       		.byte	0x11
 1023 05ff 3B000000 		.4byte	0x3b
 1024 0603 03       		.uleb128 0x3
 1025 0604 68010000 		.4byte	.LASF74
 1026 0608 0C       		.byte	0xc
 1027 0609 16       		.byte	0x16
 1028 060a 54000000 		.4byte	0x54
 1029 060e 09       		.uleb128 0x9
 1030 060f 04       		.byte	0x4
 1031 0610 86040000 		.4byte	0x486
 1032 0614 15       		.uleb128 0x15
 1033 0615 01       		.byte	0x1
 1034 0616 2E010000 		.4byte	.LASF76
 1035 061a 01       		.byte	0x1
 1036 061b 22       		.byte	0x22
 1037 061c 01       		.byte	0x1
 1038 061d 29000000 		.4byte	0x29
 1039 0621 00000000 		.4byte	.LFB7
 1040 0625 1E000000 		.4byte	.LFE7
 1041 0629 00000000 		.4byte	.LLST0
 1042 062d 01       		.byte	0x1
 1043 062e 60060000 		.4byte	0x660
 1044 0632 16       		.uleb128 0x16
 1045 0633 766F6C00 		.ascii	"vol\000"
 1046 0637 01       		.byte	0x1
 1047 0638 22       		.byte	0x22
 1048 0639 03060000 		.4byte	0x603
 1049 063d 20000000 		.4byte	.LLST1
 1050 0641 17       		.uleb128 0x17
 1051 0642 6E000000 		.4byte	.LASF75
 1052 0646 01       		.byte	0x1
 1053 0647 22       		.byte	0x22
 1054 0648 60060000 		.4byte	0x660
 1055 064c 41000000 		.4byte	.LLST2
 1056 0650 18       		.uleb128 0x18
 1057 0651 1A000000 		.4byte	.LVL3
 1058 0655 DA070000 		.4byte	0x7da
 1059 0659 19       		.uleb128 0x19
 1060 065a 01       		.byte	0x1
 1061 065b 51       		.byte	0x51
 1062 065c 01       		.byte	0x1
 1063 065d 31       		.byte	0x31
 1064 065e 00       		.byte	0
 1065 065f 00       		.byte	0
 1066 0660 09       		.uleb128 0x9
 1067 0661 04       		.byte	0x4
 1068 0662 0E060000 		.4byte	0x60e
 1069 0666 15       		.uleb128 0x15
 1070 0667 01       		.byte	0x1
 1071 0668 DC030000 		.4byte	.LASF77
 1072 066c 01       		.byte	0x1
 1073 066d 2C       		.byte	0x2c
 1074 066e 01       		.byte	0x1
ARM GAS  C:\Users\jenny\AppData\Local\Temp\ccbm6qKM.s 			page 20


 1075 066f 29000000 		.4byte	0x29
 1076 0673 00000000 		.4byte	.LFB8
 1077 0677 0C000000 		.4byte	.LFE8
 1078 067b 62000000 		.4byte	.LLST3
 1079 067f 01       		.byte	0x1
 1080 0680 AA060000 		.4byte	0x6aa
 1081 0684 17       		.uleb128 0x17
 1082 0685 6E000000 		.4byte	.LASF75
 1083 0689 01       		.byte	0x1
 1084 068a 2C       		.byte	0x2c
 1085 068b 0E060000 		.4byte	0x60e
 1086 068f 82000000 		.4byte	.LLST4
 1087 0693 18       		.uleb128 0x18
 1088 0694 08000000 		.4byte	.LVL5
 1089 0698 F3070000 		.4byte	0x7f3
 1090 069c 19       		.uleb128 0x19
 1091 069d 01       		.byte	0x1
 1092 069e 51       		.byte	0x51
 1093 069f 01       		.byte	0x1
 1094 06a0 30       		.byte	0x30
 1095 06a1 19       		.uleb128 0x19
 1096 06a2 01       		.byte	0x1
 1097 06a3 50       		.byte	0x50
 1098 06a4 03       		.byte	0x3
 1099 06a5 F3       		.byte	0xf3
 1100 06a6 01       		.uleb128 0x1
 1101 06a7 50       		.byte	0x50
 1102 06a8 00       		.byte	0
 1103 06a9 00       		.byte	0
 1104 06aa 15       		.uleb128 0x15
 1105 06ab 01       		.byte	0x1
 1106 06ac 4B020000 		.4byte	.LASF78
 1107 06b0 01       		.byte	0x1
 1108 06b1 35       		.byte	0x35
 1109 06b2 01       		.byte	0x1
 1110 06b3 29000000 		.4byte	0x29
 1111 06b7 00000000 		.4byte	.LFB9
 1112 06bb 14000000 		.4byte	.LFE9
 1113 06bf A3000000 		.4byte	.LLST5
 1114 06c3 01       		.byte	0x1
 1115 06c4 FF060000 		.4byte	0x6ff
 1116 06c8 17       		.uleb128 0x17
 1117 06c9 6E000000 		.4byte	.LASF75
 1118 06cd 01       		.byte	0x1
 1119 06ce 35       		.byte	0x35
 1120 06cf 0E060000 		.4byte	0x60e
 1121 06d3 C3000000 		.4byte	.LLST6
 1122 06d7 1A       		.uleb128 0x1a
 1123 06d8 6D736700 		.ascii	"msg\000"
 1124 06dc 01       		.byte	0x1
 1125 06dd 37       		.byte	0x37
 1126 06de E4000000 		.4byte	0xe4
 1127 06e2 E4000000 		.4byte	.LLST7
 1128 06e6 18       		.uleb128 0x18
 1129 06e7 0A000000 		.4byte	.LVL7
 1130 06eb 0C080000 		.4byte	0x80c
 1131 06ef 19       		.uleb128 0x19
ARM GAS  C:\Users\jenny\AppData\Local\Temp\ccbm6qKM.s 			page 21


 1132 06f0 01       		.byte	0x1
 1133 06f1 51       		.byte	0x51
 1134 06f2 03       		.byte	0x3
 1135 06f3 0A       		.byte	0xa
 1136 06f4 E803     		.2byte	0x3e8
 1137 06f6 19       		.uleb128 0x19
 1138 06f7 01       		.byte	0x1
 1139 06f8 50       		.byte	0x50
 1140 06f9 03       		.byte	0x3
 1141 06fa F3       		.byte	0xf3
 1142 06fb 01       		.uleb128 0x1
 1143 06fc 50       		.byte	0x50
 1144 06fd 00       		.byte	0
 1145 06fe 00       		.byte	0
 1146 06ff 1B       		.uleb128 0x1b
 1147 0700 01       		.byte	0x1
 1148 0701 CF020000 		.4byte	.LASF80
 1149 0705 01       		.byte	0x1
 1150 0706 3E       		.byte	0x3e
 1151 0707 01       		.byte	0x1
 1152 0708 00000000 		.4byte	.LFB10
 1153 070c 04000000 		.4byte	.LFE10
 1154 0710 02       		.byte	0x2
 1155 0711 7D       		.byte	0x7d
 1156 0712 00       		.sleb128 0
 1157 0713 01       		.byte	0x1
 1158 0714 3A070000 		.4byte	0x73a
 1159 0718 17       		.uleb128 0x17
 1160 0719 6E000000 		.4byte	.LASF75
 1161 071d 01       		.byte	0x1
 1162 071e 3E       		.byte	0x3e
 1163 071f 0E060000 		.4byte	0x60e
 1164 0723 F7000000 		.4byte	.LLST8
 1165 0727 1C       		.uleb128 0x1c
 1166 0728 04000000 		.4byte	.LVL10
 1167 072c 01       		.byte	0x1
 1168 072d 29080000 		.4byte	0x829
 1169 0731 19       		.uleb128 0x19
 1170 0732 01       		.byte	0x1
 1171 0733 50       		.byte	0x50
 1172 0734 03       		.byte	0x3
 1173 0735 F3       		.byte	0xf3
 1174 0736 01       		.uleb128 0x1
 1175 0737 50       		.byte	0x50
 1176 0738 00       		.byte	0
 1177 0739 00       		.byte	0
 1178 073a 1D       		.uleb128 0x1d
 1179 073b 01       		.byte	0x1
 1180 073c D0000000 		.4byte	.LASF79
 1181 0740 01       		.byte	0x1
 1182 0741 48       		.byte	0x48
 1183 0742 01       		.byte	0x1
 1184 0743 A3020000 		.4byte	0x2a3
 1185 0747 00000000 		.4byte	.LFB11
 1186 074b 08000000 		.4byte	.LFE11
 1187 074f 02       		.byte	0x2
 1188 0750 7D       		.byte	0x7d
ARM GAS  C:\Users\jenny\AppData\Local\Temp\ccbm6qKM.s 			page 22


 1189 0751 00       		.sleb128 0
 1190 0752 01       		.byte	0x1
 1191 0753 7E070000 		.4byte	0x77e
 1192 0757 17       		.uleb128 0x17
 1193 0758 CC010000 		.4byte	.LASF67
 1194 075c 01       		.byte	0x1
 1195 075d 48       		.byte	0x48
 1196 075e F8050000 		.4byte	0x5f8
 1197 0762 18010000 		.4byte	.LLST9
 1198 0766 1C       		.uleb128 0x1c
 1199 0767 08000000 		.4byte	.LVL13
 1200 076b 01       		.byte	0x1
 1201 076c 3D080000 		.4byte	0x83d
 1202 0770 19       		.uleb128 0x19
 1203 0771 01       		.byte	0x1
 1204 0772 51       		.byte	0x51
 1205 0773 03       		.byte	0x3
 1206 0774 F3       		.byte	0xf3
 1207 0775 01       		.uleb128 0x1
 1208 0776 50       		.byte	0x50
 1209 0777 19       		.uleb128 0x19
 1210 0778 01       		.byte	0x1
 1211 0779 50       		.byte	0x50
 1212 077a 01       		.byte	0x1
 1213 077b 30       		.byte	0x30
 1214 077c 00       		.byte	0
 1215 077d 00       		.byte	0
 1216 077e 1B       		.uleb128 0x1b
 1217 077f 01       		.byte	0x1
 1218 0780 97010000 		.4byte	.LASF81
 1219 0784 01       		.byte	0x1
 1220 0785 50       		.byte	0x50
 1221 0786 01       		.byte	0x1
 1222 0787 00000000 		.4byte	.LFB12
 1223 078b 04000000 		.4byte	.LFE12
 1224 078f 02       		.byte	0x2
 1225 0790 7D       		.byte	0x7d
 1226 0791 00       		.sleb128 0
 1227 0792 01       		.byte	0x1
 1228 0793 B9070000 		.4byte	0x7b9
 1229 0797 17       		.uleb128 0x17
 1230 0798 2F020000 		.4byte	.LASF82
 1231 079c 01       		.byte	0x1
 1232 079d 50       		.byte	0x50
 1233 079e A3020000 		.4byte	0x2a3
 1234 07a2 44010000 		.4byte	.LLST10
 1235 07a6 1C       		.uleb128 0x1c
 1236 07a7 04000000 		.4byte	.LVL15
 1237 07ab 01       		.byte	0x1
 1238 07ac 5A080000 		.4byte	0x85a
 1239 07b0 19       		.uleb128 0x19
 1240 07b1 01       		.byte	0x1
 1241 07b2 50       		.byte	0x50
 1242 07b3 03       		.byte	0x3
 1243 07b4 F3       		.byte	0xf3
 1244 07b5 01       		.uleb128 0x1
 1245 07b6 50       		.byte	0x50
ARM GAS  C:\Users\jenny\AppData\Local\Temp\ccbm6qKM.s 			page 23


 1246 07b7 00       		.byte	0
 1247 07b8 00       		.byte	0
 1248 07b9 1E       		.uleb128 0x1e
 1249 07ba 86040000 		.4byte	0x486
 1250 07be C9070000 		.4byte	0x7c9
 1251 07c2 1F       		.uleb128 0x1f
 1252 07c3 51040000 		.4byte	0x451
 1253 07c7 00       		.byte	0
 1254 07c8 00       		.byte	0
 1255 07c9 20       		.uleb128 0x20
 1256 07ca 58020000 		.4byte	.LASF83
 1257 07ce 01       		.byte	0x1
 1258 07cf 1D       		.byte	0x1d
 1259 07d0 B9070000 		.4byte	0x7b9
 1260 07d4 05       		.byte	0x5
 1261 07d5 03       		.byte	0x3
 1262 07d6 00000000 		.4byte	ff_sem
 1263 07da 21       		.uleb128 0x21
 1264 07db 01       		.byte	0x1
 1265 07dc 09040000 		.4byte	.LASF84
 1266 07e0 08       		.byte	0x8
 1267 07e1 35       		.byte	0x35
 1268 07e2 01       		.byte	0x1
 1269 07e3 01       		.byte	0x1
 1270 07e4 F3070000 		.4byte	0x7f3
 1271 07e8 0F       		.uleb128 0xf
 1272 07e9 0E060000 		.4byte	0x60e
 1273 07ed 0F       		.uleb128 0xf
 1274 07ee 05010000 		.4byte	0x105
 1275 07f2 00       		.byte	0
 1276 07f3 21       		.uleb128 0x21
 1277 07f4 01       		.byte	0x1
 1278 07f5 E4010000 		.4byte	.LASF85
 1279 07f9 08       		.byte	0x8
 1280 07fa 36       		.byte	0x36
 1281 07fb 01       		.byte	0x1
 1282 07fc 01       		.byte	0x1
 1283 07fd 0C080000 		.4byte	0x80c
 1284 0801 0F       		.uleb128 0xf
 1285 0802 0E060000 		.4byte	0x60e
 1286 0806 0F       		.uleb128 0xf
 1287 0807 05010000 		.4byte	0x105
 1288 080b 00       		.byte	0
 1289 080c 22       		.uleb128 0x22
 1290 080d 01       		.byte	0x1
 1291 080e 86010000 		.4byte	.LASF87
 1292 0812 08       		.byte	0x8
 1293 0813 3A       		.byte	0x3a
 1294 0814 01       		.byte	0x1
 1295 0815 E4000000 		.4byte	0xe4
 1296 0819 01       		.byte	0x1
 1297 081a 29080000 		.4byte	0x829
 1298 081e 0F       		.uleb128 0xf
 1299 081f 0E060000 		.4byte	0x60e
 1300 0823 0F       		.uleb128 0xf
 1301 0824 FA000000 		.4byte	0xfa
 1302 0828 00       		.byte	0
ARM GAS  C:\Users\jenny\AppData\Local\Temp\ccbm6qKM.s 			page 24


 1303 0829 21       		.uleb128 0x21
 1304 082a 01       		.byte	0x1
 1305 082b B2010000 		.4byte	.LASF86
 1306 082f 08       		.byte	0x8
 1307 0830 3C       		.byte	0x3c
 1308 0831 01       		.byte	0x1
 1309 0832 01       		.byte	0x1
 1310 0833 3D080000 		.4byte	0x83d
 1311 0837 0F       		.uleb128 0xf
 1312 0838 0E060000 		.4byte	0x60e
 1313 083c 00       		.byte	0
 1314 083d 22       		.uleb128 0x22
 1315 083e 01       		.byte	0x1
 1316 083f F9020000 		.4byte	.LASF88
 1317 0843 0B       		.byte	0xb
 1318 0844 59       		.byte	0x59
 1319 0845 01       		.byte	0x1
 1320 0846 A3020000 		.4byte	0x2a3
 1321 084a 01       		.byte	0x1
 1322 084b 5A080000 		.4byte	0x85a
 1323 084f 0F       		.uleb128 0xf
 1324 0850 82050000 		.4byte	0x582
 1325 0854 0F       		.uleb128 0xf
 1326 0855 30000000 		.4byte	0x30
 1327 0859 00       		.byte	0
 1328 085a 23       		.uleb128 0x23
 1329 085b 01       		.byte	0x1
 1330 085c C5000000 		.4byte	.LASF93
 1331 0860 0B       		.byte	0xb
 1332 0861 5A       		.byte	0x5a
 1333 0862 01       		.byte	0x1
 1334 0863 01       		.byte	0x1
 1335 0864 0F       		.uleb128 0xf
 1336 0865 A3020000 		.4byte	0x2a3
 1337 0869 00       		.byte	0
 1338 086a 00       		.byte	0
 1339              		.section	.debug_abbrev,"",%progbits
 1340              	.Ldebug_abbrev0:
 1341 0000 01       		.uleb128 0x1
 1342 0001 11       		.uleb128 0x11
 1343 0002 01       		.byte	0x1
 1344 0003 25       		.uleb128 0x25
 1345 0004 0E       		.uleb128 0xe
 1346 0005 13       		.uleb128 0x13
 1347 0006 0B       		.uleb128 0xb
 1348 0007 03       		.uleb128 0x3
 1349 0008 0E       		.uleb128 0xe
 1350 0009 1B       		.uleb128 0x1b
 1351 000a 0E       		.uleb128 0xe
 1352 000b 55       		.uleb128 0x55
 1353 000c 06       		.uleb128 0x6
 1354 000d 11       		.uleb128 0x11
 1355 000e 01       		.uleb128 0x1
 1356 000f 52       		.uleb128 0x52
 1357 0010 01       		.uleb128 0x1
 1358 0011 10       		.uleb128 0x10
 1359 0012 06       		.uleb128 0x6
ARM GAS  C:\Users\jenny\AppData\Local\Temp\ccbm6qKM.s 			page 25


 1360 0013 00       		.byte	0
 1361 0014 00       		.byte	0
 1362 0015 02       		.uleb128 0x2
 1363 0016 24       		.uleb128 0x24
 1364 0017 00       		.byte	0
 1365 0018 0B       		.uleb128 0xb
 1366 0019 0B       		.uleb128 0xb
 1367 001a 3E       		.uleb128 0x3e
 1368 001b 0B       		.uleb128 0xb
 1369 001c 03       		.uleb128 0x3
 1370 001d 08       		.uleb128 0x8
 1371 001e 00       		.byte	0
 1372 001f 00       		.byte	0
 1373 0020 03       		.uleb128 0x3
 1374 0021 16       		.uleb128 0x16
 1375 0022 00       		.byte	0
 1376 0023 03       		.uleb128 0x3
 1377 0024 0E       		.uleb128 0xe
 1378 0025 3A       		.uleb128 0x3a
 1379 0026 0B       		.uleb128 0xb
 1380 0027 3B       		.uleb128 0x3b
 1381 0028 0B       		.uleb128 0xb
 1382 0029 49       		.uleb128 0x49
 1383 002a 13       		.uleb128 0x13
 1384 002b 00       		.byte	0
 1385 002c 00       		.byte	0
 1386 002d 04       		.uleb128 0x4
 1387 002e 24       		.uleb128 0x24
 1388 002f 00       		.byte	0
 1389 0030 0B       		.uleb128 0xb
 1390 0031 0B       		.uleb128 0xb
 1391 0032 3E       		.uleb128 0x3e
 1392 0033 0B       		.uleb128 0xb
 1393 0034 03       		.uleb128 0x3
 1394 0035 0E       		.uleb128 0xe
 1395 0036 00       		.byte	0
 1396 0037 00       		.byte	0
 1397 0038 05       		.uleb128 0x5
 1398 0039 13       		.uleb128 0x13
 1399 003a 01       		.byte	0x1
 1400 003b 03       		.uleb128 0x3
 1401 003c 0E       		.uleb128 0xe
 1402 003d 0B       		.uleb128 0xb
 1403 003e 0B       		.uleb128 0xb
 1404 003f 3A       		.uleb128 0x3a
 1405 0040 0B       		.uleb128 0xb
 1406 0041 3B       		.uleb128 0x3b
 1407 0042 0B       		.uleb128 0xb
 1408 0043 01       		.uleb128 0x1
 1409 0044 13       		.uleb128 0x13
 1410 0045 00       		.byte	0
 1411 0046 00       		.byte	0
 1412 0047 06       		.uleb128 0x6
 1413 0048 0D       		.uleb128 0xd
 1414 0049 00       		.byte	0
 1415 004a 03       		.uleb128 0x3
 1416 004b 0E       		.uleb128 0xe
ARM GAS  C:\Users\jenny\AppData\Local\Temp\ccbm6qKM.s 			page 26


 1417 004c 3A       		.uleb128 0x3a
 1418 004d 0B       		.uleb128 0xb
 1419 004e 3B       		.uleb128 0x3b
 1420 004f 0B       		.uleb128 0xb
 1421 0050 49       		.uleb128 0x49
 1422 0051 13       		.uleb128 0x13
 1423 0052 38       		.uleb128 0x38
 1424 0053 0A       		.uleb128 0xa
 1425 0054 00       		.byte	0
 1426 0055 00       		.byte	0
 1427 0056 07       		.uleb128 0x7
 1428 0057 0D       		.uleb128 0xd
 1429 0058 00       		.byte	0
 1430 0059 03       		.uleb128 0x3
 1431 005a 08       		.uleb128 0x8
 1432 005b 3A       		.uleb128 0x3a
 1433 005c 0B       		.uleb128 0xb
 1434 005d 3B       		.uleb128 0x3b
 1435 005e 0B       		.uleb128 0xb
 1436 005f 49       		.uleb128 0x49
 1437 0060 13       		.uleb128 0x13
 1438 0061 38       		.uleb128 0x38
 1439 0062 0A       		.uleb128 0xa
 1440 0063 00       		.byte	0
 1441 0064 00       		.byte	0
 1442 0065 08       		.uleb128 0x8
 1443 0066 13       		.uleb128 0x13
 1444 0067 01       		.byte	0x1
 1445 0068 0B       		.uleb128 0xb
 1446 0069 0B       		.uleb128 0xb
 1447 006a 3A       		.uleb128 0x3a
 1448 006b 0B       		.uleb128 0xb
 1449 006c 3B       		.uleb128 0x3b
 1450 006d 0B       		.uleb128 0xb
 1451 006e 01       		.uleb128 0x1
 1452 006f 13       		.uleb128 0x13
 1453 0070 00       		.byte	0
 1454 0071 00       		.byte	0
 1455 0072 09       		.uleb128 0x9
 1456 0073 0F       		.uleb128 0xf
 1457 0074 00       		.byte	0
 1458 0075 0B       		.uleb128 0xb
 1459 0076 0B       		.uleb128 0xb
 1460 0077 49       		.uleb128 0x49
 1461 0078 13       		.uleb128 0x13
 1462 0079 00       		.byte	0
 1463 007a 00       		.byte	0
 1464 007b 0A       		.uleb128 0xa
 1465 007c 0F       		.uleb128 0xf
 1466 007d 00       		.byte	0
 1467 007e 0B       		.uleb128 0xb
 1468 007f 0B       		.uleb128 0xb
 1469 0080 00       		.byte	0
 1470 0081 00       		.byte	0
 1471 0082 0B       		.uleb128 0xb
 1472 0083 13       		.uleb128 0x13
 1473 0084 01       		.byte	0x1
ARM GAS  C:\Users\jenny\AppData\Local\Temp\ccbm6qKM.s 			page 27


 1474 0085 03       		.uleb128 0x3
 1475 0086 0E       		.uleb128 0xe
 1476 0087 0B       		.uleb128 0xb
 1477 0088 0B       		.uleb128 0xb
 1478 0089 3A       		.uleb128 0x3a
 1479 008a 0B       		.uleb128 0xb
 1480 008b 3B       		.uleb128 0x3b
 1481 008c 05       		.uleb128 0x5
 1482 008d 01       		.uleb128 0x1
 1483 008e 13       		.uleb128 0x13
 1484 008f 00       		.byte	0
 1485 0090 00       		.byte	0
 1486 0091 0C       		.uleb128 0xc
 1487 0092 0D       		.uleb128 0xd
 1488 0093 00       		.byte	0
 1489 0094 03       		.uleb128 0x3
 1490 0095 08       		.uleb128 0x8
 1491 0096 3A       		.uleb128 0x3a
 1492 0097 0B       		.uleb128 0xb
 1493 0098 3B       		.uleb128 0x3b
 1494 0099 05       		.uleb128 0x5
 1495 009a 49       		.uleb128 0x49
 1496 009b 13       		.uleb128 0x13
 1497 009c 38       		.uleb128 0x38
 1498 009d 0A       		.uleb128 0xa
 1499 009e 00       		.byte	0
 1500 009f 00       		.byte	0
 1501 00a0 0D       		.uleb128 0xd
 1502 00a1 35       		.uleb128 0x35
 1503 00a2 00       		.byte	0
 1504 00a3 49       		.uleb128 0x49
 1505 00a4 13       		.uleb128 0x13
 1506 00a5 00       		.byte	0
 1507 00a6 00       		.byte	0
 1508 00a7 0E       		.uleb128 0xe
 1509 00a8 15       		.uleb128 0x15
 1510 00a9 01       		.byte	0x1
 1511 00aa 27       		.uleb128 0x27
 1512 00ab 0C       		.uleb128 0xc
 1513 00ac 49       		.uleb128 0x49
 1514 00ad 13       		.uleb128 0x13
 1515 00ae 01       		.uleb128 0x1
 1516 00af 13       		.uleb128 0x13
 1517 00b0 00       		.byte	0
 1518 00b1 00       		.byte	0
 1519 00b2 0F       		.uleb128 0xf
 1520 00b3 05       		.uleb128 0x5
 1521 00b4 00       		.byte	0
 1522 00b5 49       		.uleb128 0x49
 1523 00b6 13       		.uleb128 0x13
 1524 00b7 00       		.byte	0
 1525 00b8 00       		.byte	0
 1526 00b9 10       		.uleb128 0x10
 1527 00ba 17       		.uleb128 0x17
 1528 00bb 01       		.byte	0x1
 1529 00bc 0B       		.uleb128 0xb
 1530 00bd 0B       		.uleb128 0xb
ARM GAS  C:\Users\jenny\AppData\Local\Temp\ccbm6qKM.s 			page 28


 1531 00be 3A       		.uleb128 0x3a
 1532 00bf 0B       		.uleb128 0xb
 1533 00c0 3B       		.uleb128 0x3b
 1534 00c1 0B       		.uleb128 0xb
 1535 00c2 01       		.uleb128 0x1
 1536 00c3 13       		.uleb128 0x13
 1537 00c4 00       		.byte	0
 1538 00c5 00       		.byte	0
 1539 00c6 11       		.uleb128 0x11
 1540 00c7 0D       		.uleb128 0xd
 1541 00c8 00       		.byte	0
 1542 00c9 03       		.uleb128 0x3
 1543 00ca 0E       		.uleb128 0xe
 1544 00cb 3A       		.uleb128 0x3a
 1545 00cc 0B       		.uleb128 0xb
 1546 00cd 3B       		.uleb128 0x3b
 1547 00ce 0B       		.uleb128 0xb
 1548 00cf 49       		.uleb128 0x49
 1549 00d0 13       		.uleb128 0x13
 1550 00d1 00       		.byte	0
 1551 00d2 00       		.byte	0
 1552 00d3 12       		.uleb128 0x12
 1553 00d4 17       		.uleb128 0x17
 1554 00d5 01       		.byte	0x1
 1555 00d6 03       		.uleb128 0x3
 1556 00d7 0E       		.uleb128 0xe
 1557 00d8 0B       		.uleb128 0xb
 1558 00d9 0B       		.uleb128 0xb
 1559 00da 3A       		.uleb128 0x3a
 1560 00db 0B       		.uleb128 0xb
 1561 00dc 3B       		.uleb128 0x3b
 1562 00dd 0B       		.uleb128 0xb
 1563 00de 01       		.uleb128 0x1
 1564 00df 13       		.uleb128 0x13
 1565 00e0 00       		.byte	0
 1566 00e1 00       		.byte	0
 1567 00e2 13       		.uleb128 0x13
 1568 00e3 0D       		.uleb128 0xd
 1569 00e4 00       		.byte	0
 1570 00e5 03       		.uleb128 0x3
 1571 00e6 08       		.uleb128 0x8
 1572 00e7 3A       		.uleb128 0x3a
 1573 00e8 0B       		.uleb128 0xb
 1574 00e9 3B       		.uleb128 0x3b
 1575 00ea 0B       		.uleb128 0xb
 1576 00eb 49       		.uleb128 0x49
 1577 00ec 13       		.uleb128 0x13
 1578 00ed 00       		.byte	0
 1579 00ee 00       		.byte	0
 1580 00ef 14       		.uleb128 0x14
 1581 00f0 26       		.uleb128 0x26
 1582 00f1 00       		.byte	0
 1583 00f2 49       		.uleb128 0x49
 1584 00f3 13       		.uleb128 0x13
 1585 00f4 00       		.byte	0
 1586 00f5 00       		.byte	0
 1587 00f6 15       		.uleb128 0x15
ARM GAS  C:\Users\jenny\AppData\Local\Temp\ccbm6qKM.s 			page 29


 1588 00f7 2E       		.uleb128 0x2e
 1589 00f8 01       		.byte	0x1
 1590 00f9 3F       		.uleb128 0x3f
 1591 00fa 0C       		.uleb128 0xc
 1592 00fb 03       		.uleb128 0x3
 1593 00fc 0E       		.uleb128 0xe
 1594 00fd 3A       		.uleb128 0x3a
 1595 00fe 0B       		.uleb128 0xb
 1596 00ff 3B       		.uleb128 0x3b
 1597 0100 0B       		.uleb128 0xb
 1598 0101 27       		.uleb128 0x27
 1599 0102 0C       		.uleb128 0xc
 1600 0103 49       		.uleb128 0x49
 1601 0104 13       		.uleb128 0x13
 1602 0105 11       		.uleb128 0x11
 1603 0106 01       		.uleb128 0x1
 1604 0107 12       		.uleb128 0x12
 1605 0108 01       		.uleb128 0x1
 1606 0109 40       		.uleb128 0x40
 1607 010a 06       		.uleb128 0x6
 1608 010b 9742     		.uleb128 0x2117
 1609 010d 0C       		.uleb128 0xc
 1610 010e 01       		.uleb128 0x1
 1611 010f 13       		.uleb128 0x13
 1612 0110 00       		.byte	0
 1613 0111 00       		.byte	0
 1614 0112 16       		.uleb128 0x16
 1615 0113 05       		.uleb128 0x5
 1616 0114 00       		.byte	0
 1617 0115 03       		.uleb128 0x3
 1618 0116 08       		.uleb128 0x8
 1619 0117 3A       		.uleb128 0x3a
 1620 0118 0B       		.uleb128 0xb
 1621 0119 3B       		.uleb128 0x3b
 1622 011a 0B       		.uleb128 0xb
 1623 011b 49       		.uleb128 0x49
 1624 011c 13       		.uleb128 0x13
 1625 011d 02       		.uleb128 0x2
 1626 011e 06       		.uleb128 0x6
 1627 011f 00       		.byte	0
 1628 0120 00       		.byte	0
 1629 0121 17       		.uleb128 0x17
 1630 0122 05       		.uleb128 0x5
 1631 0123 00       		.byte	0
 1632 0124 03       		.uleb128 0x3
 1633 0125 0E       		.uleb128 0xe
 1634 0126 3A       		.uleb128 0x3a
 1635 0127 0B       		.uleb128 0xb
 1636 0128 3B       		.uleb128 0x3b
 1637 0129 0B       		.uleb128 0xb
 1638 012a 49       		.uleb128 0x49
 1639 012b 13       		.uleb128 0x13
 1640 012c 02       		.uleb128 0x2
 1641 012d 06       		.uleb128 0x6
 1642 012e 00       		.byte	0
 1643 012f 00       		.byte	0
 1644 0130 18       		.uleb128 0x18
ARM GAS  C:\Users\jenny\AppData\Local\Temp\ccbm6qKM.s 			page 30


 1645 0131 898201   		.uleb128 0x4109
 1646 0134 01       		.byte	0x1
 1647 0135 11       		.uleb128 0x11
 1648 0136 01       		.uleb128 0x1
 1649 0137 31       		.uleb128 0x31
 1650 0138 13       		.uleb128 0x13
 1651 0139 00       		.byte	0
 1652 013a 00       		.byte	0
 1653 013b 19       		.uleb128 0x19
 1654 013c 8A8201   		.uleb128 0x410a
 1655 013f 00       		.byte	0
 1656 0140 02       		.uleb128 0x2
 1657 0141 0A       		.uleb128 0xa
 1658 0142 9142     		.uleb128 0x2111
 1659 0144 0A       		.uleb128 0xa
 1660 0145 00       		.byte	0
 1661 0146 00       		.byte	0
 1662 0147 1A       		.uleb128 0x1a
 1663 0148 34       		.uleb128 0x34
 1664 0149 00       		.byte	0
 1665 014a 03       		.uleb128 0x3
 1666 014b 08       		.uleb128 0x8
 1667 014c 3A       		.uleb128 0x3a
 1668 014d 0B       		.uleb128 0xb
 1669 014e 3B       		.uleb128 0x3b
 1670 014f 0B       		.uleb128 0xb
 1671 0150 49       		.uleb128 0x49
 1672 0151 13       		.uleb128 0x13
 1673 0152 02       		.uleb128 0x2
 1674 0153 06       		.uleb128 0x6
 1675 0154 00       		.byte	0
 1676 0155 00       		.byte	0
 1677 0156 1B       		.uleb128 0x1b
 1678 0157 2E       		.uleb128 0x2e
 1679 0158 01       		.byte	0x1
 1680 0159 3F       		.uleb128 0x3f
 1681 015a 0C       		.uleb128 0xc
 1682 015b 03       		.uleb128 0x3
 1683 015c 0E       		.uleb128 0xe
 1684 015d 3A       		.uleb128 0x3a
 1685 015e 0B       		.uleb128 0xb
 1686 015f 3B       		.uleb128 0x3b
 1687 0160 0B       		.uleb128 0xb
 1688 0161 27       		.uleb128 0x27
 1689 0162 0C       		.uleb128 0xc
 1690 0163 11       		.uleb128 0x11
 1691 0164 01       		.uleb128 0x1
 1692 0165 12       		.uleb128 0x12
 1693 0166 01       		.uleb128 0x1
 1694 0167 40       		.uleb128 0x40
 1695 0168 0A       		.uleb128 0xa
 1696 0169 9742     		.uleb128 0x2117
 1697 016b 0C       		.uleb128 0xc
 1698 016c 01       		.uleb128 0x1
 1699 016d 13       		.uleb128 0x13
 1700 016e 00       		.byte	0
 1701 016f 00       		.byte	0
ARM GAS  C:\Users\jenny\AppData\Local\Temp\ccbm6qKM.s 			page 31


 1702 0170 1C       		.uleb128 0x1c
 1703 0171 898201   		.uleb128 0x4109
 1704 0174 01       		.byte	0x1
 1705 0175 11       		.uleb128 0x11
 1706 0176 01       		.uleb128 0x1
 1707 0177 9542     		.uleb128 0x2115
 1708 0179 0C       		.uleb128 0xc
 1709 017a 31       		.uleb128 0x31
 1710 017b 13       		.uleb128 0x13
 1711 017c 00       		.byte	0
 1712 017d 00       		.byte	0
 1713 017e 1D       		.uleb128 0x1d
 1714 017f 2E       		.uleb128 0x2e
 1715 0180 01       		.byte	0x1
 1716 0181 3F       		.uleb128 0x3f
 1717 0182 0C       		.uleb128 0xc
 1718 0183 03       		.uleb128 0x3
 1719 0184 0E       		.uleb128 0xe
 1720 0185 3A       		.uleb128 0x3a
 1721 0186 0B       		.uleb128 0xb
 1722 0187 3B       		.uleb128 0x3b
 1723 0188 0B       		.uleb128 0xb
 1724 0189 27       		.uleb128 0x27
 1725 018a 0C       		.uleb128 0xc
 1726 018b 49       		.uleb128 0x49
 1727 018c 13       		.uleb128 0x13
 1728 018d 11       		.uleb128 0x11
 1729 018e 01       		.uleb128 0x1
 1730 018f 12       		.uleb128 0x12
 1731 0190 01       		.uleb128 0x1
 1732 0191 40       		.uleb128 0x40
 1733 0192 0A       		.uleb128 0xa
 1734 0193 9742     		.uleb128 0x2117
 1735 0195 0C       		.uleb128 0xc
 1736 0196 01       		.uleb128 0x1
 1737 0197 13       		.uleb128 0x13
 1738 0198 00       		.byte	0
 1739 0199 00       		.byte	0
 1740 019a 1E       		.uleb128 0x1e
 1741 019b 01       		.uleb128 0x1
 1742 019c 01       		.byte	0x1
 1743 019d 49       		.uleb128 0x49
 1744 019e 13       		.uleb128 0x13
 1745 019f 01       		.uleb128 0x1
 1746 01a0 13       		.uleb128 0x13
 1747 01a1 00       		.byte	0
 1748 01a2 00       		.byte	0
 1749 01a3 1F       		.uleb128 0x1f
 1750 01a4 21       		.uleb128 0x21
 1751 01a5 00       		.byte	0
 1752 01a6 49       		.uleb128 0x49
 1753 01a7 13       		.uleb128 0x13
 1754 01a8 2F       		.uleb128 0x2f
 1755 01a9 0B       		.uleb128 0xb
 1756 01aa 00       		.byte	0
 1757 01ab 00       		.byte	0
 1758 01ac 20       		.uleb128 0x20
ARM GAS  C:\Users\jenny\AppData\Local\Temp\ccbm6qKM.s 			page 32


 1759 01ad 34       		.uleb128 0x34
 1760 01ae 00       		.byte	0
 1761 01af 03       		.uleb128 0x3
 1762 01b0 0E       		.uleb128 0xe
 1763 01b1 3A       		.uleb128 0x3a
 1764 01b2 0B       		.uleb128 0xb
 1765 01b3 3B       		.uleb128 0x3b
 1766 01b4 0B       		.uleb128 0xb
 1767 01b5 49       		.uleb128 0x49
 1768 01b6 13       		.uleb128 0x13
 1769 01b7 02       		.uleb128 0x2
 1770 01b8 0A       		.uleb128 0xa
 1771 01b9 00       		.byte	0
 1772 01ba 00       		.byte	0
 1773 01bb 21       		.uleb128 0x21
 1774 01bc 2E       		.uleb128 0x2e
 1775 01bd 01       		.byte	0x1
 1776 01be 3F       		.uleb128 0x3f
 1777 01bf 0C       		.uleb128 0xc
 1778 01c0 03       		.uleb128 0x3
 1779 01c1 0E       		.uleb128 0xe
 1780 01c2 3A       		.uleb128 0x3a
 1781 01c3 0B       		.uleb128 0xb
 1782 01c4 3B       		.uleb128 0x3b
 1783 01c5 0B       		.uleb128 0xb
 1784 01c6 27       		.uleb128 0x27
 1785 01c7 0C       		.uleb128 0xc
 1786 01c8 3C       		.uleb128 0x3c
 1787 01c9 0C       		.uleb128 0xc
 1788 01ca 01       		.uleb128 0x1
 1789 01cb 13       		.uleb128 0x13
 1790 01cc 00       		.byte	0
 1791 01cd 00       		.byte	0
 1792 01ce 22       		.uleb128 0x22
 1793 01cf 2E       		.uleb128 0x2e
 1794 01d0 01       		.byte	0x1
 1795 01d1 3F       		.uleb128 0x3f
 1796 01d2 0C       		.uleb128 0xc
 1797 01d3 03       		.uleb128 0x3
 1798 01d4 0E       		.uleb128 0xe
 1799 01d5 3A       		.uleb128 0x3a
 1800 01d6 0B       		.uleb128 0xb
 1801 01d7 3B       		.uleb128 0x3b
 1802 01d8 0B       		.uleb128 0xb
 1803 01d9 27       		.uleb128 0x27
 1804 01da 0C       		.uleb128 0xc
 1805 01db 49       		.uleb128 0x49
 1806 01dc 13       		.uleb128 0x13
 1807 01dd 3C       		.uleb128 0x3c
 1808 01de 0C       		.uleb128 0xc
 1809 01df 01       		.uleb128 0x1
 1810 01e0 13       		.uleb128 0x13
 1811 01e1 00       		.byte	0
 1812 01e2 00       		.byte	0
 1813 01e3 23       		.uleb128 0x23
 1814 01e4 2E       		.uleb128 0x2e
 1815 01e5 01       		.byte	0x1
ARM GAS  C:\Users\jenny\AppData\Local\Temp\ccbm6qKM.s 			page 33


 1816 01e6 3F       		.uleb128 0x3f
 1817 01e7 0C       		.uleb128 0xc
 1818 01e8 03       		.uleb128 0x3
 1819 01e9 0E       		.uleb128 0xe
 1820 01ea 3A       		.uleb128 0x3a
 1821 01eb 0B       		.uleb128 0xb
 1822 01ec 3B       		.uleb128 0x3b
 1823 01ed 0B       		.uleb128 0xb
 1824 01ee 27       		.uleb128 0x27
 1825 01ef 0C       		.uleb128 0xc
 1826 01f0 3C       		.uleb128 0x3c
 1827 01f1 0C       		.uleb128 0xc
 1828 01f2 00       		.byte	0
 1829 01f3 00       		.byte	0
 1830 01f4 00       		.byte	0
 1831              		.section	.debug_loc,"",%progbits
 1832              	.Ldebug_loc0:
 1833              	.LLST0:
 1834 0000 00000000 		.4byte	.LFB7
 1835 0004 02000000 		.4byte	.LCFI0
 1836 0008 0200     		.2byte	0x2
 1837 000a 7D       		.byte	0x7d
 1838 000b 00       		.sleb128 0
 1839 000c 02000000 		.4byte	.LCFI0
 1840 0010 1E000000 		.4byte	.LFE7
 1841 0014 0200     		.2byte	0x2
 1842 0016 7D       		.byte	0x7d
 1843 0017 08       		.sleb128 8
 1844 0018 00000000 		.4byte	0
 1845 001c 00000000 		.4byte	0
 1846              	.LLST1:
 1847 0020 00000000 		.4byte	.LVL0
 1848 0024 0E000000 		.4byte	.LVL1
 1849 0028 0100     		.2byte	0x1
 1850 002a 50       		.byte	0x50
 1851 002b 0E000000 		.4byte	.LVL1
 1852 002f 1E000000 		.4byte	.LFE7
 1853 0033 0400     		.2byte	0x4
 1854 0035 F3       		.byte	0xf3
 1855 0036 01       		.uleb128 0x1
 1856 0037 50       		.byte	0x50
 1857 0038 9F       		.byte	0x9f
 1858 0039 00000000 		.4byte	0
 1859 003d 00000000 		.4byte	0
 1860              	.LLST2:
 1861 0041 00000000 		.4byte	.LVL0
 1862 0045 16000000 		.4byte	.LVL2
 1863 0049 0100     		.2byte	0x1
 1864 004b 51       		.byte	0x51
 1865 004c 16000000 		.4byte	.LVL2
 1866 0050 1E000000 		.4byte	.LFE7
 1867 0054 0400     		.2byte	0x4
 1868 0056 F3       		.byte	0xf3
 1869 0057 01       		.uleb128 0x1
 1870 0058 51       		.byte	0x51
 1871 0059 9F       		.byte	0x9f
 1872 005a 00000000 		.4byte	0
ARM GAS  C:\Users\jenny\AppData\Local\Temp\ccbm6qKM.s 			page 34


 1873 005e 00000000 		.4byte	0
 1874              	.LLST3:
 1875 0062 00000000 		.4byte	.LFB8
 1876 0066 02000000 		.4byte	.LCFI1
 1877 006a 0200     		.2byte	0x2
 1878 006c 7D       		.byte	0x7d
 1879 006d 00       		.sleb128 0
 1880 006e 02000000 		.4byte	.LCFI1
 1881 0072 0C000000 		.4byte	.LFE8
 1882 0076 0200     		.2byte	0x2
 1883 0078 7D       		.byte	0x7d
 1884 0079 08       		.sleb128 8
 1885 007a 00000000 		.4byte	0
 1886 007e 00000000 		.4byte	0
 1887              	.LLST4:
 1888 0082 00000000 		.4byte	.LVL4
 1889 0086 07000000 		.4byte	.LVL5-1
 1890 008a 0100     		.2byte	0x1
 1891 008c 50       		.byte	0x50
 1892 008d 07000000 		.4byte	.LVL5-1
 1893 0091 0C000000 		.4byte	.LFE8
 1894 0095 0400     		.2byte	0x4
 1895 0097 F3       		.byte	0xf3
 1896 0098 01       		.uleb128 0x1
 1897 0099 50       		.byte	0x50
 1898 009a 9F       		.byte	0x9f
 1899 009b 00000000 		.4byte	0
 1900 009f 00000000 		.4byte	0
 1901              	.LLST5:
 1902 00a3 00000000 		.4byte	.LFB9
 1903 00a7 02000000 		.4byte	.LCFI2
 1904 00ab 0200     		.2byte	0x2
 1905 00ad 7D       		.byte	0x7d
 1906 00ae 00       		.sleb128 0
 1907 00af 02000000 		.4byte	.LCFI2
 1908 00b3 14000000 		.4byte	.LFE9
 1909 00b7 0200     		.2byte	0x2
 1910 00b9 7D       		.byte	0x7d
 1911 00ba 08       		.sleb128 8
 1912 00bb 00000000 		.4byte	0
 1913 00bf 00000000 		.4byte	0
 1914              	.LLST6:
 1915 00c3 00000000 		.4byte	.LVL6
 1916 00c7 09000000 		.4byte	.LVL7-1
 1917 00cb 0100     		.2byte	0x1
 1918 00cd 50       		.byte	0x50
 1919 00ce 09000000 		.4byte	.LVL7-1
 1920 00d2 14000000 		.4byte	.LFE9
 1921 00d6 0400     		.2byte	0x4
 1922 00d8 F3       		.byte	0xf3
 1923 00d9 01       		.uleb128 0x1
 1924 00da 50       		.byte	0x50
 1925 00db 9F       		.byte	0x9f
 1926 00dc 00000000 		.4byte	0
 1927 00e0 00000000 		.4byte	0
 1928              	.LLST7:
 1929 00e4 0A000000 		.4byte	.LVL7
ARM GAS  C:\Users\jenny\AppData\Local\Temp\ccbm6qKM.s 			page 35


 1930 00e8 0E000000 		.4byte	.LVL8
 1931 00ec 0100     		.2byte	0x1
 1932 00ee 50       		.byte	0x50
 1933 00ef 00000000 		.4byte	0
 1934 00f3 00000000 		.4byte	0
 1935              	.LLST8:
 1936 00f7 00000000 		.4byte	.LVL9
 1937 00fb 03000000 		.4byte	.LVL10-1
 1938 00ff 0100     		.2byte	0x1
 1939 0101 50       		.byte	0x50
 1940 0102 03000000 		.4byte	.LVL10-1
 1941 0106 04000000 		.4byte	.LFE10
 1942 010a 0400     		.2byte	0x4
 1943 010c F3       		.byte	0xf3
 1944 010d 01       		.uleb128 0x1
 1945 010e 50       		.byte	0x50
 1946 010f 9F       		.byte	0x9f
 1947 0110 00000000 		.4byte	0
 1948 0114 00000000 		.4byte	0
 1949              	.LLST9:
 1950 0118 00000000 		.4byte	.LVL11
 1951 011c 04000000 		.4byte	.LVL12
 1952 0120 0100     		.2byte	0x1
 1953 0122 50       		.byte	0x50
 1954 0123 04000000 		.4byte	.LVL12
 1955 0127 07000000 		.4byte	.LVL13-1
 1956 012b 0100     		.2byte	0x1
 1957 012d 51       		.byte	0x51
 1958 012e 07000000 		.4byte	.LVL13-1
 1959 0132 08000000 		.4byte	.LFE11
 1960 0136 0400     		.2byte	0x4
 1961 0138 F3       		.byte	0xf3
 1962 0139 01       		.uleb128 0x1
 1963 013a 50       		.byte	0x50
 1964 013b 9F       		.byte	0x9f
 1965 013c 00000000 		.4byte	0
 1966 0140 00000000 		.4byte	0
 1967              	.LLST10:
 1968 0144 00000000 		.4byte	.LVL14
 1969 0148 03000000 		.4byte	.LVL15-1
 1970 014c 0100     		.2byte	0x1
 1971 014e 50       		.byte	0x50
 1972 014f 03000000 		.4byte	.LVL15-1
 1973 0153 04000000 		.4byte	.LFE12
 1974 0157 0400     		.2byte	0x4
 1975 0159 F3       		.byte	0xf3
 1976 015a 01       		.uleb128 0x1
 1977 015b 50       		.byte	0x50
 1978 015c 9F       		.byte	0x9f
 1979 015d 00000000 		.4byte	0
 1980 0161 00000000 		.4byte	0
 1981              		.section	.debug_aranges,"",%progbits
 1982 0000 44000000 		.4byte	0x44
 1983 0004 0200     		.2byte	0x2
 1984 0006 00000000 		.4byte	.Ldebug_info0
 1985 000a 04       		.byte	0x4
 1986 000b 00       		.byte	0
ARM GAS  C:\Users\jenny\AppData\Local\Temp\ccbm6qKM.s 			page 36


 1987 000c 0000     		.2byte	0
 1988 000e 0000     		.2byte	0
 1989 0010 00000000 		.4byte	.LFB7
 1990 0014 1E000000 		.4byte	.LFE7-.LFB7
 1991 0018 00000000 		.4byte	.LFB8
 1992 001c 0C000000 		.4byte	.LFE8-.LFB8
 1993 0020 00000000 		.4byte	.LFB9
 1994 0024 14000000 		.4byte	.LFE9-.LFB9
 1995 0028 00000000 		.4byte	.LFB10
 1996 002c 04000000 		.4byte	.LFE10-.LFB10
 1997 0030 00000000 		.4byte	.LFB11
 1998 0034 08000000 		.4byte	.LFE11-.LFB11
 1999 0038 00000000 		.4byte	.LFB12
 2000 003c 04000000 		.4byte	.LFE12-.LFB12
 2001 0040 00000000 		.4byte	0
 2002 0044 00000000 		.4byte	0
 2003              		.section	.debug_ranges,"",%progbits
 2004              	.Ldebug_ranges0:
 2005 0000 00000000 		.4byte	.LFB7
 2006 0004 1E000000 		.4byte	.LFE7
 2007 0008 00000000 		.4byte	.LFB8
 2008 000c 0C000000 		.4byte	.LFE8
 2009 0010 00000000 		.4byte	.LFB9
 2010 0014 14000000 		.4byte	.LFE9
 2011 0018 00000000 		.4byte	.LFB10
 2012 001c 04000000 		.4byte	.LFE10
 2013 0020 00000000 		.4byte	.LFB11
 2014 0024 08000000 		.4byte	.LFE11
 2015 0028 00000000 		.4byte	.LFB12
 2016 002c 04000000 		.4byte	.LFE12
 2017 0030 00000000 		.4byte	0
 2018 0034 00000000 		.4byte	0
 2019              		.section	.debug_line,"",%progbits
 2020              	.Ldebug_line0:
 2021 0000 1C020000 		.section	.debug_str,"MS",%progbits,1
 2021      0200AB01 
 2021      00000201 
 2021      FB0E0D00 
 2021      01010101 
 2022              	.LASF2:
 2023 0000 73697A65 		.ascii	"size_t\000"
 2023      5F7400
 2024              	.LASF68:
 2025 0007 7264796D 		.ascii	"rdymsg\000"
 2025      736700
 2026              	.LASF12:
 2027 000e 75696E74 		.ascii	"uint64_t\000"
 2027      36345F74 
 2027      00
 2028              	.LASF58:
 2029 0017 6D656D67 		.ascii	"memgetfunc_t\000"
 2029      65746675 
 2029      6E635F74 
 2029      00
 2030              	.LASF13:
 2031 0024 6C6F6E67 		.ascii	"long long unsigned int\000"
 2031      206C6F6E 
ARM GAS  C:\Users\jenny\AppData\Local\Temp\ccbm6qKM.s 			page 37


 2031      6720756E 
 2031      7369676E 
 2031      65642069 
 2032              	.LASF62:
 2033 003b 685F6672 		.ascii	"h_free\000"
 2033      656500
 2034              	.LASF64:
 2035 0042 6E657874 		.ascii	"next\000"
 2035      00
 2036              	.LASF27:
 2037 0047 705F7072 		.ascii	"p_prio\000"
 2037      696F00
 2038              	.LASF11:
 2039 004e 6C6F6E67 		.ascii	"long long int\000"
 2039      206C6F6E 
 2039      6720696E 
 2039      7400
 2040              	.LASF1:
 2041 005c 7369676E 		.ascii	"signed char\000"
 2041      65642063 
 2041      68617200 
 2042              	.LASF63:
 2043 0068 685F6D74 		.ascii	"h_mtx\000"
 2043      7800
 2044              	.LASF75:
 2045 006e 736F626A 		.ascii	"sobj\000"
 2045      00
 2046              	.LASF10:
 2047 0073 6C6F6E67 		.ascii	"long unsigned int\000"
 2047      20756E73 
 2047      69676E65 
 2047      6420696E 
 2047      7400
 2048              	.LASF43:
 2049 0085 705F6D70 		.ascii	"p_mpool\000"
 2049      6F6F6C00 
 2050              	.LASF55:
 2051 008d 6D5F7175 		.ascii	"m_queue\000"
 2051      65756500 
 2052              	.LASF90:
 2053 0095 2E2E2F2E 		.ascii	"../../os/various/fatfs_bindings/fatfs_syscall.c\000"
 2053      2E2F6F73 
 2053      2F766172 
 2053      696F7573 
 2053      2F666174 
 2054              	.LASF93:
 2055 00c5 63684865 		.ascii	"chHeapFree\000"
 2055      61704672 
 2055      656500
 2056              	.LASF79:
 2057 00d0 66665F6D 		.ascii	"ff_memalloc\000"
 2057      656D616C 
 2057      6C6F6300 
 2058              	.LASF89:
 2059 00dc 474E5520 		.ascii	"GNU C 4.7.4 20130913 (release) [ARM/embedded-4_7-br"
 2059      4320342E 
 2059      372E3420 
ARM GAS  C:\Users\jenny\AppData\Local\Temp\ccbm6qKM.s 			page 38


 2059      32303133 
 2059      30393133 
 2060 010f 616E6368 		.ascii	"anch revision 202601]\000"
 2060      20726576 
 2060      6973696F 
 2060      6E203230 
 2060      32363031 
 2061              	.LASF8:
 2062 0125 6C6F6E67 		.ascii	"long int\000"
 2062      20696E74 
 2062      00
 2063              	.LASF76:
 2064 012e 66665F63 		.ascii	"ff_cre_syncobj\000"
 2064      72655F73 
 2064      796E636F 
 2064      626A00
 2065              	.LASF16:
 2066 013d 74737461 		.ascii	"tstate_t\000"
 2066      74655F74 
 2066      00
 2067              	.LASF29:
 2068 0146 705F6E65 		.ascii	"p_newer\000"
 2068      77657200 
 2069              	.LASF52:
 2070 014e 735F7175 		.ascii	"s_queue\000"
 2070      65756500 
 2071              	.LASF69:
 2072 0156 65786974 		.ascii	"exitcode\000"
 2072      636F6465 
 2072      00
 2073              	.LASF46:
 2074 015f 72656761 		.ascii	"regarm_t\000"
 2074      726D5F74 
 2074      00
 2075              	.LASF74:
 2076 0168 42595445 		.ascii	"BYTE\000"
 2076      00
 2077              	.LASF66:
 2078 016d 616C6967 		.ascii	"align\000"
 2078      6E00
 2079              	.LASF23:
 2080 0173 636E745F 		.ascii	"cnt_t\000"
 2080      7400
 2081              	.LASF0:
 2082 0179 756E7369 		.ascii	"unsigned int\000"
 2082      676E6564 
 2082      20696E74 
 2082      00
 2083              	.LASF87:
 2084 0186 63685365 		.ascii	"chSemWaitTimeout\000"
 2084      6D576169 
 2084      7454696D 
 2084      656F7574 
 2084      00
 2085              	.LASF81:
 2086 0197 66665F6D 		.ascii	"ff_memfree\000"
 2086      656D6672 
ARM GAS  C:\Users\jenny\AppData\Local\Temp\ccbm6qKM.s 			page 39


 2086      656500
 2087              	.LASF73:
 2088 01a2 55494E54 		.ascii	"UINT\000"
 2088      00
 2089              	.LASF38:
 2090 01a7 705F6D73 		.ascii	"p_msgqueue\000"
 2090      67717565 
 2090      756500
 2091              	.LASF86:
 2092 01b2 63685365 		.ascii	"chSemSignal\000"
 2092      6D536967 
 2092      6E616C00 
 2093              	.LASF53:
 2094 01be 735F636E 		.ascii	"s_cnt\000"
 2094      7400
 2095              	.LASF49:
 2096 01c4 636F6E74 		.ascii	"context\000"
 2096      65787400 
 2097              	.LASF67:
 2098 01cc 73697A65 		.ascii	"size\000"
 2098      00
 2099              	.LASF6:
 2100 01d1 73686F72 		.ascii	"short unsigned int\000"
 2100      7420756E 
 2100      7369676E 
 2100      65642069 
 2100      6E7400
 2101              	.LASF85:
 2102 01e4 63685365 		.ascii	"chSemReset\000"
 2102      6D526573 
 2102      657400
 2103              	.LASF20:
 2104 01ef 6D73675F 		.ascii	"msg_t\000"
 2104      7400
 2105              	.LASF15:
 2106 01f5 746D6F64 		.ascii	"tmode_t\000"
 2106      655F7400 
 2107              	.LASF45:
 2108 01fd 54687265 		.ascii	"ThreadsList\000"
 2108      6164734C 
 2108      69737400 
 2109              	.LASF21:
 2110 0209 6576656E 		.ascii	"eventmask_t\000"
 2110      746D6173 
 2110      6B5F7400 
 2111              	.LASF47:
 2112 0215 73746B61 		.ascii	"stkalign_t\000"
 2112      6C69676E 
 2112      5F7400
 2113              	.LASF50:
 2114 0220 73697A65 		.ascii	"sizetype\000"
 2114      74797065 
 2114      00
 2115              	.LASF54:
 2116 0229 4D757465 		.ascii	"Mutex\000"
 2116      7800
 2117              	.LASF82:
ARM GAS  C:\Users\jenny\AppData\Local\Temp\ccbm6qKM.s 			page 40


 2118 022f 6D626C6F 		.ascii	"mblock\000"
 2118      636B00
 2119              	.LASF30:
 2120 0236 705F6F6C 		.ascii	"p_older\000"
 2120      64657200 
 2121              	.LASF44:
 2122 023e 54687265 		.ascii	"ThreadsQueue\000"
 2122      61647351 
 2122      75657565 
 2122      00
 2123              	.LASF78:
 2124 024b 66665F72 		.ascii	"ff_req_grant\000"
 2124      65715F67 
 2124      72616E74 
 2124      00
 2125              	.LASF83:
 2126 0258 66665F73 		.ascii	"ff_sem\000"
 2126      656D00
 2127              	.LASF59:
 2128 025f 4D656D6F 		.ascii	"MemoryHeap\000"
 2128      72794865 
 2128      617000
 2129              	.LASF17:
 2130 026a 74726566 		.ascii	"trefs_t\000"
 2130      735F7400 
 2131              	.LASF26:
 2132 0272 705F7072 		.ascii	"p_prev\000"
 2132      657600
 2133              	.LASF19:
 2134 0279 74707269 		.ascii	"tprio_t\000"
 2134      6F5F7400 
 2135              	.LASF14:
 2136 0281 5F426F6F 		.ascii	"_Bool\000"
 2136      6C00
 2137              	.LASF7:
 2138 0287 696E7433 		.ascii	"int32_t\000"
 2138      325F7400 
 2139              	.LASF4:
 2140 028f 756E7369 		.ascii	"unsigned char\000"
 2140      676E6564 
 2140      20636861 
 2140      7200
 2141              	.LASF92:
 2142 029d 68656170 		.ascii	"heap_header\000"
 2142      5F686561 
 2142      64657200 
 2143              	.LASF41:
 2144 02a9 705F6D74 		.ascii	"p_mtxlist\000"
 2144      786C6973 
 2144      7400
 2145              	.LASF5:
 2146 02b3 73686F72 		.ascii	"short int\000"
 2146      7420696E 
 2146      7400
 2147              	.LASF32:
 2148 02bd 705F7374 		.ascii	"p_state\000"
 2148      61746500 
ARM GAS  C:\Users\jenny\AppData\Local\Temp\ccbm6qKM.s 			page 41


 2149              	.LASF35:
 2150 02c5 705F7072 		.ascii	"p_preempt\000"
 2150      65656D70 
 2150      7400
 2151              	.LASF80:
 2152 02cf 66665F72 		.ascii	"ff_rel_grant\000"
 2152      656C5F67 
 2152      72616E74 
 2152      00
 2153              	.LASF71:
 2154 02dc 65776D61 		.ascii	"ewmask\000"
 2154      736B00
 2155              	.LASF25:
 2156 02e3 705F6E65 		.ascii	"p_next\000"
 2156      787400
 2157              	.LASF33:
 2158 02ea 705F666C 		.ascii	"p_flags\000"
 2158      61677300 
 2159              	.LASF24:
 2160 02f2 54687265 		.ascii	"Thread\000"
 2160      616400
 2161              	.LASF88:
 2162 02f9 63684865 		.ascii	"chHeapAlloc\000"
 2162      6170416C 
 2162      6C6F6300 
 2163              	.LASF40:
 2164 0305 705F6570 		.ascii	"p_epending\000"
 2164      656E6469 
 2164      6E6700
 2165              	.LASF9:
 2166 0310 75696E74 		.ascii	"uint32_t\000"
 2166      33325F74 
 2166      00
 2167              	.LASF65:
 2168 0319 68656170 		.ascii	"heap\000"
 2168      00
 2169              	.LASF18:
 2170 031e 74736C69 		.ascii	"tslices_t\000"
 2170      6365735F 
 2170      7400
 2171              	.LASF72:
 2172 0328 63686172 		.ascii	"char\000"
 2172      00
 2173              	.LASF57:
 2174 032d 6D5F6E65 		.ascii	"m_next\000"
 2174      787400
 2175              	.LASF22:
 2176 0334 73797374 		.ascii	"systime_t\000"
 2176      696D655F 
 2176      7400
 2177              	.LASF42:
 2178 033e 705F7265 		.ascii	"p_realprio\000"
 2178      616C7072 
 2178      696F00
 2179              	.LASF36:
 2180 0349 705F7469 		.ascii	"p_time\000"
 2180      6D6500
ARM GAS  C:\Users\jenny\AppData\Local\Temp\ccbm6qKM.s 			page 42


 2181              	.LASF48:
 2182 0350 696E7463 		.ascii	"intctx\000"
 2182      747800
 2183              	.LASF51:
 2184 0357 53656D61 		.ascii	"Semaphore\000"
 2184      70686F72 
 2184      6500
 2185              	.LASF34:
 2186 0361 705F7265 		.ascii	"p_refs\000"
 2186      667300
 2187              	.LASF3:
 2188 0368 75696E74 		.ascii	"uint8_t\000"
 2188      385F7400 
 2189              	.LASF61:
 2190 0370 685F7072 		.ascii	"h_provider\000"
 2190      6F766964 
 2190      657200
 2191              	.LASF91:
 2192 037b 443A5C6A 		.ascii	"D:\\jenny\\dev\\probe\\chibios\\chibios.workspace\\"
 2192      656E6E79 
 2192      5C646576 
 2192      5C70726F 
 2192      62655C63 
 2193 03a8 64656D6F 		.ascii	"demos\\ARMCM4-STM32F407-LWIP-FATFS-USB\000"
 2193      735C4152 
 2193      4D434D34 
 2193      2D53544D 
 2193      33324634 
 2194              	.LASF70:
 2195 03ce 77746F62 		.ascii	"wtobjp\000"
 2195      6A7000
 2196              	.LASF31:
 2197 03d5 705F6E61 		.ascii	"p_name\000"
 2197      6D6500
 2198              	.LASF77:
 2199 03dc 66665F64 		.ascii	"ff_del_syncobj\000"
 2199      656C5F73 
 2199      796E636F 
 2199      626A00
 2200              	.LASF39:
 2201 03eb 705F6D73 		.ascii	"p_msg\000"
 2201      6700
 2202              	.LASF56:
 2203 03f1 6D5F6F77 		.ascii	"m_owner\000"
 2203      6E657200 
 2204              	.LASF28:
 2205 03f9 705F6374 		.ascii	"p_ctx\000"
 2205      7800
 2206              	.LASF37:
 2207 03ff 705F7761 		.ascii	"p_waiting\000"
 2207      6974696E 
 2207      6700
 2208              	.LASF84:
 2209 0409 63685365 		.ascii	"chSemInit\000"
 2209      6D496E69 
 2209      7400
 2210              	.LASF60:
ARM GAS  C:\Users\jenny\AppData\Local\Temp\ccbm6qKM.s 			page 43


 2211 0413 6D656D6F 		.ascii	"memory_heap\000"
 2211      72795F68 
 2211      65617000 
 2212              		.ident	"GCC: (GNU Tools for ARM Embedded Processors) 4.7.4 20130913 (release) [ARM/embedded-4_7-br
ARM GAS  C:\Users\jenny\AppData\Local\Temp\ccbm6qKM.s 			page 44


DEFINED SYMBOLS
                            *ABS*:00000000 fatfs_syscall.c
C:\Users\jenny\AppData\Local\Temp\ccbm6qKM.s:20     .text.ff_cre_syncobj:00000000 $t
C:\Users\jenny\AppData\Local\Temp\ccbm6qKM.s:26     .text.ff_cre_syncobj:00000000 ff_cre_syncobj
C:\Users\jenny\AppData\Local\Temp\ccbm6qKM.s:191    .bss.ff_sem:00000000 .LANCHOR0
C:\Users\jenny\AppData\Local\Temp\ccbm6qKM.s:58     .text.ff_del_syncobj:00000000 $t
C:\Users\jenny\AppData\Local\Temp\ccbm6qKM.s:64     .text.ff_del_syncobj:00000000 ff_del_syncobj
C:\Users\jenny\AppData\Local\Temp\ccbm6qKM.s:87     .text.ff_req_grant:00000000 $t
C:\Users\jenny\AppData\Local\Temp\ccbm6qKM.s:93     .text.ff_req_grant:00000000 ff_req_grant
C:\Users\jenny\AppData\Local\Temp\ccbm6qKM.s:119    .text.ff_rel_grant:00000000 $t
C:\Users\jenny\AppData\Local\Temp\ccbm6qKM.s:125    .text.ff_rel_grant:00000000 ff_rel_grant
C:\Users\jenny\AppData\Local\Temp\ccbm6qKM.s:141    .text.ff_memalloc:00000000 $t
C:\Users\jenny\AppData\Local\Temp\ccbm6qKM.s:147    .text.ff_memalloc:00000000 ff_memalloc
C:\Users\jenny\AppData\Local\Temp\ccbm6qKM.s:168    .text.ff_memfree:00000000 $t
C:\Users\jenny\AppData\Local\Temp\ccbm6qKM.s:174    .text.ff_memfree:00000000 ff_memfree
C:\Users\jenny\AppData\Local\Temp\ccbm6qKM.s:190    .bss.ff_sem:00000000 $d
C:\Users\jenny\AppData\Local\Temp\ccbm6qKM.s:194    .bss.ff_sem:00000000 ff_sem
                     .debug_frame:00000010 $d

UNDEFINED SYMBOLS
chSemInit
chSemReset
chSemWaitTimeout
chSemSignal
chHeapAlloc
chHeapFree
