ARM GAS  C:\Users\jenny\AppData\Local\Temp\ccRvr1QA.s 			page 1


   1              		.syntax unified
   2              		.cpu cortex-m4
   3              		.eabi_attribute 27, 3
   4              		.fpu fpv4-sp-d16
   5              		.eabi_attribute 20, 1
   6              		.eabi_attribute 21, 1
   7              		.eabi_attribute 23, 3
   8              		.eabi_attribute 24, 1
   9              		.eabi_attribute 25, 1
  10              		.eabi_attribute 26, 1
  11              		.eabi_attribute 30, 2
  12              		.eabi_attribute 34, 1
  13              		.eabi_attribute 18, 4
  14              		.thumb
  15              		.file	"hal.c"
  16              		.text
  17              	.Ltext0:
  18              		.cfi_sections	.debug_frame
  19              		.section	.text.halInit,"ax",%progbits
  20              		.align	2
  21              		.p2align 4,,15
  22              		.global	halInit
  23              		.thumb
  24              		.thumb_func
  25              		.type	halInit, %function
  26              	halInit:
  27              	.LFB118:
  28              		.file 1 "../../os/hal/src/hal.c"
  29              		.loc 1 68 0
  30              		.cfi_startproc
  31              		@ args = 0, pretend = 0, frame = 0
  32              		@ frame_needed = 0, uses_anonymous_args = 0
  33 0000 08B5     		push	{r3, lr}
  34              	.LCFI0:
  35              		.cfi_def_cfa_offset 8
  36              		.cfi_offset 3, -8
  37              		.cfi_offset 14, -4
  38              		.loc 1 70 0
  39 0002 FFF7FEFF 		bl	hal_lld_init
  40              	.LVL0:
  41              		.loc 1 73 0
  42 0006 FFF7FEFF 		bl	tmInit
  43              	.LVL1:
  44              		.loc 1 76 0
  45 000a 40F20000 		movw	r0, #:lower16:pal_default_config
  46 000e C0F20000 		movt	r0, #:upper16:pal_default_config
  47 0012 FFF7FEFF 		bl	_pal_lld_init
  48              	.LVL2:
  49              		.loc 1 97 0
  50 0016 FFF7FEFF 		bl	macInit
  51              	.LVL3:
  52              		.loc 1 103 0
  53 001a FFF7FEFF 		bl	sdInit
  54              	.LVL4:
  55              		.loc 1 106 0
  56 001e FFF7FEFF 		bl	sdcInit
  57              	.LVL5:
ARM GAS  C:\Users\jenny\AppData\Local\Temp\ccRvr1QA.s 			page 2


  58              		.loc 1 115 0
  59 0022 FFF7FEFF 		bl	usbInit
  60              	.LVL6:
  61              		.loc 1 121 0
  62 0026 FFF7FEFF 		bl	sduInit
  63              	.LVL7:
  64              		.loc 1 128 0
  65 002a BDE80840 		pop	{r3, lr}
  66              		.loc 1 127 0
  67 002e FFF7FEBF 		b	boardInit
  68              	.LVL8:
  69              		.cfi_endproc
  70              	.LFE118:
  71              		.size	halInit, .-halInit
  72 0032 00BFAFF3 		.section	.text.halIsCounterWithin,"ax",%progbits
  72      0080AFF3 
  72      0080AFF3 
  72      0080
  73              		.align	2
  74              		.p2align 4,,15
  75              		.global	halIsCounterWithin
  76              		.thumb
  77              		.thumb_func
  78              		.type	halIsCounterWithin, %function
  79              	halIsCounterWithin:
  80              	.LFB119:
  81              		.loc 1 174 0
  82              		.cfi_startproc
  83              		@ args = 0, pretend = 0, frame = 0
  84              		@ frame_needed = 0, uses_anonymous_args = 0
  85              		@ link register save eliminated.
  86              	.LVL9:
  87              		.loc 1 175 0
  88 0000 4FF48053 		mov	r3, #4096
  89 0004 CEF20003 		movt	r3, 57344
  90              		.loc 1 177 0
  91 0008 8142     		cmp	r1, r0
  92              		.loc 1 175 0
  93 000a 5A68     		ldr	r2, [r3, #4]
  94              	.LVL10:
  95              		.loc 1 177 0
  96 000c 06D9     		bls	.L3
  97              		.loc 1 177 0 is_stmt 0 discriminator 1
  98 000e 8242     		cmp	r2, r0
  99 0010 08D3     		bcc	.L7
 100              	.L9:
 101              		.loc 1 178 0 is_stmt 1 discriminator 2
 102 0012 8A42     		cmp	r2, r1
 103 0014 2CBF     		ite	cs
 104 0016 0020     		movcs	r0, #0
 105              	.LVL11:
 106 0018 0120     		movcc	r0, #1
 107 001a 7047     		bx	lr
 108              	.LVL12:
 109              	.L3:
 110              		.loc 1 178 0 is_stmt 0
 111 001c 8242     		cmp	r2, r0
ARM GAS  C:\Users\jenny\AppData\Local\Temp\ccRvr1QA.s 			page 3


 112 001e F8D3     		bcc	.L9
 113 0020 0120     		movs	r0, #1
 114              	.LVL13:
 115              		.loc 1 179 0 is_stmt 1
 116 0022 7047     		bx	lr
 117              	.LVL14:
 118              	.L7:
 119              		.loc 1 177 0
 120 0024 0020     		movs	r0, #0
 121              	.LVL15:
 122 0026 7047     		bx	lr
 123              		.cfi_endproc
 124              	.LFE119:
 125              		.size	halIsCounterWithin, .-halIsCounterWithin
 126 0028 AFF30080 		.section	.text.halPolledDelay,"ax",%progbits
 126      AFF30080 
 127              		.align	2
 128              		.p2align 4,,15
 129              		.global	halPolledDelay
 130              		.thumb
 131              		.thumb_func
 132              		.type	halPolledDelay, %function
 133              	halPolledDelay:
 134              	.LFB120:
 135              		.loc 1 193 0
 136              		.cfi_startproc
 137              		@ args = 0, pretend = 0, frame = 0
 138              		@ frame_needed = 0, uses_anonymous_args = 0
 139              		@ link register save eliminated.
 140              	.LVL16:
 141              		.loc 1 194 0
 142 0000 4FF48053 		mov	r3, #4096
 143 0004 CEF20003 		movt	r3, 57344
 144              	.LBB4:
 145              	.LBB5:
 146              		.loc 1 175 0
 147 0008 1946     		mov	r1, r3
 148              	.LBE5:
 149              	.LBE4:
 150              		.loc 1 194 0
 151 000a 5A68     		ldr	r2, [r3, #4]
 152              	.LVL17:
 153              		.loc 1 195 0
 154 000c 8018     		adds	r0, r0, r2
 155              	.LVL18:
 156              	.L21:
 157              	.LBB7:
 158              	.LBB6:
 159              		.loc 1 177 0 discriminator 1
 160 000e 8242     		cmp	r2, r0
 161              		.loc 1 175 0 discriminator 1
 162 0010 4B68     		ldr	r3, [r1, #4]
 163              	.LVL19:
 164              		.loc 1 177 0 discriminator 1
 165 0012 02D2     		bcs	.L12
 166              		.loc 1 177 0 is_stmt 0
 167 0014 9A42     		cmp	r2, r3
ARM GAS  C:\Users\jenny\AppData\Local\Temp\ccRvr1QA.s 			page 4


 168 0016 02D9     		bls	.L22
 169 0018 7047     		bx	lr
 170              	.L12:
 171              		.loc 1 178 0 is_stmt 1
 172 001a 9A42     		cmp	r2, r3
 173 001c F7D9     		bls	.L21
 174              	.L22:
 175 001e 9842     		cmp	r0, r3
 176 0020 94BF     		ite	ls
 177 0022 0023     		movls	r3, #0
 178              	.LVL20:
 179 0024 0123     		movhi	r3, #1
 180              	.LBE6:
 181              	.LBE7:
 182              		.loc 1 196 0
 183 0026 002B     		cmp	r3, #0
 184 0028 F1D1     		bne	.L21
 185 002a 7047     		bx	lr
 186              		.cfi_endproc
 187              	.LFE120:
 188              		.size	halPolledDelay, .-halPolledDelay
 189 002c AFF30080 		.text
 190              	.Letext0:
 191              		.file 2 "c:\\fbin\\yagarto\\bin\\../lib/gcc/arm-none-eabi/4.7.4/../../../../arm-none-eabi/include/
 192              		.file 3 "../../os/ports/GCC/ARMCMx/chtypes.h"
 193              		.file 4 "../../os/ports/common/ARMCMx/nvic.h"
 194              		.file 5 "../../os/hal/platforms/STM32F4xx/hal_lld.h"
 195              		.file 6 "../../os/hal/platforms/STM32/GPIOv2/pal_lld.h"
 196              		.file 7 "../../os/ports/common/ARMCMx/CMSIS/include/core_cm4.h"
 197              		.file 8 "../../os/hal/include/tm.h"
 198              		.file 9 "../../os/hal/include/mac.h"
 199              		.file 10 "../../os/hal/include/serial.h"
 200              		.file 11 "../../os/hal/include/sdc.h"
 201              		.file 12 "../../os/hal/include/usb.h"
 202              		.file 13 "../../os/hal/include/serial_usb.h"
 203              		.file 14 "../../boards/OLIMEX_STM32_E407/board.h"
 204              		.section	.debug_info,"",%progbits
 205              	.Ldebug_info0:
 206 0000 2B040000 		.4byte	0x42b
 207 0004 0200     		.2byte	0x2
 208 0006 00000000 		.4byte	.Ldebug_abbrev0
 209 000a 04       		.byte	0x4
 210 000b 01       		.uleb128 0x1
 211 000c 87010000 		.4byte	.LASF57
 212 0010 01       		.byte	0x1
 213 0011 12010000 		.4byte	.LASF58
 214 0015 65000000 		.4byte	.LASF59
 215 0019 30000000 		.4byte	.Ldebug_ranges0+0x30
 216 001d 00000000 		.4byte	0
 217 0021 00000000 		.4byte	0
 218 0025 00000000 		.4byte	.Ldebug_line0
 219 0029 02       		.uleb128 0x2
 220 002a 04       		.byte	0x4
 221 002b 05       		.byte	0x5
 222 002c 696E7400 		.ascii	"int\000"
 223 0030 03       		.uleb128 0x3
 224 0031 04       		.byte	0x4
ARM GAS  C:\Users\jenny\AppData\Local\Temp\ccRvr1QA.s 			page 5


 225 0032 07       		.byte	0x7
 226 0033 B0020000 		.4byte	.LASF0
 227 0037 03       		.uleb128 0x3
 228 0038 01       		.byte	0x1
 229 0039 06       		.byte	0x6
 230 003a 54010000 		.4byte	.LASF1
 231 003e 03       		.uleb128 0x3
 232 003f 01       		.byte	0x1
 233 0040 08       		.byte	0x8
 234 0041 41010000 		.4byte	.LASF2
 235 0045 03       		.uleb128 0x3
 236 0046 02       		.byte	0x2
 237 0047 05       		.byte	0x5
 238 0048 27000000 		.4byte	.LASF3
 239 004c 03       		.uleb128 0x3
 240 004d 02       		.byte	0x2
 241 004e 07       		.byte	0x7
 242 004f F6010000 		.4byte	.LASF4
 243 0053 04       		.uleb128 0x4
 244 0054 0E020000 		.4byte	.LASF6
 245 0058 02       		.byte	0x2
 246 0059 4F       		.byte	0x4f
 247 005a 5E000000 		.4byte	0x5e
 248 005e 03       		.uleb128 0x3
 249 005f 04       		.byte	0x4
 250 0060 05       		.byte	0x5
 251 0061 F3000000 		.4byte	.LASF5
 252 0065 04       		.uleb128 0x4
 253 0066 77010000 		.4byte	.LASF7
 254 006a 02       		.byte	0x2
 255 006b 50       		.byte	0x50
 256 006c 70000000 		.4byte	0x70
 257 0070 03       		.uleb128 0x3
 258 0071 04       		.byte	0x4
 259 0072 07       		.byte	0x7
 260 0073 4A020000 		.4byte	.LASF8
 261 0077 03       		.uleb128 0x3
 262 0078 08       		.byte	0x8
 263 0079 05       		.byte	0x5
 264 007a CE000000 		.4byte	.LASF9
 265 007e 03       		.uleb128 0x3
 266 007f 08       		.byte	0x8
 267 0080 07       		.byte	0x7
 268 0081 60010000 		.4byte	.LASF10
 269 0085 04       		.uleb128 0x4
 270 0086 16020000 		.4byte	.LASF11
 271 008a 03       		.byte	0x3
 272 008b 2B       		.byte	0x2b
 273 008c 90000000 		.4byte	0x90
 274 0090 03       		.uleb128 0x3
 275 0091 01       		.byte	0x1
 276 0092 02       		.byte	0x2
 277 0093 2E020000 		.4byte	.LASF12
 278 0097 04       		.uleb128 0x4
 279 0098 BF000000 		.4byte	.LASF13
 280 009c 04       		.byte	0x4
 281 009d 3A       		.byte	0x3a
ARM GAS  C:\Users\jenny\AppData\Local\Temp\ccRvr1QA.s 			page 6


 282 009e A2000000 		.4byte	0xa2
 283 00a2 05       		.uleb128 0x5
 284 00a3 65000000 		.4byte	0x65
 285 00a7 03       		.uleb128 0x3
 286 00a8 04       		.byte	0x4
 287 00a9 07       		.byte	0x7
 288 00aa 36000000 		.4byte	.LASF14
 289 00ae 06       		.uleb128 0x6
 290 00af 20       		.byte	0x20
 291 00b0 04       		.byte	0x4
 292 00b1 0601     		.2byte	0x106
 293 00b3 30010000 		.4byte	0x130
 294 00b7 07       		.uleb128 0x7
 295 00b8 4F010000 		.4byte	.LASF15
 296 00bc 04       		.byte	0x4
 297 00bd 0701     		.2byte	0x107
 298 00bf 97000000 		.4byte	0x97
 299 00c3 02       		.byte	0x2
 300 00c4 23       		.byte	0x23
 301 00c5 00       		.uleb128 0
 302 00c6 07       		.uleb128 0x7
 303 00c7 E4000000 		.4byte	.LASF16
 304 00cb 04       		.byte	0x4
 305 00cc 0801     		.2byte	0x108
 306 00ce 97000000 		.4byte	0x97
 307 00d2 02       		.byte	0x2
 308 00d3 23       		.byte	0x23
 309 00d4 04       		.uleb128 0x4
 310 00d5 07       		.uleb128 0x7
 311 00d6 43020000 		.4byte	.LASF17
 312 00da 04       		.byte	0x4
 313 00db 0901     		.2byte	0x109
 314 00dd 97000000 		.4byte	0x97
 315 00e1 02       		.byte	0x2
 316 00e2 23       		.byte	0x23
 317 00e3 08       		.uleb128 0x8
 318 00e4 07       		.uleb128 0x7
 319 00e5 D8020000 		.4byte	.LASF18
 320 00e9 04       		.byte	0x4
 321 00ea 0A01     		.2byte	0x10a
 322 00ec 97000000 		.4byte	0x97
 323 00f0 02       		.byte	0x2
 324 00f1 23       		.byte	0x23
 325 00f2 0C       		.uleb128 0xc
 326 00f3 07       		.uleb128 0x7
 327 00f4 6E020000 		.4byte	.LASF19
 328 00f8 04       		.byte	0x4
 329 00f9 0B01     		.2byte	0x10b
 330 00fb 97000000 		.4byte	0x97
 331 00ff 02       		.byte	0x2
 332 0100 23       		.byte	0x23
 333 0101 10       		.uleb128 0x10
 334 0102 07       		.uleb128 0x7
 335 0103 7D020000 		.4byte	.LASF20
 336 0107 04       		.byte	0x4
 337 0108 0C01     		.2byte	0x10c
 338 010a 97000000 		.4byte	0x97
ARM GAS  C:\Users\jenny\AppData\Local\Temp\ccRvr1QA.s 			page 7


 339 010e 02       		.byte	0x2
 340 010f 23       		.byte	0x23
 341 0110 14       		.uleb128 0x14
 342 0111 07       		.uleb128 0x7
 343 0112 55000000 		.4byte	.LASF21
 344 0116 04       		.byte	0x4
 345 0117 0D01     		.2byte	0x10d
 346 0119 97000000 		.4byte	0x97
 347 011d 02       		.byte	0x2
 348 011e 23       		.byte	0x23
 349 011f 18       		.uleb128 0x18
 350 0120 07       		.uleb128 0x7
 351 0121 31000000 		.4byte	.LASF22
 352 0125 04       		.byte	0x4
 353 0126 0E01     		.2byte	0x10e
 354 0128 97000000 		.4byte	0x97
 355 012c 02       		.byte	0x2
 356 012d 23       		.byte	0x23
 357 012e 1C       		.uleb128 0x1c
 358 012f 00       		.byte	0
 359 0130 08       		.uleb128 0x8
 360 0131 34020000 		.4byte	.LASF23
 361 0135 04       		.byte	0x4
 362 0136 0F01     		.2byte	0x10f
 363 0138 AE000000 		.4byte	0xae
 364 013c 03       		.uleb128 0x3
 365 013d 01       		.byte	0x1
 366 013e 08       		.byte	0x8
 367 013f 09020000 		.4byte	.LASF24
 368 0143 05       		.uleb128 0x5
 369 0144 53000000 		.4byte	0x53
 370 0148 08       		.uleb128 0x8
 371 0149 63020000 		.4byte	.LASF25
 372 014d 05       		.byte	0x5
 373 014e DC05     		.2byte	0x5dc
 374 0150 65000000 		.4byte	0x65
 375 0154 09       		.uleb128 0x9
 376 0155 1C       		.byte	0x1c
 377 0156 06       		.byte	0x6
 378 0157 A3       		.byte	0xa3
 379 0158 BF010000 		.4byte	0x1bf
 380 015c 0A       		.uleb128 0xa
 381 015d 8E020000 		.4byte	.LASF26
 382 0161 06       		.byte	0x6
 383 0162 A5       		.byte	0xa5
 384 0163 65000000 		.4byte	0x65
 385 0167 02       		.byte	0x2
 386 0168 23       		.byte	0x23
 387 0169 00       		.uleb128 0
 388 016a 0A       		.uleb128 0xa
 389 016b 80010000 		.4byte	.LASF27
 390 016f 06       		.byte	0x6
 391 0170 A7       		.byte	0xa7
 392 0171 65000000 		.4byte	0x65
 393 0175 02       		.byte	0x2
 394 0176 23       		.byte	0x23
 395 0177 04       		.uleb128 0x4
ARM GAS  C:\Users\jenny\AppData\Local\Temp\ccRvr1QA.s 			page 8


 396 0178 0A       		.uleb128 0xa
 397 0179 EB000000 		.4byte	.LASF28
 398 017d 06       		.byte	0x6
 399 017e A9       		.byte	0xa9
 400 017f 65000000 		.4byte	0x65
 401 0183 02       		.byte	0x2
 402 0184 23       		.byte	0x23
 403 0185 08       		.uleb128 0x8
 404 0186 0A       		.uleb128 0xa
 405 0187 77020000 		.4byte	.LASF29
 406 018b 06       		.byte	0x6
 407 018c AB       		.byte	0xab
 408 018d 65000000 		.4byte	0x65
 409 0191 02       		.byte	0x2
 410 0192 23       		.byte	0x23
 411 0193 0C       		.uleb128 0xc
 412 0194 0B       		.uleb128 0xb
 413 0195 6F647200 		.ascii	"odr\000"
 414 0199 06       		.byte	0x6
 415 019a AD       		.byte	0xad
 416 019b 65000000 		.4byte	0x65
 417 019f 02       		.byte	0x2
 418 01a0 23       		.byte	0x23
 419 01a1 10       		.uleb128 0x10
 420 01a2 0A       		.uleb128 0xa
 421 01a3 89020000 		.4byte	.LASF30
 422 01a7 06       		.byte	0x6
 423 01a8 AF       		.byte	0xaf
 424 01a9 65000000 		.4byte	0x65
 425 01ad 02       		.byte	0x2
 426 01ae 23       		.byte	0x23
 427 01af 14       		.uleb128 0x14
 428 01b0 0A       		.uleb128 0xa
 429 01b1 84020000 		.4byte	.LASF31
 430 01b5 06       		.byte	0x6
 431 01b6 B1       		.byte	0xb1
 432 01b7 65000000 		.4byte	0x65
 433 01bb 02       		.byte	0x2
 434 01bc 23       		.byte	0x23
 435 01bd 18       		.uleb128 0x18
 436 01be 00       		.byte	0
 437 01bf 04       		.uleb128 0x4
 438 01c0 D0010000 		.4byte	.LASF32
 439 01c4 06       		.byte	0x6
 440 01c5 B2       		.byte	0xb2
 441 01c6 54010000 		.4byte	0x154
 442 01ca 09       		.uleb128 0x9
 443 01cb FC       		.byte	0xfc
 444 01cc 06       		.byte	0x6
 445 01cd BB       		.byte	0xbb
 446 01ce 55020000 		.4byte	0x255
 447 01d2 0A       		.uleb128 0xa
 448 01d3 C7000000 		.4byte	.LASF33
 449 01d7 06       		.byte	0x6
 450 01d8 BD       		.byte	0xbd
 451 01d9 BF010000 		.4byte	0x1bf
 452 01dd 02       		.byte	0x2
ARM GAS  C:\Users\jenny\AppData\Local\Temp\ccRvr1QA.s 			page 9


 453 01de 23       		.byte	0x23
 454 01df 00       		.uleb128 0
 455 01e0 0A       		.uleb128 0xa
 456 01e1 27020000 		.4byte	.LASF34
 457 01e5 06       		.byte	0x6
 458 01e6 BF       		.byte	0xbf
 459 01e7 BF010000 		.4byte	0x1bf
 460 01eb 02       		.byte	0x2
 461 01ec 23       		.byte	0x23
 462 01ed 1C       		.uleb128 0x1c
 463 01ee 0A       		.uleb128 0xa
 464 01ef 3A010000 		.4byte	.LASF35
 465 01f3 06       		.byte	0x6
 466 01f4 C1       		.byte	0xc1
 467 01f5 BF010000 		.4byte	0x1bf
 468 01f9 02       		.byte	0x2
 469 01fa 23       		.byte	0x23
 470 01fb 38       		.uleb128 0x38
 471 01fc 0A       		.uleb128 0xa
 472 01fd FC000000 		.4byte	.LASF36
 473 0201 06       		.byte	0x6
 474 0202 C3       		.byte	0xc3
 475 0203 BF010000 		.4byte	0x1bf
 476 0207 02       		.byte	0x2
 477 0208 23       		.byte	0x23
 478 0209 54       		.uleb128 0x54
 479 020a 0A       		.uleb128 0xa
 480 020b 3C020000 		.4byte	.LASF37
 481 020f 06       		.byte	0x6
 482 0210 C6       		.byte	0xc6
 483 0211 BF010000 		.4byte	0x1bf
 484 0215 02       		.byte	0x2
 485 0216 23       		.byte	0x23
 486 0217 70       		.uleb128 0x70
 487 0218 0A       		.uleb128 0xa
 488 0219 47000000 		.4byte	.LASF38
 489 021d 06       		.byte	0x6
 490 021e CA       		.byte	0xca
 491 021f BF010000 		.4byte	0x1bf
 492 0223 03       		.byte	0x3
 493 0224 23       		.byte	0x23
 494 0225 8C01     		.uleb128 0x8c
 495 0227 0A       		.uleb128 0xa
 496 0228 33010000 		.4byte	.LASF39
 497 022c 06       		.byte	0x6
 498 022d CE       		.byte	0xce
 499 022e BF010000 		.4byte	0x1bf
 500 0232 03       		.byte	0x3
 501 0233 23       		.byte	0x23
 502 0234 A801     		.uleb128 0xa8
 503 0236 0A       		.uleb128 0xa
 504 0237 5C020000 		.4byte	.LASF40
 505 023b 06       		.byte	0x6
 506 023c D2       		.byte	0xd2
 507 023d BF010000 		.4byte	0x1bf
 508 0241 03       		.byte	0x3
 509 0242 23       		.byte	0x23
ARM GAS  C:\Users\jenny\AppData\Local\Temp\ccRvr1QA.s 			page 10


 510 0243 C401     		.uleb128 0xc4
 511 0245 0A       		.uleb128 0xa
 512 0246 4E000000 		.4byte	.LASF41
 513 024a 06       		.byte	0x6
 514 024b D6       		.byte	0xd6
 515 024c BF010000 		.4byte	0x1bf
 516 0250 03       		.byte	0x3
 517 0251 23       		.byte	0x23
 518 0252 E001     		.uleb128 0xe0
 519 0254 00       		.byte	0
 520 0255 04       		.uleb128 0x4
 521 0256 1D020000 		.4byte	.LASF42
 522 025a 06       		.byte	0x6
 523 025b D8       		.byte	0xd8
 524 025c CA010000 		.4byte	0x1ca
 525 0260 0C       		.uleb128 0xc
 526 0261 01       		.byte	0x1
 527 0262 C5020000 		.4byte	.LASF60
 528 0266 01       		.byte	0x1
 529 0267 AE       		.byte	0xae
 530 0268 01       		.byte	0x1
 531 0269 85000000 		.4byte	0x85
 532 026d 01       		.byte	0x1
 533 026e 94020000 		.4byte	0x294
 534 0272 0D       		.uleb128 0xd
 535 0273 F0010000 		.4byte	.LASF43
 536 0277 01       		.byte	0x1
 537 0278 AE       		.byte	0xae
 538 0279 48010000 		.4byte	0x148
 539 027d 0E       		.uleb128 0xe
 540 027e 656E6400 		.ascii	"end\000"
 541 0282 01       		.byte	0x1
 542 0283 AE       		.byte	0xae
 543 0284 48010000 		.4byte	0x148
 544 0288 0F       		.uleb128 0xf
 545 0289 6E6F7700 		.ascii	"now\000"
 546 028d 01       		.byte	0x1
 547 028e AF       		.byte	0xaf
 548 028f 48010000 		.4byte	0x148
 549 0293 00       		.byte	0
 550 0294 10       		.uleb128 0x10
 551 0295 01       		.byte	0x1
 552 0296 DC000000 		.4byte	.LASF44
 553 029a 01       		.byte	0x1
 554 029b 44       		.byte	0x44
 555 029c 01       		.byte	0x1
 556 029d 00000000 		.4byte	.LFB118
 557 02a1 32000000 		.4byte	.LFE118
 558 02a5 00000000 		.4byte	.LLST0
 559 02a9 01       		.byte	0x1
 560 02aa 01030000 		.4byte	0x301
 561 02ae 11       		.uleb128 0x11
 562 02af 06000000 		.4byte	.LVL0
 563 02b3 BF030000 		.4byte	0x3bf
 564 02b7 11       		.uleb128 0x11
 565 02b8 0A000000 		.4byte	.LVL1
 566 02bc CA030000 		.4byte	0x3ca
ARM GAS  C:\Users\jenny\AppData\Local\Temp\ccRvr1QA.s 			page 11


 567 02c0 11       		.uleb128 0x11
 568 02c1 16000000 		.4byte	.LVL2
 569 02c5 D4030000 		.4byte	0x3d4
 570 02c9 11       		.uleb128 0x11
 571 02ca 1A000000 		.4byte	.LVL3
 572 02ce EF030000 		.4byte	0x3ef
 573 02d2 11       		.uleb128 0x11
 574 02d3 1E000000 		.4byte	.LVL4
 575 02d7 F9030000 		.4byte	0x3f9
 576 02db 11       		.uleb128 0x11
 577 02dc 22000000 		.4byte	.LVL5
 578 02e0 04040000 		.4byte	0x404
 579 02e4 11       		.uleb128 0x11
 580 02e5 26000000 		.4byte	.LVL6
 581 02e9 0E040000 		.4byte	0x40e
 582 02ed 11       		.uleb128 0x11
 583 02ee 2A000000 		.4byte	.LVL7
 584 02f2 19040000 		.4byte	0x419
 585 02f6 12       		.uleb128 0x12
 586 02f7 32000000 		.4byte	.LVL8
 587 02fb 01       		.byte	0x1
 588 02fc 23040000 		.4byte	0x423
 589 0300 00       		.byte	0
 590 0301 13       		.uleb128 0x13
 591 0302 60020000 		.4byte	0x260
 592 0306 00000000 		.4byte	.LFB119
 593 030a 28000000 		.4byte	.LFE119
 594 030e 02       		.byte	0x2
 595 030f 7D       		.byte	0x7d
 596 0310 00       		.sleb128 0
 597 0311 01       		.byte	0x1
 598 0312 2E030000 		.4byte	0x32e
 599 0316 14       		.uleb128 0x14
 600 0317 72020000 		.4byte	0x272
 601 031b 20000000 		.4byte	.LLST1
 602 031f 15       		.uleb128 0x15
 603 0320 7D020000 		.4byte	0x27d
 604 0324 01       		.byte	0x1
 605 0325 51       		.byte	0x51
 606 0326 16       		.uleb128 0x16
 607 0327 88020000 		.4byte	0x288
 608 032b 01       		.byte	0x1
 609 032c 52       		.byte	0x52
 610 032d 00       		.byte	0
 611 032e 17       		.uleb128 0x17
 612 032f 01       		.byte	0x1
 613 0330 03010000 		.4byte	.LASF45
 614 0334 01       		.byte	0x1
 615 0335 C1       		.byte	0xc1
 616 0336 01       		.byte	0x1
 617 0337 00000000 		.4byte	.LFB120
 618 033b 2C000000 		.4byte	.LFE120
 619 033f 02       		.byte	0x2
 620 0340 7D       		.byte	0x7d
 621 0341 00       		.sleb128 0
 622 0342 01       		.byte	0x1
 623 0343 9E030000 		.4byte	0x39e
ARM GAS  C:\Users\jenny\AppData\Local\Temp\ccRvr1QA.s 			page 12


 624 0347 18       		.uleb128 0x18
 625 0348 00000000 		.4byte	.LASF61
 626 034c 01       		.byte	0x1
 627 034d C1       		.byte	0xc1
 628 034e 48010000 		.4byte	0x148
 629 0352 73000000 		.4byte	.LLST2
 630 0356 19       		.uleb128 0x19
 631 0357 F0010000 		.4byte	.LASF43
 632 035b 01       		.byte	0x1
 633 035c C2       		.byte	0xc2
 634 035d 48010000 		.4byte	0x148
 635 0361 01       		.byte	0x1
 636 0362 52       		.byte	0x52
 637 0363 19       		.uleb128 0x19
 638 0364 DF020000 		.4byte	.LASF46
 639 0368 01       		.byte	0x1
 640 0369 C3       		.byte	0xc3
 641 036a 48010000 		.4byte	0x148
 642 036e 01       		.byte	0x1
 643 036f 50       		.byte	0x50
 644 0370 1A       		.uleb128 0x1a
 645 0371 60020000 		.4byte	0x260
 646 0375 08000000 		.4byte	.LBB4
 647 0379 00000000 		.4byte	.Ldebug_ranges0+0
 648 037d 01       		.byte	0x1
 649 037e C4       		.byte	0xc4
 650 037f 15       		.uleb128 0x15
 651 0380 7D020000 		.4byte	0x27d
 652 0384 01       		.byte	0x1
 653 0385 50       		.byte	0x50
 654 0386 15       		.uleb128 0x15
 655 0387 72020000 		.4byte	0x272
 656 038b 01       		.byte	0x1
 657 038c 52       		.byte	0x52
 658 038d 1B       		.uleb128 0x1b
 659 038e 18000000 		.4byte	.Ldebug_ranges0+0x18
 660 0392 1C       		.uleb128 0x1c
 661 0393 88020000 		.4byte	0x288
 662 0397 94000000 		.4byte	.LLST3
 663 039b 00       		.byte	0
 664 039c 00       		.byte	0
 665 039d 00       		.byte	0
 666 039e 1D       		.uleb128 0x1d
 667 039f 9C020000 		.4byte	.LASF47
 668 03a3 07       		.byte	0x7
 669 03a4 9806     		.2byte	0x698
 670 03a6 43010000 		.4byte	0x143
 671 03aa 01       		.byte	0x1
 672 03ab 01       		.byte	0x1
 673 03ac 1D       		.uleb128 0x1d
 674 03ad 14000000 		.4byte	.LASF48
 675 03b1 06       		.byte	0x6
 676 03b2 B401     		.2byte	0x1b4
 677 03b4 BA030000 		.4byte	0x3ba
 678 03b8 01       		.byte	0x1
 679 03b9 01       		.byte	0x1
 680 03ba 1E       		.uleb128 0x1e
ARM GAS  C:\Users\jenny\AppData\Local\Temp\ccRvr1QA.s 			page 13


 681 03bb 55020000 		.4byte	0x255
 682 03bf 1F       		.uleb128 0x1f
 683 03c0 01       		.byte	0x1
 684 03c1 E3010000 		.4byte	.LASF49
 685 03c5 05       		.byte	0x5
 686 03c6 0506     		.2byte	0x605
 687 03c8 01       		.byte	0x1
 688 03c9 01       		.byte	0x1
 689 03ca 20       		.uleb128 0x20
 690 03cb 01       		.byte	0x1
 691 03cc A9020000 		.4byte	.LASF50
 692 03d0 08       		.byte	0x8
 693 03d1 73       		.byte	0x73
 694 03d2 01       		.byte	0x1
 695 03d3 01       		.byte	0x1
 696 03d4 21       		.uleb128 0x21
 697 03d5 01       		.byte	0x1
 698 03d6 06000000 		.4byte	.LASF62
 699 03da 06       		.byte	0x6
 700 03db B901     		.2byte	0x1b9
 701 03dd 01       		.byte	0x1
 702 03de 01       		.byte	0x1
 703 03df E9030000 		.4byte	0x3e9
 704 03e3 22       		.uleb128 0x22
 705 03e4 E9030000 		.4byte	0x3e9
 706 03e8 00       		.byte	0
 707 03e9 23       		.uleb128 0x23
 708 03ea 04       		.byte	0x4
 709 03eb BA030000 		.4byte	0x3ba
 710 03ef 20       		.uleb128 0x20
 711 03f0 01       		.byte	0x1
 712 03f1 94020000 		.4byte	.LASF51
 713 03f5 09       		.byte	0x9
 714 03f6 C7       		.byte	0xc7
 715 03f7 01       		.byte	0x1
 716 03f8 01       		.byte	0x1
 717 03f9 1F       		.uleb128 0x1f
 718 03fa 01       		.byte	0x1
 719 03fb B8000000 		.4byte	.LASF52
 720 03ff 0A       		.byte	0xa
 721 0400 3501     		.2byte	0x135
 722 0402 01       		.byte	0x1
 723 0403 01       		.byte	0x1
 724 0404 20       		.uleb128 0x20
 725 0405 01       		.byte	0x1
 726 0406 3F000000 		.4byte	.LASF53
 727 040a 0B       		.byte	0xb
 728 040b A6       		.byte	0xa6
 729 040c 01       		.byte	0x1
 730 040d 01       		.byte	0x1
 731 040e 1F       		.uleb128 0x1f
 732 040f 01       		.byte	0x1
 733 0410 5D000000 		.4byte	.LASF54
 734 0414 0C       		.byte	0xc
 735 0415 2302     		.2byte	0x223
 736 0417 01       		.byte	0x1
 737 0418 01       		.byte	0x1
ARM GAS  C:\Users\jenny\AppData\Local\Temp\ccRvr1QA.s 			page 14


 738 0419 20       		.uleb128 0x20
 739 041a 01       		.byte	0x1
 740 041b BD020000 		.4byte	.LASF55
 741 041f 0D       		.byte	0xd
 742 0420 E0       		.byte	0xe0
 743 0421 01       		.byte	0x1
 744 0422 01       		.byte	0x1
 745 0423 1F       		.uleb128 0x1f
 746 0424 01       		.byte	0x1
 747 0425 29010000 		.4byte	.LASF56
 748 0429 0E       		.byte	0xe
 749 042a 0F05     		.2byte	0x50f
 750 042c 01       		.byte	0x1
 751 042d 01       		.byte	0x1
 752 042e 00       		.byte	0
 753              		.section	.debug_abbrev,"",%progbits
 754              	.Ldebug_abbrev0:
 755 0000 01       		.uleb128 0x1
 756 0001 11       		.uleb128 0x11
 757 0002 01       		.byte	0x1
 758 0003 25       		.uleb128 0x25
 759 0004 0E       		.uleb128 0xe
 760 0005 13       		.uleb128 0x13
 761 0006 0B       		.uleb128 0xb
 762 0007 03       		.uleb128 0x3
 763 0008 0E       		.uleb128 0xe
 764 0009 1B       		.uleb128 0x1b
 765 000a 0E       		.uleb128 0xe
 766 000b 55       		.uleb128 0x55
 767 000c 06       		.uleb128 0x6
 768 000d 11       		.uleb128 0x11
 769 000e 01       		.uleb128 0x1
 770 000f 52       		.uleb128 0x52
 771 0010 01       		.uleb128 0x1
 772 0011 10       		.uleb128 0x10
 773 0012 06       		.uleb128 0x6
 774 0013 00       		.byte	0
 775 0014 00       		.byte	0
 776 0015 02       		.uleb128 0x2
 777 0016 24       		.uleb128 0x24
 778 0017 00       		.byte	0
 779 0018 0B       		.uleb128 0xb
 780 0019 0B       		.uleb128 0xb
 781 001a 3E       		.uleb128 0x3e
 782 001b 0B       		.uleb128 0xb
 783 001c 03       		.uleb128 0x3
 784 001d 08       		.uleb128 0x8
 785 001e 00       		.byte	0
 786 001f 00       		.byte	0
 787 0020 03       		.uleb128 0x3
 788 0021 24       		.uleb128 0x24
 789 0022 00       		.byte	0
 790 0023 0B       		.uleb128 0xb
 791 0024 0B       		.uleb128 0xb
 792 0025 3E       		.uleb128 0x3e
 793 0026 0B       		.uleb128 0xb
 794 0027 03       		.uleb128 0x3
ARM GAS  C:\Users\jenny\AppData\Local\Temp\ccRvr1QA.s 			page 15


 795 0028 0E       		.uleb128 0xe
 796 0029 00       		.byte	0
 797 002a 00       		.byte	0
 798 002b 04       		.uleb128 0x4
 799 002c 16       		.uleb128 0x16
 800 002d 00       		.byte	0
 801 002e 03       		.uleb128 0x3
 802 002f 0E       		.uleb128 0xe
 803 0030 3A       		.uleb128 0x3a
 804 0031 0B       		.uleb128 0xb
 805 0032 3B       		.uleb128 0x3b
 806 0033 0B       		.uleb128 0xb
 807 0034 49       		.uleb128 0x49
 808 0035 13       		.uleb128 0x13
 809 0036 00       		.byte	0
 810 0037 00       		.byte	0
 811 0038 05       		.uleb128 0x5
 812 0039 35       		.uleb128 0x35
 813 003a 00       		.byte	0
 814 003b 49       		.uleb128 0x49
 815 003c 13       		.uleb128 0x13
 816 003d 00       		.byte	0
 817 003e 00       		.byte	0
 818 003f 06       		.uleb128 0x6
 819 0040 13       		.uleb128 0x13
 820 0041 01       		.byte	0x1
 821 0042 0B       		.uleb128 0xb
 822 0043 0B       		.uleb128 0xb
 823 0044 3A       		.uleb128 0x3a
 824 0045 0B       		.uleb128 0xb
 825 0046 3B       		.uleb128 0x3b
 826 0047 05       		.uleb128 0x5
 827 0048 01       		.uleb128 0x1
 828 0049 13       		.uleb128 0x13
 829 004a 00       		.byte	0
 830 004b 00       		.byte	0
 831 004c 07       		.uleb128 0x7
 832 004d 0D       		.uleb128 0xd
 833 004e 00       		.byte	0
 834 004f 03       		.uleb128 0x3
 835 0050 0E       		.uleb128 0xe
 836 0051 3A       		.uleb128 0x3a
 837 0052 0B       		.uleb128 0xb
 838 0053 3B       		.uleb128 0x3b
 839 0054 05       		.uleb128 0x5
 840 0055 49       		.uleb128 0x49
 841 0056 13       		.uleb128 0x13
 842 0057 38       		.uleb128 0x38
 843 0058 0A       		.uleb128 0xa
 844 0059 00       		.byte	0
 845 005a 00       		.byte	0
 846 005b 08       		.uleb128 0x8
 847 005c 16       		.uleb128 0x16
 848 005d 00       		.byte	0
 849 005e 03       		.uleb128 0x3
 850 005f 0E       		.uleb128 0xe
 851 0060 3A       		.uleb128 0x3a
ARM GAS  C:\Users\jenny\AppData\Local\Temp\ccRvr1QA.s 			page 16


 852 0061 0B       		.uleb128 0xb
 853 0062 3B       		.uleb128 0x3b
 854 0063 05       		.uleb128 0x5
 855 0064 49       		.uleb128 0x49
 856 0065 13       		.uleb128 0x13
 857 0066 00       		.byte	0
 858 0067 00       		.byte	0
 859 0068 09       		.uleb128 0x9
 860 0069 13       		.uleb128 0x13
 861 006a 01       		.byte	0x1
 862 006b 0B       		.uleb128 0xb
 863 006c 0B       		.uleb128 0xb
 864 006d 3A       		.uleb128 0x3a
 865 006e 0B       		.uleb128 0xb
 866 006f 3B       		.uleb128 0x3b
 867 0070 0B       		.uleb128 0xb
 868 0071 01       		.uleb128 0x1
 869 0072 13       		.uleb128 0x13
 870 0073 00       		.byte	0
 871 0074 00       		.byte	0
 872 0075 0A       		.uleb128 0xa
 873 0076 0D       		.uleb128 0xd
 874 0077 00       		.byte	0
 875 0078 03       		.uleb128 0x3
 876 0079 0E       		.uleb128 0xe
 877 007a 3A       		.uleb128 0x3a
 878 007b 0B       		.uleb128 0xb
 879 007c 3B       		.uleb128 0x3b
 880 007d 0B       		.uleb128 0xb
 881 007e 49       		.uleb128 0x49
 882 007f 13       		.uleb128 0x13
 883 0080 38       		.uleb128 0x38
 884 0081 0A       		.uleb128 0xa
 885 0082 00       		.byte	0
 886 0083 00       		.byte	0
 887 0084 0B       		.uleb128 0xb
 888 0085 0D       		.uleb128 0xd
 889 0086 00       		.byte	0
 890 0087 03       		.uleb128 0x3
 891 0088 08       		.uleb128 0x8
 892 0089 3A       		.uleb128 0x3a
 893 008a 0B       		.uleb128 0xb
 894 008b 3B       		.uleb128 0x3b
 895 008c 0B       		.uleb128 0xb
 896 008d 49       		.uleb128 0x49
 897 008e 13       		.uleb128 0x13
 898 008f 38       		.uleb128 0x38
 899 0090 0A       		.uleb128 0xa
 900 0091 00       		.byte	0
 901 0092 00       		.byte	0
 902 0093 0C       		.uleb128 0xc
 903 0094 2E       		.uleb128 0x2e
 904 0095 01       		.byte	0x1
 905 0096 3F       		.uleb128 0x3f
 906 0097 0C       		.uleb128 0xc
 907 0098 03       		.uleb128 0x3
 908 0099 0E       		.uleb128 0xe
ARM GAS  C:\Users\jenny\AppData\Local\Temp\ccRvr1QA.s 			page 17


 909 009a 3A       		.uleb128 0x3a
 910 009b 0B       		.uleb128 0xb
 911 009c 3B       		.uleb128 0x3b
 912 009d 0B       		.uleb128 0xb
 913 009e 27       		.uleb128 0x27
 914 009f 0C       		.uleb128 0xc
 915 00a0 49       		.uleb128 0x49
 916 00a1 13       		.uleb128 0x13
 917 00a2 20       		.uleb128 0x20
 918 00a3 0B       		.uleb128 0xb
 919 00a4 01       		.uleb128 0x1
 920 00a5 13       		.uleb128 0x13
 921 00a6 00       		.byte	0
 922 00a7 00       		.byte	0
 923 00a8 0D       		.uleb128 0xd
 924 00a9 05       		.uleb128 0x5
 925 00aa 00       		.byte	0
 926 00ab 03       		.uleb128 0x3
 927 00ac 0E       		.uleb128 0xe
 928 00ad 3A       		.uleb128 0x3a
 929 00ae 0B       		.uleb128 0xb
 930 00af 3B       		.uleb128 0x3b
 931 00b0 0B       		.uleb128 0xb
 932 00b1 49       		.uleb128 0x49
 933 00b2 13       		.uleb128 0x13
 934 00b3 00       		.byte	0
 935 00b4 00       		.byte	0
 936 00b5 0E       		.uleb128 0xe
 937 00b6 05       		.uleb128 0x5
 938 00b7 00       		.byte	0
 939 00b8 03       		.uleb128 0x3
 940 00b9 08       		.uleb128 0x8
 941 00ba 3A       		.uleb128 0x3a
 942 00bb 0B       		.uleb128 0xb
 943 00bc 3B       		.uleb128 0x3b
 944 00bd 0B       		.uleb128 0xb
 945 00be 49       		.uleb128 0x49
 946 00bf 13       		.uleb128 0x13
 947 00c0 00       		.byte	0
 948 00c1 00       		.byte	0
 949 00c2 0F       		.uleb128 0xf
 950 00c3 34       		.uleb128 0x34
 951 00c4 00       		.byte	0
 952 00c5 03       		.uleb128 0x3
 953 00c6 08       		.uleb128 0x8
 954 00c7 3A       		.uleb128 0x3a
 955 00c8 0B       		.uleb128 0xb
 956 00c9 3B       		.uleb128 0x3b
 957 00ca 0B       		.uleb128 0xb
 958 00cb 49       		.uleb128 0x49
 959 00cc 13       		.uleb128 0x13
 960 00cd 00       		.byte	0
 961 00ce 00       		.byte	0
 962 00cf 10       		.uleb128 0x10
 963 00d0 2E       		.uleb128 0x2e
 964 00d1 01       		.byte	0x1
 965 00d2 3F       		.uleb128 0x3f
ARM GAS  C:\Users\jenny\AppData\Local\Temp\ccRvr1QA.s 			page 18


 966 00d3 0C       		.uleb128 0xc
 967 00d4 03       		.uleb128 0x3
 968 00d5 0E       		.uleb128 0xe
 969 00d6 3A       		.uleb128 0x3a
 970 00d7 0B       		.uleb128 0xb
 971 00d8 3B       		.uleb128 0x3b
 972 00d9 0B       		.uleb128 0xb
 973 00da 27       		.uleb128 0x27
 974 00db 0C       		.uleb128 0xc
 975 00dc 11       		.uleb128 0x11
 976 00dd 01       		.uleb128 0x1
 977 00de 12       		.uleb128 0x12
 978 00df 01       		.uleb128 0x1
 979 00e0 40       		.uleb128 0x40
 980 00e1 06       		.uleb128 0x6
 981 00e2 9742     		.uleb128 0x2117
 982 00e4 0C       		.uleb128 0xc
 983 00e5 01       		.uleb128 0x1
 984 00e6 13       		.uleb128 0x13
 985 00e7 00       		.byte	0
 986 00e8 00       		.byte	0
 987 00e9 11       		.uleb128 0x11
 988 00ea 898201   		.uleb128 0x4109
 989 00ed 00       		.byte	0
 990 00ee 11       		.uleb128 0x11
 991 00ef 01       		.uleb128 0x1
 992 00f0 31       		.uleb128 0x31
 993 00f1 13       		.uleb128 0x13
 994 00f2 00       		.byte	0
 995 00f3 00       		.byte	0
 996 00f4 12       		.uleb128 0x12
 997 00f5 898201   		.uleb128 0x4109
 998 00f8 00       		.byte	0
 999 00f9 11       		.uleb128 0x11
 1000 00fa 01       		.uleb128 0x1
 1001 00fb 9542     		.uleb128 0x2115
 1002 00fd 0C       		.uleb128 0xc
 1003 00fe 31       		.uleb128 0x31
 1004 00ff 13       		.uleb128 0x13
 1005 0100 00       		.byte	0
 1006 0101 00       		.byte	0
 1007 0102 13       		.uleb128 0x13
 1008 0103 2E       		.uleb128 0x2e
 1009 0104 01       		.byte	0x1
 1010 0105 31       		.uleb128 0x31
 1011 0106 13       		.uleb128 0x13
 1012 0107 11       		.uleb128 0x11
 1013 0108 01       		.uleb128 0x1
 1014 0109 12       		.uleb128 0x12
 1015 010a 01       		.uleb128 0x1
 1016 010b 40       		.uleb128 0x40
 1017 010c 0A       		.uleb128 0xa
 1018 010d 9742     		.uleb128 0x2117
 1019 010f 0C       		.uleb128 0xc
 1020 0110 01       		.uleb128 0x1
 1021 0111 13       		.uleb128 0x13
 1022 0112 00       		.byte	0
ARM GAS  C:\Users\jenny\AppData\Local\Temp\ccRvr1QA.s 			page 19


 1023 0113 00       		.byte	0
 1024 0114 14       		.uleb128 0x14
 1025 0115 05       		.uleb128 0x5
 1026 0116 00       		.byte	0
 1027 0117 31       		.uleb128 0x31
 1028 0118 13       		.uleb128 0x13
 1029 0119 02       		.uleb128 0x2
 1030 011a 06       		.uleb128 0x6
 1031 011b 00       		.byte	0
 1032 011c 00       		.byte	0
 1033 011d 15       		.uleb128 0x15
 1034 011e 05       		.uleb128 0x5
 1035 011f 00       		.byte	0
 1036 0120 31       		.uleb128 0x31
 1037 0121 13       		.uleb128 0x13
 1038 0122 02       		.uleb128 0x2
 1039 0123 0A       		.uleb128 0xa
 1040 0124 00       		.byte	0
 1041 0125 00       		.byte	0
 1042 0126 16       		.uleb128 0x16
 1043 0127 34       		.uleb128 0x34
 1044 0128 00       		.byte	0
 1045 0129 31       		.uleb128 0x31
 1046 012a 13       		.uleb128 0x13
 1047 012b 02       		.uleb128 0x2
 1048 012c 0A       		.uleb128 0xa
 1049 012d 00       		.byte	0
 1050 012e 00       		.byte	0
 1051 012f 17       		.uleb128 0x17
 1052 0130 2E       		.uleb128 0x2e
 1053 0131 01       		.byte	0x1
 1054 0132 3F       		.uleb128 0x3f
 1055 0133 0C       		.uleb128 0xc
 1056 0134 03       		.uleb128 0x3
 1057 0135 0E       		.uleb128 0xe
 1058 0136 3A       		.uleb128 0x3a
 1059 0137 0B       		.uleb128 0xb
 1060 0138 3B       		.uleb128 0x3b
 1061 0139 0B       		.uleb128 0xb
 1062 013a 27       		.uleb128 0x27
 1063 013b 0C       		.uleb128 0xc
 1064 013c 11       		.uleb128 0x11
 1065 013d 01       		.uleb128 0x1
 1066 013e 12       		.uleb128 0x12
 1067 013f 01       		.uleb128 0x1
 1068 0140 40       		.uleb128 0x40
 1069 0141 0A       		.uleb128 0xa
 1070 0142 9742     		.uleb128 0x2117
 1071 0144 0C       		.uleb128 0xc
 1072 0145 01       		.uleb128 0x1
 1073 0146 13       		.uleb128 0x13
 1074 0147 00       		.byte	0
 1075 0148 00       		.byte	0
 1076 0149 18       		.uleb128 0x18
 1077 014a 05       		.uleb128 0x5
 1078 014b 00       		.byte	0
 1079 014c 03       		.uleb128 0x3
ARM GAS  C:\Users\jenny\AppData\Local\Temp\ccRvr1QA.s 			page 20


 1080 014d 0E       		.uleb128 0xe
 1081 014e 3A       		.uleb128 0x3a
 1082 014f 0B       		.uleb128 0xb
 1083 0150 3B       		.uleb128 0x3b
 1084 0151 0B       		.uleb128 0xb
 1085 0152 49       		.uleb128 0x49
 1086 0153 13       		.uleb128 0x13
 1087 0154 02       		.uleb128 0x2
 1088 0155 06       		.uleb128 0x6
 1089 0156 00       		.byte	0
 1090 0157 00       		.byte	0
 1091 0158 19       		.uleb128 0x19
 1092 0159 34       		.uleb128 0x34
 1093 015a 00       		.byte	0
 1094 015b 03       		.uleb128 0x3
 1095 015c 0E       		.uleb128 0xe
 1096 015d 3A       		.uleb128 0x3a
 1097 015e 0B       		.uleb128 0xb
 1098 015f 3B       		.uleb128 0x3b
 1099 0160 0B       		.uleb128 0xb
 1100 0161 49       		.uleb128 0x49
 1101 0162 13       		.uleb128 0x13
 1102 0163 02       		.uleb128 0x2
 1103 0164 0A       		.uleb128 0xa
 1104 0165 00       		.byte	0
 1105 0166 00       		.byte	0
 1106 0167 1A       		.uleb128 0x1a
 1107 0168 1D       		.uleb128 0x1d
 1108 0169 01       		.byte	0x1
 1109 016a 31       		.uleb128 0x31
 1110 016b 13       		.uleb128 0x13
 1111 016c 52       		.uleb128 0x52
 1112 016d 01       		.uleb128 0x1
 1113 016e 55       		.uleb128 0x55
 1114 016f 06       		.uleb128 0x6
 1115 0170 58       		.uleb128 0x58
 1116 0171 0B       		.uleb128 0xb
 1117 0172 59       		.uleb128 0x59
 1118 0173 0B       		.uleb128 0xb
 1119 0174 00       		.byte	0
 1120 0175 00       		.byte	0
 1121 0176 1B       		.uleb128 0x1b
 1122 0177 0B       		.uleb128 0xb
 1123 0178 01       		.byte	0x1
 1124 0179 55       		.uleb128 0x55
 1125 017a 06       		.uleb128 0x6
 1126 017b 00       		.byte	0
 1127 017c 00       		.byte	0
 1128 017d 1C       		.uleb128 0x1c
 1129 017e 34       		.uleb128 0x34
 1130 017f 00       		.byte	0
 1131 0180 31       		.uleb128 0x31
 1132 0181 13       		.uleb128 0x13
 1133 0182 02       		.uleb128 0x2
 1134 0183 06       		.uleb128 0x6
 1135 0184 00       		.byte	0
 1136 0185 00       		.byte	0
ARM GAS  C:\Users\jenny\AppData\Local\Temp\ccRvr1QA.s 			page 21


 1137 0186 1D       		.uleb128 0x1d
 1138 0187 34       		.uleb128 0x34
 1139 0188 00       		.byte	0
 1140 0189 03       		.uleb128 0x3
 1141 018a 0E       		.uleb128 0xe
 1142 018b 3A       		.uleb128 0x3a
 1143 018c 0B       		.uleb128 0xb
 1144 018d 3B       		.uleb128 0x3b
 1145 018e 05       		.uleb128 0x5
 1146 018f 49       		.uleb128 0x49
 1147 0190 13       		.uleb128 0x13
 1148 0191 3F       		.uleb128 0x3f
 1149 0192 0C       		.uleb128 0xc
 1150 0193 3C       		.uleb128 0x3c
 1151 0194 0C       		.uleb128 0xc
 1152 0195 00       		.byte	0
 1153 0196 00       		.byte	0
 1154 0197 1E       		.uleb128 0x1e
 1155 0198 26       		.uleb128 0x26
 1156 0199 00       		.byte	0
 1157 019a 49       		.uleb128 0x49
 1158 019b 13       		.uleb128 0x13
 1159 019c 00       		.byte	0
 1160 019d 00       		.byte	0
 1161 019e 1F       		.uleb128 0x1f
 1162 019f 2E       		.uleb128 0x2e
 1163 01a0 00       		.byte	0
 1164 01a1 3F       		.uleb128 0x3f
 1165 01a2 0C       		.uleb128 0xc
 1166 01a3 03       		.uleb128 0x3
 1167 01a4 0E       		.uleb128 0xe
 1168 01a5 3A       		.uleb128 0x3a
 1169 01a6 0B       		.uleb128 0xb
 1170 01a7 3B       		.uleb128 0x3b
 1171 01a8 05       		.uleb128 0x5
 1172 01a9 27       		.uleb128 0x27
 1173 01aa 0C       		.uleb128 0xc
 1174 01ab 3C       		.uleb128 0x3c
 1175 01ac 0C       		.uleb128 0xc
 1176 01ad 00       		.byte	0
 1177 01ae 00       		.byte	0
 1178 01af 20       		.uleb128 0x20
 1179 01b0 2E       		.uleb128 0x2e
 1180 01b1 00       		.byte	0
 1181 01b2 3F       		.uleb128 0x3f
 1182 01b3 0C       		.uleb128 0xc
 1183 01b4 03       		.uleb128 0x3
 1184 01b5 0E       		.uleb128 0xe
 1185 01b6 3A       		.uleb128 0x3a
 1186 01b7 0B       		.uleb128 0xb
 1187 01b8 3B       		.uleb128 0x3b
 1188 01b9 0B       		.uleb128 0xb
 1189 01ba 27       		.uleb128 0x27
 1190 01bb 0C       		.uleb128 0xc
 1191 01bc 3C       		.uleb128 0x3c
 1192 01bd 0C       		.uleb128 0xc
 1193 01be 00       		.byte	0
ARM GAS  C:\Users\jenny\AppData\Local\Temp\ccRvr1QA.s 			page 22


 1194 01bf 00       		.byte	0
 1195 01c0 21       		.uleb128 0x21
 1196 01c1 2E       		.uleb128 0x2e
 1197 01c2 01       		.byte	0x1
 1198 01c3 3F       		.uleb128 0x3f
 1199 01c4 0C       		.uleb128 0xc
 1200 01c5 03       		.uleb128 0x3
 1201 01c6 0E       		.uleb128 0xe
 1202 01c7 3A       		.uleb128 0x3a
 1203 01c8 0B       		.uleb128 0xb
 1204 01c9 3B       		.uleb128 0x3b
 1205 01ca 05       		.uleb128 0x5
 1206 01cb 27       		.uleb128 0x27
 1207 01cc 0C       		.uleb128 0xc
 1208 01cd 3C       		.uleb128 0x3c
 1209 01ce 0C       		.uleb128 0xc
 1210 01cf 01       		.uleb128 0x1
 1211 01d0 13       		.uleb128 0x13
 1212 01d1 00       		.byte	0
 1213 01d2 00       		.byte	0
 1214 01d3 22       		.uleb128 0x22
 1215 01d4 05       		.uleb128 0x5
 1216 01d5 00       		.byte	0
 1217 01d6 49       		.uleb128 0x49
 1218 01d7 13       		.uleb128 0x13
 1219 01d8 00       		.byte	0
 1220 01d9 00       		.byte	0
 1221 01da 23       		.uleb128 0x23
 1222 01db 0F       		.uleb128 0xf
 1223 01dc 00       		.byte	0
 1224 01dd 0B       		.uleb128 0xb
 1225 01de 0B       		.uleb128 0xb
 1226 01df 49       		.uleb128 0x49
 1227 01e0 13       		.uleb128 0x13
 1228 01e1 00       		.byte	0
 1229 01e2 00       		.byte	0
 1230 01e3 00       		.byte	0
 1231              		.section	.debug_loc,"",%progbits
 1232              	.Ldebug_loc0:
 1233              	.LLST0:
 1234 0000 00000000 		.4byte	.LFB118
 1235 0004 02000000 		.4byte	.LCFI0
 1236 0008 0200     		.2byte	0x2
 1237 000a 7D       		.byte	0x7d
 1238 000b 00       		.sleb128 0
 1239 000c 02000000 		.4byte	.LCFI0
 1240 0010 32000000 		.4byte	.LFE118
 1241 0014 0200     		.2byte	0x2
 1242 0016 7D       		.byte	0x7d
 1243 0017 08       		.sleb128 8
 1244 0018 00000000 		.4byte	0
 1245 001c 00000000 		.4byte	0
 1246              	.LLST1:
 1247 0020 00000000 		.4byte	.LVL9
 1248 0024 18000000 		.4byte	.LVL11
 1249 0028 0100     		.2byte	0x1
 1250 002a 50       		.byte	0x50
ARM GAS  C:\Users\jenny\AppData\Local\Temp\ccRvr1QA.s 			page 23


 1251 002b 18000000 		.4byte	.LVL11
 1252 002f 1C000000 		.4byte	.LVL12
 1253 0033 0400     		.2byte	0x4
 1254 0035 F3       		.byte	0xf3
 1255 0036 01       		.uleb128 0x1
 1256 0037 50       		.byte	0x50
 1257 0038 9F       		.byte	0x9f
 1258 0039 1C000000 		.4byte	.LVL12
 1259 003d 22000000 		.4byte	.LVL13
 1260 0041 0100     		.2byte	0x1
 1261 0043 50       		.byte	0x50
 1262 0044 22000000 		.4byte	.LVL13
 1263 0048 24000000 		.4byte	.LVL14
 1264 004c 0400     		.2byte	0x4
 1265 004e F3       		.byte	0xf3
 1266 004f 01       		.uleb128 0x1
 1267 0050 50       		.byte	0x50
 1268 0051 9F       		.byte	0x9f
 1269 0052 24000000 		.4byte	.LVL14
 1270 0056 26000000 		.4byte	.LVL15
 1271 005a 0100     		.2byte	0x1
 1272 005c 50       		.byte	0x50
 1273 005d 26000000 		.4byte	.LVL15
 1274 0061 28000000 		.4byte	.LFE119
 1275 0065 0400     		.2byte	0x4
 1276 0067 F3       		.byte	0xf3
 1277 0068 01       		.uleb128 0x1
 1278 0069 50       		.byte	0x50
 1279 006a 9F       		.byte	0x9f
 1280 006b 00000000 		.4byte	0
 1281 006f 00000000 		.4byte	0
 1282              	.LLST2:
 1283 0073 00000000 		.4byte	.LVL16
 1284 0077 0E000000 		.4byte	.LVL18
 1285 007b 0100     		.2byte	0x1
 1286 007d 50       		.byte	0x50
 1287 007e 0E000000 		.4byte	.LVL18
 1288 0082 2C000000 		.4byte	.LFE120
 1289 0086 0400     		.2byte	0x4
 1290 0088 F3       		.byte	0xf3
 1291 0089 01       		.uleb128 0x1
 1292 008a 50       		.byte	0x50
 1293 008b 9F       		.byte	0x9f
 1294 008c 00000000 		.4byte	0
 1295 0090 00000000 		.4byte	0
 1296              	.LLST3:
 1297 0094 12000000 		.4byte	.LVL19
 1298 0098 24000000 		.4byte	.LVL20
 1299 009c 0100     		.2byte	0x1
 1300 009e 53       		.byte	0x53
 1301 009f 00000000 		.4byte	0
 1302 00a3 00000000 		.4byte	0
 1303              		.section	.debug_aranges,"",%progbits
 1304 0000 2C000000 		.4byte	0x2c
 1305 0004 0200     		.2byte	0x2
 1306 0006 00000000 		.4byte	.Ldebug_info0
 1307 000a 04       		.byte	0x4
ARM GAS  C:\Users\jenny\AppData\Local\Temp\ccRvr1QA.s 			page 24


 1308 000b 00       		.byte	0
 1309 000c 0000     		.2byte	0
 1310 000e 0000     		.2byte	0
 1311 0010 00000000 		.4byte	.LFB118
 1312 0014 32000000 		.4byte	.LFE118-.LFB118
 1313 0018 00000000 		.4byte	.LFB119
 1314 001c 28000000 		.4byte	.LFE119-.LFB119
 1315 0020 00000000 		.4byte	.LFB120
 1316 0024 2C000000 		.4byte	.LFE120-.LFB120
 1317 0028 00000000 		.4byte	0
 1318 002c 00000000 		.4byte	0
 1319              		.section	.debug_ranges,"",%progbits
 1320              	.Ldebug_ranges0:
 1321 0000 08000000 		.4byte	.LBB4
 1322 0004 0A000000 		.4byte	.LBE4
 1323 0008 0E000000 		.4byte	.LBB7
 1324 000c 26000000 		.4byte	.LBE7
 1325 0010 00000000 		.4byte	0
 1326 0014 00000000 		.4byte	0
 1327 0018 08000000 		.4byte	.LBB5
 1328 001c 0A000000 		.4byte	.LBE5
 1329 0020 0E000000 		.4byte	.LBB6
 1330 0024 26000000 		.4byte	.LBE6
 1331 0028 00000000 		.4byte	0
 1332 002c 00000000 		.4byte	0
 1333 0030 00000000 		.4byte	.LFB118
 1334 0034 32000000 		.4byte	.LFE118
 1335 0038 00000000 		.4byte	.LFB119
 1336 003c 28000000 		.4byte	.LFE119
 1337 0040 00000000 		.4byte	.LFB120
 1338 0044 2C000000 		.4byte	.LFE120
 1339 0048 00000000 		.4byte	0
 1340 004c 00000000 		.4byte	0
 1341              		.section	.debug_line,"",%progbits
 1342              	.Ldebug_line0:
 1343 0000 6B020000 		.section	.debug_str,"MS",%progbits,1
 1343      0200F201 
 1343      00000201 
 1343      FB0E0D00 
 1343      01010101 
 1344              	.LASF61:
 1345 0000 7469636B 		.ascii	"ticks\000"
 1345      7300
 1346              	.LASF62:
 1347 0006 5F70616C 		.ascii	"_pal_lld_init\000"
 1347      5F6C6C64 
 1347      5F696E69 
 1347      7400
 1348              	.LASF48:
 1349 0014 70616C5F 		.ascii	"pal_default_config\000"
 1349      64656661 
 1349      756C745F 
 1349      636F6E66 
 1349      696700
 1350              	.LASF3:
 1351 0027 73686F72 		.ascii	"short int\000"
 1351      7420696E 
ARM GAS  C:\Users\jenny\AppData\Local\Temp\ccRvr1QA.s 			page 25


 1351      7400
 1352              	.LASF22:
 1353 0031 50435352 		.ascii	"PCSR\000"
 1353      00
 1354              	.LASF14:
 1355 0036 73697A65 		.ascii	"sizetype\000"
 1355      74797065 
 1355      00
 1356              	.LASF53:
 1357 003f 73646349 		.ascii	"sdcInit\000"
 1357      6E697400 
 1358              	.LASF38:
 1359 0047 50464461 		.ascii	"PFData\000"
 1359      746100
 1360              	.LASF41:
 1361 004e 50494461 		.ascii	"PIData\000"
 1361      746100
 1362              	.LASF21:
 1363 0055 464F4C44 		.ascii	"FOLDCNT\000"
 1363      434E5400 
 1364              	.LASF54:
 1365 005d 75736249 		.ascii	"usbInit\000"
 1365      6E697400 
 1366              	.LASF59:
 1367 0065 443A5C6A 		.ascii	"D:\\jenny\\dev\\probe\\chibios\\chibios.workspace\\"
 1367      656E6E79 
 1367      5C646576 
 1367      5C70726F 
 1367      62655C63 
 1368 0092 64656D6F 		.ascii	"demos\\ARMCM4-STM32F407-LWIP-FATFS-USB\000"
 1368      735C4152 
 1368      4D434D34 
 1368      2D53544D 
 1368      33324634 
 1369              	.LASF52:
 1370 00b8 7364496E 		.ascii	"sdInit\000"
 1370      697400
 1371              	.LASF13:
 1372 00bf 494F5245 		.ascii	"IOREG32\000"
 1372      47333200 
 1373              	.LASF33:
 1374 00c7 50414461 		.ascii	"PAData\000"
 1374      746100
 1375              	.LASF9:
 1376 00ce 6C6F6E67 		.ascii	"long long int\000"
 1376      206C6F6E 
 1376      6720696E 
 1376      7400
 1377              	.LASF44:
 1378 00dc 68616C49 		.ascii	"halInit\000"
 1378      6E697400 
 1379              	.LASF16:
 1380 00e4 43594343 		.ascii	"CYCCNT\000"
 1380      4E5400
 1381              	.LASF28:
 1382 00eb 6F737065 		.ascii	"ospeedr\000"
 1382      65647200 
ARM GAS  C:\Users\jenny\AppData\Local\Temp\ccRvr1QA.s 			page 26


 1383              	.LASF5:
 1384 00f3 6C6F6E67 		.ascii	"long int\000"
 1384      20696E74 
 1384      00
 1385              	.LASF36:
 1386 00fc 50444461 		.ascii	"PDData\000"
 1386      746100
 1387              	.LASF45:
 1388 0103 68616C50 		.ascii	"halPolledDelay\000"
 1388      6F6C6C65 
 1388      6444656C 
 1388      617900
 1389              	.LASF58:
 1390 0112 2E2E2F2E 		.ascii	"../../os/hal/src/hal.c\000"
 1390      2E2F6F73 
 1390      2F68616C 
 1390      2F737263 
 1390      2F68616C 
 1391              	.LASF56:
 1392 0129 626F6172 		.ascii	"boardInit\000"
 1392      64496E69 
 1392      7400
 1393              	.LASF39:
 1394 0133 50474461 		.ascii	"PGData\000"
 1394      746100
 1395              	.LASF35:
 1396 013a 50434461 		.ascii	"PCData\000"
 1396      746100
 1397              	.LASF2:
 1398 0141 756E7369 		.ascii	"unsigned char\000"
 1398      676E6564 
 1398      20636861 
 1398      7200
 1399              	.LASF15:
 1400 014f 4354524C 		.ascii	"CTRL\000"
 1400      00
 1401              	.LASF1:
 1402 0154 7369676E 		.ascii	"signed char\000"
 1402      65642063 
 1402      68617200 
 1403              	.LASF10:
 1404 0160 6C6F6E67 		.ascii	"long long unsigned int\000"
 1404      206C6F6E 
 1404      6720756E 
 1404      7369676E 
 1404      65642069 
 1405              	.LASF7:
 1406 0177 75696E74 		.ascii	"uint32_t\000"
 1406      33325F74 
 1406      00
 1407              	.LASF27:
 1408 0180 6F747970 		.ascii	"otyper\000"
 1408      657200
 1409              	.LASF57:
 1410 0187 474E5520 		.ascii	"GNU C 4.7.4 20130913 (release) [ARM/embedded-4_7-br"
 1410      4320342E 
 1410      372E3420 
ARM GAS  C:\Users\jenny\AppData\Local\Temp\ccRvr1QA.s 			page 27


 1410      32303133 
 1410      30393133 
 1411 01ba 616E6368 		.ascii	"anch revision 202601]\000"
 1411      20726576 
 1411      6973696F 
 1411      6E203230 
 1411      32363031 
 1412              	.LASF32:
 1413 01d0 73746D33 		.ascii	"stm32_gpio_setup_t\000"
 1413      325F6770 
 1413      696F5F73 
 1413      65747570 
 1413      5F7400
 1414              	.LASF49:
 1415 01e3 68616C5F 		.ascii	"hal_lld_init\000"
 1415      6C6C645F 
 1415      696E6974 
 1415      00
 1416              	.LASF43:
 1417 01f0 73746172 		.ascii	"start\000"
 1417      7400
 1418              	.LASF4:
 1419 01f6 73686F72 		.ascii	"short unsigned int\000"
 1419      7420756E 
 1419      7369676E 
 1419      65642069 
 1419      6E7400
 1420              	.LASF24:
 1421 0209 63686172 		.ascii	"char\000"
 1421      00
 1422              	.LASF6:
 1423 020e 696E7433 		.ascii	"int32_t\000"
 1423      325F7400 
 1424              	.LASF11:
 1425 0216 626F6F6C 		.ascii	"bool_t\000"
 1425      5F7400
 1426              	.LASF42:
 1427 021d 50414C43 		.ascii	"PALConfig\000"
 1427      6F6E6669 
 1427      6700
 1428              	.LASF34:
 1429 0227 50424461 		.ascii	"PBData\000"
 1429      746100
 1430              	.LASF12:
 1431 022e 5F426F6F 		.ascii	"_Bool\000"
 1431      6C00
 1432              	.LASF23:
 1433 0234 434D785F 		.ascii	"CMx_DWT\000"
 1433      44575400 
 1434              	.LASF37:
 1435 023c 50454461 		.ascii	"PEData\000"
 1435      746100
 1436              	.LASF17:
 1437 0243 43504943 		.ascii	"CPICNT\000"
 1437      4E5400
 1438              	.LASF8:
 1439 024a 6C6F6E67 		.ascii	"long unsigned int\000"
ARM GAS  C:\Users\jenny\AppData\Local\Temp\ccRvr1QA.s 			page 28


 1439      20756E73 
 1439      69676E65 
 1439      6420696E 
 1439      7400
 1440              	.LASF40:
 1441 025c 50484461 		.ascii	"PHData\000"
 1441      746100
 1442              	.LASF25:
 1443 0263 68616C72 		.ascii	"halrtcnt_t\000"
 1443      74636E74 
 1443      5F7400
 1444              	.LASF19:
 1445 026e 534C4545 		.ascii	"SLEEPCNT\000"
 1445      50434E54 
 1445      00
 1446              	.LASF29:
 1447 0277 70757064 		.ascii	"pupdr\000"
 1447      7200
 1448              	.LASF20:
 1449 027d 4C535543 		.ascii	"LSUCNT\000"
 1449      4E5400
 1450              	.LASF31:
 1451 0284 61667268 		.ascii	"afrh\000"
 1451      00
 1452              	.LASF30:
 1453 0289 6166726C 		.ascii	"afrl\000"
 1453      00
 1454              	.LASF26:
 1455 028e 6D6F6465 		.ascii	"moder\000"
 1455      7200
 1456              	.LASF51:
 1457 0294 6D616349 		.ascii	"macInit\000"
 1457      6E697400 
 1458              	.LASF47:
 1459 029c 49544D5F 		.ascii	"ITM_RxBuffer\000"
 1459      52784275 
 1459      66666572 
 1459      00
 1460              	.LASF50:
 1461 02a9 746D496E 		.ascii	"tmInit\000"
 1461      697400
 1462              	.LASF0:
 1463 02b0 756E7369 		.ascii	"unsigned int\000"
 1463      676E6564 
 1463      20696E74 
 1463      00
 1464              	.LASF55:
 1465 02bd 73647549 		.ascii	"sduInit\000"
 1465      6E697400 
 1466              	.LASF60:
 1467 02c5 68616C49 		.ascii	"halIsCounterWithin\000"
 1467      73436F75 
 1467      6E746572 
 1467      57697468 
 1467      696E00
 1468              	.LASF18:
 1469 02d8 45584343 		.ascii	"EXCCNT\000"
ARM GAS  C:\Users\jenny\AppData\Local\Temp\ccRvr1QA.s 			page 29


 1469      4E5400
 1470              	.LASF46:
 1471 02df 74696D65 		.ascii	"timeout\000"
 1471      6F757400 
 1472              		.ident	"GCC: (GNU Tools for ARM Embedded Processors) 4.7.4 20130913 (release) [ARM/embedded-4_7-br
ARM GAS  C:\Users\jenny\AppData\Local\Temp\ccRvr1QA.s 			page 30


DEFINED SYMBOLS
                            *ABS*:00000000 hal.c
C:\Users\jenny\AppData\Local\Temp\ccRvr1QA.s:20     .text.halInit:00000000 $t
C:\Users\jenny\AppData\Local\Temp\ccRvr1QA.s:26     .text.halInit:00000000 halInit
C:\Users\jenny\AppData\Local\Temp\ccRvr1QA.s:73     .text.halIsCounterWithin:00000000 $t
C:\Users\jenny\AppData\Local\Temp\ccRvr1QA.s:79     .text.halIsCounterWithin:00000000 halIsCounterWithin
C:\Users\jenny\AppData\Local\Temp\ccRvr1QA.s:127    .text.halPolledDelay:00000000 $t
C:\Users\jenny\AppData\Local\Temp\ccRvr1QA.s:133    .text.halPolledDelay:00000000 halPolledDelay
                     .debug_frame:00000010 $d

UNDEFINED SYMBOLS
hal_lld_init
tmInit
pal_default_config
_pal_lld_init
macInit
sdInit
sdcInit
usbInit
sduInit
boardInit
