ARM GAS  C:\Users\jenny\AppData\Local\Temp\ccZImpv3.s 			page 1


   1              		.syntax unified
   2              		.cpu cortex-m4
   3              		.eabi_attribute 27, 3
   4              		.fpu fpv4-sp-d16
   5              		.eabi_attribute 20, 1
   6              		.eabi_attribute 21, 1
   7              		.eabi_attribute 23, 3
   8              		.eabi_attribute 24, 1
   9              		.eabi_attribute 25, 1
  10              		.eabi_attribute 26, 1
  11              		.eabi_attribute 30, 2
  12              		.eabi_attribute 34, 1
  13              		.eabi_attribute 18, 4
  14              		.thumb
  15              		.file	"inet_chksum.c"
  16              		.text
  17              	.Ltext0:
  18              		.cfi_sections	.debug_frame
  19              		.section	.text.lwip_standard_chksum,"ax",%progbits
  20              		.align	2
  21              		.p2align 4,,15
  22              		.thumb
  23              		.thumb_func
  24              		.type	lwip_standard_chksum, %function
  25              	lwip_standard_chksum:
  26              	.LFB7:
  27              		.file 1 "../../ext/lwip/src/core/ipv4/inet_chksum.c"
  28              		.loc 1 136 0
  29              		.cfi_startproc
  30              		@ args = 0, pretend = 0, frame = 8
  31              		@ frame_needed = 0, uses_anonymous_args = 0
  32              		@ link register save eliminated.
  33              	.LVL0:
  34 0000 F0B4     		push	{r4, r5, r6, r7}
  35              	.LCFI0:
  36              		.cfi_def_cfa_offset 16
  37              		.cfi_offset 4, -16
  38              		.cfi_offset 5, -12
  39              		.cfi_offset 6, -8
  40              		.cfi_offset 7, -4
  41 0002 82B0     		sub	sp, sp, #8
  42              	.LCFI1:
  43              		.cfi_def_cfa_offset 24
  44              		.loc 1 138 0
  45 0004 0025     		movs	r5, #0
  46              	.LVL1:
  47              		.loc 1 143 0
  48 0006 10F00107 		ands	r7, r0, #1
  49              		.loc 1 138 0
  50 000a ADF80650 		strh	r5, [sp, #6]	@ movhi
  51              	.LVL2:
  52              		.loc 1 143 0
  53 000e 06D0     		beq	.L2
  54              		.loc 1 143 0 is_stmt 0 discriminator 1
  55 0010 A942     		cmp	r1, r5
  56 0012 27DD     		ble	.L3
  57              		.loc 1 144 0 is_stmt 1
ARM GAS  C:\Users\jenny\AppData\Local\Temp\ccZImpv3.s 			page 2


  58 0014 10F8013B 		ldrb	r3, [r0], #1	@ zero_extendqisi2
  59              	.LVL3:
  60              		.loc 1 145 0
  61 0018 0139     		subs	r1, r1, #1
  62              	.LVL4:
  63              		.loc 1 144 0
  64 001a 8DF80730 		strb	r3, [sp, #7]
  65              	.LVL5:
  66              	.L2:
  67              		.loc 1 150 0
  68 001e 0129     		cmp	r1, #1
  69 0020 38DD     		ble	.L9
  70 0022 8C1E     		subs	r4, r1, #2
  71              		.loc 1 152 0
  72 0024 2246     		mov	r2, r4
  73              		.loc 1 151 0
  74 0026 0346     		mov	r3, r0
  75              		.loc 1 150 0
  76 0028 012A     		cmp	r2, #1
  77 002a C4F34004 		ubfx	r4, r4, #1, #1
  78              		.loc 1 151 0
  79 002e 33F8025B 		ldrh	r5, [r3], #2
  80              	.LVL6:
  81              		.loc 1 150 0
  82 0032 10DD     		ble	.L20
  83 0034 2CB1     		cbz	r4, .L4
  84              		.loc 1 151 0
  85 0036 33F8024B 		ldrh	r4, [r3], #2
  86              		.loc 1 152 0
  87 003a 023A     		subs	r2, r2, #2
  88              		.loc 1 150 0
  89 003c 012A     		cmp	r2, #1
  90              		.loc 1 151 0
  91 003e 2544     		add	r5, r5, r4
  92              	.LVL7:
  93              		.loc 1 150 0
  94 0040 09DD     		ble	.L20
  95              	.L4:
  96              		.loc 1 151 0
  97 0042 1C46     		mov	r4, r3
  98 0044 5B88     		ldrh	r3, [r3, #2]
  99 0046 34F8026B 		ldrh	r6, [r4], #2
 100              		.loc 1 152 0
 101 004a 043A     		subs	r2, r2, #4
 102              		.loc 1 151 0
 103 004c AD19     		adds	r5, r5, r6
 104 004e ED18     		adds	r5, r5, r3
 105 0050 A31C     		adds	r3, r4, #2
 106              		.loc 1 150 0
 107 0052 012A     		cmp	r2, #1
 108 0054 F5DC     		bgt	.L4
 109              	.L20:
 110              		.loc 1 135 0
 111 0056 0239     		subs	r1, r1, #2
 112 0058 4B08     		lsrs	r3, r1, #1
 113 005a 5A1C     		adds	r2, r3, #1
 114 005c 00EB4200 		add	r0, r0, r2, lsl #1
ARM GAS  C:\Users\jenny\AppData\Local\Temp\ccZImpv3.s 			page 3


 115              	.LVL8:
 116 0060 A1EB4301 		sub	r1, r1, r3, lsl #1
 117              	.L3:
 118              		.loc 1 156 0
 119 0064 0129     		cmp	r1, #1
 120              		.loc 1 157 0
 121 0066 04BF     		itt	eq
 122 0068 0378     		ldrbeq	r3, [r0, #0]	@ zero_extendqisi2
 123 006a 8DF80630 		strbeq	r3, [sp, #6]
 124              		.loc 1 161 0
 125 006e BDF80600 		ldrh	r0, [sp, #6]
 126              	.LVL9:
 127 0072 2B18     		adds	r3, r5, r0
 128              	.LVL10:
 129              		.loc 1 165 0
 130 0074 9DB2     		uxth	r5, r3
 131 0076 05EB1345 		add	r5, r5, r3, lsr #16
 132              	.LVL11:
 133              		.loc 1 166 0
 134 007a A9B2     		uxth	r1, r5
 135 007c 01EB1543 		add	r3, r1, r5, lsr #16
 136              	.LVL12:
 137              		.loc 1 169 0
 138 0080 27B1     		cbz	r7, .L6
 139              		.loc 1 170 0
 140 0082 1A06     		lsls	r2, r3, #24
 141 0084 C3F30720 		ubfx	r0, r3, #8, #8
 142              	.LVL13:
 143 0088 40EA1243 		orr	r3, r0, r2, lsr #16
 144              	.LVL14:
 145              	.L6:
 146              		.loc 1 174 0
 147 008c 98B2     		uxth	r0, r3
 148              	.LVL15:
 149 008e 02B0     		add	sp, sp, #8
 150 0090 F0BC     		pop	{r4, r5, r6, r7}
 151 0092 7047     		bx	lr
 152              	.LVL16:
 153              	.L9:
 154              		.loc 1 139 0
 155 0094 0025     		movs	r5, #0
 156 0096 E5E7     		b	.L3
 157              		.cfi_endproc
 158              	.LFE7:
 159              		.size	lwip_standard_chksum, .-lwip_standard_chksum
 160 0098 AFF30080 		.section	.text.inet_chksum_pseudo,"ax",%progbits
 160      AFF30080 
 161              		.align	2
 162              		.p2align 4,,15
 163              		.global	inet_chksum_pseudo
 164              		.thumb
 165              		.thumb_func
 166              		.type	inet_chksum_pseudo, %function
 167              	inet_chksum_pseudo:
 168              	.LFB8:
 169              		.loc 1 275 0
 170              		.cfi_startproc
ARM GAS  C:\Users\jenny\AppData\Local\Temp\ccZImpv3.s 			page 4


 171              		@ args = 4, pretend = 0, frame = 0
 172              		@ frame_needed = 0, uses_anonymous_args = 0
 173              	.LVL17:
 174 0000 2DE9F047 		push	{r4, r5, r6, r7, r8, r9, sl, lr}
 175              	.LCFI2:
 176              		.cfi_def_cfa_offset 32
 177              		.cfi_offset 4, -32
 178              		.cfi_offset 5, -28
 179              		.cfi_offset 6, -24
 180              		.cfi_offset 7, -20
 181              		.cfi_offset 8, -16
 182              		.cfi_offset 9, -12
 183              		.cfi_offset 10, -8
 184              		.cfi_offset 14, -4
 185              		.loc 1 275 0
 186 0004 8A46     		mov	sl, r1
 187 0006 9146     		mov	r9, r2
 188 0008 9846     		mov	r8, r3
 189              		.loc 1 284 0
 190 000a 0028     		cmp	r0, #0
 191 000c 3DD0     		beq	.L26
 192 000e 0027     		movs	r7, #0
 193 0010 0446     		mov	r4, r0
 194 0012 3D46     		mov	r5, r7
 195              	.LVL18:
 196              	.L25:
 197              		.loc 1 287 0
 198 0014 6068     		ldr	r0, [r4, #4]
 199 0016 6189     		ldrh	r1, [r4, #10]
 200 0018 FFF7FEFF 		bl	lwip_standard_chksum
 201              	.LVL19:
 202              		.loc 1 292 0
 203 001c 6689     		ldrh	r6, [r4, #10]
 204              		.loc 1 287 0
 205 001e 2818     		adds	r0, r5, r0
 206              	.LVL20:
 207              		.loc 1 291 0
 208 0020 83B2     		uxth	r3, r0
 209 0022 03EB1045 		add	r5, r3, r0, lsr #16
 210              	.LVL21:
 211              		.loc 1 292 0
 212 0026 F307     		lsls	r3, r6, #31
 213 0028 07D5     		bpl	.L24
 214              		.loc 1 293 0
 215 002a C7F10107 		rsb	r7, r7, #1
 216              		.loc 1 294 0
 217 002e 2906     		lsls	r1, r5, #24
 218 0030 C5F30722 		ubfx	r2, r5, #8, #8
 219              		.loc 1 293 0
 220 0034 FFB2     		uxtb	r7, r7
 221              	.LVL22:
 222              		.loc 1 294 0
 223 0036 42EA1145 		orr	r5, r2, r1, lsr #16
 224              	.LVL23:
 225              	.L24:
 226              		.loc 1 284 0
 227 003a 2468     		ldr	r4, [r4, #0]
ARM GAS  C:\Users\jenny\AppData\Local\Temp\ccZImpv3.s 			page 5


 228              	.LVL24:
 229 003c 002C     		cmp	r4, #0
 230 003e E9D1     		bne	.L25
 231              		.loc 1 299 0
 232 0040 27B1     		cbz	r7, .L23
 233              		.loc 1 300 0
 234 0042 2806     		lsls	r0, r5, #24
 235 0044 C5F30725 		ubfx	r5, r5, #8, #8
 236              	.LVL25:
 237 0048 45EA1045 		orr	r5, r5, r0, lsr #16
 238              	.LVL26:
 239              	.L23:
 240              		.loc 1 302 0
 241 004c DAF80020 		ldr	r2, [sl, #0]
 242              	.LVL27:
 243              		.loc 1 305 0
 244 0050 D9F80030 		ldr	r3, [r9, #0]
 245              	.LVL28:
 246              		.loc 1 303 0
 247 0054 91B2     		uxth	r1, r2
 248 0056 01EB1240 		add	r0, r1, r2, lsr #16
 249              		.loc 1 304 0
 250 005a 10FA83F2 		uxtah	r2, r0, r3
 251              	.LVL29:
 252              		.loc 1 306 0
 253 005e 02EB1343 		add	r3, r2, r3, lsr #16
 254              	.LVL30:
 255              		.loc 1 308 0
 256 0062 4046     		mov	r0, r8
 257              		.loc 1 307 0
 258 0064 5D19     		adds	r5, r3, r5
 259              	.LVL31:
 260              		.loc 1 308 0
 261 0066 FFF7FEFF 		bl	lwip_htons
 262              	.LVL32:
 263 006a 2D18     		adds	r5, r5, r0
 264              	.LVL33:
 265              		.loc 1 309 0
 266 006c BDF82000 		ldrh	r0, [sp, #32]
 267 0070 FFF7FEFF 		bl	lwip_htons
 268              	.LVL34:
 269 0074 2918     		adds	r1, r5, r0
 270              	.LVL35:
 271              		.loc 1 313 0
 272 0076 88B2     		uxth	r0, r1
 273 0078 00EB1142 		add	r2, r0, r1, lsr #16
 274              	.LVL36:
 275              		.loc 1 314 0
 276 007c 93B2     		uxth	r3, r2
 277              	.LVL37:
 278 007e 03EB1241 		add	r1, r3, r2, lsr #16
 279              	.LVL38:
 280              		.loc 1 316 0
 281 0082 C843     		mvns	r0, r1
 282              		.loc 1 317 0
 283 0084 80B2     		uxth	r0, r0
 284 0086 BDE8F087 		pop	{r4, r5, r6, r7, r8, r9, sl, pc}
ARM GAS  C:\Users\jenny\AppData\Local\Temp\ccZImpv3.s 			page 6


 285              	.LVL39:
 286              	.L26:
 287              		.loc 1 281 0
 288 008a 0546     		mov	r5, r0
 289 008c DEE7     		b	.L23
 290              		.cfi_endproc
 291              	.LFE8:
 292              		.size	inet_chksum_pseudo, .-inet_chksum_pseudo
 293 008e 00BF     		.section	.text.inet_chksum_pseudo_partial,"ax",%progbits
 294              		.align	2
 295              		.p2align 4,,15
 296              		.global	inet_chksum_pseudo_partial
 297              		.thumb
 298              		.thumb_func
 299              		.type	inet_chksum_pseudo_partial, %function
 300              	inet_chksum_pseudo_partial:
 301              	.LFB9:
 302              		.loc 1 335 0
 303              		.cfi_startproc
 304              		@ args = 8, pretend = 0, frame = 8
 305              		@ frame_needed = 0, uses_anonymous_args = 0
 306              	.LVL40:
 307 0000 2DE9F04F 		push	{r4, r5, r6, r7, r8, r9, sl, fp, lr}
 308              	.LCFI3:
 309              		.cfi_def_cfa_offset 36
 310              		.cfi_offset 4, -36
 311              		.cfi_offset 5, -32
 312              		.cfi_offset 6, -28
 313              		.cfi_offset 7, -24
 314              		.cfi_offset 8, -20
 315              		.cfi_offset 9, -16
 316              		.cfi_offset 10, -12
 317              		.cfi_offset 11, -8
 318              		.cfi_offset 14, -4
 319 0004 83B0     		sub	sp, sp, #12
 320              	.LCFI4:
 321              		.cfi_def_cfa_offset 48
 322              		.loc 1 335 0
 323 0006 8B46     		mov	fp, r1
 324 0008 9246     		mov	sl, r2
 325 000a 0193     		str	r3, [sp, #4]
 326 000c BDF83450 		ldrh	r5, [sp, #52]
 327              		.loc 1 345 0
 328 0010 0028     		cmp	r0, #0
 329 0012 50D0     		beq	.L42
 330 0014 002D     		cmp	r5, #0
 331 0016 50D0     		beq	.L43
 332 0018 0027     		movs	r7, #0
 333 001a 0446     		mov	r4, r0
 334 001c 3E46     		mov	r6, r7
 335              		.loc 1 354 0
 336 001e 47F6FE78 		movw	r8, #32766
 337 0022 10E0     		b	.L40
 338              	.LVL41:
 339              	.L36:
 340              		.loc 1 358 0
 341 0024 6089     		ldrh	r0, [r4, #10]
ARM GAS  C:\Users\jenny\AppData\Local\Temp\ccZImpv3.s 			page 7


 342              		.loc 1 357 0
 343 0026 B2B2     		uxth	r2, r6
 344 0028 02EB1646 		add	r6, r2, r6, lsr #16
 345              	.LVL42:
 346              		.loc 1 358 0
 347 002c C207     		lsls	r2, r0, #31
 348 002e 07D5     		bpl	.L37
 349              		.loc 1 359 0
 350 0030 C7F10107 		rsb	r7, r7, #1
 351              		.loc 1 360 0
 352 0034 3106     		lsls	r1, r6, #24
 353 0036 C6F30723 		ubfx	r3, r6, #8, #8
 354              		.loc 1 359 0
 355 003a FFB2     		uxtb	r7, r7
 356              	.LVL43:
 357              		.loc 1 360 0
 358 003c 43EA1146 		orr	r6, r3, r1, lsr #16
 359              	.LVL44:
 360              	.L37:
 361              		.loc 1 345 0
 362 0040 2468     		ldr	r4, [r4, #0]
 363              	.LVL45:
 364 0042 94B1     		cbz	r4, .L41
 365              		.loc 1 345 0 is_stmt 0 discriminator 2
 366 0044 8DB1     		cbz	r5, .L41
 367              	.LVL46:
 368              	.L40:
 369              		.loc 1 348 0 is_stmt 1
 370 0046 6389     		ldrh	r3, [r4, #10]
 371              	.LVL47:
 372              		.loc 1 352 0
 373 0048 6068     		ldr	r0, [r4, #4]
 374 004a 9D42     		cmp	r5, r3
 375 004c 34BF     		ite	cc
 376 004e A946     		movcc	r9, r5
 377 0050 9946     		movcs	r9, r3
 378              	.LVL48:
 379 0052 4946     		mov	r1, r9
 380 0054 FFF7FEFF 		bl	lwip_standard_chksum
 381              	.LVL49:
 382              		.loc 1 353 0
 383 0058 C9EB0505 		rsb	r5, r9, r5
 384 005c ADB2     		uxth	r5, r5
 385              		.loc 1 354 0
 386 005e 4545     		cmp	r5, r8
 387              		.loc 1 352 0
 388 0060 0644     		add	r6, r6, r0
 389              	.LVL50:
 390              		.loc 1 354 0
 391 0062 DFD9     		bls	.L36
 392              		.loc 1 354 0 is_stmt 0 discriminator 1
 393 0064 FFF7FEFF 		bl	port_halt
 394              	.LVL51:
 395 0068 DCE7     		b	.L36
 396              	.LVL52:
 397              	.L41:
 398              		.loc 1 365 0 is_stmt 1
ARM GAS  C:\Users\jenny\AppData\Local\Temp\ccZImpv3.s 			page 8


 399 006a 27B1     		cbz	r7, .L35
 400              		.loc 1 366 0
 401 006c 3006     		lsls	r0, r6, #24
 402 006e C6F30726 		ubfx	r6, r6, #8, #8
 403              	.LVL53:
 404 0072 46EA1046 		orr	r6, r6, r0, lsr #16
 405              	.LVL54:
 406              	.L35:
 407              		.loc 1 368 0
 408 0076 DBF80020 		ldr	r2, [fp, #0]
 409              	.LVL55:
 410              		.loc 1 371 0
 411 007a DAF80030 		ldr	r3, [sl, #0]
 412              	.LVL56:
 413              		.loc 1 369 0
 414 007e 91B2     		uxth	r1, r2
 415 0080 01EB1240 		add	r0, r1, r2, lsr #16
 416              		.loc 1 370 0
 417 0084 10FA83F2 		uxtah	r2, r0, r3
 418              	.LVL57:
 419              		.loc 1 372 0
 420 0088 02EB1343 		add	r3, r2, r3, lsr #16
 421              	.LVL58:
 422              		.loc 1 374 0
 423 008c 0198     		ldr	r0, [sp, #4]
 424              		.loc 1 373 0
 425 008e 9E19     		adds	r6, r3, r6
 426              	.LVL59:
 427              		.loc 1 374 0
 428 0090 FFF7FEFF 		bl	lwip_htons
 429              	.LVL60:
 430 0094 3618     		adds	r6, r6, r0
 431              	.LVL61:
 432              		.loc 1 375 0
 433 0096 BDF83000 		ldrh	r0, [sp, #48]
 434 009a FFF7FEFF 		bl	lwip_htons
 435              	.LVL62:
 436 009e 3118     		adds	r1, r6, r0
 437              	.LVL63:
 438              		.loc 1 379 0
 439 00a0 88B2     		uxth	r0, r1
 440 00a2 00EB1142 		add	r2, r0, r1, lsr #16
 441              	.LVL64:
 442              		.loc 1 380 0
 443 00a6 93B2     		uxth	r3, r2
 444              	.LVL65:
 445 00a8 03EB1241 		add	r1, r3, r2, lsr #16
 446              	.LVL66:
 447              		.loc 1 382 0
 448 00ac C843     		mvns	r0, r1
 449              		.loc 1 383 0
 450 00ae 80B2     		uxth	r0, r0
 451 00b0 03B0     		add	sp, sp, #12
 452 00b2 BDE8F08F 		pop	{r4, r5, r6, r7, r8, r9, sl, fp, pc}
 453              	.LVL67:
 454              	.L42:
 455              		.loc 1 345 0
ARM GAS  C:\Users\jenny\AppData\Local\Temp\ccZImpv3.s 			page 9


 456 00b6 0646     		mov	r6, r0
 457 00b8 DDE7     		b	.L35
 458              	.L43:
 459 00ba 2E46     		mov	r6, r5
 460 00bc DBE7     		b	.L35
 461              		.cfi_endproc
 462              	.LFE9:
 463              		.size	inet_chksum_pseudo_partial, .-inet_chksum_pseudo_partial
 464 00be 00BF     		.section	.text.inet_chksum,"ax",%progbits
 465              		.align	2
 466              		.p2align 4,,15
 467              		.global	inet_chksum
 468              		.thumb
 469              		.thumb_func
 470              		.type	inet_chksum, %function
 471              	inet_chksum:
 472              	.LFB10:
 473              		.loc 1 397 0
 474              		.cfi_startproc
 475              		@ args = 0, pretend = 0, frame = 0
 476              		@ frame_needed = 0, uses_anonymous_args = 0
 477              	.LVL68:
 478 0000 08B5     		push	{r3, lr}
 479              	.LCFI5:
 480              		.cfi_def_cfa_offset 8
 481              		.cfi_offset 3, -8
 482              		.cfi_offset 14, -4
 483              		.loc 1 398 0
 484 0002 FFF7FEFF 		bl	lwip_standard_chksum
 485              	.LVL69:
 486 0006 C043     		mvns	r0, r0
 487              		.loc 1 399 0
 488 0008 80B2     		uxth	r0, r0
 489 000a 08BD     		pop	{r3, pc}
 490              		.cfi_endproc
 491              	.LFE10:
 492              		.size	inet_chksum, .-inet_chksum
 493 000c AFF30080 		.section	.text.inet_chksum_pbuf,"ax",%progbits
 494              		.align	2
 495              		.p2align 4,,15
 496              		.global	inet_chksum_pbuf
 497              		.thumb
 498              		.thumb_func
 499              		.type	inet_chksum_pbuf, %function
 500              	inet_chksum_pbuf:
 501              	.LFB11:
 502              		.loc 1 410 0
 503              		.cfi_startproc
 504              		@ args = 0, pretend = 0, frame = 0
 505              		@ frame_needed = 0, uses_anonymous_args = 0
 506              	.LVL70:
 507 0000 70B5     		push	{r4, r5, r6, lr}
 508              	.LCFI6:
 509              		.cfi_def_cfa_offset 16
 510              		.cfi_offset 4, -16
 511              		.cfi_offset 5, -12
 512              		.cfi_offset 6, -8
ARM GAS  C:\Users\jenny\AppData\Local\Temp\ccZImpv3.s 			page 10


 513              		.cfi_offset 14, -4
 514              		.loc 1 417 0
 515 0002 20B3     		cbz	r0, .L54
 516 0004 0026     		movs	r6, #0
 517 0006 0446     		mov	r4, r0
 518 0008 3546     		mov	r5, r6
 519              	.LVL71:
 520              	.L52:
 521              		.loc 1 418 0
 522 000a 6189     		ldrh	r1, [r4, #10]
 523 000c 6068     		ldr	r0, [r4, #4]
 524 000e FFF7FEFF 		bl	lwip_standard_chksum
 525              	.LVL72:
 526              		.loc 1 420 0
 527 0012 6389     		ldrh	r3, [r4, #10]
 528              		.loc 1 418 0
 529 0014 2818     		adds	r0, r5, r0
 530              	.LVL73:
 531              		.loc 1 419 0
 532 0016 85B2     		uxth	r5, r0
 533              		.loc 1 420 0
 534 0018 D907     		lsls	r1, r3, #31
 535              		.loc 1 419 0
 536 001a 05EB1045 		add	r5, r5, r0, lsr #16
 537              	.LVL74:
 538              		.loc 1 420 0
 539 001e 07D5     		bpl	.L51
 540              		.loc 1 421 0
 541 0020 C6F10106 		rsb	r6, r6, #1
 542              		.loc 1 422 0
 543 0024 2906     		lsls	r1, r5, #24
 544 0026 C5F30722 		ubfx	r2, r5, #8, #8
 545              		.loc 1 421 0
 546 002a F6B2     		uxtb	r6, r6
 547              	.LVL75:
 548              		.loc 1 422 0
 549 002c 42EA1145 		orr	r5, r2, r1, lsr #16
 550              	.LVL76:
 551              	.L51:
 552              		.loc 1 417 0
 553 0030 2468     		ldr	r4, [r4, #0]
 554              	.LVL77:
 555 0032 002C     		cmp	r4, #0
 556 0034 E9D1     		bne	.L52
 557              		.loc 1 426 0
 558 0036 3EB1     		cbz	r6, .L59
 559              		.loc 1 427 0
 560 0038 2806     		lsls	r0, r5, #24
 561 003a C5F30725 		ubfx	r5, r5, #8, #8
 562              	.LVL78:
 563 003e 45EA1041 		orr	r1, r5, r0, lsr #16
 564              	.LVL79:
 565 0042 CA43     		mvns	r2, r1
 566 0044 90B2     		uxth	r0, r2
 567 0046 70BD     		pop	{r4, r5, r6, pc}
 568              	.LVL80:
 569              	.L59:
ARM GAS  C:\Users\jenny\AppData\Local\Temp\ccZImpv3.s 			page 11


 570 0048 EB43     		mvns	r3, r5
 571 004a 98B2     		uxth	r0, r3
 572 004c 70BD     		pop	{r4, r5, r6, pc}
 573              	.LVL81:
 574              	.L54:
 575              		.loc 1 417 0
 576 004e 4FF6FF70 		movw	r0, #65535
 577              	.LVL82:
 578              		.loc 1 430 0
 579 0052 70BD     		pop	{r4, r5, r6, pc}
 580              		.cfi_endproc
 581              	.LFE11:
 582              		.size	inet_chksum_pbuf, .-inet_chksum_pbuf
 583 0054 AFF30080 		.text
 583      AFF30080 
 583      AFF30080 
 584              	.Letext0:
 585              		.file 2 "c:\\fbin\\yagarto\\bin\\../lib/gcc/arm-none-eabi/4.7.4/../../../../arm-none-eabi/include/
 586              		.file 3 "../../os/various/lwip_bindings/arch/cc.h"
 587              		.file 4 "../../ext/lwip/src/include/lwip/pbuf.h"
 588              		.file 5 "../../ext/lwip/src/include/ipv4/lwip/ip_addr.h"
 589              		.file 6 "../../ext/lwip/src/include/lwip/def.h"
 590              		.file 7 "../../os/ports/GCC/ARMCMx/chcore_v7m.h"
 591              		.section	.debug_info,"",%progbits
 592              	.Ldebug_info0:
 593 0000 C1040000 		.4byte	0x4c1
 594 0004 0200     		.2byte	0x2
 595 0006 00000000 		.4byte	.Ldebug_abbrev0
 596 000a 04       		.byte	0x4
 597 000b 01       		.uleb128 0x1
 598 000c 35010000 		.4byte	.LASF39
 599 0010 01       		.byte	0x1
 600 0011 3B000000 		.4byte	.LASF40
 601 0015 B8000000 		.4byte	.LASF41
 602 0019 00000000 		.4byte	.Ldebug_ranges0+0
 603 001d 00000000 		.4byte	0
 604 0021 00000000 		.4byte	0
 605 0025 00000000 		.4byte	.Ldebug_line0
 606 0029 02       		.uleb128 0x2
 607 002a 04       		.byte	0x4
 608 002b 05       		.byte	0x5
 609 002c 696E7400 		.ascii	"int\000"
 610 0030 03       		.uleb128 0x3
 611 0031 04       		.byte	0x4
 612 0032 07       		.byte	0x7
 613 0033 A4010000 		.4byte	.LASF0
 614 0037 03       		.uleb128 0x3
 615 0038 01       		.byte	0x1
 616 0039 06       		.byte	0x6
 617 003a A4000000 		.4byte	.LASF1
 618 003e 04       		.uleb128 0x4
 619 003f E9010000 		.4byte	.LASF4
 620 0043 02       		.byte	0x2
 621 0044 2A       		.byte	0x2a
 622 0045 49000000 		.4byte	0x49
 623 0049 03       		.uleb128 0x3
 624 004a 01       		.byte	0x1
ARM GAS  C:\Users\jenny\AppData\Local\Temp\ccZImpv3.s 			page 12


 625 004b 08       		.byte	0x8
 626 004c 0B010000 		.4byte	.LASF2
 627 0050 03       		.uleb128 0x3
 628 0051 02       		.byte	0x2
 629 0052 05       		.byte	0x5
 630 0053 3C020000 		.4byte	.LASF3
 631 0057 04       		.uleb128 0x4
 632 0058 46020000 		.4byte	.LASF5
 633 005c 02       		.byte	0x2
 634 005d 36       		.byte	0x36
 635 005e 62000000 		.4byte	0x62
 636 0062 03       		.uleb128 0x3
 637 0063 02       		.byte	0x2
 638 0064 07       		.byte	0x7
 639 0065 66000000 		.4byte	.LASF6
 640 0069 03       		.uleb128 0x3
 641 006a 04       		.byte	0x4
 642 006b 05       		.byte	0x5
 643 006c 58020000 		.4byte	.LASF7
 644 0070 04       		.uleb128 0x4
 645 0071 4F020000 		.4byte	.LASF8
 646 0075 02       		.byte	0x2
 647 0076 50       		.byte	0x50
 648 0077 7B000000 		.4byte	0x7b
 649 007b 03       		.uleb128 0x3
 650 007c 04       		.byte	0x4
 651 007d 07       		.byte	0x7
 652 007e 19010000 		.4byte	.LASF9
 653 0082 03       		.uleb128 0x3
 654 0083 08       		.byte	0x8
 655 0084 05       		.byte	0x5
 656 0085 24020000 		.4byte	.LASF10
 657 0089 03       		.uleb128 0x3
 658 008a 08       		.byte	0x8
 659 008b 07       		.byte	0x7
 660 008c D2010000 		.4byte	.LASF11
 661 0090 03       		.uleb128 0x3
 662 0091 01       		.byte	0x1
 663 0092 02       		.byte	0x2
 664 0093 6B020000 		.4byte	.LASF12
 665 0097 05       		.uleb128 0x5
 666 0098 04       		.byte	0x4
 667 0099 03       		.uleb128 0x3
 668 009a 04       		.byte	0x4
 669 009b 07       		.byte	0x7
 670 009c 1B020000 		.4byte	.LASF13
 671 00a0 03       		.uleb128 0x3
 672 00a1 01       		.byte	0x1
 673 00a2 08       		.byte	0x8
 674 00a3 32020000 		.4byte	.LASF14
 675 00a7 04       		.uleb128 0x4
 676 00a8 F1010000 		.4byte	.LASF15
 677 00ac 03       		.byte	0x3
 678 00ad 38       		.byte	0x38
 679 00ae 3E000000 		.4byte	0x3e
 680 00b2 04       		.uleb128 0x4
 681 00b3 86010000 		.4byte	.LASF16
ARM GAS  C:\Users\jenny\AppData\Local\Temp\ccZImpv3.s 			page 13


 682 00b7 03       		.byte	0x3
 683 00b8 3A       		.byte	0x3a
 684 00b9 57000000 		.4byte	0x57
 685 00bd 04       		.uleb128 0x4
 686 00be 8C010000 		.4byte	.LASF17
 687 00c2 03       		.byte	0x3
 688 00c3 3C       		.byte	0x3c
 689 00c4 70000000 		.4byte	0x70
 690 00c8 04       		.uleb128 0x4
 691 00c9 16000000 		.4byte	.LASF18
 692 00cd 03       		.byte	0x3
 693 00ce 3E       		.byte	0x3e
 694 00cf 70000000 		.4byte	0x70
 695 00d3 06       		.uleb128 0x6
 696 00d4 30010000 		.4byte	.LASF24
 697 00d8 10       		.byte	0x10
 698 00d9 04       		.byte	0x4
 699 00da 4F       		.byte	0x4f
 700 00db 42010000 		.4byte	0x142
 701 00df 07       		.uleb128 0x7
 702 00e0 11000000 		.4byte	.LASF19
 703 00e4 04       		.byte	0x4
 704 00e5 51       		.byte	0x51
 705 00e6 42010000 		.4byte	0x142
 706 00ea 02       		.byte	0x2
 707 00eb 23       		.byte	0x23
 708 00ec 00       		.uleb128 0
 709 00ed 07       		.uleb128 0x7
 710 00ee 09020000 		.4byte	.LASF20
 711 00f2 04       		.byte	0x4
 712 00f3 54       		.byte	0x54
 713 00f4 97000000 		.4byte	0x97
 714 00f8 02       		.byte	0x2
 715 00f9 23       		.byte	0x23
 716 00fa 04       		.uleb128 0x4
 717 00fb 07       		.uleb128 0x7
 718 00fc 92010000 		.4byte	.LASF21
 719 0100 04       		.byte	0x4
 720 0101 5D       		.byte	0x5d
 721 0102 B2000000 		.4byte	0xb2
 722 0106 02       		.byte	0x2
 723 0107 23       		.byte	0x23
 724 0108 08       		.uleb128 0x8
 725 0109 08       		.uleb128 0x8
 726 010a 6C656E00 		.ascii	"len\000"
 727 010e 04       		.byte	0x4
 728 010f 60       		.byte	0x60
 729 0110 B2000000 		.4byte	0xb2
 730 0114 02       		.byte	0x2
 731 0115 23       		.byte	0x23
 732 0116 0A       		.uleb128 0xa
 733 0117 07       		.uleb128 0x7
 734 0118 37020000 		.4byte	.LASF22
 735 011c 04       		.byte	0x4
 736 011d 63       		.byte	0x63
 737 011e A7000000 		.4byte	0xa7
 738 0122 02       		.byte	0x2
ARM GAS  C:\Users\jenny\AppData\Local\Temp\ccZImpv3.s 			page 14


 739 0123 23       		.byte	0x23
 740 0124 0C       		.uleb128 0xc
 741 0125 07       		.uleb128 0x7
 742 0126 B1010000 		.4byte	.LASF23
 743 012a 04       		.byte	0x4
 744 012b 66       		.byte	0x66
 745 012c A7000000 		.4byte	0xa7
 746 0130 02       		.byte	0x2
 747 0131 23       		.byte	0x23
 748 0132 0D       		.uleb128 0xd
 749 0133 08       		.uleb128 0x8
 750 0134 72656600 		.ascii	"ref\000"
 751 0138 04       		.byte	0x4
 752 0139 6D       		.byte	0x6d
 753 013a B2000000 		.4byte	0xb2
 754 013e 02       		.byte	0x2
 755 013f 23       		.byte	0x23
 756 0140 0E       		.uleb128 0xe
 757 0141 00       		.byte	0
 758 0142 09       		.uleb128 0x9
 759 0143 04       		.byte	0x4
 760 0144 D3000000 		.4byte	0xd3
 761 0148 06       		.uleb128 0x6
 762 0149 2C000000 		.4byte	.LASF25
 763 014d 04       		.byte	0x4
 764 014e 05       		.byte	0x5
 765 014f 2C       		.byte	0x2c
 766 0150 63010000 		.4byte	0x163
 767 0154 07       		.uleb128 0x7
 768 0155 2B010000 		.4byte	.LASF26
 769 0159 05       		.byte	0x5
 770 015a 2D       		.byte	0x2d
 771 015b BD000000 		.4byte	0xbd
 772 015f 02       		.byte	0x2
 773 0160 23       		.byte	0x23
 774 0161 00       		.uleb128 0
 775 0162 00       		.byte	0
 776 0163 04       		.uleb128 0x4
 777 0164 9A010000 		.4byte	.LASF27
 778 0168 05       		.byte	0x5
 779 0169 40       		.byte	0x40
 780 016a 48010000 		.4byte	0x148
 781 016e 0A       		.uleb128 0xa
 782 016f 79000000 		.4byte	.LASF42
 783 0173 01       		.byte	0x1
 784 0174 87       		.byte	0x87
 785 0175 01       		.byte	0x1
 786 0176 B2000000 		.4byte	0xb2
 787 017a 00000000 		.4byte	.LFB7
 788 017e 98000000 		.4byte	.LFE7
 789 0182 00000000 		.4byte	.LLST0
 790 0186 01       		.byte	0x1
 791 0187 EF010000 		.4byte	0x1ef
 792 018b 0B       		.uleb128 0xb
 793 018c 7E010000 		.4byte	.LASF28
 794 0190 01       		.byte	0x1
 795 0191 87       		.byte	0x87
ARM GAS  C:\Users\jenny\AppData\Local\Temp\ccZImpv3.s 			page 15


 796 0192 97000000 		.4byte	0x97
 797 0196 2C000000 		.4byte	.LLST1
 798 019a 0C       		.uleb128 0xc
 799 019b 6C656E00 		.ascii	"len\000"
 800 019f 01       		.byte	0x1
 801 01a0 87       		.byte	0x87
 802 01a1 29000000 		.4byte	0x29
 803 01a5 5A000000 		.4byte	.LLST2
 804 01a9 0D       		.uleb128 0xd
 805 01aa 706200   		.ascii	"pb\000"
 806 01ad 01       		.byte	0x1
 807 01ae 89       		.byte	0x89
 808 01af EF010000 		.4byte	0x1ef
 809 01b3 90000000 		.4byte	.LLST3
 810 01b7 0D       		.uleb128 0xd
 811 01b8 707300   		.ascii	"ps\000"
 812 01bb 01       		.byte	0x1
 813 01bc 8A       		.byte	0x8a
 814 01bd F5010000 		.4byte	0x1f5
 815 01c1 C6000000 		.4byte	.LLST4
 816 01c5 0D       		.uleb128 0xd
 817 01c6 7400     		.ascii	"t\000"
 818 01c8 01       		.byte	0x1
 819 01c9 8A       		.byte	0x8a
 820 01ca B2000000 		.4byte	0xb2
 821 01ce E4000000 		.4byte	.LLST5
 822 01d2 0D       		.uleb128 0xd
 823 01d3 73756D00 		.ascii	"sum\000"
 824 01d7 01       		.byte	0x1
 825 01d8 8B       		.byte	0x8b
 826 01d9 BD000000 		.4byte	0xbd
 827 01dd 1A010000 		.4byte	.LLST6
 828 01e1 0E       		.uleb128 0xe
 829 01e2 6F646400 		.ascii	"odd\000"
 830 01e6 01       		.byte	0x1
 831 01e7 8C       		.byte	0x8c
 832 01e8 29000000 		.4byte	0x29
 833 01ec 01       		.byte	0x1
 834 01ed 57       		.byte	0x57
 835 01ee 00       		.byte	0
 836 01ef 09       		.uleb128 0x9
 837 01f0 04       		.byte	0x4
 838 01f1 A7000000 		.4byte	0xa7
 839 01f5 09       		.uleb128 0x9
 840 01f6 04       		.byte	0x4
 841 01f7 B2000000 		.4byte	0xb2
 842 01fb 0F       		.uleb128 0xf
 843 01fc 01       		.byte	0x1
 844 01fd F6010000 		.4byte	.LASF33
 845 0201 01       		.byte	0x1
 846 0202 1001     		.2byte	0x110
 847 0204 01       		.byte	0x1
 848 0205 B2000000 		.4byte	0xb2
 849 0209 00000000 		.4byte	.LFB8
 850 020d 8E000000 		.4byte	.LFE8
 851 0211 5B010000 		.4byte	.LLST7
 852 0215 01       		.byte	0x1
ARM GAS  C:\Users\jenny\AppData\Local\Temp\ccZImpv3.s 			page 16


 853 0216 D5020000 		.4byte	0x2d5
 854 021a 10       		.uleb128 0x10
 855 021b 7000     		.ascii	"p\000"
 856 021d 01       		.byte	0x1
 857 021e 1001     		.2byte	0x110
 858 0220 42010000 		.4byte	0x142
 859 0224 7B010000 		.4byte	.LLST8
 860 0228 10       		.uleb128 0x10
 861 0229 73726300 		.ascii	"src\000"
 862 022d 01       		.byte	0x1
 863 022e 1101     		.2byte	0x111
 864 0230 D5020000 		.4byte	0x2d5
 865 0234 A7010000 		.4byte	.LLST9
 866 0238 11       		.uleb128 0x11
 867 0239 77020000 		.4byte	.LASF29
 868 023d 01       		.byte	0x1
 869 023e 1101     		.2byte	0x111
 870 0240 D5020000 		.4byte	0x2d5
 871 0244 D0010000 		.4byte	.LLST10
 872 0248 11       		.uleb128 0x11
 873 0249 71020000 		.4byte	.LASF30
 874 024d 01       		.byte	0x1
 875 024e 1201     		.2byte	0x112
 876 0250 A7000000 		.4byte	0xa7
 877 0254 F9010000 		.4byte	.LLST11
 878 0258 12       		.uleb128 0x12
 879 0259 61020000 		.4byte	.LASF31
 880 025d 01       		.byte	0x1
 881 025e 1201     		.2byte	0x112
 882 0260 B2000000 		.4byte	0xb2
 883 0264 02       		.byte	0x2
 884 0265 91       		.byte	0x91
 885 0266 00       		.sleb128 0
 886 0267 13       		.uleb128 0x13
 887 0268 61636300 		.ascii	"acc\000"
 888 026c 01       		.byte	0x1
 889 026d 1401     		.2byte	0x114
 890 026f BD000000 		.4byte	0xbd
 891 0273 25020000 		.4byte	.LLST12
 892 0277 14       		.uleb128 0x14
 893 0278 2B010000 		.4byte	.LASF26
 894 027c 01       		.byte	0x1
 895 027d 1501     		.2byte	0x115
 896 027f BD000000 		.4byte	0xbd
 897 0283 22030000 		.4byte	.LLST13
 898 0287 13       		.uleb128 0x13
 899 0288 7100     		.ascii	"q\000"
 900 028a 01       		.byte	0x1
 901 028b 1601     		.2byte	0x116
 902 028d 42010000 		.4byte	0x142
 903 0291 4C030000 		.4byte	.LLST14
 904 0295 14       		.uleb128 0x14
 905 0296 B0000000 		.4byte	.LASF32
 906 029a 01       		.byte	0x1
 907 029b 1701     		.2byte	0x117
 908 029d A7000000 		.4byte	0xa7
 909 02a1 75030000 		.4byte	.LLST15
ARM GAS  C:\Users\jenny\AppData\Local\Temp\ccZImpv3.s 			page 17


 910 02a5 15       		.uleb128 0x15
 911 02a6 1C000000 		.4byte	.LVL19
 912 02aa 6E010000 		.4byte	0x16e
 913 02ae 16       		.uleb128 0x16
 914 02af 6A000000 		.4byte	.LVL32
 915 02b3 A1040000 		.4byte	0x4a1
 916 02b7 C2020000 		.4byte	0x2c2
 917 02bb 17       		.uleb128 0x17
 918 02bc 01       		.byte	0x1
 919 02bd 50       		.byte	0x50
 920 02be 02       		.byte	0x2
 921 02bf 78       		.byte	0x78
 922 02c0 00       		.sleb128 0
 923 02c1 00       		.byte	0
 924 02c2 18       		.uleb128 0x18
 925 02c3 74000000 		.4byte	.LVL34
 926 02c7 A1040000 		.4byte	0x4a1
 927 02cb 17       		.uleb128 0x17
 928 02cc 01       		.byte	0x1
 929 02cd 50       		.byte	0x50
 930 02ce 04       		.byte	0x4
 931 02cf 91       		.byte	0x91
 932 02d0 00       		.sleb128 0
 933 02d1 94       		.byte	0x94
 934 02d2 02       		.byte	0x2
 935 02d3 00       		.byte	0
 936 02d4 00       		.byte	0
 937 02d5 09       		.uleb128 0x9
 938 02d6 04       		.byte	0x4
 939 02d7 63010000 		.4byte	0x163
 940 02db 0F       		.uleb128 0xf
 941 02dc 01       		.byte	0x1
 942 02dd B7010000 		.4byte	.LASF34
 943 02e1 01       		.byte	0x1
 944 02e2 4C01     		.2byte	0x14c
 945 02e4 01       		.byte	0x1
 946 02e5 B2000000 		.4byte	0xb2
 947 02e9 00000000 		.4byte	.LFB9
 948 02ed BE000000 		.4byte	.LFE9
 949 02f1 A0030000 		.4byte	.LLST16
 950 02f5 01       		.byte	0x1
 951 02f6 EB030000 		.4byte	0x3eb
 952 02fa 10       		.uleb128 0x10
 953 02fb 7000     		.ascii	"p\000"
 954 02fd 01       		.byte	0x1
 955 02fe 4C01     		.2byte	0x14c
 956 0300 42010000 		.4byte	0x142
 957 0304 CC030000 		.4byte	.LLST17
 958 0308 10       		.uleb128 0x10
 959 0309 73726300 		.ascii	"src\000"
 960 030d 01       		.byte	0x1
 961 030e 4D01     		.2byte	0x14d
 962 0310 D5020000 		.4byte	0x2d5
 963 0314 F8030000 		.4byte	.LLST18
 964 0318 11       		.uleb128 0x11
 965 0319 77020000 		.4byte	.LASF29
 966 031d 01       		.byte	0x1
ARM GAS  C:\Users\jenny\AppData\Local\Temp\ccZImpv3.s 			page 18


 967 031e 4D01     		.2byte	0x14d
 968 0320 D5020000 		.4byte	0x2d5
 969 0324 21040000 		.4byte	.LLST19
 970 0328 11       		.uleb128 0x11
 971 0329 71020000 		.4byte	.LASF30
 972 032d 01       		.byte	0x1
 973 032e 4E01     		.2byte	0x14e
 974 0330 A7000000 		.4byte	0xa7
 975 0334 4A040000 		.4byte	.LLST20
 976 0338 12       		.uleb128 0x12
 977 0339 61020000 		.4byte	.LASF31
 978 033d 01       		.byte	0x1
 979 033e 4E01     		.2byte	0x14e
 980 0340 B2000000 		.4byte	0xb2
 981 0344 02       		.byte	0x2
 982 0345 91       		.byte	0x91
 983 0346 00       		.sleb128 0
 984 0347 11       		.uleb128 0x11
 985 0348 99000000 		.4byte	.LASF35
 986 034c 01       		.byte	0x1
 987 034d 4E01     		.2byte	0x14e
 988 034f B2000000 		.4byte	0xb2
 989 0353 76040000 		.4byte	.LLST21
 990 0357 13       		.uleb128 0x13
 991 0358 61636300 		.ascii	"acc\000"
 992 035c 01       		.byte	0x1
 993 035d 5001     		.2byte	0x150
 994 035f BD000000 		.4byte	0xbd
 995 0363 AC040000 		.4byte	.LLST22
 996 0367 14       		.uleb128 0x14
 997 0368 2B010000 		.4byte	.LASF26
 998 036c 01       		.byte	0x1
 999 036d 5101     		.2byte	0x151
 1000 036f BD000000 		.4byte	0xbd
 1001 0373 A9050000 		.4byte	.LLST23
 1002 0377 13       		.uleb128 0x13
 1003 0378 7100     		.ascii	"q\000"
 1004 037a 01       		.byte	0x1
 1005 037b 5201     		.2byte	0x152
 1006 037d 42010000 		.4byte	0x142
 1007 0381 D3050000 		.4byte	.LLST24
 1008 0385 14       		.uleb128 0x14
 1009 0386 B0000000 		.4byte	.LASF32
 1010 038a 01       		.byte	0x1
 1011 038b 5301     		.2byte	0x153
 1012 038d A7000000 		.4byte	0xa7
 1013 0391 FC050000 		.4byte	.LLST25
 1014 0395 14       		.uleb128 0x14
 1015 0396 34000000 		.4byte	.LASF36
 1016 039a 01       		.byte	0x1
 1017 039b 5401     		.2byte	0x154
 1018 039d B2000000 		.4byte	0xb2
 1019 03a1 32060000 		.4byte	.LLST26
 1020 03a5 16       		.uleb128 0x16
 1021 03a6 58000000 		.4byte	.LVL49
 1022 03aa 6E010000 		.4byte	0x16e
 1023 03ae B9030000 		.4byte	0x3b9
ARM GAS  C:\Users\jenny\AppData\Local\Temp\ccZImpv3.s 			page 19


 1024 03b2 17       		.uleb128 0x17
 1025 03b3 01       		.byte	0x1
 1026 03b4 51       		.byte	0x51
 1027 03b5 02       		.byte	0x2
 1028 03b6 79       		.byte	0x79
 1029 03b7 00       		.sleb128 0
 1030 03b8 00       		.byte	0
 1031 03b9 15       		.uleb128 0x15
 1032 03ba 68000000 		.4byte	.LVL51
 1033 03be B9040000 		.4byte	0x4b9
 1034 03c2 16       		.uleb128 0x16
 1035 03c3 94000000 		.4byte	.LVL60
 1036 03c7 A1040000 		.4byte	0x4a1
 1037 03cb D8030000 		.4byte	0x3d8
 1038 03cf 17       		.uleb128 0x17
 1039 03d0 01       		.byte	0x1
 1040 03d1 50       		.byte	0x50
 1041 03d2 04       		.byte	0x4
 1042 03d3 91       		.byte	0x91
 1043 03d4 54       		.sleb128 -44
 1044 03d5 94       		.byte	0x94
 1045 03d6 02       		.byte	0x2
 1046 03d7 00       		.byte	0
 1047 03d8 18       		.uleb128 0x18
 1048 03d9 9E000000 		.4byte	.LVL62
 1049 03dd A1040000 		.4byte	0x4a1
 1050 03e1 17       		.uleb128 0x17
 1051 03e2 01       		.byte	0x1
 1052 03e3 50       		.byte	0x50
 1053 03e4 04       		.byte	0x4
 1054 03e5 91       		.byte	0x91
 1055 03e6 00       		.sleb128 0
 1056 03e7 94       		.byte	0x94
 1057 03e8 02       		.byte	0x2
 1058 03e9 00       		.byte	0
 1059 03ea 00       		.byte	0
 1060 03eb 0F       		.uleb128 0xf
 1061 03ec 01       		.byte	0x1
 1062 03ed 20000000 		.4byte	.LASF37
 1063 03f1 01       		.byte	0x1
 1064 03f2 8C01     		.2byte	0x18c
 1065 03f4 01       		.byte	0x1
 1066 03f5 B2000000 		.4byte	0xb2
 1067 03f9 00000000 		.4byte	.LFB10
 1068 03fd 0C000000 		.4byte	.LFE10
 1069 0401 5C060000 		.4byte	.LLST27
 1070 0405 01       		.byte	0x1
 1071 0406 3C040000 		.4byte	0x43c
 1072 040a 11       		.uleb128 0x11
 1073 040b 7E010000 		.4byte	.LASF28
 1074 040f 01       		.byte	0x1
 1075 0410 8C01     		.2byte	0x18c
 1076 0412 97000000 		.4byte	0x97
 1077 0416 7C060000 		.4byte	.LLST28
 1078 041a 10       		.uleb128 0x10
 1079 041b 6C656E00 		.ascii	"len\000"
 1080 041f 01       		.byte	0x1
ARM GAS  C:\Users\jenny\AppData\Local\Temp\ccZImpv3.s 			page 20


 1081 0420 8C01     		.2byte	0x18c
 1082 0422 B2000000 		.4byte	0xb2
 1083 0426 9D060000 		.4byte	.LLST29
 1084 042a 18       		.uleb128 0x18
 1085 042b 06000000 		.4byte	.LVL69
 1086 042f 6E010000 		.4byte	0x16e
 1087 0433 17       		.uleb128 0x17
 1088 0434 01       		.byte	0x1
 1089 0435 50       		.byte	0x50
 1090 0436 03       		.byte	0x3
 1091 0437 F3       		.byte	0xf3
 1092 0438 01       		.uleb128 0x1
 1093 0439 50       		.byte	0x50
 1094 043a 00       		.byte	0
 1095 043b 00       		.byte	0
 1096 043c 0F       		.uleb128 0xf
 1097 043d 01       		.byte	0x1
 1098 043e 00000000 		.4byte	.LASF38
 1099 0442 01       		.byte	0x1
 1100 0443 9901     		.2byte	0x199
 1101 0445 01       		.byte	0x1
 1102 0446 B2000000 		.4byte	0xb2
 1103 044a 00000000 		.4byte	.LFB11
 1104 044e 54000000 		.4byte	.LFE11
 1105 0452 BE060000 		.4byte	.LLST30
 1106 0456 01       		.byte	0x1
 1107 0457 A1040000 		.4byte	0x4a1
 1108 045b 10       		.uleb128 0x10
 1109 045c 7000     		.ascii	"p\000"
 1110 045e 01       		.byte	0x1
 1111 045f 9901     		.2byte	0x199
 1112 0461 42010000 		.4byte	0x142
 1113 0465 DE060000 		.4byte	.LLST31
 1114 0469 13       		.uleb128 0x13
 1115 046a 61636300 		.ascii	"acc\000"
 1116 046e 01       		.byte	0x1
 1117 046f 9B01     		.2byte	0x19b
 1118 0471 BD000000 		.4byte	0xbd
 1119 0475 18070000 		.4byte	.LLST32
 1120 0479 13       		.uleb128 0x13
 1121 047a 7100     		.ascii	"q\000"
 1122 047c 01       		.byte	0x1
 1123 047d 9C01     		.2byte	0x19c
 1124 047f 42010000 		.4byte	0x142
 1125 0483 76070000 		.4byte	.LLST33
 1126 0487 14       		.uleb128 0x14
 1127 0488 B0000000 		.4byte	.LASF32
 1128 048c 01       		.byte	0x1
 1129 048d 9D01     		.2byte	0x19d
 1130 048f A7000000 		.4byte	0xa7
 1131 0493 AD070000 		.4byte	.LLST34
 1132 0497 15       		.uleb128 0x15
 1133 0498 12000000 		.4byte	.LVL72
 1134 049c 6E010000 		.4byte	0x16e
 1135 04a0 00       		.byte	0
 1136 04a1 19       		.uleb128 0x19
 1137 04a2 01       		.byte	0x1
ARM GAS  C:\Users\jenny\AppData\Local\Temp\ccZImpv3.s 			page 21


 1138 04a3 8E000000 		.4byte	.LASF43
 1139 04a7 06       		.byte	0x6
 1140 04a8 63       		.byte	0x63
 1141 04a9 01       		.byte	0x1
 1142 04aa B2000000 		.4byte	0xb2
 1143 04ae 01       		.byte	0x1
 1144 04af B9040000 		.4byte	0x4b9
 1145 04b3 1A       		.uleb128 0x1a
 1146 04b4 B2000000 		.4byte	0xb2
 1147 04b8 00       		.byte	0
 1148 04b9 1B       		.uleb128 0x1b
 1149 04ba 01       		.byte	0x1
 1150 04bb 11020000 		.4byte	.LASF44
 1151 04bf 07       		.byte	0x7
 1152 04c0 0102     		.2byte	0x201
 1153 04c2 01       		.byte	0x1
 1154 04c3 01       		.byte	0x1
 1155 04c4 00       		.byte	0
 1156              		.section	.debug_abbrev,"",%progbits
 1157              	.Ldebug_abbrev0:
 1158 0000 01       		.uleb128 0x1
 1159 0001 11       		.uleb128 0x11
 1160 0002 01       		.byte	0x1
 1161 0003 25       		.uleb128 0x25
 1162 0004 0E       		.uleb128 0xe
 1163 0005 13       		.uleb128 0x13
 1164 0006 0B       		.uleb128 0xb
 1165 0007 03       		.uleb128 0x3
 1166 0008 0E       		.uleb128 0xe
 1167 0009 1B       		.uleb128 0x1b
 1168 000a 0E       		.uleb128 0xe
 1169 000b 55       		.uleb128 0x55
 1170 000c 06       		.uleb128 0x6
 1171 000d 11       		.uleb128 0x11
 1172 000e 01       		.uleb128 0x1
 1173 000f 52       		.uleb128 0x52
 1174 0010 01       		.uleb128 0x1
 1175 0011 10       		.uleb128 0x10
 1176 0012 06       		.uleb128 0x6
 1177 0013 00       		.byte	0
 1178 0014 00       		.byte	0
 1179 0015 02       		.uleb128 0x2
 1180 0016 24       		.uleb128 0x24
 1181 0017 00       		.byte	0
 1182 0018 0B       		.uleb128 0xb
 1183 0019 0B       		.uleb128 0xb
 1184 001a 3E       		.uleb128 0x3e
 1185 001b 0B       		.uleb128 0xb
 1186 001c 03       		.uleb128 0x3
 1187 001d 08       		.uleb128 0x8
 1188 001e 00       		.byte	0
 1189 001f 00       		.byte	0
 1190 0020 03       		.uleb128 0x3
 1191 0021 24       		.uleb128 0x24
 1192 0022 00       		.byte	0
 1193 0023 0B       		.uleb128 0xb
 1194 0024 0B       		.uleb128 0xb
ARM GAS  C:\Users\jenny\AppData\Local\Temp\ccZImpv3.s 			page 22


 1195 0025 3E       		.uleb128 0x3e
 1196 0026 0B       		.uleb128 0xb
 1197 0027 03       		.uleb128 0x3
 1198 0028 0E       		.uleb128 0xe
 1199 0029 00       		.byte	0
 1200 002a 00       		.byte	0
 1201 002b 04       		.uleb128 0x4
 1202 002c 16       		.uleb128 0x16
 1203 002d 00       		.byte	0
 1204 002e 03       		.uleb128 0x3
 1205 002f 0E       		.uleb128 0xe
 1206 0030 3A       		.uleb128 0x3a
 1207 0031 0B       		.uleb128 0xb
 1208 0032 3B       		.uleb128 0x3b
 1209 0033 0B       		.uleb128 0xb
 1210 0034 49       		.uleb128 0x49
 1211 0035 13       		.uleb128 0x13
 1212 0036 00       		.byte	0
 1213 0037 00       		.byte	0
 1214 0038 05       		.uleb128 0x5
 1215 0039 0F       		.uleb128 0xf
 1216 003a 00       		.byte	0
 1217 003b 0B       		.uleb128 0xb
 1218 003c 0B       		.uleb128 0xb
 1219 003d 00       		.byte	0
 1220 003e 00       		.byte	0
 1221 003f 06       		.uleb128 0x6
 1222 0040 13       		.uleb128 0x13
 1223 0041 01       		.byte	0x1
 1224 0042 03       		.uleb128 0x3
 1225 0043 0E       		.uleb128 0xe
 1226 0044 0B       		.uleb128 0xb
 1227 0045 0B       		.uleb128 0xb
 1228 0046 3A       		.uleb128 0x3a
 1229 0047 0B       		.uleb128 0xb
 1230 0048 3B       		.uleb128 0x3b
 1231 0049 0B       		.uleb128 0xb
 1232 004a 01       		.uleb128 0x1
 1233 004b 13       		.uleb128 0x13
 1234 004c 00       		.byte	0
 1235 004d 00       		.byte	0
 1236 004e 07       		.uleb128 0x7
 1237 004f 0D       		.uleb128 0xd
 1238 0050 00       		.byte	0
 1239 0051 03       		.uleb128 0x3
 1240 0052 0E       		.uleb128 0xe
 1241 0053 3A       		.uleb128 0x3a
 1242 0054 0B       		.uleb128 0xb
 1243 0055 3B       		.uleb128 0x3b
 1244 0056 0B       		.uleb128 0xb
 1245 0057 49       		.uleb128 0x49
 1246 0058 13       		.uleb128 0x13
 1247 0059 38       		.uleb128 0x38
 1248 005a 0A       		.uleb128 0xa
 1249 005b 00       		.byte	0
 1250 005c 00       		.byte	0
 1251 005d 08       		.uleb128 0x8
ARM GAS  C:\Users\jenny\AppData\Local\Temp\ccZImpv3.s 			page 23


 1252 005e 0D       		.uleb128 0xd
 1253 005f 00       		.byte	0
 1254 0060 03       		.uleb128 0x3
 1255 0061 08       		.uleb128 0x8
 1256 0062 3A       		.uleb128 0x3a
 1257 0063 0B       		.uleb128 0xb
 1258 0064 3B       		.uleb128 0x3b
 1259 0065 0B       		.uleb128 0xb
 1260 0066 49       		.uleb128 0x49
 1261 0067 13       		.uleb128 0x13
 1262 0068 38       		.uleb128 0x38
 1263 0069 0A       		.uleb128 0xa
 1264 006a 00       		.byte	0
 1265 006b 00       		.byte	0
 1266 006c 09       		.uleb128 0x9
 1267 006d 0F       		.uleb128 0xf
 1268 006e 00       		.byte	0
 1269 006f 0B       		.uleb128 0xb
 1270 0070 0B       		.uleb128 0xb
 1271 0071 49       		.uleb128 0x49
 1272 0072 13       		.uleb128 0x13
 1273 0073 00       		.byte	0
 1274 0074 00       		.byte	0
 1275 0075 0A       		.uleb128 0xa
 1276 0076 2E       		.uleb128 0x2e
 1277 0077 01       		.byte	0x1
 1278 0078 03       		.uleb128 0x3
 1279 0079 0E       		.uleb128 0xe
 1280 007a 3A       		.uleb128 0x3a
 1281 007b 0B       		.uleb128 0xb
 1282 007c 3B       		.uleb128 0x3b
 1283 007d 0B       		.uleb128 0xb
 1284 007e 27       		.uleb128 0x27
 1285 007f 0C       		.uleb128 0xc
 1286 0080 49       		.uleb128 0x49
 1287 0081 13       		.uleb128 0x13
 1288 0082 11       		.uleb128 0x11
 1289 0083 01       		.uleb128 0x1
 1290 0084 12       		.uleb128 0x12
 1291 0085 01       		.uleb128 0x1
 1292 0086 40       		.uleb128 0x40
 1293 0087 06       		.uleb128 0x6
 1294 0088 9742     		.uleb128 0x2117
 1295 008a 0C       		.uleb128 0xc
 1296 008b 01       		.uleb128 0x1
 1297 008c 13       		.uleb128 0x13
 1298 008d 00       		.byte	0
 1299 008e 00       		.byte	0
 1300 008f 0B       		.uleb128 0xb
 1301 0090 05       		.uleb128 0x5
 1302 0091 00       		.byte	0
 1303 0092 03       		.uleb128 0x3
 1304 0093 0E       		.uleb128 0xe
 1305 0094 3A       		.uleb128 0x3a
 1306 0095 0B       		.uleb128 0xb
 1307 0096 3B       		.uleb128 0x3b
 1308 0097 0B       		.uleb128 0xb
ARM GAS  C:\Users\jenny\AppData\Local\Temp\ccZImpv3.s 			page 24


 1309 0098 49       		.uleb128 0x49
 1310 0099 13       		.uleb128 0x13
 1311 009a 02       		.uleb128 0x2
 1312 009b 06       		.uleb128 0x6
 1313 009c 00       		.byte	0
 1314 009d 00       		.byte	0
 1315 009e 0C       		.uleb128 0xc
 1316 009f 05       		.uleb128 0x5
 1317 00a0 00       		.byte	0
 1318 00a1 03       		.uleb128 0x3
 1319 00a2 08       		.uleb128 0x8
 1320 00a3 3A       		.uleb128 0x3a
 1321 00a4 0B       		.uleb128 0xb
 1322 00a5 3B       		.uleb128 0x3b
 1323 00a6 0B       		.uleb128 0xb
 1324 00a7 49       		.uleb128 0x49
 1325 00a8 13       		.uleb128 0x13
 1326 00a9 02       		.uleb128 0x2
 1327 00aa 06       		.uleb128 0x6
 1328 00ab 00       		.byte	0
 1329 00ac 00       		.byte	0
 1330 00ad 0D       		.uleb128 0xd
 1331 00ae 34       		.uleb128 0x34
 1332 00af 00       		.byte	0
 1333 00b0 03       		.uleb128 0x3
 1334 00b1 08       		.uleb128 0x8
 1335 00b2 3A       		.uleb128 0x3a
 1336 00b3 0B       		.uleb128 0xb
 1337 00b4 3B       		.uleb128 0x3b
 1338 00b5 0B       		.uleb128 0xb
 1339 00b6 49       		.uleb128 0x49
 1340 00b7 13       		.uleb128 0x13
 1341 00b8 02       		.uleb128 0x2
 1342 00b9 06       		.uleb128 0x6
 1343 00ba 00       		.byte	0
 1344 00bb 00       		.byte	0
 1345 00bc 0E       		.uleb128 0xe
 1346 00bd 34       		.uleb128 0x34
 1347 00be 00       		.byte	0
 1348 00bf 03       		.uleb128 0x3
 1349 00c0 08       		.uleb128 0x8
 1350 00c1 3A       		.uleb128 0x3a
 1351 00c2 0B       		.uleb128 0xb
 1352 00c3 3B       		.uleb128 0x3b
 1353 00c4 0B       		.uleb128 0xb
 1354 00c5 49       		.uleb128 0x49
 1355 00c6 13       		.uleb128 0x13
 1356 00c7 02       		.uleb128 0x2
 1357 00c8 0A       		.uleb128 0xa
 1358 00c9 00       		.byte	0
 1359 00ca 00       		.byte	0
 1360 00cb 0F       		.uleb128 0xf
 1361 00cc 2E       		.uleb128 0x2e
 1362 00cd 01       		.byte	0x1
 1363 00ce 3F       		.uleb128 0x3f
 1364 00cf 0C       		.uleb128 0xc
 1365 00d0 03       		.uleb128 0x3
ARM GAS  C:\Users\jenny\AppData\Local\Temp\ccZImpv3.s 			page 25


 1366 00d1 0E       		.uleb128 0xe
 1367 00d2 3A       		.uleb128 0x3a
 1368 00d3 0B       		.uleb128 0xb
 1369 00d4 3B       		.uleb128 0x3b
 1370 00d5 05       		.uleb128 0x5
 1371 00d6 27       		.uleb128 0x27
 1372 00d7 0C       		.uleb128 0xc
 1373 00d8 49       		.uleb128 0x49
 1374 00d9 13       		.uleb128 0x13
 1375 00da 11       		.uleb128 0x11
 1376 00db 01       		.uleb128 0x1
 1377 00dc 12       		.uleb128 0x12
 1378 00dd 01       		.uleb128 0x1
 1379 00de 40       		.uleb128 0x40
 1380 00df 06       		.uleb128 0x6
 1381 00e0 9742     		.uleb128 0x2117
 1382 00e2 0C       		.uleb128 0xc
 1383 00e3 01       		.uleb128 0x1
 1384 00e4 13       		.uleb128 0x13
 1385 00e5 00       		.byte	0
 1386 00e6 00       		.byte	0
 1387 00e7 10       		.uleb128 0x10
 1388 00e8 05       		.uleb128 0x5
 1389 00e9 00       		.byte	0
 1390 00ea 03       		.uleb128 0x3
 1391 00eb 08       		.uleb128 0x8
 1392 00ec 3A       		.uleb128 0x3a
 1393 00ed 0B       		.uleb128 0xb
 1394 00ee 3B       		.uleb128 0x3b
 1395 00ef 05       		.uleb128 0x5
 1396 00f0 49       		.uleb128 0x49
 1397 00f1 13       		.uleb128 0x13
 1398 00f2 02       		.uleb128 0x2
 1399 00f3 06       		.uleb128 0x6
 1400 00f4 00       		.byte	0
 1401 00f5 00       		.byte	0
 1402 00f6 11       		.uleb128 0x11
 1403 00f7 05       		.uleb128 0x5
 1404 00f8 00       		.byte	0
 1405 00f9 03       		.uleb128 0x3
 1406 00fa 0E       		.uleb128 0xe
 1407 00fb 3A       		.uleb128 0x3a
 1408 00fc 0B       		.uleb128 0xb
 1409 00fd 3B       		.uleb128 0x3b
 1410 00fe 05       		.uleb128 0x5
 1411 00ff 49       		.uleb128 0x49
 1412 0100 13       		.uleb128 0x13
 1413 0101 02       		.uleb128 0x2
 1414 0102 06       		.uleb128 0x6
 1415 0103 00       		.byte	0
 1416 0104 00       		.byte	0
 1417 0105 12       		.uleb128 0x12
 1418 0106 05       		.uleb128 0x5
 1419 0107 00       		.byte	0
 1420 0108 03       		.uleb128 0x3
 1421 0109 0E       		.uleb128 0xe
 1422 010a 3A       		.uleb128 0x3a
ARM GAS  C:\Users\jenny\AppData\Local\Temp\ccZImpv3.s 			page 26


 1423 010b 0B       		.uleb128 0xb
 1424 010c 3B       		.uleb128 0x3b
 1425 010d 05       		.uleb128 0x5
 1426 010e 49       		.uleb128 0x49
 1427 010f 13       		.uleb128 0x13
 1428 0110 02       		.uleb128 0x2
 1429 0111 0A       		.uleb128 0xa
 1430 0112 00       		.byte	0
 1431 0113 00       		.byte	0
 1432 0114 13       		.uleb128 0x13
 1433 0115 34       		.uleb128 0x34
 1434 0116 00       		.byte	0
 1435 0117 03       		.uleb128 0x3
 1436 0118 08       		.uleb128 0x8
 1437 0119 3A       		.uleb128 0x3a
 1438 011a 0B       		.uleb128 0xb
 1439 011b 3B       		.uleb128 0x3b
 1440 011c 05       		.uleb128 0x5
 1441 011d 49       		.uleb128 0x49
 1442 011e 13       		.uleb128 0x13
 1443 011f 02       		.uleb128 0x2
 1444 0120 06       		.uleb128 0x6
 1445 0121 00       		.byte	0
 1446 0122 00       		.byte	0
 1447 0123 14       		.uleb128 0x14
 1448 0124 34       		.uleb128 0x34
 1449 0125 00       		.byte	0
 1450 0126 03       		.uleb128 0x3
 1451 0127 0E       		.uleb128 0xe
 1452 0128 3A       		.uleb128 0x3a
 1453 0129 0B       		.uleb128 0xb
 1454 012a 3B       		.uleb128 0x3b
 1455 012b 05       		.uleb128 0x5
 1456 012c 49       		.uleb128 0x49
 1457 012d 13       		.uleb128 0x13
 1458 012e 02       		.uleb128 0x2
 1459 012f 06       		.uleb128 0x6
 1460 0130 00       		.byte	0
 1461 0131 00       		.byte	0
 1462 0132 15       		.uleb128 0x15
 1463 0133 898201   		.uleb128 0x4109
 1464 0136 00       		.byte	0
 1465 0137 11       		.uleb128 0x11
 1466 0138 01       		.uleb128 0x1
 1467 0139 31       		.uleb128 0x31
 1468 013a 13       		.uleb128 0x13
 1469 013b 00       		.byte	0
 1470 013c 00       		.byte	0
 1471 013d 16       		.uleb128 0x16
 1472 013e 898201   		.uleb128 0x4109
 1473 0141 01       		.byte	0x1
 1474 0142 11       		.uleb128 0x11
 1475 0143 01       		.uleb128 0x1
 1476 0144 31       		.uleb128 0x31
 1477 0145 13       		.uleb128 0x13
 1478 0146 01       		.uleb128 0x1
 1479 0147 13       		.uleb128 0x13
ARM GAS  C:\Users\jenny\AppData\Local\Temp\ccZImpv3.s 			page 27


 1480 0148 00       		.byte	0
 1481 0149 00       		.byte	0
 1482 014a 17       		.uleb128 0x17
 1483 014b 8A8201   		.uleb128 0x410a
 1484 014e 00       		.byte	0
 1485 014f 02       		.uleb128 0x2
 1486 0150 0A       		.uleb128 0xa
 1487 0151 9142     		.uleb128 0x2111
 1488 0153 0A       		.uleb128 0xa
 1489 0154 00       		.byte	0
 1490 0155 00       		.byte	0
 1491 0156 18       		.uleb128 0x18
 1492 0157 898201   		.uleb128 0x4109
 1493 015a 01       		.byte	0x1
 1494 015b 11       		.uleb128 0x11
 1495 015c 01       		.uleb128 0x1
 1496 015d 31       		.uleb128 0x31
 1497 015e 13       		.uleb128 0x13
 1498 015f 00       		.byte	0
 1499 0160 00       		.byte	0
 1500 0161 19       		.uleb128 0x19
 1501 0162 2E       		.uleb128 0x2e
 1502 0163 01       		.byte	0x1
 1503 0164 3F       		.uleb128 0x3f
 1504 0165 0C       		.uleb128 0xc
 1505 0166 03       		.uleb128 0x3
 1506 0167 0E       		.uleb128 0xe
 1507 0168 3A       		.uleb128 0x3a
 1508 0169 0B       		.uleb128 0xb
 1509 016a 3B       		.uleb128 0x3b
 1510 016b 0B       		.uleb128 0xb
 1511 016c 27       		.uleb128 0x27
 1512 016d 0C       		.uleb128 0xc
 1513 016e 49       		.uleb128 0x49
 1514 016f 13       		.uleb128 0x13
 1515 0170 3C       		.uleb128 0x3c
 1516 0171 0C       		.uleb128 0xc
 1517 0172 01       		.uleb128 0x1
 1518 0173 13       		.uleb128 0x13
 1519 0174 00       		.byte	0
 1520 0175 00       		.byte	0
 1521 0176 1A       		.uleb128 0x1a
 1522 0177 05       		.uleb128 0x5
 1523 0178 00       		.byte	0
 1524 0179 49       		.uleb128 0x49
 1525 017a 13       		.uleb128 0x13
 1526 017b 00       		.byte	0
 1527 017c 00       		.byte	0
 1528 017d 1B       		.uleb128 0x1b
 1529 017e 2E       		.uleb128 0x2e
 1530 017f 00       		.byte	0
 1531 0180 3F       		.uleb128 0x3f
 1532 0181 0C       		.uleb128 0xc
 1533 0182 03       		.uleb128 0x3
 1534 0183 0E       		.uleb128 0xe
 1535 0184 3A       		.uleb128 0x3a
 1536 0185 0B       		.uleb128 0xb
ARM GAS  C:\Users\jenny\AppData\Local\Temp\ccZImpv3.s 			page 28


 1537 0186 3B       		.uleb128 0x3b
 1538 0187 05       		.uleb128 0x5
 1539 0188 27       		.uleb128 0x27
 1540 0189 0C       		.uleb128 0xc
 1541 018a 3C       		.uleb128 0x3c
 1542 018b 0C       		.uleb128 0xc
 1543 018c 00       		.byte	0
 1544 018d 00       		.byte	0
 1545 018e 00       		.byte	0
 1546              		.section	.debug_loc,"",%progbits
 1547              	.Ldebug_loc0:
 1548              	.LLST0:
 1549 0000 00000000 		.4byte	.LFB7
 1550 0004 02000000 		.4byte	.LCFI0
 1551 0008 0200     		.2byte	0x2
 1552 000a 7D       		.byte	0x7d
 1553 000b 00       		.sleb128 0
 1554 000c 02000000 		.4byte	.LCFI0
 1555 0010 04000000 		.4byte	.LCFI1
 1556 0014 0200     		.2byte	0x2
 1557 0016 7D       		.byte	0x7d
 1558 0017 10       		.sleb128 16
 1559 0018 04000000 		.4byte	.LCFI1
 1560 001c 98000000 		.4byte	.LFE7
 1561 0020 0200     		.2byte	0x2
 1562 0022 7D       		.byte	0x7d
 1563 0023 18       		.sleb128 24
 1564 0024 00000000 		.4byte	0
 1565 0028 00000000 		.4byte	0
 1566              	.LLST1:
 1567 002c 00000000 		.4byte	.LVL0
 1568 0030 18000000 		.4byte	.LVL3
 1569 0034 0100     		.2byte	0x1
 1570 0036 50       		.byte	0x50
 1571 0037 18000000 		.4byte	.LVL3
 1572 003b 1E000000 		.4byte	.LVL5
 1573 003f 0300     		.2byte	0x3
 1574 0041 70       		.byte	0x70
 1575 0042 7F       		.sleb128 -1
 1576 0043 9F       		.byte	0x9f
 1577 0044 1E000000 		.4byte	.LVL5
 1578 0048 98000000 		.4byte	.LFE7
 1579 004c 0400     		.2byte	0x4
 1580 004e F3       		.byte	0xf3
 1581 004f 01       		.uleb128 0x1
 1582 0050 50       		.byte	0x50
 1583 0051 9F       		.byte	0x9f
 1584 0052 00000000 		.4byte	0
 1585 0056 00000000 		.4byte	0
 1586              	.LLST2:
 1587 005a 00000000 		.4byte	.LVL0
 1588 005e 1A000000 		.4byte	.LVL4
 1589 0062 0100     		.2byte	0x1
 1590 0064 51       		.byte	0x51
 1591 0065 1A000000 		.4byte	.LVL4
 1592 0069 1E000000 		.4byte	.LVL5
 1593 006d 0300     		.2byte	0x3
ARM GAS  C:\Users\jenny\AppData\Local\Temp\ccZImpv3.s 			page 29


 1594 006f 71       		.byte	0x71
 1595 0070 01       		.sleb128 1
 1596 0071 9F       		.byte	0x9f
 1597 0072 1E000000 		.4byte	.LVL5
 1598 0076 40000000 		.4byte	.LVL7
 1599 007a 0100     		.2byte	0x1
 1600 007c 51       		.byte	0x51
 1601 007d 94000000 		.4byte	.LVL16
 1602 0081 98000000 		.4byte	.LFE7
 1603 0085 0100     		.2byte	0x1
 1604 0087 51       		.byte	0x51
 1605 0088 00000000 		.4byte	0
 1606 008c 00000000 		.4byte	0
 1607              	.LLST3:
 1608 0090 06000000 		.4byte	.LVL1
 1609 0094 18000000 		.4byte	.LVL3
 1610 0098 0100     		.2byte	0x1
 1611 009a 50       		.byte	0x50
 1612 009b 18000000 		.4byte	.LVL3
 1613 009f 1E000000 		.4byte	.LVL5
 1614 00a3 0300     		.2byte	0x3
 1615 00a5 70       		.byte	0x70
 1616 00a6 7F       		.sleb128 -1
 1617 00a7 9F       		.byte	0x9f
 1618 00a8 1E000000 		.4byte	.LVL5
 1619 00ac 60000000 		.4byte	.LVL8
 1620 00b0 0100     		.2byte	0x1
 1621 00b2 50       		.byte	0x50
 1622 00b3 94000000 		.4byte	.LVL16
 1623 00b7 98000000 		.4byte	.LFE7
 1624 00bb 0100     		.2byte	0x1
 1625 00bd 50       		.byte	0x50
 1626 00be 00000000 		.4byte	0
 1627 00c2 00000000 		.4byte	0
 1628              	.LLST4:
 1629 00c6 1E000000 		.4byte	.LVL5
 1630 00ca 40000000 		.4byte	.LVL7
 1631 00ce 0100     		.2byte	0x1
 1632 00d0 50       		.byte	0x50
 1633 00d1 94000000 		.4byte	.LVL16
 1634 00d5 98000000 		.4byte	.LFE7
 1635 00d9 0100     		.2byte	0x1
 1636 00db 50       		.byte	0x50
 1637 00dc 00000000 		.4byte	0
 1638 00e0 00000000 		.4byte	0
 1639              	.LLST5:
 1640 00e4 0E000000 		.4byte	.LVL2
 1641 00e8 72000000 		.4byte	.LVL9
 1642 00ec 0200     		.2byte	0x2
 1643 00ee 91       		.byte	0x91
 1644 00ef 6E       		.sleb128 -18
 1645 00f0 74000000 		.4byte	.LVL10
 1646 00f4 88000000 		.4byte	.LVL13
 1647 00f8 0100     		.2byte	0x1
 1648 00fa 50       		.byte	0x50
 1649 00fb 8C000000 		.4byte	.LVL14
 1650 00ff 8E000000 		.4byte	.LVL15
ARM GAS  C:\Users\jenny\AppData\Local\Temp\ccZImpv3.s 			page 30


 1651 0103 0100     		.2byte	0x1
 1652 0105 50       		.byte	0x50
 1653 0106 94000000 		.4byte	.LVL16
 1654 010a 98000000 		.4byte	.LFE7
 1655 010e 0200     		.2byte	0x2
 1656 0110 91       		.byte	0x91
 1657 0111 6E       		.sleb128 -18
 1658 0112 00000000 		.4byte	0
 1659 0116 00000000 		.4byte	0
 1660              	.LLST6:
 1661 011a 0E000000 		.4byte	.LVL2
 1662 011e 32000000 		.4byte	.LVL6
 1663 0122 0200     		.2byte	0x2
 1664 0124 30       		.byte	0x30
 1665 0125 9F       		.byte	0x9f
 1666 0126 74000000 		.4byte	.LVL10
 1667 012a 7A000000 		.4byte	.LVL11
 1668 012e 0100     		.2byte	0x1
 1669 0130 53       		.byte	0x53
 1670 0131 7A000000 		.4byte	.LVL11
 1671 0135 80000000 		.4byte	.LVL12
 1672 0139 0100     		.2byte	0x1
 1673 013b 55       		.byte	0x55
 1674 013c 80000000 		.4byte	.LVL12
 1675 0140 94000000 		.4byte	.LVL16
 1676 0144 0100     		.2byte	0x1
 1677 0146 53       		.byte	0x53
 1678 0147 94000000 		.4byte	.LVL16
 1679 014b 98000000 		.4byte	.LFE7
 1680 014f 0200     		.2byte	0x2
 1681 0151 30       		.byte	0x30
 1682 0152 9F       		.byte	0x9f
 1683 0153 00000000 		.4byte	0
 1684 0157 00000000 		.4byte	0
 1685              	.LLST7:
 1686 015b 00000000 		.4byte	.LFB8
 1687 015f 04000000 		.4byte	.LCFI2
 1688 0163 0200     		.2byte	0x2
 1689 0165 7D       		.byte	0x7d
 1690 0166 00       		.sleb128 0
 1691 0167 04000000 		.4byte	.LCFI2
 1692 016b 8E000000 		.4byte	.LFE8
 1693 016f 0200     		.2byte	0x2
 1694 0171 7D       		.byte	0x7d
 1695 0172 20       		.sleb128 32
 1696 0173 00000000 		.4byte	0
 1697 0177 00000000 		.4byte	0
 1698              	.LLST8:
 1699 017b 00000000 		.4byte	.LVL17
 1700 017f 14000000 		.4byte	.LVL18
 1701 0183 0100     		.2byte	0x1
 1702 0185 50       		.byte	0x50
 1703 0186 14000000 		.4byte	.LVL18
 1704 018a 8A000000 		.4byte	.LVL39
 1705 018e 0400     		.2byte	0x4
 1706 0190 F3       		.byte	0xf3
 1707 0191 01       		.uleb128 0x1
ARM GAS  C:\Users\jenny\AppData\Local\Temp\ccZImpv3.s 			page 31


 1708 0192 50       		.byte	0x50
 1709 0193 9F       		.byte	0x9f
 1710 0194 8A000000 		.4byte	.LVL39
 1711 0198 8E000000 		.4byte	.LFE8
 1712 019c 0100     		.2byte	0x1
 1713 019e 50       		.byte	0x50
 1714 019f 00000000 		.4byte	0
 1715 01a3 00000000 		.4byte	0
 1716              	.LLST9:
 1717 01a7 00000000 		.4byte	.LVL17
 1718 01ab 14000000 		.4byte	.LVL18
 1719 01af 0100     		.2byte	0x1
 1720 01b1 51       		.byte	0x51
 1721 01b2 14000000 		.4byte	.LVL18
 1722 01b6 8A000000 		.4byte	.LVL39
 1723 01ba 0100     		.2byte	0x1
 1724 01bc 5A       		.byte	0x5a
 1725 01bd 8A000000 		.4byte	.LVL39
 1726 01c1 8E000000 		.4byte	.LFE8
 1727 01c5 0100     		.2byte	0x1
 1728 01c7 51       		.byte	0x51
 1729 01c8 00000000 		.4byte	0
 1730 01cc 00000000 		.4byte	0
 1731              	.LLST10:
 1732 01d0 00000000 		.4byte	.LVL17
 1733 01d4 14000000 		.4byte	.LVL18
 1734 01d8 0100     		.2byte	0x1
 1735 01da 52       		.byte	0x52
 1736 01db 14000000 		.4byte	.LVL18
 1737 01df 8A000000 		.4byte	.LVL39
 1738 01e3 0100     		.2byte	0x1
 1739 01e5 59       		.byte	0x59
 1740 01e6 8A000000 		.4byte	.LVL39
 1741 01ea 8E000000 		.4byte	.LFE8
 1742 01ee 0100     		.2byte	0x1
 1743 01f0 52       		.byte	0x52
 1744 01f1 00000000 		.4byte	0
 1745 01f5 00000000 		.4byte	0
 1746              	.LLST11:
 1747 01f9 00000000 		.4byte	.LVL17
 1748 01fd 14000000 		.4byte	.LVL18
 1749 0201 0100     		.2byte	0x1
 1750 0203 53       		.byte	0x53
 1751 0204 14000000 		.4byte	.LVL18
 1752 0208 8A000000 		.4byte	.LVL39
 1753 020c 0400     		.2byte	0x4
 1754 020e F3       		.byte	0xf3
 1755 020f 01       		.uleb128 0x1
 1756 0210 53       		.byte	0x53
 1757 0211 9F       		.byte	0x9f
 1758 0212 8A000000 		.4byte	.LVL39
 1759 0216 8E000000 		.4byte	.LFE8
 1760 021a 0100     		.2byte	0x1
 1761 021c 53       		.byte	0x53
 1762 021d 00000000 		.4byte	0
 1763 0221 00000000 		.4byte	0
 1764              	.LLST12:
ARM GAS  C:\Users\jenny\AppData\Local\Temp\ccZImpv3.s 			page 32


 1765 0225 00000000 		.4byte	.LVL17
 1766 0229 14000000 		.4byte	.LVL18
 1767 022d 0200     		.2byte	0x2
 1768 022f 30       		.byte	0x30
 1769 0230 9F       		.byte	0x9f
 1770 0231 20000000 		.4byte	.LVL20
 1771 0235 26000000 		.4byte	.LVL21
 1772 0239 0100     		.2byte	0x1
 1773 023b 50       		.byte	0x50
 1774 023c 26000000 		.4byte	.LVL21
 1775 0240 48000000 		.4byte	.LVL25
 1776 0244 0100     		.2byte	0x1
 1777 0246 55       		.byte	0x55
 1778 0247 4C000000 		.4byte	.LVL26
 1779 024b 50000000 		.4byte	.LVL27
 1780 024f 0100     		.2byte	0x1
 1781 0251 55       		.byte	0x55
 1782 0252 50000000 		.4byte	.LVL27
 1783 0256 54000000 		.4byte	.LVL28
 1784 025a 0F00     		.2byte	0xf
 1785 025c 72       		.byte	0x72
 1786 025d 00       		.sleb128 0
 1787 025e 0A       		.byte	0xa
 1788 025f FFFF     		.2byte	0xffff
 1789 0261 1A       		.byte	0x1a
 1790 0262 75       		.byte	0x75
 1791 0263 00       		.sleb128 0
 1792 0264 22       		.byte	0x22
 1793 0265 72       		.byte	0x72
 1794 0266 00       		.sleb128 0
 1795 0267 40       		.byte	0x40
 1796 0268 25       		.byte	0x25
 1797 0269 22       		.byte	0x22
 1798 026a 9F       		.byte	0x9f
 1799 026b 54000000 		.4byte	.LVL28
 1800 026f 5E000000 		.4byte	.LVL29
 1801 0273 1600     		.2byte	0x16
 1802 0275 73       		.byte	0x73
 1803 0276 00       		.sleb128 0
 1804 0277 0A       		.byte	0xa
 1805 0278 FFFF     		.2byte	0xffff
 1806 027a 1A       		.byte	0x1a
 1807 027b 72       		.byte	0x72
 1808 027c 00       		.sleb128 0
 1809 027d 0A       		.byte	0xa
 1810 027e FFFF     		.2byte	0xffff
 1811 0280 1A       		.byte	0x1a
 1812 0281 75       		.byte	0x75
 1813 0282 00       		.sleb128 0
 1814 0283 22       		.byte	0x22
 1815 0284 72       		.byte	0x72
 1816 0285 00       		.sleb128 0
 1817 0286 40       		.byte	0x40
 1818 0287 25       		.byte	0x25
 1819 0288 22       		.byte	0x22
 1820 0289 22       		.byte	0x22
 1821 028a 9F       		.byte	0x9f
ARM GAS  C:\Users\jenny\AppData\Local\Temp\ccZImpv3.s 			page 33


 1822 028b 5E000000 		.4byte	.LVL29
 1823 028f 62000000 		.4byte	.LVL30
 1824 0293 1800     		.2byte	0x18
 1825 0295 73       		.byte	0x73
 1826 0296 00       		.sleb128 0
 1827 0297 0A       		.byte	0xa
 1828 0298 FFFF     		.2byte	0xffff
 1829 029a 1A       		.byte	0x1a
 1830 029b 7A       		.byte	0x7a
 1831 029c 00       		.sleb128 0
 1832 029d 06       		.byte	0x6
 1833 029e 0A       		.byte	0xa
 1834 029f FFFF     		.2byte	0xffff
 1835 02a1 1A       		.byte	0x1a
 1836 02a2 75       		.byte	0x75
 1837 02a3 00       		.sleb128 0
 1838 02a4 22       		.byte	0x22
 1839 02a5 7A       		.byte	0x7a
 1840 02a6 00       		.sleb128 0
 1841 02a7 06       		.byte	0x6
 1842 02a8 40       		.byte	0x40
 1843 02a9 25       		.byte	0x25
 1844 02aa 22       		.byte	0x22
 1845 02ab 22       		.byte	0x22
 1846 02ac 9F       		.byte	0x9f
 1847 02ad 62000000 		.4byte	.LVL30
 1848 02b1 66000000 		.4byte	.LVL31
 1849 02b5 1900     		.2byte	0x19
 1850 02b7 79       		.byte	0x79
 1851 02b8 00       		.sleb128 0
 1852 02b9 06       		.byte	0x6
 1853 02ba 0A       		.byte	0xa
 1854 02bb FFFF     		.2byte	0xffff
 1855 02bd 1A       		.byte	0x1a
 1856 02be 7A       		.byte	0x7a
 1857 02bf 00       		.sleb128 0
 1858 02c0 06       		.byte	0x6
 1859 02c1 0A       		.byte	0xa
 1860 02c2 FFFF     		.2byte	0xffff
 1861 02c4 1A       		.byte	0x1a
 1862 02c5 75       		.byte	0x75
 1863 02c6 00       		.sleb128 0
 1864 02c7 22       		.byte	0x22
 1865 02c8 7A       		.byte	0x7a
 1866 02c9 00       		.sleb128 0
 1867 02ca 06       		.byte	0x6
 1868 02cb 40       		.byte	0x40
 1869 02cc 25       		.byte	0x25
 1870 02cd 22       		.byte	0x22
 1871 02ce 22       		.byte	0x22
 1872 02cf 9F       		.byte	0x9f
 1873 02d0 66000000 		.4byte	.LVL31
 1874 02d4 76000000 		.4byte	.LVL35
 1875 02d8 0100     		.2byte	0x1
 1876 02da 55       		.byte	0x55
 1877 02db 76000000 		.4byte	.LVL35
 1878 02df 7C000000 		.4byte	.LVL36
ARM GAS  C:\Users\jenny\AppData\Local\Temp\ccZImpv3.s 			page 34


 1879 02e3 0100     		.2byte	0x1
 1880 02e5 51       		.byte	0x51
 1881 02e6 7C000000 		.4byte	.LVL36
 1882 02ea 7E000000 		.4byte	.LVL37
 1883 02ee 0100     		.2byte	0x1
 1884 02f0 52       		.byte	0x52
 1885 02f1 7E000000 		.4byte	.LVL37
 1886 02f5 82000000 		.4byte	.LVL38
 1887 02f9 0800     		.2byte	0x8
 1888 02fb 72       		.byte	0x72
 1889 02fc 00       		.sleb128 0
 1890 02fd 40       		.byte	0x40
 1891 02fe 25       		.byte	0x25
 1892 02ff 73       		.byte	0x73
 1893 0300 00       		.sleb128 0
 1894 0301 22       		.byte	0x22
 1895 0302 9F       		.byte	0x9f
 1896 0303 82000000 		.4byte	.LVL38
 1897 0307 8A000000 		.4byte	.LVL39
 1898 030b 0100     		.2byte	0x1
 1899 030d 51       		.byte	0x51
 1900 030e 8A000000 		.4byte	.LVL39
 1901 0312 8E000000 		.4byte	.LFE8
 1902 0316 0200     		.2byte	0x2
 1903 0318 30       		.byte	0x30
 1904 0319 9F       		.byte	0x9f
 1905 031a 00000000 		.4byte	0
 1906 031e 00000000 		.4byte	0
 1907              	.LLST13:
 1908 0322 50000000 		.4byte	.LVL27
 1909 0326 54000000 		.4byte	.LVL28
 1910 032a 0100     		.2byte	0x1
 1911 032c 52       		.byte	0x52
 1912 032d 54000000 		.4byte	.LVL28
 1913 0331 62000000 		.4byte	.LVL30
 1914 0335 0100     		.2byte	0x1
 1915 0337 53       		.byte	0x53
 1916 0338 62000000 		.4byte	.LVL30
 1917 033c 69000000 		.4byte	.LVL32-1
 1918 0340 0200     		.2byte	0x2
 1919 0342 79       		.byte	0x79
 1920 0343 00       		.sleb128 0
 1921 0344 00000000 		.4byte	0
 1922 0348 00000000 		.4byte	0
 1923              	.LLST14:
 1924 034c 00000000 		.4byte	.LVL17
 1925 0350 14000000 		.4byte	.LVL18
 1926 0354 0100     		.2byte	0x1
 1927 0356 50       		.byte	0x50
 1928 0357 14000000 		.4byte	.LVL18
 1929 035b 4C000000 		.4byte	.LVL26
 1930 035f 0100     		.2byte	0x1
 1931 0361 54       		.byte	0x54
 1932 0362 8A000000 		.4byte	.LVL39
 1933 0366 8E000000 		.4byte	.LFE8
 1934 036a 0100     		.2byte	0x1
 1935 036c 50       		.byte	0x50
ARM GAS  C:\Users\jenny\AppData\Local\Temp\ccZImpv3.s 			page 35


 1936 036d 00000000 		.4byte	0
 1937 0371 00000000 		.4byte	0
 1938              	.LLST15:
 1939 0375 00000000 		.4byte	.LVL17
 1940 0379 14000000 		.4byte	.LVL18
 1941 037d 0200     		.2byte	0x2
 1942 037f 30       		.byte	0x30
 1943 0380 9F       		.byte	0x9f
 1944 0381 36000000 		.4byte	.LVL22
 1945 0385 4C000000 		.4byte	.LVL26
 1946 0389 0100     		.2byte	0x1
 1947 038b 57       		.byte	0x57
 1948 038c 8A000000 		.4byte	.LVL39
 1949 0390 8E000000 		.4byte	.LFE8
 1950 0394 0200     		.2byte	0x2
 1951 0396 30       		.byte	0x30
 1952 0397 9F       		.byte	0x9f
 1953 0398 00000000 		.4byte	0
 1954 039c 00000000 		.4byte	0
 1955              	.LLST16:
 1956 03a0 00000000 		.4byte	.LFB9
 1957 03a4 04000000 		.4byte	.LCFI3
 1958 03a8 0200     		.2byte	0x2
 1959 03aa 7D       		.byte	0x7d
 1960 03ab 00       		.sleb128 0
 1961 03ac 04000000 		.4byte	.LCFI3
 1962 03b0 06000000 		.4byte	.LCFI4
 1963 03b4 0200     		.2byte	0x2
 1964 03b6 7D       		.byte	0x7d
 1965 03b7 24       		.sleb128 36
 1966 03b8 06000000 		.4byte	.LCFI4
 1967 03bc BE000000 		.4byte	.LFE9
 1968 03c0 0200     		.2byte	0x2
 1969 03c2 7D       		.byte	0x7d
 1970 03c3 30       		.sleb128 48
 1971 03c4 00000000 		.4byte	0
 1972 03c8 00000000 		.4byte	0
 1973              	.LLST17:
 1974 03cc 00000000 		.4byte	.LVL40
 1975 03d0 24000000 		.4byte	.LVL41
 1976 03d4 0100     		.2byte	0x1
 1977 03d6 50       		.byte	0x50
 1978 03d7 24000000 		.4byte	.LVL41
 1979 03db B6000000 		.4byte	.LVL67
 1980 03df 0400     		.2byte	0x4
 1981 03e1 F3       		.byte	0xf3
 1982 03e2 01       		.uleb128 0x1
 1983 03e3 50       		.byte	0x50
 1984 03e4 9F       		.byte	0x9f
 1985 03e5 B6000000 		.4byte	.LVL67
 1986 03e9 BE000000 		.4byte	.LFE9
 1987 03ed 0100     		.2byte	0x1
 1988 03ef 50       		.byte	0x50
 1989 03f0 00000000 		.4byte	0
 1990 03f4 00000000 		.4byte	0
 1991              	.LLST18:
 1992 03f8 00000000 		.4byte	.LVL40
ARM GAS  C:\Users\jenny\AppData\Local\Temp\ccZImpv3.s 			page 36


 1993 03fc 24000000 		.4byte	.LVL41
 1994 0400 0100     		.2byte	0x1
 1995 0402 51       		.byte	0x51
 1996 0403 24000000 		.4byte	.LVL41
 1997 0407 B6000000 		.4byte	.LVL67
 1998 040b 0100     		.2byte	0x1
 1999 040d 5B       		.byte	0x5b
 2000 040e B6000000 		.4byte	.LVL67
 2001 0412 BE000000 		.4byte	.LFE9
 2002 0416 0100     		.2byte	0x1
 2003 0418 51       		.byte	0x51
 2004 0419 00000000 		.4byte	0
 2005 041d 00000000 		.4byte	0
 2006              	.LLST19:
 2007 0421 00000000 		.4byte	.LVL40
 2008 0425 24000000 		.4byte	.LVL41
 2009 0429 0100     		.2byte	0x1
 2010 042b 52       		.byte	0x52
 2011 042c 24000000 		.4byte	.LVL41
 2012 0430 B6000000 		.4byte	.LVL67
 2013 0434 0100     		.2byte	0x1
 2014 0436 5A       		.byte	0x5a
 2015 0437 B6000000 		.4byte	.LVL67
 2016 043b BE000000 		.4byte	.LFE9
 2017 043f 0100     		.2byte	0x1
 2018 0441 52       		.byte	0x52
 2019 0442 00000000 		.4byte	0
 2020 0446 00000000 		.4byte	0
 2021              	.LLST20:
 2022 044a 00000000 		.4byte	.LVL40
 2023 044e 24000000 		.4byte	.LVL41
 2024 0452 0100     		.2byte	0x1
 2025 0454 53       		.byte	0x53
 2026 0455 24000000 		.4byte	.LVL41
 2027 0459 B6000000 		.4byte	.LVL67
 2028 045d 0400     		.2byte	0x4
 2029 045f F3       		.byte	0xf3
 2030 0460 01       		.uleb128 0x1
 2031 0461 53       		.byte	0x53
 2032 0462 9F       		.byte	0x9f
 2033 0463 B6000000 		.4byte	.LVL67
 2034 0467 BE000000 		.4byte	.LFE9
 2035 046b 0100     		.2byte	0x1
 2036 046d 53       		.byte	0x53
 2037 046e 00000000 		.4byte	0
 2038 0472 00000000 		.4byte	0
 2039              	.LLST21:
 2040 0476 00000000 		.4byte	.LVL40
 2041 047a 24000000 		.4byte	.LVL41
 2042 047e 0200     		.2byte	0x2
 2043 0480 91       		.byte	0x91
 2044 0481 04       		.sleb128 4
 2045 0482 24000000 		.4byte	.LVL41
 2046 0486 46000000 		.4byte	.LVL46
 2047 048a 0100     		.2byte	0x1
 2048 048c 55       		.byte	0x55
 2049 048d 62000000 		.4byte	.LVL50
ARM GAS  C:\Users\jenny\AppData\Local\Temp\ccZImpv3.s 			page 37


 2050 0491 76000000 		.4byte	.LVL54
 2051 0495 0100     		.2byte	0x1
 2052 0497 55       		.byte	0x55
 2053 0498 B6000000 		.4byte	.LVL67
 2054 049c BE000000 		.4byte	.LFE9
 2055 04a0 0200     		.2byte	0x2
 2056 04a2 91       		.byte	0x91
 2057 04a3 04       		.sleb128 4
 2058 04a4 00000000 		.4byte	0
 2059 04a8 00000000 		.4byte	0
 2060              	.LLST22:
 2061 04ac 00000000 		.4byte	.LVL40
 2062 04b0 24000000 		.4byte	.LVL41
 2063 04b4 0200     		.2byte	0x2
 2064 04b6 30       		.byte	0x30
 2065 04b7 9F       		.byte	0x9f
 2066 04b8 24000000 		.4byte	.LVL41
 2067 04bc 46000000 		.4byte	.LVL46
 2068 04c0 0100     		.2byte	0x1
 2069 04c2 56       		.byte	0x56
 2070 04c3 62000000 		.4byte	.LVL50
 2071 04c7 72000000 		.4byte	.LVL53
 2072 04cb 0100     		.2byte	0x1
 2073 04cd 56       		.byte	0x56
 2074 04ce 76000000 		.4byte	.LVL54
 2075 04d2 7A000000 		.4byte	.LVL55
 2076 04d6 0100     		.2byte	0x1
 2077 04d8 56       		.byte	0x56
 2078 04d9 7A000000 		.4byte	.LVL55
 2079 04dd 7E000000 		.4byte	.LVL56
 2080 04e1 0F00     		.2byte	0xf
 2081 04e3 72       		.byte	0x72
 2082 04e4 00       		.sleb128 0
 2083 04e5 0A       		.byte	0xa
 2084 04e6 FFFF     		.2byte	0xffff
 2085 04e8 1A       		.byte	0x1a
 2086 04e9 76       		.byte	0x76
 2087 04ea 00       		.sleb128 0
 2088 04eb 22       		.byte	0x22
 2089 04ec 72       		.byte	0x72
 2090 04ed 00       		.sleb128 0
 2091 04ee 40       		.byte	0x40
 2092 04ef 25       		.byte	0x25
 2093 04f0 22       		.byte	0x22
 2094 04f1 9F       		.byte	0x9f
 2095 04f2 7E000000 		.4byte	.LVL56
 2096 04f6 88000000 		.4byte	.LVL57
 2097 04fa 1600     		.2byte	0x16
 2098 04fc 73       		.byte	0x73
 2099 04fd 00       		.sleb128 0
 2100 04fe 0A       		.byte	0xa
 2101 04ff FFFF     		.2byte	0xffff
 2102 0501 1A       		.byte	0x1a
 2103 0502 72       		.byte	0x72
 2104 0503 00       		.sleb128 0
 2105 0504 0A       		.byte	0xa
 2106 0505 FFFF     		.2byte	0xffff
ARM GAS  C:\Users\jenny\AppData\Local\Temp\ccZImpv3.s 			page 38


 2107 0507 1A       		.byte	0x1a
 2108 0508 76       		.byte	0x76
 2109 0509 00       		.sleb128 0
 2110 050a 22       		.byte	0x22
 2111 050b 72       		.byte	0x72
 2112 050c 00       		.sleb128 0
 2113 050d 40       		.byte	0x40
 2114 050e 25       		.byte	0x25
 2115 050f 22       		.byte	0x22
 2116 0510 22       		.byte	0x22
 2117 0511 9F       		.byte	0x9f
 2118 0512 88000000 		.4byte	.LVL57
 2119 0516 8C000000 		.4byte	.LVL58
 2120 051a 1800     		.2byte	0x18
 2121 051c 73       		.byte	0x73
 2122 051d 00       		.sleb128 0
 2123 051e 0A       		.byte	0xa
 2124 051f FFFF     		.2byte	0xffff
 2125 0521 1A       		.byte	0x1a
 2126 0522 7B       		.byte	0x7b
 2127 0523 00       		.sleb128 0
 2128 0524 06       		.byte	0x6
 2129 0525 0A       		.byte	0xa
 2130 0526 FFFF     		.2byte	0xffff
 2131 0528 1A       		.byte	0x1a
 2132 0529 76       		.byte	0x76
 2133 052a 00       		.sleb128 0
 2134 052b 22       		.byte	0x22
 2135 052c 7B       		.byte	0x7b
 2136 052d 00       		.sleb128 0
 2137 052e 06       		.byte	0x6
 2138 052f 40       		.byte	0x40
 2139 0530 25       		.byte	0x25
 2140 0531 22       		.byte	0x22
 2141 0532 22       		.byte	0x22
 2142 0533 9F       		.byte	0x9f
 2143 0534 8C000000 		.4byte	.LVL58
 2144 0538 90000000 		.4byte	.LVL59
 2145 053c 1900     		.2byte	0x19
 2146 053e 7A       		.byte	0x7a
 2147 053f 00       		.sleb128 0
 2148 0540 06       		.byte	0x6
 2149 0541 0A       		.byte	0xa
 2150 0542 FFFF     		.2byte	0xffff
 2151 0544 1A       		.byte	0x1a
 2152 0545 7B       		.byte	0x7b
 2153 0546 00       		.sleb128 0
 2154 0547 06       		.byte	0x6
 2155 0548 0A       		.byte	0xa
 2156 0549 FFFF     		.2byte	0xffff
 2157 054b 1A       		.byte	0x1a
 2158 054c 76       		.byte	0x76
 2159 054d 00       		.sleb128 0
 2160 054e 22       		.byte	0x22
 2161 054f 7B       		.byte	0x7b
 2162 0550 00       		.sleb128 0
 2163 0551 06       		.byte	0x6
ARM GAS  C:\Users\jenny\AppData\Local\Temp\ccZImpv3.s 			page 39


 2164 0552 40       		.byte	0x40
 2165 0553 25       		.byte	0x25
 2166 0554 22       		.byte	0x22
 2167 0555 22       		.byte	0x22
 2168 0556 9F       		.byte	0x9f
 2169 0557 90000000 		.4byte	.LVL59
 2170 055b A0000000 		.4byte	.LVL63
 2171 055f 0100     		.2byte	0x1
 2172 0561 56       		.byte	0x56
 2173 0562 A0000000 		.4byte	.LVL63
 2174 0566 A6000000 		.4byte	.LVL64
 2175 056a 0100     		.2byte	0x1
 2176 056c 51       		.byte	0x51
 2177 056d A6000000 		.4byte	.LVL64
 2178 0571 A8000000 		.4byte	.LVL65
 2179 0575 0100     		.2byte	0x1
 2180 0577 52       		.byte	0x52
 2181 0578 A8000000 		.4byte	.LVL65
 2182 057c AC000000 		.4byte	.LVL66
 2183 0580 0800     		.2byte	0x8
 2184 0582 72       		.byte	0x72
 2185 0583 00       		.sleb128 0
 2186 0584 40       		.byte	0x40
 2187 0585 25       		.byte	0x25
 2188 0586 73       		.byte	0x73
 2189 0587 00       		.sleb128 0
 2190 0588 22       		.byte	0x22
 2191 0589 9F       		.byte	0x9f
 2192 058a AC000000 		.4byte	.LVL66
 2193 058e B6000000 		.4byte	.LVL67
 2194 0592 0100     		.2byte	0x1
 2195 0594 51       		.byte	0x51
 2196 0595 B6000000 		.4byte	.LVL67
 2197 0599 BE000000 		.4byte	.LFE9
 2198 059d 0200     		.2byte	0x2
 2199 059f 30       		.byte	0x30
 2200 05a0 9F       		.byte	0x9f
 2201 05a1 00000000 		.4byte	0
 2202 05a5 00000000 		.4byte	0
 2203              	.LLST23:
 2204 05a9 7A000000 		.4byte	.LVL55
 2205 05ad 7E000000 		.4byte	.LVL56
 2206 05b1 0100     		.2byte	0x1
 2207 05b3 52       		.byte	0x52
 2208 05b4 7E000000 		.4byte	.LVL56
 2209 05b8 8C000000 		.4byte	.LVL58
 2210 05bc 0100     		.2byte	0x1
 2211 05be 53       		.byte	0x53
 2212 05bf 8C000000 		.4byte	.LVL58
 2213 05c3 93000000 		.4byte	.LVL60-1
 2214 05c7 0200     		.2byte	0x2
 2215 05c9 7A       		.byte	0x7a
 2216 05ca 00       		.sleb128 0
 2217 05cb 00000000 		.4byte	0
 2218 05cf 00000000 		.4byte	0
 2219              	.LLST24:
 2220 05d3 00000000 		.4byte	.LVL40
ARM GAS  C:\Users\jenny\AppData\Local\Temp\ccZImpv3.s 			page 40


 2221 05d7 24000000 		.4byte	.LVL41
 2222 05db 0100     		.2byte	0x1
 2223 05dd 50       		.byte	0x50
 2224 05de 24000000 		.4byte	.LVL41
 2225 05e2 76000000 		.4byte	.LVL54
 2226 05e6 0100     		.2byte	0x1
 2227 05e8 54       		.byte	0x54
 2228 05e9 B6000000 		.4byte	.LVL67
 2229 05ed BE000000 		.4byte	.LFE9
 2230 05f1 0100     		.2byte	0x1
 2231 05f3 50       		.byte	0x50
 2232 05f4 00000000 		.4byte	0
 2233 05f8 00000000 		.4byte	0
 2234              	.LLST25:
 2235 05fc 00000000 		.4byte	.LVL40
 2236 0600 24000000 		.4byte	.LVL41
 2237 0604 0200     		.2byte	0x2
 2238 0606 30       		.byte	0x30
 2239 0607 9F       		.byte	0x9f
 2240 0608 3C000000 		.4byte	.LVL43
 2241 060c 46000000 		.4byte	.LVL46
 2242 0610 0100     		.2byte	0x1
 2243 0612 57       		.byte	0x57
 2244 0613 6A000000 		.4byte	.LVL52
 2245 0617 76000000 		.4byte	.LVL54
 2246 061b 0100     		.2byte	0x1
 2247 061d 57       		.byte	0x57
 2248 061e B6000000 		.4byte	.LVL67
 2249 0622 BE000000 		.4byte	.LFE9
 2250 0626 0200     		.2byte	0x2
 2251 0628 30       		.byte	0x30
 2252 0629 9F       		.byte	0x9f
 2253 062a 00000000 		.4byte	0
 2254 062e 00000000 		.4byte	0
 2255              	.LLST26:
 2256 0632 24000000 		.4byte	.LVL41
 2257 0636 46000000 		.4byte	.LVL46
 2258 063a 0100     		.2byte	0x1
 2259 063c 59       		.byte	0x59
 2260 063d 48000000 		.4byte	.LVL47
 2261 0641 52000000 		.4byte	.LVL48
 2262 0645 0200     		.2byte	0x2
 2263 0647 74       		.byte	0x74
 2264 0648 0A       		.sleb128 10
 2265 0649 52000000 		.4byte	.LVL48
 2266 064d 76000000 		.4byte	.LVL54
 2267 0651 0100     		.2byte	0x1
 2268 0653 59       		.byte	0x59
 2269 0654 00000000 		.4byte	0
 2270 0658 00000000 		.4byte	0
 2271              	.LLST27:
 2272 065c 00000000 		.4byte	.LFB10
 2273 0660 02000000 		.4byte	.LCFI5
 2274 0664 0200     		.2byte	0x2
 2275 0666 7D       		.byte	0x7d
 2276 0667 00       		.sleb128 0
 2277 0668 02000000 		.4byte	.LCFI5
ARM GAS  C:\Users\jenny\AppData\Local\Temp\ccZImpv3.s 			page 41


 2278 066c 0C000000 		.4byte	.LFE10
 2279 0670 0200     		.2byte	0x2
 2280 0672 7D       		.byte	0x7d
 2281 0673 08       		.sleb128 8
 2282 0674 00000000 		.4byte	0
 2283 0678 00000000 		.4byte	0
 2284              	.LLST28:
 2285 067c 00000000 		.4byte	.LVL68
 2286 0680 05000000 		.4byte	.LVL69-1
 2287 0684 0100     		.2byte	0x1
 2288 0686 50       		.byte	0x50
 2289 0687 05000000 		.4byte	.LVL69-1
 2290 068b 0C000000 		.4byte	.LFE10
 2291 068f 0400     		.2byte	0x4
 2292 0691 F3       		.byte	0xf3
 2293 0692 01       		.uleb128 0x1
 2294 0693 50       		.byte	0x50
 2295 0694 9F       		.byte	0x9f
 2296 0695 00000000 		.4byte	0
 2297 0699 00000000 		.4byte	0
 2298              	.LLST29:
 2299 069d 00000000 		.4byte	.LVL68
 2300 06a1 05000000 		.4byte	.LVL69-1
 2301 06a5 0100     		.2byte	0x1
 2302 06a7 51       		.byte	0x51
 2303 06a8 05000000 		.4byte	.LVL69-1
 2304 06ac 0C000000 		.4byte	.LFE10
 2305 06b0 0400     		.2byte	0x4
 2306 06b2 F3       		.byte	0xf3
 2307 06b3 01       		.uleb128 0x1
 2308 06b4 51       		.byte	0x51
 2309 06b5 9F       		.byte	0x9f
 2310 06b6 00000000 		.4byte	0
 2311 06ba 00000000 		.4byte	0
 2312              	.LLST30:
 2313 06be 00000000 		.4byte	.LFB11
 2314 06c2 02000000 		.4byte	.LCFI6
 2315 06c6 0200     		.2byte	0x2
 2316 06c8 7D       		.byte	0x7d
 2317 06c9 00       		.sleb128 0
 2318 06ca 02000000 		.4byte	.LCFI6
 2319 06ce 54000000 		.4byte	.LFE11
 2320 06d2 0200     		.2byte	0x2
 2321 06d4 7D       		.byte	0x7d
 2322 06d5 10       		.sleb128 16
 2323 06d6 00000000 		.4byte	0
 2324 06da 00000000 		.4byte	0
 2325              	.LLST31:
 2326 06de 00000000 		.4byte	.LVL70
 2327 06e2 0A000000 		.4byte	.LVL71
 2328 06e6 0100     		.2byte	0x1
 2329 06e8 50       		.byte	0x50
 2330 06e9 0A000000 		.4byte	.LVL71
 2331 06ed 4E000000 		.4byte	.LVL81
 2332 06f1 0400     		.2byte	0x4
 2333 06f3 F3       		.byte	0xf3
 2334 06f4 01       		.uleb128 0x1
ARM GAS  C:\Users\jenny\AppData\Local\Temp\ccZImpv3.s 			page 42


 2335 06f5 50       		.byte	0x50
 2336 06f6 9F       		.byte	0x9f
 2337 06f7 4E000000 		.4byte	.LVL81
 2338 06fb 52000000 		.4byte	.LVL82
 2339 06ff 0100     		.2byte	0x1
 2340 0701 50       		.byte	0x50
 2341 0702 52000000 		.4byte	.LVL82
 2342 0706 54000000 		.4byte	.LFE11
 2343 070a 0400     		.2byte	0x4
 2344 070c F3       		.byte	0xf3
 2345 070d 01       		.uleb128 0x1
 2346 070e 50       		.byte	0x50
 2347 070f 9F       		.byte	0x9f
 2348 0710 00000000 		.4byte	0
 2349 0714 00000000 		.4byte	0
 2350              	.LLST32:
 2351 0718 00000000 		.4byte	.LVL70
 2352 071c 0A000000 		.4byte	.LVL71
 2353 0720 0200     		.2byte	0x2
 2354 0722 30       		.byte	0x30
 2355 0723 9F       		.byte	0x9f
 2356 0724 16000000 		.4byte	.LVL73
 2357 0728 1E000000 		.4byte	.LVL74
 2358 072c 0100     		.2byte	0x1
 2359 072e 50       		.byte	0x50
 2360 072f 1E000000 		.4byte	.LVL74
 2361 0733 3E000000 		.4byte	.LVL78
 2362 0737 0100     		.2byte	0x1
 2363 0739 55       		.byte	0x55
 2364 073a 3E000000 		.4byte	.LVL78
 2365 073e 42000000 		.4byte	.LVL79
 2366 0742 0800     		.2byte	0x8
 2367 0744 70       		.byte	0x70
 2368 0745 00       		.sleb128 0
 2369 0746 40       		.byte	0x40
 2370 0747 25       		.byte	0x25
 2371 0748 75       		.byte	0x75
 2372 0749 00       		.sleb128 0
 2373 074a 21       		.byte	0x21
 2374 074b 9F       		.byte	0x9f
 2375 074c 42000000 		.4byte	.LVL79
 2376 0750 48000000 		.4byte	.LVL80
 2377 0754 0100     		.2byte	0x1
 2378 0756 51       		.byte	0x51
 2379 0757 48000000 		.4byte	.LVL80
 2380 075b 4E000000 		.4byte	.LVL81
 2381 075f 0100     		.2byte	0x1
 2382 0761 55       		.byte	0x55
 2383 0762 4E000000 		.4byte	.LVL81
 2384 0766 52000000 		.4byte	.LVL82
 2385 076a 0200     		.2byte	0x2
 2386 076c 30       		.byte	0x30
 2387 076d 9F       		.byte	0x9f
 2388 076e 00000000 		.4byte	0
 2389 0772 00000000 		.4byte	0
 2390              	.LLST33:
 2391 0776 00000000 		.4byte	.LVL70
ARM GAS  C:\Users\jenny\AppData\Local\Temp\ccZImpv3.s 			page 43


 2392 077a 0A000000 		.4byte	.LVL71
 2393 077e 0100     		.2byte	0x1
 2394 0780 50       		.byte	0x50
 2395 0781 0A000000 		.4byte	.LVL71
 2396 0785 4E000000 		.4byte	.LVL81
 2397 0789 0100     		.2byte	0x1
 2398 078b 54       		.byte	0x54
 2399 078c 4E000000 		.4byte	.LVL81
 2400 0790 52000000 		.4byte	.LVL82
 2401 0794 0100     		.2byte	0x1
 2402 0796 50       		.byte	0x50
 2403 0797 52000000 		.4byte	.LVL82
 2404 079b 54000000 		.4byte	.LFE11
 2405 079f 0400     		.2byte	0x4
 2406 07a1 F3       		.byte	0xf3
 2407 07a2 01       		.uleb128 0x1
 2408 07a3 50       		.byte	0x50
 2409 07a4 9F       		.byte	0x9f
 2410 07a5 00000000 		.4byte	0
 2411 07a9 00000000 		.4byte	0
 2412              	.LLST34:
 2413 07ad 00000000 		.4byte	.LVL70
 2414 07b1 0A000000 		.4byte	.LVL71
 2415 07b5 0200     		.2byte	0x2
 2416 07b7 30       		.byte	0x30
 2417 07b8 9F       		.byte	0x9f
 2418 07b9 2C000000 		.4byte	.LVL75
 2419 07bd 4E000000 		.4byte	.LVL81
 2420 07c1 0100     		.2byte	0x1
 2421 07c3 56       		.byte	0x56
 2422 07c4 4E000000 		.4byte	.LVL81
 2423 07c8 54000000 		.4byte	.LFE11
 2424 07cc 0200     		.2byte	0x2
 2425 07ce 30       		.byte	0x30
 2426 07cf 9F       		.byte	0x9f
 2427 07d0 00000000 		.4byte	0
 2428 07d4 00000000 		.4byte	0
 2429              		.section	.debug_aranges,"",%progbits
 2430 0000 3C000000 		.4byte	0x3c
 2431 0004 0200     		.2byte	0x2
 2432 0006 00000000 		.4byte	.Ldebug_info0
 2433 000a 04       		.byte	0x4
 2434 000b 00       		.byte	0
 2435 000c 0000     		.2byte	0
 2436 000e 0000     		.2byte	0
 2437 0010 00000000 		.4byte	.LFB7
 2438 0014 98000000 		.4byte	.LFE7-.LFB7
 2439 0018 00000000 		.4byte	.LFB8
 2440 001c 8E000000 		.4byte	.LFE8-.LFB8
 2441 0020 00000000 		.4byte	.LFB9
 2442 0024 BE000000 		.4byte	.LFE9-.LFB9
 2443 0028 00000000 		.4byte	.LFB10
 2444 002c 0C000000 		.4byte	.LFE10-.LFB10
 2445 0030 00000000 		.4byte	.LFB11
 2446 0034 54000000 		.4byte	.LFE11-.LFB11
 2447 0038 00000000 		.4byte	0
 2448 003c 00000000 		.4byte	0
ARM GAS  C:\Users\jenny\AppData\Local\Temp\ccZImpv3.s 			page 44


 2449              		.section	.debug_ranges,"",%progbits
 2450              	.Ldebug_ranges0:
 2451 0000 00000000 		.4byte	.LFB7
 2452 0004 98000000 		.4byte	.LFE7
 2453 0008 00000000 		.4byte	.LFB8
 2454 000c 8E000000 		.4byte	.LFE8
 2455 0010 00000000 		.4byte	.LFB9
 2456 0014 BE000000 		.4byte	.LFE9
 2457 0018 00000000 		.4byte	.LFB10
 2458 001c 0C000000 		.4byte	.LFE10
 2459 0020 00000000 		.4byte	.LFB11
 2460 0024 54000000 		.4byte	.LFE11
 2461 0028 00000000 		.4byte	0
 2462 002c 00000000 		.4byte	0
 2463              		.section	.debug_line,"",%progbits
 2464              	.Ldebug_line0:
 2465 0000 56020000 		.section	.debug_str,"MS",%progbits,1
 2465      02005D01 
 2465      00000201 
 2465      FB0E0D00 
 2465      01010101 
 2466              	.LASF38:
 2467 0000 696E6574 		.ascii	"inet_chksum_pbuf\000"
 2467      5F63686B 
 2467      73756D5F 
 2467      70627566 
 2467      00
 2468              	.LASF19:
 2469 0011 6E657874 		.ascii	"next\000"
 2469      00
 2470              	.LASF18:
 2471 0016 6D656D5F 		.ascii	"mem_ptr_t\000"
 2471      7074725F 
 2471      7400
 2472              	.LASF37:
 2473 0020 696E6574 		.ascii	"inet_chksum\000"
 2473      5F63686B 
 2473      73756D00 
 2474              	.LASF25:
 2475 002c 69705F61 		.ascii	"ip_addr\000"
 2475      64647200 
 2476              	.LASF36:
 2477 0034 63686B6C 		.ascii	"chklen\000"
 2477      656E00
 2478              	.LASF40:
 2479 003b 2E2E2F2E 		.ascii	"../../ext/lwip/src/core/ipv4/inet_chksum.c\000"
 2479      2E2F6578 
 2479      742F6C77 
 2479      69702F73 
 2479      72632F63 
 2480              	.LASF6:
 2481 0066 73686F72 		.ascii	"short unsigned int\000"
 2481      7420756E 
 2481      7369676E 
 2481      65642069 
 2481      6E7400
 2482              	.LASF42:
ARM GAS  C:\Users\jenny\AppData\Local\Temp\ccZImpv3.s 			page 45


 2483 0079 6C776970 		.ascii	"lwip_standard_chksum\000"
 2483      5F737461 
 2483      6E646172 
 2483      645F6368 
 2483      6B73756D 
 2484              	.LASF43:
 2485 008e 6C776970 		.ascii	"lwip_htons\000"
 2485      5F68746F 
 2485      6E7300
 2486              	.LASF35:
 2487 0099 63686B73 		.ascii	"chksum_len\000"
 2487      756D5F6C 
 2487      656E00
 2488              	.LASF1:
 2489 00a4 7369676E 		.ascii	"signed char\000"
 2489      65642063 
 2489      68617200 
 2490              	.LASF32:
 2491 00b0 73776170 		.ascii	"swapped\000"
 2491      70656400 
 2492              	.LASF41:
 2493 00b8 443A5C6A 		.ascii	"D:\\jenny\\dev\\probe\\chibios\\chibios.workspace\\"
 2493      656E6E79 
 2493      5C646576 
 2493      5C70726F 
 2493      62655C63 
 2494 00e5 64656D6F 		.ascii	"demos\\ARMCM4-STM32F407-LWIP-FATFS-USB\000"
 2494      735C4152 
 2494      4D434D34 
 2494      2D53544D 
 2494      33324634 
 2495              	.LASF2:
 2496 010b 756E7369 		.ascii	"unsigned char\000"
 2496      676E6564 
 2496      20636861 
 2496      7200
 2497              	.LASF9:
 2498 0119 6C6F6E67 		.ascii	"long unsigned int\000"
 2498      20756E73 
 2498      69676E65 
 2498      6420696E 
 2498      7400
 2499              	.LASF26:
 2500 012b 61646472 		.ascii	"addr\000"
 2500      00
 2501              	.LASF24:
 2502 0130 70627566 		.ascii	"pbuf\000"
 2502      00
 2503              	.LASF39:
 2504 0135 474E5520 		.ascii	"GNU C 4.7.4 20130913 (release) [ARM/embedded-4_7-br"
 2504      4320342E 
 2504      372E3420 
 2504      32303133 
 2504      30393133 
 2505 0168 616E6368 		.ascii	"anch revision 202601]\000"
 2505      20726576 
 2505      6973696F 
ARM GAS  C:\Users\jenny\AppData\Local\Temp\ccZImpv3.s 			page 46


 2505      6E203230 
 2505      32363031 
 2506              	.LASF28:
 2507 017e 64617461 		.ascii	"dataptr\000"
 2507      70747200 
 2508              	.LASF16:
 2509 0186 7531365F 		.ascii	"u16_t\000"
 2509      7400
 2510              	.LASF17:
 2511 018c 7533325F 		.ascii	"u32_t\000"
 2511      7400
 2512              	.LASF21:
 2513 0192 746F745F 		.ascii	"tot_len\000"
 2513      6C656E00 
 2514              	.LASF27:
 2515 019a 69705F61 		.ascii	"ip_addr_t\000"
 2515      6464725F 
 2515      7400
 2516              	.LASF0:
 2517 01a4 756E7369 		.ascii	"unsigned int\000"
 2517      676E6564 
 2517      20696E74 
 2517      00
 2518              	.LASF23:
 2519 01b1 666C6167 		.ascii	"flags\000"
 2519      7300
 2520              	.LASF34:
 2521 01b7 696E6574 		.ascii	"inet_chksum_pseudo_partial\000"
 2521      5F63686B 
 2521      73756D5F 
 2521      70736575 
 2521      646F5F70 
 2522              	.LASF11:
 2523 01d2 6C6F6E67 		.ascii	"long long unsigned int\000"
 2523      206C6F6E 
 2523      6720756E 
 2523      7369676E 
 2523      65642069 
 2524              	.LASF4:
 2525 01e9 75696E74 		.ascii	"uint8_t\000"
 2525      385F7400 
 2526              	.LASF15:
 2527 01f1 75385F74 		.ascii	"u8_t\000"
 2527      00
 2528              	.LASF33:
 2529 01f6 696E6574 		.ascii	"inet_chksum_pseudo\000"
 2529      5F63686B 
 2529      73756D5F 
 2529      70736575 
 2529      646F00
 2530              	.LASF20:
 2531 0209 7061796C 		.ascii	"payload\000"
 2531      6F616400 
 2532              	.LASF44:
 2533 0211 706F7274 		.ascii	"port_halt\000"
 2533      5F68616C 
 2533      7400
ARM GAS  C:\Users\jenny\AppData\Local\Temp\ccZImpv3.s 			page 47


 2534              	.LASF13:
 2535 021b 73697A65 		.ascii	"sizetype\000"
 2535      74797065 
 2535      00
 2536              	.LASF10:
 2537 0224 6C6F6E67 		.ascii	"long long int\000"
 2537      206C6F6E 
 2537      6720696E 
 2537      7400
 2538              	.LASF14:
 2539 0232 63686172 		.ascii	"char\000"
 2539      00
 2540              	.LASF22:
 2541 0237 74797065 		.ascii	"type\000"
 2541      00
 2542              	.LASF3:
 2543 023c 73686F72 		.ascii	"short int\000"
 2543      7420696E 
 2543      7400
 2544              	.LASF5:
 2545 0246 75696E74 		.ascii	"uint16_t\000"
 2545      31365F74 
 2545      00
 2546              	.LASF8:
 2547 024f 75696E74 		.ascii	"uint32_t\000"
 2547      33325F74 
 2547      00
 2548              	.LASF7:
 2549 0258 6C6F6E67 		.ascii	"long int\000"
 2549      20696E74 
 2549      00
 2550              	.LASF31:
 2551 0261 70726F74 		.ascii	"proto_len\000"
 2551      6F5F6C65 
 2551      6E00
 2552              	.LASF12:
 2553 026b 5F426F6F 		.ascii	"_Bool\000"
 2553      6C00
 2554              	.LASF30:
 2555 0271 70726F74 		.ascii	"proto\000"
 2555      6F00
 2556              	.LASF29:
 2557 0277 64657374 		.ascii	"dest\000"
 2557      00
 2558              		.ident	"GCC: (GNU Tools for ARM Embedded Processors) 4.7.4 20130913 (release) [ARM/embedded-4_7-br
ARM GAS  C:\Users\jenny\AppData\Local\Temp\ccZImpv3.s 			page 48


DEFINED SYMBOLS
                            *ABS*:00000000 inet_chksum.c
C:\Users\jenny\AppData\Local\Temp\ccZImpv3.s:20     .text.lwip_standard_chksum:00000000 $t
C:\Users\jenny\AppData\Local\Temp\ccZImpv3.s:25     .text.lwip_standard_chksum:00000000 lwip_standard_chksum
C:\Users\jenny\AppData\Local\Temp\ccZImpv3.s:161    .text.inet_chksum_pseudo:00000000 $t
C:\Users\jenny\AppData\Local\Temp\ccZImpv3.s:167    .text.inet_chksum_pseudo:00000000 inet_chksum_pseudo
C:\Users\jenny\AppData\Local\Temp\ccZImpv3.s:294    .text.inet_chksum_pseudo_partial:00000000 $t
C:\Users\jenny\AppData\Local\Temp\ccZImpv3.s:300    .text.inet_chksum_pseudo_partial:00000000 inet_chksum_pseudo_partial
C:\Users\jenny\AppData\Local\Temp\ccZImpv3.s:465    .text.inet_chksum:00000000 $t
C:\Users\jenny\AppData\Local\Temp\ccZImpv3.s:471    .text.inet_chksum:00000000 inet_chksum
C:\Users\jenny\AppData\Local\Temp\ccZImpv3.s:494    .text.inet_chksum_pbuf:00000000 $t
C:\Users\jenny\AppData\Local\Temp\ccZImpv3.s:500    .text.inet_chksum_pbuf:00000000 inet_chksum_pbuf
                     .debug_frame:00000010 $d

UNDEFINED SYMBOLS
lwip_htons
port_halt
