ARM GAS  C:\Users\jenny\AppData\Local\Temp\ccRfJ7sR.s 			page 1


   1              		.syntax unified
   2              		.cpu cortex-m4
   3              		.eabi_attribute 27, 3
   4              		.fpu fpv4-sp-d16
   5              		.eabi_attribute 20, 1
   6              		.eabi_attribute 21, 1
   7              		.eabi_attribute 23, 3
   8              		.eabi_attribute 24, 1
   9              		.eabi_attribute 25, 1
  10              		.eabi_attribute 26, 1
  11              		.eabi_attribute 30, 2
  12              		.eabi_attribute 34, 1
  13              		.eabi_attribute 18, 4
  14              		.thumb
  15              		.file	"init.c"
  16              		.text
  17              	.Ltext0:
  18              		.cfi_sections	.debug_frame
  19              		.section	.text.lwip_init,"ax",%progbits
  20              		.align	2
  21              		.p2align 4,,15
  22              		.global	lwip_init
  23              		.thumb
  24              		.thumb_func
  25              		.type	lwip_init, %function
  26              	lwip_init:
  27              	.LFB7:
  28              		.file 1 "../../ext/lwip/src/core/init.c"
  29              		.loc 1 290 0
  30              		.cfi_startproc
  31              		@ args = 0, pretend = 0, frame = 0
  32              		@ frame_needed = 0, uses_anonymous_args = 0
  33 0000 08B5     		push	{r3, lr}
  34              	.LCFI0:
  35              		.cfi_def_cfa_offset 8
  36              		.cfi_offset 3, -8
  37              		.cfi_offset 14, -4
  38              		.loc 1 292 0
  39 0002 FFF7FEFF 		bl	stats_init
  40              	.LVL0:
  41              		.loc 1 294 0
  42 0006 FFF7FEFF 		bl	sys_init
  43              	.LVL1:
  44              		.loc 1 296 0
  45 000a FFF7FEFF 		bl	mem_init
  46              	.LVL2:
  47              		.loc 1 297 0
  48 000e FFF7FEFF 		bl	memp_init
  49              	.LVL3:
  50              		.loc 1 299 0
  51 0012 FFF7FEFF 		bl	netif_init
  52              	.LVL4:
  53              		.loc 1 301 0
  54 0016 FFF7FEFF 		bl	lwip_socket_init
  55              	.LVL5:
  56              		.loc 1 311 0
  57 001a FFF7FEFF 		bl	udp_init
ARM GAS  C:\Users\jenny\AppData\Local\Temp\ccRfJ7sR.s 			page 2


  58              	.LVL6:
  59              		.loc 1 314 0
  60 001e FFF7FEFF 		bl	tcp_init
  61              	.LVL7:
  62              		.loc 1 332 0
  63 0022 BDE80840 		pop	{r3, lr}
  64              		.loc 1 330 0
  65 0026 FFF7FEBF 		b	sys_timeouts_init
  66              	.LVL8:
  67              		.cfi_endproc
  68              	.LFE7:
  69              		.size	lwip_init, .-lwip_init
  70 002a 00BFAFF3 		.text
  70      0080
  71              	.Letext0:
  72              		.file 2 "../../ext/lwip/src/include/lwip/stats.h"
  73              		.file 3 "../../ext/lwip/src/include/lwip/sys.h"
  74              		.file 4 "../../ext/lwip/src/include/lwip/mem.h"
  75              		.file 5 "../../ext/lwip/src/include/lwip/memp.h"
  76              		.file 6 "../../ext/lwip/src/include/lwip/netif.h"
  77              		.file 7 "../../ext/lwip/src/include/lwip/sockets.h"
  78              		.file 8 "../../ext/lwip/src/include/lwip/udp.h"
  79              		.file 9 "../../ext/lwip/src/include/lwip/tcp_impl.h"
  80              		.file 10 "../../ext/lwip/src/include/lwip/timers.h"
  81              		.section	.debug_info,"",%progbits
  82              	.Ldebug_info0:
  83 0000 4B010000 		.4byte	0x14b
  84 0004 0200     		.2byte	0x2
  85 0006 00000000 		.4byte	.Ldebug_abbrev0
  86 000a 04       		.byte	0x4
  87 000b 01       		.uleb128 0x1
  88 000c 9F000000 		.4byte	.LASF21
  89 0010 01       		.byte	0x1
  90 0011 75010000 		.4byte	.LASF22
  91 0015 22010000 		.4byte	.LASF23
  92 0019 00000000 		.4byte	.Ldebug_ranges0+0
  93 001d 00000000 		.4byte	0
  94 0021 00000000 		.4byte	0
  95 0025 00000000 		.4byte	.Ldebug_line0
  96 0029 02       		.uleb128 0x2
  97 002a 04       		.byte	0x4
  98 002b 05       		.byte	0x5
  99 002c 696E7400 		.ascii	"int\000"
 100 0030 03       		.uleb128 0x3
 101 0031 04       		.byte	0x4
 102 0032 07       		.byte	0x7
 103 0033 2B000000 		.4byte	.LASF0
 104 0037 03       		.uleb128 0x3
 105 0038 01       		.byte	0x1
 106 0039 06       		.byte	0x6
 107 003a 94010000 		.4byte	.LASF1
 108 003e 03       		.uleb128 0x3
 109 003f 01       		.byte	0x1
 110 0040 08       		.byte	0x8
 111 0041 91000000 		.4byte	.LASF2
 112 0045 03       		.uleb128 0x3
 113 0046 02       		.byte	0x2
ARM GAS  C:\Users\jenny\AppData\Local\Temp\ccRfJ7sR.s 			page 3


 114 0047 05       		.byte	0x5
 115 0048 01010000 		.4byte	.LASF3
 116 004c 03       		.uleb128 0x3
 117 004d 02       		.byte	0x2
 118 004e 07       		.byte	0x7
 119 004f 0E000000 		.4byte	.LASF4
 120 0053 03       		.uleb128 0x3
 121 0054 04       		.byte	0x4
 122 0055 05       		.byte	0x5
 123 0056 F8000000 		.4byte	.LASF5
 124 005a 03       		.uleb128 0x3
 125 005b 04       		.byte	0x4
 126 005c 07       		.byte	0x7
 127 005d 38000000 		.4byte	.LASF6
 128 0061 03       		.uleb128 0x3
 129 0062 08       		.byte	0x8
 130 0063 05       		.byte	0x5
 131 0064 00000000 		.4byte	.LASF7
 132 0068 03       		.uleb128 0x3
 133 0069 08       		.byte	0x8
 134 006a 07       		.byte	0x7
 135 006b 4A000000 		.4byte	.LASF8
 136 006f 03       		.uleb128 0x3
 137 0070 01       		.byte	0x1
 138 0071 02       		.byte	0x2
 139 0072 1C010000 		.4byte	.LASF9
 140 0076 03       		.uleb128 0x3
 141 0077 04       		.byte	0x4
 142 0078 07       		.byte	0x7
 143 0079 BB010000 		.4byte	.LASF10
 144 007d 03       		.uleb128 0x3
 145 007e 01       		.byte	0x1
 146 007f 08       		.byte	0x8
 147 0080 E8000000 		.4byte	.LASF11
 148 0084 04       		.uleb128 0x4
 149 0085 01       		.byte	0x1
 150 0086 6A000000 		.4byte	.LASF24
 151 008a 01       		.byte	0x1
 152 008b 2101     		.2byte	0x121
 153 008d 01       		.byte	0x1
 154 008e 00000000 		.4byte	.LFB7
 155 0092 2A000000 		.4byte	.LFE7
 156 0096 00000000 		.4byte	.LLST0
 157 009a 01       		.byte	0x1
 158 009b F2000000 		.4byte	0xf2
 159 009f 05       		.uleb128 0x5
 160 00a0 06000000 		.4byte	.LVL0
 161 00a4 F2000000 		.4byte	0xf2
 162 00a8 05       		.uleb128 0x5
 163 00a9 0A000000 		.4byte	.LVL1
 164 00ad FC000000 		.4byte	0xfc
 165 00b1 05       		.uleb128 0x5
 166 00b2 0E000000 		.4byte	.LVL2
 167 00b6 06010000 		.4byte	0x106
 168 00ba 05       		.uleb128 0x5
 169 00bb 12000000 		.4byte	.LVL3
 170 00bf 10010000 		.4byte	0x110
ARM GAS  C:\Users\jenny\AppData\Local\Temp\ccRfJ7sR.s 			page 4


 171 00c3 05       		.uleb128 0x5
 172 00c4 16000000 		.4byte	.LVL4
 173 00c8 1A010000 		.4byte	0x11a
 174 00cc 05       		.uleb128 0x5
 175 00cd 1A000000 		.4byte	.LVL5
 176 00d1 25010000 		.4byte	0x125
 177 00d5 05       		.uleb128 0x5
 178 00d6 1E000000 		.4byte	.LVL6
 179 00da 30010000 		.4byte	0x130
 180 00de 05       		.uleb128 0x5
 181 00df 22000000 		.4byte	.LVL7
 182 00e3 3A010000 		.4byte	0x13a
 183 00e7 06       		.uleb128 0x6
 184 00e8 2A000000 		.4byte	.LVL8
 185 00ec 01       		.byte	0x1
 186 00ed 44010000 		.4byte	0x144
 187 00f1 00       		.byte	0
 188 00f2 07       		.uleb128 0x7
 189 00f3 01       		.byte	0x1
 190 00f4 74000000 		.4byte	.LASF12
 191 00f8 02       		.byte	0x2
 192 00f9 97       		.byte	0x97
 193 00fa 01       		.byte	0x1
 194 00fb 01       		.byte	0x1
 195 00fc 07       		.uleb128 0x7
 196 00fd 01       		.byte	0x1
 197 00fe A9010000 		.4byte	.LASF13
 198 0102 03       		.byte	0x3
 199 0103 E8       		.byte	0xe8
 200 0104 01       		.byte	0x1
 201 0105 01       		.byte	0x1
 202 0106 07       		.uleb128 0x7
 203 0107 01       		.byte	0x1
 204 0108 61000000 		.4byte	.LASF14
 205 010c 04       		.byte	0x4
 206 010d 58       		.byte	0x58
 207 010e 01       		.byte	0x1
 208 010f 01       		.byte	0x1
 209 0110 07       		.uleb128 0x7
 210 0111 01       		.byte	0x1
 211 0112 21000000 		.4byte	.LASF15
 212 0116 05       		.byte	0x5
 213 0117 64       		.byte	0x64
 214 0118 01       		.byte	0x1
 215 0119 01       		.byte	0x1
 216 011a 08       		.uleb128 0x8
 217 011b 01       		.byte	0x1
 218 011c ED000000 		.4byte	.LASF16
 219 0120 06       		.byte	0x6
 220 0121 0101     		.2byte	0x101
 221 0123 01       		.byte	0x1
 222 0124 01       		.byte	0x1
 223 0125 08       		.uleb128 0x8
 224 0126 01       		.byte	0x1
 225 0127 0B010000 		.4byte	.LASF17
 226 012b 07       		.byte	0x7
 227 012c 3F01     		.2byte	0x13f
ARM GAS  C:\Users\jenny\AppData\Local\Temp\ccRfJ7sR.s 			page 5


 228 012e 01       		.byte	0x1
 229 012f 01       		.byte	0x1
 230 0130 07       		.uleb128 0x7
 231 0131 01       		.byte	0x1
 232 0132 A0010000 		.4byte	.LASF18
 233 0136 08       		.byte	0x8
 234 0137 9D       		.byte	0x9d
 235 0138 01       		.byte	0x1
 236 0139 01       		.byte	0x1
 237 013a 07       		.uleb128 0x7
 238 013b 01       		.byte	0x1
 239 013c B2010000 		.4byte	.LASF19
 240 0140 09       		.byte	0x9
 241 0141 35       		.byte	0x35
 242 0142 01       		.byte	0x1
 243 0143 01       		.byte	0x1
 244 0144 07       		.uleb128 0x7
 245 0145 01       		.byte	0x1
 246 0146 7F000000 		.4byte	.LASF20
 247 014a 0A       		.byte	0xa
 248 014b 4D       		.byte	0x4d
 249 014c 01       		.byte	0x1
 250 014d 01       		.byte	0x1
 251 014e 00       		.byte	0
 252              		.section	.debug_abbrev,"",%progbits
 253              	.Ldebug_abbrev0:
 254 0000 01       		.uleb128 0x1
 255 0001 11       		.uleb128 0x11
 256 0002 01       		.byte	0x1
 257 0003 25       		.uleb128 0x25
 258 0004 0E       		.uleb128 0xe
 259 0005 13       		.uleb128 0x13
 260 0006 0B       		.uleb128 0xb
 261 0007 03       		.uleb128 0x3
 262 0008 0E       		.uleb128 0xe
 263 0009 1B       		.uleb128 0x1b
 264 000a 0E       		.uleb128 0xe
 265 000b 55       		.uleb128 0x55
 266 000c 06       		.uleb128 0x6
 267 000d 11       		.uleb128 0x11
 268 000e 01       		.uleb128 0x1
 269 000f 52       		.uleb128 0x52
 270 0010 01       		.uleb128 0x1
 271 0011 10       		.uleb128 0x10
 272 0012 06       		.uleb128 0x6
 273 0013 00       		.byte	0
 274 0014 00       		.byte	0
 275 0015 02       		.uleb128 0x2
 276 0016 24       		.uleb128 0x24
 277 0017 00       		.byte	0
 278 0018 0B       		.uleb128 0xb
 279 0019 0B       		.uleb128 0xb
 280 001a 3E       		.uleb128 0x3e
 281 001b 0B       		.uleb128 0xb
 282 001c 03       		.uleb128 0x3
 283 001d 08       		.uleb128 0x8
 284 001e 00       		.byte	0
ARM GAS  C:\Users\jenny\AppData\Local\Temp\ccRfJ7sR.s 			page 6


 285 001f 00       		.byte	0
 286 0020 03       		.uleb128 0x3
 287 0021 24       		.uleb128 0x24
 288 0022 00       		.byte	0
 289 0023 0B       		.uleb128 0xb
 290 0024 0B       		.uleb128 0xb
 291 0025 3E       		.uleb128 0x3e
 292 0026 0B       		.uleb128 0xb
 293 0027 03       		.uleb128 0x3
 294 0028 0E       		.uleb128 0xe
 295 0029 00       		.byte	0
 296 002a 00       		.byte	0
 297 002b 04       		.uleb128 0x4
 298 002c 2E       		.uleb128 0x2e
 299 002d 01       		.byte	0x1
 300 002e 3F       		.uleb128 0x3f
 301 002f 0C       		.uleb128 0xc
 302 0030 03       		.uleb128 0x3
 303 0031 0E       		.uleb128 0xe
 304 0032 3A       		.uleb128 0x3a
 305 0033 0B       		.uleb128 0xb
 306 0034 3B       		.uleb128 0x3b
 307 0035 05       		.uleb128 0x5
 308 0036 27       		.uleb128 0x27
 309 0037 0C       		.uleb128 0xc
 310 0038 11       		.uleb128 0x11
 311 0039 01       		.uleb128 0x1
 312 003a 12       		.uleb128 0x12
 313 003b 01       		.uleb128 0x1
 314 003c 40       		.uleb128 0x40
 315 003d 06       		.uleb128 0x6
 316 003e 9742     		.uleb128 0x2117
 317 0040 0C       		.uleb128 0xc
 318 0041 01       		.uleb128 0x1
 319 0042 13       		.uleb128 0x13
 320 0043 00       		.byte	0
 321 0044 00       		.byte	0
 322 0045 05       		.uleb128 0x5
 323 0046 898201   		.uleb128 0x4109
 324 0049 00       		.byte	0
 325 004a 11       		.uleb128 0x11
 326 004b 01       		.uleb128 0x1
 327 004c 31       		.uleb128 0x31
 328 004d 13       		.uleb128 0x13
 329 004e 00       		.byte	0
 330 004f 00       		.byte	0
 331 0050 06       		.uleb128 0x6
 332 0051 898201   		.uleb128 0x4109
 333 0054 00       		.byte	0
 334 0055 11       		.uleb128 0x11
 335 0056 01       		.uleb128 0x1
 336 0057 9542     		.uleb128 0x2115
 337 0059 0C       		.uleb128 0xc
 338 005a 31       		.uleb128 0x31
 339 005b 13       		.uleb128 0x13
 340 005c 00       		.byte	0
 341 005d 00       		.byte	0
ARM GAS  C:\Users\jenny\AppData\Local\Temp\ccRfJ7sR.s 			page 7


 342 005e 07       		.uleb128 0x7
 343 005f 2E       		.uleb128 0x2e
 344 0060 00       		.byte	0
 345 0061 3F       		.uleb128 0x3f
 346 0062 0C       		.uleb128 0xc
 347 0063 03       		.uleb128 0x3
 348 0064 0E       		.uleb128 0xe
 349 0065 3A       		.uleb128 0x3a
 350 0066 0B       		.uleb128 0xb
 351 0067 3B       		.uleb128 0x3b
 352 0068 0B       		.uleb128 0xb
 353 0069 27       		.uleb128 0x27
 354 006a 0C       		.uleb128 0xc
 355 006b 3C       		.uleb128 0x3c
 356 006c 0C       		.uleb128 0xc
 357 006d 00       		.byte	0
 358 006e 00       		.byte	0
 359 006f 08       		.uleb128 0x8
 360 0070 2E       		.uleb128 0x2e
 361 0071 00       		.byte	0
 362 0072 3F       		.uleb128 0x3f
 363 0073 0C       		.uleb128 0xc
 364 0074 03       		.uleb128 0x3
 365 0075 0E       		.uleb128 0xe
 366 0076 3A       		.uleb128 0x3a
 367 0077 0B       		.uleb128 0xb
 368 0078 3B       		.uleb128 0x3b
 369 0079 05       		.uleb128 0x5
 370 007a 27       		.uleb128 0x27
 371 007b 0C       		.uleb128 0xc
 372 007c 3C       		.uleb128 0x3c
 373 007d 0C       		.uleb128 0xc
 374 007e 00       		.byte	0
 375 007f 00       		.byte	0
 376 0080 00       		.byte	0
 377              		.section	.debug_loc,"",%progbits
 378              	.Ldebug_loc0:
 379              	.LLST0:
 380 0000 00000000 		.4byte	.LFB7
 381 0004 02000000 		.4byte	.LCFI0
 382 0008 0200     		.2byte	0x2
 383 000a 7D       		.byte	0x7d
 384 000b 00       		.sleb128 0
 385 000c 02000000 		.4byte	.LCFI0
 386 0010 2A000000 		.4byte	.LFE7
 387 0014 0200     		.2byte	0x2
 388 0016 7D       		.byte	0x7d
 389 0017 08       		.sleb128 8
 390 0018 00000000 		.4byte	0
 391 001c 00000000 		.4byte	0
 392              		.section	.debug_aranges,"",%progbits
 393 0000 1C000000 		.4byte	0x1c
 394 0004 0200     		.2byte	0x2
 395 0006 00000000 		.4byte	.Ldebug_info0
 396 000a 04       		.byte	0x4
 397 000b 00       		.byte	0
 398 000c 0000     		.2byte	0
ARM GAS  C:\Users\jenny\AppData\Local\Temp\ccRfJ7sR.s 			page 8


 399 000e 0000     		.2byte	0
 400 0010 00000000 		.4byte	.LFB7
 401 0014 2A000000 		.4byte	.LFE7-.LFB7
 402 0018 00000000 		.4byte	0
 403 001c 00000000 		.4byte	0
 404              		.section	.debug_ranges,"",%progbits
 405              	.Ldebug_ranges0:
 406 0000 00000000 		.4byte	.LFB7
 407 0004 2A000000 		.4byte	.LFE7
 408 0008 00000000 		.4byte	0
 409 000c 00000000 		.4byte	0
 410              		.section	.debug_line,"",%progbits
 411              	.Ldebug_line0:
 412 0000 DB000000 		.section	.debug_str,"MS",%progbits,1
 412      0200B700 
 412      00000201 
 412      FB0E0D00 
 412      01010101 
 413              	.LASF7:
 414 0000 6C6F6E67 		.ascii	"long long int\000"
 414      206C6F6E 
 414      6720696E 
 414      7400
 415              	.LASF4:
 416 000e 73686F72 		.ascii	"short unsigned int\000"
 416      7420756E 
 416      7369676E 
 416      65642069 
 416      6E7400
 417              	.LASF15:
 418 0021 6D656D70 		.ascii	"memp_init\000"
 418      5F696E69 
 418      7400
 419              	.LASF0:
 420 002b 756E7369 		.ascii	"unsigned int\000"
 420      676E6564 
 420      20696E74 
 420      00
 421              	.LASF6:
 422 0038 6C6F6E67 		.ascii	"long unsigned int\000"
 422      20756E73 
 422      69676E65 
 422      6420696E 
 422      7400
 423              	.LASF8:
 424 004a 6C6F6E67 		.ascii	"long long unsigned int\000"
 424      206C6F6E 
 424      6720756E 
 424      7369676E 
 424      65642069 
 425              	.LASF14:
 426 0061 6D656D5F 		.ascii	"mem_init\000"
 426      696E6974 
 426      00
 427              	.LASF24:
 428 006a 6C776970 		.ascii	"lwip_init\000"
 428      5F696E69 
ARM GAS  C:\Users\jenny\AppData\Local\Temp\ccRfJ7sR.s 			page 9


 428      7400
 429              	.LASF12:
 430 0074 73746174 		.ascii	"stats_init\000"
 430      735F696E 
 430      697400
 431              	.LASF20:
 432 007f 7379735F 		.ascii	"sys_timeouts_init\000"
 432      74696D65 
 432      6F757473 
 432      5F696E69 
 432      7400
 433              	.LASF2:
 434 0091 756E7369 		.ascii	"unsigned char\000"
 434      676E6564 
 434      20636861 
 434      7200
 435              	.LASF21:
 436 009f 474E5520 		.ascii	"GNU C 4.7.4 20130913 (release) [ARM/embedded-4_7-br"
 436      4320342E 
 436      372E3420 
 436      32303133 
 436      30393133 
 437 00d2 616E6368 		.ascii	"anch revision 202601]\000"
 437      20726576 
 437      6973696F 
 437      6E203230 
 437      32363031 
 438              	.LASF11:
 439 00e8 63686172 		.ascii	"char\000"
 439      00
 440              	.LASF16:
 441 00ed 6E657469 		.ascii	"netif_init\000"
 441      665F696E 
 441      697400
 442              	.LASF5:
 443 00f8 6C6F6E67 		.ascii	"long int\000"
 443      20696E74 
 443      00
 444              	.LASF3:
 445 0101 73686F72 		.ascii	"short int\000"
 445      7420696E 
 445      7400
 446              	.LASF17:
 447 010b 6C776970 		.ascii	"lwip_socket_init\000"
 447      5F736F63 
 447      6B65745F 
 447      696E6974 
 447      00
 448              	.LASF9:
 449 011c 5F426F6F 		.ascii	"_Bool\000"
 449      6C00
 450              	.LASF23:
 451 0122 443A5C6A 		.ascii	"D:\\jenny\\dev\\probe\\chibios\\chibios.workspace\\"
 451      656E6E79 
 451      5C646576 
 451      5C70726F 
 451      62655C63 
ARM GAS  C:\Users\jenny\AppData\Local\Temp\ccRfJ7sR.s 			page 10


 452 014f 64656D6F 		.ascii	"demos\\ARMCM4-STM32F407-LWIP-FATFS-USB\000"
 452      735C4152 
 452      4D434D34 
 452      2D53544D 
 452      33324634 
 453              	.LASF22:
 454 0175 2E2E2F2E 		.ascii	"../../ext/lwip/src/core/init.c\000"
 454      2E2F6578 
 454      742F6C77 
 454      69702F73 
 454      72632F63 
 455              	.LASF1:
 456 0194 7369676E 		.ascii	"signed char\000"
 456      65642063 
 456      68617200 
 457              	.LASF18:
 458 01a0 7564705F 		.ascii	"udp_init\000"
 458      696E6974 
 458      00
 459              	.LASF13:
 460 01a9 7379735F 		.ascii	"sys_init\000"
 460      696E6974 
 460      00
 461              	.LASF19:
 462 01b2 7463705F 		.ascii	"tcp_init\000"
 462      696E6974 
 462      00
 463              	.LASF10:
 464 01bb 73697A65 		.ascii	"sizetype\000"
 464      74797065 
 464      00
 465              		.ident	"GCC: (GNU Tools for ARM Embedded Processors) 4.7.4 20130913 (release) [ARM/embedded-4_7-br
ARM GAS  C:\Users\jenny\AppData\Local\Temp\ccRfJ7sR.s 			page 11


DEFINED SYMBOLS
                            *ABS*:00000000 init.c
C:\Users\jenny\AppData\Local\Temp\ccRfJ7sR.s:20     .text.lwip_init:00000000 $t
C:\Users\jenny\AppData\Local\Temp\ccRfJ7sR.s:26     .text.lwip_init:00000000 lwip_init
                     .debug_frame:00000010 $d

UNDEFINED SYMBOLS
stats_init
sys_init
mem_init
memp_init
netif_init
lwip_socket_init
udp_init
tcp_init
sys_timeouts_init
