ARM GAS  C:\Users\jenny\AppData\Local\Temp\cc9iVlBZ.s 			page 1


   1              		.syntax unified
   2              		.cpu cortex-m4
   3              		.eabi_attribute 27, 3
   4              		.fpu fpv4-sp-d16
   5              		.eabi_attribute 20, 1
   6              		.eabi_attribute 21, 1
   7              		.eabi_attribute 23, 3
   8              		.eabi_attribute 24, 1
   9              		.eabi_attribute 25, 1
  10              		.eabi_attribute 26, 1
  11              		.eabi_attribute 30, 2
  12              		.eabi_attribute 34, 1
  13              		.eabi_attribute 18, 4
  14              		.thumb
  15              		.file	"memp.c"
  16              		.text
  17              	.Ltext0:
  18              		.cfi_sections	.debug_frame
  19              		.section	.text.memp_init,"ax",%progbits
  20              		.align	2
  21              		.p2align 4,,15
  22              		.global	memp_init
  23              		.thumb
  24              		.thumb_func
  25              		.type	memp_init, %function
  26              	memp_init:
  27              	.LFB7:
  28              		.file 1 "../../ext/lwip/src/core/memp.c"
  29              		.loc 1 339 0
  30              		.cfi_startproc
  31              		@ args = 0, pretend = 0, frame = 0
  32              		@ frame_needed = 0, uses_anonymous_args = 0
  33              		@ link register save eliminated.
  34              	.LVL0:
  35              		.loc 1 344 0
  36 0000 594B     		ldr	r3, .L16
  37              		.loc 1 339 0
  38 0002 2DE9F007 		push	{r4, r5, r6, r7, r8, r9, sl}
  39              	.LCFI0:
  40              		.cfi_def_cfa_offset 28
  41              		.cfi_offset 4, -28
  42              		.cfi_offset 5, -24
  43              		.cfi_offset 6, -20
  44              		.cfi_offset 7, -16
  45              		.cfi_offset 8, -12
  46              		.cfi_offset 9, -8
  47              		.cfi_offset 10, -4
  48              		.loc 1 347 0
  49 0006 0525     		movs	r5, #5
  50 0008 A3F8C650 		strh	r5, [r3, #198]	@ movhi
  51 000c A3F8E450 		strh	r5, [r3, #228]	@ movhi
  52 0010 0F25     		movs	r5, #15
  53 0012 A3F8EE50 		strh	r5, [r3, #238]	@ movhi
  54 0016 0225     		movs	r5, #2
  55              		.loc 1 344 0
  56 0018 0022     		movs	r2, #0
  57              		.loc 1 347 0
ARM GAS  C:\Users\jenny\AppData\Local\Temp\cc9iVlBZ.s 			page 2


  58 001a 0424     		movs	r4, #4
  59 001c 0820     		movs	r0, #8
  60 001e 1021     		movs	r1, #16
  61 0020 A3F8F850 		strh	r5, [r3, #248]	@ movhi
  62 0024 514F     		ldr	r7, .L16+4
  63              		.loc 1 351 0
  64 0026 524D     		ldr	r5, .L16+8
  65              		.loc 1 347 0
  66 0028 A3F8B240 		strh	r4, [r3, #178]	@ movhi
  67              	.LVL1:
  68 002c A3F8BC40 		strh	r4, [r3, #188]	@ movhi
  69              	.LVL2:
  70              		.loc 1 344 0
  71 0030 A3F8B420 		strh	r2, [r3, #180]	@ movhi
  72              		.loc 1 345 0
  73 0034 A3F8B620 		strh	r2, [r3, #182]	@ movhi
  74              		.loc 1 346 0
  75 0038 A3F8B820 		strh	r2, [r3, #184]	@ movhi
  76              		.loc 1 344 0
  77 003c A3F8BE20 		strh	r2, [r3, #190]	@ movhi
  78              		.loc 1 345 0
  79 0040 A3F8C020 		strh	r2, [r3, #192]	@ movhi
  80              		.loc 1 346 0
  81 0044 A3F8C220 		strh	r2, [r3, #194]	@ movhi
  82              		.loc 1 344 0
  83 0048 A3F8C820 		strh	r2, [r3, #200]	@ movhi
  84              		.loc 1 345 0
  85 004c A3F8CA20 		strh	r2, [r3, #202]	@ movhi
  86              		.loc 1 346 0
  87 0050 A3F8CC20 		strh	r2, [r3, #204]	@ movhi
  88              		.loc 1 344 0
  89 0054 A3F8D220 		strh	r2, [r3, #210]	@ movhi
  90              		.loc 1 345 0
  91 0058 A3F8D420 		strh	r2, [r3, #212]	@ movhi
  92              		.loc 1 346 0
  93 005c A3F8D620 		strh	r2, [r3, #214]	@ movhi
  94              		.loc 1 347 0
  95 0060 A3F8D000 		strh	r0, [r3, #208]	@ movhi
  96              	.LVL3:
  97              		.loc 1 344 0
  98 0064 A3F8DC20 		strh	r2, [r3, #220]	@ movhi
  99              		.loc 1 345 0
 100 0068 A3F8DE20 		strh	r2, [r3, #222]	@ movhi
 101              		.loc 1 346 0
 102 006c A3F8E020 		strh	r2, [r3, #224]	@ movhi
 103              		.loc 1 347 0
 104 0070 A3F8DA10 		strh	r1, [r3, #218]	@ movhi
 105              	.LVL4:
 106              		.loc 1 344 0
 107 0074 A3F8E620 		strh	r2, [r3, #230]	@ movhi
 108              		.loc 1 345 0
 109 0078 A3F8E820 		strh	r2, [r3, #232]	@ movhi
 110              		.loc 1 346 0
 111 007c A3F8EA20 		strh	r2, [r3, #234]	@ movhi
 112              		.loc 1 344 0
 113 0080 A3F8F020 		strh	r2, [r3, #240]	@ movhi
 114              		.loc 1 345 0
ARM GAS  C:\Users\jenny\AppData\Local\Temp\cc9iVlBZ.s 			page 3


 115 0084 A3F8F220 		strh	r2, [r3, #242]	@ movhi
 116              		.loc 1 346 0
 117 0088 A3F8F420 		strh	r2, [r3, #244]	@ movhi
 118              		.loc 1 344 0
 119 008c A3F8FA20 		strh	r2, [r3, #250]	@ movhi
 120              		.loc 1 345 0
 121 0090 A3F8FC20 		strh	r2, [r3, #252]	@ movhi
 122              		.loc 1 346 0
 123 0094 A3F8FE20 		strh	r2, [r3, #254]	@ movhi
 124 0098 DFF8D890 		ldr	r9, .L16+12
 125              		.loc 1 344 0
 126 009c A3F80421 		strh	r2, [r3, #260]	@ movhi
 127 00a0 DFF8D4A0 		ldr	sl, .L16+16
 128              		.loc 1 347 0
 129 00a4 A3F80241 		strh	r4, [r3, #258]	@ movhi
 130              	.LVL5:
 131 00a8 0324     		movs	r4, #3
 132              		.loc 1 338 0
 133 00aa 1646     		mov	r6, r2
 134              		.loc 1 351 0
 135 00ac 25F00305 		bic	r5, r5, #3
 136              		.loc 1 345 0
 137 00b0 A3F80621 		strh	r2, [r3, #262]	@ movhi
 138              		.loc 1 338 0
 139 00b4 07F13808 		add	r8, r7, #56
 140              		.loc 1 346 0
 141 00b8 A3F80821 		strh	r2, [r3, #264]	@ movhi
 142              		.loc 1 344 0
 143 00bc A3F80E21 		strh	r2, [r3, #270]	@ movhi
 144              		.loc 1 345 0
 145 00c0 A3F81021 		strh	r2, [r3, #272]	@ movhi
 146              		.loc 1 346 0
 147 00c4 A3F81221 		strh	r2, [r3, #274]	@ movhi
 148              		.loc 1 347 0
 149 00c8 A3F80C01 		strh	r0, [r3, #268]	@ movhi
 150              	.LVL6:
 151              		.loc 1 344 0
 152 00cc A3F81821 		strh	r2, [r3, #280]	@ movhi
 153              		.loc 1 345 0
 154 00d0 A3F81A21 		strh	r2, [r3, #282]	@ movhi
 155              		.loc 1 346 0
 156 00d4 A3F81C21 		strh	r2, [r3, #284]	@ movhi
 157              		.loc 1 347 0
 158 00d8 A3F81601 		strh	r0, [r3, #278]	@ movhi
 159              	.LVL7:
 160              		.loc 1 344 0
 161 00dc A3F82221 		strh	r2, [r3, #290]	@ movhi
 162              		.loc 1 345 0
 163 00e0 A3F82421 		strh	r2, [r3, #292]	@ movhi
 164              		.loc 1 346 0
 165 00e4 A3F82621 		strh	r2, [r3, #294]	@ movhi
 166              		.loc 1 347 0
 167 00e8 A3F82041 		strh	r4, [r3, #288]	@ movhi
 168              	.LVL8:
 169              		.loc 1 344 0
 170 00ec A3F82C21 		strh	r2, [r3, #300]	@ movhi
 171              		.loc 1 345 0
ARM GAS  C:\Users\jenny\AppData\Local\Temp\cc9iVlBZ.s 			page 4


 172 00f0 A3F82E21 		strh	r2, [r3, #302]	@ movhi
 173              		.loc 1 346 0
 174 00f4 A3F83021 		strh	r2, [r3, #304]	@ movhi
 175              		.loc 1 347 0
 176 00f8 A3F82A11 		strh	r1, [r3, #298]	@ movhi
 177              	.LVL9:
 178              		.loc 1 344 0
 179 00fc A3F83621 		strh	r2, [r3, #310]	@ movhi
 180              		.loc 1 345 0
 181 0100 A3F83821 		strh	r2, [r3, #312]	@ movhi
 182              		.loc 1 346 0
 183 0104 A3F83A21 		strh	r2, [r3, #314]	@ movhi
 184              		.loc 1 347 0
 185 0108 A3F83411 		strh	r1, [r3, #308]	@ movhi
 186              	.LVL10:
 187              		.loc 1 355 0
 188 010c 9446     		mov	ip, r2
 189              	.LVL11:
 190              	.L4:
 191              		.loc 1 360 0
 192 010e 39F80640 		ldrh	r4, [r9, r6]
 193              		.loc 1 355 0
 194 0112 47F804CB 		str	ip, [r7], #4
 195              	.LVL12:
 196              		.loc 1 360 0
 197 0116 04B3     		cbz	r4, .L2
 198 0118 0021     		movs	r1, #0
 199 011a 14F0010F 		tst	r4, #1
 200 011e 36F80A20 		ldrh	r2, [r6, sl]
 201 0122 2B46     		mov	r3, r5
 202 0124 0846     		mov	r0, r1
 203 0126 08D1     		bne	.L3
 204              	.LVL13:
 205              		.loc 1 361 0
 206 0128 2960     		str	r1, [r5, #0]
 207              		.loc 1 360 0
 208 012a 0120     		movs	r0, #1
 209              	.LVL14:
 210 012c 2946     		mov	r1, r5
 211              		.loc 1 363 0
 212 012e AB18     		adds	r3, r5, r2
 213 0130 03E0     		b	.L3
 214              	.LVL15:
 215              	.L5:
 216              		.loc 1 360 0
 217 0132 0130     		adds	r0, r0, #1
 218              		.loc 1 361 0
 219 0134 9B50     		str	r3, [r3, r2]
 220              		.loc 1 360 0
 221 0136 80B2     		uxth	r0, r0
 222              	.LVL16:
 223              		.loc 1 363 0
 224 0138 8B18     		adds	r3, r1, r2
 225              	.LVL17:
 226              	.L3:
 227              		.loc 1 360 0 discriminator 2
 228 013a 0130     		adds	r0, r0, #1
ARM GAS  C:\Users\jenny\AppData\Local\Temp\cc9iVlBZ.s 			page 5


 229 013c 80B2     		uxth	r0, r0
 230 013e A042     		cmp	r0, r4
 231              		.loc 1 361 0 discriminator 2
 232 0140 1960     		str	r1, [r3, #0]
 233              		.loc 1 363 0 discriminator 2
 234 0142 03EB0201 		add	r1, r3, r2
 235              	.LVL18:
 236              		.loc 1 360 0 discriminator 2
 237 0146 F4D1     		bne	.L5
 238              		.loc 1 338 0
 239 0148 013C     		subs	r4, r4, #1
 240 014a A4B2     		uxth	r4, r4
 241 014c 02FB0451 		mla	r1, r2, r4, r5
 242              	.LVL19:
 243 0150 04FB0222 		mla	r2, r4, r2, r2
 244              	.LVL20:
 245 0154 47F8041C 		str	r1, [r7, #-4]
 246              		.loc 1 363 0
 247 0158 AD18     		adds	r5, r5, r2
 248              	.LVL21:
 249              	.L2:
 250 015a 0236     		adds	r6, r6, #2
 251              		.loc 1 354 0
 252 015c 4745     		cmp	r7, r8
 253 015e D6D1     		bne	.L4
 254              		.loc 1 375 0
 255 0160 BDE8F007 		pop	{r4, r5, r6, r7, r8, r9, sl}
 256 0164 7047     		bx	lr
 257              	.L17:
 258 0166 00BF     		.align	2
 259              	.L16:
 260 0168 00000000 		.word	lwip_stats
 261 016c 00000000 		.word	.LANCHOR1
 262 0170 03000000 		.word	.LANCHOR0+3
 263 0174 00000000 		.word	.LANCHOR2
 264 0178 00000000 		.word	.LANCHOR3
 265              		.cfi_endproc
 266              	.LFE7:
 267              		.size	memp_init, .-memp_init
 268 017c AFF30080 		.section	.text.memp_malloc,"ax",%progbits
 269              		.align	2
 270              		.p2align 4,,15
 271              		.global	memp_malloc
 272              		.thumb
 273              		.thumb_func
 274              		.type	memp_malloc, %function
 275              	memp_malloc:
 276              	.LFB8:
 277              		.loc 1 394 0
 278              		.cfi_startproc
 279              		@ args = 0, pretend = 0, frame = 0
 280              		@ frame_needed = 0, uses_anonymous_args = 0
 281              	.LVL22:
 282              		.loc 1 398 0
 283 0000 0D28     		cmp	r0, #13
 284              		.loc 1 394 0
 285 0002 38B5     		push	{r3, r4, r5, lr}
ARM GAS  C:\Users\jenny\AppData\Local\Temp\cc9iVlBZ.s 			page 6


 286              	.LCFI1:
 287              		.cfi_def_cfa_offset 16
 288              		.cfi_offset 3, -16
 289              		.cfi_offset 4, -12
 290              		.cfi_offset 5, -8
 291              		.cfi_offset 14, -4
 292              		.loc 1 398 0
 293 0004 2BD8     		bhi	.L26
 294              		.loc 1 405 0
 295 0006 184A     		ldr	r2, .L28
 296 0008 52F82040 		ldr	r4, [r2, r0, lsl #2]
 297              	.LVL23:
 298              		.loc 1 407 0
 299 000c DCB1     		cbz	r4, .L21
 300              		.loc 1 414 0
 301 000e 174B     		ldr	r3, .L28+4
 302              		.loc 1 408 0
 303 0010 2168     		ldr	r1, [r4, #0]
 304              		.loc 1 414 0
 305 0012 00EB8005 		add	r5, r0, r0, lsl #2
 306 0016 03EB4503 		add	r3, r3, r5, lsl #1
 307              		.loc 1 408 0
 308 001a 42F82010 		str	r1, [r2, r0, lsl #2]
 309              		.loc 1 414 0
 310 001e B3F8B420 		ldrh	r2, [r3, #180]
 311 0022 B3F8B600 		ldrh	r0, [r3, #182]
 312              	.LVL24:
 313 0026 511C     		adds	r1, r2, #1
 314 0028 8AB2     		uxth	r2, r1
 315 002a 9042     		cmp	r0, r2
 316 002c A3F8B420 		strh	r2, [r3, #180]	@ movhi
 317 0030 38BF     		it	cc
 318 0032 A3F8B620 		strhcc	r2, [r3, #182]	@ movhi
 319              		.loc 1 415 0
 320 0036 A307     		lsls	r3, r4, #30
 321 0038 01D1     		bne	.L27
 322              	.LVL25:
 323              	.L20:
 324              		.loc 1 426 0
 325 003a 2046     		mov	r0, r4
 326 003c 38BD     		pop	{r3, r4, r5, pc}
 327              	.LVL26:
 328              	.L27:
 329              		.loc 1 415 0 discriminator 1
 330 003e FFF7FEFF 		bl	port_halt
 331              	.LVL27:
 332              		.loc 1 426 0 discriminator 1
 333 0042 2046     		mov	r0, r4
 334 0044 38BD     		pop	{r3, r4, r5, pc}
 335              	.LVL28:
 336              	.L21:
 337              		.loc 1 420 0
 338 0046 094B     		ldr	r3, .L28+4
 339 0048 00EB8000 		add	r0, r0, r0, lsl #2
 340              	.LVL29:
 341 004c 03EB4001 		add	r1, r3, r0, lsl #1
 342 0050 B1F8B820 		ldrh	r2, [r1, #184]
ARM GAS  C:\Users\jenny\AppData\Local\Temp\cc9iVlBZ.s 			page 7


 343 0054 501C     		adds	r0, r2, #1
 344 0056 A1F8B800 		strh	r0, [r1, #184]	@ movhi
 345              		.loc 1 426 0
 346 005a 2046     		mov	r0, r4
 347 005c 38BD     		pop	{r3, r4, r5, pc}
 348              	.LVL30:
 349              	.L26:
 350              		.loc 1 398 0 discriminator 1
 351 005e FFF7FEFF 		bl	port_halt
 352              	.LVL31:
 353 0062 0024     		movs	r4, #0
 354 0064 E9E7     		b	.L20
 355              	.L29:
 356 0066 00BF     		.align	2
 357              	.L28:
 358 0068 00000000 		.word	.LANCHOR1
 359 006c 00000000 		.word	lwip_stats
 360              		.cfi_endproc
 361              	.LFE8:
 362              		.size	memp_malloc, .-memp_malloc
 363              		.section	.text.memp_free,"ax",%progbits
 364              		.align	2
 365              		.p2align 4,,15
 366              		.global	memp_free
 367              		.thumb
 368              		.thumb_func
 369              		.type	memp_free, %function
 370              	memp_free:
 371              	.LFB9:
 372              		.loc 1 436 0
 373              		.cfi_startproc
 374              		@ args = 0, pretend = 0, frame = 0
 375              		@ frame_needed = 0, uses_anonymous_args = 0
 376              	.LVL32:
 377 0000 38B5     		push	{r3, r4, r5, lr}
 378              	.LCFI2:
 379              		.cfi_def_cfa_offset 16
 380              		.cfi_offset 3, -16
 381              		.cfi_offset 4, -12
 382              		.cfi_offset 5, -8
 383              		.cfi_offset 14, -4
 384              		.loc 1 440 0
 385 0002 0C46     		mov	r4, r1
 386              		.loc 1 436 0
 387 0004 0546     		mov	r5, r0
 388              		.loc 1 440 0
 389 0006 89B1     		cbz	r1, .L30
 390              		.loc 1 443 0
 391 0008 8A07     		lsls	r2, r1, #30
 392 000a 10D1     		bne	.L39
 393              	.LVL33:
 394              	.L32:
 395              		.loc 1 458 0
 396 000c 094A     		ldr	r2, .L40
 397              		.loc 1 460 0
 398 000e 0A4B     		ldr	r3, .L40+4
 399              		.loc 1 458 0
ARM GAS  C:\Users\jenny\AppData\Local\Temp\cc9iVlBZ.s 			page 8


 400 0010 05EB8501 		add	r1, r5, r5, lsl #2
 401 0014 02EB4102 		add	r2, r2, r1, lsl #1
 402              		.loc 1 460 0
 403 0018 53F82510 		ldr	r1, [r3, r5, lsl #2]
 404              		.loc 1 458 0
 405 001c B2F8B400 		ldrh	r0, [r2, #180]
 406 0020 0138     		subs	r0, r0, #1
 407 0022 A2F8B400 		strh	r0, [r2, #180]	@ movhi
 408              		.loc 1 460 0
 409 0026 2160     		str	r1, [r4, #0]
 410              		.loc 1 461 0
 411 0028 43F82540 		str	r4, [r3, r5, lsl #2]
 412              	.LVL34:
 413              	.L30:
 414 002c 38BD     		pop	{r3, r4, r5, pc}
 415              	.LVL35:
 416              	.L39:
 417              		.loc 1 443 0 discriminator 1
 418 002e FFF7FEFF 		bl	port_halt
 419              	.LVL36:
 420 0032 EBE7     		b	.L32
 421              	.L41:
 422              		.align	2
 423              	.L40:
 424 0034 00000000 		.word	lwip_stats
 425 0038 00000000 		.word	.LANCHOR1
 426              		.cfi_endproc
 427              	.LFE9:
 428              		.size	memp_free, .-memp_free
 429 003c AFF30080 		.section	.rodata.memp_num,"a",%progbits
 430              		.align	2
 431              		.set	.LANCHOR2,. + 0
 432              		.type	memp_num, %object
 433              		.size	memp_num, 28
 434              	memp_num:
 435 0000 0400     		.short	4
 436 0002 0400     		.short	4
 437 0004 0500     		.short	5
 438 0006 0800     		.short	8
 439 0008 1000     		.short	16
 440 000a 0500     		.short	5
 441 000c 0F00     		.short	15
 442 000e 0200     		.short	2
 443 0010 0400     		.short	4
 444 0012 0800     		.short	8
 445 0014 0800     		.short	8
 446 0016 0300     		.short	3
 447 0018 1000     		.short	16
 448 001a 1000     		.short	16
 449              		.section	.bss.memp_memory,"aw",%nobits
 450              		.align	2
 451              		.set	.LANCHOR0,. + 0
 452              		.type	memp_memory, %object
 453              		.size	memp_memory, 12563
 454              	memp_memory:
 455 0000 00000000 		.space	12563
 455      00000000 
ARM GAS  C:\Users\jenny\AppData\Local\Temp\cc9iVlBZ.s 			page 9


 455      00000000 
 455      00000000 
 455      00000000 
 456 3113 00       		.section	.bss.memp_tab,"aw",%nobits
 457              		.align	2
 458              		.set	.LANCHOR1,. + 0
 459              		.type	memp_tab, %object
 460              		.size	memp_tab, 56
 461              	memp_tab:
 462 0000 00000000 		.space	56
 462      00000000 
 462      00000000 
 462      00000000 
 462      00000000 
 463              		.section	.rodata.memp_sizes,"a",%progbits
 464              		.align	2
 465              		.set	.LANCHOR3,. + 0
 466              		.type	memp_sizes, %object
 467              		.size	memp_sizes, 28
 468              	memp_sizes:
 469 0000 1C00     		.short	28
 470 0002 2000     		.short	32
 471 0004 9800     		.short	152
 472 0006 1C00     		.short	28
 473 0008 1000     		.short	16
 474 000a 2000     		.short	32
 475 000c 1800     		.short	24
 476 000e 1000     		.short	16
 477 0010 2C00     		.short	44
 478 0012 1400     		.short	20
 479 0014 1400     		.short	20
 480 0016 1000     		.short	16
 481 0018 1000     		.short	16
 482 001a 6002     		.short	608
 483              		.text
 484              	.Letext0:
 485              		.file 2 "c:\\fbin\\yagarto\\bin\\../lib/gcc/arm-none-eabi/4.7.4/../../../../arm-none-eabi/include/
 486              		.file 3 "../../os/various/lwip_bindings/arch/cc.h"
 487              		.file 4 "../../ext/lwip/src/include/lwip/memp.h"
 488              		.file 5 "../../ext/lwip/src/include/lwip/mem.h"
 489              		.file 6 "../../ext/lwip/src/include/lwip/stats.h"
 490              		.file 7 "../../os/ports/GCC/ARMCMx/chcore_v7m.h"
 491              		.section	.debug_info,"",%progbits
 492              	.Ldebug_info0:
 493 0000 07050000 		.4byte	0x507
 494 0004 0200     		.2byte	0x2
 495 0006 00000000 		.4byte	.Ldebug_abbrev0
 496 000a 04       		.byte	0x4
 497 000b 01       		.uleb128 0x1
 498 000c 8D010000 		.4byte	.LASF68
 499 0010 01       		.byte	0x1
 500 0011 CF020000 		.4byte	.LASF69
 501 0015 5C020000 		.4byte	.LASF70
 502 0019 00000000 		.4byte	.Ldebug_ranges0+0
 503 001d 00000000 		.4byte	0
 504 0021 00000000 		.4byte	0
 505 0025 00000000 		.4byte	.Ldebug_line0
ARM GAS  C:\Users\jenny\AppData\Local\Temp\cc9iVlBZ.s 			page 10


 506 0029 02       		.uleb128 0x2
 507 002a 04       		.byte	0x4
 508 002b 05       		.byte	0x5
 509 002c 696E7400 		.ascii	"int\000"
 510 0030 03       		.uleb128 0x3
 511 0031 04       		.byte	0x4
 512 0032 07       		.byte	0x7
 513 0033 5D030000 		.4byte	.LASF0
 514 0037 03       		.uleb128 0x3
 515 0038 01       		.byte	0x1
 516 0039 06       		.byte	0x6
 517 003a 5B010000 		.4byte	.LASF1
 518 003e 04       		.uleb128 0x4
 519 003f C4000000 		.4byte	.LASF4
 520 0043 02       		.byte	0x2
 521 0044 2A       		.byte	0x2a
 522 0045 49000000 		.4byte	0x49
 523 0049 03       		.uleb128 0x3
 524 004a 01       		.byte	0x1
 525 004b 08       		.byte	0x8
 526 004c 44010000 		.4byte	.LASF2
 527 0050 03       		.uleb128 0x3
 528 0051 02       		.byte	0x2
 529 0052 05       		.byte	0x5
 530 0053 2E000000 		.4byte	.LASF3
 531 0057 04       		.uleb128 0x4
 532 0058 15020000 		.4byte	.LASF5
 533 005c 02       		.byte	0x2
 534 005d 36       		.byte	0x36
 535 005e 62000000 		.4byte	0x62
 536 0062 03       		.uleb128 0x3
 537 0063 02       		.byte	0x2
 538 0064 07       		.byte	0x7
 539 0065 EE010000 		.4byte	.LASF6
 540 0069 03       		.uleb128 0x3
 541 006a 04       		.byte	0x4
 542 006b 05       		.byte	0x5
 543 006c 05010000 		.4byte	.LASF7
 544 0070 04       		.uleb128 0x4
 545 0071 E9000000 		.4byte	.LASF8
 546 0075 02       		.byte	0x2
 547 0076 50       		.byte	0x50
 548 0077 7B000000 		.4byte	0x7b
 549 007b 03       		.uleb128 0x3
 550 007c 04       		.byte	0x4
 551 007d 07       		.byte	0x7
 552 007e BD020000 		.4byte	.LASF9
 553 0082 03       		.uleb128 0x3
 554 0083 08       		.byte	0x8
 555 0084 05       		.byte	0x5
 556 0085 F7000000 		.4byte	.LASF10
 557 0089 03       		.uleb128 0x3
 558 008a 08       		.byte	0x8
 559 008b 07       		.byte	0x7
 560 008c 71010000 		.4byte	.LASF11
 561 0090 03       		.uleb128 0x3
 562 0091 01       		.byte	0x1
ARM GAS  C:\Users\jenny\AppData\Local\Temp\cc9iVlBZ.s 			page 11


 563 0092 02       		.byte	0x2
 564 0093 44020000 		.4byte	.LASF12
 565 0097 05       		.uleb128 0x5
 566 0098 04       		.byte	0x4
 567 0099 03       		.uleb128 0x3
 568 009a 04       		.byte	0x4
 569 009b 07       		.byte	0x7
 570 009c 58000000 		.4byte	.LASF13
 571 00a0 03       		.uleb128 0x3
 572 00a1 01       		.byte	0x1
 573 00a2 08       		.byte	0x8
 574 00a3 10020000 		.4byte	.LASF14
 575 00a7 04       		.uleb128 0x4
 576 00a8 06030000 		.4byte	.LASF15
 577 00ac 03       		.byte	0x3
 578 00ad 38       		.byte	0x38
 579 00ae 3E000000 		.4byte	0x3e
 580 00b2 04       		.uleb128 0x4
 581 00b3 0B030000 		.4byte	.LASF16
 582 00b7 03       		.byte	0x3
 583 00b8 3A       		.byte	0x3a
 584 00b9 57000000 		.4byte	0x57
 585 00bd 04       		.uleb128 0x4
 586 00be 93000000 		.4byte	.LASF17
 587 00c2 03       		.byte	0x3
 588 00c3 3E       		.byte	0x3e
 589 00c4 70000000 		.4byte	0x70
 590 00c8 06       		.uleb128 0x6
 591 00c9 01       		.byte	0x1
 592 00ca 04       		.byte	0x4
 593 00cb 2B       		.byte	0x2b
 594 00cc 2B010000 		.4byte	0x12b
 595 00d0 07       		.uleb128 0x7
 596 00d1 F3020000 		.4byte	.LASF18
 597 00d5 00       		.sleb128 0
 598 00d6 07       		.uleb128 0x7
 599 00d7 61000000 		.4byte	.LASF19
 600 00db 01       		.sleb128 1
 601 00dc 07       		.uleb128 0x7
 602 00dd 38030000 		.4byte	.LASF20
 603 00e1 02       		.sleb128 2
 604 00e2 07       		.uleb128 0x7
 605 00e3 D5000000 		.4byte	.LASF21
 606 00e7 03       		.sleb128 3
 607 00e8 07       		.uleb128 0x7
 608 00e9 3F000000 		.4byte	.LASF22
 609 00ed 04       		.sleb128 4
 610 00ee 07       		.uleb128 0x7
 611 00ef 01020000 		.4byte	.LASF23
 612 00f3 05       		.sleb128 5
 613 00f4 07       		.uleb128 0x7
 614 00f5 B5000000 		.4byte	.LASF24
 615 00f9 06       		.sleb128 6
 616 00fa 07       		.uleb128 0x7
 617 00fb 7D030000 		.4byte	.LASF25
 618 00ff 07       		.sleb128 7
 619 0100 07       		.uleb128 0x7
ARM GAS  C:\Users\jenny\AppData\Local\Temp\cc9iVlBZ.s 			page 12


 620 0101 2B030000 		.4byte	.LASF26
 621 0105 08       		.sleb128 8
 622 0106 07       		.uleb128 0x7
 623 0107 1E020000 		.4byte	.LASF27
 624 010b 09       		.sleb128 9
 625 010c 07       		.uleb128 0x7
 626 010d 2F010000 		.4byte	.LASF28
 627 0111 0A       		.sleb128 10
 628 0112 07       		.uleb128 0x7
 629 0113 A4000000 		.4byte	.LASF29
 630 0117 0B       		.sleb128 11
 631 0118 07       		.uleb128 0x7
 632 0119 52020000 		.4byte	.LASF30
 633 011d 0C       		.sleb128 12
 634 011e 07       		.uleb128 0x7
 635 011f 11030000 		.4byte	.LASF31
 636 0123 0D       		.sleb128 13
 637 0124 07       		.uleb128 0x7
 638 0125 52010000 		.4byte	.LASF32
 639 0129 0E       		.sleb128 14
 640 012a 00       		.byte	0
 641 012b 04       		.uleb128 0x4
 642 012c 38000000 		.4byte	.LASF33
 643 0130 04       		.byte	0x4
 644 0131 2F       		.byte	0x2f
 645 0132 C8000000 		.4byte	0xc8
 646 0136 04       		.uleb128 0x4
 647 0137 18010000 		.4byte	.LASF34
 648 013b 05       		.byte	0x5
 649 013c 4C       		.byte	0x4c
 650 013d B2000000 		.4byte	0xb2
 651 0141 08       		.uleb128 0x8
 652 0142 4C000000 		.4byte	.LASF45
 653 0146 18       		.byte	0x18
 654 0147 06       		.byte	0x6
 655 0148 3A       		.byte	0x3a
 656 0149 F5010000 		.4byte	0x1f5
 657 014d 09       		.uleb128 0x9
 658 014e 7A000000 		.4byte	.LASF35
 659 0152 06       		.byte	0x6
 660 0153 3B       		.byte	0x3b
 661 0154 B2000000 		.4byte	0xb2
 662 0158 02       		.byte	0x2
 663 0159 23       		.byte	0x23
 664 015a 00       		.uleb128 0
 665 015b 09       		.uleb128 0x9
 666 015c 58030000 		.4byte	.LASF36
 667 0160 06       		.byte	0x6
 668 0161 3C       		.byte	0x3c
 669 0162 B2000000 		.4byte	0xb2
 670 0166 02       		.byte	0x2
 671 0167 23       		.byte	0x23
 672 0168 02       		.uleb128 0x2
 673 0169 0A       		.uleb128 0xa
 674 016a 667700   		.ascii	"fw\000"
 675 016d 06       		.byte	0x6
 676 016e 3D       		.byte	0x3d
ARM GAS  C:\Users\jenny\AppData\Local\Temp\cc9iVlBZ.s 			page 13


 677 016f B2000000 		.4byte	0xb2
 678 0173 02       		.byte	0x2
 679 0174 23       		.byte	0x23
 680 0175 04       		.uleb128 0x4
 681 0176 09       		.uleb128 0x9
 682 0177 2A010000 		.4byte	.LASF37
 683 017b 06       		.byte	0x6
 684 017c 3E       		.byte	0x3e
 685 017d B2000000 		.4byte	0xb2
 686 0181 02       		.byte	0x2
 687 0182 23       		.byte	0x23
 688 0183 06       		.uleb128 0x6
 689 0184 09       		.uleb128 0x9
 690 0185 10000000 		.4byte	.LASF38
 691 0189 06       		.byte	0x6
 692 018a 3F       		.byte	0x3f
 693 018b B2000000 		.4byte	0xb2
 694 018f 02       		.byte	0x2
 695 0190 23       		.byte	0x23
 696 0191 08       		.uleb128 0x8
 697 0192 09       		.uleb128 0x9
 698 0193 9D000000 		.4byte	.LASF39
 699 0197 06       		.byte	0x6
 700 0198 40       		.byte	0x40
 701 0199 B2000000 		.4byte	0xb2
 702 019d 02       		.byte	0x2
 703 019e 23       		.byte	0x23
 704 019f 0A       		.uleb128 0xa
 705 01a0 09       		.uleb128 0x9
 706 01a1 23010000 		.4byte	.LASF40
 707 01a5 06       		.byte	0x6
 708 01a6 41       		.byte	0x41
 709 01a7 B2000000 		.4byte	0xb2
 710 01ab 02       		.byte	0x2
 711 01ac 23       		.byte	0x23
 712 01ad 0C       		.uleb128 0xc
 713 01ae 09       		.uleb128 0x9
 714 01af 00030000 		.4byte	.LASF41
 715 01b3 06       		.byte	0x6
 716 01b4 42       		.byte	0x42
 717 01b5 B2000000 		.4byte	0xb2
 718 01b9 02       		.byte	0x2
 719 01ba 23       		.byte	0x23
 720 01bb 0E       		.uleb128 0xe
 721 01bc 09       		.uleb128 0x9
 722 01bd 3C020000 		.4byte	.LASF42
 723 01c1 06       		.byte	0x6
 724 01c2 43       		.byte	0x43
 725 01c3 B2000000 		.4byte	0xb2
 726 01c7 02       		.byte	0x2
 727 01c8 23       		.byte	0x23
 728 01c9 10       		.uleb128 0x10
 729 01ca 09       		.uleb128 0x9
 730 01cb E1010000 		.4byte	.LASF43
 731 01cf 06       		.byte	0x6
 732 01d0 44       		.byte	0x44
 733 01d1 B2000000 		.4byte	0xb2
ARM GAS  C:\Users\jenny\AppData\Local\Temp\cc9iVlBZ.s 			page 14


 734 01d5 02       		.byte	0x2
 735 01d6 23       		.byte	0x23
 736 01d7 12       		.uleb128 0x12
 737 01d8 0A       		.uleb128 0xa
 738 01d9 65727200 		.ascii	"err\000"
 739 01dd 06       		.byte	0x6
 740 01de 45       		.byte	0x45
 741 01df B2000000 		.4byte	0xb2
 742 01e3 02       		.byte	0x2
 743 01e4 23       		.byte	0x23
 744 01e5 14       		.uleb128 0x14
 745 01e6 09       		.uleb128 0x9
 746 01e7 CC000000 		.4byte	.LASF44
 747 01eb 06       		.byte	0x6
 748 01ec 46       		.byte	0x46
 749 01ed B2000000 		.4byte	0xb2
 750 01f1 02       		.byte	0x2
 751 01f2 23       		.byte	0x23
 752 01f3 16       		.uleb128 0x16
 753 01f4 00       		.byte	0
 754 01f5 08       		.uleb128 0x8
 755 01f6 89000000 		.4byte	.LASF46
 756 01fa 0A       		.byte	0xa
 757 01fb 06       		.byte	0x6
 758 01fc 5A       		.byte	0x5a
 759 01fd 48020000 		.4byte	0x248
 760 0201 09       		.uleb128 0x9
 761 0202 25030000 		.4byte	.LASF47
 762 0206 06       		.byte	0x6
 763 0207 5E       		.byte	0x5e
 764 0208 36010000 		.4byte	0x136
 765 020c 02       		.byte	0x2
 766 020d 23       		.byte	0x23
 767 020e 00       		.uleb128 0
 768 020f 09       		.uleb128 0x9
 769 0210 20030000 		.4byte	.LASF48
 770 0214 06       		.byte	0x6
 771 0215 5F       		.byte	0x5f
 772 0216 36010000 		.4byte	0x136
 773 021a 02       		.byte	0x2
 774 021b 23       		.byte	0x23
 775 021c 02       		.uleb128 0x2
 776 021d 0A       		.uleb128 0xa
 777 021e 6D617800 		.ascii	"max\000"
 778 0222 06       		.byte	0x6
 779 0223 60       		.byte	0x60
 780 0224 36010000 		.4byte	0x136
 781 0228 02       		.byte	0x2
 782 0229 23       		.byte	0x23
 783 022a 04       		.uleb128 0x4
 784 022b 0A       		.uleb128 0xa
 785 022c 65727200 		.ascii	"err\000"
 786 0230 06       		.byte	0x6
 787 0231 61       		.byte	0x61
 788 0232 B2000000 		.4byte	0xb2
 789 0236 02       		.byte	0x2
 790 0237 23       		.byte	0x23
ARM GAS  C:\Users\jenny\AppData\Local\Temp\cc9iVlBZ.s 			page 15


 791 0238 06       		.uleb128 0x6
 792 0239 09       		.uleb128 0x9
 793 023a 4A020000 		.4byte	.LASF49
 794 023e 06       		.byte	0x6
 795 023f 62       		.byte	0x62
 796 0240 B2000000 		.4byte	0xb2
 797 0244 02       		.byte	0x2
 798 0245 23       		.byte	0x23
 799 0246 08       		.uleb128 0x8
 800 0247 00       		.byte	0
 801 0248 08       		.uleb128 0x8
 802 0249 AF020000 		.4byte	.LASF50
 803 024d 06       		.byte	0x6
 804 024e 06       		.byte	0x6
 805 024f 65       		.byte	0x65
 806 0250 7F020000 		.4byte	0x27f
 807 0254 09       		.uleb128 0x9
 808 0255 20030000 		.4byte	.LASF48
 809 0259 06       		.byte	0x6
 810 025a 66       		.byte	0x66
 811 025b B2000000 		.4byte	0xb2
 812 025f 02       		.byte	0x2
 813 0260 23       		.byte	0x23
 814 0261 00       		.uleb128 0
 815 0262 0A       		.uleb128 0xa
 816 0263 6D617800 		.ascii	"max\000"
 817 0267 06       		.byte	0x6
 818 0268 67       		.byte	0x67
 819 0269 B2000000 		.4byte	0xb2
 820 026d 02       		.byte	0x2
 821 026e 23       		.byte	0x23
 822 026f 02       		.uleb128 0x2
 823 0270 0A       		.uleb128 0xa
 824 0271 65727200 		.ascii	"err\000"
 825 0275 06       		.byte	0x6
 826 0276 68       		.byte	0x68
 827 0277 B2000000 		.4byte	0xb2
 828 027b 02       		.byte	0x2
 829 027c 23       		.byte	0x23
 830 027d 04       		.uleb128 0x4
 831 027e 00       		.byte	0
 832 027f 08       		.uleb128 0x8
 833 0280 67010000 		.4byte	.LASF51
 834 0284 12       		.byte	0x12
 835 0285 06       		.byte	0x6
 836 0286 6B       		.byte	0x6b
 837 0287 B6020000 		.4byte	0x2b6
 838 028b 0A       		.uleb128 0xa
 839 028c 73656D00 		.ascii	"sem\000"
 840 0290 06       		.byte	0x6
 841 0291 6C       		.byte	0x6c
 842 0292 48020000 		.4byte	0x248
 843 0296 02       		.byte	0x2
 844 0297 23       		.byte	0x23
 845 0298 00       		.uleb128 0
 846 0299 09       		.uleb128 0x9
 847 029a E8010000 		.4byte	.LASF52
ARM GAS  C:\Users\jenny\AppData\Local\Temp\cc9iVlBZ.s 			page 16


 848 029e 06       		.byte	0x6
 849 029f 6D       		.byte	0x6d
 850 02a0 48020000 		.4byte	0x248
 851 02a4 02       		.byte	0x2
 852 02a5 23       		.byte	0x23
 853 02a6 06       		.uleb128 0x6
 854 02a7 09       		.uleb128 0x9
 855 02a8 21000000 		.4byte	.LASF53
 856 02ac 06       		.byte	0x6
 857 02ad 6E       		.byte	0x6e
 858 02ae 48020000 		.4byte	0x248
 859 02b2 02       		.byte	0x2
 860 02b3 23       		.byte	0x23
 861 02b4 0C       		.uleb128 0xc
 862 02b5 00       		.byte	0
 863 02b6 0B       		.uleb128 0xb
 864 02b7 00000000 		.4byte	.LASF54
 865 02bb 5001     		.2byte	0x150
 866 02bd 06       		.byte	0x6
 867 02be 71       		.byte	0x71
 868 02bf 53030000 		.4byte	0x353
 869 02c3 09       		.uleb128 0x9
 870 02c4 F2000000 		.4byte	.LASF55
 871 02c8 06       		.byte	0x6
 872 02c9 73       		.byte	0x73
 873 02ca 41010000 		.4byte	0x141
 874 02ce 02       		.byte	0x2
 875 02cf 23       		.byte	0x23
 876 02d0 00       		.uleb128 0
 877 02d1 09       		.uleb128 0x9
 878 02d2 45030000 		.4byte	.LASF56
 879 02d6 06       		.byte	0x6
 880 02d7 76       		.byte	0x76
 881 02d8 41010000 		.4byte	0x141
 882 02dc 02       		.byte	0x2
 883 02dd 23       		.byte	0x23
 884 02de 18       		.uleb128 0x18
 885 02df 09       		.uleb128 0x9
 886 02e0 26000000 		.4byte	.LASF57
 887 02e4 06       		.byte	0x6
 888 02e5 79       		.byte	0x79
 889 02e6 41010000 		.4byte	0x141
 890 02ea 02       		.byte	0x2
 891 02eb 23       		.byte	0x23
 892 02ec 30       		.uleb128 0x30
 893 02ed 0A       		.uleb128 0xa
 894 02ee 697000   		.ascii	"ip\000"
 895 02f1 06       		.byte	0x6
 896 02f2 7C       		.byte	0x7c
 897 02f3 41010000 		.4byte	0x141
 898 02f7 02       		.byte	0x2
 899 02f8 23       		.byte	0x23
 900 02f9 48       		.uleb128 0x48
 901 02fa 09       		.uleb128 0x9
 902 02fb 73030000 		.4byte	.LASF58
 903 02ff 06       		.byte	0x6
 904 0300 7F       		.byte	0x7f
ARM GAS  C:\Users\jenny\AppData\Local\Temp\cc9iVlBZ.s 			page 17


 905 0301 41010000 		.4byte	0x141
 906 0305 02       		.byte	0x2
 907 0306 23       		.byte	0x23
 908 0307 60       		.uleb128 0x60
 909 0308 0A       		.uleb128 0xa
 910 0309 75647000 		.ascii	"udp\000"
 911 030d 06       		.byte	0x6
 912 030e 85       		.byte	0x85
 913 030f 41010000 		.4byte	0x141
 914 0313 02       		.byte	0x2
 915 0314 23       		.byte	0x23
 916 0315 78       		.uleb128 0x78
 917 0316 0A       		.uleb128 0xa
 918 0317 74637000 		.ascii	"tcp\000"
 919 031b 06       		.byte	0x6
 920 031c 88       		.byte	0x88
 921 031d 41010000 		.4byte	0x141
 922 0321 03       		.byte	0x3
 923 0322 23       		.byte	0x23
 924 0323 9001     		.uleb128 0x90
 925 0325 0A       		.uleb128 0xa
 926 0326 6D656D00 		.ascii	"mem\000"
 927 032a 06       		.byte	0x6
 928 032b 8B       		.byte	0x8b
 929 032c F5010000 		.4byte	0x1f5
 930 0330 03       		.byte	0x3
 931 0331 23       		.byte	0x23
 932 0332 A801     		.uleb128 0xa8
 933 0334 09       		.uleb128 0x9
 934 0335 EE020000 		.4byte	.LASF59
 935 0339 06       		.byte	0x6
 936 033a 8E       		.byte	0x8e
 937 033b 53030000 		.4byte	0x353
 938 033f 03       		.byte	0x3
 939 0340 23       		.byte	0x23
 940 0341 B201     		.uleb128 0xb2
 941 0343 0A       		.uleb128 0xa
 942 0344 73797300 		.ascii	"sys\000"
 943 0348 06       		.byte	0x6
 944 0349 91       		.byte	0x91
 945 034a 7F020000 		.4byte	0x27f
 946 034e 03       		.byte	0x3
 947 034f 23       		.byte	0x23
 948 0350 BE02     		.uleb128 0x13e
 949 0352 00       		.byte	0
 950 0353 0C       		.uleb128 0xc
 951 0354 F5010000 		.4byte	0x1f5
 952 0358 63030000 		.4byte	0x363
 953 035c 0D       		.uleb128 0xd
 954 035d 99000000 		.4byte	0x99
 955 0361 0D       		.byte	0xd
 956 0362 00       		.byte	0
 957 0363 08       		.uleb128 0x8
 958 0364 EE020000 		.4byte	.LASF59
 959 0368 04       		.byte	0x4
 960 0369 01       		.byte	0x1
 961 036a 42       		.byte	0x42
ARM GAS  C:\Users\jenny\AppData\Local\Temp\cc9iVlBZ.s 			page 18


 962 036b 7E030000 		.4byte	0x37e
 963 036f 09       		.uleb128 0x9
 964 0370 78030000 		.4byte	.LASF60
 965 0374 01       		.byte	0x1
 966 0375 43       		.byte	0x43
 967 0376 7E030000 		.4byte	0x37e
 968 037a 02       		.byte	0x2
 969 037b 23       		.byte	0x23
 970 037c 00       		.uleb128 0
 971 037d 00       		.byte	0
 972 037e 0E       		.uleb128 0xe
 973 037f 04       		.byte	0x4
 974 0380 63030000 		.4byte	0x363
 975 0384 0F       		.uleb128 0xf
 976 0385 01       		.byte	0x1
 977 0386 0E010000 		.4byte	.LASF61
 978 038a 01       		.byte	0x1
 979 038b 5201     		.2byte	0x152
 980 038d 01       		.byte	0x1
 981 038e 00000000 		.4byte	.LFB7
 982 0392 7C010000 		.4byte	.LFE7
 983 0396 00000000 		.4byte	.LLST0
 984 039a 01       		.byte	0x1
 985 039b CC030000 		.4byte	0x3cc
 986 039f 10       		.uleb128 0x10
 987 03a0 EE020000 		.4byte	.LASF59
 988 03a4 01       		.byte	0x1
 989 03a5 5401     		.2byte	0x154
 990 03a7 7E030000 		.4byte	0x37e
 991 03ab 20000000 		.4byte	.LLST1
 992 03af 11       		.uleb128 0x11
 993 03b0 6900     		.ascii	"i\000"
 994 03b2 01       		.byte	0x1
 995 03b3 5501     		.2byte	0x155
 996 03b5 B2000000 		.4byte	0xb2
 997 03b9 7D000000 		.4byte	.LLST2
 998 03bd 11       		.uleb128 0x11
 999 03be 6A00     		.ascii	"j\000"
 1000 03c0 01       		.byte	0x1
 1001 03c1 5501     		.2byte	0x155
 1002 03c3 B2000000 		.4byte	0xb2
 1003 03c7 09010000 		.4byte	.LLST3
 1004 03cb 00       		.byte	0
 1005 03cc 12       		.uleb128 0x12
 1006 03cd 01       		.byte	0x1
 1007 03ce 4C030000 		.4byte	.LASF71
 1008 03d2 01       		.byte	0x1
 1009 03d3 8601     		.2byte	0x186
 1010 03d5 01       		.byte	0x1
 1011 03d6 97000000 		.4byte	0x97
 1012 03da 00000000 		.4byte	.LFB8
 1013 03de 70000000 		.4byte	.LFE8
 1014 03e2 33010000 		.4byte	.LLST4
 1015 03e6 01       		.byte	0x1
 1016 03e7 1E040000 		.4byte	0x41e
 1017 03eb 13       		.uleb128 0x13
 1018 03ec 88010000 		.4byte	.LASF63
ARM GAS  C:\Users\jenny\AppData\Local\Temp\cc9iVlBZ.s 			page 19


 1019 03f0 01       		.byte	0x1
 1020 03f1 8601     		.2byte	0x186
 1021 03f3 2B010000 		.4byte	0x12b
 1022 03f7 53010000 		.4byte	.LLST5
 1023 03fb 10       		.uleb128 0x10
 1024 03fc EE020000 		.4byte	.LASF59
 1025 0400 01       		.byte	0x1
 1026 0401 8B01     		.2byte	0x18b
 1027 0403 7E030000 		.4byte	0x37e
 1028 0407 A6010000 		.4byte	.LLST6
 1029 040b 14       		.uleb128 0x14
 1030 040c 42000000 		.4byte	.LVL27
 1031 0410 FF040000 		.4byte	0x4ff
 1032 0414 14       		.uleb128 0x14
 1033 0415 62000000 		.4byte	.LVL31
 1034 0419 FF040000 		.4byte	0x4ff
 1035 041d 00       		.byte	0
 1036 041e 0F       		.uleb128 0xf
 1037 041f 01       		.byte	0x1
 1038 0420 17000000 		.4byte	.LASF62
 1039 0424 01       		.byte	0x1
 1040 0425 B301     		.2byte	0x1b3
 1041 0427 01       		.byte	0x1
 1042 0428 00000000 		.4byte	.LFB9
 1043 042c 3C000000 		.4byte	.LFE9
 1044 0430 C4010000 		.4byte	.LLST7
 1045 0434 01       		.byte	0x1
 1046 0435 73040000 		.4byte	0x473
 1047 0439 13       		.uleb128 0x13
 1048 043a 88010000 		.4byte	.LASF63
 1049 043e 01       		.byte	0x1
 1050 043f B301     		.2byte	0x1b3
 1051 0441 2B010000 		.4byte	0x12b
 1052 0445 E4010000 		.4byte	.LLST8
 1053 0449 15       		.uleb128 0x15
 1054 044a 6D656D00 		.ascii	"mem\000"
 1055 044e 01       		.byte	0x1
 1056 044f B301     		.2byte	0x1b3
 1057 0451 97000000 		.4byte	0x97
 1058 0455 1E020000 		.4byte	.LLST9
 1059 0459 10       		.uleb128 0x10
 1060 045a EE020000 		.4byte	.LASF59
 1061 045e 01       		.byte	0x1
 1062 045f B501     		.2byte	0x1b5
 1063 0461 7E030000 		.4byte	0x37e
 1064 0465 52020000 		.4byte	.LLST10
 1065 0469 14       		.uleb128 0x14
 1066 046a 32000000 		.4byte	.LVL36
 1067 046e FF040000 		.4byte	0x4ff
 1068 0472 00       		.byte	0
 1069 0473 0C       		.uleb128 0xc
 1070 0474 7E030000 		.4byte	0x37e
 1071 0478 83040000 		.4byte	0x483
 1072 047c 0D       		.uleb128 0xd
 1073 047d 99000000 		.4byte	0x99
 1074 0481 0D       		.byte	0xd
 1075 0482 00       		.byte	0
ARM GAS  C:\Users\jenny\AppData\Local\Temp\cc9iVlBZ.s 			page 20


 1076 0483 16       		.uleb128 0x16
 1077 0484 6A030000 		.4byte	.LASF64
 1078 0488 01       		.byte	0x1
 1079 0489 75       		.byte	0x75
 1080 048a 73040000 		.4byte	0x473
 1081 048e 05       		.byte	0x5
 1082 048f 03       		.byte	0x3
 1083 0490 00000000 		.4byte	memp_tab
 1084 0494 0C       		.uleb128 0xc
 1085 0495 B2000000 		.4byte	0xb2
 1086 0499 A4040000 		.4byte	0x4a4
 1087 049d 0D       		.uleb128 0xd
 1088 049e 99000000 		.4byte	0x99
 1089 04a2 0D       		.byte	0xd
 1090 04a3 00       		.byte	0
 1091 04a4 16       		.uleb128 0x16
 1092 04a5 D6010000 		.4byte	.LASF65
 1093 04a9 01       		.byte	0x1
 1094 04aa 81       		.byte	0x81
 1095 04ab B5040000 		.4byte	0x4b5
 1096 04af 05       		.byte	0x5
 1097 04b0 03       		.byte	0x3
 1098 04b1 00000000 		.4byte	memp_sizes
 1099 04b5 17       		.uleb128 0x17
 1100 04b6 94040000 		.4byte	0x494
 1101 04ba 16       		.uleb128 0x16
 1102 04bb 07000000 		.4byte	.LASF66
 1103 04bf 01       		.byte	0x1
 1104 04c0 89       		.byte	0x89
 1105 04c1 CB040000 		.4byte	0x4cb
 1106 04c5 05       		.byte	0x5
 1107 04c6 03       		.byte	0x3
 1108 04c7 00000000 		.4byte	memp_num
 1109 04cb 17       		.uleb128 0x17
 1110 04cc 94040000 		.4byte	0x494
 1111 04d0 0C       		.uleb128 0xc
 1112 04d1 A7000000 		.4byte	0xa7
 1113 04d5 E1040000 		.4byte	0x4e1
 1114 04d9 18       		.uleb128 0x18
 1115 04da 99000000 		.4byte	0x99
 1116 04de 1231     		.2byte	0x3112
 1117 04e0 00       		.byte	0
 1118 04e1 16       		.uleb128 0x16
 1119 04e2 6E000000 		.4byte	.LASF67
 1120 04e6 01       		.byte	0x1
 1121 04e7 AA       		.byte	0xaa
 1122 04e8 D0040000 		.4byte	0x4d0
 1123 04ec 05       		.byte	0x5
 1124 04ed 03       		.byte	0x3
 1125 04ee 00000000 		.4byte	memp_memory
 1126 04f2 19       		.uleb128 0x19
 1127 04f3 31020000 		.4byte	.LASF72
 1128 04f7 06       		.byte	0x6
 1129 04f8 95       		.byte	0x95
 1130 04f9 B6020000 		.4byte	0x2b6
 1131 04fd 01       		.byte	0x1
 1132 04fe 01       		.byte	0x1
ARM GAS  C:\Users\jenny\AppData\Local\Temp\cc9iVlBZ.s 			page 21


 1133 04ff 1A       		.uleb128 0x1a
 1134 0500 01       		.byte	0x1
 1135 0501 7F000000 		.4byte	.LASF73
 1136 0505 07       		.byte	0x7
 1137 0506 0102     		.2byte	0x201
 1138 0508 01       		.byte	0x1
 1139 0509 01       		.byte	0x1
 1140 050a 00       		.byte	0
 1141              		.section	.debug_abbrev,"",%progbits
 1142              	.Ldebug_abbrev0:
 1143 0000 01       		.uleb128 0x1
 1144 0001 11       		.uleb128 0x11
 1145 0002 01       		.byte	0x1
 1146 0003 25       		.uleb128 0x25
 1147 0004 0E       		.uleb128 0xe
 1148 0005 13       		.uleb128 0x13
 1149 0006 0B       		.uleb128 0xb
 1150 0007 03       		.uleb128 0x3
 1151 0008 0E       		.uleb128 0xe
 1152 0009 1B       		.uleb128 0x1b
 1153 000a 0E       		.uleb128 0xe
 1154 000b 55       		.uleb128 0x55
 1155 000c 06       		.uleb128 0x6
 1156 000d 11       		.uleb128 0x11
 1157 000e 01       		.uleb128 0x1
 1158 000f 52       		.uleb128 0x52
 1159 0010 01       		.uleb128 0x1
 1160 0011 10       		.uleb128 0x10
 1161 0012 06       		.uleb128 0x6
 1162 0013 00       		.byte	0
 1163 0014 00       		.byte	0
 1164 0015 02       		.uleb128 0x2
 1165 0016 24       		.uleb128 0x24
 1166 0017 00       		.byte	0
 1167 0018 0B       		.uleb128 0xb
 1168 0019 0B       		.uleb128 0xb
 1169 001a 3E       		.uleb128 0x3e
 1170 001b 0B       		.uleb128 0xb
 1171 001c 03       		.uleb128 0x3
 1172 001d 08       		.uleb128 0x8
 1173 001e 00       		.byte	0
 1174 001f 00       		.byte	0
 1175 0020 03       		.uleb128 0x3
 1176 0021 24       		.uleb128 0x24
 1177 0022 00       		.byte	0
 1178 0023 0B       		.uleb128 0xb
 1179 0024 0B       		.uleb128 0xb
 1180 0025 3E       		.uleb128 0x3e
 1181 0026 0B       		.uleb128 0xb
 1182 0027 03       		.uleb128 0x3
 1183 0028 0E       		.uleb128 0xe
 1184 0029 00       		.byte	0
 1185 002a 00       		.byte	0
 1186 002b 04       		.uleb128 0x4
 1187 002c 16       		.uleb128 0x16
 1188 002d 00       		.byte	0
 1189 002e 03       		.uleb128 0x3
ARM GAS  C:\Users\jenny\AppData\Local\Temp\cc9iVlBZ.s 			page 22


 1190 002f 0E       		.uleb128 0xe
 1191 0030 3A       		.uleb128 0x3a
 1192 0031 0B       		.uleb128 0xb
 1193 0032 3B       		.uleb128 0x3b
 1194 0033 0B       		.uleb128 0xb
 1195 0034 49       		.uleb128 0x49
 1196 0035 13       		.uleb128 0x13
 1197 0036 00       		.byte	0
 1198 0037 00       		.byte	0
 1199 0038 05       		.uleb128 0x5
 1200 0039 0F       		.uleb128 0xf
 1201 003a 00       		.byte	0
 1202 003b 0B       		.uleb128 0xb
 1203 003c 0B       		.uleb128 0xb
 1204 003d 00       		.byte	0
 1205 003e 00       		.byte	0
 1206 003f 06       		.uleb128 0x6
 1207 0040 04       		.uleb128 0x4
 1208 0041 01       		.byte	0x1
 1209 0042 0B       		.uleb128 0xb
 1210 0043 0B       		.uleb128 0xb
 1211 0044 3A       		.uleb128 0x3a
 1212 0045 0B       		.uleb128 0xb
 1213 0046 3B       		.uleb128 0x3b
 1214 0047 0B       		.uleb128 0xb
 1215 0048 01       		.uleb128 0x1
 1216 0049 13       		.uleb128 0x13
 1217 004a 00       		.byte	0
 1218 004b 00       		.byte	0
 1219 004c 07       		.uleb128 0x7
 1220 004d 28       		.uleb128 0x28
 1221 004e 00       		.byte	0
 1222 004f 03       		.uleb128 0x3
 1223 0050 0E       		.uleb128 0xe
 1224 0051 1C       		.uleb128 0x1c
 1225 0052 0D       		.uleb128 0xd
 1226 0053 00       		.byte	0
 1227 0054 00       		.byte	0
 1228 0055 08       		.uleb128 0x8
 1229 0056 13       		.uleb128 0x13
 1230 0057 01       		.byte	0x1
 1231 0058 03       		.uleb128 0x3
 1232 0059 0E       		.uleb128 0xe
 1233 005a 0B       		.uleb128 0xb
 1234 005b 0B       		.uleb128 0xb
 1235 005c 3A       		.uleb128 0x3a
 1236 005d 0B       		.uleb128 0xb
 1237 005e 3B       		.uleb128 0x3b
 1238 005f 0B       		.uleb128 0xb
 1239 0060 01       		.uleb128 0x1
 1240 0061 13       		.uleb128 0x13
 1241 0062 00       		.byte	0
 1242 0063 00       		.byte	0
 1243 0064 09       		.uleb128 0x9
 1244 0065 0D       		.uleb128 0xd
 1245 0066 00       		.byte	0
 1246 0067 03       		.uleb128 0x3
ARM GAS  C:\Users\jenny\AppData\Local\Temp\cc9iVlBZ.s 			page 23


 1247 0068 0E       		.uleb128 0xe
 1248 0069 3A       		.uleb128 0x3a
 1249 006a 0B       		.uleb128 0xb
 1250 006b 3B       		.uleb128 0x3b
 1251 006c 0B       		.uleb128 0xb
 1252 006d 49       		.uleb128 0x49
 1253 006e 13       		.uleb128 0x13
 1254 006f 38       		.uleb128 0x38
 1255 0070 0A       		.uleb128 0xa
 1256 0071 00       		.byte	0
 1257 0072 00       		.byte	0
 1258 0073 0A       		.uleb128 0xa
 1259 0074 0D       		.uleb128 0xd
 1260 0075 00       		.byte	0
 1261 0076 03       		.uleb128 0x3
 1262 0077 08       		.uleb128 0x8
 1263 0078 3A       		.uleb128 0x3a
 1264 0079 0B       		.uleb128 0xb
 1265 007a 3B       		.uleb128 0x3b
 1266 007b 0B       		.uleb128 0xb
 1267 007c 49       		.uleb128 0x49
 1268 007d 13       		.uleb128 0x13
 1269 007e 38       		.uleb128 0x38
 1270 007f 0A       		.uleb128 0xa
 1271 0080 00       		.byte	0
 1272 0081 00       		.byte	0
 1273 0082 0B       		.uleb128 0xb
 1274 0083 13       		.uleb128 0x13
 1275 0084 01       		.byte	0x1
 1276 0085 03       		.uleb128 0x3
 1277 0086 0E       		.uleb128 0xe
 1278 0087 0B       		.uleb128 0xb
 1279 0088 05       		.uleb128 0x5
 1280 0089 3A       		.uleb128 0x3a
 1281 008a 0B       		.uleb128 0xb
 1282 008b 3B       		.uleb128 0x3b
 1283 008c 0B       		.uleb128 0xb
 1284 008d 01       		.uleb128 0x1
 1285 008e 13       		.uleb128 0x13
 1286 008f 00       		.byte	0
 1287 0090 00       		.byte	0
 1288 0091 0C       		.uleb128 0xc
 1289 0092 01       		.uleb128 0x1
 1290 0093 01       		.byte	0x1
 1291 0094 49       		.uleb128 0x49
 1292 0095 13       		.uleb128 0x13
 1293 0096 01       		.uleb128 0x1
 1294 0097 13       		.uleb128 0x13
 1295 0098 00       		.byte	0
 1296 0099 00       		.byte	0
 1297 009a 0D       		.uleb128 0xd
 1298 009b 21       		.uleb128 0x21
 1299 009c 00       		.byte	0
 1300 009d 49       		.uleb128 0x49
 1301 009e 13       		.uleb128 0x13
 1302 009f 2F       		.uleb128 0x2f
 1303 00a0 0B       		.uleb128 0xb
ARM GAS  C:\Users\jenny\AppData\Local\Temp\cc9iVlBZ.s 			page 24


 1304 00a1 00       		.byte	0
 1305 00a2 00       		.byte	0
 1306 00a3 0E       		.uleb128 0xe
 1307 00a4 0F       		.uleb128 0xf
 1308 00a5 00       		.byte	0
 1309 00a6 0B       		.uleb128 0xb
 1310 00a7 0B       		.uleb128 0xb
 1311 00a8 49       		.uleb128 0x49
 1312 00a9 13       		.uleb128 0x13
 1313 00aa 00       		.byte	0
 1314 00ab 00       		.byte	0
 1315 00ac 0F       		.uleb128 0xf
 1316 00ad 2E       		.uleb128 0x2e
 1317 00ae 01       		.byte	0x1
 1318 00af 3F       		.uleb128 0x3f
 1319 00b0 0C       		.uleb128 0xc
 1320 00b1 03       		.uleb128 0x3
 1321 00b2 0E       		.uleb128 0xe
 1322 00b3 3A       		.uleb128 0x3a
 1323 00b4 0B       		.uleb128 0xb
 1324 00b5 3B       		.uleb128 0x3b
 1325 00b6 05       		.uleb128 0x5
 1326 00b7 27       		.uleb128 0x27
 1327 00b8 0C       		.uleb128 0xc
 1328 00b9 11       		.uleb128 0x11
 1329 00ba 01       		.uleb128 0x1
 1330 00bb 12       		.uleb128 0x12
 1331 00bc 01       		.uleb128 0x1
 1332 00bd 40       		.uleb128 0x40
 1333 00be 06       		.uleb128 0x6
 1334 00bf 9742     		.uleb128 0x2117
 1335 00c1 0C       		.uleb128 0xc
 1336 00c2 01       		.uleb128 0x1
 1337 00c3 13       		.uleb128 0x13
 1338 00c4 00       		.byte	0
 1339 00c5 00       		.byte	0
 1340 00c6 10       		.uleb128 0x10
 1341 00c7 34       		.uleb128 0x34
 1342 00c8 00       		.byte	0
 1343 00c9 03       		.uleb128 0x3
 1344 00ca 0E       		.uleb128 0xe
 1345 00cb 3A       		.uleb128 0x3a
 1346 00cc 0B       		.uleb128 0xb
 1347 00cd 3B       		.uleb128 0x3b
 1348 00ce 05       		.uleb128 0x5
 1349 00cf 49       		.uleb128 0x49
 1350 00d0 13       		.uleb128 0x13
 1351 00d1 02       		.uleb128 0x2
 1352 00d2 06       		.uleb128 0x6
 1353 00d3 00       		.byte	0
 1354 00d4 00       		.byte	0
 1355 00d5 11       		.uleb128 0x11
 1356 00d6 34       		.uleb128 0x34
 1357 00d7 00       		.byte	0
 1358 00d8 03       		.uleb128 0x3
 1359 00d9 08       		.uleb128 0x8
 1360 00da 3A       		.uleb128 0x3a
ARM GAS  C:\Users\jenny\AppData\Local\Temp\cc9iVlBZ.s 			page 25


 1361 00db 0B       		.uleb128 0xb
 1362 00dc 3B       		.uleb128 0x3b
 1363 00dd 05       		.uleb128 0x5
 1364 00de 49       		.uleb128 0x49
 1365 00df 13       		.uleb128 0x13
 1366 00e0 02       		.uleb128 0x2
 1367 00e1 06       		.uleb128 0x6
 1368 00e2 00       		.byte	0
 1369 00e3 00       		.byte	0
 1370 00e4 12       		.uleb128 0x12
 1371 00e5 2E       		.uleb128 0x2e
 1372 00e6 01       		.byte	0x1
 1373 00e7 3F       		.uleb128 0x3f
 1374 00e8 0C       		.uleb128 0xc
 1375 00e9 03       		.uleb128 0x3
 1376 00ea 0E       		.uleb128 0xe
 1377 00eb 3A       		.uleb128 0x3a
 1378 00ec 0B       		.uleb128 0xb
 1379 00ed 3B       		.uleb128 0x3b
 1380 00ee 05       		.uleb128 0x5
 1381 00ef 27       		.uleb128 0x27
 1382 00f0 0C       		.uleb128 0xc
 1383 00f1 49       		.uleb128 0x49
 1384 00f2 13       		.uleb128 0x13
 1385 00f3 11       		.uleb128 0x11
 1386 00f4 01       		.uleb128 0x1
 1387 00f5 12       		.uleb128 0x12
 1388 00f6 01       		.uleb128 0x1
 1389 00f7 40       		.uleb128 0x40
 1390 00f8 06       		.uleb128 0x6
 1391 00f9 9742     		.uleb128 0x2117
 1392 00fb 0C       		.uleb128 0xc
 1393 00fc 01       		.uleb128 0x1
 1394 00fd 13       		.uleb128 0x13
 1395 00fe 00       		.byte	0
 1396 00ff 00       		.byte	0
 1397 0100 13       		.uleb128 0x13
 1398 0101 05       		.uleb128 0x5
 1399 0102 00       		.byte	0
 1400 0103 03       		.uleb128 0x3
 1401 0104 0E       		.uleb128 0xe
 1402 0105 3A       		.uleb128 0x3a
 1403 0106 0B       		.uleb128 0xb
 1404 0107 3B       		.uleb128 0x3b
 1405 0108 05       		.uleb128 0x5
 1406 0109 49       		.uleb128 0x49
 1407 010a 13       		.uleb128 0x13
 1408 010b 02       		.uleb128 0x2
 1409 010c 06       		.uleb128 0x6
 1410 010d 00       		.byte	0
 1411 010e 00       		.byte	0
 1412 010f 14       		.uleb128 0x14
 1413 0110 898201   		.uleb128 0x4109
 1414 0113 00       		.byte	0
 1415 0114 11       		.uleb128 0x11
 1416 0115 01       		.uleb128 0x1
 1417 0116 31       		.uleb128 0x31
ARM GAS  C:\Users\jenny\AppData\Local\Temp\cc9iVlBZ.s 			page 26


 1418 0117 13       		.uleb128 0x13
 1419 0118 00       		.byte	0
 1420 0119 00       		.byte	0
 1421 011a 15       		.uleb128 0x15
 1422 011b 05       		.uleb128 0x5
 1423 011c 00       		.byte	0
 1424 011d 03       		.uleb128 0x3
 1425 011e 08       		.uleb128 0x8
 1426 011f 3A       		.uleb128 0x3a
 1427 0120 0B       		.uleb128 0xb
 1428 0121 3B       		.uleb128 0x3b
 1429 0122 05       		.uleb128 0x5
 1430 0123 49       		.uleb128 0x49
 1431 0124 13       		.uleb128 0x13
 1432 0125 02       		.uleb128 0x2
 1433 0126 06       		.uleb128 0x6
 1434 0127 00       		.byte	0
 1435 0128 00       		.byte	0
 1436 0129 16       		.uleb128 0x16
 1437 012a 34       		.uleb128 0x34
 1438 012b 00       		.byte	0
 1439 012c 03       		.uleb128 0x3
 1440 012d 0E       		.uleb128 0xe
 1441 012e 3A       		.uleb128 0x3a
 1442 012f 0B       		.uleb128 0xb
 1443 0130 3B       		.uleb128 0x3b
 1444 0131 0B       		.uleb128 0xb
 1445 0132 49       		.uleb128 0x49
 1446 0133 13       		.uleb128 0x13
 1447 0134 02       		.uleb128 0x2
 1448 0135 0A       		.uleb128 0xa
 1449 0136 00       		.byte	0
 1450 0137 00       		.byte	0
 1451 0138 17       		.uleb128 0x17
 1452 0139 26       		.uleb128 0x26
 1453 013a 00       		.byte	0
 1454 013b 49       		.uleb128 0x49
 1455 013c 13       		.uleb128 0x13
 1456 013d 00       		.byte	0
 1457 013e 00       		.byte	0
 1458 013f 18       		.uleb128 0x18
 1459 0140 21       		.uleb128 0x21
 1460 0141 00       		.byte	0
 1461 0142 49       		.uleb128 0x49
 1462 0143 13       		.uleb128 0x13
 1463 0144 2F       		.uleb128 0x2f
 1464 0145 05       		.uleb128 0x5
 1465 0146 00       		.byte	0
 1466 0147 00       		.byte	0
 1467 0148 19       		.uleb128 0x19
 1468 0149 34       		.uleb128 0x34
 1469 014a 00       		.byte	0
 1470 014b 03       		.uleb128 0x3
 1471 014c 0E       		.uleb128 0xe
 1472 014d 3A       		.uleb128 0x3a
 1473 014e 0B       		.uleb128 0xb
 1474 014f 3B       		.uleb128 0x3b
ARM GAS  C:\Users\jenny\AppData\Local\Temp\cc9iVlBZ.s 			page 27


 1475 0150 0B       		.uleb128 0xb
 1476 0151 49       		.uleb128 0x49
 1477 0152 13       		.uleb128 0x13
 1478 0153 3F       		.uleb128 0x3f
 1479 0154 0C       		.uleb128 0xc
 1480 0155 3C       		.uleb128 0x3c
 1481 0156 0C       		.uleb128 0xc
 1482 0157 00       		.byte	0
 1483 0158 00       		.byte	0
 1484 0159 1A       		.uleb128 0x1a
 1485 015a 2E       		.uleb128 0x2e
 1486 015b 00       		.byte	0
 1487 015c 3F       		.uleb128 0x3f
 1488 015d 0C       		.uleb128 0xc
 1489 015e 03       		.uleb128 0x3
 1490 015f 0E       		.uleb128 0xe
 1491 0160 3A       		.uleb128 0x3a
 1492 0161 0B       		.uleb128 0xb
 1493 0162 3B       		.uleb128 0x3b
 1494 0163 05       		.uleb128 0x5
 1495 0164 27       		.uleb128 0x27
 1496 0165 0C       		.uleb128 0xc
 1497 0166 3C       		.uleb128 0x3c
 1498 0167 0C       		.uleb128 0xc
 1499 0168 00       		.byte	0
 1500 0169 00       		.byte	0
 1501 016a 00       		.byte	0
 1502              		.section	.debug_loc,"",%progbits
 1503              	.Ldebug_loc0:
 1504              	.LLST0:
 1505 0000 00000000 		.4byte	.LFB7
 1506 0004 06000000 		.4byte	.LCFI0
 1507 0008 0200     		.2byte	0x2
 1508 000a 7D       		.byte	0x7d
 1509 000b 00       		.sleb128 0
 1510 000c 06000000 		.4byte	.LCFI0
 1511 0010 7C010000 		.4byte	.LFE7
 1512 0014 0200     		.2byte	0x2
 1513 0016 7D       		.byte	0x7d
 1514 0017 1C       		.sleb128 28
 1515 0018 00000000 		.4byte	0
 1516 001c 00000000 		.4byte	0
 1517              	.LLST1:
 1518 0020 0C010000 		.4byte	.LVL10
 1519 0024 28010000 		.4byte	.LVL13
 1520 0028 0100     		.2byte	0x1
 1521 002a 55       		.byte	0x55
 1522 002b 32010000 		.4byte	.LVL15
 1523 002f 3A010000 		.4byte	.LVL17
 1524 0033 0100     		.2byte	0x1
 1525 0035 51       		.byte	0x51
 1526 0036 46010000 		.4byte	.LVL18
 1527 003a 50010000 		.4byte	.LVL19
 1528 003e 0100     		.2byte	0x1
 1529 0040 51       		.byte	0x51
 1530 0041 50010000 		.4byte	.LVL19
 1531 0045 54010000 		.4byte	.LVL20
ARM GAS  C:\Users\jenny\AppData\Local\Temp\cc9iVlBZ.s 			page 28


 1532 0049 0600     		.2byte	0x6
 1533 004b 73       		.byte	0x73
 1534 004c 00       		.sleb128 0
 1535 004d 72       		.byte	0x72
 1536 004e 00       		.sleb128 0
 1537 004f 22       		.byte	0x22
 1538 0050 9F       		.byte	0x9f
 1539 0051 54010000 		.4byte	.LVL20
 1540 0055 5A010000 		.4byte	.LVL21
 1541 0059 0F00     		.2byte	0xf
 1542 005b 7A       		.byte	0x7a
 1543 005c 00       		.sleb128 0
 1544 005d 76       		.byte	0x76
 1545 005e 00       		.sleb128 0
 1546 005f 22       		.byte	0x22
 1547 0060 94       		.byte	0x94
 1548 0061 02       		.byte	0x2
 1549 0062 0A       		.byte	0xa
 1550 0063 FFFF     		.2byte	0xffff
 1551 0065 1A       		.byte	0x1a
 1552 0066 73       		.byte	0x73
 1553 0067 00       		.sleb128 0
 1554 0068 22       		.byte	0x22
 1555 0069 9F       		.byte	0x9f
 1556 006a 5A010000 		.4byte	.LVL21
 1557 006e 7C010000 		.4byte	.LFE7
 1558 0072 0100     		.2byte	0x1
 1559 0074 55       		.byte	0x55
 1560 0075 00000000 		.4byte	0
 1561 0079 00000000 		.4byte	0
 1562              	.LLST2:
 1563 007d 00000000 		.4byte	.LVL0
 1564 0081 2C000000 		.4byte	.LVL1
 1565 0085 0200     		.2byte	0x2
 1566 0087 30       		.byte	0x30
 1567 0088 9F       		.byte	0x9f
 1568 0089 2C000000 		.4byte	.LVL1
 1569 008d 30000000 		.4byte	.LVL2
 1570 0091 0200     		.2byte	0x2
 1571 0093 31       		.byte	0x31
 1572 0094 9F       		.byte	0x9f
 1573 0095 30000000 		.4byte	.LVL2
 1574 0099 64000000 		.4byte	.LVL3
 1575 009d 0200     		.2byte	0x2
 1576 009f 33       		.byte	0x33
 1577 00a0 9F       		.byte	0x9f
 1578 00a1 64000000 		.4byte	.LVL3
 1579 00a5 74000000 		.4byte	.LVL4
 1580 00a9 0200     		.2byte	0x2
 1581 00ab 34       		.byte	0x34
 1582 00ac 9F       		.byte	0x9f
 1583 00ad 74000000 		.4byte	.LVL4
 1584 00b1 A8000000 		.4byte	.LVL5
 1585 00b5 0200     		.2byte	0x2
 1586 00b7 38       		.byte	0x38
 1587 00b8 9F       		.byte	0x9f
 1588 00b9 A8000000 		.4byte	.LVL5
ARM GAS  C:\Users\jenny\AppData\Local\Temp\cc9iVlBZ.s 			page 29


 1589 00bd CC000000 		.4byte	.LVL6
 1590 00c1 0200     		.2byte	0x2
 1591 00c3 39       		.byte	0x39
 1592 00c4 9F       		.byte	0x9f
 1593 00c5 CC000000 		.4byte	.LVL6
 1594 00c9 DC000000 		.4byte	.LVL7
 1595 00cd 0200     		.2byte	0x2
 1596 00cf 3A       		.byte	0x3a
 1597 00d0 9F       		.byte	0x9f
 1598 00d1 DC000000 		.4byte	.LVL7
 1599 00d5 EC000000 		.4byte	.LVL8
 1600 00d9 0200     		.2byte	0x2
 1601 00db 3B       		.byte	0x3b
 1602 00dc 9F       		.byte	0x9f
 1603 00dd EC000000 		.4byte	.LVL8
 1604 00e1 FC000000 		.4byte	.LVL9
 1605 00e5 0200     		.2byte	0x2
 1606 00e7 3C       		.byte	0x3c
 1607 00e8 9F       		.byte	0x9f
 1608 00e9 FC000000 		.4byte	.LVL9
 1609 00ed 0C010000 		.4byte	.LVL10
 1610 00f1 0200     		.2byte	0x2
 1611 00f3 3D       		.byte	0x3d
 1612 00f4 9F       		.byte	0x9f
 1613 00f5 0C010000 		.4byte	.LVL10
 1614 00f9 0E010000 		.4byte	.LVL11
 1615 00fd 0200     		.2byte	0x2
 1616 00ff 30       		.byte	0x30
 1617 0100 9F       		.byte	0x9f
 1618 0101 00000000 		.4byte	0
 1619 0105 00000000 		.4byte	0
 1620              	.LLST3:
 1621 0109 16010000 		.4byte	.LVL12
 1622 010d 2C010000 		.4byte	.LVL14
 1623 0111 0200     		.2byte	0x2
 1624 0113 30       		.byte	0x30
 1625 0114 9F       		.byte	0x9f
 1626 0115 2C010000 		.4byte	.LVL14
 1627 0119 32010000 		.4byte	.LVL15
 1628 011d 0100     		.2byte	0x1
 1629 011f 50       		.byte	0x50
 1630 0120 38010000 		.4byte	.LVL16
 1631 0124 3A010000 		.4byte	.LVL17
 1632 0128 0100     		.2byte	0x1
 1633 012a 50       		.byte	0x50
 1634 012b 00000000 		.4byte	0
 1635 012f 00000000 		.4byte	0
 1636              	.LLST4:
 1637 0133 00000000 		.4byte	.LFB8
 1638 0137 04000000 		.4byte	.LCFI1
 1639 013b 0200     		.2byte	0x2
 1640 013d 7D       		.byte	0x7d
 1641 013e 00       		.sleb128 0
 1642 013f 04000000 		.4byte	.LCFI1
 1643 0143 70000000 		.4byte	.LFE8
 1644 0147 0200     		.2byte	0x2
 1645 0149 7D       		.byte	0x7d
ARM GAS  C:\Users\jenny\AppData\Local\Temp\cc9iVlBZ.s 			page 30


 1646 014a 10       		.sleb128 16
 1647 014b 00000000 		.4byte	0
 1648 014f 00000000 		.4byte	0
 1649              	.LLST5:
 1650 0153 00000000 		.4byte	.LVL22
 1651 0157 26000000 		.4byte	.LVL24
 1652 015b 0100     		.2byte	0x1
 1653 015d 50       		.byte	0x50
 1654 015e 26000000 		.4byte	.LVL24
 1655 0162 46000000 		.4byte	.LVL28
 1656 0166 0400     		.2byte	0x4
 1657 0168 F3       		.byte	0xf3
 1658 0169 01       		.uleb128 0x1
 1659 016a 50       		.byte	0x50
 1660 016b 9F       		.byte	0x9f
 1661 016c 46000000 		.4byte	.LVL28
 1662 0170 4C000000 		.4byte	.LVL29
 1663 0174 0100     		.2byte	0x1
 1664 0176 50       		.byte	0x50
 1665 0177 4C000000 		.4byte	.LVL29
 1666 017b 5E000000 		.4byte	.LVL30
 1667 017f 0400     		.2byte	0x4
 1668 0181 F3       		.byte	0xf3
 1669 0182 01       		.uleb128 0x1
 1670 0183 50       		.byte	0x50
 1671 0184 9F       		.byte	0x9f
 1672 0185 5E000000 		.4byte	.LVL30
 1673 0189 61000000 		.4byte	.LVL31-1
 1674 018d 0100     		.2byte	0x1
 1675 018f 50       		.byte	0x50
 1676 0190 61000000 		.4byte	.LVL31-1
 1677 0194 70000000 		.4byte	.LFE8
 1678 0198 0400     		.2byte	0x4
 1679 019a F3       		.byte	0xf3
 1680 019b 01       		.uleb128 0x1
 1681 019c 50       		.byte	0x50
 1682 019d 9F       		.byte	0x9f
 1683 019e 00000000 		.4byte	0
 1684 01a2 00000000 		.4byte	0
 1685              	.LLST6:
 1686 01a6 0C000000 		.4byte	.LVL23
 1687 01aa 3A000000 		.4byte	.LVL25
 1688 01ae 0100     		.2byte	0x1
 1689 01b0 54       		.byte	0x54
 1690 01b1 3E000000 		.4byte	.LVL26
 1691 01b5 5E000000 		.4byte	.LVL30
 1692 01b9 0100     		.2byte	0x1
 1693 01bb 54       		.byte	0x54
 1694 01bc 00000000 		.4byte	0
 1695 01c0 00000000 		.4byte	0
 1696              	.LLST7:
 1697 01c4 00000000 		.4byte	.LFB9
 1698 01c8 02000000 		.4byte	.LCFI2
 1699 01cc 0200     		.2byte	0x2
 1700 01ce 7D       		.byte	0x7d
 1701 01cf 00       		.sleb128 0
 1702 01d0 02000000 		.4byte	.LCFI2
ARM GAS  C:\Users\jenny\AppData\Local\Temp\cc9iVlBZ.s 			page 31


 1703 01d4 3C000000 		.4byte	.LFE9
 1704 01d8 0200     		.2byte	0x2
 1705 01da 7D       		.byte	0x7d
 1706 01db 10       		.sleb128 16
 1707 01dc 00000000 		.4byte	0
 1708 01e0 00000000 		.4byte	0
 1709              	.LLST8:
 1710 01e4 00000000 		.4byte	.LVL32
 1711 01e8 0C000000 		.4byte	.LVL33
 1712 01ec 0100     		.2byte	0x1
 1713 01ee 50       		.byte	0x50
 1714 01ef 0C000000 		.4byte	.LVL33
 1715 01f3 2E000000 		.4byte	.LVL35
 1716 01f7 0400     		.2byte	0x4
 1717 01f9 F3       		.byte	0xf3
 1718 01fa 01       		.uleb128 0x1
 1719 01fb 50       		.byte	0x50
 1720 01fc 9F       		.byte	0x9f
 1721 01fd 2E000000 		.4byte	.LVL35
 1722 0201 31000000 		.4byte	.LVL36-1
 1723 0205 0100     		.2byte	0x1
 1724 0207 50       		.byte	0x50
 1725 0208 31000000 		.4byte	.LVL36-1
 1726 020c 3C000000 		.4byte	.LFE9
 1727 0210 0400     		.2byte	0x4
 1728 0212 F3       		.byte	0xf3
 1729 0213 01       		.uleb128 0x1
 1730 0214 50       		.byte	0x50
 1731 0215 9F       		.byte	0x9f
 1732 0216 00000000 		.4byte	0
 1733 021a 00000000 		.4byte	0
 1734              	.LLST9:
 1735 021e 00000000 		.4byte	.LVL32
 1736 0222 0C000000 		.4byte	.LVL33
 1737 0226 0100     		.2byte	0x1
 1738 0228 51       		.byte	0x51
 1739 0229 0C000000 		.4byte	.LVL33
 1740 022d 2E000000 		.4byte	.LVL35
 1741 0231 0100     		.2byte	0x1
 1742 0233 54       		.byte	0x54
 1743 0234 2E000000 		.4byte	.LVL35
 1744 0238 31000000 		.4byte	.LVL36-1
 1745 023c 0100     		.2byte	0x1
 1746 023e 51       		.byte	0x51
 1747 023f 31000000 		.4byte	.LVL36-1
 1748 0243 3C000000 		.4byte	.LFE9
 1749 0247 0100     		.2byte	0x1
 1750 0249 54       		.byte	0x54
 1751 024a 00000000 		.4byte	0
 1752 024e 00000000 		.4byte	0
 1753              	.LLST10:
 1754 0252 0C000000 		.4byte	.LVL33
 1755 0256 2C000000 		.4byte	.LVL34
 1756 025a 0100     		.2byte	0x1
 1757 025c 54       		.byte	0x54
 1758 025d 00000000 		.4byte	0
 1759 0261 00000000 		.4byte	0
ARM GAS  C:\Users\jenny\AppData\Local\Temp\cc9iVlBZ.s 			page 32


 1760              		.section	.debug_aranges,"",%progbits
 1761 0000 2C000000 		.4byte	0x2c
 1762 0004 0200     		.2byte	0x2
 1763 0006 00000000 		.4byte	.Ldebug_info0
 1764 000a 04       		.byte	0x4
 1765 000b 00       		.byte	0
 1766 000c 0000     		.2byte	0
 1767 000e 0000     		.2byte	0
 1768 0010 00000000 		.4byte	.LFB7
 1769 0014 7C010000 		.4byte	.LFE7-.LFB7
 1770 0018 00000000 		.4byte	.LFB8
 1771 001c 70000000 		.4byte	.LFE8-.LFB8
 1772 0020 00000000 		.4byte	.LFB9
 1773 0024 3C000000 		.4byte	.LFE9-.LFB9
 1774 0028 00000000 		.4byte	0
 1775 002c 00000000 		.4byte	0
 1776              		.section	.debug_ranges,"",%progbits
 1777              	.Ldebug_ranges0:
 1778 0000 00000000 		.4byte	.LFB7
 1779 0004 7C010000 		.4byte	.LFE7
 1780 0008 00000000 		.4byte	.LFB8
 1781 000c 70000000 		.4byte	.LFE8
 1782 0010 00000000 		.4byte	.LFB9
 1783 0014 3C000000 		.4byte	.LFE9
 1784 0018 00000000 		.4byte	0
 1785 001c 00000000 		.4byte	0
 1786              		.section	.debug_line,"",%progbits
 1787              	.Ldebug_line0:
 1788 0000 0E020000 		.section	.debug_str,"MS",%progbits,1
 1788      02002A01 
 1788      00000201 
 1788      FB0E0D00 
 1788      01010101 
 1789              	.LASF54:
 1790 0000 73746174 		.ascii	"stats_\000"
 1790      735F00
 1791              	.LASF66:
 1792 0007 6D656D70 		.ascii	"memp_num\000"
 1792      5F6E756D 
 1792      00
 1793              	.LASF38:
 1794 0010 63686B65 		.ascii	"chkerr\000"
 1794      727200
 1795              	.LASF62:
 1796 0017 6D656D70 		.ascii	"memp_free\000"
 1796      5F667265 
 1796      6500
 1797              	.LASF53:
 1798 0021 6D626F78 		.ascii	"mbox\000"
 1798      00
 1799              	.LASF57:
 1800 0026 69705F66 		.ascii	"ip_frag\000"
 1800      72616700 
 1801              	.LASF3:
 1802 002e 73686F72 		.ascii	"short int\000"
 1802      7420696E 
 1802      7400
ARM GAS  C:\Users\jenny\AppData\Local\Temp\cc9iVlBZ.s 			page 33


 1803              	.LASF33:
 1804 0038 6D656D70 		.ascii	"memp_t\000"
 1804      5F7400
 1805              	.LASF22:
 1806 003f 4D454D50 		.ascii	"MEMP_TCP_SEG\000"
 1806      5F544350 
 1806      5F534547 
 1806      00
 1807              	.LASF45:
 1808 004c 73746174 		.ascii	"stats_proto\000"
 1808      735F7072 
 1808      6F746F00 
 1809              	.LASF13:
 1810 0058 73697A65 		.ascii	"sizetype\000"
 1810      74797065 
 1810      00
 1811              	.LASF19:
 1812 0061 4D454D50 		.ascii	"MEMP_UDP_PCB\000"
 1812      5F554450 
 1812      5F504342 
 1812      00
 1813              	.LASF67:
 1814 006e 6D656D70 		.ascii	"memp_memory\000"
 1814      5F6D656D 
 1814      6F727900 
 1815              	.LASF35:
 1816 007a 786D6974 		.ascii	"xmit\000"
 1816      00
 1817              	.LASF73:
 1818 007f 706F7274 		.ascii	"port_halt\000"
 1818      5F68616C 
 1818      7400
 1819              	.LASF46:
 1820 0089 73746174 		.ascii	"stats_mem\000"
 1820      735F6D65 
 1820      6D00
 1821              	.LASF17:
 1822 0093 6D656D5F 		.ascii	"mem_ptr_t\000"
 1822      7074725F 
 1822      7400
 1823              	.LASF39:
 1824 009d 6C656E65 		.ascii	"lenerr\000"
 1824      727200
 1825              	.LASF29:
 1826 00a4 4D454D50 		.ascii	"MEMP_SYS_TIMEOUT\000"
 1826      5F535953 
 1826      5F54494D 
 1826      454F5554 
 1826      00
 1827              	.LASF24:
 1828 00b5 4D454D50 		.ascii	"MEMP_FRAG_PBUF\000"
 1828      5F465241 
 1828      475F5042 
 1828      554600
 1829              	.LASF4:
 1830 00c4 75696E74 		.ascii	"uint8_t\000"
 1830      385F7400 
ARM GAS  C:\Users\jenny\AppData\Local\Temp\cc9iVlBZ.s 			page 34


 1831              	.LASF44:
 1832 00cc 63616368 		.ascii	"cachehit\000"
 1832      65686974 
 1832      00
 1833              	.LASF21:
 1834 00d5 4D454D50 		.ascii	"MEMP_TCP_PCB_LISTEN\000"
 1834      5F544350 
 1834      5F504342 
 1834      5F4C4953 
 1834      54454E00 
 1835              	.LASF8:
 1836 00e9 75696E74 		.ascii	"uint32_t\000"
 1836      33325F74 
 1836      00
 1837              	.LASF55:
 1838 00f2 6C696E6B 		.ascii	"link\000"
 1838      00
 1839              	.LASF10:
 1840 00f7 6C6F6E67 		.ascii	"long long int\000"
 1840      206C6F6E 
 1840      6720696E 
 1840      7400
 1841              	.LASF7:
 1842 0105 6C6F6E67 		.ascii	"long int\000"
 1842      20696E74 
 1842      00
 1843              	.LASF61:
 1844 010e 6D656D70 		.ascii	"memp_init\000"
 1844      5F696E69 
 1844      7400
 1845              	.LASF34:
 1846 0118 6D656D5F 		.ascii	"mem_size_t\000"
 1846      73697A65 
 1846      5F7400
 1847              	.LASF40:
 1848 0123 6D656D65 		.ascii	"memerr\000"
 1848      727200
 1849              	.LASF37:
 1850 012a 64726F70 		.ascii	"drop\000"
 1850      00
 1851              	.LASF28:
 1852 012f 4D454D50 		.ascii	"MEMP_TCPIP_MSG_INPKT\000"
 1852      5F544350 
 1852      49505F4D 
 1852      53475F49 
 1852      4E504B54 
 1853              	.LASF2:
 1854 0144 756E7369 		.ascii	"unsigned char\000"
 1854      676E6564 
 1854      20636861 
 1854      7200
 1855              	.LASF32:
 1856 0152 4D454D50 		.ascii	"MEMP_MAX\000"
 1856      5F4D4158 
 1856      00
 1857              	.LASF1:
 1858 015b 7369676E 		.ascii	"signed char\000"
ARM GAS  C:\Users\jenny\AppData\Local\Temp\cc9iVlBZ.s 			page 35


 1858      65642063 
 1858      68617200 
 1859              	.LASF51:
 1860 0167 73746174 		.ascii	"stats_sys\000"
 1860      735F7379 
 1860      7300
 1861              	.LASF11:
 1862 0171 6C6F6E67 		.ascii	"long long unsigned int\000"
 1862      206C6F6E 
 1862      6720756E 
 1862      7369676E 
 1862      65642069 
 1863              	.LASF63:
 1864 0188 74797065 		.ascii	"type\000"
 1864      00
 1865              	.LASF68:
 1866 018d 474E5520 		.ascii	"GNU C 4.7.4 20130913 (release) [ARM/embedded-4_7-br"
 1866      4320342E 
 1866      372E3420 
 1866      32303133 
 1866      30393133 
 1867 01c0 616E6368 		.ascii	"anch revision 202601]\000"
 1867      20726576 
 1867      6973696F 
 1867      6E203230 
 1867      32363031 
 1868              	.LASF65:
 1869 01d6 6D656D70 		.ascii	"memp_sizes\000"
 1869      5F73697A 
 1869      657300
 1870              	.LASF43:
 1871 01e1 6F707465 		.ascii	"opterr\000"
 1871      727200
 1872              	.LASF52:
 1873 01e8 6D757465 		.ascii	"mutex\000"
 1873      7800
 1874              	.LASF6:
 1875 01ee 73686F72 		.ascii	"short unsigned int\000"
 1875      7420756E 
 1875      7369676E 
 1875      65642069 
 1875      6E7400
 1876              	.LASF23:
 1877 0201 4D454D50 		.ascii	"MEMP_REASSDATA\000"
 1877      5F524541 
 1877      53534441 
 1877      544100
 1878              	.LASF14:
 1879 0210 63686172 		.ascii	"char\000"
 1879      00
 1880              	.LASF5:
 1881 0215 75696E74 		.ascii	"uint16_t\000"
 1881      31365F74 
 1881      00
 1882              	.LASF27:
 1883 021e 4D454D50 		.ascii	"MEMP_TCPIP_MSG_API\000"
 1883      5F544350 
ARM GAS  C:\Users\jenny\AppData\Local\Temp\cc9iVlBZ.s 			page 36


 1883      49505F4D 
 1883      53475F41 
 1883      504900
 1884              	.LASF72:
 1885 0231 6C776970 		.ascii	"lwip_stats\000"
 1885      5F737461 
 1885      747300
 1886              	.LASF42:
 1887 023c 70726F74 		.ascii	"proterr\000"
 1887      65727200 
 1888              	.LASF12:
 1889 0244 5F426F6F 		.ascii	"_Bool\000"
 1889      6C00
 1890              	.LASF49:
 1891 024a 696C6C65 		.ascii	"illegal\000"
 1891      67616C00 
 1892              	.LASF30:
 1893 0252 4D454D50 		.ascii	"MEMP_PBUF\000"
 1893      5F504255 
 1893      4600
 1894              	.LASF70:
 1895 025c 443A5C6A 		.ascii	"D:\\jenny\\dev\\probe\\chibios\\chibios.workspace\\"
 1895      656E6E79 
 1895      5C646576 
 1895      5C70726F 
 1895      62655C63 
 1896 0289 64656D6F 		.ascii	"demos\\ARMCM4-STM32F407-LWIP-FATFS-USB\000"
 1896      735C4152 
 1896      4D434D34 
 1896      2D53544D 
 1896      33324634 
 1897              	.LASF50:
 1898 02af 73746174 		.ascii	"stats_syselem\000"
 1898      735F7379 
 1898      73656C65 
 1898      6D00
 1899              	.LASF9:
 1900 02bd 6C6F6E67 		.ascii	"long unsigned int\000"
 1900      20756E73 
 1900      69676E65 
 1900      6420696E 
 1900      7400
 1901              	.LASF69:
 1902 02cf 2E2E2F2E 		.ascii	"../../ext/lwip/src/core/memp.c\000"
 1902      2E2F6578 
 1902      742F6C77 
 1902      69702F73 
 1902      72632F63 
 1903              	.LASF59:
 1904 02ee 6D656D70 		.ascii	"memp\000"
 1904      00
 1905              	.LASF18:
 1906 02f3 4D454D50 		.ascii	"MEMP_RAW_PCB\000"
 1906      5F524157 
 1906      5F504342 
 1906      00
 1907              	.LASF41:
ARM GAS  C:\Users\jenny\AppData\Local\Temp\cc9iVlBZ.s 			page 37


 1908 0300 72746572 		.ascii	"rterr\000"
 1908      7200
 1909              	.LASF15:
 1910 0306 75385F74 		.ascii	"u8_t\000"
 1910      00
 1911              	.LASF16:
 1912 030b 7531365F 		.ascii	"u16_t\000"
 1912      7400
 1913              	.LASF31:
 1914 0311 4D454D50 		.ascii	"MEMP_PBUF_POOL\000"
 1914      5F504255 
 1914      465F504F 
 1914      4F4C00
 1915              	.LASF48:
 1916 0320 75736564 		.ascii	"used\000"
 1916      00
 1917              	.LASF47:
 1918 0325 61766169 		.ascii	"avail\000"
 1918      6C00
 1919              	.LASF26:
 1920 032b 4D454D50 		.ascii	"MEMP_NETCONN\000"
 1920      5F4E4554 
 1920      434F4E4E 
 1920      00
 1921              	.LASF20:
 1922 0338 4D454D50 		.ascii	"MEMP_TCP_PCB\000"
 1922      5F544350 
 1922      5F504342 
 1922      00
 1923              	.LASF56:
 1924 0345 65746861 		.ascii	"etharp\000"
 1924      727000
 1925              	.LASF71:
 1926 034c 6D656D70 		.ascii	"memp_malloc\000"
 1926      5F6D616C 
 1926      6C6F6300 
 1927              	.LASF36:
 1928 0358 72656376 		.ascii	"recv\000"
 1928      00
 1929              	.LASF0:
 1930 035d 756E7369 		.ascii	"unsigned int\000"
 1930      676E6564 
 1930      20696E74 
 1930      00
 1931              	.LASF64:
 1932 036a 6D656D70 		.ascii	"memp_tab\000"
 1932      5F746162 
 1932      00
 1933              	.LASF58:
 1934 0373 69636D70 		.ascii	"icmp\000"
 1934      00
 1935              	.LASF60:
 1936 0378 6E657874 		.ascii	"next\000"
 1936      00
 1937              	.LASF25:
 1938 037d 4D454D50 		.ascii	"MEMP_NETBUF\000"
 1938      5F4E4554 
ARM GAS  C:\Users\jenny\AppData\Local\Temp\cc9iVlBZ.s 			page 38


 1938      42554600 
 1939              		.ident	"GCC: (GNU Tools for ARM Embedded Processors) 4.7.4 20130913 (release) [ARM/embedded-4_7-br
ARM GAS  C:\Users\jenny\AppData\Local\Temp\cc9iVlBZ.s 			page 39


DEFINED SYMBOLS
                            *ABS*:00000000 memp.c
C:\Users\jenny\AppData\Local\Temp\cc9iVlBZ.s:20     .text.memp_init:00000000 $t
C:\Users\jenny\AppData\Local\Temp\cc9iVlBZ.s:26     .text.memp_init:00000000 memp_init
C:\Users\jenny\AppData\Local\Temp\cc9iVlBZ.s:260    .text.memp_init:00000168 $d
C:\Users\jenny\AppData\Local\Temp\cc9iVlBZ.s:269    .text.memp_malloc:00000000 $t
C:\Users\jenny\AppData\Local\Temp\cc9iVlBZ.s:275    .text.memp_malloc:00000000 memp_malloc
C:\Users\jenny\AppData\Local\Temp\cc9iVlBZ.s:358    .text.memp_malloc:00000068 $d
C:\Users\jenny\AppData\Local\Temp\cc9iVlBZ.s:364    .text.memp_free:00000000 $t
C:\Users\jenny\AppData\Local\Temp\cc9iVlBZ.s:370    .text.memp_free:00000000 memp_free
C:\Users\jenny\AppData\Local\Temp\cc9iVlBZ.s:424    .text.memp_free:00000034 $d
C:\Users\jenny\AppData\Local\Temp\cc9iVlBZ.s:430    .rodata.memp_num:00000000 $d
C:\Users\jenny\AppData\Local\Temp\cc9iVlBZ.s:434    .rodata.memp_num:00000000 memp_num
C:\Users\jenny\AppData\Local\Temp\cc9iVlBZ.s:450    .bss.memp_memory:00000000 $d
C:\Users\jenny\AppData\Local\Temp\cc9iVlBZ.s:454    .bss.memp_memory:00000000 memp_memory
C:\Users\jenny\AppData\Local\Temp\cc9iVlBZ.s:457    .bss.memp_tab:00000000 $d
C:\Users\jenny\AppData\Local\Temp\cc9iVlBZ.s:461    .bss.memp_tab:00000000 memp_tab
C:\Users\jenny\AppData\Local\Temp\cc9iVlBZ.s:464    .rodata.memp_sizes:00000000 $d
C:\Users\jenny\AppData\Local\Temp\cc9iVlBZ.s:468    .rodata.memp_sizes:00000000 memp_sizes
                     .debug_frame:00000010 $d
C:\Users\jenny\AppData\Local\Temp\cc9iVlBZ.s:268    .text.memp_init:0000017c $t
C:\Users\jenny\AppData\Local\Temp\cc9iVlBZ.s:429    .text.memp_free:0000003c $t

UNDEFINED SYMBOLS
lwip_stats
port_halt
