ARM GAS  C:\Users\jenny\AppData\Local\Temp\ccosUlMm.s 			page 1


   1              		.syntax unified
   2              		.cpu cortex-m4
   3              		.eabi_attribute 27, 3
   4              		.fpu fpv4-sp-d16
   5              		.eabi_attribute 20, 1
   6              		.eabi_attribute 21, 1
   7              		.eabi_attribute 23, 3
   8              		.eabi_attribute 24, 1
   9              		.eabi_attribute 25, 1
  10              		.eabi_attribute 26, 1
  11              		.eabi_attribute 30, 2
  12              		.eabi_attribute 34, 1
  13              		.eabi_attribute 18, 4
  14              		.thumb
  15              		.file	"mmcsd.c"
  16              		.text
  17              	.Ltext0:
  18              		.cfi_sections	.debug_frame
  19              		.section	.text.mmcsdGetCapacity,"ax",%progbits
  20              		.align	2
  21              		.p2align 4,,15
  22              		.global	mmcsdGetCapacity
  23              		.thumb
  24              		.thumb_func
  25              		.type	mmcsdGetCapacity, %function
  26              	mmcsdGetCapacity:
  27              	.LFB119:
  28              		.file 1 "../../os/hal/src/mmcsd.c"
  29              		.loc 1 100 0
  30              		.cfi_startproc
  31              		@ args = 0, pretend = 0, frame = 0
  32              		@ frame_needed = 0, uses_anonymous_args = 0
  33              		@ link register save eliminated.
  34              	.LVL0:
  35              		.loc 1 102 0
  36 0000 C368     		ldr	r3, [r0, #12]
  37 0002 990F     		lsrs	r1, r3, #30
  38 0004 12D1     		bne	.L8
  39              	.LVL1:
  40              	.LBB11:
  41              	.LBB12:
  42              	.LBB13:
  43              		.loc 1 83 0
  44 0006 8268     		ldr	r2, [r0, #8]
  45              		.loc 1 82 0
  46 0008 4168     		ldr	r1, [r0, #4]
  47              	.LVL2:
  48              		.loc 1 83 0
  49 000a 9305     		lsls	r3, r2, #22
  50              		.loc 1 82 0
  51 000c 880F     		lsrs	r0, r1, #30
  52              	.LVL3:
  53              		.loc 1 83 0
  54 000e 9B0D     		lsrs	r3, r3, #22
  55              		.loc 1 82 0
  56 0010 40EA8303 		orr	r3, r0, r3, lsl #2
  57              	.LBE13:
ARM GAS  C:\Users\jenny\AppData\Local\Temp\ccosUlMm.s 			page 2


  58              	.LBE12:
  59              	.LBB14:
  60              	.LBB15:
  61              		.loc 1 84 0
  62 0014 C1F3C231 		ubfx	r1, r1, #15, #3
  63              	.LBE15:
  64              	.LBE14:
  65              		.loc 1 109 0
  66 0018 581C     		adds	r0, r3, #1
  67              	.LBB16:
  68              	.LBB17:
  69              		.loc 1 84 0
  70 001a C2F30342 		ubfx	r2, r2, #16, #4
  71              	.LBE17:
  72              	.LBE16:
  73              		.loc 1 109 0
  74 001e 8B1C     		adds	r3, r1, #2
  75 0020 00FA03F0 		lsl	r0, r0, r3
  76 0024 093A     		subs	r2, r2, #9
  77 0026 00FA02F0 		lsl	r0, r0, r2
  78 002a 7047     		bx	lr
  79              	.LVL4:
  80              	.L8:
  81              	.LBE11:
  82              		.loc 1 102 0
  83 002c 0129     		cmp	r1, #1
  84 002e 01D0     		beq	.L9
  85              		.loc 1 115 0
  86 0030 0020     		movs	r0, #0
  87              	.LVL5:
  88              		.loc 1 117 0
  89 0032 7047     		bx	lr
  90              	.LVL6:
  91              	.L9:
  92              	.LBB20:
  93              	.LBB18:
  94              	.LBB19:
  95              		.loc 1 83 0
  96 0034 8268     		ldr	r2, [r0, #8]
  97              		.loc 1 82 0
  98 0036 C388     		ldrh	r3, [r0, #6]
  99              		.loc 1 83 0
 100 0038 02F03F00 		and	r0, r2, #63
 101              	.LVL7:
 102              		.loc 1 82 0
 103 003c 43EA0041 		orr	r1, r3, r0, lsl #16
 104              	.LBE19:
 105              	.LBE18:
 106              		.loc 1 112 0
 107 0040 4A1C     		adds	r2, r1, #1
 108 0042 9002     		lsls	r0, r2, #10
 109 0044 7047     		bx	lr
 110              	.LBE20:
 111              		.cfi_endproc
 112              	.LFE119:
 113              		.size	mmcsdGetCapacity, .-mmcsdGetCapacity
 114 0046 00BFAFF3 		.text
ARM GAS  C:\Users\jenny\AppData\Local\Temp\ccosUlMm.s 			page 3


 114      0080AFF3 
 114      0080
 115              	.Letext0:
 116              		.file 2 "c:\\fbin\\yagarto\\bin\\../lib/gcc/arm-none-eabi/4.7.4/../../../../arm-none-eabi/include/
 117              		.file 3 "../../os/ports/common/ARMCMx/CMSIS/include/core_cm4.h"
 118              		.section	.debug_info,"",%progbits
 119              	.Ldebug_info0:
 120 0000 BB020000 		.4byte	0x2bb
 121 0004 0200     		.2byte	0x2
 122 0006 00000000 		.4byte	.Ldebug_abbrev0
 123 000a 04       		.byte	0x4
 124 000b 01       		.uleb128 0x1
 125 000c 9A000000 		.4byte	.LASF20
 126 0010 01       		.byte	0x1
 127 0011 74000000 		.4byte	.LASF21
 128 0015 EB000000 		.4byte	.LASF22
 129 0019 18000000 		.4byte	.Ldebug_ranges0+0x18
 130 001d 00000000 		.4byte	0
 131 0021 00000000 		.4byte	0
 132 0025 00000000 		.4byte	.Ldebug_line0
 133 0029 02       		.uleb128 0x2
 134 002a 04       		.byte	0x4
 135 002b 05       		.byte	0x5
 136 002c 696E7400 		.ascii	"int\000"
 137 0030 03       		.uleb128 0x3
 138 0031 04       		.byte	0x4
 139 0032 07       		.byte	0x7
 140 0033 06000000 		.4byte	.LASF0
 141 0037 03       		.uleb128 0x3
 142 0038 01       		.byte	0x1
 143 0039 06       		.byte	0x6
 144 003a 8F010000 		.4byte	.LASF1
 145 003e 03       		.uleb128 0x3
 146 003f 01       		.byte	0x1
 147 0040 08       		.byte	0x8
 148 0041 41000000 		.4byte	.LASF2
 149 0045 03       		.uleb128 0x3
 150 0046 02       		.byte	0x2
 151 0047 05       		.byte	0x5
 152 0048 62010000 		.4byte	.LASF3
 153 004c 03       		.uleb128 0x3
 154 004d 02       		.byte	0x2
 155 004e 07       		.byte	0x7
 156 004f 61000000 		.4byte	.LASF4
 157 0053 04       		.uleb128 0x4
 158 0054 43010000 		.4byte	.LASF6
 159 0058 02       		.byte	0x2
 160 0059 4F       		.byte	0x4f
 161 005a 5E000000 		.4byte	0x5e
 162 005e 03       		.uleb128 0x3
 163 005f 04       		.byte	0x4
 164 0060 05       		.byte	0x5
 165 0061 75010000 		.4byte	.LASF5
 166 0065 04       		.uleb128 0x4
 167 0066 6C010000 		.4byte	.LASF7
 168 006a 02       		.byte	0x2
 169 006b 50       		.byte	0x50
ARM GAS  C:\Users\jenny\AppData\Local\Temp\ccosUlMm.s 			page 4


 170 006c 70000000 		.4byte	0x70
 171 0070 03       		.uleb128 0x3
 172 0071 04       		.byte	0x4
 173 0072 07       		.byte	0x7
 174 0073 4F000000 		.4byte	.LASF8
 175 0077 03       		.uleb128 0x3
 176 0078 08       		.byte	0x8
 177 0079 05       		.byte	0x5
 178 007a 54010000 		.4byte	.LASF9
 179 007e 03       		.uleb128 0x3
 180 007f 08       		.byte	0x8
 181 0080 07       		.byte	0x7
 182 0081 A1010000 		.4byte	.LASF10
 183 0085 03       		.uleb128 0x3
 184 0086 01       		.byte	0x1
 185 0087 02       		.byte	0x2
 186 0088 9B010000 		.4byte	.LASF11
 187 008c 03       		.uleb128 0x3
 188 008d 04       		.byte	0x4
 189 008e 07       		.byte	0x7
 190 008f 4B010000 		.4byte	.LASF12
 191 0093 03       		.uleb128 0x3
 192 0094 01       		.byte	0x1
 193 0095 08       		.byte	0x8
 194 0096 3E010000 		.4byte	.LASF13
 195 009a 05       		.uleb128 0x5
 196 009b 53000000 		.4byte	0x53
 197 009f 06       		.uleb128 0x6
 198 00a0 2C000000 		.4byte	.LASF23
 199 00a4 01       		.byte	0x1
 200 00a5 45       		.byte	0x45
 201 00a6 01       		.byte	0x1
 202 00a7 65000000 		.4byte	0x65
 203 00ab 01       		.byte	0x1
 204 00ac FE000000 		.4byte	0xfe
 205 00b0 07       		.uleb128 0x7
 206 00b1 3C000000 		.4byte	.LASF14
 207 00b5 01       		.byte	0x1
 208 00b6 45       		.byte	0x45
 209 00b7 FE000000 		.4byte	0xfe
 210 00bb 08       		.uleb128 0x8
 211 00bc 656E6400 		.ascii	"end\000"
 212 00c0 01       		.byte	0x1
 213 00c1 45       		.byte	0x45
 214 00c2 65000000 		.4byte	0x65
 215 00c6 07       		.uleb128 0x7
 216 00c7 00000000 		.4byte	.LASF15
 217 00cb 01       		.byte	0x1
 218 00cc 45       		.byte	0x45
 219 00cd 65000000 		.4byte	0x65
 220 00d1 09       		.uleb128 0x9
 221 00d2 23000000 		.4byte	.LASF16
 222 00d6 01       		.byte	0x1
 223 00d7 46       		.byte	0x46
 224 00d8 30000000 		.4byte	0x30
 225 00dc 09       		.uleb128 0x9
 226 00dd 13000000 		.4byte	.LASF17
ARM GAS  C:\Users\jenny\AppData\Local\Temp\ccosUlMm.s 			page 5


 227 00e1 01       		.byte	0x1
 228 00e2 46       		.byte	0x46
 229 00e3 30000000 		.4byte	0x30
 230 00e7 09       		.uleb128 0x9
 231 00e8 1A000000 		.4byte	.LASF18
 232 00ec 01       		.byte	0x1
 233 00ed 46       		.byte	0x46
 234 00ee 30000000 		.4byte	0x30
 235 00f2 09       		.uleb128 0x9
 236 00f3 E3000000 		.4byte	.LASF19
 237 00f7 01       		.byte	0x1
 238 00f8 47       		.byte	0x47
 239 00f9 65000000 		.4byte	0x65
 240 00fd 00       		.byte	0
 241 00fe 0A       		.uleb128 0xa
 242 00ff 04       		.byte	0x4
 243 0100 65000000 		.4byte	0x65
 244 0104 0B       		.uleb128 0xb
 245 0105 01       		.byte	0x1
 246 0106 7E010000 		.4byte	.LASF24
 247 010a 01       		.byte	0x1
 248 010b 64       		.byte	0x64
 249 010c 01       		.byte	0x1
 250 010d 65000000 		.4byte	0x65
 251 0111 00000000 		.4byte	.LFB119
 252 0115 46000000 		.4byte	.LFE119
 253 0119 02       		.byte	0x2
 254 011a 7D       		.byte	0x7d
 255 011b 00       		.sleb128 0
 256 011c 01       		.byte	0x1
 257 011d B0020000 		.4byte	0x2b0
 258 0121 0C       		.uleb128 0xc
 259 0122 63736400 		.ascii	"csd\000"
 260 0126 01       		.byte	0x1
 261 0127 64       		.byte	0x64
 262 0128 FE000000 		.4byte	0xfe
 263 012c 00000000 		.4byte	.LLST0
 264 0130 0D       		.uleb128 0xd
 265 0131 00000000 		.4byte	.Ldebug_ranges0+0
 266 0135 0E       		.uleb128 0xe
 267 0136 6100     		.ascii	"a\000"
 268 0138 01       		.byte	0x1
 269 0139 67       		.byte	0x67
 270 013a 65000000 		.4byte	0x65
 271 013e 0E       		.uleb128 0xe
 272 013f 6200     		.ascii	"b\000"
 273 0141 01       		.byte	0x1
 274 0142 67       		.byte	0x67
 275 0143 65000000 		.4byte	0x65
 276 0147 0E       		.uleb128 0xe
 277 0148 6300     		.ascii	"c\000"
 278 014a 01       		.byte	0x1
 279 014b 67       		.byte	0x67
 280 014c 65000000 		.4byte	0x65
 281 0150 0F       		.uleb128 0xf
 282 0151 9F000000 		.4byte	0x9f
 283 0155 06000000 		.4byte	.LBB12
ARM GAS  C:\Users\jenny\AppData\Local\Temp\ccosUlMm.s 			page 6


 284 0159 14000000 		.4byte	.LBE12
 285 015d 01       		.byte	0x1
 286 015e 6A       		.byte	0x6a
 287 015f AD010000 		.4byte	0x1ad
 288 0163 10       		.uleb128 0x10
 289 0164 C6000000 		.4byte	0xc6
 290 0168 53000000 		.4byte	.LLST1
 291 016c 10       		.uleb128 0x10
 292 016d BB000000 		.4byte	0xbb
 293 0171 68000000 		.4byte	.LLST2
 294 0175 10       		.uleb128 0x10
 295 0176 B0000000 		.4byte	0xb0
 296 017a 7D000000 		.4byte	.LLST3
 297 017e 11       		.uleb128 0x11
 298 017f 06000000 		.4byte	.LBB13
 299 0183 14000000 		.4byte	.LBE13
 300 0187 12       		.uleb128 0x12
 301 0188 D1000000 		.4byte	0xd1
 302 018c 9E000000 		.4byte	.LLST4
 303 0190 12       		.uleb128 0x12
 304 0191 DC000000 		.4byte	0xdc
 305 0195 B2000000 		.4byte	.LLST5
 306 0199 12       		.uleb128 0x12
 307 019a E7000000 		.4byte	0xe7
 308 019e C6000000 		.4byte	.LLST6
 309 01a2 12       		.uleb128 0x12
 310 01a3 F2000000 		.4byte	0xf2
 311 01a7 DA000000 		.4byte	.LLST7
 312 01ab 00       		.byte	0
 313 01ac 00       		.byte	0
 314 01ad 0F       		.uleb128 0xf
 315 01ae 9F000000 		.4byte	0x9f
 316 01b2 14000000 		.4byte	.LBB14
 317 01b6 18000000 		.4byte	.LBE14
 318 01ba 01       		.byte	0x1
 319 01bb 6B       		.byte	0x6b
 320 01bc 0A020000 		.4byte	0x20a
 321 01c0 10       		.uleb128 0x10
 322 01c1 C6000000 		.4byte	0xc6
 323 01c5 F0000000 		.4byte	.LLST8
 324 01c9 10       		.uleb128 0x10
 325 01ca BB000000 		.4byte	0xbb
 326 01ce 05010000 		.4byte	.LLST9
 327 01d2 10       		.uleb128 0x10
 328 01d3 B0000000 		.4byte	0xb0
 329 01d7 1A010000 		.4byte	.LLST10
 330 01db 11       		.uleb128 0x11
 331 01dc 14000000 		.4byte	.LBB15
 332 01e0 18000000 		.4byte	.LBE15
 333 01e4 12       		.uleb128 0x12
 334 01e5 D1000000 		.4byte	0xd1
 335 01e9 3B010000 		.4byte	.LLST11
 336 01ed 12       		.uleb128 0x12
 337 01ee DC000000 		.4byte	0xdc
 338 01f2 3B010000 		.4byte	.LLST11
 339 01f6 12       		.uleb128 0x12
 340 01f7 E7000000 		.4byte	0xe7
ARM GAS  C:\Users\jenny\AppData\Local\Temp\ccosUlMm.s 			page 7


 341 01fb 4F010000 		.4byte	.LLST13
 342 01ff 12       		.uleb128 0x12
 343 0200 F2000000 		.4byte	0xf2
 344 0204 63010000 		.4byte	.LLST14
 345 0208 00       		.byte	0
 346 0209 00       		.byte	0
 347 020a 0F       		.uleb128 0xf
 348 020b 9F000000 		.4byte	0x9f
 349 020f 1A000000 		.4byte	.LBB16
 350 0213 1E000000 		.4byte	.LBE16
 351 0217 01       		.byte	0x1
 352 0218 6C       		.byte	0x6c
 353 0219 67020000 		.4byte	0x267
 354 021d 10       		.uleb128 0x10
 355 021e C6000000 		.4byte	0xc6
 356 0222 7B010000 		.4byte	.LLST15
 357 0226 10       		.uleb128 0x10
 358 0227 BB000000 		.4byte	0xbb
 359 022b 90010000 		.4byte	.LLST16
 360 022f 10       		.uleb128 0x10
 361 0230 B0000000 		.4byte	0xb0
 362 0234 1A010000 		.4byte	.LLST10
 363 0238 11       		.uleb128 0x11
 364 0239 1A000000 		.4byte	.LBB17
 365 023d 1E000000 		.4byte	.LBE17
 366 0241 12       		.uleb128 0x12
 367 0242 D1000000 		.4byte	0xd1
 368 0246 A5010000 		.4byte	.LLST18
 369 024a 12       		.uleb128 0x12
 370 024b DC000000 		.4byte	0xdc
 371 024f A5010000 		.4byte	.LLST18
 372 0253 12       		.uleb128 0x12
 373 0254 E7000000 		.4byte	0xe7
 374 0258 B9010000 		.4byte	.LLST20
 375 025c 12       		.uleb128 0x12
 376 025d F2000000 		.4byte	0xf2
 377 0261 CD010000 		.4byte	.LLST21
 378 0265 00       		.byte	0
 379 0266 00       		.byte	0
 380 0267 13       		.uleb128 0x13
 381 0268 9F000000 		.4byte	0x9f
 382 026c 34000000 		.4byte	.LBB18
 383 0270 40000000 		.4byte	.LBE18
 384 0274 01       		.byte	0x1
 385 0275 70       		.byte	0x70
 386 0276 14       		.uleb128 0x14
 387 0277 C6000000 		.4byte	0xc6
 388 027b 30       		.byte	0x30
 389 027c 14       		.uleb128 0x14
 390 027d BB000000 		.4byte	0xbb
 391 0281 45       		.byte	0x45
 392 0282 10       		.uleb128 0x10
 393 0283 B0000000 		.4byte	0xb0
 394 0287 E5010000 		.4byte	.LLST22
 395 028b 11       		.uleb128 0x11
 396 028c 34000000 		.4byte	.LBB19
 397 0290 40000000 		.4byte	.LBE19
ARM GAS  C:\Users\jenny\AppData\Local\Temp\ccosUlMm.s 			page 8


 398 0294 15       		.uleb128 0x15
 399 0295 D1000000 		.4byte	0xd1
 400 0299 01       		.byte	0x1
 401 029a 15       		.uleb128 0x15
 402 029b DC000000 		.4byte	0xdc
 403 029f 02       		.byte	0x2
 404 02a0 15       		.uleb128 0x15
 405 02a1 E7000000 		.4byte	0xe7
 406 02a5 10       		.byte	0x10
 407 02a6 15       		.uleb128 0x15
 408 02a7 F2000000 		.4byte	0xf2
 409 02ab 3F       		.byte	0x3f
 410 02ac 00       		.byte	0
 411 02ad 00       		.byte	0
 412 02ae 00       		.byte	0
 413 02af 00       		.byte	0
 414 02b0 16       		.uleb128 0x16
 415 02b1 8D000000 		.4byte	.LASF25
 416 02b5 03       		.byte	0x3
 417 02b6 9806     		.2byte	0x698
 418 02b8 9A000000 		.4byte	0x9a
 419 02bc 01       		.byte	0x1
 420 02bd 01       		.byte	0x1
 421 02be 00       		.byte	0
 422              		.section	.debug_abbrev,"",%progbits
 423              	.Ldebug_abbrev0:
 424 0000 01       		.uleb128 0x1
 425 0001 11       		.uleb128 0x11
 426 0002 01       		.byte	0x1
 427 0003 25       		.uleb128 0x25
 428 0004 0E       		.uleb128 0xe
 429 0005 13       		.uleb128 0x13
 430 0006 0B       		.uleb128 0xb
 431 0007 03       		.uleb128 0x3
 432 0008 0E       		.uleb128 0xe
 433 0009 1B       		.uleb128 0x1b
 434 000a 0E       		.uleb128 0xe
 435 000b 55       		.uleb128 0x55
 436 000c 06       		.uleb128 0x6
 437 000d 11       		.uleb128 0x11
 438 000e 01       		.uleb128 0x1
 439 000f 52       		.uleb128 0x52
 440 0010 01       		.uleb128 0x1
 441 0011 10       		.uleb128 0x10
 442 0012 06       		.uleb128 0x6
 443 0013 00       		.byte	0
 444 0014 00       		.byte	0
 445 0015 02       		.uleb128 0x2
 446 0016 24       		.uleb128 0x24
 447 0017 00       		.byte	0
 448 0018 0B       		.uleb128 0xb
 449 0019 0B       		.uleb128 0xb
 450 001a 3E       		.uleb128 0x3e
 451 001b 0B       		.uleb128 0xb
 452 001c 03       		.uleb128 0x3
 453 001d 08       		.uleb128 0x8
 454 001e 00       		.byte	0
ARM GAS  C:\Users\jenny\AppData\Local\Temp\ccosUlMm.s 			page 9


 455 001f 00       		.byte	0
 456 0020 03       		.uleb128 0x3
 457 0021 24       		.uleb128 0x24
 458 0022 00       		.byte	0
 459 0023 0B       		.uleb128 0xb
 460 0024 0B       		.uleb128 0xb
 461 0025 3E       		.uleb128 0x3e
 462 0026 0B       		.uleb128 0xb
 463 0027 03       		.uleb128 0x3
 464 0028 0E       		.uleb128 0xe
 465 0029 00       		.byte	0
 466 002a 00       		.byte	0
 467 002b 04       		.uleb128 0x4
 468 002c 16       		.uleb128 0x16
 469 002d 00       		.byte	0
 470 002e 03       		.uleb128 0x3
 471 002f 0E       		.uleb128 0xe
 472 0030 3A       		.uleb128 0x3a
 473 0031 0B       		.uleb128 0xb
 474 0032 3B       		.uleb128 0x3b
 475 0033 0B       		.uleb128 0xb
 476 0034 49       		.uleb128 0x49
 477 0035 13       		.uleb128 0x13
 478 0036 00       		.byte	0
 479 0037 00       		.byte	0
 480 0038 05       		.uleb128 0x5
 481 0039 35       		.uleb128 0x35
 482 003a 00       		.byte	0
 483 003b 49       		.uleb128 0x49
 484 003c 13       		.uleb128 0x13
 485 003d 00       		.byte	0
 486 003e 00       		.byte	0
 487 003f 06       		.uleb128 0x6
 488 0040 2E       		.uleb128 0x2e
 489 0041 01       		.byte	0x1
 490 0042 03       		.uleb128 0x3
 491 0043 0E       		.uleb128 0xe
 492 0044 3A       		.uleb128 0x3a
 493 0045 0B       		.uleb128 0xb
 494 0046 3B       		.uleb128 0x3b
 495 0047 0B       		.uleb128 0xb
 496 0048 27       		.uleb128 0x27
 497 0049 0C       		.uleb128 0xc
 498 004a 49       		.uleb128 0x49
 499 004b 13       		.uleb128 0x13
 500 004c 20       		.uleb128 0x20
 501 004d 0B       		.uleb128 0xb
 502 004e 01       		.uleb128 0x1
 503 004f 13       		.uleb128 0x13
 504 0050 00       		.byte	0
 505 0051 00       		.byte	0
 506 0052 07       		.uleb128 0x7
 507 0053 05       		.uleb128 0x5
 508 0054 00       		.byte	0
 509 0055 03       		.uleb128 0x3
 510 0056 0E       		.uleb128 0xe
 511 0057 3A       		.uleb128 0x3a
ARM GAS  C:\Users\jenny\AppData\Local\Temp\ccosUlMm.s 			page 10


 512 0058 0B       		.uleb128 0xb
 513 0059 3B       		.uleb128 0x3b
 514 005a 0B       		.uleb128 0xb
 515 005b 49       		.uleb128 0x49
 516 005c 13       		.uleb128 0x13
 517 005d 00       		.byte	0
 518 005e 00       		.byte	0
 519 005f 08       		.uleb128 0x8
 520 0060 05       		.uleb128 0x5
 521 0061 00       		.byte	0
 522 0062 03       		.uleb128 0x3
 523 0063 08       		.uleb128 0x8
 524 0064 3A       		.uleb128 0x3a
 525 0065 0B       		.uleb128 0xb
 526 0066 3B       		.uleb128 0x3b
 527 0067 0B       		.uleb128 0xb
 528 0068 49       		.uleb128 0x49
 529 0069 13       		.uleb128 0x13
 530 006a 00       		.byte	0
 531 006b 00       		.byte	0
 532 006c 09       		.uleb128 0x9
 533 006d 34       		.uleb128 0x34
 534 006e 00       		.byte	0
 535 006f 03       		.uleb128 0x3
 536 0070 0E       		.uleb128 0xe
 537 0071 3A       		.uleb128 0x3a
 538 0072 0B       		.uleb128 0xb
 539 0073 3B       		.uleb128 0x3b
 540 0074 0B       		.uleb128 0xb
 541 0075 49       		.uleb128 0x49
 542 0076 13       		.uleb128 0x13
 543 0077 00       		.byte	0
 544 0078 00       		.byte	0
 545 0079 0A       		.uleb128 0xa
 546 007a 0F       		.uleb128 0xf
 547 007b 00       		.byte	0
 548 007c 0B       		.uleb128 0xb
 549 007d 0B       		.uleb128 0xb
 550 007e 49       		.uleb128 0x49
 551 007f 13       		.uleb128 0x13
 552 0080 00       		.byte	0
 553 0081 00       		.byte	0
 554 0082 0B       		.uleb128 0xb
 555 0083 2E       		.uleb128 0x2e
 556 0084 01       		.byte	0x1
 557 0085 3F       		.uleb128 0x3f
 558 0086 0C       		.uleb128 0xc
 559 0087 03       		.uleb128 0x3
 560 0088 0E       		.uleb128 0xe
 561 0089 3A       		.uleb128 0x3a
 562 008a 0B       		.uleb128 0xb
 563 008b 3B       		.uleb128 0x3b
 564 008c 0B       		.uleb128 0xb
 565 008d 27       		.uleb128 0x27
 566 008e 0C       		.uleb128 0xc
 567 008f 49       		.uleb128 0x49
 568 0090 13       		.uleb128 0x13
ARM GAS  C:\Users\jenny\AppData\Local\Temp\ccosUlMm.s 			page 11


 569 0091 11       		.uleb128 0x11
 570 0092 01       		.uleb128 0x1
 571 0093 12       		.uleb128 0x12
 572 0094 01       		.uleb128 0x1
 573 0095 40       		.uleb128 0x40
 574 0096 0A       		.uleb128 0xa
 575 0097 9742     		.uleb128 0x2117
 576 0099 0C       		.uleb128 0xc
 577 009a 01       		.uleb128 0x1
 578 009b 13       		.uleb128 0x13
 579 009c 00       		.byte	0
 580 009d 00       		.byte	0
 581 009e 0C       		.uleb128 0xc
 582 009f 05       		.uleb128 0x5
 583 00a0 00       		.byte	0
 584 00a1 03       		.uleb128 0x3
 585 00a2 08       		.uleb128 0x8
 586 00a3 3A       		.uleb128 0x3a
 587 00a4 0B       		.uleb128 0xb
 588 00a5 3B       		.uleb128 0x3b
 589 00a6 0B       		.uleb128 0xb
 590 00a7 49       		.uleb128 0x49
 591 00a8 13       		.uleb128 0x13
 592 00a9 02       		.uleb128 0x2
 593 00aa 06       		.uleb128 0x6
 594 00ab 00       		.byte	0
 595 00ac 00       		.byte	0
 596 00ad 0D       		.uleb128 0xd
 597 00ae 0B       		.uleb128 0xb
 598 00af 01       		.byte	0x1
 599 00b0 55       		.uleb128 0x55
 600 00b1 06       		.uleb128 0x6
 601 00b2 00       		.byte	0
 602 00b3 00       		.byte	0
 603 00b4 0E       		.uleb128 0xe
 604 00b5 34       		.uleb128 0x34
 605 00b6 00       		.byte	0
 606 00b7 03       		.uleb128 0x3
 607 00b8 08       		.uleb128 0x8
 608 00b9 3A       		.uleb128 0x3a
 609 00ba 0B       		.uleb128 0xb
 610 00bb 3B       		.uleb128 0x3b
 611 00bc 0B       		.uleb128 0xb
 612 00bd 49       		.uleb128 0x49
 613 00be 13       		.uleb128 0x13
 614 00bf 00       		.byte	0
 615 00c0 00       		.byte	0
 616 00c1 0F       		.uleb128 0xf
 617 00c2 1D       		.uleb128 0x1d
 618 00c3 01       		.byte	0x1
 619 00c4 31       		.uleb128 0x31
 620 00c5 13       		.uleb128 0x13
 621 00c6 11       		.uleb128 0x11
 622 00c7 01       		.uleb128 0x1
 623 00c8 12       		.uleb128 0x12
 624 00c9 01       		.uleb128 0x1
 625 00ca 58       		.uleb128 0x58
ARM GAS  C:\Users\jenny\AppData\Local\Temp\ccosUlMm.s 			page 12


 626 00cb 0B       		.uleb128 0xb
 627 00cc 59       		.uleb128 0x59
 628 00cd 0B       		.uleb128 0xb
 629 00ce 01       		.uleb128 0x1
 630 00cf 13       		.uleb128 0x13
 631 00d0 00       		.byte	0
 632 00d1 00       		.byte	0
 633 00d2 10       		.uleb128 0x10
 634 00d3 05       		.uleb128 0x5
 635 00d4 00       		.byte	0
 636 00d5 31       		.uleb128 0x31
 637 00d6 13       		.uleb128 0x13
 638 00d7 02       		.uleb128 0x2
 639 00d8 06       		.uleb128 0x6
 640 00d9 00       		.byte	0
 641 00da 00       		.byte	0
 642 00db 11       		.uleb128 0x11
 643 00dc 0B       		.uleb128 0xb
 644 00dd 01       		.byte	0x1
 645 00de 11       		.uleb128 0x11
 646 00df 01       		.uleb128 0x1
 647 00e0 12       		.uleb128 0x12
 648 00e1 01       		.uleb128 0x1
 649 00e2 00       		.byte	0
 650 00e3 00       		.byte	0
 651 00e4 12       		.uleb128 0x12
 652 00e5 34       		.uleb128 0x34
 653 00e6 00       		.byte	0
 654 00e7 31       		.uleb128 0x31
 655 00e8 13       		.uleb128 0x13
 656 00e9 02       		.uleb128 0x2
 657 00ea 06       		.uleb128 0x6
 658 00eb 00       		.byte	0
 659 00ec 00       		.byte	0
 660 00ed 13       		.uleb128 0x13
 661 00ee 1D       		.uleb128 0x1d
 662 00ef 01       		.byte	0x1
 663 00f0 31       		.uleb128 0x31
 664 00f1 13       		.uleb128 0x13
 665 00f2 11       		.uleb128 0x11
 666 00f3 01       		.uleb128 0x1
 667 00f4 12       		.uleb128 0x12
 668 00f5 01       		.uleb128 0x1
 669 00f6 58       		.uleb128 0x58
 670 00f7 0B       		.uleb128 0xb
 671 00f8 59       		.uleb128 0x59
 672 00f9 0B       		.uleb128 0xb
 673 00fa 00       		.byte	0
 674 00fb 00       		.byte	0
 675 00fc 14       		.uleb128 0x14
 676 00fd 05       		.uleb128 0x5
 677 00fe 00       		.byte	0
 678 00ff 31       		.uleb128 0x31
 679 0100 13       		.uleb128 0x13
 680 0101 1C       		.uleb128 0x1c
 681 0102 0B       		.uleb128 0xb
 682 0103 00       		.byte	0
ARM GAS  C:\Users\jenny\AppData\Local\Temp\ccosUlMm.s 			page 13


 683 0104 00       		.byte	0
 684 0105 15       		.uleb128 0x15
 685 0106 34       		.uleb128 0x34
 686 0107 00       		.byte	0
 687 0108 31       		.uleb128 0x31
 688 0109 13       		.uleb128 0x13
 689 010a 1C       		.uleb128 0x1c
 690 010b 0B       		.uleb128 0xb
 691 010c 00       		.byte	0
 692 010d 00       		.byte	0
 693 010e 16       		.uleb128 0x16
 694 010f 34       		.uleb128 0x34
 695 0110 00       		.byte	0
 696 0111 03       		.uleb128 0x3
 697 0112 0E       		.uleb128 0xe
 698 0113 3A       		.uleb128 0x3a
 699 0114 0B       		.uleb128 0xb
 700 0115 3B       		.uleb128 0x3b
 701 0116 05       		.uleb128 0x5
 702 0117 49       		.uleb128 0x49
 703 0118 13       		.uleb128 0x13
 704 0119 3F       		.uleb128 0x3f
 705 011a 0C       		.uleb128 0xc
 706 011b 3C       		.uleb128 0x3c
 707 011c 0C       		.uleb128 0xc
 708 011d 00       		.byte	0
 709 011e 00       		.byte	0
 710 011f 00       		.byte	0
 711              		.section	.debug_loc,"",%progbits
 712              	.Ldebug_loc0:
 713              	.LLST0:
 714 0000 00000000 		.4byte	.LVL0
 715 0004 0E000000 		.4byte	.LVL3
 716 0008 0100     		.2byte	0x1
 717 000a 50       		.byte	0x50
 718 000b 0E000000 		.4byte	.LVL3
 719 000f 2C000000 		.4byte	.LVL4
 720 0013 0400     		.2byte	0x4
 721 0015 F3       		.byte	0xf3
 722 0016 01       		.uleb128 0x1
 723 0017 50       		.byte	0x50
 724 0018 9F       		.byte	0x9f
 725 0019 2C000000 		.4byte	.LVL4
 726 001d 32000000 		.4byte	.LVL5
 727 0021 0100     		.2byte	0x1
 728 0023 50       		.byte	0x50
 729 0024 32000000 		.4byte	.LVL5
 730 0028 34000000 		.4byte	.LVL6
 731 002c 0400     		.2byte	0x4
 732 002e F3       		.byte	0xf3
 733 002f 01       		.uleb128 0x1
 734 0030 50       		.byte	0x50
 735 0031 9F       		.byte	0x9f
 736 0032 34000000 		.4byte	.LVL6
 737 0036 3C000000 		.4byte	.LVL7
 738 003a 0100     		.2byte	0x1
 739 003c 50       		.byte	0x50
ARM GAS  C:\Users\jenny\AppData\Local\Temp\ccosUlMm.s 			page 14


 740 003d 3C000000 		.4byte	.LVL7
 741 0041 46000000 		.4byte	.LFE119
 742 0045 0400     		.2byte	0x4
 743 0047 F3       		.byte	0xf3
 744 0048 01       		.uleb128 0x1
 745 0049 50       		.byte	0x50
 746 004a 9F       		.byte	0x9f
 747 004b 00000000 		.4byte	0
 748 004f 00000000 		.4byte	0
 749              	.LLST1:
 750 0053 06000000 		.4byte	.LVL1
 751 0057 2C000000 		.4byte	.LVL4
 752 005b 0300     		.2byte	0x3
 753 005d 08       		.byte	0x8
 754 005e 3E       		.byte	0x3e
 755 005f 9F       		.byte	0x9f
 756 0060 00000000 		.4byte	0
 757 0064 00000000 		.4byte	0
 758              	.LLST2:
 759 0068 06000000 		.4byte	.LVL1
 760 006c 2C000000 		.4byte	.LVL4
 761 0070 0300     		.2byte	0x3
 762 0072 08       		.byte	0x8
 763 0073 49       		.byte	0x49
 764 0074 9F       		.byte	0x9f
 765 0075 00000000 		.4byte	0
 766 0079 00000000 		.4byte	0
 767              	.LLST3:
 768 007d 06000000 		.4byte	.LVL1
 769 0081 0E000000 		.4byte	.LVL3
 770 0085 0100     		.2byte	0x1
 771 0087 50       		.byte	0x50
 772 0088 0E000000 		.4byte	.LVL3
 773 008c 2C000000 		.4byte	.LVL4
 774 0090 0400     		.2byte	0x4
 775 0092 F3       		.byte	0xf3
 776 0093 01       		.uleb128 0x1
 777 0094 50       		.byte	0x50
 778 0095 9F       		.byte	0x9f
 779 0096 00000000 		.4byte	0
 780 009a 00000000 		.4byte	0
 781              	.LLST4:
 782 009e 06000000 		.4byte	.LVL1
 783 00a2 2C000000 		.4byte	.LVL4
 784 00a6 0200     		.2byte	0x2
 785 00a8 31       		.byte	0x31
 786 00a9 9F       		.byte	0x9f
 787 00aa 00000000 		.4byte	0
 788 00ae 00000000 		.4byte	0
 789              	.LLST5:
 790 00b2 06000000 		.4byte	.LVL1
 791 00b6 2C000000 		.4byte	.LVL4
 792 00ba 0200     		.2byte	0x2
 793 00bc 32       		.byte	0x32
 794 00bd 9F       		.byte	0x9f
 795 00be 00000000 		.4byte	0
 796 00c2 00000000 		.4byte	0
ARM GAS  C:\Users\jenny\AppData\Local\Temp\ccosUlMm.s 			page 15


 797              	.LLST6:
 798 00c6 06000000 		.4byte	.LVL1
 799 00ca 2C000000 		.4byte	.LVL4
 800 00ce 0200     		.2byte	0x2
 801 00d0 4E       		.byte	0x4e
 802 00d1 9F       		.byte	0x9f
 803 00d2 00000000 		.4byte	0
 804 00d6 00000000 		.4byte	0
 805              	.LLST7:
 806 00da 06000000 		.4byte	.LVL1
 807 00de 2C000000 		.4byte	.LVL4
 808 00e2 0400     		.2byte	0x4
 809 00e4 0A       		.byte	0xa
 810 00e5 FF03     		.2byte	0x3ff
 811 00e7 9F       		.byte	0x9f
 812 00e8 00000000 		.4byte	0
 813 00ec 00000000 		.4byte	0
 814              	.LLST8:
 815 00f0 0A000000 		.4byte	.LVL2
 816 00f4 2C000000 		.4byte	.LVL4
 817 00f8 0300     		.2byte	0x3
 818 00fa 08       		.byte	0x8
 819 00fb 2F       		.byte	0x2f
 820 00fc 9F       		.byte	0x9f
 821 00fd 00000000 		.4byte	0
 822 0101 00000000 		.4byte	0
 823              	.LLST9:
 824 0105 0A000000 		.4byte	.LVL2
 825 0109 2C000000 		.4byte	.LVL4
 826 010d 0300     		.2byte	0x3
 827 010f 08       		.byte	0x8
 828 0110 31       		.byte	0x31
 829 0111 9F       		.byte	0x9f
 830 0112 00000000 		.4byte	0
 831 0116 00000000 		.4byte	0
 832              	.LLST10:
 833 011a 0A000000 		.4byte	.LVL2
 834 011e 0E000000 		.4byte	.LVL3
 835 0122 0100     		.2byte	0x1
 836 0124 50       		.byte	0x50
 837 0125 0E000000 		.4byte	.LVL3
 838 0129 2C000000 		.4byte	.LVL4
 839 012d 0400     		.2byte	0x4
 840 012f F3       		.byte	0xf3
 841 0130 01       		.uleb128 0x1
 842 0131 50       		.byte	0x50
 843 0132 9F       		.byte	0x9f
 844 0133 00000000 		.4byte	0
 845 0137 00000000 		.4byte	0
 846              	.LLST11:
 847 013b 0A000000 		.4byte	.LVL2
 848 013f 2C000000 		.4byte	.LVL4
 849 0143 0200     		.2byte	0x2
 850 0145 31       		.byte	0x31
 851 0146 9F       		.byte	0x9f
 852 0147 00000000 		.4byte	0
 853 014b 00000000 		.4byte	0
ARM GAS  C:\Users\jenny\AppData\Local\Temp\ccosUlMm.s 			page 16


 854              	.LLST13:
 855 014f 0A000000 		.4byte	.LVL2
 856 0153 2C000000 		.4byte	.LVL4
 857 0157 0200     		.2byte	0x2
 858 0159 3F       		.byte	0x3f
 859 015a 9F       		.byte	0x9f
 860 015b 00000000 		.4byte	0
 861 015f 00000000 		.4byte	0
 862              	.LLST14:
 863 0163 0A000000 		.4byte	.LVL2
 864 0167 2C000000 		.4byte	.LVL4
 865 016b 0600     		.2byte	0x6
 866 016d 0C       		.byte	0xc
 867 016e FFFF0300 		.4byte	0x3ffff
 868 0172 9F       		.byte	0x9f
 869 0173 00000000 		.4byte	0
 870 0177 00000000 		.4byte	0
 871              	.LLST15:
 872 017b 0A000000 		.4byte	.LVL2
 873 017f 2C000000 		.4byte	.LVL4
 874 0183 0300     		.2byte	0x3
 875 0185 08       		.byte	0x8
 876 0186 50       		.byte	0x50
 877 0187 9F       		.byte	0x9f
 878 0188 00000000 		.4byte	0
 879 018c 00000000 		.4byte	0
 880              	.LLST16:
 881 0190 0A000000 		.4byte	.LVL2
 882 0194 2C000000 		.4byte	.LVL4
 883 0198 0300     		.2byte	0x3
 884 019a 08       		.byte	0x8
 885 019b 53       		.byte	0x53
 886 019c 9F       		.byte	0x9f
 887 019d 00000000 		.4byte	0
 888 01a1 00000000 		.4byte	0
 889              	.LLST18:
 890 01a5 0A000000 		.4byte	.LVL2
 891 01a9 2C000000 		.4byte	.LVL4
 892 01ad 0200     		.2byte	0x2
 893 01af 32       		.byte	0x32
 894 01b0 9F       		.byte	0x9f
 895 01b1 00000000 		.4byte	0
 896 01b5 00000000 		.4byte	0
 897              	.LLST20:
 898 01b9 0A000000 		.4byte	.LVL2
 899 01bd 2C000000 		.4byte	.LVL4
 900 01c1 0200     		.2byte	0x2
 901 01c3 40       		.byte	0x40
 902 01c4 9F       		.byte	0x9f
 903 01c5 00000000 		.4byte	0
 904 01c9 00000000 		.4byte	0
 905              	.LLST21:
 906 01cd 0A000000 		.4byte	.LVL2
 907 01d1 2C000000 		.4byte	.LVL4
 908 01d5 0600     		.2byte	0x6
 909 01d7 0C       		.byte	0xc
 910 01d8 FFFF0F00 		.4byte	0xfffff
ARM GAS  C:\Users\jenny\AppData\Local\Temp\ccosUlMm.s 			page 17


 911 01dc 9F       		.byte	0x9f
 912 01dd 00000000 		.4byte	0
 913 01e1 00000000 		.4byte	0
 914              	.LLST22:
 915 01e5 34000000 		.4byte	.LVL6
 916 01e9 3C000000 		.4byte	.LVL7
 917 01ed 0100     		.2byte	0x1
 918 01ef 50       		.byte	0x50
 919 01f0 3C000000 		.4byte	.LVL7
 920 01f4 46000000 		.4byte	.LFE119
 921 01f8 0400     		.2byte	0x4
 922 01fa F3       		.byte	0xf3
 923 01fb 01       		.uleb128 0x1
 924 01fc 50       		.byte	0x50
 925 01fd 9F       		.byte	0x9f
 926 01fe 00000000 		.4byte	0
 927 0202 00000000 		.4byte	0
 928              		.section	.debug_aranges,"",%progbits
 929 0000 1C000000 		.4byte	0x1c
 930 0004 0200     		.2byte	0x2
 931 0006 00000000 		.4byte	.Ldebug_info0
 932 000a 04       		.byte	0x4
 933 000b 00       		.byte	0
 934 000c 0000     		.2byte	0
 935 000e 0000     		.2byte	0
 936 0010 00000000 		.4byte	.LFB119
 937 0014 46000000 		.4byte	.LFE119-.LFB119
 938 0018 00000000 		.4byte	0
 939 001c 00000000 		.4byte	0
 940              		.section	.debug_ranges,"",%progbits
 941              	.Ldebug_ranges0:
 942 0000 06000000 		.4byte	.LBB11
 943 0004 2C000000 		.4byte	.LBE11
 944 0008 34000000 		.4byte	.LBB20
 945 000c 46000000 		.4byte	.LBE20
 946 0010 00000000 		.4byte	0
 947 0014 00000000 		.4byte	0
 948 0018 00000000 		.4byte	.LFB119
 949 001c 46000000 		.4byte	.LFE119
 950 0020 00000000 		.4byte	0
 951 0024 00000000 		.4byte	0
 952              		.section	.debug_line,"",%progbits
 953              	.Ldebug_line0:
 954 0000 02010000 		.section	.debug_str,"MS",%progbits,1
 954      0200C900 
 954      00000201 
 954      FB0E0D00 
 954      01010101 
 955              	.LASF15:
 956 0000 73746172 		.ascii	"start\000"
 956      7400
 957              	.LASF0:
 958 0006 756E7369 		.ascii	"unsigned int\000"
 958      676E6564 
 958      20696E74 
 958      00
 959              	.LASF17:
ARM GAS  C:\Users\jenny\AppData\Local\Temp\ccosUlMm.s 			page 18


 960 0013 656E6469 		.ascii	"endidx\000"
 960      647800
 961              	.LASF18:
 962 001a 73746172 		.ascii	"startoff\000"
 962      746F6666 
 962      00
 963              	.LASF16:
 964 0023 73746172 		.ascii	"startidx\000"
 964      74696478 
 964      00
 965              	.LASF23:
 966 002c 6D6D6373 		.ascii	"mmcsd_get_slice\000"
 966      645F6765 
 966      745F736C 
 966      69636500 
 967              	.LASF14:
 968 003c 64617461 		.ascii	"data\000"
 968      00
 969              	.LASF2:
 970 0041 756E7369 		.ascii	"unsigned char\000"
 970      676E6564 
 970      20636861 
 970      7200
 971              	.LASF8:
 972 004f 6C6F6E67 		.ascii	"long unsigned int\000"
 972      20756E73 
 972      69676E65 
 972      6420696E 
 972      7400
 973              	.LASF4:
 974 0061 73686F72 		.ascii	"short unsigned int\000"
 974      7420756E 
 974      7369676E 
 974      65642069 
 974      6E7400
 975              	.LASF21:
 976 0074 2E2E2F2E 		.ascii	"../../os/hal/src/mmcsd.c\000"
 976      2E2F6F73 
 976      2F68616C 
 976      2F737263 
 976      2F6D6D63 
 977              	.LASF25:
 978 008d 49544D5F 		.ascii	"ITM_RxBuffer\000"
 978      52784275 
 978      66666572 
 978      00
 979              	.LASF20:
 980 009a 474E5520 		.ascii	"GNU C 4.7.4 20130913 (release) [ARM/embedded-4_7-br"
 980      4320342E 
 980      372E3420 
 980      32303133 
 980      30393133 
 981 00cd 616E6368 		.ascii	"anch revision 202601]\000"
 981      20726576 
 981      6973696F 
 981      6E203230 
 981      32363031 
ARM GAS  C:\Users\jenny\AppData\Local\Temp\ccosUlMm.s 			page 19


 982              	.LASF19:
 983 00e3 656E646D 		.ascii	"endmask\000"
 983      61736B00 
 984              	.LASF22:
 985 00eb 443A5C6A 		.ascii	"D:\\jenny\\dev\\probe\\chibios\\chibios.workspace\\"
 985      656E6E79 
 985      5C646576 
 985      5C70726F 
 985      62655C63 
 986 0118 64656D6F 		.ascii	"demos\\ARMCM4-STM32F407-LWIP-FATFS-USB\000"
 986      735C4152 
 986      4D434D34 
 986      2D53544D 
 986      33324634 
 987              	.LASF13:
 988 013e 63686172 		.ascii	"char\000"
 988      00
 989              	.LASF6:
 990 0143 696E7433 		.ascii	"int32_t\000"
 990      325F7400 
 991              	.LASF12:
 992 014b 73697A65 		.ascii	"sizetype\000"
 992      74797065 
 992      00
 993              	.LASF9:
 994 0154 6C6F6E67 		.ascii	"long long int\000"
 994      206C6F6E 
 994      6720696E 
 994      7400
 995              	.LASF3:
 996 0162 73686F72 		.ascii	"short int\000"
 996      7420696E 
 996      7400
 997              	.LASF7:
 998 016c 75696E74 		.ascii	"uint32_t\000"
 998      33325F74 
 998      00
 999              	.LASF5:
 1000 0175 6C6F6E67 		.ascii	"long int\000"
 1000      20696E74 
 1000      00
 1001              	.LASF24:
 1002 017e 6D6D6373 		.ascii	"mmcsdGetCapacity\000"
 1002      64476574 
 1002      43617061 
 1002      63697479 
 1002      00
 1003              	.LASF1:
 1004 018f 7369676E 		.ascii	"signed char\000"
 1004      65642063 
 1004      68617200 
 1005              	.LASF11:
 1006 019b 5F426F6F 		.ascii	"_Bool\000"
 1006      6C00
 1007              	.LASF10:
 1008 01a1 6C6F6E67 		.ascii	"long long unsigned int\000"
 1008      206C6F6E 
ARM GAS  C:\Users\jenny\AppData\Local\Temp\ccosUlMm.s 			page 20


 1008      6720756E 
 1008      7369676E 
 1008      65642069 
 1009              		.ident	"GCC: (GNU Tools for ARM Embedded Processors) 4.7.4 20130913 (release) [ARM/embedded-4_7-br
ARM GAS  C:\Users\jenny\AppData\Local\Temp\ccosUlMm.s 			page 21


DEFINED SYMBOLS
                            *ABS*:00000000 mmcsd.c
C:\Users\jenny\AppData\Local\Temp\ccosUlMm.s:20     .text.mmcsdGetCapacity:00000000 $t
C:\Users\jenny\AppData\Local\Temp\ccosUlMm.s:26     .text.mmcsdGetCapacity:00000000 mmcsdGetCapacity
                     .debug_frame:00000010 $d

NO UNDEFINED SYMBOLS
