ARM GAS  C:\Users\jenny\AppData\Local\Temp\ccwjN2iZ.s 			page 1


   1              		.syntax unified
   2              		.cpu cortex-m4
   3              		.eabi_attribute 27, 3
   4              		.fpu fpv4-sp-d16
   5              		.eabi_attribute 20, 1
   6              		.eabi_attribute 21, 1
   7              		.eabi_attribute 23, 3
   8              		.eabi_attribute 24, 1
   9              		.eabi_attribute 25, 1
  10              		.eabi_attribute 26, 1
  11              		.eabi_attribute 30, 2
  12              		.eabi_attribute 34, 1
  13              		.eabi_attribute 18, 4
  14              		.thumb
  15              		.file	"netbuf.c"
  16              		.text
  17              	.Ltext0:
  18              		.cfi_sections	.debug_frame
  19              		.section	.text.netbuf_new,"ax",%progbits
  20              		.align	2
  21              		.p2align 4,,15
  22              		.global	netbuf_new
  23              		.thumb
  24              		.thumb_func
  25              		.type	netbuf_new, %function
  26              	netbuf_new:
  27              	.LFB7:
  28              		.file 1 "../../ext/lwip/src/api/netbuf.c"
  29              		.loc 1 57 0
  30              		.cfi_startproc
  31              		@ args = 0, pretend = 0, frame = 0
  32              		@ frame_needed = 0, uses_anonymous_args = 0
  33 0000 08B5     		push	{r3, lr}
  34              	.LCFI0:
  35              		.cfi_def_cfa_offset 8
  36              		.cfi_offset 3, -8
  37              		.cfi_offset 14, -4
  38              		.loc 1 60 0
  39 0002 0720     		movs	r0, #7
  40 0004 FFF7FEFF 		bl	memp_malloc
  41              	.LVL0:
  42              		.loc 1 61 0
  43 0008 20B1     		cbz	r0, .L2
  44              		.loc 1 62 0
  45 000a 0023     		movs	r3, #0
  46 000c 0360     		str	r3, [r0, #0]
  47              		.loc 1 63 0
  48 000e 4360     		str	r3, [r0, #4]
  49              		.loc 1 64 0
  50 0010 8360     		str	r3, [r0, #8]
  51              		.loc 1 65 0
  52 0012 8381     		strh	r3, [r0, #12]	@ movhi
  53              	.L2:
  54              		.loc 1 79 0
  55 0014 08BD     		pop	{r3, pc}
  56              		.cfi_endproc
  57              	.LFE7:
ARM GAS  C:\Users\jenny\AppData\Local\Temp\ccwjN2iZ.s 			page 2


  58              		.size	netbuf_new, .-netbuf_new
  59 0016 00BFAFF3 		.section	.text.netbuf_delete,"ax",%progbits
  59      0080AFF3 
  59      0080
  60              		.align	2
  61              		.p2align 4,,15
  62              		.global	netbuf_delete
  63              		.thumb
  64              		.thumb_func
  65              		.type	netbuf_delete, %function
  66              	netbuf_delete:
  67              	.LFB8:
  68              		.loc 1 88 0
  69              		.cfi_startproc
  70              		@ args = 0, pretend = 0, frame = 0
  71              		@ frame_needed = 0, uses_anonymous_args = 0
  72              	.LVL1:
  73 0000 10B5     		push	{r4, lr}
  74              	.LCFI1:
  75              		.cfi_def_cfa_offset 8
  76              		.cfi_offset 4, -8
  77              		.cfi_offset 14, -4
  78              		.loc 1 89 0
  79 0002 0446     		mov	r4, r0
  80 0004 60B1     		cbz	r0, .L7
  81              		.loc 1 90 0
  82 0006 0068     		ldr	r0, [r0, #0]
  83              	.LVL2:
  84 0008 20B1     		cbz	r0, .L9
  85              		.loc 1 91 0
  86 000a FFF7FEFF 		bl	pbuf_free
  87              	.LVL3:
  88              		.loc 1 92 0
  89 000e 0023     		movs	r3, #0
  90 0010 6360     		str	r3, [r4, #4]
  91 0012 2360     		str	r3, [r4, #0]
  92              	.L9:
  93              		.loc 1 94 0
  94 0014 0720     		movs	r0, #7
  95 0016 2146     		mov	r1, r4
  96              		.loc 1 96 0
  97 0018 BDE81040 		pop	{r4, lr}
  98              		.loc 1 94 0
  99 001c FFF7FEBF 		b	memp_free
 100              	.LVL4:
 101              	.L7:
 102 0020 10BD     		pop	{r4, pc}
 103              		.cfi_endproc
 104              	.LFE8:
 105              		.size	netbuf_delete, .-netbuf_delete
 106 0022 00BFAFF3 		.section	.text.netbuf_alloc,"ax",%progbits
 106      0080AFF3 
 106      0080AFF3 
 106      0080
 107              		.align	2
 108              		.p2align 4,,15
 109              		.global	netbuf_alloc
ARM GAS  C:\Users\jenny\AppData\Local\Temp\ccwjN2iZ.s 			page 3


 110              		.thumb
 111              		.thumb_func
 112              		.type	netbuf_alloc, %function
 113              	netbuf_alloc:
 114              	.LFB9:
 115              		.loc 1 108 0
 116              		.cfi_startproc
 117              		@ args = 0, pretend = 0, frame = 0
 118              		@ frame_needed = 0, uses_anonymous_args = 0
 119              	.LVL5:
 120 0000 38B5     		push	{r3, r4, r5, lr}
 121              	.LCFI2:
 122              		.cfi_def_cfa_offset 16
 123              		.cfi_offset 3, -16
 124              		.cfi_offset 4, -12
 125              		.cfi_offset 5, -8
 126              		.cfi_offset 14, -4
 127              		.loc 1 109 0
 128 0002 0446     		mov	r4, r0
 129              		.loc 1 108 0
 130 0004 0D46     		mov	r5, r1
 131              		.loc 1 109 0
 132 0006 A0B1     		cbz	r0, .L22
 133              		.loc 1 112 0
 134 0008 0068     		ldr	r0, [r0, #0]
 135              	.LVL6:
 136 000a 08B1     		cbz	r0, .L16
 137              		.loc 1 113 0
 138 000c FFF7FEFF 		bl	pbuf_free
 139              	.LVL7:
 140              	.L16:
 141              		.loc 1 115 0
 142 0010 0020     		movs	r0, #0
 143 0012 2946     		mov	r1, r5
 144 0014 0246     		mov	r2, r0
 145 0016 FFF7FEFF 		bl	pbuf_alloc
 146              	.LVL8:
 147 001a 2060     		str	r0, [r4, #0]
 148              		.loc 1 116 0
 149 001c 20B1     		cbz	r0, .L15
 150              		.loc 1 119 0
 151 001e 4289     		ldrh	r2, [r0, #10]
 152 0020 AA42     		cmp	r2, r5
 153 0022 02D3     		bcc	.L23
 154              	.L17:
 155              		.loc 1 121 0
 156 0024 6060     		str	r0, [r4, #4]
 157              		.loc 1 122 0
 158 0026 4068     		ldr	r0, [r0, #4]
 159              	.L15:
 160              		.loc 1 123 0
 161 0028 38BD     		pop	{r3, r4, r5, pc}
 162              	.L23:
 163              		.loc 1 119 0 discriminator 1
 164 002a FFF7FEFF 		bl	port_halt
 165              	.LVL9:
 166 002e 2068     		ldr	r0, [r4, #0]
ARM GAS  C:\Users\jenny\AppData\Local\Temp\ccwjN2iZ.s 			page 4


 167 0030 F8E7     		b	.L17
 168              	.LVL10:
 169              	.L22:
 170              		.loc 1 109 0 discriminator 1
 171 0032 FFF7FEFF 		bl	port_halt
 172              	.LVL11:
 173 0036 2046     		mov	r0, r4
 174 0038 38BD     		pop	{r3, r4, r5, pc}
 175              		.cfi_endproc
 176              	.LFE9:
 177              		.size	netbuf_alloc, .-netbuf_alloc
 178 003a 00BFAFF3 		.section	.text.netbuf_free,"ax",%progbits
 178      0080
 179              		.align	2
 180              		.p2align 4,,15
 181              		.global	netbuf_free
 182              		.thumb
 183              		.thumb_func
 184              		.type	netbuf_free, %function
 185              	netbuf_free:
 186              	.LFB10:
 187              		.loc 1 132 0
 188              		.cfi_startproc
 189              		@ args = 0, pretend = 0, frame = 0
 190              		@ frame_needed = 0, uses_anonymous_args = 0
 191              	.LVL12:
 192 0000 10B5     		push	{r4, lr}
 193              	.LCFI3:
 194              		.cfi_def_cfa_offset 8
 195              		.cfi_offset 4, -8
 196              		.cfi_offset 14, -4
 197              		.loc 1 133 0
 198 0002 0446     		mov	r4, r0
 199 0004 38B1     		cbz	r0, .L30
 200              		.loc 1 134 0
 201 0006 0068     		ldr	r0, [r0, #0]
 202              	.LVL13:
 203 0008 08B1     		cbz	r0, .L26
 204              		.loc 1 135 0
 205 000a FFF7FEFF 		bl	pbuf_free
 206              	.LVL14:
 207              	.L26:
 208              		.loc 1 137 0
 209 000e 0023     		movs	r3, #0
 210 0010 6360     		str	r3, [r4, #4]
 211 0012 2360     		str	r3, [r4, #0]
 212 0014 10BD     		pop	{r4, pc}
 213              	.LVL15:
 214              	.L30:
 215              		.loc 1 138 0 discriminator 1
 216 0016 BDE81040 		pop	{r4, lr}
 217              		.loc 1 133 0 discriminator 1
 218 001a FFF7FEBF 		b	port_halt
 219              	.LVL16:
 220              		.cfi_endproc
 221              	.LFE10:
 222              		.size	netbuf_free, .-netbuf_free
ARM GAS  C:\Users\jenny\AppData\Local\Temp\ccwjN2iZ.s 			page 5


 223 001e 00BF     		.section	.text.netbuf_ref,"ax",%progbits
 224              		.align	2
 225              		.p2align 4,,15
 226              		.global	netbuf_ref
 227              		.thumb
 228              		.thumb_func
 229              		.type	netbuf_ref, %function
 230              	netbuf_ref:
 231              	.LFB11:
 232              		.loc 1 151 0
 233              		.cfi_startproc
 234              		@ args = 0, pretend = 0, frame = 0
 235              		@ frame_needed = 0, uses_anonymous_args = 0
 236              	.LVL17:
 237 0000 70B5     		push	{r4, r5, r6, lr}
 238              	.LCFI4:
 239              		.cfi_def_cfa_offset 16
 240              		.cfi_offset 4, -16
 241              		.cfi_offset 5, -12
 242              		.cfi_offset 6, -8
 243              		.cfi_offset 14, -4
 244              		.loc 1 152 0
 245 0002 0446     		mov	r4, r0
 246              		.loc 1 151 0
 247 0004 0E46     		mov	r6, r1
 248 0006 1546     		mov	r5, r2
 249              		.loc 1 152 0
 250 0008 A8B1     		cbz	r0, .L39
 251              		.loc 1 153 0
 252 000a 0068     		ldr	r0, [r0, #0]
 253              	.LVL18:
 254 000c 08B1     		cbz	r0, .L34
 255              		.loc 1 154 0
 256 000e FFF7FEFF 		bl	pbuf_free
 257              	.LVL19:
 258              	.L34:
 259              		.loc 1 156 0
 260 0012 0020     		movs	r0, #0
 261 0014 0146     		mov	r1, r0
 262 0016 0222     		movs	r2, #2
 263 0018 FFF7FEFF 		bl	pbuf_alloc
 264              	.LVL20:
 265 001c 0346     		mov	r3, r0
 266 001e 2060     		str	r0, [r4, #0]
 267              		.loc 1 157 0
 268 0020 30B1     		cbz	r0, .L40
 269              		.loc 1 161 0
 270 0022 4660     		str	r6, [r0, #4]
 271              		.loc 1 162 0
 272 0024 0581     		strh	r5, [r0, #8]	@ movhi
 273 0026 4581     		strh	r5, [r0, #10]	@ movhi
 274              		.loc 1 164 0
 275 0028 0020     		movs	r0, #0
 276              		.loc 1 163 0
 277 002a 6360     		str	r3, [r4, #4]
 278              	.L33:
 279              		.loc 1 165 0
ARM GAS  C:\Users\jenny\AppData\Local\Temp\ccwjN2iZ.s 			page 6


 280 002c 40B2     		sxtb	r0, r0
 281 002e 70BD     		pop	{r4, r5, r6, pc}
 282              	.L40:
 283              		.loc 1 158 0
 284 0030 6060     		str	r0, [r4, #4]
 285              		.loc 1 159 0
 286 0032 FF20     		movs	r0, #255
 287 0034 FAE7     		b	.L33
 288              	.LVL21:
 289              	.L39:
 290              		.loc 1 152 0 discriminator 1
 291 0036 FFF7FEFF 		bl	port_halt
 292              	.LVL22:
 293 003a F220     		movs	r0, #242
 294 003c F6E7     		b	.L33
 295              		.cfi_endproc
 296              	.LFE11:
 297              		.size	netbuf_ref, .-netbuf_ref
 298 003e 00BF     		.section	.text.netbuf_chain,"ax",%progbits
 299              		.align	2
 300              		.p2align 4,,15
 301              		.global	netbuf_chain
 302              		.thumb
 303              		.thumb_func
 304              		.type	netbuf_chain, %function
 305              	netbuf_chain:
 306              	.LFB12:
 307              		.loc 1 175 0
 308              		.cfi_startproc
 309              		@ args = 0, pretend = 0, frame = 0
 310              		@ frame_needed = 0, uses_anonymous_args = 0
 311              	.LVL23:
 312 0000 38B5     		push	{r3, r4, r5, lr}
 313              	.LCFI5:
 314              		.cfi_def_cfa_offset 16
 315              		.cfi_offset 3, -16
 316              		.cfi_offset 4, -12
 317              		.cfi_offset 5, -8
 318              		.cfi_offset 14, -4
 319              		.loc 1 176 0
 320 0002 0446     		mov	r4, r0
 321              		.loc 1 175 0
 322 0004 0D46     		mov	r5, r1
 323              		.loc 1 176 0
 324 0006 60B1     		cbz	r0, .L43
 325              		.loc 1 177 0
 326 0008 59B1     		cbz	r1, .L43
 327              		.loc 1 178 0
 328 000a 0068     		ldr	r0, [r0, #0]
 329              	.LVL24:
 330 000c 0968     		ldr	r1, [r1, #0]
 331              	.LVL25:
 332 000e FFF7FEFF 		bl	pbuf_cat
 333              	.LVL26:
 334              		.loc 1 179 0
 335 0012 2368     		ldr	r3, [r4, #0]
 336              		.loc 1 180 0
ARM GAS  C:\Users\jenny\AppData\Local\Temp\ccwjN2iZ.s 			page 7


 337 0014 0720     		movs	r0, #7
 338 0016 2946     		mov	r1, r5
 339              		.loc 1 179 0
 340 0018 6360     		str	r3, [r4, #4]
 341              		.loc 1 181 0
 342 001a BDE83840 		pop	{r3, r4, r5, lr}
 343              		.loc 1 180 0
 344 001e FFF7FEBF 		b	memp_free
 345              	.LVL27:
 346              	.L43:
 347              		.loc 1 181 0 discriminator 1
 348 0022 BDE83840 		pop	{r3, r4, r5, lr}
 349              		.loc 1 176 0 discriminator 1
 350 0026 FFF7FEBF 		b	port_halt
 351              	.LVL28:
 352              		.cfi_endproc
 353              	.LFE12:
 354              		.size	netbuf_chain, .-netbuf_chain
 355 002a 00BFAFF3 		.section	.text.netbuf_data,"ax",%progbits
 355      0080
 356              		.align	2
 357              		.p2align 4,,15
 358              		.global	netbuf_data
 359              		.thumb
 360              		.thumb_func
 361              		.type	netbuf_data, %function
 362              	netbuf_data:
 363              	.LFB13:
 364              		.loc 1 194 0
 365              		.cfi_startproc
 366              		@ args = 0, pretend = 0, frame = 0
 367              		@ frame_needed = 0, uses_anonymous_args = 0
 368              	.LVL29:
 369 0000 08B5     		push	{r3, lr}
 370              	.LCFI6:
 371              		.cfi_def_cfa_offset 8
 372              		.cfi_offset 3, -8
 373              		.cfi_offset 14, -4
 374              		.loc 1 195 0
 375 0002 58B1     		cbz	r0, .L50
 376              		.loc 1 196 0
 377 0004 51B1     		cbz	r1, .L50
 378              		.loc 1 197 0
 379 0006 4AB1     		cbz	r2, .L50
 380              		.loc 1 199 0
 381 0008 4368     		ldr	r3, [r0, #4]
 382 000a 5BB1     		cbz	r3, .L51
 383              		.loc 1 202 0
 384 000c 5B68     		ldr	r3, [r3, #4]
 385 000e 0B60     		str	r3, [r1, #0]
 386              		.loc 1 203 0
 387 0010 4068     		ldr	r0, [r0, #4]
 388              	.LVL30:
 389 0012 4189     		ldrh	r1, [r0, #10]
 390              	.LVL31:
 391              		.loc 1 204 0
 392 0014 0023     		movs	r3, #0
ARM GAS  C:\Users\jenny\AppData\Local\Temp\ccwjN2iZ.s 			page 8


 393              		.loc 1 203 0
 394 0016 1180     		strh	r1, [r2, #0]	@ movhi
 395              	.LVL32:
 396              	.L49:
 397              		.loc 1 205 0
 398 0018 58B2     		sxtb	r0, r3
 399 001a 08BD     		pop	{r3, pc}
 400              	.LVL33:
 401              	.L50:
 402              		.loc 1 195 0 discriminator 1
 403 001c FFF7FEFF 		bl	port_halt
 404              	.LVL34:
 405 0020 F223     		movs	r3, #242
 406 0022 F9E7     		b	.L49
 407              	.LVL35:
 408              	.L51:
 409              		.loc 1 200 0
 410 0024 FE23     		movs	r3, #254
 411 0026 F7E7     		b	.L49
 412              		.cfi_endproc
 413              	.LFE13:
 414              		.size	netbuf_data, .-netbuf_data
 415 0028 AFF30080 		.section	.text.netbuf_next,"ax",%progbits
 415      AFF30080 
 416              		.align	2
 417              		.p2align 4,,15
 418              		.global	netbuf_next
 419              		.thumb
 420              		.thumb_func
 421              		.type	netbuf_next, %function
 422              	netbuf_next:
 423              	.LFB14:
 424              		.loc 1 219 0
 425              		.cfi_startproc
 426              		@ args = 0, pretend = 0, frame = 0
 427              		@ frame_needed = 0, uses_anonymous_args = 0
 428              	.LVL36:
 429 0000 08B5     		push	{r3, lr}
 430              	.LCFI7:
 431              		.cfi_def_cfa_offset 8
 432              		.cfi_offset 3, -8
 433              		.cfi_offset 14, -4
 434              		.loc 1 220 0
 435 0002 60B1     		cbz	r0, .L62
 436              		.loc 1 221 0
 437 0004 4368     		ldr	r3, [r0, #4]
 438 0006 1968     		ldr	r1, [r3, #0]
 439 0008 39B1     		cbz	r1, .L61
 440              		.loc 1 225 0
 441 000a 0A68     		ldr	r2, [r1, #0]
 442              		.loc 1 224 0
 443 000c 4160     		str	r1, [r0, #4]
 444              		.loc 1 220 0
 445 000e D2F10100 		rsbs	r0, r2, #1
 446              	.LVL37:
 447 0012 38BF     		it	cc
 448 0014 0020     		movcc	r0, #0
ARM GAS  C:\Users\jenny\AppData\Local\Temp\ccwjN2iZ.s 			page 9


 449              	.L60:
 450              		.loc 1 229 0
 451 0016 40B2     		sxtb	r0, r0
 452 0018 08BD     		pop	{r3, pc}
 453              	.LVL38:
 454              	.L61:
 455              		.loc 1 222 0
 456 001a FF20     		movs	r0, #255
 457              	.LVL39:
 458 001c FBE7     		b	.L60
 459              	.LVL40:
 460              	.L62:
 461              		.loc 1 220 0 discriminator 1
 462 001e FFF7FEFF 		bl	port_halt
 463              	.LVL41:
 464 0022 FF20     		movs	r0, #255
 465 0024 F7E7     		b	.L60
 466              		.cfi_endproc
 467              	.LFE14:
 468              		.size	netbuf_next, .-netbuf_next
 469 0026 00BFAFF3 		.section	.text.netbuf_first,"ax",%progbits
 469      0080AFF3 
 469      0080
 470              		.align	2
 471              		.p2align 4,,15
 472              		.global	netbuf_first
 473              		.thumb
 474              		.thumb_func
 475              		.type	netbuf_first, %function
 476              	netbuf_first:
 477              	.LFB15:
 478              		.loc 1 240 0
 479              		.cfi_startproc
 480              		@ args = 0, pretend = 0, frame = 0
 481              		@ frame_needed = 0, uses_anonymous_args = 0
 482              		@ link register save eliminated.
 483              	.LVL42:
 484              		.loc 1 241 0
 485 0000 10B1     		cbz	r0, .L65
 486              		.loc 1 242 0
 487 0002 0368     		ldr	r3, [r0, #0]
 488 0004 4360     		str	r3, [r0, #4]
 489 0006 7047     		bx	lr
 490              	.L65:
 491              		.loc 1 243 0 discriminator 1
 492              		.loc 1 241 0 discriminator 1
 493 0008 FFF7FEBF 		b	port_halt
 494              	.LVL43:
 495              		.cfi_endproc
 496              	.LFE15:
 497              		.size	netbuf_first, .-netbuf_first
 498 000c AFF30080 		.text
 499              	.Letext0:
 500              		.file 2 "c:\\fbin\\yagarto\\bin\\../lib/gcc/arm-none-eabi/4.7.4/../../../../arm-none-eabi/include/
 501              		.file 3 "../../os/various/lwip_bindings/arch/cc.h"
 502              		.file 4 "../../ext/lwip/src/include/lwip/err.h"
 503              		.file 5 "../../ext/lwip/src/include/lwip/pbuf.h"
ARM GAS  C:\Users\jenny\AppData\Local\Temp\ccwjN2iZ.s 			page 10


 504              		.file 6 "../../ext/lwip/src/include/ipv4/lwip/ip_addr.h"
 505              		.file 7 "../../ext/lwip/src/include/lwip/netbuf.h"
 506              		.file 8 "../../ext/lwip/src/include/lwip/memp.h"
 507              		.file 9 "../../os/ports/GCC/ARMCMx/chcore_v7m.h"
 508              		.section	.debug_info,"",%progbits
 509              	.Ldebug_info0:
 510 0000 05060000 		.4byte	0x605
 511 0004 0200     		.2byte	0x2
 512 0006 00000000 		.4byte	.Ldebug_abbrev0
 513 000a 04       		.byte	0x4
 514 000b 01       		.uleb128 0x1
 515 000c E2010000 		.4byte	.LASF74
 516 0010 01       		.byte	0x1
 517 0011 00000000 		.4byte	.LASF75
 518 0015 5C010000 		.4byte	.LASF76
 519 0019 00000000 		.4byte	.Ldebug_ranges0+0
 520 001d 00000000 		.4byte	0
 521 0021 00000000 		.4byte	0
 522 0025 00000000 		.4byte	.Ldebug_line0
 523 0029 02       		.uleb128 0x2
 524 002a 04       		.byte	0x4
 525 002b 05       		.byte	0x5
 526 002c 696E7400 		.ascii	"int\000"
 527 0030 03       		.uleb128 0x3
 528 0031 04       		.byte	0x4
 529 0032 07       		.byte	0x7
 530 0033 D5010000 		.4byte	.LASF0
 531 0037 04       		.uleb128 0x4
 532 0038 40000000 		.4byte	.LASF2
 533 003c 02       		.byte	0x2
 534 003d 29       		.byte	0x29
 535 003e 42000000 		.4byte	0x42
 536 0042 03       		.uleb128 0x3
 537 0043 01       		.byte	0x1
 538 0044 06       		.byte	0x6
 539 0045 DD000000 		.4byte	.LASF1
 540 0049 04       		.uleb128 0x4
 541 004a 32030000 		.4byte	.LASF3
 542 004e 02       		.byte	0x2
 543 004f 2A       		.byte	0x2a
 544 0050 54000000 		.4byte	0x54
 545 0054 03       		.uleb128 0x3
 546 0055 01       		.byte	0x1
 547 0056 08       		.byte	0x8
 548 0057 40010000 		.4byte	.LASF4
 549 005b 03       		.uleb128 0x3
 550 005c 02       		.byte	0x2
 551 005d 05       		.byte	0x5
 552 005e 61000000 		.4byte	.LASF5
 553 0062 04       		.uleb128 0x4
 554 0063 66020000 		.4byte	.LASF6
 555 0067 02       		.byte	0x2
 556 0068 36       		.byte	0x36
 557 0069 6D000000 		.4byte	0x6d
 558 006d 03       		.uleb128 0x3
 559 006e 02       		.byte	0x2
 560 006f 07       		.byte	0x7
ARM GAS  C:\Users\jenny\AppData\Local\Temp\ccwjN2iZ.s 			page 11


 561 0070 87020000 		.4byte	.LASF7
 562 0074 03       		.uleb128 0x3
 563 0075 04       		.byte	0x4
 564 0076 05       		.byte	0x5
 565 0077 1F010000 		.4byte	.LASF8
 566 007b 04       		.uleb128 0x4
 567 007c CC010000 		.4byte	.LASF9
 568 0080 02       		.byte	0x2
 569 0081 50       		.byte	0x50
 570 0082 86000000 		.4byte	0x86
 571 0086 03       		.uleb128 0x3
 572 0087 04       		.byte	0x4
 573 0088 07       		.byte	0x7
 574 0089 EB020000 		.4byte	.LASF10
 575 008d 03       		.uleb128 0x3
 576 008e 08       		.byte	0x8
 577 008f 05       		.byte	0x5
 578 0090 EE000000 		.4byte	.LASF11
 579 0094 03       		.uleb128 0x3
 580 0095 08       		.byte	0x8
 581 0096 07       		.byte	0x7
 582 0097 B5010000 		.4byte	.LASF12
 583 009b 03       		.uleb128 0x3
 584 009c 01       		.byte	0x1
 585 009d 02       		.byte	0x2
 586 009e A5020000 		.4byte	.LASF13
 587 00a2 05       		.uleb128 0x5
 588 00a3 04       		.byte	0x4
 589 00a4 03       		.uleb128 0x3
 590 00a5 04       		.byte	0x4
 591 00a6 07       		.byte	0x7
 592 00a7 7F000000 		.4byte	.LASF14
 593 00ab 03       		.uleb128 0x3
 594 00ac 01       		.byte	0x1
 595 00ad 08       		.byte	0x8
 596 00ae 61020000 		.4byte	.LASF15
 597 00b2 04       		.uleb128 0x4
 598 00b3 27030000 		.4byte	.LASF16
 599 00b7 03       		.byte	0x3
 600 00b8 38       		.byte	0x38
 601 00b9 49000000 		.4byte	0x49
 602 00bd 04       		.uleb128 0x4
 603 00be E9000000 		.4byte	.LASF17
 604 00c2 03       		.byte	0x3
 605 00c3 39       		.byte	0x39
 606 00c4 37000000 		.4byte	0x37
 607 00c8 04       		.uleb128 0x4
 608 00c9 3A030000 		.4byte	.LASF18
 609 00cd 03       		.byte	0x3
 610 00ce 3A       		.byte	0x3a
 611 00cf 62000000 		.4byte	0x62
 612 00d3 04       		.uleb128 0x4
 613 00d4 2C030000 		.4byte	.LASF19
 614 00d8 03       		.byte	0x3
 615 00d9 3C       		.byte	0x3c
 616 00da 7B000000 		.4byte	0x7b
 617 00de 04       		.uleb128 0x4
ARM GAS  C:\Users\jenny\AppData\Local\Temp\ccwjN2iZ.s 			page 12


 618 00df 5B020000 		.4byte	.LASF20
 619 00e3 04       		.byte	0x4
 620 00e4 2F       		.byte	0x2f
 621 00e5 BD000000 		.4byte	0xbd
 622 00e9 06       		.uleb128 0x6
 623 00ea 01       		.byte	0x1
 624 00eb 05       		.byte	0x5
 625 00ec 32       		.byte	0x32
 626 00ed 0A010000 		.4byte	0x10a
 627 00f1 07       		.uleb128 0x7
 628 00f2 C2020000 		.4byte	.LASF21
 629 00f6 00       		.sleb128 0
 630 00f7 07       		.uleb128 0x7
 631 00f8 D1020000 		.4byte	.LASF22
 632 00fc 01       		.sleb128 1
 633 00fd 07       		.uleb128 0x7
 634 00fe D8030000 		.4byte	.LASF23
 635 0102 02       		.sleb128 2
 636 0103 07       		.uleb128 0x7
 637 0104 C5000000 		.4byte	.LASF24
 638 0108 03       		.sleb128 3
 639 0109 00       		.byte	0
 640 010a 04       		.uleb128 0x4
 641 010b 2B020000 		.4byte	.LASF25
 642 010f 05       		.byte	0x5
 643 0110 37       		.byte	0x37
 644 0111 E9000000 		.4byte	0xe9
 645 0115 06       		.uleb128 0x6
 646 0116 01       		.byte	0x1
 647 0117 05       		.byte	0x5
 648 0118 39       		.byte	0x39
 649 0119 36010000 		.4byte	0x136
 650 011d 07       		.uleb128 0x7
 651 011e A8000000 		.4byte	.LASF26
 652 0122 00       		.sleb128 0
 653 0123 07       		.uleb128 0x7
 654 0124 B6030000 		.4byte	.LASF27
 655 0128 01       		.sleb128 1
 656 0129 07       		.uleb128 0x7
 657 012a A5030000 		.4byte	.LASF28
 658 012e 02       		.sleb128 2
 659 012f 07       		.uleb128 0x7
 660 0130 36020000 		.4byte	.LASF29
 661 0134 03       		.sleb128 3
 662 0135 00       		.byte	0
 663 0136 04       		.uleb128 0x4
 664 0137 FD020000 		.4byte	.LASF30
 665 013b 05       		.byte	0x5
 666 013c 3E       		.byte	0x3e
 667 013d 15010000 		.4byte	0x115
 668 0141 08       		.uleb128 0x8
 669 0142 1A010000 		.4byte	.LASF36
 670 0146 10       		.byte	0x10
 671 0147 05       		.byte	0x5
 672 0148 4F       		.byte	0x4f
 673 0149 B0010000 		.4byte	0x1b0
 674 014d 09       		.uleb128 0x9
ARM GAS  C:\Users\jenny\AppData\Local\Temp\ccwjN2iZ.s 			page 13


 675 014e C7030000 		.4byte	.LASF31
 676 0152 05       		.byte	0x5
 677 0153 51       		.byte	0x51
 678 0154 B0010000 		.4byte	0x1b0
 679 0158 02       		.byte	0x2
 680 0159 23       		.byte	0x23
 681 015a 00       		.uleb128 0
 682 015b 09       		.uleb128 0x9
 683 015c BF030000 		.4byte	.LASF32
 684 0160 05       		.byte	0x5
 685 0161 54       		.byte	0x54
 686 0162 A2000000 		.4byte	0xa2
 687 0166 02       		.byte	0x2
 688 0167 23       		.byte	0x23
 689 0168 04       		.uleb128 0x4
 690 0169 09       		.uleb128 0x9
 691 016a 77030000 		.4byte	.LASF33
 692 016e 05       		.byte	0x5
 693 016f 5D       		.byte	0x5d
 694 0170 C8000000 		.4byte	0xc8
 695 0174 02       		.byte	0x2
 696 0175 23       		.byte	0x23
 697 0176 08       		.uleb128 0x8
 698 0177 0A       		.uleb128 0xa
 699 0178 6C656E00 		.ascii	"len\000"
 700 017c 05       		.byte	0x5
 701 017d 60       		.byte	0x60
 702 017e C8000000 		.4byte	0xc8
 703 0182 02       		.byte	0x2
 704 0183 23       		.byte	0x23
 705 0184 0A       		.uleb128 0xa
 706 0185 09       		.uleb128 0x9
 707 0186 6F020000 		.4byte	.LASF34
 708 018a 05       		.byte	0x5
 709 018b 63       		.byte	0x63
 710 018c B2000000 		.4byte	0xb2
 711 0190 02       		.byte	0x2
 712 0191 23       		.byte	0x23
 713 0192 0C       		.uleb128 0xc
 714 0193 09       		.uleb128 0x9
 715 0194 AF010000 		.4byte	.LASF35
 716 0198 05       		.byte	0x5
 717 0199 66       		.byte	0x66
 718 019a B2000000 		.4byte	0xb2
 719 019e 02       		.byte	0x2
 720 019f 23       		.byte	0x23
 721 01a0 0D       		.uleb128 0xd
 722 01a1 0A       		.uleb128 0xa
 723 01a2 72656600 		.ascii	"ref\000"
 724 01a6 05       		.byte	0x5
 725 01a7 6D       		.byte	0x6d
 726 01a8 C8000000 		.4byte	0xc8
 727 01ac 02       		.byte	0x2
 728 01ad 23       		.byte	0x23
 729 01ae 0E       		.uleb128 0xe
 730 01af 00       		.byte	0
 731 01b0 0B       		.uleb128 0xb
ARM GAS  C:\Users\jenny\AppData\Local\Temp\ccwjN2iZ.s 			page 14


 732 01b1 04       		.byte	0x4
 733 01b2 41010000 		.4byte	0x141
 734 01b6 08       		.uleb128 0x8
 735 01b7 AE030000 		.4byte	.LASF37
 736 01bb 04       		.byte	0x4
 737 01bc 06       		.byte	0x6
 738 01bd 2C       		.byte	0x2c
 739 01be D1010000 		.4byte	0x1d1
 740 01c2 09       		.uleb128 0x9
 741 01c3 32010000 		.4byte	.LASF38
 742 01c7 06       		.byte	0x6
 743 01c8 2D       		.byte	0x2d
 744 01c9 D3000000 		.4byte	0xd3
 745 01cd 02       		.byte	0x2
 746 01ce 23       		.byte	0x23
 747 01cf 00       		.uleb128 0
 748 01d0 00       		.byte	0
 749 01d1 04       		.uleb128 0x4
 750 01d2 28010000 		.4byte	.LASF39
 751 01d6 06       		.byte	0x6
 752 01d7 40       		.byte	0x40
 753 01d8 B6010000 		.4byte	0x1b6
 754 01dc 08       		.uleb128 0x8
 755 01dd 13010000 		.4byte	.LASF40
 756 01e1 10       		.byte	0x10
 757 01e2 07       		.byte	0x7
 758 01e3 30       		.byte	0x30
 759 01e4 1F020000 		.4byte	0x21f
 760 01e8 0A       		.uleb128 0xa
 761 01e9 7000     		.ascii	"p\000"
 762 01eb 07       		.byte	0x7
 763 01ec 31       		.byte	0x31
 764 01ed B0010000 		.4byte	0x1b0
 765 01f1 02       		.byte	0x2
 766 01f2 23       		.byte	0x23
 767 01f3 00       		.uleb128 0
 768 01f4 0A       		.uleb128 0xa
 769 01f5 70747200 		.ascii	"ptr\000"
 770 01f9 07       		.byte	0x7
 771 01fa 31       		.byte	0x31
 772 01fb B0010000 		.4byte	0x1b0
 773 01ff 02       		.byte	0x2
 774 0200 23       		.byte	0x23
 775 0201 04       		.uleb128 0x4
 776 0202 09       		.uleb128 0x9
 777 0203 32010000 		.4byte	.LASF38
 778 0207 07       		.byte	0x7
 779 0208 32       		.byte	0x32
 780 0209 D1010000 		.4byte	0x1d1
 781 020d 02       		.byte	0x2
 782 020e 23       		.byte	0x23
 783 020f 08       		.uleb128 0x8
 784 0210 09       		.uleb128 0x9
 785 0211 D9020000 		.4byte	.LASF41
 786 0215 07       		.byte	0x7
 787 0216 33       		.byte	0x33
 788 0217 C8000000 		.4byte	0xc8
ARM GAS  C:\Users\jenny\AppData\Local\Temp\ccwjN2iZ.s 			page 15


 789 021b 02       		.byte	0x2
 790 021c 23       		.byte	0x23
 791 021d 0C       		.uleb128 0xc
 792 021e 00       		.byte	0
 793 021f 06       		.uleb128 0x6
 794 0220 01       		.byte	0x1
 795 0221 08       		.byte	0x8
 796 0222 2B       		.byte	0x2b
 797 0223 82020000 		.4byte	0x282
 798 0227 07       		.uleb128 0x7
 799 0228 07030000 		.4byte	.LASF42
 800 022c 00       		.sleb128 0
 801 022d 07       		.uleb128 0x7
 802 022e 98030000 		.4byte	.LASF43
 803 0232 01       		.sleb128 1
 804 0233 07       		.uleb128 0x7
 805 0234 7F030000 		.4byte	.LASF44
 806 0238 02       		.sleb128 2
 807 0239 07       		.uleb128 0x7
 808 023a B1000000 		.4byte	.LASF45
 809 023e 03       		.sleb128 3
 810 023f 07       		.uleb128 0x7
 811 0240 72000000 		.4byte	.LASF46
 812 0244 04       		.sleb128 4
 813 0245 07       		.uleb128 0x7
 814 0246 40020000 		.4byte	.LASF47
 815 024a 05       		.sleb128 5
 816 024b 07       		.uleb128 0x7
 817 024c CE000000 		.4byte	.LASF48
 818 0250 06       		.sleb128 6
 819 0251 07       		.uleb128 0x7
 820 0252 CC030000 		.4byte	.LASF49
 821 0256 07       		.sleb128 7
 822 0257 07       		.uleb128 0x7
 823 0258 54000000 		.4byte	.LASF50
 824 025c 08       		.sleb128 8
 825 025d 07       		.uleb128 0x7
 826 025e 74020000 		.4byte	.LASF51
 827 0262 09       		.sleb128 9
 828 0263 07       		.uleb128 0x7
 829 0264 5A030000 		.4byte	.LASF52
 830 0268 0A       		.sleb128 10
 831 0269 07       		.uleb128 0x7
 832 026a 92000000 		.4byte	.LASF53
 833 026e 0B       		.sleb128 11
 834 026f 07       		.uleb128 0x7
 835 0270 AB020000 		.4byte	.LASF54
 836 0274 0C       		.sleb128 12
 837 0275 07       		.uleb128 0x7
 838 0276 40030000 		.4byte	.LASF55
 839 027a 0D       		.sleb128 13
 840 027b 07       		.uleb128 0x7
 841 027c 53010000 		.4byte	.LASF56
 842 0280 0E       		.sleb128 14
 843 0281 00       		.byte	0
 844 0282 04       		.uleb128 0x4
 845 0283 6B000000 		.4byte	.LASF57
ARM GAS  C:\Users\jenny\AppData\Local\Temp\ccwjN2iZ.s 			page 16


 846 0287 08       		.byte	0x8
 847 0288 2F       		.byte	0x2f
 848 0289 1F020000 		.4byte	0x21f
 849 028d 0C       		.uleb128 0xc
 850 028e 01       		.byte	0x1
 851 028f 4F030000 		.4byte	.LASF58
 852 0293 01       		.byte	0x1
 853 0294 38       		.byte	0x38
 854 0295 01       		.byte	0x1
 855 0296 C8020000 		.4byte	0x2c8
 856 029a 00000000 		.4byte	.LFB7
 857 029e 16000000 		.4byte	.LFE7
 858 02a2 00000000 		.4byte	.LLST0
 859 02a6 01       		.byte	0x1
 860 02a7 C8020000 		.4byte	0x2c8
 861 02ab 0D       		.uleb128 0xd
 862 02ac 62756600 		.ascii	"buf\000"
 863 02b0 01       		.byte	0x1
 864 02b1 3A       		.byte	0x3a
 865 02b2 C8020000 		.4byte	0x2c8
 866 02b6 01       		.byte	0x1
 867 02b7 50       		.byte	0x50
 868 02b8 0E       		.uleb128 0xe
 869 02b9 08000000 		.4byte	.LVL0
 870 02bd 7D050000 		.4byte	0x57d
 871 02c1 0F       		.uleb128 0xf
 872 02c2 01       		.byte	0x1
 873 02c3 50       		.byte	0x50
 874 02c4 01       		.byte	0x1
 875 02c5 37       		.byte	0x37
 876 02c6 00       		.byte	0
 877 02c7 00       		.byte	0
 878 02c8 0B       		.uleb128 0xb
 879 02c9 04       		.byte	0x4
 880 02ca DC010000 		.4byte	0x1dc
 881 02ce 10       		.uleb128 0x10
 882 02cf 01       		.byte	0x1
 883 02d0 19030000 		.4byte	.LASF61
 884 02d4 01       		.byte	0x1
 885 02d5 57       		.byte	0x57
 886 02d6 01       		.byte	0x1
 887 02d7 00000000 		.4byte	.LFB8
 888 02db 22000000 		.4byte	.LFE8
 889 02df 20000000 		.4byte	.LLST1
 890 02e3 01       		.byte	0x1
 891 02e4 17030000 		.4byte	0x317
 892 02e8 11       		.uleb128 0x11
 893 02e9 62756600 		.ascii	"buf\000"
 894 02ed 01       		.byte	0x1
 895 02ee 57       		.byte	0x57
 896 02ef C8020000 		.4byte	0x2c8
 897 02f3 40000000 		.4byte	.LLST2
 898 02f7 12       		.uleb128 0x12
 899 02f8 0E000000 		.4byte	.LVL3
 900 02fc 95050000 		.4byte	0x595
 901 0300 13       		.uleb128 0x13
 902 0301 20000000 		.4byte	.LVL4
ARM GAS  C:\Users\jenny\AppData\Local\Temp\ccwjN2iZ.s 			page 17


 903 0305 01       		.byte	0x1
 904 0306 AD050000 		.4byte	0x5ad
 905 030a 0F       		.uleb128 0xf
 906 030b 01       		.byte	0x1
 907 030c 51       		.byte	0x51
 908 030d 02       		.byte	0x2
 909 030e 74       		.byte	0x74
 910 030f 00       		.sleb128 0
 911 0310 0F       		.uleb128 0xf
 912 0311 01       		.byte	0x1
 913 0312 50       		.byte	0x50
 914 0313 01       		.byte	0x1
 915 0314 37       		.byte	0x37
 916 0315 00       		.byte	0
 917 0316 00       		.byte	0
 918 0317 0C       		.uleb128 0xc
 919 0318 01       		.byte	0x1
 920 0319 47000000 		.4byte	.LASF59
 921 031d 01       		.byte	0x1
 922 031e 6B       		.byte	0x6b
 923 031f 01       		.byte	0x1
 924 0320 A2000000 		.4byte	0xa2
 925 0324 00000000 		.4byte	.LFB9
 926 0328 3A000000 		.4byte	.LFE9
 927 032c 69000000 		.4byte	.LLST3
 928 0330 01       		.byte	0x1
 929 0331 8D030000 		.4byte	0x38d
 930 0335 11       		.uleb128 0x11
 931 0336 62756600 		.ascii	"buf\000"
 932 033a 01       		.byte	0x1
 933 033b 6B       		.byte	0x6b
 934 033c C8020000 		.4byte	0x2c8
 935 0340 89000000 		.4byte	.LLST4
 936 0344 14       		.uleb128 0x14
 937 0345 14030000 		.4byte	.LASF60
 938 0349 01       		.byte	0x1
 939 034a 6B       		.byte	0x6b
 940 034b C8000000 		.4byte	0xc8
 941 034f BD000000 		.4byte	.LLST5
 942 0353 12       		.uleb128 0x12
 943 0354 10000000 		.4byte	.LVL7
 944 0358 95050000 		.4byte	0x595
 945 035c 15       		.uleb128 0x15
 946 035d 1A000000 		.4byte	.LVL8
 947 0361 C6050000 		.4byte	0x5c6
 948 0365 7A030000 		.4byte	0x37a
 949 0369 0F       		.uleb128 0xf
 950 036a 01       		.byte	0x1
 951 036b 52       		.byte	0x52
 952 036c 01       		.byte	0x1
 953 036d 30       		.byte	0x30
 954 036e 0F       		.uleb128 0xf
 955 036f 01       		.byte	0x1
 956 0370 51       		.byte	0x51
 957 0371 02       		.byte	0x2
 958 0372 75       		.byte	0x75
 959 0373 00       		.sleb128 0
ARM GAS  C:\Users\jenny\AppData\Local\Temp\ccwjN2iZ.s 			page 18


 960 0374 0F       		.uleb128 0xf
 961 0375 01       		.byte	0x1
 962 0376 50       		.byte	0x50
 963 0377 01       		.byte	0x1
 964 0378 30       		.byte	0x30
 965 0379 00       		.byte	0
 966 037a 12       		.uleb128 0x12
 967 037b 2E000000 		.4byte	.LVL9
 968 037f E8050000 		.4byte	0x5e8
 969 0383 12       		.uleb128 0x12
 970 0384 36000000 		.4byte	.LVL11
 971 0388 E8050000 		.4byte	0x5e8
 972 038c 00       		.byte	0
 973 038d 10       		.uleb128 0x10
 974 038e 01       		.byte	0x1
 975 038f 4F020000 		.4byte	.LASF62
 976 0393 01       		.byte	0x1
 977 0394 83       		.byte	0x83
 978 0395 01       		.byte	0x1
 979 0396 00000000 		.4byte	.LFB10
 980 039a 1E000000 		.4byte	.LFE10
 981 039e F7000000 		.4byte	.LLST6
 982 03a2 01       		.byte	0x1
 983 03a3 CA030000 		.4byte	0x3ca
 984 03a7 11       		.uleb128 0x11
 985 03a8 62756600 		.ascii	"buf\000"
 986 03ac 01       		.byte	0x1
 987 03ad 83       		.byte	0x83
 988 03ae C8020000 		.4byte	0x2c8
 989 03b2 17010000 		.4byte	.LLST7
 990 03b6 12       		.uleb128 0x12
 991 03b7 0E000000 		.4byte	.LVL14
 992 03bb 95050000 		.4byte	0x595
 993 03bf 16       		.uleb128 0x16
 994 03c0 1E000000 		.4byte	.LVL16
 995 03c4 01       		.byte	0x1
 996 03c5 E8050000 		.4byte	0x5e8
 997 03c9 00       		.byte	0
 998 03ca 0C       		.uleb128 0xc
 999 03cb 01       		.byte	0x1
 1000 03cc 08010000 		.4byte	.LASF63
 1001 03d0 01       		.byte	0x1
 1002 03d1 96       		.byte	0x96
 1003 03d2 01       		.byte	0x1
 1004 03d3 DE000000 		.4byte	0xde
 1005 03d7 00000000 		.4byte	.LFB11
 1006 03db 3E000000 		.4byte	.LFE11
 1007 03df 4B010000 		.4byte	.LLST8
 1008 03e3 01       		.byte	0x1
 1009 03e4 45040000 		.4byte	0x445
 1010 03e8 11       		.uleb128 0x11
 1011 03e9 62756600 		.ascii	"buf\000"
 1012 03ed 01       		.byte	0x1
 1013 03ee 96       		.byte	0x96
 1014 03ef C8020000 		.4byte	0x2c8
 1015 03f3 6B010000 		.4byte	.LLST9
 1016 03f7 14       		.uleb128 0x14
ARM GAS  C:\Users\jenny\AppData\Local\Temp\ccwjN2iZ.s 			page 19


 1017 03f8 6F030000 		.4byte	.LASF64
 1018 03fc 01       		.byte	0x1
 1019 03fd 96       		.byte	0x96
 1020 03fe 45040000 		.4byte	0x445
 1021 0402 9F010000 		.4byte	.LLST10
 1022 0406 14       		.uleb128 0x14
 1023 0407 14030000 		.4byte	.LASF60
 1024 040b 01       		.byte	0x1
 1025 040c 96       		.byte	0x96
 1026 040d C8000000 		.4byte	0xc8
 1027 0411 D3010000 		.4byte	.LLST11
 1028 0415 12       		.uleb128 0x12
 1029 0416 12000000 		.4byte	.LVL19
 1030 041a 95050000 		.4byte	0x595
 1031 041e 15       		.uleb128 0x15
 1032 041f 1C000000 		.4byte	.LVL20
 1033 0423 C6050000 		.4byte	0x5c6
 1034 0427 3B040000 		.4byte	0x43b
 1035 042b 0F       		.uleb128 0xf
 1036 042c 01       		.byte	0x1
 1037 042d 52       		.byte	0x52
 1038 042e 01       		.byte	0x1
 1039 042f 32       		.byte	0x32
 1040 0430 0F       		.uleb128 0xf
 1041 0431 01       		.byte	0x1
 1042 0432 51       		.byte	0x51
 1043 0433 01       		.byte	0x1
 1044 0434 30       		.byte	0x30
 1045 0435 0F       		.uleb128 0xf
 1046 0436 01       		.byte	0x1
 1047 0437 50       		.byte	0x50
 1048 0438 01       		.byte	0x1
 1049 0439 30       		.byte	0x30
 1050 043a 00       		.byte	0
 1051 043b 12       		.uleb128 0x12
 1052 043c 3A000000 		.4byte	.LVL22
 1053 0440 E8050000 		.4byte	0x5e8
 1054 0444 00       		.byte	0
 1055 0445 0B       		.uleb128 0xb
 1056 0446 04       		.byte	0x4
 1057 0447 4B040000 		.4byte	0x44b
 1058 044b 17       		.uleb128 0x17
 1059 044c 10       		.uleb128 0x10
 1060 044d 01       		.byte	0x1
 1061 044e B5020000 		.4byte	.LASF65
 1062 0452 01       		.byte	0x1
 1063 0453 AE       		.byte	0xae
 1064 0454 01       		.byte	0x1
 1065 0455 00000000 		.4byte	.LFB12
 1066 0459 2A000000 		.4byte	.LFE12
 1067 045d 0D020000 		.4byte	.LLST12
 1068 0461 01       		.byte	0x1
 1069 0462 B2040000 		.4byte	0x4b2
 1070 0466 14       		.uleb128 0x14
 1071 0467 A3000000 		.4byte	.LASF66
 1072 046b 01       		.byte	0x1
 1073 046c AE       		.byte	0xae
ARM GAS  C:\Users\jenny\AppData\Local\Temp\ccwjN2iZ.s 			page 20


 1074 046d C8020000 		.4byte	0x2c8
 1075 0471 2D020000 		.4byte	.LLST13
 1076 0475 14       		.uleb128 0x14
 1077 0476 4E010000 		.4byte	.LASF67
 1078 047a 01       		.byte	0x1
 1079 047b AE       		.byte	0xae
 1080 047c C8020000 		.4byte	0x2c8
 1081 0480 61020000 		.4byte	.LLST14
 1082 0484 12       		.uleb128 0x12
 1083 0485 12000000 		.4byte	.LVL26
 1084 0489 F3050000 		.4byte	0x5f3
 1085 048d 18       		.uleb128 0x18
 1086 048e 22000000 		.4byte	.LVL27
 1087 0492 01       		.byte	0x1
 1088 0493 AD050000 		.4byte	0x5ad
 1089 0497 A7040000 		.4byte	0x4a7
 1090 049b 0F       		.uleb128 0xf
 1091 049c 01       		.byte	0x1
 1092 049d 51       		.byte	0x51
 1093 049e 02       		.byte	0x2
 1094 049f 75       		.byte	0x75
 1095 04a0 00       		.sleb128 0
 1096 04a1 0F       		.uleb128 0xf
 1097 04a2 01       		.byte	0x1
 1098 04a3 50       		.byte	0x50
 1099 04a4 01       		.byte	0x1
 1100 04a5 37       		.byte	0x37
 1101 04a6 00       		.byte	0
 1102 04a7 16       		.uleb128 0x16
 1103 04a8 2A000000 		.4byte	.LVL28
 1104 04ac 01       		.byte	0x1
 1105 04ad E8050000 		.4byte	0x5e8
 1106 04b1 00       		.byte	0
 1107 04b2 0C       		.uleb128 0xc
 1108 04b3 01       		.byte	0x1
 1109 04b4 34000000 		.4byte	.LASF68
 1110 04b8 01       		.byte	0x1
 1111 04b9 C1       		.byte	0xc1
 1112 04ba 01       		.byte	0x1
 1113 04bb DE000000 		.4byte	0xde
 1114 04bf 00000000 		.4byte	.LFB13
 1115 04c3 28000000 		.4byte	.LFE13
 1116 04c7 95020000 		.4byte	.LLST15
 1117 04cb 01       		.byte	0x1
 1118 04cc 07050000 		.4byte	0x507
 1119 04d0 11       		.uleb128 0x11
 1120 04d1 62756600 		.ascii	"buf\000"
 1121 04d5 01       		.byte	0x1
 1122 04d6 C1       		.byte	0xc1
 1123 04d7 C8020000 		.4byte	0x2c8
 1124 04db B5020000 		.4byte	.LLST16
 1125 04df 14       		.uleb128 0x14
 1126 04e0 6F030000 		.4byte	.LASF64
 1127 04e4 01       		.byte	0x1
 1128 04e5 C1       		.byte	0xc1
 1129 04e6 07050000 		.4byte	0x507
 1130 04ea FA020000 		.4byte	.LLST17
ARM GAS  C:\Users\jenny\AppData\Local\Temp\ccwjN2iZ.s 			page 21


 1131 04ee 11       		.uleb128 0x11
 1132 04ef 6C656E00 		.ascii	"len\000"
 1133 04f3 01       		.byte	0x1
 1134 04f4 C1       		.byte	0xc1
 1135 04f5 0D050000 		.4byte	0x50d
 1136 04f9 3F030000 		.4byte	.LLST18
 1137 04fd 12       		.uleb128 0x12
 1138 04fe 20000000 		.4byte	.LVL34
 1139 0502 E8050000 		.4byte	0x5e8
 1140 0506 00       		.byte	0
 1141 0507 0B       		.uleb128 0xb
 1142 0508 04       		.byte	0x4
 1143 0509 A2000000 		.4byte	0xa2
 1144 050d 0B       		.uleb128 0xb
 1145 050e 04       		.byte	0x4
 1146 050f C8000000 		.4byte	0xc8
 1147 0513 0C       		.uleb128 0xc
 1148 0514 01       		.byte	0x1
 1149 0515 FC000000 		.4byte	.LASF69
 1150 0519 01       		.byte	0x1
 1151 051a DA       		.byte	0xda
 1152 051b 01       		.byte	0x1
 1153 051c BD000000 		.4byte	0xbd
 1154 0520 00000000 		.4byte	.LFB14
 1155 0524 26000000 		.4byte	.LFE14
 1156 0528 84030000 		.4byte	.LLST19
 1157 052c 01       		.byte	0x1
 1158 052d 4A050000 		.4byte	0x54a
 1159 0531 11       		.uleb128 0x11
 1160 0532 62756600 		.ascii	"buf\000"
 1161 0536 01       		.byte	0x1
 1162 0537 DA       		.byte	0xda
 1163 0538 C8020000 		.4byte	0x2c8
 1164 053c A4030000 		.4byte	.LLST20
 1165 0540 12       		.uleb128 0x12
 1166 0541 22000000 		.4byte	.LVL41
 1167 0545 E8050000 		.4byte	0x5e8
 1168 0549 00       		.byte	0
 1169 054a 19       		.uleb128 0x19
 1170 054b 01       		.byte	0x1
 1171 054c DE020000 		.4byte	.LASF70
 1172 0550 01       		.byte	0x1
 1173 0551 EF       		.byte	0xef
 1174 0552 01       		.byte	0x1
 1175 0553 00000000 		.4byte	.LFB15
 1176 0557 0C000000 		.4byte	.LFE15
 1177 055b 02       		.byte	0x2
 1178 055c 7D       		.byte	0x7d
 1179 055d 00       		.sleb128 0
 1180 055e 01       		.byte	0x1
 1181 055f 7D050000 		.4byte	0x57d
 1182 0563 11       		.uleb128 0x11
 1183 0564 62756600 		.ascii	"buf\000"
 1184 0568 01       		.byte	0x1
 1185 0569 EF       		.byte	0xef
 1186 056a C8020000 		.4byte	0x2c8
 1187 056e F7030000 		.4byte	.LLST21
ARM GAS  C:\Users\jenny\AppData\Local\Temp\ccwjN2iZ.s 			page 22


 1188 0572 16       		.uleb128 0x16
 1189 0573 0C000000 		.4byte	.LVL43
 1190 0577 01       		.byte	0x1
 1191 0578 E8050000 		.4byte	0x5e8
 1192 057c 00       		.byte	0
 1193 057d 1A       		.uleb128 0x1a
 1194 057e 01       		.byte	0x1
 1195 057f 8C030000 		.4byte	.LASF71
 1196 0583 08       		.byte	0x8
 1197 0584 6A       		.byte	0x6a
 1198 0585 01       		.byte	0x1
 1199 0586 A2000000 		.4byte	0xa2
 1200 058a 01       		.byte	0x1
 1201 058b 95050000 		.4byte	0x595
 1202 058f 1B       		.uleb128 0x1b
 1203 0590 82020000 		.4byte	0x282
 1204 0594 00       		.byte	0
 1205 0595 1A       		.uleb128 0x1a
 1206 0596 01       		.byte	0x1
 1207 0597 20000000 		.4byte	.LASF72
 1208 059b 05       		.byte	0x5
 1209 059c 9B       		.byte	0x9b
 1210 059d 01       		.byte	0x1
 1211 059e B2000000 		.4byte	0xb2
 1212 05a2 01       		.byte	0x1
 1213 05a3 AD050000 		.4byte	0x5ad
 1214 05a7 1B       		.uleb128 0x1b
 1215 05a8 B0010000 		.4byte	0x1b0
 1216 05ac 00       		.byte	0
 1217 05ad 1C       		.uleb128 0x1c
 1218 05ae 01       		.byte	0x1
 1219 05af 2A000000 		.4byte	.LASF77
 1220 05b3 08       		.byte	0x8
 1221 05b4 6C       		.byte	0x6c
 1222 05b5 01       		.byte	0x1
 1223 05b6 01       		.byte	0x1
 1224 05b7 C6050000 		.4byte	0x5c6
 1225 05bb 1B       		.uleb128 0x1b
 1226 05bc 82020000 		.4byte	0x282
 1227 05c0 1B       		.uleb128 0x1b
 1228 05c1 A2000000 		.4byte	0xa2
 1229 05c5 00       		.byte	0
 1230 05c6 1A       		.uleb128 0x1a
 1231 05c7 01       		.byte	0x1
 1232 05c8 9A020000 		.4byte	.LASF73
 1233 05cc 05       		.byte	0x5
 1234 05cd 92       		.byte	0x92
 1235 05ce 01       		.byte	0x1
 1236 05cf B0010000 		.4byte	0x1b0
 1237 05d3 01       		.byte	0x1
 1238 05d4 E8050000 		.4byte	0x5e8
 1239 05d8 1B       		.uleb128 0x1b
 1240 05d9 0A010000 		.4byte	0x10a
 1241 05dd 1B       		.uleb128 0x1b
 1242 05de C8000000 		.4byte	0xc8
 1243 05e2 1B       		.uleb128 0x1b
 1244 05e3 36010000 		.4byte	0x136
ARM GAS  C:\Users\jenny\AppData\Local\Temp\ccwjN2iZ.s 			page 23


 1245 05e7 00       		.byte	0
 1246 05e8 1D       		.uleb128 0x1d
 1247 05e9 01       		.byte	0x1
 1248 05ea 88000000 		.4byte	.LASF78
 1249 05ee 09       		.byte	0x9
 1250 05ef 0102     		.2byte	0x201
 1251 05f1 01       		.byte	0x1
 1252 05f2 01       		.byte	0x1
 1253 05f3 1E       		.uleb128 0x1e
 1254 05f4 01       		.byte	0x1
 1255 05f5 37010000 		.4byte	.LASF79
 1256 05f9 05       		.byte	0x5
 1257 05fa 9D       		.byte	0x9d
 1258 05fb 01       		.byte	0x1
 1259 05fc 01       		.byte	0x1
 1260 05fd 1B       		.uleb128 0x1b
 1261 05fe B0010000 		.4byte	0x1b0
 1262 0602 1B       		.uleb128 0x1b
 1263 0603 B0010000 		.4byte	0x1b0
 1264 0607 00       		.byte	0
 1265 0608 00       		.byte	0
 1266              		.section	.debug_abbrev,"",%progbits
 1267              	.Ldebug_abbrev0:
 1268 0000 01       		.uleb128 0x1
 1269 0001 11       		.uleb128 0x11
 1270 0002 01       		.byte	0x1
 1271 0003 25       		.uleb128 0x25
 1272 0004 0E       		.uleb128 0xe
 1273 0005 13       		.uleb128 0x13
 1274 0006 0B       		.uleb128 0xb
 1275 0007 03       		.uleb128 0x3
 1276 0008 0E       		.uleb128 0xe
 1277 0009 1B       		.uleb128 0x1b
 1278 000a 0E       		.uleb128 0xe
 1279 000b 55       		.uleb128 0x55
 1280 000c 06       		.uleb128 0x6
 1281 000d 11       		.uleb128 0x11
 1282 000e 01       		.uleb128 0x1
 1283 000f 52       		.uleb128 0x52
 1284 0010 01       		.uleb128 0x1
 1285 0011 10       		.uleb128 0x10
 1286 0012 06       		.uleb128 0x6
 1287 0013 00       		.byte	0
 1288 0014 00       		.byte	0
 1289 0015 02       		.uleb128 0x2
 1290 0016 24       		.uleb128 0x24
 1291 0017 00       		.byte	0
 1292 0018 0B       		.uleb128 0xb
 1293 0019 0B       		.uleb128 0xb
 1294 001a 3E       		.uleb128 0x3e
 1295 001b 0B       		.uleb128 0xb
 1296 001c 03       		.uleb128 0x3
 1297 001d 08       		.uleb128 0x8
 1298 001e 00       		.byte	0
 1299 001f 00       		.byte	0
 1300 0020 03       		.uleb128 0x3
 1301 0021 24       		.uleb128 0x24
ARM GAS  C:\Users\jenny\AppData\Local\Temp\ccwjN2iZ.s 			page 24


 1302 0022 00       		.byte	0
 1303 0023 0B       		.uleb128 0xb
 1304 0024 0B       		.uleb128 0xb
 1305 0025 3E       		.uleb128 0x3e
 1306 0026 0B       		.uleb128 0xb
 1307 0027 03       		.uleb128 0x3
 1308 0028 0E       		.uleb128 0xe
 1309 0029 00       		.byte	0
 1310 002a 00       		.byte	0
 1311 002b 04       		.uleb128 0x4
 1312 002c 16       		.uleb128 0x16
 1313 002d 00       		.byte	0
 1314 002e 03       		.uleb128 0x3
 1315 002f 0E       		.uleb128 0xe
 1316 0030 3A       		.uleb128 0x3a
 1317 0031 0B       		.uleb128 0xb
 1318 0032 3B       		.uleb128 0x3b
 1319 0033 0B       		.uleb128 0xb
 1320 0034 49       		.uleb128 0x49
 1321 0035 13       		.uleb128 0x13
 1322 0036 00       		.byte	0
 1323 0037 00       		.byte	0
 1324 0038 05       		.uleb128 0x5
 1325 0039 0F       		.uleb128 0xf
 1326 003a 00       		.byte	0
 1327 003b 0B       		.uleb128 0xb
 1328 003c 0B       		.uleb128 0xb
 1329 003d 00       		.byte	0
 1330 003e 00       		.byte	0
 1331 003f 06       		.uleb128 0x6
 1332 0040 04       		.uleb128 0x4
 1333 0041 01       		.byte	0x1
 1334 0042 0B       		.uleb128 0xb
 1335 0043 0B       		.uleb128 0xb
 1336 0044 3A       		.uleb128 0x3a
 1337 0045 0B       		.uleb128 0xb
 1338 0046 3B       		.uleb128 0x3b
 1339 0047 0B       		.uleb128 0xb
 1340 0048 01       		.uleb128 0x1
 1341 0049 13       		.uleb128 0x13
 1342 004a 00       		.byte	0
 1343 004b 00       		.byte	0
 1344 004c 07       		.uleb128 0x7
 1345 004d 28       		.uleb128 0x28
 1346 004e 00       		.byte	0
 1347 004f 03       		.uleb128 0x3
 1348 0050 0E       		.uleb128 0xe
 1349 0051 1C       		.uleb128 0x1c
 1350 0052 0D       		.uleb128 0xd
 1351 0053 00       		.byte	0
 1352 0054 00       		.byte	0
 1353 0055 08       		.uleb128 0x8
 1354 0056 13       		.uleb128 0x13
 1355 0057 01       		.byte	0x1
 1356 0058 03       		.uleb128 0x3
 1357 0059 0E       		.uleb128 0xe
 1358 005a 0B       		.uleb128 0xb
ARM GAS  C:\Users\jenny\AppData\Local\Temp\ccwjN2iZ.s 			page 25


 1359 005b 0B       		.uleb128 0xb
 1360 005c 3A       		.uleb128 0x3a
 1361 005d 0B       		.uleb128 0xb
 1362 005e 3B       		.uleb128 0x3b
 1363 005f 0B       		.uleb128 0xb
 1364 0060 01       		.uleb128 0x1
 1365 0061 13       		.uleb128 0x13
 1366 0062 00       		.byte	0
 1367 0063 00       		.byte	0
 1368 0064 09       		.uleb128 0x9
 1369 0065 0D       		.uleb128 0xd
 1370 0066 00       		.byte	0
 1371 0067 03       		.uleb128 0x3
 1372 0068 0E       		.uleb128 0xe
 1373 0069 3A       		.uleb128 0x3a
 1374 006a 0B       		.uleb128 0xb
 1375 006b 3B       		.uleb128 0x3b
 1376 006c 0B       		.uleb128 0xb
 1377 006d 49       		.uleb128 0x49
 1378 006e 13       		.uleb128 0x13
 1379 006f 38       		.uleb128 0x38
 1380 0070 0A       		.uleb128 0xa
 1381 0071 00       		.byte	0
 1382 0072 00       		.byte	0
 1383 0073 0A       		.uleb128 0xa
 1384 0074 0D       		.uleb128 0xd
 1385 0075 00       		.byte	0
 1386 0076 03       		.uleb128 0x3
 1387 0077 08       		.uleb128 0x8
 1388 0078 3A       		.uleb128 0x3a
 1389 0079 0B       		.uleb128 0xb
 1390 007a 3B       		.uleb128 0x3b
 1391 007b 0B       		.uleb128 0xb
 1392 007c 49       		.uleb128 0x49
 1393 007d 13       		.uleb128 0x13
 1394 007e 38       		.uleb128 0x38
 1395 007f 0A       		.uleb128 0xa
 1396 0080 00       		.byte	0
 1397 0081 00       		.byte	0
 1398 0082 0B       		.uleb128 0xb
 1399 0083 0F       		.uleb128 0xf
 1400 0084 00       		.byte	0
 1401 0085 0B       		.uleb128 0xb
 1402 0086 0B       		.uleb128 0xb
 1403 0087 49       		.uleb128 0x49
 1404 0088 13       		.uleb128 0x13
 1405 0089 00       		.byte	0
 1406 008a 00       		.byte	0
 1407 008b 0C       		.uleb128 0xc
 1408 008c 2E       		.uleb128 0x2e
 1409 008d 01       		.byte	0x1
 1410 008e 3F       		.uleb128 0x3f
 1411 008f 0C       		.uleb128 0xc
 1412 0090 03       		.uleb128 0x3
 1413 0091 0E       		.uleb128 0xe
 1414 0092 3A       		.uleb128 0x3a
 1415 0093 0B       		.uleb128 0xb
ARM GAS  C:\Users\jenny\AppData\Local\Temp\ccwjN2iZ.s 			page 26


 1416 0094 3B       		.uleb128 0x3b
 1417 0095 0B       		.uleb128 0xb
 1418 0096 27       		.uleb128 0x27
 1419 0097 0C       		.uleb128 0xc
 1420 0098 49       		.uleb128 0x49
 1421 0099 13       		.uleb128 0x13
 1422 009a 11       		.uleb128 0x11
 1423 009b 01       		.uleb128 0x1
 1424 009c 12       		.uleb128 0x12
 1425 009d 01       		.uleb128 0x1
 1426 009e 40       		.uleb128 0x40
 1427 009f 06       		.uleb128 0x6
 1428 00a0 9742     		.uleb128 0x2117
 1429 00a2 0C       		.uleb128 0xc
 1430 00a3 01       		.uleb128 0x1
 1431 00a4 13       		.uleb128 0x13
 1432 00a5 00       		.byte	0
 1433 00a6 00       		.byte	0
 1434 00a7 0D       		.uleb128 0xd
 1435 00a8 34       		.uleb128 0x34
 1436 00a9 00       		.byte	0
 1437 00aa 03       		.uleb128 0x3
 1438 00ab 08       		.uleb128 0x8
 1439 00ac 3A       		.uleb128 0x3a
 1440 00ad 0B       		.uleb128 0xb
 1441 00ae 3B       		.uleb128 0x3b
 1442 00af 0B       		.uleb128 0xb
 1443 00b0 49       		.uleb128 0x49
 1444 00b1 13       		.uleb128 0x13
 1445 00b2 02       		.uleb128 0x2
 1446 00b3 0A       		.uleb128 0xa
 1447 00b4 00       		.byte	0
 1448 00b5 00       		.byte	0
 1449 00b6 0E       		.uleb128 0xe
 1450 00b7 898201   		.uleb128 0x4109
 1451 00ba 01       		.byte	0x1
 1452 00bb 11       		.uleb128 0x11
 1453 00bc 01       		.uleb128 0x1
 1454 00bd 31       		.uleb128 0x31
 1455 00be 13       		.uleb128 0x13
 1456 00bf 00       		.byte	0
 1457 00c0 00       		.byte	0
 1458 00c1 0F       		.uleb128 0xf
 1459 00c2 8A8201   		.uleb128 0x410a
 1460 00c5 00       		.byte	0
 1461 00c6 02       		.uleb128 0x2
 1462 00c7 0A       		.uleb128 0xa
 1463 00c8 9142     		.uleb128 0x2111
 1464 00ca 0A       		.uleb128 0xa
 1465 00cb 00       		.byte	0
 1466 00cc 00       		.byte	0
 1467 00cd 10       		.uleb128 0x10
 1468 00ce 2E       		.uleb128 0x2e
 1469 00cf 01       		.byte	0x1
 1470 00d0 3F       		.uleb128 0x3f
 1471 00d1 0C       		.uleb128 0xc
 1472 00d2 03       		.uleb128 0x3
ARM GAS  C:\Users\jenny\AppData\Local\Temp\ccwjN2iZ.s 			page 27


 1473 00d3 0E       		.uleb128 0xe
 1474 00d4 3A       		.uleb128 0x3a
 1475 00d5 0B       		.uleb128 0xb
 1476 00d6 3B       		.uleb128 0x3b
 1477 00d7 0B       		.uleb128 0xb
 1478 00d8 27       		.uleb128 0x27
 1479 00d9 0C       		.uleb128 0xc
 1480 00da 11       		.uleb128 0x11
 1481 00db 01       		.uleb128 0x1
 1482 00dc 12       		.uleb128 0x12
 1483 00dd 01       		.uleb128 0x1
 1484 00de 40       		.uleb128 0x40
 1485 00df 06       		.uleb128 0x6
 1486 00e0 9742     		.uleb128 0x2117
 1487 00e2 0C       		.uleb128 0xc
 1488 00e3 01       		.uleb128 0x1
 1489 00e4 13       		.uleb128 0x13
 1490 00e5 00       		.byte	0
 1491 00e6 00       		.byte	0
 1492 00e7 11       		.uleb128 0x11
 1493 00e8 05       		.uleb128 0x5
 1494 00e9 00       		.byte	0
 1495 00ea 03       		.uleb128 0x3
 1496 00eb 08       		.uleb128 0x8
 1497 00ec 3A       		.uleb128 0x3a
 1498 00ed 0B       		.uleb128 0xb
 1499 00ee 3B       		.uleb128 0x3b
 1500 00ef 0B       		.uleb128 0xb
 1501 00f0 49       		.uleb128 0x49
 1502 00f1 13       		.uleb128 0x13
 1503 00f2 02       		.uleb128 0x2
 1504 00f3 06       		.uleb128 0x6
 1505 00f4 00       		.byte	0
 1506 00f5 00       		.byte	0
 1507 00f6 12       		.uleb128 0x12
 1508 00f7 898201   		.uleb128 0x4109
 1509 00fa 00       		.byte	0
 1510 00fb 11       		.uleb128 0x11
 1511 00fc 01       		.uleb128 0x1
 1512 00fd 31       		.uleb128 0x31
 1513 00fe 13       		.uleb128 0x13
 1514 00ff 00       		.byte	0
 1515 0100 00       		.byte	0
 1516 0101 13       		.uleb128 0x13
 1517 0102 898201   		.uleb128 0x4109
 1518 0105 01       		.byte	0x1
 1519 0106 11       		.uleb128 0x11
 1520 0107 01       		.uleb128 0x1
 1521 0108 9542     		.uleb128 0x2115
 1522 010a 0C       		.uleb128 0xc
 1523 010b 31       		.uleb128 0x31
 1524 010c 13       		.uleb128 0x13
 1525 010d 00       		.byte	0
 1526 010e 00       		.byte	0
 1527 010f 14       		.uleb128 0x14
 1528 0110 05       		.uleb128 0x5
 1529 0111 00       		.byte	0
ARM GAS  C:\Users\jenny\AppData\Local\Temp\ccwjN2iZ.s 			page 28


 1530 0112 03       		.uleb128 0x3
 1531 0113 0E       		.uleb128 0xe
 1532 0114 3A       		.uleb128 0x3a
 1533 0115 0B       		.uleb128 0xb
 1534 0116 3B       		.uleb128 0x3b
 1535 0117 0B       		.uleb128 0xb
 1536 0118 49       		.uleb128 0x49
 1537 0119 13       		.uleb128 0x13
 1538 011a 02       		.uleb128 0x2
 1539 011b 06       		.uleb128 0x6
 1540 011c 00       		.byte	0
 1541 011d 00       		.byte	0
 1542 011e 15       		.uleb128 0x15
 1543 011f 898201   		.uleb128 0x4109
 1544 0122 01       		.byte	0x1
 1545 0123 11       		.uleb128 0x11
 1546 0124 01       		.uleb128 0x1
 1547 0125 31       		.uleb128 0x31
 1548 0126 13       		.uleb128 0x13
 1549 0127 01       		.uleb128 0x1
 1550 0128 13       		.uleb128 0x13
 1551 0129 00       		.byte	0
 1552 012a 00       		.byte	0
 1553 012b 16       		.uleb128 0x16
 1554 012c 898201   		.uleb128 0x4109
 1555 012f 00       		.byte	0
 1556 0130 11       		.uleb128 0x11
 1557 0131 01       		.uleb128 0x1
 1558 0132 9542     		.uleb128 0x2115
 1559 0134 0C       		.uleb128 0xc
 1560 0135 31       		.uleb128 0x31
 1561 0136 13       		.uleb128 0x13
 1562 0137 00       		.byte	0
 1563 0138 00       		.byte	0
 1564 0139 17       		.uleb128 0x17
 1565 013a 26       		.uleb128 0x26
 1566 013b 00       		.byte	0
 1567 013c 00       		.byte	0
 1568 013d 00       		.byte	0
 1569 013e 18       		.uleb128 0x18
 1570 013f 898201   		.uleb128 0x4109
 1571 0142 01       		.byte	0x1
 1572 0143 11       		.uleb128 0x11
 1573 0144 01       		.uleb128 0x1
 1574 0145 9542     		.uleb128 0x2115
 1575 0147 0C       		.uleb128 0xc
 1576 0148 31       		.uleb128 0x31
 1577 0149 13       		.uleb128 0x13
 1578 014a 01       		.uleb128 0x1
 1579 014b 13       		.uleb128 0x13
 1580 014c 00       		.byte	0
 1581 014d 00       		.byte	0
 1582 014e 19       		.uleb128 0x19
 1583 014f 2E       		.uleb128 0x2e
 1584 0150 01       		.byte	0x1
 1585 0151 3F       		.uleb128 0x3f
 1586 0152 0C       		.uleb128 0xc
ARM GAS  C:\Users\jenny\AppData\Local\Temp\ccwjN2iZ.s 			page 29


 1587 0153 03       		.uleb128 0x3
 1588 0154 0E       		.uleb128 0xe
 1589 0155 3A       		.uleb128 0x3a
 1590 0156 0B       		.uleb128 0xb
 1591 0157 3B       		.uleb128 0x3b
 1592 0158 0B       		.uleb128 0xb
 1593 0159 27       		.uleb128 0x27
 1594 015a 0C       		.uleb128 0xc
 1595 015b 11       		.uleb128 0x11
 1596 015c 01       		.uleb128 0x1
 1597 015d 12       		.uleb128 0x12
 1598 015e 01       		.uleb128 0x1
 1599 015f 40       		.uleb128 0x40
 1600 0160 0A       		.uleb128 0xa
 1601 0161 9742     		.uleb128 0x2117
 1602 0163 0C       		.uleb128 0xc
 1603 0164 01       		.uleb128 0x1
 1604 0165 13       		.uleb128 0x13
 1605 0166 00       		.byte	0
 1606 0167 00       		.byte	0
 1607 0168 1A       		.uleb128 0x1a
 1608 0169 2E       		.uleb128 0x2e
 1609 016a 01       		.byte	0x1
 1610 016b 3F       		.uleb128 0x3f
 1611 016c 0C       		.uleb128 0xc
 1612 016d 03       		.uleb128 0x3
 1613 016e 0E       		.uleb128 0xe
 1614 016f 3A       		.uleb128 0x3a
 1615 0170 0B       		.uleb128 0xb
 1616 0171 3B       		.uleb128 0x3b
 1617 0172 0B       		.uleb128 0xb
 1618 0173 27       		.uleb128 0x27
 1619 0174 0C       		.uleb128 0xc
 1620 0175 49       		.uleb128 0x49
 1621 0176 13       		.uleb128 0x13
 1622 0177 3C       		.uleb128 0x3c
 1623 0178 0C       		.uleb128 0xc
 1624 0179 01       		.uleb128 0x1
 1625 017a 13       		.uleb128 0x13
 1626 017b 00       		.byte	0
 1627 017c 00       		.byte	0
 1628 017d 1B       		.uleb128 0x1b
 1629 017e 05       		.uleb128 0x5
 1630 017f 00       		.byte	0
 1631 0180 49       		.uleb128 0x49
 1632 0181 13       		.uleb128 0x13
 1633 0182 00       		.byte	0
 1634 0183 00       		.byte	0
 1635 0184 1C       		.uleb128 0x1c
 1636 0185 2E       		.uleb128 0x2e
 1637 0186 01       		.byte	0x1
 1638 0187 3F       		.uleb128 0x3f
 1639 0188 0C       		.uleb128 0xc
 1640 0189 03       		.uleb128 0x3
 1641 018a 0E       		.uleb128 0xe
 1642 018b 3A       		.uleb128 0x3a
 1643 018c 0B       		.uleb128 0xb
ARM GAS  C:\Users\jenny\AppData\Local\Temp\ccwjN2iZ.s 			page 30


 1644 018d 3B       		.uleb128 0x3b
 1645 018e 0B       		.uleb128 0xb
 1646 018f 27       		.uleb128 0x27
 1647 0190 0C       		.uleb128 0xc
 1648 0191 3C       		.uleb128 0x3c
 1649 0192 0C       		.uleb128 0xc
 1650 0193 01       		.uleb128 0x1
 1651 0194 13       		.uleb128 0x13
 1652 0195 00       		.byte	0
 1653 0196 00       		.byte	0
 1654 0197 1D       		.uleb128 0x1d
 1655 0198 2E       		.uleb128 0x2e
 1656 0199 00       		.byte	0
 1657 019a 3F       		.uleb128 0x3f
 1658 019b 0C       		.uleb128 0xc
 1659 019c 03       		.uleb128 0x3
 1660 019d 0E       		.uleb128 0xe
 1661 019e 3A       		.uleb128 0x3a
 1662 019f 0B       		.uleb128 0xb
 1663 01a0 3B       		.uleb128 0x3b
 1664 01a1 05       		.uleb128 0x5
 1665 01a2 27       		.uleb128 0x27
 1666 01a3 0C       		.uleb128 0xc
 1667 01a4 3C       		.uleb128 0x3c
 1668 01a5 0C       		.uleb128 0xc
 1669 01a6 00       		.byte	0
 1670 01a7 00       		.byte	0
 1671 01a8 1E       		.uleb128 0x1e
 1672 01a9 2E       		.uleb128 0x2e
 1673 01aa 01       		.byte	0x1
 1674 01ab 3F       		.uleb128 0x3f
 1675 01ac 0C       		.uleb128 0xc
 1676 01ad 03       		.uleb128 0x3
 1677 01ae 0E       		.uleb128 0xe
 1678 01af 3A       		.uleb128 0x3a
 1679 01b0 0B       		.uleb128 0xb
 1680 01b1 3B       		.uleb128 0x3b
 1681 01b2 0B       		.uleb128 0xb
 1682 01b3 27       		.uleb128 0x27
 1683 01b4 0C       		.uleb128 0xc
 1684 01b5 3C       		.uleb128 0x3c
 1685 01b6 0C       		.uleb128 0xc
 1686 01b7 00       		.byte	0
 1687 01b8 00       		.byte	0
 1688 01b9 00       		.byte	0
 1689              		.section	.debug_loc,"",%progbits
 1690              	.Ldebug_loc0:
 1691              	.LLST0:
 1692 0000 00000000 		.4byte	.LFB7
 1693 0004 02000000 		.4byte	.LCFI0
 1694 0008 0200     		.2byte	0x2
 1695 000a 7D       		.byte	0x7d
 1696 000b 00       		.sleb128 0
 1697 000c 02000000 		.4byte	.LCFI0
 1698 0010 16000000 		.4byte	.LFE7
 1699 0014 0200     		.2byte	0x2
 1700 0016 7D       		.byte	0x7d
ARM GAS  C:\Users\jenny\AppData\Local\Temp\ccwjN2iZ.s 			page 31


 1701 0017 08       		.sleb128 8
 1702 0018 00000000 		.4byte	0
 1703 001c 00000000 		.4byte	0
 1704              	.LLST1:
 1705 0020 00000000 		.4byte	.LFB8
 1706 0024 02000000 		.4byte	.LCFI1
 1707 0028 0200     		.2byte	0x2
 1708 002a 7D       		.byte	0x7d
 1709 002b 00       		.sleb128 0
 1710 002c 02000000 		.4byte	.LCFI1
 1711 0030 22000000 		.4byte	.LFE8
 1712 0034 0200     		.2byte	0x2
 1713 0036 7D       		.byte	0x7d
 1714 0037 08       		.sleb128 8
 1715 0038 00000000 		.4byte	0
 1716 003c 00000000 		.4byte	0
 1717              	.LLST2:
 1718 0040 00000000 		.4byte	.LVL1
 1719 0044 08000000 		.4byte	.LVL2
 1720 0048 0100     		.2byte	0x1
 1721 004a 50       		.byte	0x50
 1722 004b 08000000 		.4byte	.LVL2
 1723 004f 20000000 		.4byte	.LVL4
 1724 0053 0100     		.2byte	0x1
 1725 0055 54       		.byte	0x54
 1726 0056 20000000 		.4byte	.LVL4
 1727 005a 22000000 		.4byte	.LFE8
 1728 005e 0100     		.2byte	0x1
 1729 0060 50       		.byte	0x50
 1730 0061 00000000 		.4byte	0
 1731 0065 00000000 		.4byte	0
 1732              	.LLST3:
 1733 0069 00000000 		.4byte	.LFB9
 1734 006d 02000000 		.4byte	.LCFI2
 1735 0071 0200     		.2byte	0x2
 1736 0073 7D       		.byte	0x7d
 1737 0074 00       		.sleb128 0
 1738 0075 02000000 		.4byte	.LCFI2
 1739 0079 3A000000 		.4byte	.LFE9
 1740 007d 0200     		.2byte	0x2
 1741 007f 7D       		.byte	0x7d
 1742 0080 10       		.sleb128 16
 1743 0081 00000000 		.4byte	0
 1744 0085 00000000 		.4byte	0
 1745              	.LLST4:
 1746 0089 00000000 		.4byte	.LVL5
 1747 008d 0A000000 		.4byte	.LVL6
 1748 0091 0100     		.2byte	0x1
 1749 0093 50       		.byte	0x50
 1750 0094 0A000000 		.4byte	.LVL6
 1751 0098 32000000 		.4byte	.LVL10
 1752 009c 0100     		.2byte	0x1
 1753 009e 54       		.byte	0x54
 1754 009f 32000000 		.4byte	.LVL10
 1755 00a3 35000000 		.4byte	.LVL11-1
 1756 00a7 0100     		.2byte	0x1
 1757 00a9 50       		.byte	0x50
ARM GAS  C:\Users\jenny\AppData\Local\Temp\ccwjN2iZ.s 			page 32


 1758 00aa 35000000 		.4byte	.LVL11-1
 1759 00ae 3A000000 		.4byte	.LFE9
 1760 00b2 0100     		.2byte	0x1
 1761 00b4 54       		.byte	0x54
 1762 00b5 00000000 		.4byte	0
 1763 00b9 00000000 		.4byte	0
 1764              	.LLST5:
 1765 00bd 00000000 		.4byte	.LVL5
 1766 00c1 0F000000 		.4byte	.LVL7-1
 1767 00c5 0100     		.2byte	0x1
 1768 00c7 51       		.byte	0x51
 1769 00c8 0F000000 		.4byte	.LVL7-1
 1770 00cc 32000000 		.4byte	.LVL10
 1771 00d0 0400     		.2byte	0x4
 1772 00d2 F3       		.byte	0xf3
 1773 00d3 01       		.uleb128 0x1
 1774 00d4 51       		.byte	0x51
 1775 00d5 9F       		.byte	0x9f
 1776 00d6 32000000 		.4byte	.LVL10
 1777 00da 35000000 		.4byte	.LVL11-1
 1778 00de 0100     		.2byte	0x1
 1779 00e0 51       		.byte	0x51
 1780 00e1 35000000 		.4byte	.LVL11-1
 1781 00e5 3A000000 		.4byte	.LFE9
 1782 00e9 0400     		.2byte	0x4
 1783 00eb F3       		.byte	0xf3
 1784 00ec 01       		.uleb128 0x1
 1785 00ed 51       		.byte	0x51
 1786 00ee 9F       		.byte	0x9f
 1787 00ef 00000000 		.4byte	0
 1788 00f3 00000000 		.4byte	0
 1789              	.LLST6:
 1790 00f7 00000000 		.4byte	.LFB10
 1791 00fb 02000000 		.4byte	.LCFI3
 1792 00ff 0200     		.2byte	0x2
 1793 0101 7D       		.byte	0x7d
 1794 0102 00       		.sleb128 0
 1795 0103 02000000 		.4byte	.LCFI3
 1796 0107 1E000000 		.4byte	.LFE10
 1797 010b 0200     		.2byte	0x2
 1798 010d 7D       		.byte	0x7d
 1799 010e 08       		.sleb128 8
 1800 010f 00000000 		.4byte	0
 1801 0113 00000000 		.4byte	0
 1802              	.LLST7:
 1803 0117 00000000 		.4byte	.LVL12
 1804 011b 08000000 		.4byte	.LVL13
 1805 011f 0100     		.2byte	0x1
 1806 0121 50       		.byte	0x50
 1807 0122 08000000 		.4byte	.LVL13
 1808 0126 16000000 		.4byte	.LVL15
 1809 012a 0100     		.2byte	0x1
 1810 012c 54       		.byte	0x54
 1811 012d 16000000 		.4byte	.LVL15
 1812 0131 1D000000 		.4byte	.LVL16-1
 1813 0135 0100     		.2byte	0x1
 1814 0137 50       		.byte	0x50
ARM GAS  C:\Users\jenny\AppData\Local\Temp\ccwjN2iZ.s 			page 33


 1815 0138 1D000000 		.4byte	.LVL16-1
 1816 013c 1E000000 		.4byte	.LFE10
 1817 0140 0100     		.2byte	0x1
 1818 0142 54       		.byte	0x54
 1819 0143 00000000 		.4byte	0
 1820 0147 00000000 		.4byte	0
 1821              	.LLST8:
 1822 014b 00000000 		.4byte	.LFB11
 1823 014f 02000000 		.4byte	.LCFI4
 1824 0153 0200     		.2byte	0x2
 1825 0155 7D       		.byte	0x7d
 1826 0156 00       		.sleb128 0
 1827 0157 02000000 		.4byte	.LCFI4
 1828 015b 3E000000 		.4byte	.LFE11
 1829 015f 0200     		.2byte	0x2
 1830 0161 7D       		.byte	0x7d
 1831 0162 10       		.sleb128 16
 1832 0163 00000000 		.4byte	0
 1833 0167 00000000 		.4byte	0
 1834              	.LLST9:
 1835 016b 00000000 		.4byte	.LVL17
 1836 016f 0C000000 		.4byte	.LVL18
 1837 0173 0100     		.2byte	0x1
 1838 0175 50       		.byte	0x50
 1839 0176 0C000000 		.4byte	.LVL18
 1840 017a 36000000 		.4byte	.LVL21
 1841 017e 0100     		.2byte	0x1
 1842 0180 54       		.byte	0x54
 1843 0181 36000000 		.4byte	.LVL21
 1844 0185 39000000 		.4byte	.LVL22-1
 1845 0189 0100     		.2byte	0x1
 1846 018b 50       		.byte	0x50
 1847 018c 39000000 		.4byte	.LVL22-1
 1848 0190 3E000000 		.4byte	.LFE11
 1849 0194 0100     		.2byte	0x1
 1850 0196 54       		.byte	0x54
 1851 0197 00000000 		.4byte	0
 1852 019b 00000000 		.4byte	0
 1853              	.LLST10:
 1854 019f 00000000 		.4byte	.LVL17
 1855 01a3 11000000 		.4byte	.LVL19-1
 1856 01a7 0100     		.2byte	0x1
 1857 01a9 51       		.byte	0x51
 1858 01aa 11000000 		.4byte	.LVL19-1
 1859 01ae 36000000 		.4byte	.LVL21
 1860 01b2 0100     		.2byte	0x1
 1861 01b4 56       		.byte	0x56
 1862 01b5 36000000 		.4byte	.LVL21
 1863 01b9 39000000 		.4byte	.LVL22-1
 1864 01bd 0100     		.2byte	0x1
 1865 01bf 51       		.byte	0x51
 1866 01c0 39000000 		.4byte	.LVL22-1
 1867 01c4 3E000000 		.4byte	.LFE11
 1868 01c8 0100     		.2byte	0x1
 1869 01ca 56       		.byte	0x56
 1870 01cb 00000000 		.4byte	0
 1871 01cf 00000000 		.4byte	0
ARM GAS  C:\Users\jenny\AppData\Local\Temp\ccwjN2iZ.s 			page 34


 1872              	.LLST11:
 1873 01d3 00000000 		.4byte	.LVL17
 1874 01d7 11000000 		.4byte	.LVL19-1
 1875 01db 0100     		.2byte	0x1
 1876 01dd 52       		.byte	0x52
 1877 01de 11000000 		.4byte	.LVL19-1
 1878 01e2 36000000 		.4byte	.LVL21
 1879 01e6 0400     		.2byte	0x4
 1880 01e8 F3       		.byte	0xf3
 1881 01e9 01       		.uleb128 0x1
 1882 01ea 52       		.byte	0x52
 1883 01eb 9F       		.byte	0x9f
 1884 01ec 36000000 		.4byte	.LVL21
 1885 01f0 39000000 		.4byte	.LVL22-1
 1886 01f4 0100     		.2byte	0x1
 1887 01f6 52       		.byte	0x52
 1888 01f7 39000000 		.4byte	.LVL22-1
 1889 01fb 3E000000 		.4byte	.LFE11
 1890 01ff 0400     		.2byte	0x4
 1891 0201 F3       		.byte	0xf3
 1892 0202 01       		.uleb128 0x1
 1893 0203 52       		.byte	0x52
 1894 0204 9F       		.byte	0x9f
 1895 0205 00000000 		.4byte	0
 1896 0209 00000000 		.4byte	0
 1897              	.LLST12:
 1898 020d 00000000 		.4byte	.LFB12
 1899 0211 02000000 		.4byte	.LCFI5
 1900 0215 0200     		.2byte	0x2
 1901 0217 7D       		.byte	0x7d
 1902 0218 00       		.sleb128 0
 1903 0219 02000000 		.4byte	.LCFI5
 1904 021d 2A000000 		.4byte	.LFE12
 1905 0221 0200     		.2byte	0x2
 1906 0223 7D       		.byte	0x7d
 1907 0224 10       		.sleb128 16
 1908 0225 00000000 		.4byte	0
 1909 0229 00000000 		.4byte	0
 1910              	.LLST13:
 1911 022d 00000000 		.4byte	.LVL23
 1912 0231 0C000000 		.4byte	.LVL24
 1913 0235 0100     		.2byte	0x1
 1914 0237 50       		.byte	0x50
 1915 0238 0C000000 		.4byte	.LVL24
 1916 023c 22000000 		.4byte	.LVL27
 1917 0240 0100     		.2byte	0x1
 1918 0242 54       		.byte	0x54
 1919 0243 22000000 		.4byte	.LVL27
 1920 0247 29000000 		.4byte	.LVL28-1
 1921 024b 0100     		.2byte	0x1
 1922 024d 50       		.byte	0x50
 1923 024e 29000000 		.4byte	.LVL28-1
 1924 0252 2A000000 		.4byte	.LFE12
 1925 0256 0100     		.2byte	0x1
 1926 0258 54       		.byte	0x54
 1927 0259 00000000 		.4byte	0
 1928 025d 00000000 		.4byte	0
ARM GAS  C:\Users\jenny\AppData\Local\Temp\ccwjN2iZ.s 			page 35


 1929              	.LLST14:
 1930 0261 00000000 		.4byte	.LVL23
 1931 0265 0E000000 		.4byte	.LVL25
 1932 0269 0100     		.2byte	0x1
 1933 026b 51       		.byte	0x51
 1934 026c 0E000000 		.4byte	.LVL25
 1935 0270 22000000 		.4byte	.LVL27
 1936 0274 0100     		.2byte	0x1
 1937 0276 55       		.byte	0x55
 1938 0277 22000000 		.4byte	.LVL27
 1939 027b 29000000 		.4byte	.LVL28-1
 1940 027f 0100     		.2byte	0x1
 1941 0281 51       		.byte	0x51
 1942 0282 29000000 		.4byte	.LVL28-1
 1943 0286 2A000000 		.4byte	.LFE12
 1944 028a 0100     		.2byte	0x1
 1945 028c 55       		.byte	0x55
 1946 028d 00000000 		.4byte	0
 1947 0291 00000000 		.4byte	0
 1948              	.LLST15:
 1949 0295 00000000 		.4byte	.LFB13
 1950 0299 02000000 		.4byte	.LCFI6
 1951 029d 0200     		.2byte	0x2
 1952 029f 7D       		.byte	0x7d
 1953 02a0 00       		.sleb128 0
 1954 02a1 02000000 		.4byte	.LCFI6
 1955 02a5 28000000 		.4byte	.LFE13
 1956 02a9 0200     		.2byte	0x2
 1957 02ab 7D       		.byte	0x7d
 1958 02ac 08       		.sleb128 8
 1959 02ad 00000000 		.4byte	0
 1960 02b1 00000000 		.4byte	0
 1961              	.LLST16:
 1962 02b5 00000000 		.4byte	.LVL29
 1963 02b9 12000000 		.4byte	.LVL30
 1964 02bd 0100     		.2byte	0x1
 1965 02bf 50       		.byte	0x50
 1966 02c0 12000000 		.4byte	.LVL30
 1967 02c4 1C000000 		.4byte	.LVL33
 1968 02c8 0400     		.2byte	0x4
 1969 02ca F3       		.byte	0xf3
 1970 02cb 01       		.uleb128 0x1
 1971 02cc 50       		.byte	0x50
 1972 02cd 9F       		.byte	0x9f
 1973 02ce 1C000000 		.4byte	.LVL33
 1974 02d2 1F000000 		.4byte	.LVL34-1
 1975 02d6 0100     		.2byte	0x1
 1976 02d8 50       		.byte	0x50
 1977 02d9 1F000000 		.4byte	.LVL34-1
 1978 02dd 24000000 		.4byte	.LVL35
 1979 02e1 0400     		.2byte	0x4
 1980 02e3 F3       		.byte	0xf3
 1981 02e4 01       		.uleb128 0x1
 1982 02e5 50       		.byte	0x50
 1983 02e6 9F       		.byte	0x9f
 1984 02e7 24000000 		.4byte	.LVL35
 1985 02eb 28000000 		.4byte	.LFE13
ARM GAS  C:\Users\jenny\AppData\Local\Temp\ccwjN2iZ.s 			page 36


 1986 02ef 0100     		.2byte	0x1
 1987 02f1 50       		.byte	0x50
 1988 02f2 00000000 		.4byte	0
 1989 02f6 00000000 		.4byte	0
 1990              	.LLST17:
 1991 02fa 00000000 		.4byte	.LVL29
 1992 02fe 14000000 		.4byte	.LVL31
 1993 0302 0100     		.2byte	0x1
 1994 0304 51       		.byte	0x51
 1995 0305 14000000 		.4byte	.LVL31
 1996 0309 1C000000 		.4byte	.LVL33
 1997 030d 0400     		.2byte	0x4
 1998 030f F3       		.byte	0xf3
 1999 0310 01       		.uleb128 0x1
 2000 0311 51       		.byte	0x51
 2001 0312 9F       		.byte	0x9f
 2002 0313 1C000000 		.4byte	.LVL33
 2003 0317 1F000000 		.4byte	.LVL34-1
 2004 031b 0100     		.2byte	0x1
 2005 031d 51       		.byte	0x51
 2006 031e 1F000000 		.4byte	.LVL34-1
 2007 0322 24000000 		.4byte	.LVL35
 2008 0326 0400     		.2byte	0x4
 2009 0328 F3       		.byte	0xf3
 2010 0329 01       		.uleb128 0x1
 2011 032a 51       		.byte	0x51
 2012 032b 9F       		.byte	0x9f
 2013 032c 24000000 		.4byte	.LVL35
 2014 0330 28000000 		.4byte	.LFE13
 2015 0334 0100     		.2byte	0x1
 2016 0336 51       		.byte	0x51
 2017 0337 00000000 		.4byte	0
 2018 033b 00000000 		.4byte	0
 2019              	.LLST18:
 2020 033f 00000000 		.4byte	.LVL29
 2021 0343 18000000 		.4byte	.LVL32
 2022 0347 0100     		.2byte	0x1
 2023 0349 52       		.byte	0x52
 2024 034a 18000000 		.4byte	.LVL32
 2025 034e 1C000000 		.4byte	.LVL33
 2026 0352 0400     		.2byte	0x4
 2027 0354 F3       		.byte	0xf3
 2028 0355 01       		.uleb128 0x1
 2029 0356 52       		.byte	0x52
 2030 0357 9F       		.byte	0x9f
 2031 0358 1C000000 		.4byte	.LVL33
 2032 035c 1F000000 		.4byte	.LVL34-1
 2033 0360 0100     		.2byte	0x1
 2034 0362 52       		.byte	0x52
 2035 0363 1F000000 		.4byte	.LVL34-1
 2036 0367 24000000 		.4byte	.LVL35
 2037 036b 0400     		.2byte	0x4
 2038 036d F3       		.byte	0xf3
 2039 036e 01       		.uleb128 0x1
 2040 036f 52       		.byte	0x52
 2041 0370 9F       		.byte	0x9f
 2042 0371 24000000 		.4byte	.LVL35
ARM GAS  C:\Users\jenny\AppData\Local\Temp\ccwjN2iZ.s 			page 37


 2043 0375 28000000 		.4byte	.LFE13
 2044 0379 0100     		.2byte	0x1
 2045 037b 52       		.byte	0x52
 2046 037c 00000000 		.4byte	0
 2047 0380 00000000 		.4byte	0
 2048              	.LLST19:
 2049 0384 00000000 		.4byte	.LFB14
 2050 0388 02000000 		.4byte	.LCFI7
 2051 038c 0200     		.2byte	0x2
 2052 038e 7D       		.byte	0x7d
 2053 038f 00       		.sleb128 0
 2054 0390 02000000 		.4byte	.LCFI7
 2055 0394 26000000 		.4byte	.LFE14
 2056 0398 0200     		.2byte	0x2
 2057 039a 7D       		.byte	0x7d
 2058 039b 08       		.sleb128 8
 2059 039c 00000000 		.4byte	0
 2060 03a0 00000000 		.4byte	0
 2061              	.LLST20:
 2062 03a4 00000000 		.4byte	.LVL36
 2063 03a8 12000000 		.4byte	.LVL37
 2064 03ac 0100     		.2byte	0x1
 2065 03ae 50       		.byte	0x50
 2066 03af 12000000 		.4byte	.LVL37
 2067 03b3 1A000000 		.4byte	.LVL38
 2068 03b7 0400     		.2byte	0x4
 2069 03b9 F3       		.byte	0xf3
 2070 03ba 01       		.uleb128 0x1
 2071 03bb 50       		.byte	0x50
 2072 03bc 9F       		.byte	0x9f
 2073 03bd 1A000000 		.4byte	.LVL38
 2074 03c1 1C000000 		.4byte	.LVL39
 2075 03c5 0100     		.2byte	0x1
 2076 03c7 50       		.byte	0x50
 2077 03c8 1C000000 		.4byte	.LVL39
 2078 03cc 1E000000 		.4byte	.LVL40
 2079 03d0 0400     		.2byte	0x4
 2080 03d2 F3       		.byte	0xf3
 2081 03d3 01       		.uleb128 0x1
 2082 03d4 50       		.byte	0x50
 2083 03d5 9F       		.byte	0x9f
 2084 03d6 1E000000 		.4byte	.LVL40
 2085 03da 21000000 		.4byte	.LVL41-1
 2086 03de 0100     		.2byte	0x1
 2087 03e0 50       		.byte	0x50
 2088 03e1 21000000 		.4byte	.LVL41-1
 2089 03e5 26000000 		.4byte	.LFE14
 2090 03e9 0400     		.2byte	0x4
 2091 03eb F3       		.byte	0xf3
 2092 03ec 01       		.uleb128 0x1
 2093 03ed 50       		.byte	0x50
 2094 03ee 9F       		.byte	0x9f
 2095 03ef 00000000 		.4byte	0
 2096 03f3 00000000 		.4byte	0
 2097              	.LLST21:
 2098 03f7 00000000 		.4byte	.LVL42
 2099 03fb 0B000000 		.4byte	.LVL43-1
ARM GAS  C:\Users\jenny\AppData\Local\Temp\ccwjN2iZ.s 			page 38


 2100 03ff 0100     		.2byte	0x1
 2101 0401 50       		.byte	0x50
 2102 0402 0B000000 		.4byte	.LVL43-1
 2103 0406 0C000000 		.4byte	.LFE15
 2104 040a 0400     		.2byte	0x4
 2105 040c F3       		.byte	0xf3
 2106 040d 01       		.uleb128 0x1
 2107 040e 50       		.byte	0x50
 2108 040f 9F       		.byte	0x9f
 2109 0410 00000000 		.4byte	0
 2110 0414 00000000 		.4byte	0
 2111              		.section	.debug_aranges,"",%progbits
 2112 0000 5C000000 		.4byte	0x5c
 2113 0004 0200     		.2byte	0x2
 2114 0006 00000000 		.4byte	.Ldebug_info0
 2115 000a 04       		.byte	0x4
 2116 000b 00       		.byte	0
 2117 000c 0000     		.2byte	0
 2118 000e 0000     		.2byte	0
 2119 0010 00000000 		.4byte	.LFB7
 2120 0014 16000000 		.4byte	.LFE7-.LFB7
 2121 0018 00000000 		.4byte	.LFB8
 2122 001c 22000000 		.4byte	.LFE8-.LFB8
 2123 0020 00000000 		.4byte	.LFB9
 2124 0024 3A000000 		.4byte	.LFE9-.LFB9
 2125 0028 00000000 		.4byte	.LFB10
 2126 002c 1E000000 		.4byte	.LFE10-.LFB10
 2127 0030 00000000 		.4byte	.LFB11
 2128 0034 3E000000 		.4byte	.LFE11-.LFB11
 2129 0038 00000000 		.4byte	.LFB12
 2130 003c 2A000000 		.4byte	.LFE12-.LFB12
 2131 0040 00000000 		.4byte	.LFB13
 2132 0044 28000000 		.4byte	.LFE13-.LFB13
 2133 0048 00000000 		.4byte	.LFB14
 2134 004c 26000000 		.4byte	.LFE14-.LFB14
 2135 0050 00000000 		.4byte	.LFB15
 2136 0054 0C000000 		.4byte	.LFE15-.LFB15
 2137 0058 00000000 		.4byte	0
 2138 005c 00000000 		.4byte	0
 2139              		.section	.debug_ranges,"",%progbits
 2140              	.Ldebug_ranges0:
 2141 0000 00000000 		.4byte	.LFB7
 2142 0004 16000000 		.4byte	.LFE7
 2143 0008 00000000 		.4byte	.LFB8
 2144 000c 22000000 		.4byte	.LFE8
 2145 0010 00000000 		.4byte	.LFB9
 2146 0014 3A000000 		.4byte	.LFE9
 2147 0018 00000000 		.4byte	.LFB10
 2148 001c 1E000000 		.4byte	.LFE10
 2149 0020 00000000 		.4byte	.LFB11
 2150 0024 3E000000 		.4byte	.LFE11
 2151 0028 00000000 		.4byte	.LFB12
 2152 002c 2A000000 		.4byte	.LFE12
 2153 0030 00000000 		.4byte	.LFB13
 2154 0034 28000000 		.4byte	.LFE13
 2155 0038 00000000 		.4byte	.LFB14
 2156 003c 26000000 		.4byte	.LFE14
ARM GAS  C:\Users\jenny\AppData\Local\Temp\ccwjN2iZ.s 			page 39


 2157 0040 00000000 		.4byte	.LFB15
 2158 0044 0C000000 		.4byte	.LFE15
 2159 0048 00000000 		.4byte	0
 2160 004c 00000000 		.4byte	0
 2161              		.section	.debug_line,"",%progbits
 2162              	.Ldebug_line0:
 2163 0000 8A020000 		.section	.debug_str,"MS",%progbits,1
 2163      02006801 
 2163      00000201 
 2163      FB0E0D00 
 2163      01010101 
 2164              	.LASF75:
 2165 0000 2E2E2F2E 		.ascii	"../../ext/lwip/src/api/netbuf.c\000"
 2165      2E2F6578 
 2165      742F6C77 
 2165      69702F73 
 2165      72632F61 
 2166              	.LASF72:
 2167 0020 70627566 		.ascii	"pbuf_free\000"
 2167      5F667265 
 2167      6500
 2168              	.LASF77:
 2169 002a 6D656D70 		.ascii	"memp_free\000"
 2169      5F667265 
 2169      6500
 2170              	.LASF68:
 2171 0034 6E657462 		.ascii	"netbuf_data\000"
 2171      75665F64 
 2171      61746100 
 2172              	.LASF2:
 2173 0040 696E7438 		.ascii	"int8_t\000"
 2173      5F7400
 2174              	.LASF59:
 2175 0047 6E657462 		.ascii	"netbuf_alloc\000"
 2175      75665F61 
 2175      6C6C6F63 
 2175      00
 2176              	.LASF50:
 2177 0054 4D454D50 		.ascii	"MEMP_NETCONN\000"
 2177      5F4E4554 
 2177      434F4E4E 
 2177      00
 2178              	.LASF5:
 2179 0061 73686F72 		.ascii	"short int\000"
 2179      7420696E 
 2179      7400
 2180              	.LASF57:
 2181 006b 6D656D70 		.ascii	"memp_t\000"
 2181      5F7400
 2182              	.LASF46:
 2183 0072 4D454D50 		.ascii	"MEMP_TCP_SEG\000"
 2183      5F544350 
 2183      5F534547 
 2183      00
 2184              	.LASF14:
 2185 007f 73697A65 		.ascii	"sizetype\000"
 2185      74797065 
ARM GAS  C:\Users\jenny\AppData\Local\Temp\ccwjN2iZ.s 			page 40


 2185      00
 2186              	.LASF78:
 2187 0088 706F7274 		.ascii	"port_halt\000"
 2187      5F68616C 
 2187      7400
 2188              	.LASF53:
 2189 0092 4D454D50 		.ascii	"MEMP_SYS_TIMEOUT\000"
 2189      5F535953 
 2189      5F54494D 
 2189      454F5554 
 2189      00
 2190              	.LASF66:
 2191 00a3 68656164 		.ascii	"head\000"
 2191      00
 2192              	.LASF26:
 2193 00a8 50425546 		.ascii	"PBUF_RAM\000"
 2193      5F52414D 
 2193      00
 2194              	.LASF45:
 2195 00b1 4D454D50 		.ascii	"MEMP_TCP_PCB_LISTEN\000"
 2195      5F544350 
 2195      5F504342 
 2195      5F4C4953 
 2195      54454E00 
 2196              	.LASF24:
 2197 00c5 50425546 		.ascii	"PBUF_RAW\000"
 2197      5F524157 
 2197      00
 2198              	.LASF48:
 2199 00ce 4D454D50 		.ascii	"MEMP_FRAG_PBUF\000"
 2199      5F465241 
 2199      475F5042 
 2199      554600
 2200              	.LASF1:
 2201 00dd 7369676E 		.ascii	"signed char\000"
 2201      65642063 
 2201      68617200 
 2202              	.LASF17:
 2203 00e9 73385F74 		.ascii	"s8_t\000"
 2203      00
 2204              	.LASF11:
 2205 00ee 6C6F6E67 		.ascii	"long long int\000"
 2205      206C6F6E 
 2205      6720696E 
 2205      7400
 2206              	.LASF69:
 2207 00fc 6E657462 		.ascii	"netbuf_next\000"
 2207      75665F6E 
 2207      65787400 
 2208              	.LASF63:
 2209 0108 6E657462 		.ascii	"netbuf_ref\000"
 2209      75665F72 
 2209      656600
 2210              	.LASF40:
 2211 0113 6E657462 		.ascii	"netbuf\000"
 2211      756600
 2212              	.LASF36:
ARM GAS  C:\Users\jenny\AppData\Local\Temp\ccwjN2iZ.s 			page 41


 2213 011a 70627566 		.ascii	"pbuf\000"
 2213      00
 2214              	.LASF8:
 2215 011f 6C6F6E67 		.ascii	"long int\000"
 2215      20696E74 
 2215      00
 2216              	.LASF39:
 2217 0128 69705F61 		.ascii	"ip_addr_t\000"
 2217      6464725F 
 2217      7400
 2218              	.LASF38:
 2219 0132 61646472 		.ascii	"addr\000"
 2219      00
 2220              	.LASF79:
 2221 0137 70627566 		.ascii	"pbuf_cat\000"
 2221      5F636174 
 2221      00
 2222              	.LASF4:
 2223 0140 756E7369 		.ascii	"unsigned char\000"
 2223      676E6564 
 2223      20636861 
 2223      7200
 2224              	.LASF67:
 2225 014e 7461696C 		.ascii	"tail\000"
 2225      00
 2226              	.LASF56:
 2227 0153 4D454D50 		.ascii	"MEMP_MAX\000"
 2227      5F4D4158 
 2227      00
 2228              	.LASF76:
 2229 015c 443A5C6A 		.ascii	"D:\\jenny\\dev\\probe\\chibios\\chibios.workspace\\"
 2229      656E6E79 
 2229      5C646576 
 2229      5C70726F 
 2229      62655C63 
 2230 0189 64656D6F 		.ascii	"demos\\ARMCM4-STM32F407-LWIP-FATFS-USB\000"
 2230      735C4152 
 2230      4D434D34 
 2230      2D53544D 
 2230      33324634 
 2231              	.LASF35:
 2232 01af 666C6167 		.ascii	"flags\000"
 2232      7300
 2233              	.LASF12:
 2234 01b5 6C6F6E67 		.ascii	"long long unsigned int\000"
 2234      206C6F6E 
 2234      6720756E 
 2234      7369676E 
 2234      65642069 
 2235              	.LASF9:
 2236 01cc 75696E74 		.ascii	"uint32_t\000"
 2236      33325F74 
 2236      00
 2237              	.LASF0:
 2238 01d5 756E7369 		.ascii	"unsigned int\000"
 2238      676E6564 
 2238      20696E74 
ARM GAS  C:\Users\jenny\AppData\Local\Temp\ccwjN2iZ.s 			page 42


 2238      00
 2239              	.LASF74:
 2240 01e2 474E5520 		.ascii	"GNU C 4.7.4 20130913 (release) [ARM/embedded-4_7-br"
 2240      4320342E 
 2240      372E3420 
 2240      32303133 
 2240      30393133 
 2241 0215 616E6368 		.ascii	"anch revision 202601]\000"
 2241      20726576 
 2241      6973696F 
 2241      6E203230 
 2241      32363031 
 2242              	.LASF25:
 2243 022b 70627566 		.ascii	"pbuf_layer\000"
 2243      5F6C6179 
 2243      657200
 2244              	.LASF29:
 2245 0236 50425546 		.ascii	"PBUF_POOL\000"
 2245      5F504F4F 
 2245      4C00
 2246              	.LASF47:
 2247 0240 4D454D50 		.ascii	"MEMP_REASSDATA\000"
 2247      5F524541 
 2247      53534441 
 2247      544100
 2248              	.LASF62:
 2249 024f 6E657462 		.ascii	"netbuf_free\000"
 2249      75665F66 
 2249      72656500 
 2250              	.LASF20:
 2251 025b 6572725F 		.ascii	"err_t\000"
 2251      7400
 2252              	.LASF15:
 2253 0261 63686172 		.ascii	"char\000"
 2253      00
 2254              	.LASF6:
 2255 0266 75696E74 		.ascii	"uint16_t\000"
 2255      31365F74 
 2255      00
 2256              	.LASF34:
 2257 026f 74797065 		.ascii	"type\000"
 2257      00
 2258              	.LASF51:
 2259 0274 4D454D50 		.ascii	"MEMP_TCPIP_MSG_API\000"
 2259      5F544350 
 2259      49505F4D 
 2259      53475F41 
 2259      504900
 2260              	.LASF7:
 2261 0287 73686F72 		.ascii	"short unsigned int\000"
 2261      7420756E 
 2261      7369676E 
 2261      65642069 
 2261      6E7400
 2262              	.LASF73:
 2263 029a 70627566 		.ascii	"pbuf_alloc\000"
 2263      5F616C6C 
ARM GAS  C:\Users\jenny\AppData\Local\Temp\ccwjN2iZ.s 			page 43


 2263      6F6300
 2264              	.LASF13:
 2265 02a5 5F426F6F 		.ascii	"_Bool\000"
 2265      6C00
 2266              	.LASF54:
 2267 02ab 4D454D50 		.ascii	"MEMP_PBUF\000"
 2267      5F504255 
 2267      4600
 2268              	.LASF65:
 2269 02b5 6E657462 		.ascii	"netbuf_chain\000"
 2269      75665F63 
 2269      6861696E 
 2269      00
 2270              	.LASF21:
 2271 02c2 50425546 		.ascii	"PBUF_TRANSPORT\000"
 2271      5F545241 
 2271      4E53504F 
 2271      525400
 2272              	.LASF22:
 2273 02d1 50425546 		.ascii	"PBUF_IP\000"
 2273      5F495000 
 2274              	.LASF41:
 2275 02d9 706F7274 		.ascii	"port\000"
 2275      00
 2276              	.LASF70:
 2277 02de 6E657462 		.ascii	"netbuf_first\000"
 2277      75665F66 
 2277      69727374 
 2277      00
 2278              	.LASF10:
 2279 02eb 6C6F6E67 		.ascii	"long unsigned int\000"
 2279      20756E73 
 2279      69676E65 
 2279      6420696E 
 2279      7400
 2280              	.LASF30:
 2281 02fd 70627566 		.ascii	"pbuf_type\000"
 2281      5F747970 
 2281      6500
 2282              	.LASF42:
 2283 0307 4D454D50 		.ascii	"MEMP_RAW_PCB\000"
 2283      5F524157 
 2283      5F504342 
 2283      00
 2284              	.LASF60:
 2285 0314 73697A65 		.ascii	"size\000"
 2285      00
 2286              	.LASF61:
 2287 0319 6E657462 		.ascii	"netbuf_delete\000"
 2287      75665F64 
 2287      656C6574 
 2287      6500
 2288              	.LASF16:
 2289 0327 75385F74 		.ascii	"u8_t\000"
 2289      00
 2290              	.LASF19:
 2291 032c 7533325F 		.ascii	"u32_t\000"
ARM GAS  C:\Users\jenny\AppData\Local\Temp\ccwjN2iZ.s 			page 44


 2291      7400
 2292              	.LASF3:
 2293 0332 75696E74 		.ascii	"uint8_t\000"
 2293      385F7400 
 2294              	.LASF18:
 2295 033a 7531365F 		.ascii	"u16_t\000"
 2295      7400
 2296              	.LASF55:
 2297 0340 4D454D50 		.ascii	"MEMP_PBUF_POOL\000"
 2297      5F504255 
 2297      465F504F 
 2297      4F4C00
 2298              	.LASF58:
 2299 034f 6E657462 		.ascii	"netbuf_new\000"
 2299      75665F6E 
 2299      657700
 2300              	.LASF52:
 2301 035a 4D454D50 		.ascii	"MEMP_TCPIP_MSG_INPKT\000"
 2301      5F544350 
 2301      49505F4D 
 2301      53475F49 
 2301      4E504B54 
 2302              	.LASF64:
 2303 036f 64617461 		.ascii	"dataptr\000"
 2303      70747200 
 2304              	.LASF33:
 2305 0377 746F745F 		.ascii	"tot_len\000"
 2305      6C656E00 
 2306              	.LASF44:
 2307 037f 4D454D50 		.ascii	"MEMP_TCP_PCB\000"
 2307      5F544350 
 2307      5F504342 
 2307      00
 2308              	.LASF71:
 2309 038c 6D656D70 		.ascii	"memp_malloc\000"
 2309      5F6D616C 
 2309      6C6F6300 
 2310              	.LASF43:
 2311 0398 4D454D50 		.ascii	"MEMP_UDP_PCB\000"
 2311      5F554450 
 2311      5F504342 
 2311      00
 2312              	.LASF28:
 2313 03a5 50425546 		.ascii	"PBUF_REF\000"
 2313      5F524546 
 2313      00
 2314              	.LASF37:
 2315 03ae 69705F61 		.ascii	"ip_addr\000"
 2315      64647200 
 2316              	.LASF27:
 2317 03b6 50425546 		.ascii	"PBUF_ROM\000"
 2317      5F524F4D 
 2317      00
 2318              	.LASF32:
 2319 03bf 7061796C 		.ascii	"payload\000"
 2319      6F616400 
 2320              	.LASF31:
ARM GAS  C:\Users\jenny\AppData\Local\Temp\ccwjN2iZ.s 			page 45


 2321 03c7 6E657874 		.ascii	"next\000"
 2321      00
 2322              	.LASF49:
 2323 03cc 4D454D50 		.ascii	"MEMP_NETBUF\000"
 2323      5F4E4554 
 2323      42554600 
 2324              	.LASF23:
 2325 03d8 50425546 		.ascii	"PBUF_LINK\000"
 2325      5F4C494E 
 2325      4B00
 2326              		.ident	"GCC: (GNU Tools for ARM Embedded Processors) 4.7.4 20130913 (release) [ARM/embedded-4_7-br
ARM GAS  C:\Users\jenny\AppData\Local\Temp\ccwjN2iZ.s 			page 46


DEFINED SYMBOLS
                            *ABS*:00000000 netbuf.c
C:\Users\jenny\AppData\Local\Temp\ccwjN2iZ.s:20     .text.netbuf_new:00000000 $t
C:\Users\jenny\AppData\Local\Temp\ccwjN2iZ.s:26     .text.netbuf_new:00000000 netbuf_new
C:\Users\jenny\AppData\Local\Temp\ccwjN2iZ.s:60     .text.netbuf_delete:00000000 $t
C:\Users\jenny\AppData\Local\Temp\ccwjN2iZ.s:66     .text.netbuf_delete:00000000 netbuf_delete
C:\Users\jenny\AppData\Local\Temp\ccwjN2iZ.s:107    .text.netbuf_alloc:00000000 $t
C:\Users\jenny\AppData\Local\Temp\ccwjN2iZ.s:113    .text.netbuf_alloc:00000000 netbuf_alloc
C:\Users\jenny\AppData\Local\Temp\ccwjN2iZ.s:179    .text.netbuf_free:00000000 $t
C:\Users\jenny\AppData\Local\Temp\ccwjN2iZ.s:185    .text.netbuf_free:00000000 netbuf_free
C:\Users\jenny\AppData\Local\Temp\ccwjN2iZ.s:224    .text.netbuf_ref:00000000 $t
C:\Users\jenny\AppData\Local\Temp\ccwjN2iZ.s:230    .text.netbuf_ref:00000000 netbuf_ref
C:\Users\jenny\AppData\Local\Temp\ccwjN2iZ.s:299    .text.netbuf_chain:00000000 $t
C:\Users\jenny\AppData\Local\Temp\ccwjN2iZ.s:305    .text.netbuf_chain:00000000 netbuf_chain
C:\Users\jenny\AppData\Local\Temp\ccwjN2iZ.s:356    .text.netbuf_data:00000000 $t
C:\Users\jenny\AppData\Local\Temp\ccwjN2iZ.s:362    .text.netbuf_data:00000000 netbuf_data
C:\Users\jenny\AppData\Local\Temp\ccwjN2iZ.s:416    .text.netbuf_next:00000000 $t
C:\Users\jenny\AppData\Local\Temp\ccwjN2iZ.s:422    .text.netbuf_next:00000000 netbuf_next
C:\Users\jenny\AppData\Local\Temp\ccwjN2iZ.s:470    .text.netbuf_first:00000000 $t
C:\Users\jenny\AppData\Local\Temp\ccwjN2iZ.s:476    .text.netbuf_first:00000000 netbuf_first
                     .debug_frame:00000010 $d

UNDEFINED SYMBOLS
memp_malloc
pbuf_free
memp_free
pbuf_alloc
port_halt
pbuf_cat
