ARM GAS  C:\Users\jenny\AppData\Local\Temp\ccI3D0kb.s 			page 1


   1              		.syntax unified
   2              		.cpu cortex-m4
   3              		.eabi_attribute 27, 3
   4              		.fpu fpv4-sp-d16
   5              		.eabi_attribute 20, 1
   6              		.eabi_attribute 21, 1
   7              		.eabi_attribute 23, 3
   8              		.eabi_attribute 24, 1
   9              		.eabi_attribute 25, 1
  10              		.eabi_attribute 26, 1
  11              		.eabi_attribute 30, 2
  12              		.eabi_attribute 34, 1
  13              		.eabi_attribute 18, 4
  14              		.thumb
  15              		.file	"netdb.c"
  16              		.text
  17              	.Ltext0:
  18              		.cfi_sections	.debug_frame
  19              	.Letext0:
  20              		.section	.debug_info,"",%progbits
  21              	.Ldebug_info0:
  22 0000 75000000 		.4byte	0x75
  23 0004 0200     		.2byte	0x2
  24 0006 00000000 		.4byte	.Ldebug_abbrev0
  25 000a 04       		.byte	0x4
  26 000b 01       		.uleb128 0x1
  27 000c 01010000 		.4byte	.LASF12
  28 0010 01       		.byte	0x1
  29 0011 6A000000 		.4byte	.LASF13
  30 0015 8F000000 		.4byte	.LASF14
  31 0019 00000000 		.4byte	.Ldebug_line0
  32 001d 02       		.uleb128 0x2
  33 001e 04       		.byte	0x4
  34 001f 05       		.byte	0x5
  35 0020 696E7400 		.ascii	"int\000"
  36 0024 03       		.uleb128 0x3
  37 0025 04       		.byte	0x4
  38 0026 07       		.byte	0x7
  39 0027 0E000000 		.4byte	.LASF0
  40 002b 03       		.uleb128 0x3
  41 002c 01       		.byte	0x1
  42 002d 06       		.byte	0x6
  43 002e F5000000 		.4byte	.LASF1
  44 0032 03       		.uleb128 0x3
  45 0033 01       		.byte	0x1
  46 0034 08       		.byte	0x8
  47 0035 44000000 		.4byte	.LASF2
  48 0039 03       		.uleb128 0x3
  49 003a 02       		.byte	0x2
  50 003b 05       		.byte	0x5
  51 003c 60000000 		.4byte	.LASF3
  52 0040 03       		.uleb128 0x3
  53 0041 02       		.byte	0x2
  54 0042 07       		.byte	0x7
  55 0043 E2000000 		.4byte	.LASF4
  56 0047 03       		.uleb128 0x3
  57 0048 04       		.byte	0x4
ARM GAS  C:\Users\jenny\AppData\Local\Temp\ccI3D0kb.s 			page 2


  58 0049 05       		.byte	0x5
  59 004a 57000000 		.4byte	.LASF5
  60 004e 03       		.uleb128 0x3
  61 004f 04       		.byte	0x4
  62 0050 07       		.byte	0x7
  63 0051 1B000000 		.4byte	.LASF6
  64 0055 03       		.uleb128 0x3
  65 0056 08       		.byte	0x8
  66 0057 05       		.byte	0x5
  67 0058 00000000 		.4byte	.LASF7
  68 005c 03       		.uleb128 0x3
  69 005d 08       		.byte	0x8
  70 005e 07       		.byte	0x7
  71 005f 2D000000 		.4byte	.LASF8
  72 0063 03       		.uleb128 0x3
  73 0064 01       		.byte	0x1
  74 0065 02       		.byte	0x2
  75 0066 89000000 		.4byte	.LASF9
  76 006a 03       		.uleb128 0x3
  77 006b 04       		.byte	0x4
  78 006c 07       		.byte	0x7
  79 006d 4A010000 		.4byte	.LASF10
  80 0071 03       		.uleb128 0x3
  81 0072 01       		.byte	0x1
  82 0073 08       		.byte	0x8
  83 0074 52000000 		.4byte	.LASF11
  84 0078 00       		.byte	0
  85              		.section	.debug_abbrev,"",%progbits
  86              	.Ldebug_abbrev0:
  87 0000 01       		.uleb128 0x1
  88 0001 11       		.uleb128 0x11
  89 0002 01       		.byte	0x1
  90 0003 25       		.uleb128 0x25
  91 0004 0E       		.uleb128 0xe
  92 0005 13       		.uleb128 0x13
  93 0006 0B       		.uleb128 0xb
  94 0007 03       		.uleb128 0x3
  95 0008 0E       		.uleb128 0xe
  96 0009 1B       		.uleb128 0x1b
  97 000a 0E       		.uleb128 0xe
  98 000b 10       		.uleb128 0x10
  99 000c 06       		.uleb128 0x6
 100 000d 00       		.byte	0
 101 000e 00       		.byte	0
 102 000f 02       		.uleb128 0x2
 103 0010 24       		.uleb128 0x24
 104 0011 00       		.byte	0
 105 0012 0B       		.uleb128 0xb
 106 0013 0B       		.uleb128 0xb
 107 0014 3E       		.uleb128 0x3e
 108 0015 0B       		.uleb128 0xb
 109 0016 03       		.uleb128 0x3
 110 0017 08       		.uleb128 0x8
 111 0018 00       		.byte	0
 112 0019 00       		.byte	0
 113 001a 03       		.uleb128 0x3
 114 001b 24       		.uleb128 0x24
ARM GAS  C:\Users\jenny\AppData\Local\Temp\ccI3D0kb.s 			page 3


 115 001c 00       		.byte	0
 116 001d 0B       		.uleb128 0xb
 117 001e 0B       		.uleb128 0xb
 118 001f 3E       		.uleb128 0x3e
 119 0020 0B       		.uleb128 0xb
 120 0021 03       		.uleb128 0x3
 121 0022 0E       		.uleb128 0xe
 122 0023 00       		.byte	0
 123 0024 00       		.byte	0
 124 0025 00       		.byte	0
 125              		.section	.debug_aranges,"",%progbits
 126 0000 14000000 		.4byte	0x14
 127 0004 0200     		.2byte	0x2
 128 0006 00000000 		.4byte	.Ldebug_info0
 129 000a 04       		.byte	0x4
 130 000b 00       		.byte	0
 131 000c 0000     		.2byte	0
 132 000e 0000     		.2byte	0
 133 0010 00000000 		.4byte	0
 134 0014 00000000 		.4byte	0
 135              		.section	.debug_line,"",%progbits
 136              	.Ldebug_line0:
 137 0000 19000000 		.section	.debug_str,"MS",%progbits,1
 137      02001300 
 137      00000201 
 137      FB0E0D00 
 137      01010101 
 138              	.LASF7:
 139 0000 6C6F6E67 		.ascii	"long long int\000"
 139      206C6F6E 
 139      6720696E 
 139      7400
 140              	.LASF0:
 141 000e 756E7369 		.ascii	"unsigned int\000"
 141      676E6564 
 141      20696E74 
 141      00
 142              	.LASF6:
 143 001b 6C6F6E67 		.ascii	"long unsigned int\000"
 143      20756E73 
 143      69676E65 
 143      6420696E 
 143      7400
 144              	.LASF8:
 145 002d 6C6F6E67 		.ascii	"long long unsigned int\000"
 145      206C6F6E 
 145      6720756E 
 145      7369676E 
 145      65642069 
 146              	.LASF2:
 147 0044 756E7369 		.ascii	"unsigned char\000"
 147      676E6564 
 147      20636861 
 147      7200
 148              	.LASF11:
 149 0052 63686172 		.ascii	"char\000"
 149      00
ARM GAS  C:\Users\jenny\AppData\Local\Temp\ccI3D0kb.s 			page 4


 150              	.LASF5:
 151 0057 6C6F6E67 		.ascii	"long int\000"
 151      20696E74 
 151      00
 152              	.LASF3:
 153 0060 73686F72 		.ascii	"short int\000"
 153      7420696E 
 153      7400
 154              	.LASF13:
 155 006a 2E2E2F2E 		.ascii	"../../ext/lwip/src/api/netdb.c\000"
 155      2E2F6578 
 155      742F6C77 
 155      69702F73 
 155      72632F61 
 156              	.LASF9:
 157 0089 5F426F6F 		.ascii	"_Bool\000"
 157      6C00
 158              	.LASF14:
 159 008f 443A5C6A 		.ascii	"D:\\jenny\\dev\\probe\\chibios\\chibios.workspace\\"
 159      656E6E79 
 159      5C646576 
 159      5C70726F 
 159      62655C63 
 160 00bc 64656D6F 		.ascii	"demos\\ARMCM4-STM32F407-LWIP-FATFS-USB\000"
 160      735C4152 
 160      4D434D34 
 160      2D53544D 
 160      33324634 
 161              	.LASF4:
 162 00e2 73686F72 		.ascii	"short unsigned int\000"
 162      7420756E 
 162      7369676E 
 162      65642069 
 162      6E7400
 163              	.LASF1:
 164 00f5 7369676E 		.ascii	"signed char\000"
 164      65642063 
 164      68617200 
 165              	.LASF12:
 166 0101 474E5520 		.ascii	"GNU C 4.7.4 20130913 (release) [ARM/embedded-4_7-br"
 166      4320342E 
 166      372E3420 
 166      32303133 
 166      30393133 
 167 0134 616E6368 		.ascii	"anch revision 202601]\000"
 167      20726576 
 167      6973696F 
 167      6E203230 
 167      32363031 
 168              	.LASF10:
 169 014a 73697A65 		.ascii	"sizetype\000"
 169      74797065 
 169      00
 170              		.ident	"GCC: (GNU Tools for ARM Embedded Processors) 4.7.4 20130913 (release) [ARM/embedded-4_7-br
ARM GAS  C:\Users\jenny\AppData\Local\Temp\ccI3D0kb.s 			page 5


DEFINED SYMBOLS
                            *ABS*:00000000 netdb.c

NO UNDEFINED SYMBOLS
