ARM GAS  C:\Users\jenny\AppData\Local\Temp\ccQYWXMG.s 			page 1


   1              		.syntax unified
   2              		.cpu cortex-m4
   3              		.eabi_attribute 27, 3
   4              		.fpu fpv4-sp-d16
   5              		.eabi_attribute 20, 1
   6              		.eabi_attribute 21, 1
   7              		.eabi_attribute 23, 3
   8              		.eabi_attribute 24, 1
   9              		.eabi_attribute 25, 1
  10              		.eabi_attribute 26, 1
  11              		.eabi_attribute 30, 2
  12              		.eabi_attribute 34, 1
  13              		.eabi_attribute 18, 4
  14              		.thumb
  15              		.file	"nvic.c"
  16              		.text
  17              	.Ltext0:
  18              		.cfi_sections	.debug_frame
  19              		.section	.text.nvicEnableVector,"ax",%progbits
  20              		.align	2
  21              		.p2align 4,,15
  22              		.global	nvicEnableVector
  23              		.thumb
  24              		.thumb_func
  25              		.type	nvicEnableVector, %function
  26              	nvicEnableVector:
  27              	.LFB7:
  28              		.file 1 "../../os/ports/common/ARMCMx/nvic.c"
  29              		.loc 1 46 0
  30              		.cfi_startproc
  31              		@ args = 0, pretend = 0, frame = 0
  32              		@ frame_needed = 0, uses_anonymous_args = 0
  33              		@ link register save eliminated.
  34              	.LVL0:
  35 0000 F0B4     		push	{r4, r5, r6, r7}
  36              	.LCFI0:
  37              		.cfi_def_cfa_offset 16
  38              		.cfi_offset 4, -16
  39              		.cfi_offset 5, -12
  40              		.cfi_offset 6, -8
  41              		.cfi_offset 7, -4
  42              		.loc 1 49 0
  43 0002 4FF46143 		mov	r3, #57600
  44 0006 8408     		lsrs	r4, r0, #2
  45 0008 CEF20003 		movt	r3, 57344
  46 000c C034     		adds	r4, r4, #192
  47              		.loc 1 47 0
  48 000e 00F00305 		and	r5, r0, #3
  49              		.loc 1 49 0
  50 0012 53F82470 		ldr	r7, [r3, r4, lsl #2]
  51              		.loc 1 47 0
  52 0016 ED00     		lsls	r5, r5, #3
  53              	.LVL1:
  54              		.loc 1 49 0
  55 0018 FF26     		movs	r6, #255
  56              		.loc 1 50 0
  57 001a 4209     		lsrs	r2, r0, #5
ARM GAS  C:\Users\jenny\AppData\Local\Temp\ccQYWXMG.s 			page 2


  58              		.loc 1 49 0
  59 001c 06FA05F6 		lsl	r6, r6, r5
  60 0020 27EA0606 		bic	r6, r7, r6
  61 0024 01FA05F5 		lsl	r5, r1, r5
  62              	.LVL2:
  63              		.loc 1 50 0
  64 0028 00F01F00 		and	r0, r0, #31
  65              	.LVL3:
  66 002c 02F16007 		add	r7, r2, #96
  67 0030 0121     		movs	r1, #1
  68              	.LVL4:
  69 0032 01FA00F0 		lsl	r0, r1, r0
  70              		.loc 1 49 0
  71 0036 2E43     		orrs	r6, r6, r5
  72 0038 43F82460 		str	r6, [r3, r4, lsl #2]
  73              		.loc 1 50 0
  74 003c 43F82700 		str	r0, [r3, r7, lsl #2]
  75              		.loc 1 51 0
  76 0040 43F82200 		str	r0, [r3, r2, lsl #2]
  77              		.loc 1 52 0
  78 0044 F0BC     		pop	{r4, r5, r6, r7}
  79 0046 7047     		bx	lr
  80              		.cfi_endproc
  81              	.LFE7:
  82              		.size	nvicEnableVector, .-nvicEnableVector
  83 0048 AFF30080 		.section	.text.nvicDisableVector,"ax",%progbits
  83      AFF30080 
  84              		.align	2
  85              		.p2align 4,,15
  86              		.global	nvicDisableVector
  87              		.thumb
  88              		.thumb_func
  89              		.type	nvicDisableVector, %function
  90              	nvicDisableVector:
  91              	.LFB8:
  92              		.loc 1 60 0
  93              		.cfi_startproc
  94              		@ args = 0, pretend = 0, frame = 0
  95              		@ frame_needed = 0, uses_anonymous_args = 0
  96              		@ link register save eliminated.
  97              	.LVL5:
  98              		.loc 1 63 0
  99 0000 4109     		lsrs	r1, r0, #5
 100 0002 4FF46143 		mov	r3, #57600
 101              		.loc 1 60 0
 102 0006 10B4     		push	{r4}
 103              	.LCFI1:
 104              		.cfi_def_cfa_offset 4
 105              		.cfi_offset 4, -4
 106              		.loc 1 63 0
 107 0008 CEF20003 		movt	r3, 57344
 108 000c 00F01F02 		and	r2, r0, #31
 109 0010 2031     		adds	r1, r1, #32
 110 0012 0124     		movs	r4, #1
 111 0014 04FA02F4 		lsl	r4, r4, r2
 112              		.loc 1 64 0
 113 0018 8208     		lsrs	r2, r0, #2
ARM GAS  C:\Users\jenny\AppData\Local\Temp\ccQYWXMG.s 			page 3


 114              		.loc 1 63 0
 115 001a 43F82140 		str	r4, [r3, r1, lsl #2]
 116              		.loc 1 64 0
 117 001e C032     		adds	r2, r2, #192
 118              		.loc 1 61 0
 119 0020 00F00300 		and	r0, r0, #3
 120              	.LVL6:
 121              		.loc 1 64 0
 122 0024 53F82210 		ldr	r1, [r3, r2, lsl #2]
 123              		.loc 1 61 0
 124 0028 C000     		lsls	r0, r0, #3
 125              	.LVL7:
 126              		.loc 1 64 0
 127 002a FF24     		movs	r4, #255
 128 002c 04FA00F0 		lsl	r0, r4, r0
 129              	.LVL8:
 130 0030 21EA0001 		bic	r1, r1, r0
 131 0034 43F82210 		str	r1, [r3, r2, lsl #2]
 132              		.loc 1 65 0
 133 0038 10BC     		pop	{r4}
 134 003a 7047     		bx	lr
 135              		.cfi_endproc
 136              	.LFE8:
 137              		.size	nvicDisableVector, .-nvicDisableVector
 138 003c AFF30080 		.section	.text.nvicSetSystemHandlerPriority,"ax",%progbits
 139              		.align	2
 140              		.p2align 4,,15
 141              		.global	nvicSetSystemHandlerPriority
 142              		.thumb
 143              		.thumb_func
 144              		.type	nvicSetSystemHandlerPriority, %function
 145              	nvicSetSystemHandlerPriority:
 146              	.LFB9:
 147              		.loc 1 74 0
 148              		.cfi_startproc
 149              		@ args = 0, pretend = 0, frame = 0
 150              		@ frame_needed = 0, uses_anonymous_args = 0
 151              		@ link register save eliminated.
 152              	.LVL9:
 153              		.loc 1 77 0
 154 0000 8208     		lsrs	r2, r0, #2
 155 0002 4FF46D43 		mov	r3, #60672
 156 0006 CEF20003 		movt	r3, 57344
 157 000a 0632     		adds	r2, r2, #6
 158              		.loc 1 75 0
 159 000c 00F00300 		and	r0, r0, #3
 160              	.LVL10:
 161              		.loc 1 74 0
 162 0010 30B4     		push	{r4, r5}
 163              	.LCFI2:
 164              		.cfi_def_cfa_offset 8
 165              		.cfi_offset 4, -8
 166              		.cfi_offset 5, -4
 167              		.loc 1 75 0
 168 0012 C000     		lsls	r0, r0, #3
 169              	.LVL11:
 170              		.loc 1 77 0
ARM GAS  C:\Users\jenny\AppData\Local\Temp\ccQYWXMG.s 			page 4


 171 0014 53F82250 		ldr	r5, [r3, r2, lsl #2]
 172              		.loc 1 78 0
 173 0018 FF24     		movs	r4, #255
 174 001a 04FA00F4 		lsl	r4, r4, r0
 175              		.loc 1 77 0
 176 001e 25EA0404 		bic	r4, r5, r4
 177              		.loc 1 78 0
 178 0022 01FA00F1 		lsl	r1, r1, r0
 179              	.LVL12:
 180 0026 0C43     		orrs	r4, r4, r1
 181              		.loc 1 77 0
 182 0028 43F82240 		str	r4, [r3, r2, lsl #2]
 183              		.loc 1 79 0
 184 002c 30BC     		pop	{r4, r5}
 185 002e 7047     		bx	lr
 186              		.cfi_endproc
 187              	.LFE9:
 188              		.size	nvicSetSystemHandlerPriority, .-nvicSetSystemHandlerPriority
 189              		.text
 190              	.Letext0:
 191              		.file 2 "c:\\fbin\\yagarto\\bin\\../lib/gcc/arm-none-eabi/4.7.4/../../../../arm-none-eabi/include/
 192              		.file 3 "../../os/ports/common/ARMCMx/nvic.h"
 193              		.section	.debug_info,"",%progbits
 194              	.Ldebug_info0:
 195 0000 51040000 		.4byte	0x451
 196 0004 0200     		.2byte	0x2
 197 0006 00000000 		.4byte	.Ldebug_abbrev0
 198 000a 04       		.byte	0x4
 199 000b 01       		.uleb128 0x1
 200 000c 0F010000 		.4byte	.LASF46
 201 0010 01       		.byte	0x1
 202 0011 0F000000 		.4byte	.LASF47
 203 0015 66000000 		.4byte	.LASF48
 204 0019 00000000 		.4byte	.Ldebug_ranges0+0
 205 001d 00000000 		.4byte	0
 206 0021 00000000 		.4byte	0
 207 0025 00000000 		.4byte	.Ldebug_line0
 208 0029 02       		.uleb128 0x2
 209 002a 04       		.byte	0x4
 210 002b 05       		.byte	0x5
 211 002c 696E7400 		.ascii	"int\000"
 212 0030 03       		.uleb128 0x3
 213 0031 04       		.byte	0x4
 214 0032 07       		.byte	0x7
 215 0033 84010000 		.4byte	.LASF0
 216 0037 03       		.uleb128 0x3
 217 0038 01       		.byte	0x1
 218 0039 06       		.byte	0x6
 219 003a 21020000 		.4byte	.LASF1
 220 003e 03       		.uleb128 0x3
 221 003f 01       		.byte	0x1
 222 0040 08       		.byte	0x8
 223 0041 B9000000 		.4byte	.LASF2
 224 0045 03       		.uleb128 0x3
 225 0046 02       		.byte	0x2
 226 0047 05       		.byte	0x5
 227 0048 7A010000 		.4byte	.LASF3
ARM GAS  C:\Users\jenny\AppData\Local\Temp\ccQYWXMG.s 			page 5


 228 004c 03       		.uleb128 0x3
 229 004d 02       		.byte	0x2
 230 004e 07       		.byte	0x7
 231 004f F7000000 		.4byte	.LASF4
 232 0053 03       		.uleb128 0x3
 233 0054 04       		.byte	0x4
 234 0055 05       		.byte	0x5
 235 0056 13020000 		.4byte	.LASF5
 236 005a 04       		.uleb128 0x4
 237 005b 0A020000 		.4byte	.LASF10
 238 005f 02       		.byte	0x2
 239 0060 50       		.byte	0x50
 240 0061 65000000 		.4byte	0x65
 241 0065 03       		.uleb128 0x3
 242 0066 04       		.byte	0x4
 243 0067 07       		.byte	0x7
 244 0068 5D010000 		.4byte	.LASF6
 245 006c 03       		.uleb128 0x3
 246 006d 08       		.byte	0x8
 247 006e 05       		.byte	0x5
 248 006f DB010000 		.4byte	.LASF7
 249 0073 03       		.uleb128 0x3
 250 0074 08       		.byte	0x8
 251 0075 07       		.byte	0x7
 252 0076 9B010000 		.4byte	.LASF8
 253 007a 03       		.uleb128 0x3
 254 007b 01       		.byte	0x1
 255 007c 02       		.byte	0x2
 256 007d 53000000 		.4byte	.LASF9
 257 0081 04       		.uleb128 0x4
 258 0082 5E000000 		.4byte	.LASF11
 259 0086 03       		.byte	0x3
 260 0087 3A       		.byte	0x3a
 261 0088 8C000000 		.4byte	0x8c
 262 008c 05       		.uleb128 0x5
 263 008d 5A000000 		.4byte	0x5a
 264 0091 06       		.uleb128 0x6
 265 0092 040E     		.2byte	0xe04
 266 0094 03       		.byte	0x3
 267 0095 6A       		.byte	0x6a
 268 0096 5C010000 		.4byte	0x15c
 269 009a 07       		.uleb128 0x7
 270 009b F4010000 		.4byte	.LASF12
 271 009f 03       		.byte	0x3
 272 00a0 6B       		.byte	0x6b
 273 00a1 73010000 		.4byte	0x173
 274 00a5 02       		.byte	0x2
 275 00a6 23       		.byte	0x23
 276 00a7 00       		.uleb128 0
 277 00a8 07       		.uleb128 0x7
 278 00a9 C7000000 		.4byte	.LASF13
 279 00ad 03       		.byte	0x3
 280 00ae 6C       		.byte	0x6c
 281 00af 88010000 		.4byte	0x188
 282 00b3 02       		.byte	0x2
 283 00b4 23       		.byte	0x23
 284 00b5 20       		.uleb128 0x20
ARM GAS  C:\Users\jenny\AppData\Local\Temp\ccQYWXMG.s 			page 6


 285 00b6 07       		.uleb128 0x7
 286 00b7 59000000 		.4byte	.LASF14
 287 00bb 03       		.byte	0x3
 288 00bc 6D       		.byte	0x6d
 289 00bd 8D010000 		.4byte	0x18d
 290 00c1 03       		.byte	0x3
 291 00c2 23       		.byte	0x23
 292 00c3 8001     		.uleb128 0x80
 293 00c5 07       		.uleb128 0x7
 294 00c6 CF000000 		.4byte	.LASF15
 295 00ca 03       		.byte	0x3
 296 00cb 6E       		.byte	0x6e
 297 00cc 92010000 		.4byte	0x192
 298 00d0 03       		.byte	0x3
 299 00d1 23       		.byte	0x23
 300 00d2 A001     		.uleb128 0xa0
 301 00d4 07       		.uleb128 0x7
 302 00d5 91010000 		.4byte	.LASF16
 303 00d9 03       		.byte	0x3
 304 00da 6F       		.byte	0x6f
 305 00db 97010000 		.4byte	0x197
 306 00df 03       		.byte	0x3
 307 00e0 23       		.byte	0x23
 308 00e1 8002     		.uleb128 0x100
 309 00e3 07       		.uleb128 0x7
 310 00e4 D7000000 		.4byte	.LASF17
 311 00e8 03       		.byte	0x3
 312 00e9 70       		.byte	0x70
 313 00ea 9C010000 		.4byte	0x19c
 314 00ee 03       		.byte	0x3
 315 00ef 23       		.byte	0x23
 316 00f0 A002     		.uleb128 0x120
 317 00f2 07       		.uleb128 0x7
 318 00f3 05000000 		.4byte	.LASF18
 319 00f7 03       		.byte	0x3
 320 00f8 71       		.byte	0x71
 321 00f9 A1010000 		.4byte	0x1a1
 322 00fd 03       		.byte	0x3
 323 00fe 23       		.byte	0x23
 324 00ff 8003     		.uleb128 0x180
 325 0101 07       		.uleb128 0x7
 326 0102 DF000000 		.4byte	.LASF19
 327 0106 03       		.byte	0x3
 328 0107 72       		.byte	0x72
 329 0108 A6010000 		.4byte	0x1a6
 330 010c 03       		.byte	0x3
 331 010d 23       		.byte	0x23
 332 010e A003     		.uleb128 0x1a0
 333 0110 07       		.uleb128 0x7
 334 0111 4A020000 		.4byte	.LASF20
 335 0115 03       		.byte	0x3
 336 0116 73       		.byte	0x73
 337 0117 AB010000 		.4byte	0x1ab
 338 011b 03       		.byte	0x3
 339 011c 23       		.byte	0x23
 340 011d 8004     		.uleb128 0x200
 341 011f 07       		.uleb128 0x7
ARM GAS  C:\Users\jenny\AppData\Local\Temp\ccQYWXMG.s 			page 7


 342 0120 E7000000 		.4byte	.LASF21
 343 0124 03       		.byte	0x3
 344 0125 74       		.byte	0x74
 345 0126 C0010000 		.4byte	0x1c0
 346 012a 03       		.byte	0x3
 347 012b 23       		.byte	0x23
 348 012c A004     		.uleb128 0x220
 349 012e 08       		.uleb128 0x8
 350 012f 49505200 		.ascii	"IPR\000"
 351 0133 03       		.byte	0x3
 352 0134 75       		.byte	0x75
 353 0135 D5010000 		.4byte	0x1d5
 354 0139 03       		.byte	0x3
 355 013a 23       		.byte	0x23
 356 013b 8006     		.uleb128 0x300
 357 013d 07       		.uleb128 0x7
 358 013e EF000000 		.4byte	.LASF22
 359 0142 03       		.byte	0x3
 360 0143 76       		.byte	0x76
 361 0144 EB010000 		.4byte	0x1eb
 362 0148 03       		.byte	0x3
 363 0149 23       		.byte	0x23
 364 014a F007     		.uleb128 0x3f0
 365 014c 07       		.uleb128 0x7
 366 014d 75010000 		.4byte	.LASF23
 367 0151 03       		.byte	0x3
 368 0152 77       		.byte	0x77
 369 0153 81000000 		.4byte	0x81
 370 0157 03       		.byte	0x3
 371 0158 23       		.byte	0x23
 372 0159 801C     		.uleb128 0xe00
 373 015b 00       		.byte	0
 374 015c 09       		.uleb128 0x9
 375 015d 81000000 		.4byte	0x81
 376 0161 6C010000 		.4byte	0x16c
 377 0165 0A       		.uleb128 0xa
 378 0166 6C010000 		.4byte	0x16c
 379 016a 07       		.byte	0x7
 380 016b 00       		.byte	0
 381 016c 03       		.uleb128 0x3
 382 016d 04       		.byte	0x4
 383 016e 07       		.byte	0x7
 384 016f D2010000 		.4byte	.LASF24
 385 0173 05       		.uleb128 0x5
 386 0174 5C010000 		.4byte	0x15c
 387 0178 09       		.uleb128 0x9
 388 0179 81000000 		.4byte	0x81
 389 017d 88010000 		.4byte	0x188
 390 0181 0A       		.uleb128 0xa
 391 0182 6C010000 		.4byte	0x16c
 392 0186 17       		.byte	0x17
 393 0187 00       		.byte	0
 394 0188 05       		.uleb128 0x5
 395 0189 78010000 		.4byte	0x178
 396 018d 05       		.uleb128 0x5
 397 018e 5C010000 		.4byte	0x15c
 398 0192 05       		.uleb128 0x5
ARM GAS  C:\Users\jenny\AppData\Local\Temp\ccQYWXMG.s 			page 8


 399 0193 78010000 		.4byte	0x178
 400 0197 05       		.uleb128 0x5
 401 0198 5C010000 		.4byte	0x15c
 402 019c 05       		.uleb128 0x5
 403 019d 78010000 		.4byte	0x178
 404 01a1 05       		.uleb128 0x5
 405 01a2 5C010000 		.4byte	0x15c
 406 01a6 05       		.uleb128 0x5
 407 01a7 78010000 		.4byte	0x178
 408 01ab 05       		.uleb128 0x5
 409 01ac 5C010000 		.4byte	0x15c
 410 01b0 09       		.uleb128 0x9
 411 01b1 81000000 		.4byte	0x81
 412 01b5 C0010000 		.4byte	0x1c0
 413 01b9 0A       		.uleb128 0xa
 414 01ba 6C010000 		.4byte	0x16c
 415 01be 37       		.byte	0x37
 416 01bf 00       		.byte	0
 417 01c0 05       		.uleb128 0x5
 418 01c1 B0010000 		.4byte	0x1b0
 419 01c5 09       		.uleb128 0x9
 420 01c6 81000000 		.4byte	0x81
 421 01ca D5010000 		.4byte	0x1d5
 422 01ce 0A       		.uleb128 0xa
 423 01cf 6C010000 		.4byte	0x16c
 424 01d3 3B       		.byte	0x3b
 425 01d4 00       		.byte	0
 426 01d5 05       		.uleb128 0x5
 427 01d6 C5010000 		.4byte	0x1c5
 428 01da 09       		.uleb128 0x9
 429 01db 81000000 		.4byte	0x81
 430 01df EB010000 		.4byte	0x1eb
 431 01e3 0B       		.uleb128 0xb
 432 01e4 6C010000 		.4byte	0x16c
 433 01e8 8302     		.2byte	0x283
 434 01ea 00       		.byte	0
 435 01eb 05       		.uleb128 0x5
 436 01ec DA010000 		.4byte	0x1da
 437 01f0 04       		.uleb128 0x4
 438 01f1 45000000 		.4byte	.LASF25
 439 01f5 03       		.byte	0x3
 440 01f6 78       		.byte	0x78
 441 01f7 91000000 		.4byte	0x91
 442 01fb 0C       		.uleb128 0xc
 443 01fc 8C       		.byte	0x8c
 444 01fd 03       		.byte	0x3
 445 01fe 89       		.byte	0x89
 446 01ff 2B030000 		.4byte	0x32b
 447 0203 07       		.uleb128 0x7
 448 0204 E9010000 		.4byte	.LASF26
 449 0208 03       		.byte	0x3
 450 0209 8A       		.byte	0x8a
 451 020a 81000000 		.4byte	0x81
 452 020e 02       		.byte	0x2
 453 020f 23       		.byte	0x23
 454 0210 00       		.uleb128 0
 455 0211 07       		.uleb128 0x7
ARM GAS  C:\Users\jenny\AppData\Local\Temp\ccQYWXMG.s 			page 9


 456 0212 B2010000 		.4byte	.LASF27
 457 0216 03       		.byte	0x3
 458 0217 8B       		.byte	0x8b
 459 0218 81000000 		.4byte	0x81
 460 021c 02       		.byte	0x2
 461 021d 23       		.byte	0x23
 462 021e 04       		.uleb128 0x4
 463 021f 07       		.uleb128 0x7
 464 0220 4E000000 		.4byte	.LASF28
 465 0224 03       		.byte	0x3
 466 0225 8C       		.byte	0x8c
 467 0226 81000000 		.4byte	0x81
 468 022a 02       		.byte	0x2
 469 022b 23       		.byte	0x23
 470 022c 08       		.uleb128 0x8
 471 022d 07       		.uleb128 0x7
 472 022e BF010000 		.4byte	.LASF29
 473 0232 03       		.byte	0x3
 474 0233 8D       		.byte	0x8d
 475 0234 81000000 		.4byte	0x81
 476 0238 02       		.byte	0x2
 477 0239 23       		.byte	0x23
 478 023a 0C       		.uleb128 0xc
 479 023b 08       		.uleb128 0x8
 480 023c 53435200 		.ascii	"SCR\000"
 481 0240 03       		.byte	0x3
 482 0241 8E       		.byte	0x8e
 483 0242 81000000 		.4byte	0x81
 484 0246 02       		.byte	0x2
 485 0247 23       		.byte	0x23
 486 0248 10       		.uleb128 0x10
 487 0249 08       		.uleb128 0x8
 488 024a 43435200 		.ascii	"CCR\000"
 489 024e 03       		.byte	0x3
 490 024f 8F       		.byte	0x8f
 491 0250 81000000 		.4byte	0x81
 492 0254 02       		.byte	0x2
 493 0255 23       		.byte	0x23
 494 0256 14       		.uleb128 0x14
 495 0257 07       		.uleb128 0x7
 496 0258 1C020000 		.4byte	.LASF30
 497 025c 03       		.byte	0x3
 498 025d 90       		.byte	0x90
 499 025e 3B030000 		.4byte	0x33b
 500 0262 02       		.byte	0x2
 501 0263 23       		.byte	0x23
 502 0264 18       		.uleb128 0x18
 503 0265 07       		.uleb128 0x7
 504 0266 04020000 		.4byte	.LASF31
 505 026a 03       		.byte	0x3
 506 026b 91       		.byte	0x91
 507 026c 81000000 		.4byte	0x81
 508 0270 02       		.byte	0x2
 509 0271 23       		.byte	0x23
 510 0272 24       		.uleb128 0x24
 511 0273 07       		.uleb128 0x7
 512 0274 0A010000 		.4byte	.LASF32
ARM GAS  C:\Users\jenny\AppData\Local\Temp\ccQYWXMG.s 			page 10


 513 0278 03       		.byte	0x3
 514 0279 92       		.byte	0x92
 515 027a 81000000 		.4byte	0x81
 516 027e 02       		.byte	0x2
 517 027f 23       		.byte	0x23
 518 0280 28       		.uleb128 0x28
 519 0281 07       		.uleb128 0x7
 520 0282 58010000 		.4byte	.LASF33
 521 0286 03       		.byte	0x3
 522 0287 93       		.byte	0x93
 523 0288 81000000 		.4byte	0x81
 524 028c 02       		.byte	0x2
 525 028d 23       		.byte	0x23
 526 028e 2C       		.uleb128 0x2c
 527 028f 07       		.uleb128 0x7
 528 0290 96010000 		.4byte	.LASF34
 529 0294 03       		.byte	0x3
 530 0295 94       		.byte	0x94
 531 0296 81000000 		.4byte	0x81
 532 029a 02       		.byte	0x2
 533 029b 23       		.byte	0x23
 534 029c 30       		.uleb128 0x30
 535 029d 07       		.uleb128 0x7
 536 029e FE010000 		.4byte	.LASF35
 537 02a2 03       		.byte	0x3
 538 02a3 95       		.byte	0x95
 539 02a4 81000000 		.4byte	0x81
 540 02a8 02       		.byte	0x2
 541 02a9 23       		.byte	0x23
 542 02aa 34       		.uleb128 0x34
 543 02ab 07       		.uleb128 0x7
 544 02ac C5010000 		.4byte	.LASF36
 545 02b0 03       		.byte	0x3
 546 02b1 96       		.byte	0x96
 547 02b2 81000000 		.4byte	0x81
 548 02b6 02       		.byte	0x2
 549 02b7 23       		.byte	0x23
 550 02b8 38       		.uleb128 0x38
 551 02b9 07       		.uleb128 0x7
 552 02ba F9010000 		.4byte	.LASF37
 553 02be 03       		.byte	0x3
 554 02bf 97       		.byte	0x97
 555 02c0 81000000 		.4byte	0x81
 556 02c4 02       		.byte	0x2
 557 02c5 23       		.byte	0x23
 558 02c6 3C       		.uleb128 0x3c
 559 02c7 08       		.uleb128 0x8
 560 02c8 50465200 		.ascii	"PFR\000"
 561 02cc 03       		.byte	0x3
 562 02cd 98       		.byte	0x98
 563 02ce 50030000 		.4byte	0x350
 564 02d2 02       		.byte	0x2
 565 02d3 23       		.byte	0x23
 566 02d4 40       		.uleb128 0x40
 567 02d5 08       		.uleb128 0x8
 568 02d6 44465200 		.ascii	"DFR\000"
 569 02da 03       		.byte	0x3
ARM GAS  C:\Users\jenny\AppData\Local\Temp\ccQYWXMG.s 			page 11


 570 02db 99       		.byte	0x99
 571 02dc 81000000 		.4byte	0x81
 572 02e0 02       		.byte	0x2
 573 02e1 23       		.byte	0x23
 574 02e2 48       		.uleb128 0x48
 575 02e3 08       		.uleb128 0x8
 576 02e4 41445200 		.ascii	"ADR\000"
 577 02e8 03       		.byte	0x3
 578 02e9 9A       		.byte	0x9a
 579 02ea 81000000 		.4byte	0x81
 580 02ee 02       		.byte	0x2
 581 02ef 23       		.byte	0x23
 582 02f0 4C       		.uleb128 0x4c
 583 02f1 07       		.uleb128 0x7
 584 02f2 0A000000 		.4byte	.LASF38
 585 02f6 03       		.byte	0x3
 586 02f7 9B       		.byte	0x9b
 587 02f8 65030000 		.4byte	0x365
 588 02fc 02       		.byte	0x2
 589 02fd 23       		.byte	0x23
 590 02fe 50       		.uleb128 0x50
 591 02ff 08       		.uleb128 0x8
 592 0300 53415200 		.ascii	"SAR\000"
 593 0304 03       		.byte	0x3
 594 0305 9C       		.byte	0x9c
 595 0306 7A030000 		.4byte	0x37a
 596 030a 02       		.byte	0x2
 597 030b 23       		.byte	0x23
 598 030c 60       		.uleb128 0x60
 599 030d 07       		.uleb128 0x7
 600 030e C7000000 		.4byte	.LASF13
 601 0312 03       		.byte	0x3
 602 0313 9D       		.byte	0x9d
 603 0314 7F030000 		.4byte	0x37f
 604 0318 02       		.byte	0x2
 605 0319 23       		.byte	0x23
 606 031a 74       		.uleb128 0x74
 607 031b 07       		.uleb128 0x7
 608 031c 6F010000 		.4byte	.LASF39
 609 0320 03       		.byte	0x3
 610 0321 9E       		.byte	0x9e
 611 0322 81000000 		.4byte	0x81
 612 0326 03       		.byte	0x3
 613 0327 23       		.byte	0x23
 614 0328 8801     		.uleb128 0x88
 615 032a 00       		.byte	0
 616 032b 09       		.uleb128 0x9
 617 032c 81000000 		.4byte	0x81
 618 0330 3B030000 		.4byte	0x33b
 619 0334 0A       		.uleb128 0xa
 620 0335 6C010000 		.4byte	0x16c
 621 0339 02       		.byte	0x2
 622 033a 00       		.byte	0
 623 033b 05       		.uleb128 0x5
 624 033c 2B030000 		.4byte	0x32b
 625 0340 09       		.uleb128 0x9
 626 0341 81000000 		.4byte	0x81
ARM GAS  C:\Users\jenny\AppData\Local\Temp\ccQYWXMG.s 			page 12


 627 0345 50030000 		.4byte	0x350
 628 0349 0A       		.uleb128 0xa
 629 034a 6C010000 		.4byte	0x16c
 630 034e 01       		.byte	0x1
 631 034f 00       		.byte	0
 632 0350 05       		.uleb128 0x5
 633 0351 40030000 		.4byte	0x340
 634 0355 09       		.uleb128 0x9
 635 0356 81000000 		.4byte	0x81
 636 035a 65030000 		.4byte	0x365
 637 035e 0A       		.uleb128 0xa
 638 035f 6C010000 		.4byte	0x16c
 639 0363 03       		.byte	0x3
 640 0364 00       		.byte	0
 641 0365 05       		.uleb128 0x5
 642 0366 55030000 		.4byte	0x355
 643 036a 09       		.uleb128 0x9
 644 036b 81000000 		.4byte	0x81
 645 036f 7A030000 		.4byte	0x37a
 646 0373 0A       		.uleb128 0xa
 647 0374 6C010000 		.4byte	0x16c
 648 0378 04       		.byte	0x4
 649 0379 00       		.byte	0
 650 037a 05       		.uleb128 0x5
 651 037b 6A030000 		.4byte	0x36a
 652 037f 05       		.uleb128 0x5
 653 0380 6A030000 		.4byte	0x36a
 654 0384 04       		.uleb128 0x4
 655 0385 B7010000 		.4byte	.LASF40
 656 0389 03       		.byte	0x3
 657 038a 9F       		.byte	0x9f
 658 038b FB010000 		.4byte	0x1fb
 659 038f 03       		.uleb128 0x3
 660 0390 01       		.byte	0x1
 661 0391 08       		.byte	0x8
 662 0392 EF010000 		.4byte	.LASF41
 663 0396 0D       		.uleb128 0xd
 664 0397 01       		.byte	0x1
 665 0398 4F020000 		.4byte	.LASF43
 666 039c 01       		.byte	0x1
 667 039d 2E       		.byte	0x2e
 668 039e 01       		.byte	0x1
 669 039f 00000000 		.4byte	.LFB7
 670 03a3 48000000 		.4byte	.LFE7
 671 03a7 00000000 		.4byte	.LLST0
 672 03ab 01       		.byte	0x1
 673 03ac DB030000 		.4byte	0x3db
 674 03b0 0E       		.uleb128 0xe
 675 03b1 6E00     		.ascii	"n\000"
 676 03b3 01       		.byte	0x1
 677 03b4 2E       		.byte	0x2e
 678 03b5 5A000000 		.4byte	0x5a
 679 03b9 20000000 		.4byte	.LLST1
 680 03bd 0F       		.uleb128 0xf
 681 03be 00000000 		.4byte	.LASF42
 682 03c2 01       		.byte	0x1
 683 03c3 2E       		.byte	0x2e
ARM GAS  C:\Users\jenny\AppData\Local\Temp\ccQYWXMG.s 			page 13


 684 03c4 5A000000 		.4byte	0x5a
 685 03c8 41000000 		.4byte	.LLST2
 686 03cc 10       		.uleb128 0x10
 687 03cd 736800   		.ascii	"sh\000"
 688 03d0 01       		.byte	0x1
 689 03d1 2F       		.byte	0x2f
 690 03d2 30000000 		.4byte	0x30
 691 03d6 62000000 		.4byte	.LLST3
 692 03da 00       		.byte	0
 693 03db 0D       		.uleb128 0xd
 694 03dc 01       		.byte	0x1
 695 03dd 33000000 		.4byte	.LASF44
 696 03e1 01       		.byte	0x1
 697 03e2 3C       		.byte	0x3c
 698 03e3 01       		.byte	0x1
 699 03e4 00000000 		.4byte	.LFB8
 700 03e8 3C000000 		.4byte	.LFE8
 701 03ec A9000000 		.4byte	.LLST4
 702 03f0 01       		.byte	0x1
 703 03f1 11040000 		.4byte	0x411
 704 03f5 0E       		.uleb128 0xe
 705 03f6 6E00     		.ascii	"n\000"
 706 03f8 01       		.byte	0x1
 707 03f9 3C       		.byte	0x3c
 708 03fa 5A000000 		.4byte	0x5a
 709 03fe C9000000 		.4byte	.LLST5
 710 0402 10       		.uleb128 0x10
 711 0403 736800   		.ascii	"sh\000"
 712 0406 01       		.byte	0x1
 713 0407 3D       		.byte	0x3d
 714 0408 30000000 		.4byte	0x30
 715 040c EA000000 		.4byte	.LLST6
 716 0410 00       		.byte	0
 717 0411 11       		.uleb128 0x11
 718 0412 01       		.byte	0x1
 719 0413 2D020000 		.4byte	.LASF49
 720 0417 01       		.byte	0x1
 721 0418 4A       		.byte	0x4a
 722 0419 01       		.byte	0x1
 723 041a 00000000 		.4byte	.LFB9
 724 041e 30000000 		.4byte	.LFE9
 725 0422 32010000 		.4byte	.LLST7
 726 0426 01       		.byte	0x1
 727 0427 0F       		.uleb128 0xf
 728 0428 CA010000 		.4byte	.LASF45
 729 042c 01       		.byte	0x1
 730 042d 4A       		.byte	0x4a
 731 042e 5A000000 		.4byte	0x5a
 732 0432 52010000 		.4byte	.LLST8
 733 0436 0F       		.uleb128 0xf
 734 0437 00000000 		.4byte	.LASF42
 735 043b 01       		.byte	0x1
 736 043c 4A       		.byte	0x4a
 737 043d 5A000000 		.4byte	0x5a
 738 0441 73010000 		.4byte	.LLST9
 739 0445 10       		.uleb128 0x10
 740 0446 736800   		.ascii	"sh\000"
ARM GAS  C:\Users\jenny\AppData\Local\Temp\ccQYWXMG.s 			page 14


 741 0449 01       		.byte	0x1
 742 044a 4B       		.byte	0x4b
 743 044b 30000000 		.4byte	0x30
 744 044f 94010000 		.4byte	.LLST10
 745 0453 00       		.byte	0
 746 0454 00       		.byte	0
 747              		.section	.debug_abbrev,"",%progbits
 748              	.Ldebug_abbrev0:
 749 0000 01       		.uleb128 0x1
 750 0001 11       		.uleb128 0x11
 751 0002 01       		.byte	0x1
 752 0003 25       		.uleb128 0x25
 753 0004 0E       		.uleb128 0xe
 754 0005 13       		.uleb128 0x13
 755 0006 0B       		.uleb128 0xb
 756 0007 03       		.uleb128 0x3
 757 0008 0E       		.uleb128 0xe
 758 0009 1B       		.uleb128 0x1b
 759 000a 0E       		.uleb128 0xe
 760 000b 55       		.uleb128 0x55
 761 000c 06       		.uleb128 0x6
 762 000d 11       		.uleb128 0x11
 763 000e 01       		.uleb128 0x1
 764 000f 52       		.uleb128 0x52
 765 0010 01       		.uleb128 0x1
 766 0011 10       		.uleb128 0x10
 767 0012 06       		.uleb128 0x6
 768 0013 00       		.byte	0
 769 0014 00       		.byte	0
 770 0015 02       		.uleb128 0x2
 771 0016 24       		.uleb128 0x24
 772 0017 00       		.byte	0
 773 0018 0B       		.uleb128 0xb
 774 0019 0B       		.uleb128 0xb
 775 001a 3E       		.uleb128 0x3e
 776 001b 0B       		.uleb128 0xb
 777 001c 03       		.uleb128 0x3
 778 001d 08       		.uleb128 0x8
 779 001e 00       		.byte	0
 780 001f 00       		.byte	0
 781 0020 03       		.uleb128 0x3
 782 0021 24       		.uleb128 0x24
 783 0022 00       		.byte	0
 784 0023 0B       		.uleb128 0xb
 785 0024 0B       		.uleb128 0xb
 786 0025 3E       		.uleb128 0x3e
 787 0026 0B       		.uleb128 0xb
 788 0027 03       		.uleb128 0x3
 789 0028 0E       		.uleb128 0xe
 790 0029 00       		.byte	0
 791 002a 00       		.byte	0
 792 002b 04       		.uleb128 0x4
 793 002c 16       		.uleb128 0x16
 794 002d 00       		.byte	0
 795 002e 03       		.uleb128 0x3
 796 002f 0E       		.uleb128 0xe
 797 0030 3A       		.uleb128 0x3a
ARM GAS  C:\Users\jenny\AppData\Local\Temp\ccQYWXMG.s 			page 15


 798 0031 0B       		.uleb128 0xb
 799 0032 3B       		.uleb128 0x3b
 800 0033 0B       		.uleb128 0xb
 801 0034 49       		.uleb128 0x49
 802 0035 13       		.uleb128 0x13
 803 0036 00       		.byte	0
 804 0037 00       		.byte	0
 805 0038 05       		.uleb128 0x5
 806 0039 35       		.uleb128 0x35
 807 003a 00       		.byte	0
 808 003b 49       		.uleb128 0x49
 809 003c 13       		.uleb128 0x13
 810 003d 00       		.byte	0
 811 003e 00       		.byte	0
 812 003f 06       		.uleb128 0x6
 813 0040 13       		.uleb128 0x13
 814 0041 01       		.byte	0x1
 815 0042 0B       		.uleb128 0xb
 816 0043 05       		.uleb128 0x5
 817 0044 3A       		.uleb128 0x3a
 818 0045 0B       		.uleb128 0xb
 819 0046 3B       		.uleb128 0x3b
 820 0047 0B       		.uleb128 0xb
 821 0048 01       		.uleb128 0x1
 822 0049 13       		.uleb128 0x13
 823 004a 00       		.byte	0
 824 004b 00       		.byte	0
 825 004c 07       		.uleb128 0x7
 826 004d 0D       		.uleb128 0xd
 827 004e 00       		.byte	0
 828 004f 03       		.uleb128 0x3
 829 0050 0E       		.uleb128 0xe
 830 0051 3A       		.uleb128 0x3a
 831 0052 0B       		.uleb128 0xb
 832 0053 3B       		.uleb128 0x3b
 833 0054 0B       		.uleb128 0xb
 834 0055 49       		.uleb128 0x49
 835 0056 13       		.uleb128 0x13
 836 0057 38       		.uleb128 0x38
 837 0058 0A       		.uleb128 0xa
 838 0059 00       		.byte	0
 839 005a 00       		.byte	0
 840 005b 08       		.uleb128 0x8
 841 005c 0D       		.uleb128 0xd
 842 005d 00       		.byte	0
 843 005e 03       		.uleb128 0x3
 844 005f 08       		.uleb128 0x8
 845 0060 3A       		.uleb128 0x3a
 846 0061 0B       		.uleb128 0xb
 847 0062 3B       		.uleb128 0x3b
 848 0063 0B       		.uleb128 0xb
 849 0064 49       		.uleb128 0x49
 850 0065 13       		.uleb128 0x13
 851 0066 38       		.uleb128 0x38
 852 0067 0A       		.uleb128 0xa
 853 0068 00       		.byte	0
 854 0069 00       		.byte	0
ARM GAS  C:\Users\jenny\AppData\Local\Temp\ccQYWXMG.s 			page 16


 855 006a 09       		.uleb128 0x9
 856 006b 01       		.uleb128 0x1
 857 006c 01       		.byte	0x1
 858 006d 49       		.uleb128 0x49
 859 006e 13       		.uleb128 0x13
 860 006f 01       		.uleb128 0x1
 861 0070 13       		.uleb128 0x13
 862 0071 00       		.byte	0
 863 0072 00       		.byte	0
 864 0073 0A       		.uleb128 0xa
 865 0074 21       		.uleb128 0x21
 866 0075 00       		.byte	0
 867 0076 49       		.uleb128 0x49
 868 0077 13       		.uleb128 0x13
 869 0078 2F       		.uleb128 0x2f
 870 0079 0B       		.uleb128 0xb
 871 007a 00       		.byte	0
 872 007b 00       		.byte	0
 873 007c 0B       		.uleb128 0xb
 874 007d 21       		.uleb128 0x21
 875 007e 00       		.byte	0
 876 007f 49       		.uleb128 0x49
 877 0080 13       		.uleb128 0x13
 878 0081 2F       		.uleb128 0x2f
 879 0082 05       		.uleb128 0x5
 880 0083 00       		.byte	0
 881 0084 00       		.byte	0
 882 0085 0C       		.uleb128 0xc
 883 0086 13       		.uleb128 0x13
 884 0087 01       		.byte	0x1
 885 0088 0B       		.uleb128 0xb
 886 0089 0B       		.uleb128 0xb
 887 008a 3A       		.uleb128 0x3a
 888 008b 0B       		.uleb128 0xb
 889 008c 3B       		.uleb128 0x3b
 890 008d 0B       		.uleb128 0xb
 891 008e 01       		.uleb128 0x1
 892 008f 13       		.uleb128 0x13
 893 0090 00       		.byte	0
 894 0091 00       		.byte	0
 895 0092 0D       		.uleb128 0xd
 896 0093 2E       		.uleb128 0x2e
 897 0094 01       		.byte	0x1
 898 0095 3F       		.uleb128 0x3f
 899 0096 0C       		.uleb128 0xc
 900 0097 03       		.uleb128 0x3
 901 0098 0E       		.uleb128 0xe
 902 0099 3A       		.uleb128 0x3a
 903 009a 0B       		.uleb128 0xb
 904 009b 3B       		.uleb128 0x3b
 905 009c 0B       		.uleb128 0xb
 906 009d 27       		.uleb128 0x27
 907 009e 0C       		.uleb128 0xc
 908 009f 11       		.uleb128 0x11
 909 00a0 01       		.uleb128 0x1
 910 00a1 12       		.uleb128 0x12
 911 00a2 01       		.uleb128 0x1
ARM GAS  C:\Users\jenny\AppData\Local\Temp\ccQYWXMG.s 			page 17


 912 00a3 40       		.uleb128 0x40
 913 00a4 06       		.uleb128 0x6
 914 00a5 9742     		.uleb128 0x2117
 915 00a7 0C       		.uleb128 0xc
 916 00a8 01       		.uleb128 0x1
 917 00a9 13       		.uleb128 0x13
 918 00aa 00       		.byte	0
 919 00ab 00       		.byte	0
 920 00ac 0E       		.uleb128 0xe
 921 00ad 05       		.uleb128 0x5
 922 00ae 00       		.byte	0
 923 00af 03       		.uleb128 0x3
 924 00b0 08       		.uleb128 0x8
 925 00b1 3A       		.uleb128 0x3a
 926 00b2 0B       		.uleb128 0xb
 927 00b3 3B       		.uleb128 0x3b
 928 00b4 0B       		.uleb128 0xb
 929 00b5 49       		.uleb128 0x49
 930 00b6 13       		.uleb128 0x13
 931 00b7 02       		.uleb128 0x2
 932 00b8 06       		.uleb128 0x6
 933 00b9 00       		.byte	0
 934 00ba 00       		.byte	0
 935 00bb 0F       		.uleb128 0xf
 936 00bc 05       		.uleb128 0x5
 937 00bd 00       		.byte	0
 938 00be 03       		.uleb128 0x3
 939 00bf 0E       		.uleb128 0xe
 940 00c0 3A       		.uleb128 0x3a
 941 00c1 0B       		.uleb128 0xb
 942 00c2 3B       		.uleb128 0x3b
 943 00c3 0B       		.uleb128 0xb
 944 00c4 49       		.uleb128 0x49
 945 00c5 13       		.uleb128 0x13
 946 00c6 02       		.uleb128 0x2
 947 00c7 06       		.uleb128 0x6
 948 00c8 00       		.byte	0
 949 00c9 00       		.byte	0
 950 00ca 10       		.uleb128 0x10
 951 00cb 34       		.uleb128 0x34
 952 00cc 00       		.byte	0
 953 00cd 03       		.uleb128 0x3
 954 00ce 08       		.uleb128 0x8
 955 00cf 3A       		.uleb128 0x3a
 956 00d0 0B       		.uleb128 0xb
 957 00d1 3B       		.uleb128 0x3b
 958 00d2 0B       		.uleb128 0xb
 959 00d3 49       		.uleb128 0x49
 960 00d4 13       		.uleb128 0x13
 961 00d5 02       		.uleb128 0x2
 962 00d6 06       		.uleb128 0x6
 963 00d7 00       		.byte	0
 964 00d8 00       		.byte	0
 965 00d9 11       		.uleb128 0x11
 966 00da 2E       		.uleb128 0x2e
 967 00db 01       		.byte	0x1
 968 00dc 3F       		.uleb128 0x3f
ARM GAS  C:\Users\jenny\AppData\Local\Temp\ccQYWXMG.s 			page 18


 969 00dd 0C       		.uleb128 0xc
 970 00de 03       		.uleb128 0x3
 971 00df 0E       		.uleb128 0xe
 972 00e0 3A       		.uleb128 0x3a
 973 00e1 0B       		.uleb128 0xb
 974 00e2 3B       		.uleb128 0x3b
 975 00e3 0B       		.uleb128 0xb
 976 00e4 27       		.uleb128 0x27
 977 00e5 0C       		.uleb128 0xc
 978 00e6 11       		.uleb128 0x11
 979 00e7 01       		.uleb128 0x1
 980 00e8 12       		.uleb128 0x12
 981 00e9 01       		.uleb128 0x1
 982 00ea 40       		.uleb128 0x40
 983 00eb 06       		.uleb128 0x6
 984 00ec 9742     		.uleb128 0x2117
 985 00ee 0C       		.uleb128 0xc
 986 00ef 00       		.byte	0
 987 00f0 00       		.byte	0
 988 00f1 00       		.byte	0
 989              		.section	.debug_loc,"",%progbits
 990              	.Ldebug_loc0:
 991              	.LLST0:
 992 0000 00000000 		.4byte	.LFB7
 993 0004 02000000 		.4byte	.LCFI0
 994 0008 0200     		.2byte	0x2
 995 000a 7D       		.byte	0x7d
 996 000b 00       		.sleb128 0
 997 000c 02000000 		.4byte	.LCFI0
 998 0010 48000000 		.4byte	.LFE7
 999 0014 0200     		.2byte	0x2
 1000 0016 7D       		.byte	0x7d
 1001 0017 10       		.sleb128 16
 1002 0018 00000000 		.4byte	0
 1003 001c 00000000 		.4byte	0
 1004              	.LLST1:
 1005 0020 00000000 		.4byte	.LVL0
 1006 0024 2C000000 		.4byte	.LVL3
 1007 0028 0100     		.2byte	0x1
 1008 002a 50       		.byte	0x50
 1009 002b 2C000000 		.4byte	.LVL3
 1010 002f 48000000 		.4byte	.LFE7
 1011 0033 0400     		.2byte	0x4
 1012 0035 F3       		.byte	0xf3
 1013 0036 01       		.uleb128 0x1
 1014 0037 50       		.byte	0x50
 1015 0038 9F       		.byte	0x9f
 1016 0039 00000000 		.4byte	0
 1017 003d 00000000 		.4byte	0
 1018              	.LLST2:
 1019 0041 00000000 		.4byte	.LVL0
 1020 0045 32000000 		.4byte	.LVL4
 1021 0049 0100     		.2byte	0x1
 1022 004b 51       		.byte	0x51
 1023 004c 32000000 		.4byte	.LVL4
 1024 0050 48000000 		.4byte	.LFE7
 1025 0054 0400     		.2byte	0x4
ARM GAS  C:\Users\jenny\AppData\Local\Temp\ccQYWXMG.s 			page 19


 1026 0056 F3       		.byte	0xf3
 1027 0057 01       		.uleb128 0x1
 1028 0058 51       		.byte	0x51
 1029 0059 9F       		.byte	0x9f
 1030 005a 00000000 		.4byte	0
 1031 005e 00000000 		.4byte	0
 1032              	.LLST3:
 1033 0062 00000000 		.4byte	.LVL0
 1034 0066 18000000 		.4byte	.LVL1
 1035 006a 0700     		.2byte	0x7
 1036 006c 70       		.byte	0x70
 1037 006d 00       		.sleb128 0
 1038 006e 33       		.byte	0x33
 1039 006f 1A       		.byte	0x1a
 1040 0070 33       		.byte	0x33
 1041 0071 24       		.byte	0x24
 1042 0072 9F       		.byte	0x9f
 1043 0073 18000000 		.4byte	.LVL1
 1044 0077 28000000 		.4byte	.LVL2
 1045 007b 0100     		.2byte	0x1
 1046 007d 55       		.byte	0x55
 1047 007e 28000000 		.4byte	.LVL2
 1048 0082 2C000000 		.4byte	.LVL3
 1049 0086 0700     		.2byte	0x7
 1050 0088 70       		.byte	0x70
 1051 0089 00       		.sleb128 0
 1052 008a 33       		.byte	0x33
 1053 008b 1A       		.byte	0x1a
 1054 008c 33       		.byte	0x33
 1055 008d 24       		.byte	0x24
 1056 008e 9F       		.byte	0x9f
 1057 008f 2C000000 		.4byte	.LVL3
 1058 0093 48000000 		.4byte	.LFE7
 1059 0097 0800     		.2byte	0x8
 1060 0099 F3       		.byte	0xf3
 1061 009a 01       		.uleb128 0x1
 1062 009b 50       		.byte	0x50
 1063 009c 33       		.byte	0x33
 1064 009d 1A       		.byte	0x1a
 1065 009e 33       		.byte	0x33
 1066 009f 24       		.byte	0x24
 1067 00a0 9F       		.byte	0x9f
 1068 00a1 00000000 		.4byte	0
 1069 00a5 00000000 		.4byte	0
 1070              	.LLST4:
 1071 00a9 00000000 		.4byte	.LFB8
 1072 00ad 08000000 		.4byte	.LCFI1
 1073 00b1 0200     		.2byte	0x2
 1074 00b3 7D       		.byte	0x7d
 1075 00b4 00       		.sleb128 0
 1076 00b5 08000000 		.4byte	.LCFI1
 1077 00b9 3C000000 		.4byte	.LFE8
 1078 00bd 0200     		.2byte	0x2
 1079 00bf 7D       		.byte	0x7d
 1080 00c0 04       		.sleb128 4
 1081 00c1 00000000 		.4byte	0
 1082 00c5 00000000 		.4byte	0
ARM GAS  C:\Users\jenny\AppData\Local\Temp\ccQYWXMG.s 			page 20


 1083              	.LLST5:
 1084 00c9 00000000 		.4byte	.LVL5
 1085 00cd 24000000 		.4byte	.LVL6
 1086 00d1 0100     		.2byte	0x1
 1087 00d3 50       		.byte	0x50
 1088 00d4 24000000 		.4byte	.LVL6
 1089 00d8 3C000000 		.4byte	.LFE8
 1090 00dc 0400     		.2byte	0x4
 1091 00de F3       		.byte	0xf3
 1092 00df 01       		.uleb128 0x1
 1093 00e0 50       		.byte	0x50
 1094 00e1 9F       		.byte	0x9f
 1095 00e2 00000000 		.4byte	0
 1096 00e6 00000000 		.4byte	0
 1097              	.LLST6:
 1098 00ea 00000000 		.4byte	.LVL5
 1099 00ee 24000000 		.4byte	.LVL6
 1100 00f2 0700     		.2byte	0x7
 1101 00f4 70       		.byte	0x70
 1102 00f5 00       		.sleb128 0
 1103 00f6 33       		.byte	0x33
 1104 00f7 1A       		.byte	0x1a
 1105 00f8 33       		.byte	0x33
 1106 00f9 24       		.byte	0x24
 1107 00fa 9F       		.byte	0x9f
 1108 00fb 24000000 		.4byte	.LVL6
 1109 00ff 2A000000 		.4byte	.LVL7
 1110 0103 0800     		.2byte	0x8
 1111 0105 F3       		.byte	0xf3
 1112 0106 01       		.uleb128 0x1
 1113 0107 50       		.byte	0x50
 1114 0108 33       		.byte	0x33
 1115 0109 1A       		.byte	0x1a
 1116 010a 33       		.byte	0x33
 1117 010b 24       		.byte	0x24
 1118 010c 9F       		.byte	0x9f
 1119 010d 2A000000 		.4byte	.LVL7
 1120 0111 30000000 		.4byte	.LVL8
 1121 0115 0100     		.2byte	0x1
 1122 0117 50       		.byte	0x50
 1123 0118 30000000 		.4byte	.LVL8
 1124 011c 3C000000 		.4byte	.LFE8
 1125 0120 0800     		.2byte	0x8
 1126 0122 F3       		.byte	0xf3
 1127 0123 01       		.uleb128 0x1
 1128 0124 50       		.byte	0x50
 1129 0125 33       		.byte	0x33
 1130 0126 1A       		.byte	0x1a
 1131 0127 33       		.byte	0x33
 1132 0128 24       		.byte	0x24
 1133 0129 9F       		.byte	0x9f
 1134 012a 00000000 		.4byte	0
 1135 012e 00000000 		.4byte	0
 1136              	.LLST7:
 1137 0132 00000000 		.4byte	.LFB9
 1138 0136 12000000 		.4byte	.LCFI2
 1139 013a 0200     		.2byte	0x2
ARM GAS  C:\Users\jenny\AppData\Local\Temp\ccQYWXMG.s 			page 21


 1140 013c 7D       		.byte	0x7d
 1141 013d 00       		.sleb128 0
 1142 013e 12000000 		.4byte	.LCFI2
 1143 0142 30000000 		.4byte	.LFE9
 1144 0146 0200     		.2byte	0x2
 1145 0148 7D       		.byte	0x7d
 1146 0149 08       		.sleb128 8
 1147 014a 00000000 		.4byte	0
 1148 014e 00000000 		.4byte	0
 1149              	.LLST8:
 1150 0152 00000000 		.4byte	.LVL9
 1151 0156 10000000 		.4byte	.LVL10
 1152 015a 0100     		.2byte	0x1
 1153 015c 50       		.byte	0x50
 1154 015d 10000000 		.4byte	.LVL10
 1155 0161 30000000 		.4byte	.LFE9
 1156 0165 0400     		.2byte	0x4
 1157 0167 F3       		.byte	0xf3
 1158 0168 01       		.uleb128 0x1
 1159 0169 50       		.byte	0x50
 1160 016a 9F       		.byte	0x9f
 1161 016b 00000000 		.4byte	0
 1162 016f 00000000 		.4byte	0
 1163              	.LLST9:
 1164 0173 00000000 		.4byte	.LVL9
 1165 0177 26000000 		.4byte	.LVL12
 1166 017b 0100     		.2byte	0x1
 1167 017d 51       		.byte	0x51
 1168 017e 26000000 		.4byte	.LVL12
 1169 0182 30000000 		.4byte	.LFE9
 1170 0186 0400     		.2byte	0x4
 1171 0188 F3       		.byte	0xf3
 1172 0189 01       		.uleb128 0x1
 1173 018a 51       		.byte	0x51
 1174 018b 9F       		.byte	0x9f
 1175 018c 00000000 		.4byte	0
 1176 0190 00000000 		.4byte	0
 1177              	.LLST10:
 1178 0194 00000000 		.4byte	.LVL9
 1179 0198 10000000 		.4byte	.LVL10
 1180 019c 0700     		.2byte	0x7
 1181 019e 70       		.byte	0x70
 1182 019f 00       		.sleb128 0
 1183 01a0 33       		.byte	0x33
 1184 01a1 1A       		.byte	0x1a
 1185 01a2 33       		.byte	0x33
 1186 01a3 24       		.byte	0x24
 1187 01a4 9F       		.byte	0x9f
 1188 01a5 10000000 		.4byte	.LVL10
 1189 01a9 14000000 		.4byte	.LVL11
 1190 01ad 0800     		.2byte	0x8
 1191 01af F3       		.byte	0xf3
 1192 01b0 01       		.uleb128 0x1
 1193 01b1 50       		.byte	0x50
 1194 01b2 33       		.byte	0x33
 1195 01b3 1A       		.byte	0x1a
 1196 01b4 33       		.byte	0x33
ARM GAS  C:\Users\jenny\AppData\Local\Temp\ccQYWXMG.s 			page 22


 1197 01b5 24       		.byte	0x24
 1198 01b6 9F       		.byte	0x9f
 1199 01b7 14000000 		.4byte	.LVL11
 1200 01bb 30000000 		.4byte	.LFE9
 1201 01bf 0100     		.2byte	0x1
 1202 01c1 50       		.byte	0x50
 1203 01c2 00000000 		.4byte	0
 1204 01c6 00000000 		.4byte	0
 1205              		.section	.debug_aranges,"",%progbits
 1206 0000 2C000000 		.4byte	0x2c
 1207 0004 0200     		.2byte	0x2
 1208 0006 00000000 		.4byte	.Ldebug_info0
 1209 000a 04       		.byte	0x4
 1210 000b 00       		.byte	0
 1211 000c 0000     		.2byte	0
 1212 000e 0000     		.2byte	0
 1213 0010 00000000 		.4byte	.LFB7
 1214 0014 48000000 		.4byte	.LFE7-.LFB7
 1215 0018 00000000 		.4byte	.LFB8
 1216 001c 3C000000 		.4byte	.LFE8-.LFB8
 1217 0020 00000000 		.4byte	.LFB9
 1218 0024 30000000 		.4byte	.LFE9-.LFB9
 1219 0028 00000000 		.4byte	0
 1220 002c 00000000 		.4byte	0
 1221              		.section	.debug_ranges,"",%progbits
 1222              	.Ldebug_ranges0:
 1223 0000 00000000 		.4byte	.LFB7
 1224 0004 48000000 		.4byte	.LFE7
 1225 0008 00000000 		.4byte	.LFB8
 1226 000c 3C000000 		.4byte	.LFE8
 1227 0010 00000000 		.4byte	.LFB9
 1228 0014 30000000 		.4byte	.LFE9
 1229 0018 00000000 		.4byte	0
 1230 001c 00000000 		.4byte	0
 1231              		.section	.debug_line,"",%progbits
 1232              	.Ldebug_line0:
 1233 0000 FA000000 		.section	.debug_str,"MS",%progbits,1
 1233      0200A500 
 1233      00000201 
 1233      FB0E0D00 
 1233      01010101 
 1234              	.LASF42:
 1235 0000 7072696F 		.ascii	"prio\000"
 1235      00
 1236              	.LASF18:
 1237 0005 49435052 		.ascii	"ICPR\000"
 1237      00
 1238              	.LASF38:
 1239 000a 4D4D4652 		.ascii	"MMFR\000"
 1239      00
 1240              	.LASF47:
 1241 000f 2E2E2F2E 		.ascii	"../../os/ports/common/ARMCMx/nvic.c\000"
 1241      2E2F6F73 
 1241      2F706F72 
 1241      74732F63 
 1241      6F6D6D6F 
 1242              	.LASF44:
ARM GAS  C:\Users\jenny\AppData\Local\Temp\ccQYWXMG.s 			page 23


 1243 0033 6E766963 		.ascii	"nvicDisableVector\000"
 1243      44697361 
 1243      626C6556 
 1243      6563746F 
 1243      7200
 1244              	.LASF25:
 1245 0045 434D785F 		.ascii	"CMx_NVIC\000"
 1245      4E564943 
 1245      00
 1246              	.LASF28:
 1247 004e 56544F52 		.ascii	"VTOR\000"
 1247      00
 1248              	.LASF9:
 1249 0053 5F426F6F 		.ascii	"_Bool\000"
 1249      6C00
 1250              	.LASF14:
 1251 0059 49434552 		.ascii	"ICER\000"
 1251      00
 1252              	.LASF11:
 1253 005e 494F5245 		.ascii	"IOREG32\000"
 1253      47333200 
 1254              	.LASF48:
 1255 0066 443A5C6A 		.ascii	"D:\\jenny\\dev\\probe\\chibios\\chibios.workspace\\"
 1255      656E6E79 
 1255      5C646576 
 1255      5C70726F 
 1255      62655C63 
 1256 0093 64656D6F 		.ascii	"demos\\ARMCM4-STM32F407-LWIP-FATFS-USB\000"
 1256      735C4152 
 1256      4D434D34 
 1256      2D53544D 
 1256      33324634 
 1257              	.LASF2:
 1258 00b9 756E7369 		.ascii	"unsigned char\000"
 1258      676E6564 
 1258      20636861 
 1258      7200
 1259              	.LASF13:
 1260 00c7 756E7573 		.ascii	"unused1\000"
 1260      65643100 
 1261              	.LASF15:
 1262 00cf 756E7573 		.ascii	"unused2\000"
 1262      65643200 
 1263              	.LASF17:
 1264 00d7 756E7573 		.ascii	"unused3\000"
 1264      65643300 
 1265              	.LASF19:
 1266 00df 756E7573 		.ascii	"unused4\000"
 1266      65643400 
 1267              	.LASF21:
 1268 00e7 756E7573 		.ascii	"unused5\000"
 1268      65643500 
 1269              	.LASF22:
 1270 00ef 756E7573 		.ascii	"unused6\000"
 1270      65643600 
 1271              	.LASF4:
 1272 00f7 73686F72 		.ascii	"short unsigned int\000"
ARM GAS  C:\Users\jenny\AppData\Local\Temp\ccQYWXMG.s 			page 24


 1272      7420756E 
 1272      7369676E 
 1272      65642069 
 1272      6E7400
 1273              	.LASF32:
 1274 010a 43465352 		.ascii	"CFSR\000"
 1274      00
 1275              	.LASF46:
 1276 010f 474E5520 		.ascii	"GNU C 4.7.4 20130913 (release) [ARM/embedded-4_7-br"
 1276      4320342E 
 1276      372E3420 
 1276      32303133 
 1276      30393133 
 1277 0142 616E6368 		.ascii	"anch revision 202601]\000"
 1277      20726576 
 1277      6973696F 
 1277      6E203230 
 1277      32363031 
 1278              	.LASF33:
 1279 0158 48465352 		.ascii	"HFSR\000"
 1279      00
 1280              	.LASF6:
 1281 015d 6C6F6E67 		.ascii	"long unsigned int\000"
 1281      20756E73 
 1281      69676E65 
 1281      6420696E 
 1281      7400
 1282              	.LASF39:
 1283 016f 43504143 		.ascii	"CPACR\000"
 1283      5200
 1284              	.LASF23:
 1285 0175 53544952 		.ascii	"STIR\000"
 1285      00
 1286              	.LASF3:
 1287 017a 73686F72 		.ascii	"short int\000"
 1287      7420696E 
 1287      7400
 1288              	.LASF0:
 1289 0184 756E7369 		.ascii	"unsigned int\000"
 1289      676E6564 
 1289      20696E74 
 1289      00
 1290              	.LASF16:
 1291 0191 49535052 		.ascii	"ISPR\000"
 1291      00
 1292              	.LASF34:
 1293 0196 44465352 		.ascii	"DFSR\000"
 1293      00
 1294              	.LASF8:
 1295 019b 6C6F6E67 		.ascii	"long long unsigned int\000"
 1295      206C6F6E 
 1295      6720756E 
 1295      7369676E 
 1295      65642069 
 1296              	.LASF27:
 1297 01b2 49435352 		.ascii	"ICSR\000"
 1297      00
ARM GAS  C:\Users\jenny\AppData\Local\Temp\ccQYWXMG.s 			page 25


 1298              	.LASF40:
 1299 01b7 434D785F 		.ascii	"CMx_SCB\000"
 1299      53434200 
 1300              	.LASF29:
 1301 01bf 41495243 		.ascii	"AIRCR\000"
 1301      5200
 1302              	.LASF36:
 1303 01c5 42464152 		.ascii	"BFAR\000"
 1303      00
 1304              	.LASF45:
 1305 01ca 68616E64 		.ascii	"handler\000"
 1305      6C657200 
 1306              	.LASF24:
 1307 01d2 73697A65 		.ascii	"sizetype\000"
 1307      74797065 
 1307      00
 1308              	.LASF7:
 1309 01db 6C6F6E67 		.ascii	"long long int\000"
 1309      206C6F6E 
 1309      6720696E 
 1309      7400
 1310              	.LASF26:
 1311 01e9 43505549 		.ascii	"CPUID\000"
 1311      4400
 1312              	.LASF41:
 1313 01ef 63686172 		.ascii	"char\000"
 1313      00
 1314              	.LASF12:
 1315 01f4 49534552 		.ascii	"ISER\000"
 1315      00
 1316              	.LASF37:
 1317 01f9 41465352 		.ascii	"AFSR\000"
 1317      00
 1318              	.LASF35:
 1319 01fe 4D4D4641 		.ascii	"MMFAR\000"
 1319      5200
 1320              	.LASF31:
 1321 0204 53484353 		.ascii	"SHCSR\000"
 1321      5200
 1322              	.LASF10:
 1323 020a 75696E74 		.ascii	"uint32_t\000"
 1323      33325F74 
 1323      00
 1324              	.LASF5:
 1325 0213 6C6F6E67 		.ascii	"long int\000"
 1325      20696E74 
 1325      00
 1326              	.LASF30:
 1327 021c 53485052 		.ascii	"SHPR\000"
 1327      00
 1328              	.LASF1:
 1329 0221 7369676E 		.ascii	"signed char\000"
 1329      65642063 
 1329      68617200 
 1330              	.LASF49:
 1331 022d 6E766963 		.ascii	"nvicSetSystemHandlerPriority\000"
 1331      53657453 
ARM GAS  C:\Users\jenny\AppData\Local\Temp\ccQYWXMG.s 			page 26


 1331      79737465 
 1331      6D48616E 
 1331      646C6572 
 1332              	.LASF20:
 1333 024a 49414252 		.ascii	"IABR\000"
 1333      00
 1334              	.LASF43:
 1335 024f 6E766963 		.ascii	"nvicEnableVector\000"
 1335      456E6162 
 1335      6C655665 
 1335      63746F72 
 1335      00
 1336              		.ident	"GCC: (GNU Tools for ARM Embedded Processors) 4.7.4 20130913 (release) [ARM/embedded-4_7-br
ARM GAS  C:\Users\jenny\AppData\Local\Temp\ccQYWXMG.s 			page 27


DEFINED SYMBOLS
                            *ABS*:00000000 nvic.c
C:\Users\jenny\AppData\Local\Temp\ccQYWXMG.s:20     .text.nvicEnableVector:00000000 $t
C:\Users\jenny\AppData\Local\Temp\ccQYWXMG.s:26     .text.nvicEnableVector:00000000 nvicEnableVector
C:\Users\jenny\AppData\Local\Temp\ccQYWXMG.s:84     .text.nvicDisableVector:00000000 $t
C:\Users\jenny\AppData\Local\Temp\ccQYWXMG.s:90     .text.nvicDisableVector:00000000 nvicDisableVector
C:\Users\jenny\AppData\Local\Temp\ccQYWXMG.s:139    .text.nvicSetSystemHandlerPriority:00000000 $t
C:\Users\jenny\AppData\Local\Temp\ccQYWXMG.s:145    .text.nvicSetSystemHandlerPriority:00000000 nvicSetSystemHandlerPriority
                     .debug_frame:00000010 $d

NO UNDEFINED SYMBOLS
