ARM GAS  C:\Users\jenny\AppData\Local\Temp\ccQ0ghXu.s 			page 1


   1              		.syntax unified
   2              		.cpu cortex-m4
   3              		.eabi_attribute 27, 3
   4              		.fpu fpv4-sp-d16
   5              		.eabi_attribute 20, 1
   6              		.eabi_attribute 21, 1
   7              		.eabi_attribute 23, 3
   8              		.eabi_attribute 24, 1
   9              		.eabi_attribute 25, 1
  10              		.eabi_attribute 26, 1
  11              		.eabi_attribute 30, 2
  12              		.eabi_attribute 34, 1
  13              		.eabi_attribute 18, 4
  14              		.thumb
  15              		.file	"pal.c"
  16              		.text
  17              	.Ltext0:
  18              		.cfi_sections	.debug_frame
  19              		.section	.text.palReadBus,"ax",%progbits
  20              		.align	2
  21              		.p2align 4,,15
  22              		.global	palReadBus
  23              		.thumb
  24              		.thumb_func
  25              		.type	palReadBus, %function
  26              	palReadBus:
  27              	.LFB118:
  28              		.file 1 "../../os/hal/src/pal.c"
  29              		.loc 1 77 0
  30              		.cfi_startproc
  31              		@ args = 0, pretend = 0, frame = 0
  32              		@ frame_needed = 0, uses_anonymous_args = 0
  33              		@ link register save eliminated.
  34              	.LVL0:
  35              		.loc 1 82 0
  36 0000 0368     		ldr	r3, [r0, #0]
  37 0002 8268     		ldr	r2, [r0, #8]
  38 0004 1969     		ldr	r1, [r3, #16]
  39 0006 4368     		ldr	r3, [r0, #4]
  40 0008 21FA02F0 		lsr	r0, r1, r2
  41              	.LVL1:
  42              		.loc 1 83 0
  43 000c 1840     		ands	r0, r0, r3
  44 000e 7047     		bx	lr
  45              		.cfi_endproc
  46              	.LFE118:
  47              		.size	palReadBus, .-palReadBus
  48              		.section	.text.palWriteBus,"ax",%progbits
  49              		.align	2
  50              		.p2align 4,,15
  51              		.global	palWriteBus
  52              		.thumb
  53              		.thumb_func
  54              		.type	palWriteBus, %function
  55              	palWriteBus:
  56              	.LFB119:
  57              		.loc 1 103 0
ARM GAS  C:\Users\jenny\AppData\Local\Temp\ccQ0ghXu.s 			page 2


  58              		.cfi_startproc
  59              		@ args = 0, pretend = 0, frame = 0
  60              		@ frame_needed = 0, uses_anonymous_args = 0
  61              		@ link register save eliminated.
  62              	.LVL2:
  63              		.loc 1 108 0
  64 0000 0DC8     		ldmia	r0, {r0, r2, r3}
  65              	.LVL3:
  66              		.loc 1 103 0
  67 0002 30B4     		push	{r4, r5}
  68              	.LCFI0:
  69              		.cfi_def_cfa_offset 8
  70              		.cfi_offset 4, -8
  71              		.cfi_offset 5, -4
  72              		.loc 1 108 0
  73 0004 22EA0105 		bic	r5, r2, r1
  74 0008 03F11004 		add	r4, r3, #16
  75 000c 0A40     		ands	r2, r2, r1
  76 000e 05FA04F4 		lsl	r4, r5, r4
  77 0012 02FA03F3 		lsl	r3, r2, r3
  78 0016 44EA0301 		orr	r1, r4, r3
  79              	.LVL4:
  80 001a 8161     		str	r1, [r0, #24]
  81              		.loc 1 109 0
  82 001c 30BC     		pop	{r4, r5}
  83 001e 7047     		bx	lr
  84              		.cfi_endproc
  85              	.LFE119:
  86              		.size	palWriteBus, .-palWriteBus
  87              		.section	.text.palSetBusMode,"ax",%progbits
  88              		.align	2
  89              		.p2align 4,,15
  90              		.global	palSetBusMode
  91              		.thumb
  92              		.thumb_func
  93              		.type	palSetBusMode, %function
  94              	palSetBusMode:
  95              	.LFB120:
  96              		.loc 1 127 0
  97              		.cfi_startproc
  98              		@ args = 0, pretend = 0, frame = 0
  99              		@ frame_needed = 0, uses_anonymous_args = 0
 100              		@ link register save eliminated.
 101              	.LVL5:
 102              		.loc 1 127 0
 103 0000 0A46     		mov	r2, r1
 104              		.loc 1 132 0
 105 0002 0BC8     		ldmia	r0, {r0, r1, r3}
 106              	.LVL6:
 107 0004 01FA03F1 		lsl	r1, r1, r3
 108              		.loc 1 133 0
 109              		.loc 1 132 0
 110 0008 FFF7FEBF 		b	_pal_lld_setgroupmode
 111              	.LVL7:
 112              		.cfi_endproc
 113              	.LFE120:
 114              		.size	palSetBusMode, .-palSetBusMode
ARM GAS  C:\Users\jenny\AppData\Local\Temp\ccQ0ghXu.s 			page 3


 115 000c AFF30080 		.text
 116              	.Letext0:
 117              		.file 2 "c:\\fbin\\yagarto\\bin\\../lib/gcc/arm-none-eabi/4.7.4/../../../../arm-none-eabi/include/
 118              		.file 3 "../../os/hal/platforms/STM32/GPIOv2/pal_lld.h"
 119              		.file 4 "../../os/hal/include/pal.h"
 120              		.file 5 "../../os/ports/common/ARMCMx/CMSIS/include/core_cm4.h"
 121              		.section	.debug_info,"",%progbits
 122              	.Ldebug_info0:
 123 0000 E0020000 		.4byte	0x2e0
 124 0004 0200     		.2byte	0x2
 125 0006 00000000 		.4byte	.Ldebug_abbrev0
 126 000a 04       		.byte	0x4
 127 000b 01       		.uleb128 0x1
 128 000c D5000000 		.4byte	.LASF37
 129 0010 01       		.byte	0x1
 130 0011 87000000 		.4byte	.LASF38
 131 0015 46010000 		.4byte	.LASF39
 132 0019 00000000 		.4byte	.Ldebug_ranges0+0
 133 001d 00000000 		.4byte	0
 134 0021 00000000 		.4byte	0
 135 0025 00000000 		.4byte	.Ldebug_line0
 136 0029 02       		.uleb128 0x2
 137 002a 04       		.byte	0x4
 138 002b 05       		.byte	0x5
 139 002c 696E7400 		.ascii	"int\000"
 140 0030 03       		.uleb128 0x3
 141 0031 04       		.byte	0x4
 142 0032 07       		.byte	0x7
 143 0033 3A000000 		.4byte	.LASF0
 144 0037 03       		.uleb128 0x3
 145 0038 01       		.byte	0x1
 146 0039 06       		.byte	0x6
 147 003a 11020000 		.4byte	.LASF1
 148 003e 03       		.uleb128 0x3
 149 003f 01       		.byte	0x1
 150 0040 08       		.byte	0x8
 151 0041 79000000 		.4byte	.LASF2
 152 0045 03       		.uleb128 0x3
 153 0046 02       		.byte	0x2
 154 0047 05       		.byte	0x5
 155 0048 1E010000 		.4byte	.LASF3
 156 004c 04       		.uleb128 0x4
 157 004d F6010000 		.4byte	.LASF5
 158 0051 02       		.byte	0x2
 159 0052 36       		.byte	0x36
 160 0053 57000000 		.4byte	0x57
 161 0057 03       		.uleb128 0x3
 162 0058 02       		.byte	0x2
 163 0059 07       		.byte	0x7
 164 005a B0000000 		.4byte	.LASF4
 165 005e 04       		.uleb128 0x4
 166 005f B0010000 		.4byte	.LASF6
 167 0063 02       		.byte	0x2
 168 0064 4F       		.byte	0x4f
 169 0065 69000000 		.4byte	0x69
 170 0069 03       		.uleb128 0x3
 171 006a 04       		.byte	0x4
ARM GAS  C:\Users\jenny\AppData\Local\Temp\ccQ0ghXu.s 			page 4


 172 006b 05       		.byte	0x5
 173 006c 08020000 		.4byte	.LASF7
 174 0070 04       		.uleb128 0x4
 175 0071 FF010000 		.4byte	.LASF8
 176 0075 02       		.byte	0x2
 177 0076 50       		.byte	0x50
 178 0077 7B000000 		.4byte	0x7b
 179 007b 03       		.uleb128 0x3
 180 007c 04       		.byte	0x4
 181 007d 07       		.byte	0x7
 182 007e 9E000000 		.4byte	.LASF9
 183 0082 03       		.uleb128 0x3
 184 0083 08       		.byte	0x8
 185 0084 05       		.byte	0x5
 186 0085 C7010000 		.4byte	.LASF10
 187 0089 03       		.uleb128 0x3
 188 008a 08       		.byte	0x8
 189 008b 07       		.byte	0x7
 190 008c 23020000 		.4byte	.LASF11
 191 0090 04       		.uleb128 0x4
 192 0091 1C000000 		.4byte	.LASF12
 193 0095 02       		.byte	0x2
 194 0096 A0       		.byte	0xa0
 195 0097 30000000 		.4byte	0x30
 196 009b 03       		.uleb128 0x3
 197 009c 01       		.byte	0x1
 198 009d 02       		.byte	0x2
 199 009e 1D020000 		.4byte	.LASF13
 200 00a2 05       		.uleb128 0x5
 201 00a3 70000000 		.4byte	0x70
 202 00a7 03       		.uleb128 0x3
 203 00a8 04       		.byte	0x4
 204 00a9 07       		.byte	0x7
 205 00aa B8010000 		.4byte	.LASF14
 206 00ae 03       		.uleb128 0x3
 207 00af 01       		.byte	0x1
 208 00b0 08       		.byte	0x8
 209 00b1 A6010000 		.4byte	.LASF15
 210 00b5 05       		.uleb128 0x5
 211 00b6 5E000000 		.4byte	0x5e
 212 00ba 06       		.uleb128 0x6
 213 00bb 04       		.byte	0x4
 214 00bc 03       		.byte	0x3
 215 00bd 96       		.byte	0x96
 216 00be DF000000 		.4byte	0xdf
 217 00c2 07       		.uleb128 0x7
 218 00c3 73657400 		.ascii	"set\000"
 219 00c7 03       		.byte	0x3
 220 00c8 97       		.byte	0x97
 221 00c9 4C000000 		.4byte	0x4c
 222 00cd 02       		.byte	0x2
 223 00ce 23       		.byte	0x23
 224 00cf 00       		.uleb128 0
 225 00d0 08       		.uleb128 0x8
 226 00d1 05000000 		.4byte	.LASF16
 227 00d5 03       		.byte	0x3
 228 00d6 98       		.byte	0x98
ARM GAS  C:\Users\jenny\AppData\Local\Temp\ccQ0ghXu.s 			page 5


 229 00d7 4C000000 		.4byte	0x4c
 230 00db 02       		.byte	0x2
 231 00dc 23       		.byte	0x23
 232 00dd 02       		.uleb128 0x2
 233 00de 00       		.byte	0
 234 00df 09       		.uleb128 0x9
 235 00e0 04       		.byte	0x4
 236 00e1 03       		.byte	0x3
 237 00e2 94       		.byte	0x94
 238 00e3 FA000000 		.4byte	0xfa
 239 00e7 0A       		.uleb128 0xa
 240 00e8 5700     		.ascii	"W\000"
 241 00ea 03       		.byte	0x3
 242 00eb 95       		.byte	0x95
 243 00ec 70000000 		.4byte	0x70
 244 00f0 0A       		.uleb128 0xa
 245 00f1 4800     		.ascii	"H\000"
 246 00f3 03       		.byte	0x3
 247 00f4 99       		.byte	0x99
 248 00f5 BA000000 		.4byte	0xba
 249 00f9 00       		.byte	0
 250 00fa 06       		.uleb128 0x6
 251 00fb 28       		.byte	0x28
 252 00fc 03       		.byte	0x3
 253 00fd 8C       		.byte	0x8c
 254 00fe 8F010000 		.4byte	0x18f
 255 0102 08       		.uleb128 0x8
 256 0103 0B000000 		.4byte	.LASF17
 257 0107 03       		.byte	0x3
 258 0108 8E       		.byte	0x8e
 259 0109 A2000000 		.4byte	0xa2
 260 010d 02       		.byte	0x2
 261 010e 23       		.byte	0x23
 262 010f 00       		.uleb128 0
 263 0110 08       		.uleb128 0x8
 264 0111 69000000 		.4byte	.LASF18
 265 0115 03       		.byte	0x3
 266 0116 8F       		.byte	0x8f
 267 0117 A2000000 		.4byte	0xa2
 268 011b 02       		.byte	0x2
 269 011c 23       		.byte	0x23
 270 011d 04       		.uleb128 0x4
 271 011e 08       		.uleb128 0x8
 272 011f 28010000 		.4byte	.LASF19
 273 0123 03       		.byte	0x3
 274 0124 90       		.byte	0x90
 275 0125 A2000000 		.4byte	0xa2
 276 0129 02       		.byte	0x2
 277 012a 23       		.byte	0x23
 278 012b 08       		.uleb128 0x8
 279 012c 08       		.uleb128 0x8
 280 012d C1010000 		.4byte	.LASF20
 281 0131 03       		.byte	0x3
 282 0132 91       		.byte	0x91
 283 0133 A2000000 		.4byte	0xa2
 284 0137 02       		.byte	0x2
 285 0138 23       		.byte	0x23
ARM GAS  C:\Users\jenny\AppData\Local\Temp\ccQ0ghXu.s 			page 6


 286 0139 0C       		.uleb128 0xc
 287 013a 07       		.uleb128 0x7
 288 013b 49445200 		.ascii	"IDR\000"
 289 013f 03       		.byte	0x3
 290 0140 92       		.byte	0x92
 291 0141 A2000000 		.4byte	0xa2
 292 0145 02       		.byte	0x2
 293 0146 23       		.byte	0x23
 294 0147 10       		.uleb128 0x10
 295 0148 07       		.uleb128 0x7
 296 0149 4F445200 		.ascii	"ODR\000"
 297 014d 03       		.byte	0x3
 298 014e 93       		.byte	0x93
 299 014f A2000000 		.4byte	0xa2
 300 0153 02       		.byte	0x2
 301 0154 23       		.byte	0x23
 302 0155 14       		.uleb128 0x14
 303 0156 08       		.uleb128 0x8
 304 0157 29000000 		.4byte	.LASF21
 305 015b 03       		.byte	0x3
 306 015c 9A       		.byte	0x9a
 307 015d 8F010000 		.4byte	0x18f
 308 0161 02       		.byte	0x2
 309 0162 23       		.byte	0x23
 310 0163 18       		.uleb128 0x18
 311 0164 08       		.uleb128 0x8
 312 0165 00000000 		.4byte	.LASF22
 313 0169 03       		.byte	0x3
 314 016a 9B       		.byte	0x9b
 315 016b A2000000 		.4byte	0xa2
 316 016f 02       		.byte	0x2
 317 0170 23       		.byte	0x23
 318 0171 1C       		.uleb128 0x1c
 319 0172 08       		.uleb128 0x8
 320 0173 C3000000 		.4byte	.LASF23
 321 0177 03       		.byte	0x3
 322 0178 9C       		.byte	0x9c
 323 0179 A2000000 		.4byte	0xa2
 324 017d 02       		.byte	0x2
 325 017e 23       		.byte	0x23
 326 017f 20       		.uleb128 0x20
 327 0180 08       		.uleb128 0x8
 328 0181 E6010000 		.4byte	.LASF24
 329 0185 03       		.byte	0x3
 330 0186 9D       		.byte	0x9d
 331 0187 A2000000 		.4byte	0xa2
 332 018b 02       		.byte	0x2
 333 018c 23       		.byte	0x23
 334 018d 24       		.uleb128 0x24
 335 018e 00       		.byte	0
 336 018f 05       		.uleb128 0x5
 337 0190 DF000000 		.4byte	0xdf
 338 0194 04       		.uleb128 0x4
 339 0195 99010000 		.4byte	.LASF25
 340 0199 03       		.byte	0x3
 341 019a 9E       		.byte	0x9e
 342 019b FA000000 		.4byte	0xfa
ARM GAS  C:\Users\jenny\AppData\Local\Temp\ccQ0ghXu.s 			page 7


 343 019f 04       		.uleb128 0x4
 344 01a0 5C000000 		.4byte	.LASF26
 345 01a4 03       		.byte	0x3
 346 01a5 E8       		.byte	0xe8
 347 01a6 70000000 		.4byte	0x70
 348 01aa 04       		.uleb128 0x4
 349 01ab 70000000 		.4byte	.LASF27
 350 01af 03       		.byte	0x3
 351 01b0 ED       		.byte	0xed
 352 01b1 70000000 		.4byte	0x70
 353 01b5 04       		.uleb128 0x4
 354 01b6 EB010000 		.4byte	.LASF28
 355 01ba 03       		.byte	0x3
 356 01bb F5       		.byte	0xf5
 357 01bc C0010000 		.4byte	0x1c0
 358 01c0 0B       		.uleb128 0xb
 359 01c1 04       		.byte	0x4
 360 01c2 94010000 		.4byte	0x194
 361 01c6 06       		.uleb128 0x6
 362 01c7 0C       		.byte	0xc
 363 01c8 04       		.byte	0x4
 364 01c9 85       		.byte	0x85
 365 01ca F9010000 		.4byte	0x1f9
 366 01ce 08       		.uleb128 0x8
 367 01cf 55000000 		.4byte	.LASF29
 368 01d3 04       		.byte	0x4
 369 01d4 89       		.byte	0x89
 370 01d5 B5010000 		.4byte	0x1b5
 371 01d9 02       		.byte	0x2
 372 01da 23       		.byte	0x23
 373 01db 00       		.uleb128 0
 374 01dc 08       		.uleb128 0x8
 375 01dd D5010000 		.4byte	.LASF30
 376 01e1 04       		.byte	0x4
 377 01e2 8F       		.byte	0x8f
 378 01e3 9F010000 		.4byte	0x19f
 379 01e7 02       		.byte	0x2
 380 01e8 23       		.byte	0x23
 381 01e9 04       		.uleb128 0x4
 382 01ea 08       		.uleb128 0x8
 383 01eb DF010000 		.4byte	.LASF31
 384 01ef 04       		.byte	0x4
 385 01f0 93       		.byte	0x93
 386 01f1 90000000 		.4byte	0x90
 387 01f5 02       		.byte	0x2
 388 01f6 23       		.byte	0x23
 389 01f7 08       		.uleb128 0x8
 390 01f8 00       		.byte	0
 391 01f9 04       		.uleb128 0x4
 392 01fa 3A020000 		.4byte	.LASF32
 393 01fe 04       		.byte	0x4
 394 01ff 94       		.byte	0x94
 395 0200 C6010000 		.4byte	0x1c6
 396 0204 0C       		.uleb128 0xc
 397 0205 01       		.byte	0x1
 398 0206 11000000 		.4byte	.LASF40
 399 020a 01       		.byte	0x1
ARM GAS  C:\Users\jenny\AppData\Local\Temp\ccQ0ghXu.s 			page 8


 400 020b 4D       		.byte	0x4d
 401 020c 01       		.byte	0x1
 402 020d 9F010000 		.4byte	0x19f
 403 0211 00000000 		.4byte	.LFB118
 404 0215 10000000 		.4byte	.LFE118
 405 0219 02       		.byte	0x2
 406 021a 7D       		.byte	0x7d
 407 021b 00       		.sleb128 0
 408 021c 01       		.byte	0x1
 409 021d 31020000 		.4byte	0x231
 410 0221 0D       		.uleb128 0xd
 411 0222 62757300 		.ascii	"bus\000"
 412 0226 01       		.byte	0x1
 413 0227 4D       		.byte	0x4d
 414 0228 31020000 		.4byte	0x231
 415 022c 00000000 		.4byte	.LLST0
 416 0230 00       		.byte	0
 417 0231 0B       		.uleb128 0xb
 418 0232 04       		.byte	0x4
 419 0233 F9010000 		.4byte	0x1f9
 420 0237 0E       		.uleb128 0xe
 421 0238 01       		.byte	0x1
 422 0239 2E000000 		.4byte	.LASF34
 423 023d 01       		.byte	0x1
 424 023e 67       		.byte	0x67
 425 023f 01       		.byte	0x1
 426 0240 00000000 		.4byte	.LFB119
 427 0244 20000000 		.4byte	.LFE119
 428 0248 21000000 		.4byte	.LLST1
 429 024c 01       		.byte	0x1
 430 024d 70020000 		.4byte	0x270
 431 0251 0D       		.uleb128 0xd
 432 0252 62757300 		.ascii	"bus\000"
 433 0256 01       		.byte	0x1
 434 0257 67       		.byte	0x67
 435 0258 31020000 		.4byte	0x231
 436 025c 41000000 		.4byte	.LLST2
 437 0260 0F       		.uleb128 0xf
 438 0261 DA010000 		.4byte	.LASF33
 439 0265 01       		.byte	0x1
 440 0266 67       		.byte	0x67
 441 0267 9F010000 		.4byte	0x19f
 442 026b 62000000 		.4byte	.LLST3
 443 026f 00       		.byte	0
 444 0270 10       		.uleb128 0x10
 445 0271 01       		.byte	0x1
 446 0272 47000000 		.4byte	.LASF35
 447 0276 01       		.byte	0x1
 448 0277 7F       		.byte	0x7f
 449 0278 01       		.byte	0x1
 450 0279 00000000 		.4byte	.LFB120
 451 027d 0C000000 		.4byte	.LFE120
 452 0281 02       		.byte	0x2
 453 0282 7D       		.byte	0x7d
 454 0283 00       		.sleb128 0
 455 0284 01       		.byte	0x1
 456 0285 BA020000 		.4byte	0x2ba
ARM GAS  C:\Users\jenny\AppData\Local\Temp\ccQ0ghXu.s 			page 9


 457 0289 0D       		.uleb128 0xd
 458 028a 62757300 		.ascii	"bus\000"
 459 028e 01       		.byte	0x1
 460 028f 7F       		.byte	0x7f
 461 0290 31020000 		.4byte	0x231
 462 0294 83000000 		.4byte	.LLST4
 463 0298 0F       		.uleb128 0xf
 464 0299 AB010000 		.4byte	.LASF36
 465 029d 01       		.byte	0x1
 466 029e 7F       		.byte	0x7f
 467 029f AA010000 		.4byte	0x1aa
 468 02a3 A4000000 		.4byte	.LLST5
 469 02a7 11       		.uleb128 0x11
 470 02a8 0C000000 		.4byte	.LVL7
 471 02ac 01       		.byte	0x1
 472 02ad C8020000 		.4byte	0x2c8
 473 02b1 12       		.uleb128 0x12
 474 02b2 01       		.byte	0x1
 475 02b3 52       		.byte	0x52
 476 02b4 03       		.byte	0x3
 477 02b5 F3       		.byte	0xf3
 478 02b6 01       		.uleb128 0x1
 479 02b7 51       		.byte	0x51
 480 02b8 00       		.byte	0
 481 02b9 00       		.byte	0
 482 02ba 13       		.uleb128 0x13
 483 02bb C8000000 		.4byte	.LASF41
 484 02bf 05       		.byte	0x5
 485 02c0 9806     		.2byte	0x698
 486 02c2 B5000000 		.4byte	0xb5
 487 02c6 01       		.byte	0x1
 488 02c7 01       		.byte	0x1
 489 02c8 14       		.uleb128 0x14
 490 02c9 01       		.byte	0x1
 491 02ca 30010000 		.4byte	.LASF42
 492 02ce 03       		.byte	0x3
 493 02cf BA01     		.2byte	0x1ba
 494 02d1 01       		.byte	0x1
 495 02d2 01       		.byte	0x1
 496 02d3 15       		.uleb128 0x15
 497 02d4 B5010000 		.4byte	0x1b5
 498 02d8 15       		.uleb128 0x15
 499 02d9 9F010000 		.4byte	0x19f
 500 02dd 15       		.uleb128 0x15
 501 02de AA010000 		.4byte	0x1aa
 502 02e2 00       		.byte	0
 503 02e3 00       		.byte	0
 504              		.section	.debug_abbrev,"",%progbits
 505              	.Ldebug_abbrev0:
 506 0000 01       		.uleb128 0x1
 507 0001 11       		.uleb128 0x11
 508 0002 01       		.byte	0x1
 509 0003 25       		.uleb128 0x25
 510 0004 0E       		.uleb128 0xe
 511 0005 13       		.uleb128 0x13
 512 0006 0B       		.uleb128 0xb
 513 0007 03       		.uleb128 0x3
ARM GAS  C:\Users\jenny\AppData\Local\Temp\ccQ0ghXu.s 			page 10


 514 0008 0E       		.uleb128 0xe
 515 0009 1B       		.uleb128 0x1b
 516 000a 0E       		.uleb128 0xe
 517 000b 55       		.uleb128 0x55
 518 000c 06       		.uleb128 0x6
 519 000d 11       		.uleb128 0x11
 520 000e 01       		.uleb128 0x1
 521 000f 52       		.uleb128 0x52
 522 0010 01       		.uleb128 0x1
 523 0011 10       		.uleb128 0x10
 524 0012 06       		.uleb128 0x6
 525 0013 00       		.byte	0
 526 0014 00       		.byte	0
 527 0015 02       		.uleb128 0x2
 528 0016 24       		.uleb128 0x24
 529 0017 00       		.byte	0
 530 0018 0B       		.uleb128 0xb
 531 0019 0B       		.uleb128 0xb
 532 001a 3E       		.uleb128 0x3e
 533 001b 0B       		.uleb128 0xb
 534 001c 03       		.uleb128 0x3
 535 001d 08       		.uleb128 0x8
 536 001e 00       		.byte	0
 537 001f 00       		.byte	0
 538 0020 03       		.uleb128 0x3
 539 0021 24       		.uleb128 0x24
 540 0022 00       		.byte	0
 541 0023 0B       		.uleb128 0xb
 542 0024 0B       		.uleb128 0xb
 543 0025 3E       		.uleb128 0x3e
 544 0026 0B       		.uleb128 0xb
 545 0027 03       		.uleb128 0x3
 546 0028 0E       		.uleb128 0xe
 547 0029 00       		.byte	0
 548 002a 00       		.byte	0
 549 002b 04       		.uleb128 0x4
 550 002c 16       		.uleb128 0x16
 551 002d 00       		.byte	0
 552 002e 03       		.uleb128 0x3
 553 002f 0E       		.uleb128 0xe
 554 0030 3A       		.uleb128 0x3a
 555 0031 0B       		.uleb128 0xb
 556 0032 3B       		.uleb128 0x3b
 557 0033 0B       		.uleb128 0xb
 558 0034 49       		.uleb128 0x49
 559 0035 13       		.uleb128 0x13
 560 0036 00       		.byte	0
 561 0037 00       		.byte	0
 562 0038 05       		.uleb128 0x5
 563 0039 35       		.uleb128 0x35
 564 003a 00       		.byte	0
 565 003b 49       		.uleb128 0x49
 566 003c 13       		.uleb128 0x13
 567 003d 00       		.byte	0
 568 003e 00       		.byte	0
 569 003f 06       		.uleb128 0x6
 570 0040 13       		.uleb128 0x13
ARM GAS  C:\Users\jenny\AppData\Local\Temp\ccQ0ghXu.s 			page 11


 571 0041 01       		.byte	0x1
 572 0042 0B       		.uleb128 0xb
 573 0043 0B       		.uleb128 0xb
 574 0044 3A       		.uleb128 0x3a
 575 0045 0B       		.uleb128 0xb
 576 0046 3B       		.uleb128 0x3b
 577 0047 0B       		.uleb128 0xb
 578 0048 01       		.uleb128 0x1
 579 0049 13       		.uleb128 0x13
 580 004a 00       		.byte	0
 581 004b 00       		.byte	0
 582 004c 07       		.uleb128 0x7
 583 004d 0D       		.uleb128 0xd
 584 004e 00       		.byte	0
 585 004f 03       		.uleb128 0x3
 586 0050 08       		.uleb128 0x8
 587 0051 3A       		.uleb128 0x3a
 588 0052 0B       		.uleb128 0xb
 589 0053 3B       		.uleb128 0x3b
 590 0054 0B       		.uleb128 0xb
 591 0055 49       		.uleb128 0x49
 592 0056 13       		.uleb128 0x13
 593 0057 38       		.uleb128 0x38
 594 0058 0A       		.uleb128 0xa
 595 0059 00       		.byte	0
 596 005a 00       		.byte	0
 597 005b 08       		.uleb128 0x8
 598 005c 0D       		.uleb128 0xd
 599 005d 00       		.byte	0
 600 005e 03       		.uleb128 0x3
 601 005f 0E       		.uleb128 0xe
 602 0060 3A       		.uleb128 0x3a
 603 0061 0B       		.uleb128 0xb
 604 0062 3B       		.uleb128 0x3b
 605 0063 0B       		.uleb128 0xb
 606 0064 49       		.uleb128 0x49
 607 0065 13       		.uleb128 0x13
 608 0066 38       		.uleb128 0x38
 609 0067 0A       		.uleb128 0xa
 610 0068 00       		.byte	0
 611 0069 00       		.byte	0
 612 006a 09       		.uleb128 0x9
 613 006b 17       		.uleb128 0x17
 614 006c 01       		.byte	0x1
 615 006d 0B       		.uleb128 0xb
 616 006e 0B       		.uleb128 0xb
 617 006f 3A       		.uleb128 0x3a
 618 0070 0B       		.uleb128 0xb
 619 0071 3B       		.uleb128 0x3b
 620 0072 0B       		.uleb128 0xb
 621 0073 01       		.uleb128 0x1
 622 0074 13       		.uleb128 0x13
 623 0075 00       		.byte	0
 624 0076 00       		.byte	0
 625 0077 0A       		.uleb128 0xa
 626 0078 0D       		.uleb128 0xd
 627 0079 00       		.byte	0
ARM GAS  C:\Users\jenny\AppData\Local\Temp\ccQ0ghXu.s 			page 12


 628 007a 03       		.uleb128 0x3
 629 007b 08       		.uleb128 0x8
 630 007c 3A       		.uleb128 0x3a
 631 007d 0B       		.uleb128 0xb
 632 007e 3B       		.uleb128 0x3b
 633 007f 0B       		.uleb128 0xb
 634 0080 49       		.uleb128 0x49
 635 0081 13       		.uleb128 0x13
 636 0082 00       		.byte	0
 637 0083 00       		.byte	0
 638 0084 0B       		.uleb128 0xb
 639 0085 0F       		.uleb128 0xf
 640 0086 00       		.byte	0
 641 0087 0B       		.uleb128 0xb
 642 0088 0B       		.uleb128 0xb
 643 0089 49       		.uleb128 0x49
 644 008a 13       		.uleb128 0x13
 645 008b 00       		.byte	0
 646 008c 00       		.byte	0
 647 008d 0C       		.uleb128 0xc
 648 008e 2E       		.uleb128 0x2e
 649 008f 01       		.byte	0x1
 650 0090 3F       		.uleb128 0x3f
 651 0091 0C       		.uleb128 0xc
 652 0092 03       		.uleb128 0x3
 653 0093 0E       		.uleb128 0xe
 654 0094 3A       		.uleb128 0x3a
 655 0095 0B       		.uleb128 0xb
 656 0096 3B       		.uleb128 0x3b
 657 0097 0B       		.uleb128 0xb
 658 0098 27       		.uleb128 0x27
 659 0099 0C       		.uleb128 0xc
 660 009a 49       		.uleb128 0x49
 661 009b 13       		.uleb128 0x13
 662 009c 11       		.uleb128 0x11
 663 009d 01       		.uleb128 0x1
 664 009e 12       		.uleb128 0x12
 665 009f 01       		.uleb128 0x1
 666 00a0 40       		.uleb128 0x40
 667 00a1 0A       		.uleb128 0xa
 668 00a2 9742     		.uleb128 0x2117
 669 00a4 0C       		.uleb128 0xc
 670 00a5 01       		.uleb128 0x1
 671 00a6 13       		.uleb128 0x13
 672 00a7 00       		.byte	0
 673 00a8 00       		.byte	0
 674 00a9 0D       		.uleb128 0xd
 675 00aa 05       		.uleb128 0x5
 676 00ab 00       		.byte	0
 677 00ac 03       		.uleb128 0x3
 678 00ad 08       		.uleb128 0x8
 679 00ae 3A       		.uleb128 0x3a
 680 00af 0B       		.uleb128 0xb
 681 00b0 3B       		.uleb128 0x3b
 682 00b1 0B       		.uleb128 0xb
 683 00b2 49       		.uleb128 0x49
 684 00b3 13       		.uleb128 0x13
ARM GAS  C:\Users\jenny\AppData\Local\Temp\ccQ0ghXu.s 			page 13


 685 00b4 02       		.uleb128 0x2
 686 00b5 06       		.uleb128 0x6
 687 00b6 00       		.byte	0
 688 00b7 00       		.byte	0
 689 00b8 0E       		.uleb128 0xe
 690 00b9 2E       		.uleb128 0x2e
 691 00ba 01       		.byte	0x1
 692 00bb 3F       		.uleb128 0x3f
 693 00bc 0C       		.uleb128 0xc
 694 00bd 03       		.uleb128 0x3
 695 00be 0E       		.uleb128 0xe
 696 00bf 3A       		.uleb128 0x3a
 697 00c0 0B       		.uleb128 0xb
 698 00c1 3B       		.uleb128 0x3b
 699 00c2 0B       		.uleb128 0xb
 700 00c3 27       		.uleb128 0x27
 701 00c4 0C       		.uleb128 0xc
 702 00c5 11       		.uleb128 0x11
 703 00c6 01       		.uleb128 0x1
 704 00c7 12       		.uleb128 0x12
 705 00c8 01       		.uleb128 0x1
 706 00c9 40       		.uleb128 0x40
 707 00ca 06       		.uleb128 0x6
 708 00cb 9742     		.uleb128 0x2117
 709 00cd 0C       		.uleb128 0xc
 710 00ce 01       		.uleb128 0x1
 711 00cf 13       		.uleb128 0x13
 712 00d0 00       		.byte	0
 713 00d1 00       		.byte	0
 714 00d2 0F       		.uleb128 0xf
 715 00d3 05       		.uleb128 0x5
 716 00d4 00       		.byte	0
 717 00d5 03       		.uleb128 0x3
 718 00d6 0E       		.uleb128 0xe
 719 00d7 3A       		.uleb128 0x3a
 720 00d8 0B       		.uleb128 0xb
 721 00d9 3B       		.uleb128 0x3b
 722 00da 0B       		.uleb128 0xb
 723 00db 49       		.uleb128 0x49
 724 00dc 13       		.uleb128 0x13
 725 00dd 02       		.uleb128 0x2
 726 00de 06       		.uleb128 0x6
 727 00df 00       		.byte	0
 728 00e0 00       		.byte	0
 729 00e1 10       		.uleb128 0x10
 730 00e2 2E       		.uleb128 0x2e
 731 00e3 01       		.byte	0x1
 732 00e4 3F       		.uleb128 0x3f
 733 00e5 0C       		.uleb128 0xc
 734 00e6 03       		.uleb128 0x3
 735 00e7 0E       		.uleb128 0xe
 736 00e8 3A       		.uleb128 0x3a
 737 00e9 0B       		.uleb128 0xb
 738 00ea 3B       		.uleb128 0x3b
 739 00eb 0B       		.uleb128 0xb
 740 00ec 27       		.uleb128 0x27
 741 00ed 0C       		.uleb128 0xc
ARM GAS  C:\Users\jenny\AppData\Local\Temp\ccQ0ghXu.s 			page 14


 742 00ee 11       		.uleb128 0x11
 743 00ef 01       		.uleb128 0x1
 744 00f0 12       		.uleb128 0x12
 745 00f1 01       		.uleb128 0x1
 746 00f2 40       		.uleb128 0x40
 747 00f3 0A       		.uleb128 0xa
 748 00f4 9742     		.uleb128 0x2117
 749 00f6 0C       		.uleb128 0xc
 750 00f7 01       		.uleb128 0x1
 751 00f8 13       		.uleb128 0x13
 752 00f9 00       		.byte	0
 753 00fa 00       		.byte	0
 754 00fb 11       		.uleb128 0x11
 755 00fc 898201   		.uleb128 0x4109
 756 00ff 01       		.byte	0x1
 757 0100 11       		.uleb128 0x11
 758 0101 01       		.uleb128 0x1
 759 0102 9542     		.uleb128 0x2115
 760 0104 0C       		.uleb128 0xc
 761 0105 31       		.uleb128 0x31
 762 0106 13       		.uleb128 0x13
 763 0107 00       		.byte	0
 764 0108 00       		.byte	0
 765 0109 12       		.uleb128 0x12
 766 010a 8A8201   		.uleb128 0x410a
 767 010d 00       		.byte	0
 768 010e 02       		.uleb128 0x2
 769 010f 0A       		.uleb128 0xa
 770 0110 9142     		.uleb128 0x2111
 771 0112 0A       		.uleb128 0xa
 772 0113 00       		.byte	0
 773 0114 00       		.byte	0
 774 0115 13       		.uleb128 0x13
 775 0116 34       		.uleb128 0x34
 776 0117 00       		.byte	0
 777 0118 03       		.uleb128 0x3
 778 0119 0E       		.uleb128 0xe
 779 011a 3A       		.uleb128 0x3a
 780 011b 0B       		.uleb128 0xb
 781 011c 3B       		.uleb128 0x3b
 782 011d 05       		.uleb128 0x5
 783 011e 49       		.uleb128 0x49
 784 011f 13       		.uleb128 0x13
 785 0120 3F       		.uleb128 0x3f
 786 0121 0C       		.uleb128 0xc
 787 0122 3C       		.uleb128 0x3c
 788 0123 0C       		.uleb128 0xc
 789 0124 00       		.byte	0
 790 0125 00       		.byte	0
 791 0126 14       		.uleb128 0x14
 792 0127 2E       		.uleb128 0x2e
 793 0128 01       		.byte	0x1
 794 0129 3F       		.uleb128 0x3f
 795 012a 0C       		.uleb128 0xc
 796 012b 03       		.uleb128 0x3
 797 012c 0E       		.uleb128 0xe
 798 012d 3A       		.uleb128 0x3a
ARM GAS  C:\Users\jenny\AppData\Local\Temp\ccQ0ghXu.s 			page 15


 799 012e 0B       		.uleb128 0xb
 800 012f 3B       		.uleb128 0x3b
 801 0130 05       		.uleb128 0x5
 802 0131 27       		.uleb128 0x27
 803 0132 0C       		.uleb128 0xc
 804 0133 3C       		.uleb128 0x3c
 805 0134 0C       		.uleb128 0xc
 806 0135 00       		.byte	0
 807 0136 00       		.byte	0
 808 0137 15       		.uleb128 0x15
 809 0138 05       		.uleb128 0x5
 810 0139 00       		.byte	0
 811 013a 49       		.uleb128 0x49
 812 013b 13       		.uleb128 0x13
 813 013c 00       		.byte	0
 814 013d 00       		.byte	0
 815 013e 00       		.byte	0
 816              		.section	.debug_loc,"",%progbits
 817              	.Ldebug_loc0:
 818              	.LLST0:
 819 0000 00000000 		.4byte	.LVL0
 820 0004 0C000000 		.4byte	.LVL1
 821 0008 0100     		.2byte	0x1
 822 000a 50       		.byte	0x50
 823 000b 0C000000 		.4byte	.LVL1
 824 000f 10000000 		.4byte	.LFE118
 825 0013 0400     		.2byte	0x4
 826 0015 F3       		.byte	0xf3
 827 0016 01       		.uleb128 0x1
 828 0017 50       		.byte	0x50
 829 0018 9F       		.byte	0x9f
 830 0019 00000000 		.4byte	0
 831 001d 00000000 		.4byte	0
 832              	.LLST1:
 833 0021 00000000 		.4byte	.LFB119
 834 0025 04000000 		.4byte	.LCFI0
 835 0029 0200     		.2byte	0x2
 836 002b 7D       		.byte	0x7d
 837 002c 00       		.sleb128 0
 838 002d 04000000 		.4byte	.LCFI0
 839 0031 20000000 		.4byte	.LFE119
 840 0035 0200     		.2byte	0x2
 841 0037 7D       		.byte	0x7d
 842 0038 08       		.sleb128 8
 843 0039 00000000 		.4byte	0
 844 003d 00000000 		.4byte	0
 845              	.LLST2:
 846 0041 00000000 		.4byte	.LVL2
 847 0045 02000000 		.4byte	.LVL3
 848 0049 0100     		.2byte	0x1
 849 004b 50       		.byte	0x50
 850 004c 02000000 		.4byte	.LVL3
 851 0050 20000000 		.4byte	.LFE119
 852 0054 0400     		.2byte	0x4
 853 0056 F3       		.byte	0xf3
 854 0057 01       		.uleb128 0x1
 855 0058 50       		.byte	0x50
ARM GAS  C:\Users\jenny\AppData\Local\Temp\ccQ0ghXu.s 			page 16


 856 0059 9F       		.byte	0x9f
 857 005a 00000000 		.4byte	0
 858 005e 00000000 		.4byte	0
 859              	.LLST3:
 860 0062 00000000 		.4byte	.LVL2
 861 0066 1A000000 		.4byte	.LVL4
 862 006a 0100     		.2byte	0x1
 863 006c 51       		.byte	0x51
 864 006d 1A000000 		.4byte	.LVL4
 865 0071 20000000 		.4byte	.LFE119
 866 0075 0400     		.2byte	0x4
 867 0077 F3       		.byte	0xf3
 868 0078 01       		.uleb128 0x1
 869 0079 51       		.byte	0x51
 870 007a 9F       		.byte	0x9f
 871 007b 00000000 		.4byte	0
 872 007f 00000000 		.4byte	0
 873              	.LLST4:
 874 0083 00000000 		.4byte	.LVL5
 875 0087 04000000 		.4byte	.LVL6
 876 008b 0100     		.2byte	0x1
 877 008d 50       		.byte	0x50
 878 008e 04000000 		.4byte	.LVL6
 879 0092 0C000000 		.4byte	.LFE120
 880 0096 0400     		.2byte	0x4
 881 0098 F3       		.byte	0xf3
 882 0099 01       		.uleb128 0x1
 883 009a 50       		.byte	0x50
 884 009b 9F       		.byte	0x9f
 885 009c 00000000 		.4byte	0
 886 00a0 00000000 		.4byte	0
 887              	.LLST5:
 888 00a4 00000000 		.4byte	.LVL5
 889 00a8 04000000 		.4byte	.LVL6
 890 00ac 0100     		.2byte	0x1
 891 00ae 51       		.byte	0x51
 892 00af 04000000 		.4byte	.LVL6
 893 00b3 0B000000 		.4byte	.LVL7-1
 894 00b7 0100     		.2byte	0x1
 895 00b9 52       		.byte	0x52
 896 00ba 0B000000 		.4byte	.LVL7-1
 897 00be 0C000000 		.4byte	.LFE120
 898 00c2 0400     		.2byte	0x4
 899 00c4 F3       		.byte	0xf3
 900 00c5 01       		.uleb128 0x1
 901 00c6 51       		.byte	0x51
 902 00c7 9F       		.byte	0x9f
 903 00c8 00000000 		.4byte	0
 904 00cc 00000000 		.4byte	0
 905              		.section	.debug_aranges,"",%progbits
 906 0000 2C000000 		.4byte	0x2c
 907 0004 0200     		.2byte	0x2
 908 0006 00000000 		.4byte	.Ldebug_info0
 909 000a 04       		.byte	0x4
 910 000b 00       		.byte	0
 911 000c 0000     		.2byte	0
 912 000e 0000     		.2byte	0
ARM GAS  C:\Users\jenny\AppData\Local\Temp\ccQ0ghXu.s 			page 17


 913 0010 00000000 		.4byte	.LFB118
 914 0014 10000000 		.4byte	.LFE118-.LFB118
 915 0018 00000000 		.4byte	.LFB119
 916 001c 20000000 		.4byte	.LFE119-.LFB119
 917 0020 00000000 		.4byte	.LFB120
 918 0024 0C000000 		.4byte	.LFE120-.LFB120
 919 0028 00000000 		.4byte	0
 920 002c 00000000 		.4byte	0
 921              		.section	.debug_ranges,"",%progbits
 922              	.Ldebug_ranges0:
 923 0000 00000000 		.4byte	.LFB118
 924 0004 10000000 		.4byte	.LFE118
 925 0008 00000000 		.4byte	.LFB119
 926 000c 20000000 		.4byte	.LFE119
 927 0010 00000000 		.4byte	.LFB120
 928 0014 0C000000 		.4byte	.LFE120
 929 0018 00000000 		.4byte	0
 930 001c 00000000 		.4byte	0
 931              		.section	.debug_line,"",%progbits
 932              	.Ldebug_line0:
 933 0000 56010000 		.section	.debug_str,"MS",%progbits,1
 933      02001601 
 933      00000201 
 933      FB0E0D00 
 933      01010101 
 934              	.LASF22:
 935 0000 4C434B52 		.ascii	"LCKR\000"
 935      00
 936              	.LASF16:
 937 0005 636C6561 		.ascii	"clear\000"
 937      7200
 938              	.LASF17:
 939 000b 4D4F4445 		.ascii	"MODER\000"
 939      5200
 940              	.LASF40:
 941 0011 70616C52 		.ascii	"palReadBus\000"
 941      65616442 
 941      757300
 942              	.LASF12:
 943 001c 75696E74 		.ascii	"uint_fast8_t\000"
 943      5F666173 
 943      74385F74 
 943      00
 944              	.LASF21:
 945 0029 42535252 		.ascii	"BSRR\000"
 945      00
 946              	.LASF34:
 947 002e 70616C57 		.ascii	"palWriteBus\000"
 947      72697465 
 947      42757300 
 948              	.LASF0:
 949 003a 756E7369 		.ascii	"unsigned int\000"
 949      676E6564 
 949      20696E74 
 949      00
 950              	.LASF35:
 951 0047 70616C53 		.ascii	"palSetBusMode\000"
ARM GAS  C:\Users\jenny\AppData\Local\Temp\ccQ0ghXu.s 			page 18


 951      65744275 
 951      734D6F64 
 951      6500
 952              	.LASF29:
 953 0055 706F7274 		.ascii	"portid\000"
 953      696400
 954              	.LASF26:
 955 005c 696F706F 		.ascii	"ioportmask_t\000"
 955      72746D61 
 955      736B5F74 
 955      00
 956              	.LASF18:
 957 0069 4F545950 		.ascii	"OTYPER\000"
 957      455200
 958              	.LASF27:
 959 0070 696F6D6F 		.ascii	"iomode_t\000"
 959      64655F74 
 959      00
 960              	.LASF2:
 961 0079 756E7369 		.ascii	"unsigned char\000"
 961      676E6564 
 961      20636861 
 961      7200
 962              	.LASF38:
 963 0087 2E2E2F2E 		.ascii	"../../os/hal/src/pal.c\000"
 963      2E2F6F73 
 963      2F68616C 
 963      2F737263 
 963      2F70616C 
 964              	.LASF9:
 965 009e 6C6F6E67 		.ascii	"long unsigned int\000"
 965      20756E73 
 965      69676E65 
 965      6420696E 
 965      7400
 966              	.LASF4:
 967 00b0 73686F72 		.ascii	"short unsigned int\000"
 967      7420756E 
 967      7369676E 
 967      65642069 
 967      6E7400
 968              	.LASF23:
 969 00c3 4146524C 		.ascii	"AFRL\000"
 969      00
 970              	.LASF41:
 971 00c8 49544D5F 		.ascii	"ITM_RxBuffer\000"
 971      52784275 
 971      66666572 
 971      00
 972              	.LASF37:
 973 00d5 474E5520 		.ascii	"GNU C 4.7.4 20130913 (release) [ARM/embedded-4_7-br"
 973      4320342E 
 973      372E3420 
 973      32303133 
 973      30393133 
 974 0108 616E6368 		.ascii	"anch revision 202601]\000"
 974      20726576 
ARM GAS  C:\Users\jenny\AppData\Local\Temp\ccQ0ghXu.s 			page 19


 974      6973696F 
 974      6E203230 
 974      32363031 
 975              	.LASF3:
 976 011e 73686F72 		.ascii	"short int\000"
 976      7420696E 
 976      7400
 977              	.LASF19:
 978 0128 4F535045 		.ascii	"OSPEEDR\000"
 978      45445200 
 979              	.LASF42:
 980 0130 5F70616C 		.ascii	"_pal_lld_setgroupmode\000"
 980      5F6C6C64 
 980      5F736574 
 980      67726F75 
 980      706D6F64 
 981              	.LASF39:
 982 0146 443A5C6A 		.ascii	"D:\\jenny\\dev\\probe\\chibios\\chibios.workspace\\"
 982      656E6E79 
 982      5C646576 
 982      5C70726F 
 982      62655C63 
 983 0173 64656D6F 		.ascii	"demos\\ARMCM4-STM32F407-LWIP-FATFS-USB\000"
 983      735C4152 
 983      4D434D34 
 983      2D53544D 
 983      33324634 
 984              	.LASF25:
 985 0199 4750494F 		.ascii	"GPIO_TypeDef\000"
 985      5F547970 
 985      65446566 
 985      00
 986              	.LASF15:
 987 01a6 63686172 		.ascii	"char\000"
 987      00
 988              	.LASF36:
 989 01ab 6D6F6465 		.ascii	"mode\000"
 989      00
 990              	.LASF6:
 991 01b0 696E7433 		.ascii	"int32_t\000"
 991      325F7400 
 992              	.LASF14:
 993 01b8 73697A65 		.ascii	"sizetype\000"
 993      74797065 
 993      00
 994              	.LASF20:
 995 01c1 50555044 		.ascii	"PUPDR\000"
 995      5200
 996              	.LASF10:
 997 01c7 6C6F6E67 		.ascii	"long long int\000"
 997      206C6F6E 
 997      6720696E 
 997      7400
 998              	.LASF30:
 999 01d5 6D61736B 		.ascii	"mask\000"
 999      00
 1000              	.LASF33:
ARM GAS  C:\Users\jenny\AppData\Local\Temp\ccQ0ghXu.s 			page 20


 1001 01da 62697473 		.ascii	"bits\000"
 1001      00
 1002              	.LASF31:
 1003 01df 6F666673 		.ascii	"offset\000"
 1003      657400
 1004              	.LASF24:
 1005 01e6 41465248 		.ascii	"AFRH\000"
 1005      00
 1006              	.LASF28:
 1007 01eb 696F706F 		.ascii	"ioportid_t\000"
 1007      72746964 
 1007      5F7400
 1008              	.LASF5:
 1009 01f6 75696E74 		.ascii	"uint16_t\000"
 1009      31365F74 
 1009      00
 1010              	.LASF8:
 1011 01ff 75696E74 		.ascii	"uint32_t\000"
 1011      33325F74 
 1011      00
 1012              	.LASF7:
 1013 0208 6C6F6E67 		.ascii	"long int\000"
 1013      20696E74 
 1013      00
 1014              	.LASF1:
 1015 0211 7369676E 		.ascii	"signed char\000"
 1015      65642063 
 1015      68617200 
 1016              	.LASF13:
 1017 021d 5F426F6F 		.ascii	"_Bool\000"
 1017      6C00
 1018              	.LASF11:
 1019 0223 6C6F6E67 		.ascii	"long long unsigned int\000"
 1019      206C6F6E 
 1019      6720756E 
 1019      7369676E 
 1019      65642069 
 1020              	.LASF32:
 1021 023a 494F4275 		.ascii	"IOBus\000"
 1021      7300
 1022              		.ident	"GCC: (GNU Tools for ARM Embedded Processors) 4.7.4 20130913 (release) [ARM/embedded-4_7-br
ARM GAS  C:\Users\jenny\AppData\Local\Temp\ccQ0ghXu.s 			page 21


DEFINED SYMBOLS
                            *ABS*:00000000 pal.c
C:\Users\jenny\AppData\Local\Temp\ccQ0ghXu.s:20     .text.palReadBus:00000000 $t
C:\Users\jenny\AppData\Local\Temp\ccQ0ghXu.s:26     .text.palReadBus:00000000 palReadBus
C:\Users\jenny\AppData\Local\Temp\ccQ0ghXu.s:49     .text.palWriteBus:00000000 $t
C:\Users\jenny\AppData\Local\Temp\ccQ0ghXu.s:55     .text.palWriteBus:00000000 palWriteBus
C:\Users\jenny\AppData\Local\Temp\ccQ0ghXu.s:88     .text.palSetBusMode:00000000 $t
C:\Users\jenny\AppData\Local\Temp\ccQ0ghXu.s:94     .text.palSetBusMode:00000000 palSetBusMode
                     .debug_frame:00000010 $d

UNDEFINED SYMBOLS
_pal_lld_setgroupmode
