ARM GAS  C:\Users\jenny\AppData\Local\Temp\cceeuVgt.s 			page 1


   1              		.syntax unified
   2              		.cpu cortex-m4
   3              		.eabi_attribute 27, 3
   4              		.fpu fpv4-sp-d16
   5              		.eabi_attribute 20, 1
   6              		.eabi_attribute 21, 1
   7              		.eabi_attribute 23, 3
   8              		.eabi_attribute 24, 1
   9              		.eabi_attribute 25, 1
  10              		.eabi_attribute 26, 1
  11              		.eabi_attribute 30, 2
  12              		.eabi_attribute 34, 1
  13              		.eabi_attribute 18, 4
  14              		.thumb
  15              		.file	"rtc_lld.c"
  16              		.text
  17              	.Ltext0:
  18              		.cfi_sections	.debug_frame
  19              	.Letext0:
  20              		.file 1 "c:\\fbin\\yagarto\\bin\\../lib/gcc/arm-none-eabi/4.7.4/../../../../arm-none-eabi/include/
  21              		.file 2 "../../os/ports/common/ARMCMx/CMSIS/include/core_cm4.h"
  22              		.section	.debug_info,"",%progbits
  23              	.Ldebug_info0:
  24 0000 93000000 		.4byte	0x93
  25 0004 0200     		.2byte	0x2
  26 0006 00000000 		.4byte	.Ldebug_abbrev0
  27 000a 04       		.byte	0x4
  28 000b 01       		.uleb128 0x1
  29 000c 1C010000 		.4byte	.LASF12
  30 0010 01       		.byte	0x1
  31 0011 EF000000 		.4byte	.LASF13
  32 0015 83000000 		.4byte	.LASF14
  33 0019 00000000 		.4byte	.Ldebug_line0
  34 001d 02       		.uleb128 0x2
  35 001e 04       		.byte	0x4
  36 001f 05       		.byte	0x5
  37 0020 696E7400 		.ascii	"int\000"
  38 0024 03       		.uleb128 0x3
  39 0025 04       		.byte	0x4
  40 0026 07       		.byte	0x7
  41 0027 21000000 		.4byte	.LASF0
  42 002b 03       		.uleb128 0x3
  43 002c 01       		.byte	0x1
  44 002d 06       		.byte	0x6
  45 002e E3000000 		.4byte	.LASF1
  46 0032 03       		.uleb128 0x3
  47 0033 01       		.byte	0x1
  48 0034 08       		.byte	0x8
  49 0035 57000000 		.4byte	.LASF2
  50 0039 03       		.uleb128 0x3
  51 003a 02       		.byte	0x2
  52 003b 05       		.byte	0x5
  53 003c 73000000 		.4byte	.LASF3
  54 0040 03       		.uleb128 0x3
  55 0041 02       		.byte	0x2
  56 0042 07       		.byte	0x7
  57 0043 0E000000 		.4byte	.LASF4
ARM GAS  C:\Users\jenny\AppData\Local\Temp\cceeuVgt.s 			page 2


  58 0047 04       		.uleb128 0x4
  59 0048 65010000 		.4byte	.LASF15
  60 004c 01       		.byte	0x1
  61 004d 4F       		.byte	0x4f
  62 004e 52000000 		.4byte	0x52
  63 0052 03       		.uleb128 0x3
  64 0053 04       		.byte	0x4
  65 0054 05       		.byte	0x5
  66 0055 6A000000 		.4byte	.LASF5
  67 0059 03       		.uleb128 0x3
  68 005a 04       		.byte	0x4
  69 005b 07       		.byte	0x7
  70 005c 2E000000 		.4byte	.LASF6
  71 0060 03       		.uleb128 0x3
  72 0061 08       		.byte	0x8
  73 0062 05       		.byte	0x5
  74 0063 00000000 		.4byte	.LASF7
  75 0067 03       		.uleb128 0x3
  76 0068 08       		.byte	0x8
  77 0069 07       		.byte	0x7
  78 006a 40000000 		.4byte	.LASF8
  79 006e 03       		.uleb128 0x3
  80 006f 01       		.byte	0x1
  81 0070 02       		.byte	0x2
  82 0071 7D000000 		.4byte	.LASF9
  83 0075 03       		.uleb128 0x3
  84 0076 04       		.byte	0x4
  85 0077 07       		.byte	0x7
  86 0078 6D010000 		.4byte	.LASF10
  87 007c 03       		.uleb128 0x3
  88 007d 01       		.byte	0x1
  89 007e 08       		.byte	0x8
  90 007f 65000000 		.4byte	.LASF11
  91 0083 05       		.uleb128 0x5
  92 0084 47000000 		.4byte	0x47
  93 0088 06       		.uleb128 0x6
  94 0089 D6000000 		.4byte	.LASF16
  95 008d 02       		.byte	0x2
  96 008e 9806     		.2byte	0x698
  97 0090 83000000 		.4byte	0x83
  98 0094 01       		.byte	0x1
  99 0095 01       		.byte	0x1
 100 0096 00       		.byte	0
 101              		.section	.debug_abbrev,"",%progbits
 102              	.Ldebug_abbrev0:
 103 0000 01       		.uleb128 0x1
 104 0001 11       		.uleb128 0x11
 105 0002 01       		.byte	0x1
 106 0003 25       		.uleb128 0x25
 107 0004 0E       		.uleb128 0xe
 108 0005 13       		.uleb128 0x13
 109 0006 0B       		.uleb128 0xb
 110 0007 03       		.uleb128 0x3
 111 0008 0E       		.uleb128 0xe
 112 0009 1B       		.uleb128 0x1b
 113 000a 0E       		.uleb128 0xe
 114 000b 10       		.uleb128 0x10
ARM GAS  C:\Users\jenny\AppData\Local\Temp\cceeuVgt.s 			page 3


 115 000c 06       		.uleb128 0x6
 116 000d 00       		.byte	0
 117 000e 00       		.byte	0
 118 000f 02       		.uleb128 0x2
 119 0010 24       		.uleb128 0x24
 120 0011 00       		.byte	0
 121 0012 0B       		.uleb128 0xb
 122 0013 0B       		.uleb128 0xb
 123 0014 3E       		.uleb128 0x3e
 124 0015 0B       		.uleb128 0xb
 125 0016 03       		.uleb128 0x3
 126 0017 08       		.uleb128 0x8
 127 0018 00       		.byte	0
 128 0019 00       		.byte	0
 129 001a 03       		.uleb128 0x3
 130 001b 24       		.uleb128 0x24
 131 001c 00       		.byte	0
 132 001d 0B       		.uleb128 0xb
 133 001e 0B       		.uleb128 0xb
 134 001f 3E       		.uleb128 0x3e
 135 0020 0B       		.uleb128 0xb
 136 0021 03       		.uleb128 0x3
 137 0022 0E       		.uleb128 0xe
 138 0023 00       		.byte	0
 139 0024 00       		.byte	0
 140 0025 04       		.uleb128 0x4
 141 0026 16       		.uleb128 0x16
 142 0027 00       		.byte	0
 143 0028 03       		.uleb128 0x3
 144 0029 0E       		.uleb128 0xe
 145 002a 3A       		.uleb128 0x3a
 146 002b 0B       		.uleb128 0xb
 147 002c 3B       		.uleb128 0x3b
 148 002d 0B       		.uleb128 0xb
 149 002e 49       		.uleb128 0x49
 150 002f 13       		.uleb128 0x13
 151 0030 00       		.byte	0
 152 0031 00       		.byte	0
 153 0032 05       		.uleb128 0x5
 154 0033 35       		.uleb128 0x35
 155 0034 00       		.byte	0
 156 0035 49       		.uleb128 0x49
 157 0036 13       		.uleb128 0x13
 158 0037 00       		.byte	0
 159 0038 00       		.byte	0
 160 0039 06       		.uleb128 0x6
 161 003a 34       		.uleb128 0x34
 162 003b 00       		.byte	0
 163 003c 03       		.uleb128 0x3
 164 003d 0E       		.uleb128 0xe
 165 003e 3A       		.uleb128 0x3a
 166 003f 0B       		.uleb128 0xb
 167 0040 3B       		.uleb128 0x3b
 168 0041 05       		.uleb128 0x5
 169 0042 49       		.uleb128 0x49
 170 0043 13       		.uleb128 0x13
 171 0044 3F       		.uleb128 0x3f
ARM GAS  C:\Users\jenny\AppData\Local\Temp\cceeuVgt.s 			page 4


 172 0045 0C       		.uleb128 0xc
 173 0046 3C       		.uleb128 0x3c
 174 0047 0C       		.uleb128 0xc
 175 0048 00       		.byte	0
 176 0049 00       		.byte	0
 177 004a 00       		.byte	0
 178              		.section	.debug_aranges,"",%progbits
 179 0000 14000000 		.4byte	0x14
 180 0004 0200     		.2byte	0x2
 181 0006 00000000 		.4byte	.Ldebug_info0
 182 000a 04       		.byte	0x4
 183 000b 00       		.byte	0
 184 000c 0000     		.2byte	0
 185 000e 0000     		.2byte	0
 186 0010 00000000 		.4byte	0
 187 0014 00000000 		.4byte	0
 188              		.section	.debug_line,"",%progbits
 189              	.Ldebug_line0:
 190 0000 B3000000 		.section	.debug_str,"MS",%progbits,1
 190      0200AD00 
 190      00000201 
 190      FB0E0D00 
 190      01010101 
 191              	.LASF7:
 192 0000 6C6F6E67 		.ascii	"long long int\000"
 192      206C6F6E 
 192      6720696E 
 192      7400
 193              	.LASF4:
 194 000e 73686F72 		.ascii	"short unsigned int\000"
 194      7420756E 
 194      7369676E 
 194      65642069 
 194      6E7400
 195              	.LASF0:
 196 0021 756E7369 		.ascii	"unsigned int\000"
 196      676E6564 
 196      20696E74 
 196      00
 197              	.LASF6:
 198 002e 6C6F6E67 		.ascii	"long unsigned int\000"
 198      20756E73 
 198      69676E65 
 198      6420696E 
 198      7400
 199              	.LASF8:
 200 0040 6C6F6E67 		.ascii	"long long unsigned int\000"
 200      206C6F6E 
 200      6720756E 
 200      7369676E 
 200      65642069 
 201              	.LASF2:
 202 0057 756E7369 		.ascii	"unsigned char\000"
 202      676E6564 
 202      20636861 
 202      7200
 203              	.LASF11:
ARM GAS  C:\Users\jenny\AppData\Local\Temp\cceeuVgt.s 			page 5


 204 0065 63686172 		.ascii	"char\000"
 204      00
 205              	.LASF5:
 206 006a 6C6F6E67 		.ascii	"long int\000"
 206      20696E74 
 206      00
 207              	.LASF3:
 208 0073 73686F72 		.ascii	"short int\000"
 208      7420696E 
 208      7400
 209              	.LASF9:
 210 007d 5F426F6F 		.ascii	"_Bool\000"
 210      6C00
 211              	.LASF14:
 212 0083 443A5C6A 		.ascii	"D:\\jenny\\dev\\probe\\chibios\\chibios.workspace\\"
 212      656E6E79 
 212      5C646576 
 212      5C70726F 
 212      62655C63 
 213 00b0 64656D6F 		.ascii	"demos\\ARMCM4-STM32F407-LWIP-FATFS-USB\000"
 213      735C4152 
 213      4D434D34 
 213      2D53544D 
 213      33324634 
 214              	.LASF16:
 215 00d6 49544D5F 		.ascii	"ITM_RxBuffer\000"
 215      52784275 
 215      66666572 
 215      00
 216              	.LASF1:
 217 00e3 7369676E 		.ascii	"signed char\000"
 217      65642063 
 217      68617200 
 218              	.LASF13:
 219 00ef 2E2E2F2E 		.ascii	"../../os/hal/platforms/STM32/RTCv2/rtc_lld.c\000"
 219      2E2F6F73 
 219      2F68616C 
 219      2F706C61 
 219      74666F72 
 220              	.LASF12:
 221 011c 474E5520 		.ascii	"GNU C 4.7.4 20130913 (release) [ARM/embedded-4_7-br"
 221      4320342E 
 221      372E3420 
 221      32303133 
 221      30393133 
 222 014f 616E6368 		.ascii	"anch revision 202601]\000"
 222      20726576 
 222      6973696F 
 222      6E203230 
 222      32363031 
 223              	.LASF15:
 224 0165 696E7433 		.ascii	"int32_t\000"
 224      325F7400 
 225              	.LASF10:
 226 016d 73697A65 		.ascii	"sizetype\000"
 226      74797065 
 226      00
ARM GAS  C:\Users\jenny\AppData\Local\Temp\cceeuVgt.s 			page 6


 227              		.ident	"GCC: (GNU Tools for ARM Embedded Processors) 4.7.4 20130913 (release) [ARM/embedded-4_7-br
ARM GAS  C:\Users\jenny\AppData\Local\Temp\cceeuVgt.s 			page 7


DEFINED SYMBOLS
                            *ABS*:00000000 rtc_lld.c

NO UNDEFINED SYMBOLS
