make -k all 
.compiling
arm-none-eabi-gcc -Wall -fno-common -c -g -O0 -I./ -DTRACE_LEVEL=4 -o obj/main.o main.c
.assembling
arm-none-eabi-as -g -mapcs-32 -o obj/crt.o crt.s
..linking
arm-none-eabi-ld -g -v -Map ./main.map -TLPC-P2106_flash.cmd -o ./main.out obj/main.o obj/crt.o 
GNU ld (GNU Binutils) 2.20.1.20100303
arm-none-eabi-objcopy -O binary ./main.out ./main.bin
arm-none-eabi-objdump -x --syms ./main.out

./main.out:     file format elf32-littlearm
./main.out
architecture: arm, flags 0x00000112:
EXEC_P, HAS_SYMS, D_PAGED
start address 0x00000000

Program Header:
    LOAD off    0x00008000 vaddr 0x00000000 paddr 0x00000000 align 2**15
         filesz 0x000004c4 memsz 0x000004c4 flags r-x
private flags = 5000000: [Version5 EABI]

Sections:
Idx Name          Size      VMA       LMA       File off  Algn
  0 .text         000004c4  00000000  00000000  00008000  2**2
                  CONTENTS, ALLOC, LOAD, READONLY, CODE
  1 .debug_abbrev 00000070  00000000  00000000  000084c4  2**0
                  CONTENTS, READONLY, DEBUGGING
  2 .debug_info   0000011c  00000000  00000000  00008534  2**0
                  CONTENTS, READONLY, DEBUGGING
  3 .debug_line   000000e8  00000000  00000000  00008650  2**0
                  CONTENTS, READONLY, DEBUGGING
  4 .debug_loc    000000fc  00000000  00000000  00008738  2**0
                  CONTENTS, READONLY, DEBUGGING
  5 .debug_pubnames 0000006c  00000000  00000000  00008834  2**0
                  CONTENTS, READONLY, DEBUGGING
  6 .debug_aranges 00000040  00000000  00000000  000088a0  2**3
                  CONTENTS, READONLY, DEBUGGING
  7 .debug_str    00000083  00000000  00000000  000088e0  2**0
                  CONTENTS, READONLY, DEBUGGING
  8 .comment      00000011  00000000  00000000  00008963  2**0
                  CONTENTS, READONLY
  9 .ARM.attributes 0000002e  00000000  00000000  00008974  2**0
                  CONTENTS, READONLY
 10 .debug_frame  000000a0  00000000  00000000  000089a4  2**2
                  CONTENTS, READONLY, DEBUGGING
SYMBOL TABLE:
00000000 l    d  .text	00000000 .text
00000000 l    d  .debug_abbrev	00000000 .debug_abbrev
00000000 l    d  .debug_info	00000000 .debug_info
00000000 l    d  .debug_line	00000000 .debug_line
00000000 l    d  .debug_loc	00000000 .debug_loc
00000000 l    d  .debug_pubnames	00000000 .debug_pubnames
00000000 l    d  .debug_aranges	00000000 .debug_aranges
00000000 l    d  .debug_str	00000000 .debug_str
00000000 l    d  .comment	00000000 .comment
00000000 l    d  .ARM.attributes	00000000 .ARM.attributes
00000000 l    d  .debug_frame	00000000 .debug_frame
00000004 l       *ABS*	00000000 UND_STACK_SIZE
00000004 l       *ABS*	00000000 ABT_STACK_SIZE
00000004 l       *ABS*	00000000 FIQ_STACK_SIZE
00000004 l       *ABS*	00000000 IRQ_STACK_SIZE
00000004 l       *ABS*	00000000 SVC_STACK_SIZE
00000010 l       *ABS*	00000000 MODE_USR
00000011 l       *ABS*	00000000 MODE_FIQ
00000012 l       *ABS*	00000000 MODE_IRQ
00000013 l       *ABS*	00000000 MODE_SVC
00000017 l       *ABS*	00000000 MODE_ABT
0000001b l       *ABS*	00000000 MODE_UND
0000001f l       *ABS*	00000000 MODE_SYS
00000080 l       *ABS*	00000000 I_BIT
00000040 l       *ABS*	00000000 F_BIT
00000000 l       .text	00000000 _vectors
00000020 l       .text	00000000 Reset_Addr
00000024 l       .text	00000000 Undef_Addr
00000028 l       .text	00000000 SWI_Addr
0000002c l       .text	00000000 PAbt_Addr
00000030 l       .text	00000000 DAbt_Addr
00000038 l       .text	00000000 FIQ_Addr
00000034 l       .text	00000000 IRQ_Addr
00000000 l    df *ABS*	00000000 main.c
000004b8 g     F .text	0000000c UNDEF_Routine
000004c4 g       .text	00000000 _etext
40000000 g       .text	00000000 _bss_start
000004ac g     F .text	0000000c SWI_Routine
00000000 g       .text	00000000 _startup
40000000 g       *ABS*	00000000 _bss_end
00000200 g       .text	00000000 Reset_Handler
000004a4 g     F .text	00000008 FIQ_Routine
00000298 g     F .text	000000a8 main
4000fedc g       *ABS*	00000000 _stack_end
00000498 g     F .text	0000000c IRQ_Routine
40000000 g       .text	00000000 _data
40000000 g       .text	00000000 _edata
40000000 g       *ABS*	00000000 _end
00000264 g       .text	00000000 IniBssSection
00000340 g     F .text	00000158 Initialize
00000248 g       .text	00000000 IniDataSection


...completed.
