
**** Clean-only build of configuration Debug for project SAM7-EX256-cdc_FLASH ****

make clean 

-------- begin (mode: ROM_RUN) --------

Cleaning project:
rm -f main.out
rm -f main.hex
rm -f main.bin
rm -f main.obj
rm -f main.elf
rm -f main.map
rm -f main.obj
rm -f main.a90
rm -f main.sym
rm -f main.lnk
rm -f main.lss
rm -f Compil/srcWinARM/Cstartup_SAM7.o swi_handler_user.o main.o cdc_enumerate.o interrupt_Usart.o 
rm -f  
rm -f 
rm -f 
rm -f 
rm -f Compil/srcWinARM/Cstartup.o Compil/srcWinARM/swi_handler.o
rm -f  Compil/srcWinARM/Cstartup.lst Compil/srcWinARM/swi_handler.lst Compil/srcWinARM/Cstartup_SAM7.lst swi_handler_user.lst main.lst cdc_enumerate.lst interrupt_Usart.lst   
rm -f Compil/srcWinARM/Cstartup_SAM7.s swi_handler_user.s main.s cdc_enumerate.s interrupt_Usart.s
rm -f Compil/srcWinARM/Cstartup_SAM7.d swi_handler_user.d main.d cdc_enumerate.d interrupt_Usart.d
rm -f 
rm -f 
rm -f  
rm -f 
rm -f  
rm -f 
rm -f .dep/*
Errors: none
-------- end --------

