make -k clean 

-------- begin (mode: ROM_RUN) --------

Cleaning project:
rm -f main.hex
rm -f main.bin
rm -f main.obj
rm -f main.elf
rm -f main.map
rm -f main.obj
rm -f main.a90
rm -f main.sym
rm -f main.lnk
rm -f main.lss
rm -f Compil/srcWinARM/Cstartup_SAM7.o swi_handler_user.o main.o system.o lcd.o 
rm -f  
rm -f 
rm -f 
rm -f 
rm -f Compil/srcWinARM/Cstartup.o Compil/srcWinARM/swi_handler.o
rm -f  Compil/srcWinARM/Cstartup.lst Compil/srcWinARM/swi_handler.lst Compil/srcWinARM/Cstartup_SAM7.lst swi_handler_user.lst main.lst system.lst lcd.lst   
rm -f Compil/srcWinARM/Cstartup_SAM7.s swi_handler_user.s main.s system.s lcd.s
rm -f Compil/srcWinARM/Cstartup_SAM7.d swi_handler_user.d main.d system.d lcd.d
rm -f 
rm -f 
rm -f  
rm -f 
rm -f  
rm -f 
rm -f .dep/*
Errors: none
-------- end --------

